selscan v3.0.1
/home/ww/biosoft/selscan --xpehh --pmap --vcf work/phased_popA/chr17.vcf.gz --vcf-ref work/phased_popB/chr17.vcf.gz --map work/chr/chr17.map --out work/results/chr17 --threads 4 
Opening work/phased_popA/chr17.vcf.gz to count number of haplotypes and loci...
The two VCF files contain the same number of loci. Calculations are performed assuming they represent the same set of loci.
After filtering, 3594 loci remain in query VCF.
After filtering, 3594 loci remain in reference VCF.
Loading 130 haplotypes and 3594 loci.
XP mode: MAF-based filtering is disabled.
Done removing 0 loci due to duplicate positions.
====
Loading 152 haplotypes and 3594 loci.
XP mode: MAF-based filtering is disabled.
Done removing 0 loci due to duplicate positions.
====
Input file loaded in 0.014462 s.
=====

v3.0.1
Calculating XP-EHH.
=====
Input (VCF) filename: work/phased_popA/chr17.vcf.gz
Reference input (VCF) filename: work/phased_popB/chr17.vcf.gz
Map filename: work/chr/chr17.map
Output file: work/results/chr17
Threads: 4
Scale parameter: 20000
Max gap parameter: 200000
EHH cutoff value: 0.05
Minimum MAF cutoff: 0.05
Phased: yes
Alt flag set: no
Starting XP-EHH calculations.
WARNING: Reached chromosome edge before EHH decayed below 0.05. 
Skipping calculation at position 152072 id: Gm17_152072
WARNING: Reached chromosome edge before EHH decayed below 0.05. 
Skipping calculation at position 288479 id: Gm17_288479
WARNING: Reached chromosome edge before EHH decayed below 0.05. 
Skipping calculation at position 394697 id: Gm17_394697
WARNING: Reached chromosome edge before EHH decayed below 0.05. 
Skipping calculation at position 383493 id: Gm17_383493
WARNING: Reached chromosome edge before EHH decayed below 0.05. 
Skipping calculation at position 394890 id: Gm17_394890
WARNING: Reached chromosome edge before EHH decayed below 0.05. 
Skipping calculation at position 389138 id: Gm17_389138
WARNING: Reached chromosome edge before EHH decayed below 0.05. 
Skipping calculation at position 395742 id: Gm17_395742
WARNING: Reached chromosome edge before EHH decayed below 0.05. 
Skipping calculation at position 395564 id: Gm17_395564
WARNING: Reached chromosome edge before EHH decayed below 0.05. 
Skipping calculation at position 422321 id: Gm17_422321
WARNING: Reached a gap of 380091bp > 200000bp. Skipping calculation at position 666229 id: Gm17_666229
WARNING: Reached a gap of 380091bp > 200000bp. Skipping calculation at position 667612 id: Gm17_667612
WARNING: Reached chromosome edge before EHH decayed below 0.05. 
Skipping calculation at position 496394 id: Gm17_496394
WARNING: Reached chromosome edge before EHH decayed below 0.05. 
Skipping calculation at position 477726 id: Gm17_477726
WARNING: Reached a gap of 380091bp > 200000bp. Skipping calculation at position 691607 id: Gm17_691607
WARNING: Reached a gap of 380091bp > 200000bp. Skipping calculation at position 708177 id: Gm17_708177
WARNING: Reached a gap of 380091bp > 200000bp. Skipping calculation at position 738989 id: Gm17_738989
WARNING: Reached a gap of 380091bp > 200000bp. Skipping calculation at position 759102 id: Gm17_759102
WARNING: Reached a gap of 380091bp > 200000bp. Skipping calculation at position 760957 id: Gm17_760957
WARNING: Reached a gap of 380091bp > 200000bp. Skipping calculation at position 795344 id: Gm17_795344
WARNING: Reached a gap of 380091bp > 200000bp. Skipping calculation at position 854732 id: Gm17_854732
WARNING: Reached a gap of 380091bp > 200000bp. Skipping calculation at position 823539 id: Gm17_823539
WARNING: Reached a gap of 380091bp > 200000bp. Skipping calculation at position 850171 id: Gm17_850171
WARNING: Reached a gap of 380091bp > 200000bp. Skipping calculation at position 855026 id: Gm17_855026
WARNING: Reached a gap of 380091bp > 200000bp. Skipping calculation at position 855043 id: Gm17_855043
WARNING: Reached a gap of 380091bp > 200000bp. Skipping calculation at position 855212 id: Gm17_855212
WARNING: Reached a gap of 380091bp > 200000bp. Skipping calculation at position 855288 id: Gm17_855288
WARNING: Reached a gap of 380091bp > 200000bp. Skipping calculation at position 855321 id: Gm17_855321
WARNING: Reached a gap of 380091bp > 200000bp. Skipping calculation at position 856035 id: Gm17_856035
WARNING: Reached a gap of 380091bp > 200000bp. Skipping calculation at position 856283 id: Gm17_856283
WARNING: Reached a gap of 380091bp > 200000bp. Skipping calculation at position 856532 id: Gm17_856532
WARNING: Reached a gap of 380091bp > 200000bp. Skipping calculation at position 882135 id: Gm17_882135
WARNING: Reached a gap of 380091bp > 200000bp. Skipping calculation at position 910402 id: Gm17_910402
WARNING: Reached a gap of 380091bp > 200000bp. Skipping calculation at position 957505 id: Gm17_957505
WARNING: Reached a gap of 380091bp > 200000bp. Skipping calculation at position 1138628 id: Gm17_1138628
WARNING: Reached a gap of 380091bp > 200000bp. Skipping calculation at position 1200867 id: Gm17_1200867
WARNING: Reached a gap of 380091bp > 200000bp. Skipping calculation at position 1421185 id: Gm17_1421185
WARNING: Reached a gap of 380091bp > 200000bp. Skipping calculation at position 1343233 id: Gm17_1343233
WARNING: Reached a gap of 380091bp > 200000bp. Skipping calculation at position 1426143 id: Gm17_1426143
WARNING: Reached a gap of 380091bp > 200000bp. Skipping calculation at position 1335884 id: Gm17_1335884
WARNING: Reached a gap of 380091bp > 200000bp. Skipping calculation at position 1429105 id: Gm17_1429105
WARNING: Reached a gap of 380091bp > 200000bp. Skipping calculation at position 1441523 id: Gm17_1441523
WARNING: Reached a gap of 380091bp > 200000bp. Skipping calculation at position 1441703 id: Gm17_1441703
WARNING: Reached a gap of 380091bp > 200000bp. Skipping calculation at position 1448656 id: Gm17_1448656
WARNING: Reached a gap of 256260bp > 200000bp. Skipping calculation at position 1935761 id: Gm17_1935761
WARNING: Reached a gap of 380091bp > 200000bp. Skipping calculation at position 1555670 id: Gm17_1555670
WARNING: Reached a gap of 256260bp > 200000bp. Skipping calculation at position 1965101 id: Gm17_1965101
WARNING: Reached a gap of 256260bp > 200000bp. Skipping calculation at position 1965172 id: Gm17_1965172
WARNING: Reached a gap of 531541bp > 200000bp. Skipping calculation at position 2221432 id: Gm17_2221432
WARNING: Reached a gap of 531541bp > 200000bp. Skipping calculation at position 2225747 id: Gm17_2225747
WARNING: Reached a gap of 531541bp > 200000bp. Skipping calculation at position 2239579 id: Gm17_2239579
WARNING: Reached a gap of 531541bp > 200000bp. Skipping calculation at position 2304748 id: Gm17_2304748
WARNING: Reached a gap of 531541bp > 200000bp. Skipping calculation at position 2240289 id: Gm17_2240289
WARNING: Reached a gap of 531541bp > 200000bp. Skipping calculation at position 2366788 id: Gm17_2366788
WARNING: Reached a gap of 531541bp > 200000bp. Skipping calculation at position 2366821 id: Gm17_2366821
WARNING: Reached a gap of 531541bp > 200000bp. Skipping calculation at position 2368873 id: Gm17_2368873
WARNING: Reached a gap of 531541bp > 200000bp. Skipping calculation at position 2377710 id: Gm17_2377710
WARNING: Reached a gap of 531541bp > 200000bp. Skipping calculation at position 2369641 id: Gm17_2369641
WARNING: Reached a gap of 531541bp > 200000bp. Skipping calculation at position 2380084 id: Gm17_2380084
WARNING: Reached a gap of 531541bp > 200000bp. Skipping calculation at position 2380295 id: Gm17_2380295
WARNING: Reached a gap of 531541bp > 200000bp. Skipping calculation at position 2397628 id: Gm17_2397628
WARNING: Reached a gap of 531541bp > 200000bp. Skipping calculation at position 2399356 id: Gm17_2399356
WARNING: Reached a gap of 531541bp > 200000bp. Skipping calculation at position 2417802 id: Gm17_2417802
WARNING: Reached a gap of 531541bp > 200000bp. Skipping calculation at position 2421785 id: Gm17_2421785
WARNING: Reached a gap of 531541bp > 200000bp. Skipping calculation at position 2421707 id: Gm17_2421707
WARNING: Reached a gap of 531541bp > 200000bp. Skipping calculation at position 2421987 id: Gm17_2421987
WARNING: Reached a gap of 531541bp > 200000bp. Skipping calculation at position 2422009 id: Gm17_2422009
WARNING: Reached a gap of 531541bp > 200000bp. Skipping calculation at position 2432698 id: Gm17_2432698
WARNING: Reached a gap of 531541bp > 200000bp. Skipping calculation at position 2432467 id: Gm17_2432467
WARNING: Reached a gap of 531541bp > 200000bp. Skipping calculation at position 2437182 id: Gm17_2437182
WARNING: Reached a gap of 531541bp > 200000bp. Skipping calculation at position 2455164 id: Gm17_2455164
WARNING: Reached a gap of 531541bp > 200000bp. Skipping calculation at position 2455153 id: Gm17_2455153
WARNING: Reached a gap of 531541bp > 200000bp. Skipping calculation at position 2509603 id: Gm17_2509603
WARNING: Reached a gap of 531541bp > 200000bp. Skipping calculation at position 2509562 id: Gm17_2509562
WARNING: Reached a gap of 531541bp > 200000bp. Skipping calculation at position 2455196 id: Gm17_2455196
WARNING: Reached a gap of 531541bp > 200000bp. Skipping calculation at position 2462917 id: Gm17_2462917
WARNING: Reached a gap of 531541bp > 200000bp. Skipping calculation at position 3041144 id: Gm17_3041144
WARNING: Reached a gap of 531541bp > 200000bp. Skipping calculation at position 3042567 id: Gm17_3042567
WARNING: Reached a gap of 531541bp > 200000bp. Skipping calculation at position 3162077 id: Gm17_3162077
WARNING: Reached a gap of 531541bp > 200000bp. Skipping calculation at position 3153860 id: Gm17_3153860
WARNING: Reached a gap of 531541bp > 200000bp. Skipping calculation at position 3171065 id: Gm17_3171065
WARNING: Reached a gap of 531541bp > 200000bp. Skipping calculation at position 3171084 id: Gm17_3171084
WARNING: Reached a gap of 531541bp > 200000bp. Skipping calculation at position 3223904 id: Gm17_3223904
WARNING: Reached a gap of 531541bp > 200000bp. Skipping calculation at position 3224540 id: Gm17_3224540
WARNING: Reached a gap of 531541bp > 200000bp. Skipping calculation at position 3230655 id: Gm17_3230655
WARNING: Reached a gap of 531541bp > 200000bp. Skipping calculation at position 3262888 id: Gm17_3262888
WARNING: Reached a gap of 531541bp > 200000bp. Skipping calculation at position 3263148 id: Gm17_3263148
WARNING: Reached a gap of 531541bp > 200000bp. Skipping calculation at position 3266158 id: Gm17_3266158
WARNING: Reached a gap of 531541bp > 200000bp. Skipping calculation at position 3266317 id: Gm17_3266317
WARNING: Reached a gap of 531541bp > 200000bp. Skipping calculation at position 3377478 id: Gm17_3377478
WARNING: Reached a gap of 531541bp > 200000bp. Skipping calculation at position 3417781 id: Gm17_3417781
WARNING: Reached a gap of 531541bp > 200000bp. Skipping calculation at position 3419645 id: Gm17_3419645
WARNING: Reached a gap of 531541bp > 200000bp. Skipping calculation at position 3419939 id: Gm17_3419939
WARNING: Reached a gap of 531541bp > 200000bp. Skipping calculation at position 3420912 id: Gm17_3420912
WARNING: Reached a gap of 531541bp > 200000bp. Skipping calculation at position 3421227 id: Gm17_3421227
WARNING: Reached a gap of 531541bp > 200000bp. Skipping calculation at position 3420961 id: Gm17_3420961
WARNING: Reached a gap of 531541bp > 200000bp. Skipping calculation at position 3421253 id: Gm17_3421253
WARNING: Reached a gap of 531541bp > 200000bp. Skipping calculation at position 3495127 id: Gm17_3495127
WARNING: Reached a gap of 531541bp > 200000bp. Skipping calculation at position 3495148 id: Gm17_3495148
WARNING: Reached a gap of 531541bp > 200000bp. Skipping calculation at position 3498975 id: Gm17_3498975
WARNING: Reached a gap of 531541bp > 200000bp. Skipping calculation at position 3499304 id: Gm17_3499304
WARNING: Reached a gap of 531541bp > 200000bp. Skipping calculation at position 3499318 id: Gm17_3499318
WARNING: Reached a gap of 531541bp > 200000bp. Skipping calculation at position 3510152 id: Gm17_3510152
WARNING: Reached a gap of 531541bp > 200000bp. Skipping calculation at position 3510203 id: Gm17_3510203
WARNING: Reached a gap of 531541bp > 200000bp. Skipping calculation at position 3520036 id: Gm17_3520036
WARNING: Reached a gap of 531541bp > 200000bp. Skipping calculation at position 3523338 id: Gm17_3523338
WARNING: Reached a gap of 531541bp > 200000bp. Skipping calculation at position 3552201 id: Gm17_3552201
WARNING: Reached a gap of 531541bp > 200000bp. Skipping calculation at position 3568732 id: Gm17_3568732
WARNING: Reached a gap of 531541bp > 200000bp. Skipping calculation at position 3581268 id: Gm17_3581268
WARNING: Reached a gap of 531541bp > 200000bp. Skipping calculation at position 3581322 id: Gm17_3581322
WARNING: Reached a gap of 531541bp > 200000bp. Skipping calculation at position 3581905 id: Gm17_3581905
WARNING: Reached a gap of 531541bp > 200000bp. Skipping calculation at position 3775331 id: Gm17_3775331
WARNING: Reached a gap of 531541bp > 200000bp. Skipping calculation at position 3865640 id: Gm17_3865640
WARNING: Reached a gap of 531541bp > 200000bp. Skipping calculation at position 3865796 id: Gm17_3865796
WARNING: Reached a gap of 531541bp > 200000bp. Skipping calculation at position 3865853 id: Gm17_3865853
WARNING: Reached a gap of 531541bp > 200000bp. Skipping calculation at position 3865918 id: Gm17_3865918
WARNING: Reached a gap of 531541bp > 200000bp. Skipping calculation at position 3871226 id: Gm17_3871226
WARNING: Reached a gap of 531541bp > 200000bp. Skipping calculation at position 3895486 id: Gm17_3895486
WARNING: Reached a gap of 531541bp > 200000bp. Skipping calculation at position 3912195 id: Gm17_3912195
WARNING: Reached a gap of 531541bp > 200000bp. Skipping calculation at position 3912332 id: Gm17_3912332
WARNING: Reached a gap of 531541bp > 200000bp. Skipping calculation at position 3914449 id: Gm17_3914449
WARNING: Reached a gap of 531541bp > 200000bp. Skipping calculation at position 3920054 id: Gm17_3920054
WARNING: Reached a gap of 531541bp > 200000bp. Skipping calculation at position 3920060 id: Gm17_3920060
WARNING: Reached a gap of 531541bp > 200000bp. Skipping calculation at position 3962122 id: Gm17_3962122
WARNING: Reached a gap of 531541bp > 200000bp. Skipping calculation at position 4003431 id: Gm17_4003431
WARNING: Reached a gap of 252557bp > 200000bp. Skipping calculation at position 5346273 id: Gm17_5346273
WARNING: Reached a gap of 252557bp > 200000bp. Skipping calculation at position 5356816 id: Gm17_5356816
WARNING: Reached a gap of 252557bp > 200000bp. Skipping calculation at position 5356960 id: Gm17_5356960
WARNING: Reached a gap of 252557bp > 200000bp. Skipping calculation at position 5372539 id: Gm17_5372539
WARNING: Reached a gap of 252557bp > 200000bp. Skipping calculation at position 5425555 id: Gm17_5425555
WARNING: Reached a gap of 252557bp > 200000bp. Skipping calculation at position 5425774 id: Gm17_5425774
WARNING: Reached a gap of 252557bp > 200000bp. Skipping calculation at position 5425793 id: Gm17_5425793
WARNING: Reached a gap of 252557bp > 200000bp. Skipping calculation at position 5456133 id: Gm17_5456133
WARNING: Reached a gap of 252557bp > 200000bp. Skipping calculation at position 5524609 id: Gm17_5524609
WARNING: Reached a gap of 252557bp > 200000bp. Skipping calculation at position 5525081 id: Gm17_5525081
WARNING: Reached a gap of 252557bp > 200000bp. Skipping calculation at position 5525140 id: Gm17_5525140
WARNING: Reached a gap of 252557bp > 200000bp. Skipping calculation at position 5526010 id: Gm17_5526010
WARNING: Reached a gap of 252557bp > 200000bp. Skipping calculation at position 5526029 id: Gm17_5526029
WARNING: Reached a gap of 252557bp > 200000bp. Skipping calculation at position 5616890 id: Gm17_5616890
WARNING: Reached a gap of 252557bp > 200000bp. Skipping calculation at position 5533847 id: Gm17_5533847
WARNING: Reached a gap of 252557bp > 200000bp. Skipping calculation at position 5628119 id: Gm17_5628119
WARNING: Reached a gap of 252557bp > 200000bp. Skipping calculation at position 5628133 id: Gm17_5628133
WARNING: Reached a gap of 252557bp > 200000bp. Skipping calculation at position 5628148 id: Gm17_5628148
WARNING: Reached a gap of 252557bp > 200000bp. Skipping calculation at position 5658566 id: Gm17_5658566
WARNING: Reached a gap of 252557bp > 200000bp. Skipping calculation at position 5658592 id: Gm17_5658592
WARNING: Reached a gap of 252557bp > 200000bp. Skipping calculation at position 5684588 id: Gm17_5684588
WARNING: Reached a gap of 252557bp > 200000bp. Skipping calculation at position 5684624 id: Gm17_5684624
WARNING: Reached a gap of 252557bp > 200000bp. Skipping calculation at position 5684772 id: Gm17_5684772
WARNING: Reached a gap of 252557bp > 200000bp. Skipping calculation at position 5724258 id: Gm17_5724258
WARNING: Reached a gap of 252557bp > 200000bp. Skipping calculation at position 5724275 id: Gm17_5724275
WARNING: Reached a gap of 252557bp > 200000bp. Skipping calculation at position 5762020 id: Gm17_5762020
WARNING: Reached a gap of 252557bp > 200000bp. Skipping calculation at position 5762226 id: Gm17_5762226
WARNING: Reached a gap of 252557bp > 200000bp. Skipping calculation at position 5724501 id: Gm17_5724501
WARNING: Reached a gap of 252557bp > 200000bp. Skipping calculation at position 5762283 id: Gm17_5762283
WARNING: Reached a gap of 252557bp > 200000bp. Skipping calculation at position 5779922 id: Gm17_5779922
WARNING: Reached a gap of 252557bp > 200000bp. Skipping calculation at position 5793572 id: Gm17_5793572
WARNING: Reached a gap of 252557bp > 200000bp. Skipping calculation at position 5939123 id: Gm17_5939123
WARNING: Reached a gap of 252557bp > 200000bp. Skipping calculation at position 5952004 id: Gm17_5952004
WARNING: Reached a gap of 252557bp > 200000bp. Skipping calculation at position 5762548 id: Gm17_5762548
WARNING: Reached a gap of 252557bp > 200000bp. Skipping calculation at position 6001431 id: Gm17_6001431
WARNING: Reached a gap of 252557bp > 200000bp. Skipping calculation at position 5952053 id: Gm17_5952053
WARNING: Reached a gap of 252557bp > 200000bp. Skipping calculation at position 6124574 id: Gm17_6124574
WARNING: Reached a gap of 252557bp > 200000bp. Skipping calculation at position 6138216 id: Gm17_6138216
WARNING: Reached a gap of 252557bp > 200000bp. Skipping calculation at position 5808512 id: Gm17_5808512
WARNING: Reached a gap of 252557bp > 200000bp. Skipping calculation at position 6204035 id: Gm17_6204035
WARNING: Reached a gap of 252557bp > 200000bp. Skipping calculation at position 6138528 id: Gm17_6138528
WARNING: Reached a gap of 252557bp > 200000bp. Skipping calculation at position 6321674 id: Gm17_6321674
WARNING: Reached a gap of 252557bp > 200000bp. Skipping calculation at position 6321943 id: Gm17_6321943
WARNING: Reached a gap of 607250bp > 200000bp. Skipping calculation at position 6576906 id: Gm17_6576906
WARNING: Reached a gap of 607250bp > 200000bp. Skipping calculation at position 6577162 id: Gm17_6577162
WARNING: Reached a gap of 607250bp > 200000bp. Skipping calculation at position 6574500 id: Gm17_6574500
WARNING: Reached a gap of 607250bp > 200000bp. Skipping calculation at position 6684812 id: Gm17_6684812
WARNING: Reached a gap of 607250bp > 200000bp. Skipping calculation at position 6577175 id: Gm17_6577175
WARNING: Reached a gap of 607250bp > 200000bp. Skipping calculation at position 6704438 id: Gm17_6704438
WARNING: Reached a gap of 607250bp > 200000bp. Skipping calculation at position 6693513 id: Gm17_6693513
WARNING: Reached a gap of 607250bp > 200000bp. Skipping calculation at position 6734421 id: Gm17_6734421
WARNING: Reached a gap of 607250bp > 200000bp. Skipping calculation at position 6710952 id: Gm17_6710952
WARNING: Reached a gap of 607250bp > 200000bp. Skipping calculation at position 6734591 id: Gm17_6734591
WARNING: Reached a gap of 607250bp > 200000bp. Skipping calculation at position 6734426 id: Gm17_6734426
WARNING: Reached a gap of 607250bp > 200000bp. Skipping calculation at position 6734654 id: Gm17_6734654
WARNING: Reached a gap of 607250bp > 200000bp. Skipping calculation at position 6734798 id: Gm17_6734798
WARNING: Reached a gap of 607250bp > 200000bp. Skipping calculation at position 6734667 id: Gm17_6734667
WARNING: Reached a gap of 607250bp > 200000bp. Skipping calculation at position 6748150 id: Gm17_6748150
WARNING: Reached a gap of 607250bp > 200000bp. Skipping calculation at position 6777393 id: Gm17_6777393
WARNING: Reached a gap of 607250bp > 200000bp. Skipping calculation at position 6842400 id: Gm17_6842400
WARNING: Reached a gap of 607250bp > 200000bp. Skipping calculation at position 6883641 id: Gm17_6883641
WARNING: Reached a gap of 607250bp > 200000bp. Skipping calculation at position 6842385 id: Gm17_6842385
WARNING: Reached a gap of 607250bp > 200000bp. Skipping calculation at position 6883661 id: Gm17_6883661
WARNING: Reached a gap of 607250bp > 200000bp. Skipping calculation at position 6883854 id: Gm17_6883854
WARNING: Reached a gap of 558360bp > 200000bp. Skipping calculation at position 7491104 id: Gm17_7491104
WARNING: Reached a gap of 558360bp > 200000bp. Skipping calculation at position 7590819 id: Gm17_7590819
WARNING: Reached a gap of 558360bp > 200000bp. Skipping calculation at position 7590890 id: Gm17_7590890
WARNING: Reached a gap of 558360bp > 200000bp. Skipping calculation at position 7603992 id: Gm17_7603992
WARNING: Reached a gap of 558360bp > 200000bp. Skipping calculation at position 7604008 id: Gm17_7604008
WARNING: Reached a gap of 558360bp > 200000bp. Skipping calculation at position 7603802 id: Gm17_7603802
WARNING: Reached a gap of 558360bp > 200000bp. Skipping calculation at position 7712768 id: Gm17_7712768
WARNING: Reached a gap of 558360bp > 200000bp. Skipping calculation at position 7721556 id: Gm17_7721556
WARNING: Reached a gap of 558360bp > 200000bp. Skipping calculation at position 7754016 id: Gm17_7754016
WARNING: Reached a gap of 558360bp > 200000bp. Skipping calculation at position 7754048 id: Gm17_7754048
WARNING: Reached a gap of 558360bp > 200000bp. Skipping calculation at position 7736150 id: Gm17_7736150
WARNING: Reached a gap of 558360bp > 200000bp. Skipping calculation at position 8398489 id: Gm17_8398489
WARNING: Reached a gap of 558360bp > 200000bp. Skipping calculation at position 8312408 id: Gm17_8312408
WARNING: Reached a gap of 558360bp > 200000bp. Skipping calculation at position 8416127 id: Gm17_8416127
WARNING: Reached a gap of 558360bp > 200000bp. Skipping calculation at position 8416114 id: Gm17_8416114
WARNING: Reached a gap of 558360bp > 200000bp. Skipping calculation at position 8430195 id: Gm17_8430195
WARNING: Reached a gap of 558360bp > 200000bp. Skipping calculation at position 8463321 id: Gm17_8463321
WARNING: Reached a gap of 558360bp > 200000bp. Skipping calculation at position 8448235 id: Gm17_8448235
WARNING: Reached a gap of 558360bp > 200000bp. Skipping calculation at position 8464669 id: Gm17_8464669
WARNING: Reached a gap of 558360bp > 200000bp. Skipping calculation at position 8489518 id: Gm17_8489518
WARNING: Reached a gap of 558360bp > 200000bp. Skipping calculation at position 8471472 id: Gm17_8471472
WARNING: Reached a gap of 558360bp > 200000bp. Skipping calculation at position 8538558 id: Gm17_8538558
WARNING: Reached a gap of 558360bp > 200000bp. Skipping calculation at position 8566996 id: Gm17_8566996
WARNING: Reached a gap of 558360bp > 200000bp. Skipping calculation at position 8628714 id: Gm17_8628714
WARNING: Reached a gap of 558360bp > 200000bp. Skipping calculation at position 8628736 id: Gm17_8628736
WARNING: Reached a gap of 558360bp > 200000bp. Skipping calculation at position 8740078 id: Gm17_8740078
WARNING: Reached a gap of 558360bp > 200000bp. Skipping calculation at position 8741383 id: Gm17_8741383
WARNING: Reached a gap of 558360bp > 200000bp. Skipping calculation at position 8736233 id: Gm17_8736233
WARNING: Reached a gap of 558360bp > 200000bp. Skipping calculation at position 8782918 id: Gm17_8782918
WARNING: Reached a gap of 558360bp > 200000bp. Skipping calculation at position 8802447 id: Gm17_8802447
WARNING: Reached a gap of 558360bp > 200000bp. Skipping calculation at position 8821968 id: Gm17_8821968
WARNING: Reached a gap of 558360bp > 200000bp. Skipping calculation at position 8777266 id: Gm17_8777266
WARNING: Reached a gap of 304540bp > 200000bp. Skipping calculation at position 8879391 id: Gm17_8879391
WARNING: Reached a gap of 304540bp > 200000bp. Skipping calculation at position 8891564 id: Gm17_8891564
WARNING: Reached a gap of 304540bp > 200000bp. Skipping calculation at position 8893850 id: Gm17_8893850
WARNING: Reached a gap of 304540bp > 200000bp. Skipping calculation at position 8924785 id: Gm17_8924785
WARNING: Reached a gap of 304540bp > 200000bp. Skipping calculation at position 8948868 id: Gm17_8948868
WARNING: Reached a gap of 304540bp > 200000bp. Skipping calculation at position 8964854 id: Gm17_8964854
WARNING: Reached a gap of 304540bp > 200000bp. Skipping calculation at position 8981183 id: Gm17_8981183
WARNING: Reached a gap of 304540bp > 200000bp. Skipping calculation at position 8996754 id: Gm17_8996754
WARNING: Reached a gap of 304540bp > 200000bp. Skipping calculation at position 8980780 id: Gm17_8980780
WARNING: Reached a gap of 304540bp > 200000bp. Skipping calculation at position 9008265 id: Gm17_9008265
WARNING: Reached a gap of 304540bp > 200000bp. Skipping calculation at position 9162497 id: Gm17_9162497
WARNING: Reached a gap of 304540bp > 200000bp. Skipping calculation at position 9078832 id: Gm17_9078832
WARNING: Reached a gap of 304540bp > 200000bp. Skipping calculation at position 9183648 id: Gm17_9183648
WARNING: Reached a gap of 304540bp > 200000bp. Skipping calculation at position 9281863 id: Gm17_9281863
WARNING: Reached a gap of 304540bp > 200000bp. Skipping calculation at position 9307900 id: Gm17_9307900
WARNING: Reached a gap of 304540bp > 200000bp. Skipping calculation at position 9199085 id: Gm17_9199085
WARNING: Reached a gap of 304540bp > 200000bp. Skipping calculation at position 9323658 id: Gm17_9323658
WARNING: Reached a gap of 304540bp > 200000bp. Skipping calculation at position 9333916 id: Gm17_9333916
WARNING: Reached a gap of 304540bp > 200000bp. Skipping calculation at position 9366402 id: Gm17_9366402
WARNING: Reached a gap of 304540bp > 200000bp. Skipping calculation at position 9365903 id: Gm17_9365903
WARNING: Reached a gap of 304540bp > 200000bp. Skipping calculation at position 9327571 id: Gm17_9327571
WARNING: Reached a gap of 304540bp > 200000bp. Skipping calculation at position 9406768 id: Gm17_9406768
WARNING: Reached a gap of 304540bp > 200000bp. Skipping calculation at position 9406955 id: Gm17_9406955
WARNING: Reached a gap of 304540bp > 200000bp. Skipping calculation at position 9376310 id: Gm17_9376310
WARNING: Reached a gap of 304540bp > 200000bp. Skipping calculation at position 9428765 id: Gm17_9428765
WARNING: Reached a gap of 304540bp > 200000bp. Skipping calculation at position 9428953 id: Gm17_9428953
WARNING: Reached a gap of 304540bp > 200000bp. Skipping calculation at position 9504469 id: Gm17_9504469
WARNING: Reached a gap of 304540bp > 200000bp. Skipping calculation at position 9504436 id: Gm17_9504436
WARNING: Reached a gap of 304540bp > 200000bp. Skipping calculation at position 9515705 id: Gm17_9515705
WARNING: Reached a gap of 304540bp > 200000bp. Skipping calculation at position 9523862 id: Gm17_9523862
WARNING: Reached a gap of 304540bp > 200000bp. Skipping calculation at position 9609718 id: Gm17_9609718
WARNING: Reached a gap of 304540bp > 200000bp. Skipping calculation at position 9607314 id: Gm17_9607314
WARNING: Reached a gap of 304540bp > 200000bp. Skipping calculation at position 9769308 id: Gm17_9769308
WARNING: Reached a gap of 304540bp > 200000bp. Skipping calculation at position 9828163 id: Gm17_9828163
WARNING: Reached a gap of 304540bp > 200000bp. Skipping calculation at position 9609422 id: Gm17_9609422
WARNING: Reached a gap of 274408bp > 200000bp. Skipping calculation at position 10238927 id: Gm17_10238927
WARNING: Reached a gap of 274408bp > 200000bp. Skipping calculation at position 10289136 id: Gm17_10289136
WARNING: Reached a gap of 274408bp > 200000bp. Skipping calculation at position 10132703 id: Gm17_10132703
WARNING: Reached a gap of 274408bp > 200000bp. Skipping calculation at position 10289179 id: Gm17_10289179
WARNING: Reached a gap of 274408bp > 200000bp. Skipping calculation at position 10335349 id: Gm17_10335349
WARNING: Reached a gap of 274408bp > 200000bp. Skipping calculation at position 10307455 id: Gm17_10307455
WARNING: Reached a gap of 274408bp > 200000bp. Skipping calculation at position 10424707 id: Gm17_10424707
WARNING: Reached a gap of 274408bp > 200000bp. Skipping calculation at position 10354530 id: Gm17_10354530
WARNING: Reached a gap of 274408bp > 200000bp. Skipping calculation at position 10424591 id: Gm17_10424591
WARNING: Reached a gap of 274408bp > 200000bp. Skipping calculation at position 10448374 id: Gm17_10448374
WARNING: Reached a gap of 274408bp > 200000bp. Skipping calculation at position 10543184 id: Gm17_10543184
WARNING: Reached a gap of 274408bp > 200000bp. Skipping calculation at position 10545621 id: Gm17_10545621
WARNING: Reached a gap of 274408bp > 200000bp. Skipping calculation at position 10687300 id: Gm17_10687300
WARNING: Reached a gap of 274408bp > 200000bp. Skipping calculation at position 10757114 id: Gm17_10757114
WARNING: Reached a gap of 274408bp > 200000bp. Skipping calculation at position 10693629 id: Gm17_10693629
WARNING: Reached a gap of 274408bp > 200000bp. Skipping calculation at position 10627108 id: Gm17_10627108
WARNING: Reached a gap of 274408bp > 200000bp. Skipping calculation at position 10793645 id: Gm17_10793645
WARNING: Reached a gap of 274408bp > 200000bp. Skipping calculation at position 10794350 id: Gm17_10794350
WARNING: Reached a gap of 274408bp > 200000bp. Skipping calculation at position 10794369 id: Gm17_10794369
WARNING: Reached a gap of 274408bp > 200000bp. Skipping calculation at position 10796641 id: Gm17_10796641
WARNING: Reached a gap of 274408bp > 200000bp. Skipping calculation at position 10812443 id: Gm17_10812443
WARNING: Reached a gap of 274408bp > 200000bp. Skipping calculation at position 10845990 id: Gm17_10845990
WARNING: Reached a gap of 274408bp > 200000bp. Skipping calculation at position 10892994 id: Gm17_10892994
WARNING: Reached a gap of 274408bp > 200000bp. Skipping calculation at position 10846293 id: Gm17_10846293
WARNING: Reached a gap of 274408bp > 200000bp. Skipping calculation at position 10845999 id: Gm17_10845999
WARNING: Reached a gap of 274408bp > 200000bp. Skipping calculation at position 10984096 id: Gm17_10984096
WARNING: Reached a gap of 274408bp > 200000bp. Skipping calculation at position 10983927 id: Gm17_10983927
WARNING: Reached a gap of 274408bp > 200000bp. Skipping calculation at position 10993616 id: Gm17_10993616
WARNING: Reached a gap of 274408bp > 200000bp. Skipping calculation at position 10996290 id: Gm17_10996290
WARNING: Reached a gap of 274408bp > 200000bp. Skipping calculation at position 11003595 id: Gm17_11003595
WARNING: Reached a gap of 228011bp > 200000bp. Skipping calculation at position 11278003 id: Gm17_11278003
WARNING: Reached a gap of 228011bp > 200000bp. Skipping calculation at position 11279130 id: Gm17_11279130
WARNING: Reached a gap of 228011bp > 200000bp. Skipping calculation at position 11291463 id: Gm17_11291463
WARNING: Reached a gap of 228011bp > 200000bp. Skipping calculation at position 11291328 id: Gm17_11291328
WARNING: Reached a gap of 228011bp > 200000bp. Skipping calculation at position 11291485 id: Gm17_11291485
WARNING: Reached a gap of 228011bp > 200000bp. Skipping calculation at position 11291536 id: Gm17_11291536
WARNING: Reached a gap of 228011bp > 200000bp. Skipping calculation at position 11291726 id: Gm17_11291726
WARNING: Reached a gap of 228011bp > 200000bp. Skipping calculation at position 11321407 id: Gm17_11321407
WARNING: Reached a gap of 228011bp > 200000bp. Skipping calculation at position 11367127 id: Gm17_11367127
WARNING: Reached a gap of 228011bp > 200000bp. Skipping calculation at position 11413594 id: Gm17_11413594
WARNING: Reached a gap of 228011bp > 200000bp. Skipping calculation at position 11428781 id: Gm17_11428781
WARNING: Reached a gap of 228011bp > 200000bp. Skipping calculation at position 11428554 id: Gm17_11428554
WARNING: Reached a gap of 228011bp > 200000bp. Skipping calculation at position 11413621 id: Gm17_11413621
WARNING: Reached a gap of 228011bp > 200000bp. Skipping calculation at position 11428821 id: Gm17_11428821
WARNING: Reached a gap of 228011bp > 200000bp. Skipping calculation at position 11430166 id: Gm17_11430166
WARNING: Reached a gap of 228011bp > 200000bp. Skipping calculation at position 11505453 id: Gm17_11505453
WARNING: Reached a gap of 228011bp > 200000bp. Skipping calculation at position 11531533 id: Gm17_11531533
WARNING: Reached a gap of 228011bp > 200000bp. Skipping calculation at position 11505705 id: Gm17_11505705
WARNING: Reached a gap of 228011bp > 200000bp. Skipping calculation at position 11534753 id: Gm17_11534753
WARNING: Reached a gap of 228011bp > 200000bp. Skipping calculation at position 11535225 id: Gm17_11535225
WARNING: Reached a gap of 228011bp > 200000bp. Skipping calculation at position 11534699 id: Gm17_11534699
WARNING: Reached a gap of 228011bp > 200000bp. Skipping calculation at position 11535281 id: Gm17_11535281
WARNING: Reached a gap of 228011bp > 200000bp. Skipping calculation at position 11537310 id: Gm17_11537310
WARNING: Reached a gap of 228011bp > 200000bp. Skipping calculation at position 11785529 id: Gm17_11785529
WARNING: Reached a gap of 228011bp > 200000bp. Skipping calculation at position 11785573 id: Gm17_11785573
WARNING: Reached a gap of 228011bp > 200000bp. Skipping calculation at position 11765321 id: Gm17_11765321
WARNING: Reached a gap of 228011bp > 200000bp. Skipping calculation at position 11785756 id: Gm17_11785756
WARNING: Reached a gap of 228011bp > 200000bp. Skipping calculation at position 11845093 id: Gm17_11845093
WARNING: Reached a gap of 228011bp > 200000bp. Skipping calculation at position 11849192 id: Gm17_11849192
WARNING: Reached a gap of 228011bp > 200000bp. Skipping calculation at position 11849212 id: Gm17_11849212
WARNING: Reached a gap of 228011bp > 200000bp. Skipping calculation at position 11879087 id: Gm17_11879087
WARNING: Reached a gap of 228011bp > 200000bp. Skipping calculation at position 11869253 id: Gm17_11869253
WARNING: Reached a gap of 228011bp > 200000bp. Skipping calculation at position 11879134 id: Gm17_11879134
WARNING: Reached a gap of 228011bp > 200000bp. Skipping calculation at position 11883787 id: Gm17_11883787
WARNING: Reached a gap of 228011bp > 200000bp. Skipping calculation at position 11921652 id: Gm17_11921652
WARNING: Reached a gap of 228011bp > 200000bp. Skipping calculation at position 11993097 id: Gm17_11993097
WARNING: Reached a gap of 228011bp > 200000bp. Skipping calculation at position 11993104 id: Gm17_11993104
WARNING: Reached a gap of 228011bp > 200000bp. Skipping calculation at position 11941643 id: Gm17_11941643
WARNING: Reached a gap of 228011bp > 200000bp. Skipping calculation at position 11995570 id: Gm17_11995570
WARNING: Reached a gap of 228011bp > 200000bp. Skipping calculation at position 11995902 id: Gm17_11995902
WARNING: Reached a gap of 228011bp > 200000bp. Skipping calculation at position 12029718 id: Gm17_12029718
WARNING: Reached a gap of 228011bp > 200000bp. Skipping calculation at position 12040317 id: Gm17_12040317
WARNING: Reached a gap of 228011bp > 200000bp. Skipping calculation at position 12054147 id: Gm17_12054147
WARNING: Reached a gap of 228011bp > 200000bp. Skipping calculation at position 12029749 id: Gm17_12029749
WARNING: Reached a gap of 228011bp > 200000bp. Skipping calculation at position 12187387 id: Gm17_12187387
WARNING: Reached a gap of 228011bp > 200000bp. Skipping calculation at position 12235176 id: Gm17_12235176
WARNING: Reached a gap of 228011bp > 200000bp. Skipping calculation at position 12296695 id: Gm17_12296695
WARNING: Reached a gap of 228011bp > 200000bp. Skipping calculation at position 12322865 id: Gm17_12322865
WARNING: Reached a gap of 228011bp > 200000bp. Skipping calculation at position 12316166 id: Gm17_12316166
WARNING: Reached a gap of 228011bp > 200000bp. Skipping calculation at position 12322889 id: Gm17_12322889
WARNING: Reached a gap of 228011bp > 200000bp. Skipping calculation at position 12344493 id: Gm17_12344493
WARNING: Reached a gap of 228011bp > 200000bp. Skipping calculation at position 12365407 id: Gm17_12365407
WARNING: Reached a gap of 228011bp > 200000bp. Skipping calculation at position 12372192 id: Gm17_12372192
WARNING: Reached a gap of 228011bp > 200000bp. Skipping calculation at position 12374423 id: Gm17_12374423
WARNING: Reached a gap of 228011bp > 200000bp. Skipping calculation at position 12365445 id: Gm17_12365445
WARNING: Reached a gap of 228011bp > 200000bp. Skipping calculation at position 12390373 id: Gm17_12390373
WARNING: Reached a gap of 228011bp > 200000bp. Skipping calculation at position 12390421 id: Gm17_12390421
WARNING: Reached a gap of 228011bp > 200000bp. Skipping calculation at position 12392999 id: Gm17_12392999
WARNING: Reached a gap of 228011bp > 200000bp. Skipping calculation at position 12477722 id: Gm17_12477722
WARNING: Reached a gap of 228011bp > 200000bp. Skipping calculation at position 12439723 id: Gm17_12439723
WARNING: Reached a gap of 228011bp > 200000bp. Skipping calculation at position 12493509 id: Gm17_12493509
WARNING: Reached a gap of 228011bp > 200000bp. Skipping calculation at position 12493627 id: Gm17_12493627
WARNING: Reached a gap of 228011bp > 200000bp. Skipping calculation at position 12506182 id: Gm17_12506182
WARNING: Reached a gap of 228011bp > 200000bp. Skipping calculation at position 12508773 id: Gm17_12508773
WARNING: Reached a gap of 228011bp > 200000bp. Skipping calculation at position 12508824 id: Gm17_12508824
WARNING: Reached a gap of 228011bp > 200000bp. Skipping calculation at position 12506192 id: Gm17_12506192
WARNING: Reached a gap of 228011bp > 200000bp. Skipping calculation at position 12509341 id: Gm17_12509341
WARNING: Reached a gap of 228011bp > 200000bp. Skipping calculation at position 12509365 id: Gm17_12509365
WARNING: Reached a gap of 228011bp > 200000bp. Skipping calculation at position 12536257 id: Gm17_12536257
WARNING: Reached a gap of 228011bp > 200000bp. Skipping calculation at position 12600270 id: Gm17_12600270
WARNING: Reached a gap of 228011bp > 200000bp. Skipping calculation at position 12614730 id: Gm17_12614730
WARNING: Reached a gap of 228011bp > 200000bp. Skipping calculation at position 12536510 id: Gm17_12536510
WARNING: Reached a gap of 228011bp > 200000bp. Skipping calculation at position 12614743 id: Gm17_12614743
WARNING: Reached a gap of 228011bp > 200000bp. Skipping calculation at position 12614756 id: Gm17_12614756
WARNING: Reached a gap of 228011bp > 200000bp. Skipping calculation at position 12614769 id: Gm17_12614769
WARNING: Reached a gap of 228011bp > 200000bp. Skipping calculation at position 12614775 id: Gm17_12614775
WARNING: Reached a gap of 228011bp > 200000bp. Skipping calculation at position 12637322 id: Gm17_12637322
WARNING: Reached a gap of 228011bp > 200000bp. Skipping calculation at position 12674983 id: Gm17_12674983
WARNING: Reached a gap of 228011bp > 200000bp. Skipping calculation at position 12678466 id: Gm17_12678466
WARNING: Reached a gap of 228011bp > 200000bp. Skipping calculation at position 12688594 id: Gm17_12688594
WARNING: Reached a gap of 228011bp > 200000bp. Skipping calculation at position 12718457 id: Gm17_12718457
WARNING: Reached a gap of 228011bp > 200000bp. Skipping calculation at position 12688897 id: Gm17_12688897
WARNING: Reached a gap of 228011bp > 200000bp. Skipping calculation at position 12688643 id: Gm17_12688643
WARNING: Reached a gap of 228011bp > 200000bp. Skipping calculation at position 12730413 id: Gm17_12730413
WARNING: Reached a gap of 224572bp > 200000bp. Skipping calculation at position 28741011 id: Gm17_28741011
WARNING: Reached a gap of 224572bp > 200000bp. Skipping calculation at position 28741046 id: Gm17_28741046
WARNING: Reached a gap of 224572bp > 200000bp. Skipping calculation at position 28745782 id: Gm17_28745782
WARNING: Reached a gap of 224572bp > 200000bp. Skipping calculation at position 28754948 id: Gm17_28754948
WARNING: Reached a gap of 224572bp > 200000bp. Skipping calculation at position 28746074 id: Gm17_28746074
WARNING: Reached a gap of 224572bp > 200000bp. Skipping calculation at position 28746061 id: Gm17_28746061
WARNING: Reached a gap of 224572bp > 200000bp. Skipping calculation at position 28771659 id: Gm17_28771659
WARNING: Reached a gap of 224572bp > 200000bp. Skipping calculation at position 28802060 id: Gm17_28802060
WARNING: Reached a gap of 224572bp > 200000bp. Skipping calculation at position 28773662 id: Gm17_28773662
WARNING: Reached a gap of 224572bp > 200000bp. Skipping calculation at position 28831244 id: Gm17_28831244
WARNING: Reached a gap of 224572bp > 200000bp. Skipping calculation at position 28832219 id: Gm17_28832219
WARNING: Reached a gap of 224572bp > 200000bp. Skipping calculation at position 28835332 id: Gm17_28835332
WARNING: Reached a gap of 224572bp > 200000bp. Skipping calculation at position 28837428 id: Gm17_28837428
WARNING: Reached a gap of 224572bp > 200000bp. Skipping calculation at position 28831447 id: Gm17_28831447
WARNING: Reached a gap of 224572bp > 200000bp. Skipping calculation at position 28837436 id: Gm17_28837436
WARNING: Reached a gap of 224572bp > 200000bp. Skipping calculation at position 28853695 id: Gm17_28853695
WARNING: Reached a gap of 224572bp > 200000bp. Skipping calculation at position 28846951 id: Gm17_28846951
WARNING: Reached a gap of 224572bp > 200000bp. Skipping calculation at position 28853892 id: Gm17_28853892
WARNING: Reached a gap of 224572bp > 200000bp. Skipping calculation at position 28854758 id: Gm17_28854758
WARNING: Reached a gap of 224572bp > 200000bp. Skipping calculation at position 28854808 id: Gm17_28854808
WARNING: Reached a gap of 224572bp > 200000bp. Skipping calculation at position 28854843 id: Gm17_28854843
WARNING: Reached a gap of 224572bp > 200000bp. Skipping calculation at position 28854875 id: Gm17_28854875
WARNING: Reached a gap of 224572bp > 200000bp. Skipping calculation at position 28855887 id: Gm17_28855887
WARNING: Reached a gap of 224572bp > 200000bp. Skipping calculation at position 28867417 id: Gm17_28867417
WARNING: Reached a gap of 224572bp > 200000bp. Skipping calculation at position 28855908 id: Gm17_28855908
WARNING: Reached a gap of 224572bp > 200000bp. Skipping calculation at position 28867656 id: Gm17_28867656
WARNING: Reached a gap of 224572bp > 200000bp. Skipping calculation at position 28867704 id: Gm17_28867704
WARNING: Reached a gap of 224572bp > 200000bp. Skipping calculation at position 28892649 id: Gm17_28892649
WARNING: Reached a gap of 224572bp > 200000bp. Skipping calculation at position 28966429 id: Gm17_28966429
WARNING: Reached a gap of 224572bp > 200000bp. Skipping calculation at position 28966177 id: Gm17_28966177
WARNING: Reached a gap of 224572bp > 200000bp. Skipping calculation at position 28921426 id: Gm17_28921426
WARNING: Reached a gap of 224572bp > 200000bp. Skipping calculation at position 28982304 id: Gm17_28982304
WARNING: Reached a gap of 224572bp > 200000bp. Skipping calculation at position 28982311 id: Gm17_28982311
WARNING: Reached a gap of 224572bp > 200000bp. Skipping calculation at position 28982427 id: Gm17_28982427
WARNING: Reached a gap of 224572bp > 200000bp. Skipping calculation at position 29033970 id: Gm17_29033970
WARNING: Reached a gap of 224572bp > 200000bp. Skipping calculation at position 29034214 id: Gm17_29034214
WARNING: Reached a gap of 224572bp > 200000bp. Skipping calculation at position 29025146 id: Gm17_29025146
WARNING: Reached a gap of 224572bp > 200000bp. Skipping calculation at position 29047381 id: Gm17_29047381
WARNING: Reached a gap of 224572bp > 200000bp. Skipping calculation at position 29047410 id: Gm17_29047410
WARNING: Reached a gap of 224572bp > 200000bp. Skipping calculation at position 29047422 id: Gm17_29047422
WARNING: Reached a gap of 224572bp > 200000bp. Skipping calculation at position 29047705 id: Gm17_29047705
WARNING: Reached a gap of 224572bp > 200000bp. Skipping calculation at position 29050614 id: Gm17_29050614
WARNING: Reached a gap of 224572bp > 200000bp. Skipping calculation at position 29047728 id: Gm17_29047728
WARNING: Reached a gap of 224572bp > 200000bp. Skipping calculation at position 29050887 id: Gm17_29050887
WARNING: Reached a gap of 224572bp > 200000bp. Skipping calculation at position 29065547 id: Gm17_29065547
WARNING: Reached a gap of 224572bp > 200000bp. Skipping calculation at position 29074726 id: Gm17_29074726
WARNING: Reached a gap of 224572bp > 200000bp. Skipping calculation at position 29078837 id: Gm17_29078837
WARNING: Reached a gap of 224572bp > 200000bp. Skipping calculation at position 29094923 id: Gm17_29094923
WARNING: Reached a gap of 224572bp > 200000bp. Skipping calculation at position 29075060 id: Gm17_29075060
WARNING: Reached a gap of 224572bp > 200000bp. Skipping calculation at position 29095249 id: Gm17_29095249
WARNING: Reached a gap of 224572bp > 200000bp. Skipping calculation at position 29095257 id: Gm17_29095257
WARNING: Reached a gap of 224572bp > 200000bp. Skipping calculation at position 29096940 id: Gm17_29096940
WARNING: Reached a gap of 224572bp > 200000bp. Skipping calculation at position 29108878 id: Gm17_29108878
WARNING: Reached a gap of 224572bp > 200000bp. Skipping calculation at position 29116433 id: Gm17_29116433
WARNING: Reached a gap of 224572bp > 200000bp. Skipping calculation at position 29115178 id: Gm17_29115178
WARNING: Reached a gap of 224572bp > 200000bp. Skipping calculation at position 29112046 id: Gm17_29112046
WARNING: Reached a gap of 224572bp > 200000bp. Skipping calculation at position 29116600 id: Gm17_29116600
WARNING: Reached a gap of 224572bp > 200000bp. Skipping calculation at position 29119132 id: Gm17_29119132
WARNING: Reached a gap of 224572bp > 200000bp. Skipping calculation at position 29119454 id: Gm17_29119454
WARNING: Reached a gap of 224572bp > 200000bp. Skipping calculation at position 29119696 id: Gm17_29119696
WARNING: Reached a gap of 224572bp > 200000bp. Skipping calculation at position 29119532 id: Gm17_29119532
WARNING: Reached a gap of 224572bp > 200000bp. Skipping calculation at position 29153362 id: Gm17_29153362
WARNING: Reached a gap of 224572bp > 200000bp. Skipping calculation at position 29162420 id: Gm17_29162420
WARNING: Reached a gap of 224572bp > 200000bp. Skipping calculation at position 29162835 id: Gm17_29162835
WARNING: Reached a gap of 224572bp > 200000bp. Skipping calculation at position 29197278 id: Gm17_29197278
WARNING: Reached a gap of 224572bp > 200000bp. Skipping calculation at position 29259977 id: Gm17_29259977
WARNING: Reached a gap of 224572bp > 200000bp. Skipping calculation at position 29199317 id: Gm17_29199317
WARNING: Reached a gap of 224572bp > 200000bp. Skipping calculation at position 29272527 id: Gm17_29272527
WARNING: Reached a gap of 224572bp > 200000bp. Skipping calculation at position 29260149 id: Gm17_29260149
WARNING: Reached a gap of 224572bp > 200000bp. Skipping calculation at position 29279006 id: Gm17_29279006
WARNING: Reached a gap of 224572bp > 200000bp. Skipping calculation at position 29289987 id: Gm17_29289987
WARNING: Reached a gap of 224572bp > 200000bp. Skipping calculation at position 29346190 id: Gm17_29346190
WARNING: Reached a gap of 224572bp > 200000bp. Skipping calculation at position 29351979 id: Gm17_29351979
WARNING: Reached a gap of 224572bp > 200000bp. Skipping calculation at position 29281014 id: Gm17_29281014
WARNING: Reached a gap of 224572bp > 200000bp. Skipping calculation at position 29352727 id: Gm17_29352727
WARNING: Reached a gap of 224572bp > 200000bp. Skipping calculation at position 29352738 id: Gm17_29352738
WARNING: Reached a gap of 224572bp > 200000bp. Skipping calculation at position 29353043 id: Gm17_29353043
WARNING: Reached a gap of 224572bp > 200000bp. Skipping calculation at position 29353549 id: Gm17_29353549
WARNING: Reached a gap of 224572bp > 200000bp. Skipping calculation at position 29353798 id: Gm17_29353798
WARNING: Reached a gap of 224572bp > 200000bp. Skipping calculation at position 29355183 id: Gm17_29355183
WARNING: Reached a gap of 224572bp > 200000bp. Skipping calculation at position 29353566 id: Gm17_29353566
WARNING: Reached a gap of 224572bp > 200000bp. Skipping calculation at position 29363628 id: Gm17_29363628
WARNING: Reached a gap of 224572bp > 200000bp. Skipping calculation at position 29364687 id: Gm17_29364687
WARNING: Reached a gap of 224572bp > 200000bp. Skipping calculation at position 29355202 id: Gm17_29355202
WARNING: Reached a gap of 224572bp > 200000bp. Skipping calculation at position 29363821 id: Gm17_29363821
WARNING: Reached a gap of 224572bp > 200000bp. Skipping calculation at position 29372268 id: Gm17_29372268
WARNING: Reached a gap of 224572bp > 200000bp. Skipping calculation at position 29430786 id: Gm17_29430786
WARNING: Reached a gap of 224572bp > 200000bp. Skipping calculation at position 29446116 id: Gm17_29446116
WARNING: Reached a gap of 224572bp > 200000bp. Skipping calculation at position 29446440 id: Gm17_29446440
WARNING: Reached a gap of 224572bp > 200000bp. Skipping calculation at position 29446150 id: Gm17_29446150
WARNING: Reached a gap of 224572bp > 200000bp. Skipping calculation at position 29474241 id: Gm17_29474241
WARNING: Reached a gap of 224572bp > 200000bp. Skipping calculation at position 29484161 id: Gm17_29484161
WARNING: Reached a gap of 224572bp > 200000bp. Skipping calculation at position 29483945 id: Gm17_29483945
WARNING: Reached a gap of 224572bp > 200000bp. Skipping calculation at position 29488766 id: Gm17_29488766
WARNING: Reached a gap of 224572bp > 200000bp. Skipping calculation at position 29489089 id: Gm17_29489089
WARNING: Reached a gap of 224572bp > 200000bp. Skipping calculation at position 29499753 id: Gm17_29499753
WARNING: Reached a gap of 224572bp > 200000bp. Skipping calculation at position 29503412 id: Gm17_29503412
WARNING: Reached a gap of 224572bp > 200000bp. Skipping calculation at position 29503663 id: Gm17_29503663
WARNING: Reached a gap of 224572bp > 200000bp. Skipping calculation at position 29488818 id: Gm17_29488818
WARNING: Reached a gap of 224572bp > 200000bp. Skipping calculation at position 29504867 id: Gm17_29504867
WARNING: Reached a gap of 224572bp > 200000bp. Skipping calculation at position 29509853 id: Gm17_29509853
WARNING: Reached a gap of 224572bp > 200000bp. Skipping calculation at position 29509822 id: Gm17_29509822
WARNING: Reached a gap of 224572bp > 200000bp. Skipping calculation at position 29515390 id: Gm17_29515390
WARNING: Reached a gap of 224572bp > 200000bp. Skipping calculation at position 29519576 id: Gm17_29519576
WARNING: Reached a gap of 224572bp > 200000bp. Skipping calculation at position 29579853 id: Gm17_29579853
WARNING: Reached a gap of 224572bp > 200000bp. Skipping calculation at position 29542019 id: Gm17_29542019
WARNING: Reached a gap of 224572bp > 200000bp. Skipping calculation at position 29579614 id: Gm17_29579614
WARNING: Reached a gap of 224572bp > 200000bp. Skipping calculation at position 29655892 id: Gm17_29655892
WARNING: Reached a gap of 224572bp > 200000bp. Skipping calculation at position 29587200 id: Gm17_29587200
WARNING: Reached a gap of 224572bp > 200000bp. Skipping calculation at position 29685935 id: Gm17_29685935
WARNING: Reached a gap of 224572bp > 200000bp. Skipping calculation at position 29687910 id: Gm17_29687910
WARNING: Reached a gap of 224572bp > 200000bp. Skipping calculation at position 29687928 id: Gm17_29687928
WARNING: Reached a gap of 224572bp > 200000bp. Skipping calculation at position 29686199 id: Gm17_29686199
WARNING: Reached a gap of 224572bp > 200000bp. Skipping calculation at position 29724400 id: Gm17_29724400
WARNING: Reached a gap of 224572bp > 200000bp. Skipping calculation at position 29704002 id: Gm17_29704002
WARNING: Reached a gap of 224572bp > 200000bp. Skipping calculation at position 29724412 id: Gm17_29724412
WARNING: Reached a gap of 224572bp > 200000bp. Skipping calculation at position 29725157 id: Gm17_29725157
WARNING: Reached a gap of 224572bp > 200000bp. Skipping calculation at position 29725650 id: Gm17_29725650
WARNING: Reached a gap of 224572bp > 200000bp. Skipping calculation at position 29725679 id: Gm17_29725679
WARNING: Reached a gap of 224572bp > 200000bp. Skipping calculation at position 29726003 id: Gm17_29726003
WARNING: Reached a gap of 224572bp > 200000bp. Skipping calculation at position 29731074 id: Gm17_29731074
WARNING: Reached a gap of 224572bp > 200000bp. Skipping calculation at position 29731062 id: Gm17_29731062
WARNING: Reached a gap of 224572bp > 200000bp. Skipping calculation at position 29731121 id: Gm17_29731121
WARNING: Reached a gap of 224572bp > 200000bp. Skipping calculation at position 29731101 id: Gm17_29731101
WARNING: Reached a gap of 224572bp > 200000bp. Skipping calculation at position 29733179 id: Gm17_29733179
WARNING: Reached a gap of 224572bp > 200000bp. Skipping calculation at position 29733130 id: Gm17_29733130
WARNING: Reached a gap of 224572bp > 200000bp. Skipping calculation at position 29733955 id: Gm17_29733955
WARNING: Reached a gap of 224572bp > 200000bp. Skipping calculation at position 29734226 id: Gm17_29734226
WARNING: Reached a gap of 224572bp > 200000bp. Skipping calculation at position 29734723 id: Gm17_29734723
WARNING: Reached a gap of 224572bp > 200000bp. Skipping calculation at position 29734705 id: Gm17_29734705
WARNING: Reached a gap of 224572bp > 200000bp. Skipping calculation at position 29734212 id: Gm17_29734212
WARNING: Reached a gap of 224572bp > 200000bp. Skipping calculation at position 29959340 id: Gm17_29959340
WARNING: Reached a gap of 224572bp > 200000bp. Skipping calculation at position 29959295 id: Gm17_29959295
WARNING: Reached a gap of 224572bp > 200000bp. Skipping calculation at position 30035018 id: Gm17_30035018
WARNING: Reached a gap of 224572bp > 200000bp. Skipping calculation at position 29959579 id: Gm17_29959579
WARNING: Reached a gap of 224572bp > 200000bp. Skipping calculation at position 30056822 id: Gm17_30056822
WARNING: Reached a gap of 224572bp > 200000bp. Skipping calculation at position 30064468 id: Gm17_30064468
WARNING: Reached a gap of 224572bp > 200000bp. Skipping calculation at position 30075406 id: Gm17_30075406
WARNING: Reached a gap of 224572bp > 200000bp. Skipping calculation at position 30075425 id: Gm17_30075425
WARNING: Reached a gap of 224572bp > 200000bp. Skipping calculation at position 30075682 id: Gm17_30075682
WARNING: Reached a gap of 224572bp > 200000bp. Skipping calculation at position 30075725 id: Gm17_30075725
WARNING: Reached a gap of 224572bp > 200000bp. Skipping calculation at position 30130315 id: Gm17_30130315
WARNING: Reached a gap of 224572bp > 200000bp. Skipping calculation at position 30113130 id: Gm17_30113130
WARNING: Reached a gap of 224572bp > 200000bp. Skipping calculation at position 30141704 id: Gm17_30141704
WARNING: Reached a gap of 224572bp > 200000bp. Skipping calculation at position 30141691 id: Gm17_30141691
WARNING: Reached a gap of 224572bp > 200000bp. Skipping calculation at position 30141719 id: Gm17_30141719
WARNING: Reached a gap of 224572bp > 200000bp. Skipping calculation at position 30154483 id: Gm17_30154483
WARNING: Reached a gap of 224572bp > 200000bp. Skipping calculation at position 30154489 id: Gm17_30154489
WARNING: Reached a gap of 224572bp > 200000bp. Skipping calculation at position 30154495 id: Gm17_30154495
WARNING: Reached a gap of 224572bp > 200000bp. Skipping calculation at position 30154721 id: Gm17_30154721
WARNING: Reached a gap of 224572bp > 200000bp. Skipping calculation at position 30159183 id: Gm17_30159183
WARNING: Reached a gap of 224572bp > 200000bp. Skipping calculation at position 30154726 id: Gm17_30154726
WARNING: Reached a gap of 224572bp > 200000bp. Skipping calculation at position 30159487 id: Gm17_30159487
WARNING: Reached a gap of 224572bp > 200000bp. Skipping calculation at position 30159549 id: Gm17_30159549
WARNING: Reached a gap of 224572bp > 200000bp. Skipping calculation at position 30166898 id: Gm17_30166898
WARNING: Reached a gap of 224572bp > 200000bp. Skipping calculation at position 30159517 id: Gm17_30159517
WARNING: Reached a gap of 224572bp > 200000bp. Skipping calculation at position 30176296 id: Gm17_30176296
WARNING: Reached a gap of 224572bp > 200000bp. Skipping calculation at position 30166905 id: Gm17_30166905
WARNING: Reached a gap of 224572bp > 200000bp. Skipping calculation at position 30178263 id: Gm17_30178263
WARNING: Reached a gap of 224572bp > 200000bp. Skipping calculation at position 30178644 id: Gm17_30178644
WARNING: Reached a gap of 224572bp > 200000bp. Skipping calculation at position 30178386 id: Gm17_30178386
WARNING: Reached a gap of 224572bp > 200000bp. Skipping calculation at position 30232491 id: Gm17_30232491
WARNING: Reached a gap of 224572bp > 200000bp. Skipping calculation at position 30232503 id: Gm17_30232503
WARNING: Reached a gap of 224572bp > 200000bp. Skipping calculation at position 30232660 id: Gm17_30232660
WARNING: Reached a gap of 224572bp > 200000bp. Skipping calculation at position 30235653 id: Gm17_30235653
WARNING: Reached a gap of 224572bp > 200000bp. Skipping calculation at position 30246077 id: Gm17_30246077
WARNING: Reached a gap of 224572bp > 200000bp. Skipping calculation at position 30246357 id: Gm17_30246357
WARNING: Reached a gap of 224572bp > 200000bp. Skipping calculation at position 30246092 id: Gm17_30246092
WARNING: Reached a gap of 224572bp > 200000bp. Skipping calculation at position 30247871 id: Gm17_30247871
WARNING: Reached a gap of 224572bp > 200000bp. Skipping calculation at position 30258938 id: Gm17_30258938
WARNING: Reached a gap of 224572bp > 200000bp. Skipping calculation at position 30255566 id: Gm17_30255566
WARNING: Reached a gap of 224572bp > 200000bp. Skipping calculation at position 30274141 id: Gm17_30274141
WARNING: Reached a gap of 224572bp > 200000bp. Skipping calculation at position 30282017 id: Gm17_30282017
WARNING: Reached a gap of 224572bp > 200000bp. Skipping calculation at position 30281269 id: Gm17_30281269
WARNING: Reached a gap of 224572bp > 200000bp. Skipping calculation at position 30294584 id: Gm17_30294584
WARNING: Reached a gap of 224572bp > 200000bp. Skipping calculation at position 30285323 id: Gm17_30285323
WARNING: Reached a gap of 224572bp > 200000bp. Skipping calculation at position 30294801 id: Gm17_30294801
WARNING: Reached a gap of 224572bp > 200000bp. Skipping calculation at position 30296408 id: Gm17_30296408
WARNING: Reached a gap of 224572bp > 200000bp. Skipping calculation at position 30294811 id: Gm17_30294811
WARNING: Reached a gap of 224572bp > 200000bp. Skipping calculation at position 30305690 id: Gm17_30305690
WARNING: Reached a gap of 224572bp > 200000bp. Skipping calculation at position 30320765 id: Gm17_30320765
WARNING: Reached a gap of 224572bp > 200000bp. Skipping calculation at position 30305469 id: Gm17_30305469
WARNING: Reached a gap of 224572bp > 200000bp. Skipping calculation at position 30324777 id: Gm17_30324777
WARNING: Reached a gap of 224572bp > 200000bp. Skipping calculation at position 30325354 id: Gm17_30325354
WARNING: Reached a gap of 224572bp > 200000bp. Skipping calculation at position 30325075 id: Gm17_30325075
WARNING: Reached a gap of 224572bp > 200000bp. Skipping calculation at position 30325582 id: Gm17_30325582
WARNING: Reached a gap of 224572bp > 200000bp. Skipping calculation at position 30325622 id: Gm17_30325622
WARNING: Reached a gap of 224572bp > 200000bp. Skipping calculation at position 30404101 id: Gm17_30404101
WARNING: Reached a gap of 224572bp > 200000bp. Skipping calculation at position 30420675 id: Gm17_30420675
WARNING: Reached a gap of 224572bp > 200000bp. Skipping calculation at position 30420728 id: Gm17_30420728
WARNING: Reached a gap of 224572bp > 200000bp. Skipping calculation at position 30404302 id: Gm17_30404302
WARNING: Reached a gap of 224572bp > 200000bp. Skipping calculation at position 30404125 id: Gm17_30404125
WARNING: Reached a gap of 224572bp > 200000bp. Skipping calculation at position 30442663 id: Gm17_30442663
WARNING: Reached a gap of 224572bp > 200000bp. Skipping calculation at position 30421011 id: Gm17_30421011
WARNING: Reached a gap of 224572bp > 200000bp. Skipping calculation at position 30442679 id: Gm17_30442679
WARNING: Reached a gap of 224572bp > 200000bp. Skipping calculation at position 30466349 id: Gm17_30466349
WARNING: Reached a gap of 224572bp > 200000bp. Skipping calculation at position 30467765 id: Gm17_30467765
WARNING: Reached a gap of 224572bp > 200000bp. Skipping calculation at position 30442703 id: Gm17_30442703
WARNING: Reached a gap of 224572bp > 200000bp. Skipping calculation at position 30483739 id: Gm17_30483739
WARNING: Reached a gap of 224572bp > 200000bp. Skipping calculation at position 30508098 id: Gm17_30508098
WARNING: Reached a gap of 224572bp > 200000bp. Skipping calculation at position 30468074 id: Gm17_30468074
WARNING: Reached a gap of 224572bp > 200000bp. Skipping calculation at position 30530151 id: Gm17_30530151
WARNING: Reached a gap of 224572bp > 200000bp. Skipping calculation at position 30508122 id: Gm17_30508122
WARNING: Reached a gap of 224572bp > 200000bp. Skipping calculation at position 30539144 id: Gm17_30539144
WARNING: Reached a gap of 224572bp > 200000bp. Skipping calculation at position 30544648 id: Gm17_30544648
WARNING: Reached a gap of 224572bp > 200000bp. Skipping calculation at position 30544901 id: Gm17_30544901
WARNING: Reached a gap of 224572bp > 200000bp. Skipping calculation at position 30544908 id: Gm17_30544908
WARNING: Reached a gap of 224572bp > 200000bp. Skipping calculation at position 30545109 id: Gm17_30545109
WARNING: Reached a gap of 224572bp > 200000bp. Skipping calculation at position 30545071 id: Gm17_30545071
WARNING: Reached a gap of 224572bp > 200000bp. Skipping calculation at position 30570348 id: Gm17_30570348
WARNING: Reached a gap of 224572bp > 200000bp. Skipping calculation at position 30570116 id: Gm17_30570116
WARNING: Reached a gap of 224572bp > 200000bp. Skipping calculation at position 30570354 id: Gm17_30570354
WARNING: Reached a gap of 224572bp > 200000bp. Skipping calculation at position 30621254 id: Gm17_30621254
WARNING: Reached a gap of 224572bp > 200000bp. Skipping calculation at position 30616566 id: Gm17_30616566
WARNING: Reached a gap of 224572bp > 200000bp. Skipping calculation at position 30628957 id: Gm17_30628957
WARNING: Reached a gap of 224572bp > 200000bp. Skipping calculation at position 30623585 id: Gm17_30623585
WARNING: Reached a gap of 224572bp > 200000bp. Skipping calculation at position 30649958 id: Gm17_30649958
WARNING: Reached a gap of 224572bp > 200000bp. Skipping calculation at position 30657747 id: Gm17_30657747
WARNING: Reached a gap of 224572bp > 200000bp. Skipping calculation at position 30670802 id: Gm17_30670802
WARNING: Reached a gap of 224572bp > 200000bp. Skipping calculation at position 30657981 id: Gm17_30657981
WARNING: Reached a gap of 224572bp > 200000bp. Skipping calculation at position 30670444 id: Gm17_30670444
WARNING: Reached a gap of 224572bp > 200000bp. Skipping calculation at position 30671129 id: Gm17_30671129
WARNING: Reached a gap of 224572bp > 200000bp. Skipping calculation at position 30681425 id: Gm17_30681425
WARNING: Reached a gap of 224572bp > 200000bp. Skipping calculation at position 30698728 id: Gm17_30698728
WARNING: Reached a gap of 224572bp > 200000bp. Skipping calculation at position 30698355 id: Gm17_30698355
WARNING: Reached a gap of 224572bp > 200000bp. Skipping calculation at position 30698649 id: Gm17_30698649
WARNING: Reached a gap of 224572bp > 200000bp. Skipping calculation at position 30699040 id: Gm17_30699040
WARNING: Reached a gap of 224572bp > 200000bp. Skipping calculation at position 30730960 id: Gm17_30730960
WARNING: Reached a gap of 224572bp > 200000bp. Skipping calculation at position 30731147 id: Gm17_30731147
WARNING: Reached a gap of 224572bp > 200000bp. Skipping calculation at position 30731120 id: Gm17_30731120
WARNING: Reached a gap of 224572bp > 200000bp. Skipping calculation at position 30731336 id: Gm17_30731336
WARNING: Reached a gap of 224572bp > 200000bp. Skipping calculation at position 30731329 id: Gm17_30731329
WARNING: Reached a gap of 224572bp > 200000bp. Skipping calculation at position 30731840 id: Gm17_30731840
WARNING: Reached a gap of 224572bp > 200000bp. Skipping calculation at position 30733092 id: Gm17_30733092
WARNING: Reached a gap of 224572bp > 200000bp. Skipping calculation at position 30761803 id: Gm17_30761803
WARNING: Reached a gap of 224572bp > 200000bp. Skipping calculation at position 30732072 id: Gm17_30732072
WARNING: Reached a gap of 224572bp > 200000bp. Skipping calculation at position 30819279 id: Gm17_30819279
WARNING: Reached a gap of 224572bp > 200000bp. Skipping calculation at position 30803971 id: Gm17_30803971
WARNING: Reached a gap of 224572bp > 200000bp. Skipping calculation at position 30822712 id: Gm17_30822712
WARNING: Reached a gap of 224572bp > 200000bp. Skipping calculation at position 30840001 id: Gm17_30840001
WARNING: Reached a gap of 224572bp > 200000bp. Skipping calculation at position 30823176 id: Gm17_30823176
WARNING: Reached a gap of 224572bp > 200000bp. Skipping calculation at position 30841796 id: Gm17_30841796
WARNING: Reached a gap of 224572bp > 200000bp. Skipping calculation at position 30848600 id: Gm17_30848600
WARNING: Reached a gap of 224572bp > 200000bp. Skipping calculation at position 30840047 id: Gm17_30840047
WARNING: Reached a gap of 224572bp > 200000bp. Skipping calculation at position 30859284 id: Gm17_30859284
WARNING: Reached a gap of 224572bp > 200000bp. Skipping calculation at position 30880276 id: Gm17_30880276
WARNING: Reached a gap of 224572bp > 200000bp. Skipping calculation at position 30859251 id: Gm17_30859251
WARNING: Reached a gap of 224572bp > 200000bp. Skipping calculation at position 30888987 id: Gm17_30888987
WARNING: Reached a gap of 224572bp > 200000bp. Skipping calculation at position 30883484 id: Gm17_30883484
WARNING: Reached a gap of 224572bp > 200000bp. Skipping calculation at position 30889240 id: Gm17_30889240
WARNING: Reached a gap of 224572bp > 200000bp. Skipping calculation at position 30916684 id: Gm17_30916684
WARNING: Reached a gap of 224572bp > 200000bp. Skipping calculation at position 30913924 id: Gm17_30913924
WARNING: Reached a gap of 224572bp > 200000bp. Skipping calculation at position 30929915 id: Gm17_30929915
WARNING: Reached a gap of 224572bp > 200000bp. Skipping calculation at position 30945048 id: Gm17_30945048
WARNING: Reached a gap of 224572bp > 200000bp. Skipping calculation at position 30929750 id: Gm17_30929750
WARNING: Reached a gap of 209847bp > 200000bp. Skipping calculation at position 35229775 id: Gm17_35229775
WARNING: Reached a gap of 209847bp > 200000bp. Skipping calculation at position 35230917 id: Gm17_35230917
WARNING: Reached a gap of 209847bp > 200000bp. Skipping calculation at position 35231252 id: Gm17_35231252
WARNING: Reached a gap of 209847bp > 200000bp. Skipping calculation at position 35255739 id: Gm17_35255739
WARNING: Reached a gap of 209847bp > 200000bp. Skipping calculation at position 35255279 id: Gm17_35255279
WARNING: Reached a gap of 209847bp > 200000bp. Skipping calculation at position 35263458 id: Gm17_35263458
WARNING: Reached a gap of 209847bp > 200000bp. Skipping calculation at position 35281608 id: Gm17_35281608
WARNING: Reached a gap of 209847bp > 200000bp. Skipping calculation at position 35281627 id: Gm17_35281627
WARNING: Reached a gap of 209847bp > 200000bp. Skipping calculation at position 35255794 id: Gm17_35255794
WARNING: Reached a gap of 209847bp > 200000bp. Skipping calculation at position 35281836 id: Gm17_35281836
WARNING: Reached a gap of 209847bp > 200000bp. Skipping calculation at position 35282850 id: Gm17_35282850
WARNING: Reached a gap of 209847bp > 200000bp. Skipping calculation at position 35282881 id: Gm17_35282881
WARNING: Reached a gap of 209847bp > 200000bp. Skipping calculation at position 35296167 id: Gm17_35296167
WARNING: Reached a gap of 209847bp > 200000bp. Skipping calculation at position 35296219 id: Gm17_35296219
WARNING: Reached a gap of 209847bp > 200000bp. Skipping calculation at position 35351013 id: Gm17_35351013
WARNING: Reached a gap of 209847bp > 200000bp. Skipping calculation at position 35295995 id: Gm17_35295995
WARNING: Reached a gap of 209847bp > 200000bp. Skipping calculation at position 35352804 id: Gm17_35352804
WARNING: Reached a gap of 209847bp > 200000bp. Skipping calculation at position 35352821 id: Gm17_35352821
WARNING: Reached a gap of 209847bp > 200000bp. Skipping calculation at position 35381627 id: Gm17_35381627
WARNING: Reached a gap of 209847bp > 200000bp. Skipping calculation at position 35385127 id: Gm17_35385127
WARNING: Reached a gap of 209847bp > 200000bp. Skipping calculation at position 35385194 id: Gm17_35385194
WARNING: Reached a gap of 209847bp > 200000bp. Skipping calculation at position 35381978 id: Gm17_35381978
WARNING: Reached a gap of 209847bp > 200000bp. Skipping calculation at position 35385416 id: Gm17_35385416
WARNING: Reached a gap of 209847bp > 200000bp. Skipping calculation at position 35388451 id: Gm17_35388451
WARNING: Reached a gap of 209847bp > 200000bp. Skipping calculation at position 35388701 id: Gm17_35388701
WARNING: Reached a gap of 209847bp > 200000bp. Skipping calculation at position 35388746 id: Gm17_35388746
WARNING: Reached a gap of 209847bp > 200000bp. Skipping calculation at position 35406011 id: Gm17_35406011
WARNING: Reached a gap of 209847bp > 200000bp. Skipping calculation at position 35413081 id: Gm17_35413081
WARNING: Reached a gap of 209847bp > 200000bp. Skipping calculation at position 35411232 id: Gm17_35411232
WARNING: Reached a gap of 209847bp > 200000bp. Skipping calculation at position 35388765 id: Gm17_35388765
WARNING: Reached a gap of 209847bp > 200000bp. Skipping calculation at position 35420345 id: Gm17_35420345
WARNING: Reached a gap of 209847bp > 200000bp. Skipping calculation at position 35420006 id: Gm17_35420006
WARNING: Reached a gap of 209847bp > 200000bp. Skipping calculation at position 35446616 id: Gm17_35446616
WARNING: Reached a gap of 209847bp > 200000bp. Skipping calculation at position 35447024 id: Gm17_35447024
WARNING: Reached a gap of 209847bp > 200000bp. Skipping calculation at position 35447272 id: Gm17_35447272
WARNING: Reached a gap of 209847bp > 200000bp. Skipping calculation at position 35452776 id: Gm17_35452776
WARNING: Reached a gap of 209847bp > 200000bp. Skipping calculation at position 35446634 id: Gm17_35446634
WARNING: Reached a gap of 209847bp > 200000bp. Skipping calculation at position 35465782 id: Gm17_35465782
WARNING: Reached a gap of 209847bp > 200000bp. Skipping calculation at position 35479394 id: Gm17_35479394
WARNING: Reached a gap of 209847bp > 200000bp. Skipping calculation at position 35471021 id: Gm17_35471021
WARNING: Reached a gap of 209847bp > 200000bp. Skipping calculation at position 35479888 id: Gm17_35479888
WARNING: Reached a gap of 209847bp > 200000bp. Skipping calculation at position 35525809 id: Gm17_35525809
WARNING: Reached a gap of 209847bp > 200000bp. Skipping calculation at position 35515135 id: Gm17_35515135
WARNING: Reached a gap of 209847bp > 200000bp. Skipping calculation at position 35479678 id: Gm17_35479678
WARNING: Reached a gap of 209847bp > 200000bp. Skipping calculation at position 35526530 id: Gm17_35526530
WARNING: Reached a gap of 209847bp > 200000bp. Skipping calculation at position 35528867 id: Gm17_35528867
WARNING: Reached a gap of 209847bp > 200000bp. Skipping calculation at position 35528880 id: Gm17_35528880
WARNING: Reached a gap of 209847bp > 200000bp. Skipping calculation at position 35561215 id: Gm17_35561215
WARNING: Reached a gap of 209847bp > 200000bp. Skipping calculation at position 35561192 id: Gm17_35561192
WARNING: Reached a gap of 209847bp > 200000bp. Skipping calculation at position 35528902 id: Gm17_35528902
WARNING: Reached a gap of 209847bp > 200000bp. Skipping calculation at position 35562073 id: Gm17_35562073
WARNING: Reached a gap of 209847bp > 200000bp. Skipping calculation at position 35562521 id: Gm17_35562521
WARNING: Reached a gap of 209847bp > 200000bp. Skipping calculation at position 35566241 id: Gm17_35566241
WARNING: Reached a gap of 209847bp > 200000bp. Skipping calculation at position 35566276 id: Gm17_35566276
WARNING: Reached a gap of 209847bp > 200000bp. Skipping calculation at position 35574006 id: Gm17_35574006
WARNING: Reached a gap of 209847bp > 200000bp. Skipping calculation at position 35609832 id: Gm17_35609832
WARNING: Reached a gap of 209847bp > 200000bp. Skipping calculation at position 35573858 id: Gm17_35573858
WARNING: Reached a gap of 209847bp > 200000bp. Skipping calculation at position 35612630 id: Gm17_35612630
WARNING: Reached a gap of 209847bp > 200000bp. Skipping calculation at position 35622328 id: Gm17_35622328
WARNING: Reached a gap of 209847bp > 200000bp. Skipping calculation at position 35622395 id: Gm17_35622395
WARNING: Reached a gap of 209847bp > 200000bp. Skipping calculation at position 35640425 id: Gm17_35640425
WARNING: Reached a gap of 209847bp > 200000bp. Skipping calculation at position 35744269 id: Gm17_35744269
WARNING: Reached a gap of 209847bp > 200000bp. Skipping calculation at position 35744419 id: Gm17_35744419
WARNING: Reached a gap of 209847bp > 200000bp. Skipping calculation at position 35640475 id: Gm17_35640475
WARNING: Reached a gap of 209847bp > 200000bp. Skipping calculation at position 35769905 id: Gm17_35769905
WARNING: Reached a gap of 209847bp > 200000bp. Skipping calculation at position 35788436 id: Gm17_35788436
WARNING: Reached a gap of 209847bp > 200000bp. Skipping calculation at position 35788745 id: Gm17_35788745
WARNING: Reached a gap of 209847bp > 200000bp. Skipping calculation at position 35796210 id: Gm17_35796210
WARNING: Reached a gap of 209847bp > 200000bp. Skipping calculation at position 35796430 id: Gm17_35796430
WARNING: Reached a gap of 209847bp > 200000bp. Skipping calculation at position 35796511 id: Gm17_35796511
WARNING: Reached a gap of 209847bp > 200000bp. Skipping calculation at position 35796425 id: Gm17_35796425
WARNING: Reached a gap of 209847bp > 200000bp. Skipping calculation at position 35796731 id: Gm17_35796731
WARNING: Reached a gap of 209847bp > 200000bp. Skipping calculation at position 35796720 id: Gm17_35796720
WARNING: Reached a gap of 209847bp > 200000bp. Skipping calculation at position 35796725 id: Gm17_35796725
WARNING: Reached a gap of 209847bp > 200000bp. Skipping calculation at position 35894086 id: Gm17_35894086
WARNING: Reached a gap of 209847bp > 200000bp. Skipping calculation at position 35836586 id: Gm17_35836586
WARNING: Reached a gap of 209847bp > 200000bp. Skipping calculation at position 35836795 id: Gm17_35836795
WARNING: Reached a gap of 209847bp > 200000bp. Skipping calculation at position 35916188 id: Gm17_35916188
WARNING: Reached a gap of 209847bp > 200000bp. Skipping calculation at position 35922332 id: Gm17_35922332
WARNING: Reached a gap of 209847bp > 200000bp. Skipping calculation at position 35922422 id: Gm17_35922422
WARNING: Reached a gap of 209847bp > 200000bp. Skipping calculation at position 35944126 id: Gm17_35944126
WARNING: Reached a gap of 209847bp > 200000bp. Skipping calculation at position 35944141 id: Gm17_35944141
WARNING: Reached a gap of 209847bp > 200000bp. Skipping calculation at position 35995785 id: Gm17_35995785
WARNING: Reached a gap of 209847bp > 200000bp. Skipping calculation at position 35974682 id: Gm17_35974682
WARNING: Reached a gap of 209847bp > 200000bp. Skipping calculation at position 36003826 id: Gm17_36003826
WARNING: Reached a gap of 209847bp > 200000bp. Skipping calculation at position 36004918 id: Gm17_36004918
WARNING: Reached a gap of 209847bp > 200000bp. Skipping calculation at position 35995839 id: Gm17_35995839
WARNING: Reached a gap of 209847bp > 200000bp. Skipping calculation at position 36027199 id: Gm17_36027199
WARNING: Reached a gap of 209847bp > 200000bp. Skipping calculation at position 36027018 id: Gm17_36027018
WARNING: Reached a gap of 209847bp > 200000bp. Skipping calculation at position 36005390 id: Gm17_36005390
WARNING: Reached a gap of 209847bp > 200000bp. Skipping calculation at position 36027273 id: Gm17_36027273
WARNING: Reached a gap of 209847bp > 200000bp. Skipping calculation at position 36035395 id: Gm17_36035395
WARNING: Reached a gap of 209847bp > 200000bp. Skipping calculation at position 36053141 id: Gm17_36053141
WARNING: Reached a gap of 209847bp > 200000bp. Skipping calculation at position 36053151 id: Gm17_36053151
WARNING: Reached a gap of 209847bp > 200000bp. Skipping calculation at position 36068587 id: Gm17_36068587
WARNING: Reached a gap of 209847bp > 200000bp. Skipping calculation at position 36068639 id: Gm17_36068639
WARNING: Reached a gap of 209847bp > 200000bp. Skipping calculation at position 36068852 id: Gm17_36068852
WARNING: Reached a gap of 209847bp > 200000bp. Skipping calculation at position 36068677 id: Gm17_36068677
WARNING: Reached a gap of 209847bp > 200000bp. Skipping calculation at position 36068608 id: Gm17_36068608
WARNING: Reached a gap of 209847bp > 200000bp. Skipping calculation at position 36078204 id: Gm17_36078204
WARNING: Reached a gap of 209847bp > 200000bp. Skipping calculation at position 36092916 id: Gm17_36092916
WARNING: Reached a gap of 209847bp > 200000bp. Skipping calculation at position 36092957 id: Gm17_36092957
WARNING: Reached a gap of 209847bp > 200000bp. Skipping calculation at position 36093283 id: Gm17_36093283
WARNING: Reached a gap of 209847bp > 200000bp. Skipping calculation at position 36093329 id: Gm17_36093329
WARNING: Reached a gap of 209847bp > 200000bp. Skipping calculation at position 36148860 id: Gm17_36148860
WARNING: Reached a gap of 209847bp > 200000bp. Skipping calculation at position 36093346 id: Gm17_36093346
WARNING: Reached a gap of 209847bp > 200000bp. Skipping calculation at position 36139348 id: Gm17_36139348
WARNING: Reached a gap of 209847bp > 200000bp. Skipping calculation at position 36161084 id: Gm17_36161084
WARNING: Reached a gap of 209847bp > 200000bp. Skipping calculation at position 36188637 id: Gm17_36188637
WARNING: Reached a gap of 209847bp > 200000bp. Skipping calculation at position 36114823 id: Gm17_36114823
WARNING: Reached a gap of 209847bp > 200000bp. Skipping calculation at position 36200007 id: Gm17_36200007
WARNING: Reached a gap of 209847bp > 200000bp. Skipping calculation at position 36188703 id: Gm17_36188703
WARNING: Reached a gap of 209847bp > 200000bp. Skipping calculation at position 36200052 id: Gm17_36200052
WARNING: Reached a gap of 209847bp > 200000bp. Skipping calculation at position 36410100 id: Gm17_36410100
WARNING: Reached a gap of 209847bp > 200000bp. Skipping calculation at position 36409899 id: Gm17_36409899
WARNING: Reached a gap of 209847bp > 200000bp. Skipping calculation at position 36410107 id: Gm17_36410107
WARNING: Reached a gap of 209847bp > 200000bp. Skipping calculation at position 36410151 id: Gm17_36410151
WARNING: Reached a gap of 209847bp > 200000bp. Skipping calculation at position 36430493 id: Gm17_36430493
WARNING: Reached a gap of 209847bp > 200000bp. Skipping calculation at position 36453470 id: Gm17_36453470
WARNING: Reached a gap of 209847bp > 200000bp. Skipping calculation at position 36453674 id: Gm17_36453674
WARNING: Reached a gap of 209847bp > 200000bp. Skipping calculation at position 36454455 id: Gm17_36454455
WARNING: Reached a gap of 209847bp > 200000bp. Skipping calculation at position 36494427 id: Gm17_36494427
WARNING: Reached a gap of 209847bp > 200000bp. Skipping calculation at position 36494652 id: Gm17_36494652
WARNING: Reached a gap of 209847bp > 200000bp. Skipping calculation at position 36494640 id: Gm17_36494640
WARNING: Reached a gap of 209847bp > 200000bp. Skipping calculation at position 36515643 id: Gm17_36515643
WARNING: Reached a gap of 209847bp > 200000bp. Skipping calculation at position 36515942 id: Gm17_36515942
WARNING: Reached a gap of 209847bp > 200000bp. Skipping calculation at position 36521794 id: Gm17_36521794
WARNING: Reached a gap of 209847bp > 200000bp. Skipping calculation at position 36524775 id: Gm17_36524775
WARNING: Reached a gap of 209847bp > 200000bp. Skipping calculation at position 36525001 id: Gm17_36525001
WARNING: Reached a gap of 209847bp > 200000bp. Skipping calculation at position 36526443 id: Gm17_36526443
WARNING: Reached a gap of 209847bp > 200000bp. Skipping calculation at position 36526696 id: Gm17_36526696
WARNING: Reached a gap of 209847bp > 200000bp. Skipping calculation at position 36526715 id: Gm17_36526715
WARNING: Reached a gap of 209847bp > 200000bp. Skipping calculation at position 36587951 id: Gm17_36587951
WARNING: Reached a gap of 209847bp > 200000bp. Skipping calculation at position 36588197 id: Gm17_36588197
WARNING: Reached a gap of 209847bp > 200000bp. Skipping calculation at position 36588247 id: Gm17_36588247
WARNING: Reached a gap of 209847bp > 200000bp. Skipping calculation at position 36587995 id: Gm17_36587995
WARNING: Reached a gap of 209847bp > 200000bp. Skipping calculation at position 36596416 id: Gm17_36596416
WARNING: Reached a gap of 209847bp > 200000bp. Skipping calculation at position 36600007 id: Gm17_36600007
WARNING: Reached a gap of 209847bp > 200000bp. Skipping calculation at position 36588261 id: Gm17_36588261
WARNING: Reached a gap of 209847bp > 200000bp. Skipping calculation at position 36596349 id: Gm17_36596349
WARNING: Reached a gap of 209847bp > 200000bp. Skipping calculation at position 36600036 id: Gm17_36600036
WARNING: Reached a gap of 209847bp > 200000bp. Skipping calculation at position 36619280 id: Gm17_36619280
WARNING: Reached a gap of 209847bp > 200000bp. Skipping calculation at position 36626163 id: Gm17_36626163
WARNING: Reached a gap of 209847bp > 200000bp. Skipping calculation at position 36626397 id: Gm17_36626397
WARNING: Reached a gap of 209847bp > 200000bp. Skipping calculation at position 36626382 id: Gm17_36626382
WARNING: Reached a gap of 209847bp > 200000bp. Skipping calculation at position 36644823 id: Gm17_36644823
WARNING: Reached a gap of 209847bp > 200000bp. Skipping calculation at position 36697366 id: Gm17_36697366
WARNING: Reached a gap of 209847bp > 200000bp. Skipping calculation at position 36697080 id: Gm17_36697080
WARNING: Reached a gap of 209847bp > 200000bp. Skipping calculation at position 36713651 id: Gm17_36713651
WARNING: Reached a gap of 209847bp > 200000bp. Skipping calculation at position 36719608 id: Gm17_36719608
WARNING: Reached a gap of 209847bp > 200000bp. Skipping calculation at position 36724017 id: Gm17_36724017
WARNING: Reached a gap of 209847bp > 200000bp. Skipping calculation at position 36732394 id: Gm17_36732394
WARNING: Reached a gap of 209847bp > 200000bp. Skipping calculation at position 36732412 id: Gm17_36732412
WARNING: Reached a gap of 209847bp > 200000bp. Skipping calculation at position 36733910 id: Gm17_36733910
WARNING: Reached a gap of 209847bp > 200000bp. Skipping calculation at position 36733918 id: Gm17_36733918
WARNING: Reached a gap of 209847bp > 200000bp. Skipping calculation at position 36736917 id: Gm17_36736917
WARNING: Reached a gap of 209847bp > 200000bp. Skipping calculation at position 36737498 id: Gm17_36737498
WARNING: Reached a gap of 209847bp > 200000bp. Skipping calculation at position 36748573 id: Gm17_36748573
WARNING: Reached a gap of 209847bp > 200000bp. Skipping calculation at position 36772466 id: Gm17_36772466
WARNING: Reached a gap of 209847bp > 200000bp. Skipping calculation at position 36772495 id: Gm17_36772495
WARNING: Reached a gap of 209847bp > 200000bp. Skipping calculation at position 36772501 id: Gm17_36772501
WARNING: Reached a gap of 209847bp > 200000bp. Skipping calculation at position 36774187 id: Gm17_36774187
WARNING: Reached a gap of 209847bp > 200000bp. Skipping calculation at position 36774210 id: Gm17_36774210
WARNING: Reached a gap of 209847bp > 200000bp. Skipping calculation at position 36774176 id: Gm17_36774176
WARNING: Reached a gap of 209847bp > 200000bp. Skipping calculation at position 36774949 id: Gm17_36774949
WARNING: Reached a gap of 209847bp > 200000bp. Skipping calculation at position 36774971 id: Gm17_36774971
WARNING: Reached a gap of 209847bp > 200000bp. Skipping calculation at position 36775162 id: Gm17_36775162
WARNING: Reached a gap of 209847bp > 200000bp. Skipping calculation at position 36775388 id: Gm17_36775388
WARNING: Reached a gap of 209847bp > 200000bp. Skipping calculation at position 36783105 id: Gm17_36783105
WARNING: Reached a gap of 209847bp > 200000bp. Skipping calculation at position 36810278 id: Gm17_36810278
WARNING: Reached a gap of 209847bp > 200000bp. Skipping calculation at position 36810290 id: Gm17_36810290
WARNING: Reached a gap of 209847bp > 200000bp. Skipping calculation at position 36813837 id: Gm17_36813837
WARNING: Reached a gap of 209847bp > 200000bp. Skipping calculation at position 36844669 id: Gm17_36844669
WARNING: Reached a gap of 209847bp > 200000bp. Skipping calculation at position 36844696 id: Gm17_36844696
WARNING: Reached a gap of 209847bp > 200000bp. Skipping calculation at position 36844900 id: Gm17_36844900
WARNING: Reached a gap of 209847bp > 200000bp. Skipping calculation at position 36876162 id: Gm17_36876162
WARNING: Reached a gap of 209847bp > 200000bp. Skipping calculation at position 36876211 id: Gm17_36876211
WARNING: Reached a gap of 209847bp > 200000bp. Skipping calculation at position 36876510 id: Gm17_36876510
WARNING: Reached a gap of 209847bp > 200000bp. Skipping calculation at position 36876536 id: Gm17_36876536
WARNING: Reached a gap of 209847bp > 200000bp. Skipping calculation at position 36876552 id: Gm17_36876552
WARNING: Reached a gap of 209847bp > 200000bp. Skipping calculation at position 36877166 id: Gm17_36877166
WARNING: Reached a gap of 209847bp > 200000bp. Skipping calculation at position 36877210 id: Gm17_36877210
WARNING: Reached a gap of 209847bp > 200000bp. Skipping calculation at position 36913577 id: Gm17_36913577
WARNING: Reached a gap of 209847bp > 200000bp. Skipping calculation at position 36892262 id: Gm17_36892262
WARNING: Reached a gap of 209847bp > 200000bp. Skipping calculation at position 36927190 id: Gm17_36927190
WARNING: Reached a gap of 209847bp > 200000bp. Skipping calculation at position 36934407 id: Gm17_36934407
WARNING: Reached a gap of 209847bp > 200000bp. Skipping calculation at position 36934868 id: Gm17_36934868
WARNING: Reached a gap of 209847bp > 200000bp. Skipping calculation at position 36934876 id: Gm17_36934876
WARNING: Reached a gap of 209847bp > 200000bp. Skipping calculation at position 36934892 id: Gm17_36934892
WARNING: Reached a gap of 209847bp > 200000bp. Skipping calculation at position 36937956 id: Gm17_36937956
WARNING: Reached a gap of 209847bp > 200000bp. Skipping calculation at position 36937974 id: Gm17_36937974
WARNING: Reached a gap of 209847bp > 200000bp. Skipping calculation at position 36989961 id: Gm17_36989961
WARNING: Reached a gap of 209847bp > 200000bp. Skipping calculation at position 37017467 id: Gm17_37017467
WARNING: Reached a gap of 209847bp > 200000bp. Skipping calculation at position 37017507 id: Gm17_37017507
WARNING: Reached a gap of 209847bp > 200000bp. Skipping calculation at position 37017528 id: Gm17_37017528
WARNING: Reached a gap of 209847bp > 200000bp. Skipping calculation at position 37017659 id: Gm17_37017659
WARNING: Reached a gap of 209847bp > 200000bp. Skipping calculation at position 37017684 id: Gm17_37017684
WARNING: Reached a gap of 209847bp > 200000bp. Skipping calculation at position 37018778 id: Gm17_37018778
WARNING: Reached a gap of 209847bp > 200000bp. Skipping calculation at position 37018802 id: Gm17_37018802
WARNING: Reached a gap of 209847bp > 200000bp. Skipping calculation at position 37019996 id: Gm17_37019996
WARNING: Reached a gap of 209847bp > 200000bp. Skipping calculation at position 37020025 id: Gm17_37020025
WARNING: Reached a gap of 209847bp > 200000bp. Skipping calculation at position 37022747 id: Gm17_37022747
WARNING: Reached a gap of 209847bp > 200000bp. Skipping calculation at position 37022808 id: Gm17_37022808
WARNING: Reached a gap of 209847bp > 200000bp. Skipping calculation at position 37023238 id: Gm17_37023238
WARNING: Reached a gap of 209847bp > 200000bp. Skipping calculation at position 37123919 id: Gm17_37123919
WARNING: Reached a gap of 209847bp > 200000bp. Skipping calculation at position 37123932 id: Gm17_37123932
WARNING: Reached a gap of 209847bp > 200000bp. Skipping calculation at position 37142622 id: Gm17_37142622
WARNING: Reached a gap of 209847bp > 200000bp. Skipping calculation at position 37142969 id: Gm17_37142969
WARNING: Reached a gap of 209847bp > 200000bp. Skipping calculation at position 37143048 id: Gm17_37143048
WARNING: Reached a gap of 209847bp > 200000bp. Skipping calculation at position 37156302 id: Gm17_37156302
WARNING: Reached a gap of 209847bp > 200000bp. Skipping calculation at position 37156499 id: Gm17_37156499
WARNING: Reached a gap of 209847bp > 200000bp. Skipping calculation at position 37156467 id: Gm17_37156467
WARNING: Reached a gap of 209847bp > 200000bp. Skipping calculation at position 37165407 id: Gm17_37165407
WARNING: Reached a gap of 209847bp > 200000bp. Skipping calculation at position 37179631 id: Gm17_37179631
WARNING: Reached a gap of 209847bp > 200000bp. Skipping calculation at position 37200730 id: Gm17_37200730
WARNING: Reached a gap of 209847bp > 200000bp. Skipping calculation at position 37208139 id: Gm17_37208139
WARNING: Reached a gap of 209847bp > 200000bp. Skipping calculation at position 37208291 id: Gm17_37208291
WARNING: Reached a gap of 209847bp > 200000bp. Skipping calculation at position 37208301 id: Gm17_37208301
WARNING: Reached a gap of 209847bp > 200000bp. Skipping calculation at position 37215002 id: Gm17_37215002
WARNING: Reached a gap of 209847bp > 200000bp. Skipping calculation at position 37208307 id: Gm17_37208307
WARNING: Reached a gap of 209847bp > 200000bp. Skipping calculation at position 37219525 id: Gm17_37219525
WARNING: Reached a gap of 209847bp > 200000bp. Skipping calculation at position 37219543 id: Gm17_37219543
WARNING: Reached a gap of 209847bp > 200000bp. Skipping calculation at position 37286658 id: Gm17_37286658
WARNING: Reached a gap of 209847bp > 200000bp. Skipping calculation at position 37289614 id: Gm17_37289614
WARNING: Reached a gap of 209847bp > 200000bp. Skipping calculation at position 37289657 id: Gm17_37289657
WARNING: Reached a gap of 209847bp > 200000bp. Skipping calculation at position 37289640 id: Gm17_37289640
WARNING: Reached a gap of 209847bp > 200000bp. Skipping calculation at position 37293072 id: Gm17_37293072
WARNING: Reached a gap of 209847bp > 200000bp. Skipping calculation at position 37293584 id: Gm17_37293584
WARNING: Reached a gap of 209847bp > 200000bp. Skipping calculation at position 37293603 id: Gm17_37293603
WARNING: Reached a gap of 209847bp > 200000bp. Skipping calculation at position 37342572 id: Gm17_37342572
WARNING: Reached a gap of 209847bp > 200000bp. Skipping calculation at position 37351542 id: Gm17_37351542
WARNING: Reached a gap of 209847bp > 200000bp. Skipping calculation at position 37386939 id: Gm17_37386939
WARNING: Reached a gap of 209847bp > 200000bp. Skipping calculation at position 37386960 id: Gm17_37386960
WARNING: Reached a gap of 209847bp > 200000bp. Skipping calculation at position 37405995 id: Gm17_37405995
WARNING: Reached a gap of 209847bp > 200000bp. Skipping calculation at position 37406020 id: Gm17_37406020
WARNING: Reached a gap of 209847bp > 200000bp. Skipping calculation at position 37406039 id: Gm17_37406039
WARNING: Reached a gap of 209847bp > 200000bp. Skipping calculation at position 37406131 id: Gm17_37406131
WARNING: Reached a gap of 209847bp > 200000bp. Skipping calculation at position 37406149 id: Gm17_37406149
WARNING: Reached chromosome edge before EHH decayed below 0.05. 
Skipping calculation at position 40917225 id: Gm17_40917225
WARNING: Reached chromosome edge before EHH decayed below 0.05. 
Skipping calculation at position 40917643 id: Gm17_40917643
WARNING: Reached chromosome edge before EHH decayed below 0.05. 
Skipping calculation at position 40988947 id: Gm17_40988947
WARNING: Reached chromosome edge before EHH decayed below 0.05. 
Skipping calculation at position 40989199 id: Gm17_40989199
WARNING: Reached chromosome edge before EHH decayed below 0.05. 
Skipping calculation at position 41073260 id: Gm17_41073260
WARNING: Reached chromosome edge before EHH decayed below 0.05. 
Skipping calculation at position 41073311 id: Gm17_41073311
WARNING: Reached chromosome edge before EHH decayed below 0.05. 
Skipping calculation at position 41174273 id: Gm17_41174273
WARNING: Reached chromosome edge before EHH decayed below 0.05. 
Skipping calculation at position 41174312 id: Gm17_41174312
WARNING: Reached chromosome edge before EHH decayed below 0.05. 
Skipping calculation at position 41174523 id: Gm17_41174523
WARNING: Reached chromosome edge before EHH decayed below 0.05. 
Skipping calculation at position 41365227 id: Gm17_41365227
WARNING: Reached chromosome edge before EHH decayed below 0.05. 
Skipping calculation at position 41400666 id: Gm17_41400666
WARNING: Reached chromosome edge before EHH decayed below 0.05. 
Skipping calculation at position 41365237 id: Gm17_41365237
WARNING: Reached chromosome edge before EHH decayed below 0.05. 
Skipping calculation at position 41612743 id: Gm17_41612743
WARNING: Reached chromosome edge before EHH decayed below 0.05. 
Skipping calculation at position 41507116 id: Gm17_41507116
WARNING: Reached chromosome edge before EHH decayed below 0.05. 
Skipping calculation at position 41672093 id: Gm17_41672093
WARNING: Reached chromosome edge before EHH decayed below 0.05. 
Skipping calculation at position 41674381 id: Gm17_41674381
WARNING: Reached chromosome edge before EHH decayed below 0.05. 
Skipping calculation at position 41703702 id: Gm17_41703702
WARNING: Reached chromosome edge before EHH decayed below 0.05. 
Skipping calculation at position 41700065 id: Gm17_41700065
WARNING: Reached chromosome edge before EHH decayed below 0.05. 
Skipping calculation at position 41703972 id: Gm17_41703972
WARNING: Reached chromosome edge before EHH decayed below 0.05. 
Skipping calculation at position 41784082 id: Gm17_41784082
WARNING: Reached chromosome edge before EHH decayed below 0.05. 
WARNING: Reached chromosome edge before EHH decayed below 0.05. 
Skipping calculation at position 41703967 id: Gm17_41703967
WARNING: Reached chromosome edge before EHH decayed below 0.05. 
Skipping calculation at position 41903208 id: Gm17_41903208
Skipping calculation at position 41892756 id: Gm17_41892756
Finished XP-EHH.
Program took 0.289297 seconds to complete. Total CPU time: 1.142322 s. 
