chr	id	pos	freq	ihh1	ihh0	nsl
11	Gm11_6281788	6281788	0.0986842	0.226047	-0.226047	0.226047
11	Gm11_6337625	6337625	0.154605	0.0476528	-0.0476528	0.0476528
11	Gm11_6337963	6337963	0.154605	0.0480609	-0.0480609	0.0480609
11	Gm11_6338133	6338133	0.154605	0.0482044	-0.0482044	0.0482044
11	Gm11_6340967	6340967	0.151316	0.0696582	-0.0696582	0.0696582
11	Gm11_6341127	6341127	0.154605	0.048169	-0.048169	0.048169
11	Gm11_6341787	6341787	0.154605	0.0483959	-0.0483959	0.0483959
11	Gm11_6370337	6370337	0.154605	0.0493789	-0.0493789	0.0493789
11	Gm11_6370581	6370581	0.154605	0.0480041	-0.0480041	0.0480041
11	Gm11_6408681	6408681	0.154605	0.0479988	-0.0479988	0.0479988
11	Gm11_6575890	6575890	0.125	0.219795	-0.219795	0.219795
11	Gm11_6576228	6576228	0.125	0.219099	-0.219099	0.219099
11	Gm11_6581473	6581473	0.125	0.2188	-0.2188	0.2188
11	Gm11_6583738	6583738	0.125	0.217893	-0.217893	0.217893
11	Gm11_6597108	6597108	0.121711	0.242368	-0.242368	0.242368
11	Gm11_6623734	6623734	0.240132	-0.0499206	0.0499206	-0.0499206
11	Gm11_6627037	6627037	0.240132	-0.051921	0.051921	-0.051921
11	Gm11_6696409	6696409	0.240132	-0.052048	0.052048	-0.052048
11	Gm11_6708783	6708783	0.240132	-0.0521251	0.0521251	-0.0521251
11	Gm11_6713510	6713510	0.240132	-0.052257	0.052257	-0.052257
11	Gm11_6713555	6713555	0.236842	-0.0375085	0.0375085	-0.0375085
11	Gm11_6713721	6713721	0.240132	-0.0491007	0.0491007	-0.0491007
11	Gm11_6713733	6713733	0.240132	-0.0491858	0.0491858	-0.0491858
11	Gm11_6777687	6777687	0.444079	-0.027262	0.027262	-0.027262
11	Gm11_6779496	6779496	0.453947	-0.0574913	0.0574913	-0.0574913
11	Gm11_6956567	6956567	0.0822368	0.155717	-0.155717	0.155717
11	Gm11_6956592	6956592	0.0822368	0.155076	-0.155076	0.155076
11	Gm11_6958721	6958721	0.0822368	0.154441	-0.154441	0.154441
11	Gm11_7015131	7015131	0.0822368	0.153735	-0.153735	0.153735
11	Gm11_7016375	7016375	0.0723684	0.232799	-0.232799	0.232799
11	Gm11_7044170	7044170	0.0789474	0.160656	-0.160656	0.160656
11	Gm11_7044192	7044192	0.0789474	0.160588	-0.160588	0.160588
11	Gm11_7044204	7044204	0.0789474	0.159859	-0.159859	0.159859
11	Gm11_7044211	7044211	0.0789474	0.159077	-0.159077	0.159077
11	Gm11_7062874	7062874	0.0723684	0.203748	-0.203748	0.203748
11	Gm11_7076253	7076253	0.0723684	0.203792	-0.203792	0.203792
11	Gm11_7076282	7076282	0.0723684	0.203692	-0.203692	0.203692
11	Gm11_7156881	7156881	0.0822368	0.219115	-0.219115	0.219115
11	Gm11_7190197	7190197	0.154605	-0.1565	0.1565	-0.1565
11	Gm11_7192431	7192431	0.108553	-0.107151	0.107151	-0.107151
11	Gm11_7212890	7212890	0.0657895	-0.237501	0.237501	-0.237501
11	Gm11_7341441	7341441	0.0888158	0.423811	-0.423811	0.423811
11	Gm11_7341673	7341673	0.0888158	0.424637	-0.424637	0.424637
11	Gm11_7412392	7412392	0.101974	0.304222	-0.304222	0.304222
11	Gm11_7564740	7564740	0.0986842	-0.0187072	0.0187072	-0.0187072
11	Gm11_7565379	7565379	0.0986842	-0.0183508	0.0183508	-0.0183508
11	Gm11_7594808	7594808	0.0657895	0.211394	-0.211394	0.211394
11	Gm11_7602695	7602695	0.0690789	0.168897	-0.168897	0.168897
11	Gm11_11700307	11700307	0.394737	0.0478801	-0.0478801	0.0478801
11	Gm11_11728714	11728714	0.394737	0.0508827	-0.0508827	0.0508827
11	Gm11_11735426	11735426	0.401316	0.0275544	-0.0275544	0.0275544
11	Gm11_11735439	11735439	0.401316	0.0271588	-0.0271588	0.0271588
11	Gm11_11735632	11735632	0.401316	0.026763	-0.026763	0.026763
11	Gm11_11736458	11736458	0.401316	0.0262762	-0.0262762	0.0262762
11	Gm11_11737103	11737103	0.401316	0.026184	-0.026184	0.026184
11	Gm11_11737115	11737115	0.401316	0.0261351	-0.0261351	0.0261351
11	Gm11_11737497	11737497	0.391447	0.059858	-0.059858	0.059858
11	Gm11_11738970	11738970	0.401316	0.027848	-0.027848	0.027848
11	Gm11_11739175	11739175	0.401316	0.0272748	-0.0272748	0.0272748
11	Gm11_11739204	11739204	0.401316	0.0264437	-0.0264437	0.0264437
11	Gm11_11739217	11739217	0.401316	0.0256535	-0.0256535	0.0256535
11	Gm11_11739244	11739244	0.401316	0.0251241	-0.0251241	0.0251241
11	Gm11_11740669	11740669	0.407895	0.00258397	-0.00258397	0.00258397
11	Gm11_11740759	11740759	0.398026	0.0332962	-0.0332962	0.0332962
11	Gm11_11740938	11740938	0.401316	0.0253532	-0.0253532	0.0253532
11	Gm11_11740961	11740961	0.401316	0.0246111	-0.0246111	0.0246111
11	Gm11_11741034	11741034	0.401316	0.0168668	-0.0168668	0.0168668
11	Gm11_11741207	11741207	0.401316	0.0165875	-0.0165875	0.0165875
11	Gm11_11744632	11744632	0.404605	0.0103173	-0.0103173	0.0103173
11	Gm11_11745415	11745415	0.404605	0.00931806	-0.00931806	0.00931806
11	Gm11_11748110	11748110	0.394737	0.0431239	-0.0431239	0.0431239
11	Gm11_11748756	11748756	0.404605	0.00702805	-0.00702805	0.00702805
11	Gm11_11750980	11750980	0.394737	0.0417318	-0.0417318	0.0417318
11	Gm11_11751357	11751357	0.398026	0.0309151	-0.0309151	0.0309151
11	Gm11_11761868	11761868	0.407895	-0.00768608	0.00768608	-0.00768608
11	Gm11_11777989	11777989	0.388158	0.0584789	-0.0584789	0.0584789
11	Gm11_11800505	11800505	0.401316	0.011605	-0.011605	0.011605
11	Gm11_11807062	11807062	0.394737	0.0343664	-0.0343664	0.0343664
11	Gm11_11807299	11807299	0.394737	0.0340515	-0.0340515	0.0340515
11	Gm11_11807382	11807382	0.394737	0.0334121	-0.0334121	0.0334121
11	Gm11_11807576	11807576	0.394737	0.0327749	-0.0327749	0.0327749
11	Gm11_11813737	11813737	0.401316	0.0090699	-0.0090699	0.0090699
11	Gm11_11814063	11814063	0.401316	0.00838226	-0.00838226	0.00838226
11	Gm11_11817029	11817029	0.391447	0.0422584	-0.0422584	0.0422584
11	Gm11_11817066	11817066	0.398026	0.0186457	-0.0186457	0.0186457
11	Gm11_11850364	11850364	0.394737	0.0295262	-0.0295262	0.0295262
11	Gm11_11850562	11850562	0.394737	0.0291703	-0.0291703	0.0291703
11	Gm11_11871585	11871585	0.394737	0.0285291	-0.0285291	0.0285291
11	Gm11_11904483	11904483	0.388158	0.0512505	-0.0512505	0.0512505
11	Gm11_11904509	11904509	0.391447	0.038843	-0.038843	0.038843
11	Gm11_11996538	11996538	0.401316	0.00353033	-0.00353033	0.00353033
11	Gm11_11996612	11996612	0.0559211	0.345512	-0.345512	0.345512
11	Gm11_12002044	12002044	0.407895	0.0126707	-0.0126707	0.0126707
11	Gm11_12068813	12068813	0.398026	0.0469388	-0.0469388	0.0469388
11	Gm11_12079142	12079142	0.401316	0.0342922	-0.0342922	0.0342922
11	Gm11_12099401	12099401	0.388158	0.0803635	-0.0803635	0.0803635
11	Gm11_12106840	12106840	0.407895	0.00886479	-0.00886479	0.00886479
11	Gm11_12250726	12250726	0.407895	0.0082003	-0.0082003	0.0082003
11	Gm11_12306975	12306975	0.394737	0.0542901	-0.0542901	0.0542901
11	Gm11_12413702	12413702	0.0559211	0.345012	-0.345012	0.345012
11	Gm11_12517399	12517399	0.398026	0.0390201	-0.0390201	0.0390201
11	Gm11_12529508	12529508	0.401316	0.0265492	-0.0265492	0.0265492
11	Gm11_12563634	12563634	0.384868	0.0806672	-0.0806672	0.0806672
11	Gm11_12596200	12596200	0.394737	0.0486731	-0.0486731	0.0486731
11	Gm11_12657132	12657132	0.401316	0.020019	-0.020019	0.020019
11	Gm11_12694069	12694069	0.348684	0.161423	-0.161423	0.161423
11	Gm11_12709829	12709829	0.394737	0.00918222	-0.00918222	0.00918222
11	Gm11_12727235	12727235	0.394737	0.00897459	-0.00897459	0.00897459
11	Gm11_12768253	12768253	0.391447	0.0186302	-0.0186302	0.0186302
11	Gm11_12847619	12847619	0.391447	0.0212665	-0.0212665	0.0212665
11	Gm11_12918210	12918210	0.398026	-0.00275747	0.00275747	-0.00275747
11	Gm11_12922306	12922306	0.0559211	0.347438	-0.347438	0.347438
11	Gm11_12929677	12929677	0.391447	0.0072306	-0.0072306	0.0072306
11	Gm11_12929932	12929932	0.457237	-0.17869	0.17869	-0.17869
11	Gm11_12937880	12937880	0.398026	-0.00877126	0.00877126	-0.00877126
11	Gm11_12937908	12937908	0.398026	-0.00924136	0.00924136	-0.00924136
11	Gm11_13007134	13007134	0.388158	0.0255873	-0.0255873	0.0255873
11	Gm11_13039650	13039650	0.342105	0.175792	-0.175792	0.175792
11	Gm11_13056137	13056137	0.407895	0.0020137	-0.0020137	0.0020137
11	Gm11_13123435	13123435	0.391447	0.0603999	-0.0603999	0.0603999
11	Gm11_13238682	13238682	0.391447	0.0602312	-0.0602312	0.0602312
11	Gm11_13238844	13238844	0.391447	0.060095	-0.060095	0.060095
11	Gm11_13251829	13251829	0.394737	0.0480783	-0.0480783	0.0480783
11	Gm11_13268096	13268096	0.391447	0.0598698	-0.0598698	0.0598698
11	Gm11_13335972	13335972	0.391447	0.0597247	-0.0597247	0.0597247
11	Gm11_13360022	13360022	0.407895	0.00113588	-0.00113588	0.00113588
11	Gm11_13378966	13378966	0.398026	0.0363515	-0.0363515	0.0363515
11	Gm11_13392373	13392373	0.394737	0.0478048	-0.0478048	0.0478048
11	Gm11_13427042	13427042	0.407895	0.000781536	-0.000781536	0.000781536
11	Gm11_13427657	13427657	0.407895	0.000614004	-0.000614004	0.000614004
11	Gm11_13432379	13432379	0.394737	0.0430327	-0.0430327	0.0430327
11	Gm11_13486987	13486987	0.394737	0.0472082	-0.0472082	0.0472082
11	Gm11_13494773	13494773	0.394737	0.0469198	-0.0469198	0.0469198
11	Gm11_13523482	13523482	0.401316	0.0264549	-0.0264549	0.0264549
11	Gm11_13525569	13525569	0.394737	0.0474731	-0.0474731	0.0474731
11	Gm11_13549869	13549869	0.398026	0.0357654	-0.0357654	0.0357654
11	Gm11_13556169	13556169	0.401316	0.0246189	-0.0246189	0.0246189
11	Gm11_13556251	13556251	0.417763	0.402663	-0.402663	0.402663
11	Gm11_13559131	13559131	0.391447	0.0275161	-0.0275161	0.0275161
11	Gm11_13608507	13608507	0.398026	0.00609476	-0.00609476	0.00609476
11	Gm11_13623176	13623176	0.398026	0.00606428	-0.00606428	0.00606428
11	Gm11_13666264	13666264	0.404605	-0.0216938	0.0216938	-0.0216938
11	Gm11_13669553	13669553	0.401316	-0.00624462	0.00624462	-0.00624462
11	Gm11_13669940	13669940	0.401316	-0.00804024	0.00804024	-0.00804024
11	Gm11_13687182	13687182	0.401316	-0.00514901	0.00514901	-0.00514901
11	Gm11_13690087	13690087	0.391447	0.0295122	-0.0295122	0.0295122
11	Gm11_13690304	13690304	0.391447	0.0289353	-0.0289353	0.0289353
11	Gm11_13705526	13705526	0.398026	0.00500383	-0.00500383	0.00500383
11	Gm11_13705558	13705558	0.398026	0.00442204	-0.00442204	0.00442204
11	Gm11_13708213	13708213	0.398026	0.00400936	-0.00400936	0.00400936
11	Gm11_13749183	13749183	0.398026	0.00367007	-0.00367007	0.00367007
11	Gm11_13795692	13795692	0.407895	-0.032294	0.032294	-0.032294
11	Gm11_13838593	13838593	0.394737	0.0145676	-0.0145676	0.0145676
11	Gm11_13910486	13910486	0.404605	-0.0211172	0.0211172	-0.0211172
11	Gm11_13910750	13910750	0.404605	-0.0217234	0.0217234	-0.0217234
11	Gm11_13930076	13930076	0.401316	-0.0106761	0.0106761	-0.0106761
11	Gm11_13964945	13964945	0.0592105	0.386598	-0.386598	0.386598
11	Gm11_13974578	13974578	0.404605	-0.0209233	0.0209233	-0.0209233
11	Gm11_13976096	13976096	0.401316	-0.00915648	0.00915648	-0.00915648
11	Gm11_13977752	13977752	0.388158	0.0375324	-0.0375324	0.0375324
11	Gm11_14000586	14000586	0.394737	0.0139628	-0.0139628	0.0139628
11	Gm11_14043626	14043626	0.391447	0.0275286	-0.0275286	0.0275286
11	Gm11_14179029	14179029	0.404605	-0.0175976	0.0175976	-0.0175976
11	Gm11_14203134	14203134	0.401316	-0.00843234	0.00843234	-0.00843234
11	Gm11_14203173	14203173	0.394737	0.015537	-0.015537	0.015537
11	Gm11_14203289	14203289	0.394737	0.0159458	-0.0159458	0.0159458
11	Gm11_14264292	14264292	0.398026	0.00447332	-0.00447332	0.00447332
11	Gm11_14264488	14264488	0.394737	0.0167539	-0.0167539	0.0167539
11	Gm11_14336694	14336694	0.401316	-0.00602092	0.00602092	-0.00602092
11	Gm11_14337067	14337067	0.401316	-0.00582663	0.00582663	-0.00582663
11	Gm11_14348185	14348185	0.398026	0.00600485	-0.00600485	0.00600485
11	Gm11_14374097	14374097	0.411184	-0.0368602	0.0368602	-0.0368602
11	Gm11_14374117	14374117	0.407895	-0.0279595	0.0279595	-0.0279595
11	Gm11_14383432	14383432	0.407895	-0.0265306	0.0265306	-0.0265306
11	Gm11_14385445	14385445	0.401316	-0.00788907	0.00788907	-0.00788907
11	Gm11_14399152	14399152	0.398026	0.00806221	-0.00806221	0.00806221
11	Gm11_14400807	14400807	0.398026	0.00262028	-0.00262028	0.00262028
11	Gm11_14415475	14415475	0.394737	0.0185617	-0.0185617	0.0185617
11	Gm11_14415764	14415764	0.401316	-0.00401433	0.00401433	-0.00401433
11	Gm11_14415805	14415805	0.401316	-0.00368523	0.00368523	-0.00368523
11	Gm11_14415935	14415935	0.401316	-0.00281329	0.00281329	-0.00281329
11	Gm11_14418652	14418652	0.398026	0.00979021	-0.00979021	0.00979021
11	Gm11_14418698	14418698	0.398026	0.0107243	-0.0107243	0.0107243
11	Gm11_14442301	14442301	0.401316	0.000589355	-0.000589355	0.000589355
11	Gm11_14442326	14442326	0.391447	0.0343314	-0.0343314	0.0343314
11	Gm11_14444662	14444662	0.401316	0.00446822	-0.00446822	0.00446822
11	Gm11_14444819	14444819	0.401316	0.00546283	-0.00546283	0.00546283
11	Gm11_14584137	14584137	0.388158	0.0487928	-0.0487928	0.0487928
11	Gm11_14584404	14584404	0.388158	0.0497726	-0.0497726	0.0497726
11	Gm11_14584451	14584451	0.388158	0.050801	-0.050801	0.050801
11	Gm11_14642721	14642721	0.388158	0.0517325	-0.0517325	0.0517325
11	Gm11_14658495	14658495	0.388158	0.0527701	-0.0527701	0.0527701
11	Gm11_14660755	14660755	0.391447	0.0447156	-0.0447156	0.0447156
11	Gm11_14660796	14660796	0.394737	0.0314926	-0.0314926	0.0314926
11	Gm11_14660820	14660820	0.388158	0.0553128	-0.0553128	0.0553128
11	Gm11_14661592	14661592	0.384868	0.0659448	-0.0659448	0.0659448
11	Gm11_14661885	14661885	0.384868	0.0669708	-0.0669708	0.0669708
11	Gm11_14718114	14718114	0.371711	0.0995563	-0.0995563	0.0995563
11	Gm11_14718142	14718142	0.365132	0.120115	-0.120115	0.120115
11	Gm11_14747662	14747662	0.368421	0.113835	-0.113835	0.113835
11	Gm11_14747727	14747727	0.391447	0.0352307	-0.0352307	0.0352307
11	Gm11_14747955	14747955	0.101974	0.214221	-0.214221	0.214221
11	Gm11_14748316	14748316	0.368421	0.175149	-0.175149	0.175149
11	Gm11_14748612	14748612	0.391447	0.0903487	-0.0903487	0.0903487
11	Gm11_14748690	14748690	0.358553	0.197675	-0.197675	0.197675
11	Gm11_14748737	14748737	0.361842	0.186592	-0.186592	0.186592
11	Gm11_14750727	14750727	0.101974	0.222079	-0.222079	0.222079
11	Gm11_14750766	14750766	0.391447	0.0914082	-0.0914082	0.0914082
11	Gm11_14755533	14755533	0.5	-0.247312	0.247312	-0.247312
11	Gm11_14755541	14755541	0.355263	0.220717	-0.220717	0.220717
11	Gm11_14755566	14755566	0.355263	0.221672	-0.221672	0.221672
11	Gm11_14757882	14757882	0.105263	0.195128	-0.195128	0.195128
11	Gm11_14757918	14757918	0.5	-0.243554	0.243554	-0.243554
11	Gm11_14757939	14757939	0.394737	0.0797303	-0.0797303	0.0797303
11	Gm11_14758242	14758242	0.351974	0.231285	-0.231285	0.231285
11	Gm11_14758265	14758265	0.391447	0.0895819	-0.0895819	0.0895819
11	Gm11_14760943	14760943	0.358553	0.207746	-0.207746	0.207746
11	Gm11_14761253	14761253	0.101974	0.218948	-0.218948	0.218948
11	Gm11_14763902	14763902	0.351974	0.234221	-0.234221	0.234221
11	Gm11_14763948	14763948	0.351974	0.235002	-0.235002	0.235002
11	Gm11_14764254	14764254	0.355263	0.223822	-0.223822	0.223822
11	Gm11_14765145	14765145	0.355263	0.224799	-0.224799	0.224799
11	Gm11_14800903	14800903	0.493421	-0.213301	0.213301	-0.213301
11	Gm11_14809526	14809526	0.0986842	0.239915	-0.239915	0.239915
11	Gm11_14809874	14809874	0.0986842	0.239609	-0.239609	0.239609
11	Gm11_14825592	14825592	0.148026	-0.115993	0.115993	-0.115993
11	Gm11_14825881	14825881	0.355263	0.237965	-0.237965	0.237965
11	Gm11_14837109	14837109	0.460526	-0.102965	0.102965	-0.102965
11	Gm11_14846694	14846694	0.453947	-0.0821623	0.0821623	-0.0821623
11	Gm11_14854113	14854113	0.355263	0.23178	-0.23178	0.23178
11	Gm11_14891486	14891486	0.384868	0.136427	-0.136427	0.136427
11	Gm11_14891491	14891491	0.384868	0.137348	-0.137348	0.137348
11	Gm11_14891499	14891499	0.115132	0.0923796	-0.0923796	0.0923796
11	Gm11_14891517	14891517	0.0855263	0.169529	-0.169529	0.169529
11	Gm11_14891726	14891726	0.384868	0.144594	-0.144594	0.144594
11	Gm11_14921259	14921259	0.457237	0.0252382	-0.0252382	0.0252382
11	Gm11_14936229	14936229	0.424342	0.340542	-0.340542	0.340542
11	Gm11_14948614	14948614	0.424342	0.339244	-0.339244	0.339244
11	Gm11_14948624	14948624	0.125	-0.0181115	0.0181115	-0.0181115
11	Gm11_14948890	14948890	0.457237	0.0299108	-0.0299108	0.0299108
11	Gm11_14956702	14956702	0.125	-0.0239695	0.0239695	-0.0239695
11	Gm11_14957754	14957754	0.434211	0.311691	-0.311691	0.311691
11	Gm11_14957773	14957773	0.460526	0.023642	-0.023642	0.023642
11	Gm11_14960226	14960226	0.121711	-0.0145098	0.0145098	-0.0145098
11	Gm11_14961310	14961310	0.131579	-0.0859374	0.0859374	-0.0859374
11	Gm11_14961769	14961769	0.496711	-0.0880654	0.0880654	-0.0880654
11	Gm11_15089714	15089714	0.457237	-0.0597705	0.0597705	-0.0597705
11	Gm11_15113722	15113722	0.0690789	-0.0780779	0.0780779	-0.0780779
11	Gm11_15128546	15128546	0.398026	0.125791	-0.125791	0.125791
11	Gm11_15133906	15133906	0.407895	0.0950495	-0.0950495	0.0950495
11	Gm11_15133922	15133922	0.457237	-0.0692734	0.0692734	-0.0692734
11	Gm11_15136654	15136654	0.401316	0.120754	-0.120754	0.120754
11	Gm11_15136670	15136670	0.453947	-0.0568187	0.0568187	-0.0568187
11	Gm11_15136709	15136709	0.401316	0.116162	-0.116162	0.116162
11	Gm11_15141288	15141288	0.391447	0.145797	-0.145797	0.145797
11	Gm11_15141632	15141632	0.0690789	0.274794	-0.274794	0.274794
11	Gm11_15141659	15141659	0.384868	0.158428	-0.158428	0.158428
11	Gm11_20282061	20282061	0.480263	0.060542	-0.060542	0.060542
11	Gm11_20282124	20282124	0.480263	0.0603648	-0.0603648	0.0603648
11	Gm11_20283082	20283082	0.480263	0.0598681	-0.0598681	0.0598681
11	Gm11_20285294	20285294	0.476974	0.0705487	-0.0705487	0.0705487
11	Gm11_20285521	20285521	0.476974	0.0704074	-0.0704074	0.0704074
11	Gm11_20285824	20285824	0.476974	0.0697508	-0.0697508	0.0697508
11	Gm11_20286324	20286324	0.473684	0.080806	-0.080806	0.080806
11	Gm11_20286349	20286349	0.473684	0.0806664	-0.0806664	0.0806664
11	Gm11_20295863	20295863	0.476974	0.0694363	-0.0694363	0.0694363
11	Gm11_20296186	20296186	0.476974	0.0692986	-0.0692986	0.0692986
11	Gm11_20310219	20310219	0.470395	0.0894097	-0.0894097	0.0894097
11	Gm11_20310245	20310245	0.470395	0.0888334	-0.0888334	0.0888334
11	Gm11_20310265	20310265	0.480263	0.0554533	-0.0554533	0.0554533
11	Gm11_20310283	20310283	0.470395	0.0891413	-0.0891413	0.0891413
11	Gm11_20310295	20310295	0.476974	0.0667226	-0.0667226	0.0667226
11	Gm11_20313436	20313436	0.0690789	0.101709	-0.101709	0.101709
11	Gm11_20322184	20322184	0.473684	0.08097	-0.08097	0.08097
11	Gm11_20322432	20322432	0.473684	0.0803398	-0.0803398	0.0803398
11	Gm11_20324908	20324908	0.480263	0.0610543	-0.0610543	0.0610543
11	Gm11_20346468	20346468	0.480263	0.0615567	-0.0615567	0.0615567
11	Gm11_20442970	20442970	0.480263	0.0623977	-0.0623977	0.0623977
11	Gm11_20474542	20474542	0.483553	0.0505643	-0.0505643	0.0505643
11	Gm11_20510555	20510555	0.483553	0.0505476	-0.0505476	0.0505476
11	Gm11_20510805	20510805	0.483553	0.0504129	-0.0504129	0.0504129
11	Gm11_20512727	20512727	0.483553	0.0531672	-0.0531672	0.0531672
11	Gm11_20539737	20539737	0.480263	0.062682	-0.062682	0.062682
11	Gm11_20565651	20565651	0.486842	0.0415117	-0.0415117	0.0415117
11	Gm11_20568203	20568203	0.476974	0.0728115	-0.0728115	0.0728115
11	Gm11_20573101	20573101	0.470395	0.0938662	-0.0938662	0.0938662
11	Gm11_20573747	20573747	0.0690789	0.334407	-0.334407	0.334407
11	Gm11_20583442	20583442	0.476974	0.0615043	-0.0615043	0.0615043
11	Gm11_20584040	20584040	0.473684	0.0728512	-0.0728512	0.0728512
11	Gm11_20592241	20592241	0.476974	0.0622418	-0.0622418	0.0622418
11	Gm11_20597333	20597333	0.473684	0.0742545	-0.0742545	0.0742545
11	Gm11_20600704	20600704	0.483553	0.0410892	-0.0410892	0.0410892
11	Gm11_20640503	20640503	0.476974	0.0645175	-0.0645175	0.0645175
11	Gm11_20678154	20678154	0.480263	0.053345	-0.053345	0.053345
11	Gm11_20678177	20678177	0.480263	0.0539451	-0.0539451	0.0539451
11	Gm11_20678969	20678969	0.473684	0.077046	-0.077046	0.077046
11	Gm11_20686703	20686703	0.473684	0.0774762	-0.0774762	0.0774762
11	Gm11_20691539	20691539	0.134868	0.338917	-0.338917	0.338917
11	Gm11_20703257	20703257	0.476974	0.0596088	-0.0596088	0.0596088
11	Gm11_20707667	20707667	0.480263	0.0482971	-0.0482971	0.0482971
11	Gm11_20708031	20708031	0.470395	0.0782858	-0.0782858	0.0782858
11	Gm11_20711189	20711189	0.470395	0.077772	-0.077772	0.077772
11	Gm11_20742177	20742177	0.473684	0.0700063	-0.0700063	0.0700063
11	Gm11_20762707	20762707	0.473684	0.0696104	-0.0696104	0.0696104
11	Gm11_20821944	20821944	0.480263	0.0473885	-0.0473885	0.0473885
11	Gm11_20831268	20831268	0.473684	0.0701704	-0.0701704	0.0701704
11	Gm11_20831281	20831281	0.473684	0.070244	-0.070244	0.070244
11	Gm11_20842915	20842915	0.480263	0.0482418	-0.0482418	0.0482418
11	Gm11_20867647	20867647	0.476974	0.060131	-0.060131	0.060131
11	Gm11_20916920	20916920	0.480263	0.0488002	-0.0488002	0.0488002
11	Gm11_20919883	20919883	0.480263	0.0488354	-0.0488354	0.0488354
11	Gm11_20926259	20926259	0.407895	0.264791	-0.264791	0.264791
11	Gm11_20938042	20938042	0.476974	0.0751494	-0.0751494	0.0751494
11	Gm11_20938407	20938407	0.483553	0.056242	-0.056242	0.056242
11	Gm11_20974777	20974777	0.480263	0.0673306	-0.0673306	0.0673306
11	Gm11_20974808	20974808	0.480263	0.0678917	-0.0678917	0.0678917
11	Gm11_20975004	20975004	0.480263	0.0680976	-0.0680976	0.0680976
11	Gm11_20977978	20977978	0.476974	0.0787603	-0.0787603	0.0787603
11	Gm11_21004338	21004338	0.483553	0.0566894	-0.0566894	0.0566894
11	Gm11_21038452	21038452	0.473684	0.0907399	-0.0907399	0.0907399
11	Gm11_21040725	21040725	0.473684	0.0911775	-0.0911775	0.0911775
11	Gm11_21040737	21040737	0.473684	0.0916278	-0.0916278	0.0916278
11	Gm11_21040789	21040789	0.476974	0.0803266	-0.0803266	0.0803266
11	Gm11_21041823	21041823	0.483553	0.0604698	-0.0604698	0.0604698
11	Gm11_21042233	21042233	0.476974	0.0836873	-0.0836873	0.0836873
11	Gm11_21043777	21043777	0.486842	0.0523961	-0.0523961	0.0523961
11	Gm11_21048285	21048285	0.476974	0.0833387	-0.0833387	0.0833387
11	Gm11_21048305	21048305	0.476974	0.0837834	-0.0837834	0.0837834
11	Gm11_21048479	21048479	0.476974	0.0841235	-0.0841235	0.0841235
11	Gm11_21054680	21054680	0.483553	0.0622969	-0.0622969	0.0622969
11	Gm11_21069927	21069927	0.480263	0.0737149	-0.0737149	0.0737149
11	Gm11_21070150	21070150	0.480263	0.0741901	-0.0741901	0.0741901
11	Gm11_21077138	21077138	0.480263	0.0746661	-0.0746661	0.0746661
11	Gm11_21079906	21079906	0.480263	0.075092	-0.075092	0.075092
11	Gm11_21101644	21101644	0.480263	0.0753597	-0.0753597	0.0753597
11	Gm11_21105230	21105230	0.480263	0.0758327	-0.0758327	0.0758327
11	Gm11_21109032	21109032	0.447368	0.156377	-0.156377	0.156377
11	Gm11_21109390	21109390	0.453947	0.0750209	-0.0750209	0.0750209
11	Gm11_21110645	21110645	0.476974	0.0872037	-0.0872037	0.0872037
11	Gm11_21111041	21111041	0.473684	0.0986002	-0.0986002	0.0986002
11	Gm11_21111279	21111279	0.473684	0.0985631	-0.0985631	0.0985631
11	Gm11_21117935	21117935	0.476974	0.0878506	-0.0878506	0.0878506
11	Gm11_21121148	21121148	0.480263	0.0768584	-0.0768584	0.0768584
11	Gm11_21128374	21128374	0.480263	0.0774861	-0.0774861	0.0774861
11	Gm11_21128450	21128450	0.480263	0.077276	-0.077276	0.077276
11	Gm11_21128461	21128461	0.0526316	0.371317	-0.371317	0.371317
11	Gm11_21137640	21137640	0.480263	0.0693328	-0.0693328	0.0693328
11	Gm11_21137678	21137678	0.480263	0.0682838	-0.0682838	0.0682838
11	Gm11_21138107	21138107	0.483553	0.0559284	-0.0559284	0.0559284
11	Gm11_21148806	21148806	0.476974	0.0773321	-0.0773321	0.0773321
11	Gm11_21148994	21148994	0.480263	0.0654868	-0.0654868	0.0654868
11	Gm11_21160254	21160254	0.473684	0.0871329	-0.0871329	0.0871329
11	Gm11_21175550	21175550	0.473684	0.0866439	-0.0866439	0.0866439
11	Gm11_21206786	21206786	0.473684	0.0861713	-0.0861713	0.0861713
11	Gm11_21222063	21222063	0.0690789	0.385086	-0.385086	0.385086
11	Gm11_21222356	21222356	0.476974	0.0479296	-0.0479296	0.0479296
11	Gm11_21238821	21238821	0.476974	0.0476262	-0.0476262	0.0476262
11	Gm11_21238855	21238855	0.476974	0.0475212	-0.0475212	0.0475212
11	Gm11_21239194	21239194	0.476974	0.0470464	-0.0470464	0.0470464
11	Gm11_21239260	21239260	0.476974	0.0467272	-0.0467272	0.0467272
11	Gm11_21247529	21247529	0.490132	0.00703865	-0.00703865	0.00703865
11	Gm11_21252720	21252720	0.480263	0.0360724	-0.0360724	0.0360724
11	Gm11_21294707	21294707	0.411184	0.250452	-0.250452	0.250452
11	Gm11_21294723	21294723	0.480263	0.0368734	-0.0368734	0.0368734
11	Gm11_21294831	21294831	0.473684	0.0587863	-0.0587863	0.0587863
11	Gm11_21295519	21295519	0.476974	0.0469614	-0.0469614	0.0469614
11	Gm11_21306626	21306626	0.476974	0.0464071	-0.0464071	0.0464071
11	Gm11_21306897	21306897	0.476974	0.0458995	-0.0458995	0.0458995
11	Gm11_21342832	21342832	0.476974	0.0441272	-0.0441272	0.0441272
11	Gm11_21356722	21356722	0.476974	0.0439083	-0.0439083	0.0439083
11	Gm11_21380490	21380490	0.473684	0.0545677	-0.0545677	0.0545677
11	Gm11_21380785	21380785	0.473684	0.0540271	-0.0540271	0.0540271
11	Gm11_21394665	21394665	0.480263	0.0305893	-0.0305893	0.0305893
11	Gm11_21466994	21466994	0.404605	0.258345	-0.258345	0.258345
11	Gm11_21493438	21493438	0.480263	0.0430524	-0.0430524	0.0430524
11	Gm11_21493448	21493448	0.480263	0.0428544	-0.0428544	0.0428544
11	Gm11_21496667	21496667	0.483553	0.0314259	-0.0314259	0.0314259
11	Gm11_21496728	21496728	0.483553	0.0318096	-0.0318096	0.0318096
11	Gm11_21537101	21537101	0.480263	0.043087	-0.043087	0.043087
11	Gm11_21540488	21540488	0.473684	0.06575	-0.06575	0.06575
11	Gm11_21550201	21550201	0.483553	0.0314655	-0.0314655	0.0314655
11	Gm11_21601745	21601745	0.476974	0.0540756	-0.0540756	0.0540756
11	Gm11_21628096	21628096	0.483553	0.031203	-0.031203	0.031203
11	Gm11_21641033	21641033	0.473684	0.0647962	-0.0647962	0.0647962
11	Gm11_21681129	21681129	0.483553	0.0386876	-0.0386876	0.0386876
11	Gm11_21681417	21681417	0.483553	0.0394737	-0.0394737	0.0394737
11	Gm11_21708134	21708134	0.483553	0.0339259	-0.0339259	0.0339259
11	Gm11_21721400	21721400	0.480263	0.0463606	-0.0463606	0.0463606
11	Gm11_21792818	21792818	0.480263	0.0468384	-0.0468384	0.0468384
11	Gm11_21794304	21794304	0.480263	0.046371	-0.046371	0.046371
11	Gm11_21794321	21794321	0.480263	0.0457979	-0.0457979	0.0457979
11	Gm11_21806571	21806571	0.480263	0.0419593	-0.0419593	0.0419593
11	Gm11_21813104	21813104	0.473684	0.0678201	-0.0678201	0.0678201
11	Gm11_21825150	21825150	0.480263	0.0455643	-0.0455643	0.0455643
11	Gm11_21829218	21829218	0.141447	0.276725	-0.276725	0.276725
11	Gm11_21829498	21829498	0.483553	0.136078	-0.136078	0.136078
11	Gm11_21855889	21855889	0.476974	0.157475	-0.157475	0.157475
11	Gm11_21856161	21856161	0.476974	0.157099	-0.157099	0.157099
11	Gm11_21873813	21873813	0.476974	0.156744	-0.156744	0.156744
11	Gm11_21875714	21875714	0.115132	0.384994	-0.384994	0.384994
11	Gm11_21875734	21875734	0.476974	0.137589	-0.137589	0.137589
11	Gm11_21902724	21902724	0.476974	0.137088	-0.137088	0.137088
11	Gm11_21902752	21902752	0.476974	0.136786	-0.136786	0.136786
11	Gm11_21945305	21945305	0.0657895	0.464606	-0.464606	0.464606
11	Gm11_21945324	21945324	0.473684	0.157937	-0.157937	0.157937
11	Gm11_21964879	21964879	0.480263	0.135063	-0.135063	0.135063
11	Gm11_21964966	21964966	0.473684	0.157285	-0.157285	0.157285
11	Gm11_21976158	21976158	0.480263	0.131022	-0.131022	0.131022
11	Gm11_21976165	21976165	0.480263	0.130604	-0.130604	0.130604
11	Gm11_21989191	21989191	0.473684	0.153016	-0.153016	0.153016
11	Gm11_21994051	21994051	0.476974	0.141121	-0.141121	0.141121
11	Gm11_22010772	22010772	0.473684	0.151674	-0.151674	0.151674
11	Gm11_22011863	22011863	0.473684	0.15486	-0.15486	0.15486
11	Gm11_22012086	22012086	0.473684	0.154375	-0.154375	0.154375
11	Gm11_22016041	22016041	0.496711	0.0832379	-0.0832379	0.0832379
11	Gm11_22018066	22018066	0.473684	0.155431	-0.155431	0.155431
11	Gm11_22025314	22025314	0.473684	0.154922	-0.154922	0.154922
11	Gm11_22025354	22025354	0.473684	0.154404	-0.154404	0.154404
11	Gm11_22028918	22028918	0.480263	0.131694	-0.131694	0.131694
11	Gm11_22051544	22051544	0.378289	0.242963	-0.242963	0.242963
11	Gm11_22053660	22053660	0.486842	0.0204381	-0.0204381	0.0204381
11	Gm11_22069569	22069569	0.473684	0.0614063	-0.0614063	0.0614063
11	Gm11_22069747	22069747	0.473684	0.0599871	-0.0599871	0.0599871
11	Gm11_22078405	22078405	0.480263	0.0360343	-0.0360343	0.0360343
11	Gm11_22081893	22081893	0.480263	0.0345738	-0.0345738	0.0345738
11	Gm11_22090361	22090361	0.483553	0.0247146	-0.0247146	0.0247146
11	Gm11_22093921	22093921	0.473684	0.0534383	-0.0534383	0.0534383
11	Gm11_22101118	22101118	0.473684	0.0519498	-0.0519498	0.0519498
11	Gm11_22124878	22124878	0.480263	0.0284276	-0.0284276	0.0284276
11	Gm11_22126356	22126356	0.480263	0.0269432	-0.0269432	0.0269432
11	Gm11_22163859	22163859	0.476974	0.0330941	-0.0330941	0.0330941
11	Gm11_22182120	22182120	0.480263	0.0235866	-0.0235866	0.0235866
11	Gm11_22182141	22182141	0.480263	0.0221749	-0.0221749	0.0221749
11	Gm11_22185282	22185282	0.480263	0.0207493	-0.0207493	0.0207493
11	Gm11_22186917	22186917	0.480263	0.0193812	-0.0193812	0.0193812
11	Gm11_22198725	22198725	0.480263	0.0179439	-0.0179439	0.0179439
11	Gm11_22217746	22217746	0.476974	0.0275877	-0.0275877	0.0275877
11	Gm11_22238647	22238647	0.476974	0.0258291	-0.0258291	0.0258291
11	Gm11_22250664	22250664	0.476974	0.0243068	-0.0243068	0.0243068
11	Gm11_22253515	22253515	0.476974	0.0229471	-0.0229471	0.0229471
11	Gm11_22289505	22289505	0.476974	0.0215854	-0.0215854	0.0215854
11	Gm11_22295647	22295647	0.480263	0.00894902	-0.00894902	0.00894902
11	Gm11_22302744	22302744	0.473684	0.030067	-0.030067	0.030067
11	Gm11_22318484	22318484	0.368421	0.290607	-0.290607	0.290607
11	Gm11_22335370	22335370	0.476974	-0.00877045	0.00877045	-0.00877045
11	Gm11_22335637	22335637	0.483553	-0.030612	0.030612	-0.030612
11	Gm11_22339874	22339874	0.480263	-0.0196047	0.0196047	-0.0196047
11	Gm11_22342201	22342201	0.476974	-0.0120015	0.0120015	-0.0120015
11	Gm11_22345125	22345125	0.0690789	0.319964	-0.319964	0.319964
11	Gm11_22345333	22345333	0.0855263	0.411483	-0.411483	0.411483
11	Gm11_22350261	22350261	0.483553	-0.0510027	0.0510027	-0.0510027
11	Gm11_22357020	22357020	0.476974	-0.0305684	0.0305684	-0.0305684
11	Gm11_22360134	22360134	0.480263	-0.0393305	0.0393305	-0.0393305
11	Gm11_22370678	22370678	0.476974	-0.0306708	0.0306708	-0.0306708
11	Gm11_22377014	22377014	0.473684	-0.0243994	0.0243994	-0.0243994
11	Gm11_22432127	22432127	0.473684	-0.02577	0.02577	-0.02577
11	Gm11_22432339	22432339	0.473684	-0.0271159	0.0271159	-0.0271159
11	Gm11_22451626	22451626	0.0657895	0.344491	-0.344491	0.344491
11	Gm11_22451825	22451825	0.483553	-0.0569696	0.0569696	-0.0569696
11	Gm11_22455996	22455996	0.480263	-0.0469429	0.0469429	-0.0469429
11	Gm11_22488408	22488408	0.480263	-0.0480945	0.0480945	-0.0480945
11	Gm11_22511657	22511657	0.483553	-0.0607669	0.0607669	-0.0607669
11	Gm11_22571777	22571777	0.480263	-0.050176	0.050176	-0.050176
11	Gm11_22571989	22571989	0.483553	-0.0628113	0.0628113	-0.0628113
11	Gm11_22586030	22586030	0.483553	-0.0599587	0.0599587	-0.0599587
11	Gm11_22608121	22608121	0.480263	-0.0572358	0.0572358	-0.0572358
11	Gm11_22610429	22610429	0.476974	-0.0470659	0.0470659	-0.0470659
11	Gm11_22614189	22614189	0.483553	-0.0711068	0.0711068	-0.0711068
11	Gm11_22615535	22615535	0.480263	-0.0608472	0.0608472	-0.0608472
11	Gm11_22620348	22620348	0.473684	-0.0430079	0.0430079	-0.0430079
11	Gm11_22641545	22641545	0.476974	-0.0545924	0.0545924	-0.0545924
11	Gm11_22641868	22641868	0.480263	-0.0672401	0.0672401	-0.0672401
11	Gm11_22725351	22725351	0.476974	-0.0573952	0.0573952	-0.0573952
11	Gm11_22772071	22772071	0.473684	-0.046962	0.046962	-0.046962
11	Gm11_22787306	22787306	0.473684	-0.0480829	0.0480829	-0.0480829
11	Gm11_22787558	22787558	0.414474	0.129897	-0.129897	0.129897
11	Gm11_22791987	22791987	0.480263	-0.0227984	0.0227984	-0.0227984
11	Gm11_22801227	22801227	0.480263	-0.023564	0.023564	-0.023564
11	Gm11_22809861	22809861	0.476974	-0.0128128	0.0128128	-0.0128128
11	Gm11_22810060	22810060	0.476974	-0.0132795	0.0132795	-0.0132795
11	Gm11_22818119	22818119	0.480263	-0.0225617	0.0225617	-0.0225617
11	Gm11_22820431	22820431	0.476974	-0.0177159	0.0177159	-0.0177159
11	Gm11_22820809	22820809	0.476974	-0.014362	0.014362	-0.014362
11	Gm11_22822384	22822384	0.476974	-0.0148954	0.0148954	-0.0148954
11	Gm11_22822605	22822605	0.476974	-0.0151284	0.0151284	-0.0151284
11	Gm11_22846106	22846106	0.480263	-0.0270222	0.0270222	-0.0270222
11	Gm11_22848156	22848156	0.480263	-0.0271697	0.0271697	-0.0271697
11	Gm11_22848332	22848332	0.476974	-0.0162835	0.0162835	-0.0162835
11	Gm11_22848918	22848918	0.483553	-0.0389786	0.0389786	-0.0389786
11	Gm11_22877214	22877214	0.0625	0.00784441	-0.00784441	0.00784441
11	Gm11_22912400	22912400	0.480263	-0.0182253	0.0182253	-0.0182253
11	Gm11_26482655	26482655	0.483553	0.0884019	-0.0884019	0.0884019
11	Gm11_26492567	26492567	0.0855263	0.0492333	-0.0492333	0.0492333
11	Gm11_26540313	26540313	0.473684	0.144061	-0.144061	0.144061
11	Gm11_26540331	26540331	0.473684	0.144708	-0.144708	0.144708
11	Gm11_26540545	26540545	0.473684	0.145724	-0.145724	0.145724
11	Gm11_26555429	26555429	0.480263	0.124978	-0.124978	0.124978
11	Gm11_26567496	26567496	0.480263	0.125996	-0.125996	0.125996
11	Gm11_26567523	26567523	0.480263	0.127022	-0.127022	0.127022
11	Gm11_26571566	26571566	0.480263	0.127541	-0.127541	0.127541
11	Gm11_26755224	26755224	0.483553	0.122539	-0.122539	0.122539
11	Gm11_26811882	26811882	0.483553	0.123575	-0.123575	0.123575
11	Gm11_26811918	26811918	0.483553	0.124612	-0.124612	0.124612
11	Gm11_26813569	26813569	0.483553	0.125652	-0.125652	0.125652
11	Gm11_26836540	26836540	0.486842	0.113259	-0.113259	0.113259
11	Gm11_26836617	26836617	0.490132	0.105351	-0.105351	0.105351
11	Gm11_26836777	26836777	0.486842	0.115845	-0.115845	0.115845
11	Gm11_26847110	26847110	0.473684	0.157182	-0.157182	0.157182
11	Gm11_26847339	26847339	0.473684	0.158061	-0.158061	0.158061
11	Gm11_26861064	26861064	0.5	-0.0972538	0.0972538	-0.0972538
11	Gm11_26873289	26873289	0.424342	0.298561	-0.298561	0.298561
11	Gm11_26873446	26873446	0.424342	0.299612	-0.299612	0.299612
11	Gm11_26873475	26873475	0.424342	0.300654	-0.300654	0.300654
11	Gm11_26873509	26873509	0.424342	0.301668	-0.301668	0.301668
11	Gm11_26878616	26878616	0.427632	0.291299	-0.291299	0.291299
11	Gm11_26878661	26878661	0.421053	0.313787	-0.313787	0.313787
11	Gm11_26882890	26882890	0.421053	0.314057	-0.314057	0.314057
11	Gm11_26884753	26884753	0.0789474	0.268079	-0.268079	0.268079
11	Gm11_26885027	26885027	0.424342	0.310312	-0.310312	0.310312
11	Gm11_26892343	26892343	0.424342	0.311301	-0.311301	0.311301
11	Gm11_26892551	26892551	0.421053	0.320472	-0.320472	0.320472
11	Gm11_26941360	26941360	0.0756579	0.299821	-0.299821	0.299821
11	Gm11_26980766	26980766	0.0822368	0.222554	-0.222554	0.222554
11	Gm11_26998551	26998551	0.476974	-0.0318142	0.0318142	-0.0318142
11	Gm11_27007488	27007488	0.476974	-0.0326543	0.0326543	-0.0326543
11	Gm11_27033932	27033932	0.480263	-0.0434174	0.0434174	-0.0434174
11	Gm11_27075467	27075467	0.115132	0.364056	-0.364056	0.364056
11	Gm11_27105480	27105480	0.111842	0.0591652	-0.0591652	0.0591652
11	Gm11_27106025	27106025	0.105263	0.115394	-0.115394	0.115394
11	Gm11_27106445	27106445	0.115132	0.0296135	-0.0296135	0.0296135
11	Gm11_27131815	27131815	0.105263	0.115922	-0.115922	0.115922
11	Gm11_27132125	27132125	0.101974	0.145011	-0.145011	0.145011
11	Gm11_27134630	27134630	0.118421	0.0187567	-0.0187567	0.0187567
11	Gm11_27134645	27134645	0.108553	0.101249	-0.101249	0.101249
11	Gm11_27150971	27150971	0.118421	0.0575961	-0.0575961	0.0575961
11	Gm11_27150994	27150994	0.230263	-0.16585	0.16585	-0.16585
11	Gm11_27151190	27151190	0.118421	0.0238929	-0.0238929	0.0238929
11	Gm11_27171149	27171149	0.496711	-0.226999	0.226999	-0.226999
11	Gm11_27186430	27186430	0.111842	-0.0547123	0.0547123	-0.0547123
11	Gm11_27186663	27186663	0.111842	-0.0554715	0.0554715	-0.0554715
11	Gm11_27211922	27211922	0.118421	-0.0967459	0.0967459	-0.0967459
11	Gm11_27212157	27212157	0.118421	-0.0977188	0.0977188	-0.0977188
11	Gm11_27213754	27213754	0.115132	-0.0714397	0.0714397	-0.0714397
11	Gm11_27332485	27332485	0.115132	-0.072393	0.072393	-0.072393
11	Gm11_27338662	27338662	0.115132	-0.0733444	0.0733444	-0.0733444
11	Gm11_27338787	27338787	0.118421	-0.101538	0.101538	-0.101538
11	Gm11_27344858	27344858	0.115132	-0.0770406	0.0770406	-0.0770406
11	Gm11_27345202	27345202	0.115132	-0.0779959	0.0779959	-0.0779959
11	Gm11_27345327	27345327	0.115132	-0.0789455	0.0789455	-0.0789455
11	Gm11_27345347	27345347	0.118421	-0.106707	0.106707	-0.106707
11	Gm11_27345684	27345684	0.118421	-0.109703	0.109703	-0.109703
11	Gm11_27346797	27346797	0.115132	-0.0828096	0.0828096	-0.0828096
11	Gm11_27346816	27346816	0.115132	-0.0834805	0.0834805	-0.0834805
11	Gm11_27346829	27346829	0.118421	-0.112297	0.112297	-0.112297
11	Gm11_27347716	27347716	0.115132	-0.0858114	0.0858114	-0.0858114
11	Gm11_27347723	27347723	0.115132	-0.086896	0.086896	-0.086896
11	Gm11_27347728	27347728	0.115132	-0.0879777	0.0879777	-0.0879777
11	Gm11_27347911	27347911	0.115132	-0.0890578	0.0890578	-0.0890578
11	Gm11_27358222	27358222	0.115132	-0.0897951	0.0897951	-0.0897951
11	Gm11_27358371	27358371	0.115132	-0.0908701	0.0908701	-0.0908701
11	Gm11_27358424	27358424	0.115132	-0.0916361	0.0916361	-0.0916361
11	Gm11_27363594	27363594	0.118421	-0.120275	0.120275	-0.120275
11	Gm11_27364681	27364681	0.115132	-0.0933158	0.0933158	-0.0933158
11	Gm11_27366757	27366757	0.0986842	-0.0541453	0.0541453	-0.0541453
11	Gm11_27366768	27366768	0.101974	-0.0848744	0.0848744	-0.0848744
11	Gm11_27372376	27372376	0.111842	-0.104502	0.104502	-0.104502
11	Gm11_27372381	27372381	0.111842	-0.103737	0.103737	-0.103737
11	Gm11_27444243	27444243	0.118421	-0.143615	0.143615	-0.143615
11	Gm11_27445579	27445579	0.118421	-0.142745	0.142745	-0.142745
11	Gm11_27445823	27445823	0.118421	-0.14241	0.14241	-0.14241
11	Gm11_27466755	27466755	0.115132	-0.114408	0.114408	-0.114408
11	Gm11_27467033	27467033	0.115132	-0.113543	0.113543	-0.113543
11	Gm11_27467070	27467070	0.115132	-0.112737	0.112737	-0.112737
11	Gm11_27478336	27478336	0.115132	-0.111991	0.111991	-0.111991
11	Gm11_27480198	27480198	0.0657895	0.0784105	-0.0784105	0.0784105
11	Gm11_27480209	27480209	0.118421	-0.224707	0.224707	-0.224707
11	Gm11_27492628	27492628	0.115132	-0.195759	0.195759	-0.195759
11	Gm11_27494163	27494163	0.118421	-0.221314	0.221314	-0.221314
11	Gm11_27494204	27494204	0.118421	-0.219905	0.219905	-0.219905
11	Gm11_27503198	27503198	0.118421	-0.219327	0.219327	-0.219327
11	Gm11_27507192	27507192	0.115132	-0.191047	0.191047	-0.191047
11	Gm11_27509465	27509465	0.115132	-0.189644	0.189644	-0.189644
11	Gm11_27509492	27509492	0.115132	-0.188245	0.188245	-0.188245
11	Gm11_27509828	27509828	0.115132	-0.186851	0.186851	-0.186851
11	Gm11_27542635	27542635	0.115132	-0.185462	0.185462	-0.185462
11	Gm11_27542750	27542750	0.118421	-0.211515	0.211515	-0.211515
11	Gm11_27544807	27544807	0.0657895	0.0924171	-0.0924171	0.0924171
11	Gm11_27549110	27549110	0.115132	-0.17917	0.17917	-0.17917
11	Gm11_27549124	27549124	0.115132	-0.177803	0.177803	-0.177803
11	Gm11_27549306	27549306	0.115132	-0.176436	0.176436	-0.176436
11	Gm11_27559868	27559868	0.115132	-0.175146	0.175146	-0.175146
11	Gm11_27560536	27560536	0.118421	-0.201178	0.201178	-0.201178
11	Gm11_27560744	27560744	0.121711	-0.22515	0.22515	-0.22515
11	Gm11_27561696	27561696	0.115132	-0.171258	0.171258	-0.171258
11	Gm11_27595830	27595830	0.115132	-0.169976	0.169976	-0.169976
11	Gm11_27595922	27595922	0.115132	-0.168696	0.168696	-0.168696
11	Gm11_27596171	27596171	0.115132	-0.16742	0.16742	-0.16742
11	Gm11_27596632	27596632	0.118421	-0.194099	0.194099	-0.194099
11	Gm11_27602412	27602412	0.121711	-0.188926	0.188926	-0.188926
11	Gm11_27641166	27641166	0.0559211	0.1904	-0.1904	0.1904
11	Gm11_27671409	27671409	0.0559211	0.192206	-0.192206	0.192206
11	Gm11_27673926	27673926	0.0559211	0.193076	-0.193076	0.193076
11	Gm11_27673959	27673959	0.0559211	0.195287	-0.195287	0.195287
11	Gm11_27674562	27674562	0.0559211	0.197487	-0.197487	0.197487
11	Gm11_27675188	27675188	0.0559211	0.199614	-0.199614	0.199614
11	Gm11_27675212	27675212	0.0559211	0.201796	-0.201796	0.201796
11	Gm11_27675243	27675243	0.121711	-0.20013	0.20013	-0.20013
11	Gm11_27682792	27682792	0.414474	0.22772	-0.22772	0.22772
11	Gm11_27685317	27685317	0.125	-0.238267	0.238267	-0.238267
11	Gm11_27685336	27685336	0.0690789	0.0541449	-0.0541449	0.0541449
11	Gm11_27686543	27686543	0.0657895	0.0983921	-0.0983921	0.0983921
11	Gm11_27686561	27686561	0.0657895	0.0977852	-0.0977852	0.0977852
11	Gm11_27694648	27694648	0.0657895	0.0968897	-0.0968897	0.0968897
11	Gm11_27695972	27695972	0.121711	-0.203891	0.203891	-0.203891
11	Gm11_27716033	27716033	0.0592105	0.179165	-0.179165	0.179165
11	Gm11_27716081	27716081	0.0592105	0.180557	-0.180557	0.180557
11	Gm11_27784794	27784794	0.121711	-0.189455	0.189455	-0.189455
11	Gm11_27784809	27784809	0.121711	-0.189265	0.189265	-0.189265
11	Gm11_27785899	27785899	0.121711	-0.189076	0.189076	-0.189076
11	Gm11_27785961	27785961	0.121711	-0.188918	0.188918	-0.188918
11	Gm11_27786146	27786146	0.121711	-0.18873	0.18873	-0.18873
11	Gm11_27787139	27787139	0.121711	-0.188621	0.188621	-0.188621
11	Gm11_27788745	27788745	0.121711	-0.188493	0.188493	-0.188493
11	Gm11_27788750	27788750	0.121711	-0.188461	0.188461	-0.188461
11	Gm11_27788786	27788786	0.115132	-0.161327	0.161327	-0.161327
11	Gm11_27789252	27789252	0.0625	0.121616	-0.121616	0.121616
11	Gm11_27789447	27789447	0.121711	-0.209335	0.209335	-0.209335
11	Gm11_27830615	27830615	0.0625	0.119553	-0.119553	0.119553
11	Gm11_27830804	27830804	0.0625	0.119857	-0.119857	0.119857
11	Gm11_27857884	27857884	0.0625	0.12016	-0.12016	0.12016
11	Gm11_27867023	27867023	0.0625	0.120402	-0.120402	0.120402
11	Gm11_27867049	27867049	0.0625	0.120704	-0.120704	0.120704
11	Gm11_27869778	27869778	0.0625	0.0969771	-0.0969771	0.0969771
11	Gm11_27869788	27869788	0.0625	0.097315	-0.097315	0.097315
11	Gm11_27895270	27895270	0.121711	-0.209145	0.209145	-0.209145
11	Gm11_27895447	27895447	0.0625	0.150678	-0.150678	0.150678
11	Gm11_27895590	27895590	0.0592105	0.200614	-0.200614	0.200614
11	Gm11_27895736	27895736	0.0592105	0.201486	-0.201486	0.201486
11	Gm11_27898130	27898130	0.0657895	0.0673252	-0.0673252	0.0673252
11	Gm11_27901784	27901784	0.0592105	0.204399	-0.204399	0.204399
11	Gm11_27908732	27908732	0.0625	0.115758	-0.115758	0.115758
11	Gm11_27908754	27908754	0.0592105	0.205279	-0.205279	0.205279
11	Gm11_27912158	27912158	0.0592105	0.206165	-0.206165	0.206165
11	Gm11_27913411	27913411	0.0592105	0.207095	-0.207095	0.207095
11	Gm11_27913559	27913559	0.121711	-0.201737	0.201737	-0.201737
11	Gm11_27913707	27913707	0.0625	0.119383	-0.119383	0.119383
11	Gm11_27915130	27915130	0.121711	-0.200408	0.200408	-0.200408
11	Gm11_27919613	27919613	0.0592105	0.210829	-0.210829	0.210829
11	Gm11_27930368	27930368	0.0625	0.121388	-0.121388	0.121388
11	Gm11_27930977	27930977	0.0592105	0.21122	-0.21122	0.21122
11	Gm11_27934716	27934716	0.0592105	0.211887	-0.211887	0.211887
11	Gm11_27944008	27944008	0.0657895	0.0766627	-0.0766627	0.0766627
11	Gm11_27947896	27947896	0.125	-0.215886	0.215886	-0.215886
11	Gm11_27954624	27954624	0.125	-0.214648	0.214648	-0.214648
11	Gm11_27956771	27956771	0.121711	-0.187912	0.187912	-0.187912
11	Gm11_27958301	27958301	0.0625	0.127888	-0.127888	0.127888
11	Gm11_27958320	27958320	0.0625	0.129144	-0.129144	0.129144
11	Gm11_27958358	27958358	0.0592105	0.219299	-0.219299	0.219299
11	Gm11_27958507	27958507	0.0592105	0.220537	-0.220537	0.220537
11	Gm11_27967987	27967987	0.0592105	0.221775	-0.221775	0.221775
11	Gm11_27987118	27987118	0.125	-0.205318	0.205318	-0.205318
11	Gm11_27987406	27987406	0.125	-0.204066	0.204066	-0.204066
11	Gm11_27987432	27987432	0.125	-0.202814	0.202814	-0.202814
11	Gm11_27988307	27988307	0.0592105	0.227487	-0.227487	0.227487
11	Gm11_28007526	28007526	0.309211	0.196187	-0.196187	0.196187
11	Gm11_28007737	28007737	0.0625	0.124303	-0.124303	0.124303
11	Gm11_28010069	28010069	0.0592105	0.213844	-0.213844	0.213844
11	Gm11_28010417	28010417	0.125	-0.214777	0.214777	-0.214777
11	Gm11_28010426	28010426	0.125	-0.215478	0.215478	-0.215478
11	Gm11_28062619	28062619	0.125	-0.216524	0.216524	-0.216524
11	Gm11_28063050	28063050	0.125	-0.216641	0.216641	-0.216641
11	Gm11_28063066	28063066	0.0625	0.118661	-0.118661	0.118661
11	Gm11_28063086	28063086	0.0625	0.117311	-0.117311	0.117311
11	Gm11_28063214	28063214	0.0657895	0.116536	-0.116536	0.116536
11	Gm11_28063221	28063221	0.125	-0.220477	0.220477	-0.220477
11	Gm11_28067364	28067364	0.0592105	0.212107	-0.212107	0.212107
11	Gm11_28070167	28070167	0.125	-0.220369	0.220369	-0.220369
11	Gm11_28070385	28070385	0.125	-0.221054	0.221054	-0.221054
11	Gm11_28074902	28074902	0.0657895	0.0732452	-0.0732452	0.0732452
11	Gm11_28135478	28135478	0.0657895	0.0719356	-0.0719356	0.0719356
11	Gm11_28135496	28135496	0.0657895	0.0706256	-0.0706256	0.0706256
11	Gm11_28135827	28135827	0.0657895	0.0693152	-0.0693152	0.0693152
11	Gm11_28139173	28139173	0.125	-0.227418	0.227418	-0.227418
11	Gm11_28157755	28157755	0.0657895	0.0678372	-0.0678372	0.0678372
11	Gm11_28158007	28158007	0.125	-0.228532	0.228532	-0.228532
11	Gm11_28161442	28161442	0.0657895	0.0657754	-0.0657754	0.0657754
11	Gm11_28163970	28163970	0.121711	-0.205577	0.205577	-0.205577
11	Gm11_28164747	28164747	0.0592105	0.209259	-0.209259	0.209259
11	Gm11_28175367	28175367	0.0592105	0.209104	-0.209104	0.209104
11	Gm11_28177704	28177704	0.121711	-0.207627	0.207627	-0.207627
11	Gm11_28178054	28178054	0.0592105	0.126014	-0.126014	0.126014
11	Gm11_28197228	28197228	0.0625	0.100094	-0.100094	0.100094
11	Gm11_28197239	28197239	0.121711	-0.210616	0.210616	-0.210616
11	Gm11_28199913	28199913	0.0625	0.0989328	-0.0989328	0.0989328
11	Gm11_28200095	28200095	0.0592105	0.208904	-0.208904	0.208904
11	Gm11_28200109	28200109	0.0592105	0.208503	-0.208503	0.208503
11	Gm11_28209395	28209395	0.121711	-0.212638	0.212638	-0.212638
11	Gm11_28239591	28239591	0.0592105	0.208475	-0.208475	0.208475
11	Gm11_28274010	28274010	0.0592105	0.208167	-0.208167	0.208167
11	Gm11_28274343	28274343	0.121711	-0.213754	0.213754	-0.213754
11	Gm11_28277020	28277020	0.0592105	0.207081	-0.207081	0.207081
11	Gm11_28326630	28326630	0.0592105	0.205886	-0.205886	0.205886
11	Gm11_28326790	28326790	0.121711	-0.216978	0.216978	-0.216978
11	Gm11_28327593	28327593	0.0592105	0.203673	-0.203673	0.203673
11	Gm11_28329652	28329652	0.0657895	0.0412899	-0.0412899	0.0412899
11	Gm11_28329693	28329693	0.128289	-0.267766	0.267766	-0.267766
11	Gm11_28337949	28337949	0.118421	-0.20523	0.20523	-0.20523
11	Gm11_28343765	28343765	0.0592105	0.198732	-0.198732	0.198732
11	Gm11_28375161	28375161	0.121711	-0.225247	0.225247	-0.225247
11	Gm11_28375188	28375188	0.0592105	0.19747	-0.19747	0.19747
11	Gm11_28375213	28375213	0.0625	0.0823704	-0.0823704	0.0823704
11	Gm11_28408195	28408195	0.0592105	0.105971	-0.105971	0.105971
11	Gm11_28408696	28408696	0.0592105	0.196266	-0.196266	0.196266
11	Gm11_28408704	28408704	0.0625	0.0829913	-0.0829913	0.0829913
11	Gm11_28409282	28409282	0.0625	0.0832815	-0.0832815	0.0832815
11	Gm11_28411853	28411853	0.0625	0.0835455	-0.0835455	0.0835455
11	Gm11_28412015	28412015	0.0592105	0.194205	-0.194205	0.194205
11	Gm11_28414016	28414016	0.0657895	0.0368594	-0.0368594	0.0368594
11	Gm11_28414029	28414029	0.0657895	0.0371242	-0.0371242	0.0371242
11	Gm11_28469158	28469158	0.121711	-0.224249	0.224249	-0.224249
11	Gm11_28470264	28470264	0.121711	-0.224482	0.224482	-0.224482
11	Gm11_28478855	28478855	0.0657895	0.0387795	-0.0387795	0.0387795
11	Gm11_28487708	28487708	0.0592105	0.190541	-0.190541	0.190541
11	Gm11_28566942	28566942	0.125	-0.242218	0.242218	-0.242218
11	Gm11_28568193	28568193	0.174342	-0.432326	0.432326	-0.432326
11	Gm11_28580513	28580513	0.125	-0.23742	0.23742	-0.23742
11	Gm11_28584788	28584788	0.121711	-0.212822	0.212822	-0.212822
11	Gm11_28584848	28584848	0.121711	-0.213382	0.213382	-0.213382
11	Gm11_28585108	28585108	0.0625	0.0903677	-0.0903677	0.0903677
11	Gm11_28586104	28586104	0.121711	-0.223221	0.223221	-0.223221
11	Gm11_28611039	28611039	0.121711	-0.22405	0.22405	-0.22405
11	Gm11_28611340	28611340	0.0625	0.0873298	-0.0873298	0.0873298
11	Gm11_28611669	28611669	0.0625	0.0868012	-0.0868012	0.0868012
11	Gm11_28632036	28632036	0.0625	0.0862721	-0.0862721	0.0862721
11	Gm11_28633073	28633073	0.0657895	0.0379166	-0.0379166	0.0379166
11	Gm11_28646138	28646138	0.141447	-0.349397	0.349397	-0.349397
11	Gm11_28654306	28654306	0.0625	0.0878098	-0.0878098	0.0878098
11	Gm11_28659817	28659817	0.125	-0.255786	0.255786	-0.255786
11	Gm11_28660102	28660102	0.0592105	0.180625	-0.180625	0.180625
11	Gm11_28661595	28661595	0.0592105	0.17946	-0.17946	0.17946
11	Gm11_28674953	28674953	0.0592105	0.178293	-0.178293	0.178293
11	Gm11_28692209	28692209	0.0625	0.0839725	-0.0839725	0.0839725
11	Gm11_28692230	28692230	0.121711	-0.235403	0.235403	-0.235403
11	Gm11_28692500	28692500	0.0625	0.0825997	-0.0825997	0.0825997
11	Gm11_28710463	28710463	0.125	-0.279496	0.279496	-0.279496
11	Gm11_28718588	28718588	0.0592105	0.17142	-0.17142	0.17142
11	Gm11_28718840	28718840	0.0592105	0.170608	-0.170608	0.170608
11	Gm11_28719131	28719131	0.0592105	0.169869	-0.169869	0.169869
11	Gm11_28770503	28770503	0.0592105	0.16913	-0.16913	0.16913
11	Gm11_28771045	28771045	0.0592105	0.16839	-0.16839	0.16839
11	Gm11_28784544	28784544	0.121711	-0.234528	0.234528	-0.234528
11	Gm11_28784681	28784681	0.121711	-0.235024	0.235024	-0.235024
11	Gm11_28786726	28786726	0.286184	0.18107	-0.18107	0.18107
11	Gm11_28787013	28787013	0.0592105	0.147759	-0.147759	0.147759
11	Gm11_28787840	28787840	0.0625	0.0587778	-0.0587778	0.0587778
11	Gm11_28793793	28793793	0.0592105	0.142573	-0.142573	0.142573
11	Gm11_28798073	28798073	0.0592105	0.140071	-0.140071	0.140071
11	Gm11_28801535	28801535	0.0657895	0.00577446	-0.00577446	0.00577446
11	Gm11_28805443	28805443	0.121711	-0.27416	0.27416	-0.27416
11	Gm11_28805693	28805693	0.0625	0.047314	-0.047314	0.047314
11	Gm11_28822899	28822899	0.121711	-0.275099	0.275099	-0.275099
11	Gm11_28822928	28822928	0.121711	-0.277361	0.277361	-0.277361
11	Gm11_28840487	28840487	0.0625	0.0396147	-0.0396147	0.0396147
11	Gm11_28852832	28852832	0.0625	0.0376482	-0.0376482	0.0376482
11	Gm11_28866407	28866407	0.0625	0.0356904	-0.0356904	0.0356904
11	Gm11_28866526	28866526	0.0625	-0.0149458	0.0149458	-0.0149458
11	Gm11_28921440	28921440	0.0657895	-0.0258341	0.0258341	-0.0258341
11	Gm11_28922647	28922647	0.0657895	-0.0267483	0.0267483	-0.0267483
11	Gm11_28938931	28938931	0.0657895	-0.0276585	0.0276585	-0.0276585
11	Gm11_28938943	28938943	0.0592105	0.109773	-0.109773	0.109773
11	Gm11_28938957	28938957	0.0592105	0.107843	-0.107843	0.107843
11	Gm11_28941389	28941389	0.0657895	-0.0280876	0.0280876	-0.0280876
11	Gm11_28946400	28946400	0.0592105	0.10462	-0.10462	0.10462
11	Gm11_29028008	29028008	0.125	-0.32969	0.32969	-0.32969
11	Gm11_29033776	29033776	0.125	-0.331125	0.331125	-0.331125
11	Gm11_29034645	29034645	0.0592105	0.0974994	-0.0974994	0.0974994
11	Gm11_29034666	29034666	0.0625	0.0460449	-0.0460449	0.0460449
11	Gm11_29035823	29035823	0.0592105	0.0943629	-0.0943629	0.0943629
11	Gm11_29038442	29038442	0.0592105	0.0924648	-0.0924648	0.0924648
11	Gm11_29038734	29038734	0.0657895	-0.034371	0.034371	-0.034371
11	Gm11_29038739	29038739	0.125	-0.340605	0.340605	-0.340605
11	Gm11_29043411	29043411	0.0657895	-0.0361445	0.0361445	-0.0361445
11	Gm11_29043433	29043433	0.125	-0.339873	0.339873	-0.339873
11	Gm11_29080738	29080738	0.121711	-0.317591	0.317591	-0.317591
11	Gm11_29081383	29081383	0.121711	-0.318985	0.318985	-0.318985
11	Gm11_29170890	29170890	0.0625	0.00333167	-0.00333167	0.00333167
11	Gm11_29193852	29193852	0.121711	-0.324175	0.324175	-0.324175
11	Gm11_29234772	29234772	0.121711	-0.325546	0.325546	-0.325546
11	Gm11_29256813	29256813	0.0592105	0.0754956	-0.0754956	0.0754956
11	Gm11_29273002	29273002	0.0592105	0.0736587	-0.0736587	0.0736587
11	Gm11_29278680	29278680	0.128289	-0.38054	0.38054	-0.38054
11	Gm11_29279006	29279006	0.0657895	-0.0496652	0.0496652	-0.0496652
11	Gm11_29284805	29284805	0.0592105	0.0668052	-0.0668052	0.0668052
11	Gm11_29292342	29292342	0.0657895	-0.0538182	0.0538182	-0.0538182
11	Gm11_29293133	29293133	0.121711	-0.339201	0.339201	-0.339201
11	Gm11_29333705	29333705	0.0592105	0.061192	-0.061192	0.061192
11	Gm11_29333890	29333890	0.0625	-0.00914177	0.00914177	-0.00914177
11	Gm11_29360844	29360844	0.0592105	0.0578793	-0.0578793	0.0578793
11	Gm11_29368748	29368748	0.0592105	0.0111708	-0.0111708	0.0111708
11	Gm11_29369390	29369390	0.0657895	-0.0861669	0.0861669	-0.0861669
11	Gm11_29372288	29372288	0.0625	-0.0148639	0.0148639	-0.0148639
11	Gm11_29446422	29446422	0.0625	-0.0150829	0.0150829	-0.0150829
11	Gm11_29446470	29446470	0.0592105	0.0579299	-0.0579299	0.0579299
11	Gm11_29453672	29453672	0.0657895	-0.0634884	0.0634884	-0.0634884
11	Gm11_29454031	29454031	0.0657895	-0.0638046	0.0638046	-0.0638046
11	Gm11_29473481	29473481	0.0625	-0.0165136	0.0165136	-0.0165136
11	Gm11_29474355	29474355	0.0592105	0.0542628	-0.0542628	0.0542628
11	Gm11_29474422	29474422	0.0592105	0.0534278	-0.0534278	0.0534278
11	Gm11_29474837	29474837	0.121711	-0.348374	0.348374	-0.348374
11	Gm11_29475731	29475731	0.0592105	0.0519229	-0.0519229	0.0519229
11	Gm11_29476574	29476574	0.0592105	0.0511902	-0.0511902	0.0511902
11	Gm11_29478184	29478184	0.118421	-0.335242	0.335242	-0.335242
11	Gm11_29479506	29479506	0.0657895	-0.0686343	0.0686343	-0.0686343
11	Gm11_29501571	29501571	0.0657895	-0.0691502	0.0691502	-0.0691502
11	Gm11_29542866	29542866	0.0592105	0.024957	-0.024957	0.024957
11	Gm11_29543103	29543103	0.0592105	0.0486969	-0.0486969	0.0486969
11	Gm11_29583177	29583177	0.0625	0.00426759	-0.00426759	0.00426759
11	Gm11_29589874	29589874	0.0592105	0.0467674	-0.0467674	0.0467674
11	Gm11_29591026	29591026	0.0625	-0.00429791	0.00429791	-0.00429791
11	Gm11_29591546	29591546	0.121711	-0.340007	0.340007	-0.340007
11	Gm11_29604117	29604117	0.121711	-0.340514	0.340514	-0.340514
11	Gm11_29607710	29607710	0.0657895	-0.047237	0.047237	-0.047237
11	Gm11_29628392	29628392	0.0625	0.000922791	-0.000922791	0.000922791
11	Gm11_29664799	29664799	0.0625	0.000829953	-0.000829953	0.000829953
11	Gm11_29664845	29664845	0.0625	0.000593896	-0.000593896	0.000593896
11	Gm11_29665059	29665059	0.121711	-0.339722	0.339722	-0.339722
11	Gm11_29670751	29670751	0.121711	-0.340071	0.340071	-0.340071
11	Gm11_29671009	29671009	0.125	-0.366433	0.366433	-0.366433
11	Gm11_29677517	29677517	0.0592105	0.0384172	-0.0384172	0.0384172
11	Gm11_29690934	29690934	0.0592105	0.0378117	-0.0378117	0.0378117
11	Gm11_29699428	29699428	0.144737	-0.475257	0.475257	-0.475257
11	Gm11_29699445	29699445	0.141447	-0.45857	0.45857	-0.45857
11	Gm11_29715039	29715039	0.0625	0.000205528	-0.000205528	0.000205528
11	Gm11_29716534	29716534	0.121711	-0.346062	0.346062	-0.346062
11	Gm11_29716816	29716816	0.121711	-0.346401	0.346401	-0.346401
11	Gm11_29717278	29717278	0.0625	-0.00027168	0.00027168	-0.00027168
11	Gm11_29725520	29725520	0.121711	-0.35065	0.35065	-0.35065
11	Gm11_29733141	29733141	0.0592105	0.0312635	-0.0312635	0.0312635
11	Gm11_29734322	29734322	0.0657895	-0.0475837	0.0475837	-0.0475837
11	Gm11_29734518	29734518	0.125	-0.378368	0.378368	-0.378368
11	Gm11_29735355	29735355	0.0657895	-0.0477516	0.0477516	-0.0477516
11	Gm11_29737379	29737379	0.125	-0.378972	0.378972	-0.378972
11	Gm11_29738918	29738918	0.0625	-0.000822217	0.000822217	-0.000822217
11	Gm11_29739040	29739040	0.0592105	0.0246462	-0.0246462	0.0246462
11	Gm11_29740637	29740637	0.121711	-0.354882	0.354882	-0.354882
11	Gm11_29740835	29740835	0.0625	-0.00115882	0.00115882	-0.00115882
11	Gm11_29787200	29787200	0.0657895	-0.0489754	0.0489754	-0.0489754
11	Gm11_29787434	29787434	0.0657895	-0.048935	0.048935	-0.048935
11	Gm11_29787481	29787481	0.125	-0.382086	0.382086	-0.382086
11	Gm11_29789425	29789425	0.0625	-0.000722179	0.000722179	-0.000722179
11	Gm11_29791554	29791554	0.0625	-0.000677245	0.000677245	-0.000677245
11	Gm11_29791806	29791806	0.125	-0.379006	0.379006	-0.379006
11	Gm11_29792143	29792143	0.121711	-0.35501	0.35501	-0.35501
11	Gm11_29792168	29792168	0.0625	0.0004306	-0.0004306	0.0004306
11	Gm11_29794596	29794596	0.125	-0.38003	0.38003	-0.38003
11	Gm11_29794862	29794862	0.125	-0.379495	0.379495	-0.379495
11	Gm11_29794904	29794904	0.0625	0.00307013	-0.00307013	0.00307013
11	Gm11_29809634	29809634	0.0592105	0.0153057	-0.0153057	0.0153057
11	Gm11_29809644	29809644	0.0592105	0.015326	-0.015326	0.015326
11	Gm11_29811629	29811629	0.0592105	0.015441	-0.015441	0.015441
11	Gm11_29849542	29849542	0.0592105	0.0156422	-0.0156422	0.0156422
11	Gm11_29849920	29849920	0.121711	-0.353597	0.353597	-0.353597
11	Gm11_29850146	29850146	0.0592105	0.0151001	-0.0151001	0.0151001
11	Gm11_29850569	29850569	0.0592105	0.0153617	-0.0153617	0.0153617
11	Gm11_29850744	29850744	0.0592105	0.01557	-0.01557	0.01557
11	Gm11_29851003	29851003	0.0592105	0.0158637	-0.0158637	0.0158637
11	Gm11_29851056	29851056	0.0592105	0.0157779	-0.0157779	0.0157779
11	Gm11_29851070	29851070	0.0592105	0.0159871	-0.0159871	0.0159871
11	Gm11_29853896	29853896	0.121711	-0.346271	0.346271	-0.346271
11	Gm11_29857599	29857599	0.125	-0.371297	0.371297	-0.371297
11	Gm11_29858396	29858396	0.0592105	0.0188362	-0.0188362	0.0188362
11	Gm11_29868631	29868631	0.0657895	-0.0299529	0.0299529	-0.0299529
11	Gm11_29868655	29868655	0.0592105	0.0191276	-0.0191276	0.0191276
11	Gm11_29892338	29892338	0.121711	-0.343807	0.343807	-0.343807
11	Gm11_29892496	29892496	0.121711	-0.343199	0.343199	-0.343199
11	Gm11_29900901	29900901	0.0625	0.0207059	-0.0207059	0.0207059
11	Gm11_29900927	29900927	0.121711	-0.344983	0.344983	-0.344983
11	Gm11_29901277	29901277	0.0657895	-0.0257179	0.0257179	-0.0257179
11	Gm11_29901350	29901350	0.121711	-0.34412	0.34412	-0.34412
11	Gm11_29901497	29901497	0.0592105	0.018831	-0.018831	0.018831
11	Gm11_29901515	29901515	0.0592105	0.0190064	-0.0190064	0.0190064
11	Gm11_29913995	29913995	0.0592105	0.0192584	-0.0192584	0.0192584
11	Gm11_29920705	29920705	0.0625	0.0270054	-0.0270054	0.0270054
11	Gm11_29920921	29920921	0.0592105	0.0190848	-0.0190848	0.0190848
11	Gm11_29920968	29920968	0.0592105	0.0192689	-0.0192689	0.0192689
11	Gm11_29921737	29921737	0.0592105	0.0192033	-0.0192033	0.0192033
11	Gm11_29925833	29925833	0.0592105	0.0194316	-0.0194316	0.0194316
11	Gm11_29926115	29926115	0.0657895	0.000356767	-0.000356767	0.000356767
11	Gm11_29952173	29952173	0.0592105	0.0228	-0.0228	0.0228
11	Gm11_29952392	29952392	0.121711	-0.340608	0.340608	-0.340608
11	Gm11_29954535	29954535	0.0592105	0.0214147	-0.0214147	0.0214147
11	Gm11_29956663	29956663	0.0592105	0.0216118	-0.0216118	0.0216118
11	Gm11_29959266	29959266	0.0592105	0.0218323	-0.0218323	0.0218323
11	Gm11_29965224	29965224	0.0592105	0.0220687	-0.0220687	0.0220687
11	Gm11_29965292	29965292	0.0592105	0.022337	-0.022337	0.022337
11	Gm11_29965467	29965467	0.0657895	0.00779672	-0.00779672	0.00779672
11	Gm11_29965484	29965484	0.0657895	0.00915971	-0.00915971	0.00915971
11	Gm11_29973507	29973507	0.141447	-0.442372	0.442372	-0.442372
11	Gm11_29988581	29988581	0.0559211	0.0522302	-0.0522302	0.0522302
11	Gm11_29988660	29988660	0.134868	-0.437184	0.437184	-0.437184
11	Gm11_29990400	29990400	0.144737	-0.491064	0.491064	-0.491064
11	Gm11_30019659	30019659	0.0690789	-0.0393786	0.0393786	-0.0393786
11	Gm11_30019809	30019809	0.0690789	-0.0381179	0.0381179	-0.0381179
11	Gm11_30043916	30043916	0.0789474	-0.227277	0.227277	-0.227277
11	Gm11_30044112	30044112	0.0559211	0.0119826	-0.0119826	0.0119826
11	Gm11_30064480	30064480	0.0855263	-0.193323	0.193323	-0.193323
11	Gm11_30064512	30064512	0.0657895	0.0274221	-0.0274221	0.0274221
11	Gm11_30064521	30064521	0.167763	-0.597094	0.597094	-0.597094
11	Gm11_30075274	30075274	0.164474	-0.579812	0.579812	-0.579812
11	Gm11_30076879	30076879	0.0592105	-0.0455902	0.0455902	-0.0455902
11	Gm11_30104602	30104602	0.0592105	-0.0457721	0.0457721	-0.0457721
11	Gm11_30124681	30124681	0.161184	-0.535297	0.535297	-0.535297
11	Gm11_30132107	30132107	0.121711	-0.297562	0.297562	-0.297562
11	Gm11_30132356	30132356	0.161184	-0.534995	0.534995	-0.534995
11	Gm11_30140315	30140315	0.115132	-0.261518	0.261518	-0.261518
11	Gm11_30140351	30140351	0.108553	-0.22074	0.22074	-0.22074
11	Gm11_30142337	30142337	0.171053	-0.57369	0.57369	-0.57369
11	Gm11_30169729	30169729	0.0559211	0.00204501	-0.00204501	0.00204501
11	Gm11_30170115	30170115	0.0592105	-0.0495591	0.0495591	-0.0495591
11	Gm11_30181928	30181928	0.0592105	-0.0497459	0.0497459	-0.0497459
11	Gm11_30182250	30182250	0.0592105	-0.0498882	0.0498882	-0.0498882
11	Gm11_30182986	30182986	0.0855263	-0.336998	0.336998	-0.336998
11	Gm11_30184009	30184009	0.0855263	-0.337283	0.337283	-0.337283
11	Gm11_30184030	30184030	0.0559211	0.00191065	-0.00191065	0.00191065
11	Gm11_30184392	30184392	0.0855263	-0.342136	0.342136	-0.342136
11	Gm11_30196790	30196790	0.0592105	-0.050298	0.050298	-0.050298
11	Gm11_30196800	30196800	0.0855263	-0.343461	0.343461	-0.343461
11	Gm11_30200258	30200258	0.0592105	-0.0508286	0.0508286	-0.0508286
11	Gm11_30211600	30211600	0.0559211	0.00090241	-0.00090241	0.00090241
11	Gm11_30221850	30221850	0.0855263	-0.34156	0.34156	-0.34156
11	Gm11_30291970	30291970	0.144737	-0.461877	0.461877	-0.461877
11	Gm11_30343733	30343733	0.141447	-0.443213	0.443213	-0.443213
11	Gm11_30477582	30477582	0.0986842	-0.228129	0.228129	-0.228129
11	Gm11_30501787	30501787	0.0953947	-0.194816	0.194816	-0.194816
11	Gm11_30616030	30616030	0.0723684	-0.00444739	0.00444739	-0.00444739
11	Gm11_30627435	30627435	0.0756579	-0.0384942	0.0384942	-0.0384942
11	Gm11_30647841	30647841	0.0723684	0.00340551	-0.00340551	0.00340551
11	Gm11_30648053	30648053	0.0690789	0.0482618	-0.0482618	0.0482618
11	Gm11_30648209	30648209	0.0921053	-0.154765	0.154765	-0.154765
11	Gm11_30668938	30668938	0.0723684	0.00425534	-0.00425534	0.00425534
11	Gm11_30741508	30741508	0.105263	-0.259357	0.259357	-0.259357
11	Gm11_30844133	30844133	0.0690789	0.0517979	-0.0517979	0.0517979
11	Gm11_30859450	30859450	0.101974	-0.219021	0.219021	-0.219021
11	Gm11_31032207	31032207	0.483553	0.197636	-0.197636	0.197636
11	Gm11_31063686	31063686	0.476974	0.215955	-0.215955	0.215955
11	Gm11_31065781	31065781	0.0657895	0.34895	-0.34895	0.34895
11	Gm11_31066689	31066689	0.483553	0.134379	-0.134379	0.134379
11	Gm11_31078924	31078924	0.473684	0.162371	-0.162371	0.162371
11	Gm11_31085487	31085487	0.476974	0.149092	-0.149092	0.149092
11	Gm11_31090015	31090015	0.473684	0.159239	-0.159239	0.159239
11	Gm11_31102386	31102386	0.480263	0.13533	-0.13533	0.13533
11	Gm11_31122302	31122302	0.480263	0.133932	-0.133932	0.133932
11	Gm11_31132173	31132173	0.476974	0.143882	-0.143882	0.143882
11	Gm11_31146931	31146931	0.476974	0.142427	-0.142427	0.142427
11	Gm11_31190464	31190464	0.476974	0.141053	-0.141053	0.141053
11	Gm11_31190814	31190814	0.473684	0.14918	-0.14918	0.14918
11	Gm11_31208038	31208038	0.476974	0.136905	-0.136905	0.136905
11	Gm11_31249438	31249438	0.480263	0.124301	-0.124301	0.124301
11	Gm11_31249451	31249451	0.473684	0.141695	-0.141695	0.141695
11	Gm11_31250780	31250780	0.138158	0.203775	-0.203775	0.203775
11	Gm11_31256287	31256287	0.476974	0.175899	-0.175899	0.175899
11	Gm11_31257163	31257163	0.476974	0.172947	-0.172947	0.172947
11	Gm11_31257599	31257599	0.476974	0.170645	-0.170645	0.170645
11	Gm11_31291419	31291419	0.480263	0.157112	-0.157112	0.157112
11	Gm11_31300616	31300616	0.473684	0.177474	-0.177474	0.177474
11	Gm11_31367225	31367225	0.0625	0.33721	-0.33721	0.33721
11	Gm11_31367278	31367278	0.480263	0.146221	-0.146221	0.146221
11	Gm11_31394274	31394274	0.476974	0.155475	-0.155475	0.155475
11	Gm11_31446725	31446725	0.483553	0.132805	-0.132805	0.132805
11	Gm11_31446796	31446796	0.486842	0.11919	-0.11919	0.11919
11	Gm11_31446841	31446841	0.476974	0.147438	-0.147438	0.147438
11	Gm11_31456864	31456864	0.476974	0.145027	-0.145027	0.145027
11	Gm11_31456917	31456917	0.476974	0.142763	-0.142763	0.142763
11	Gm11_31457109	31457109	0.476974	0.141038	-0.141038	0.141038
11	Gm11_31457117	31457117	0.476974	0.138719	-0.138719	0.138719
11	Gm11_31459234	31459234	0.476974	0.136417	-0.136417	0.136417
11	Gm11_31459304	31459304	0.476974	0.134114	-0.134114	0.134114
11	Gm11_31469307	31469307	0.473684	0.143489	-0.143489	0.143489
11	Gm11_31469474	31469474	0.480263	0.119493	-0.119493	0.119493
11	Gm11_31469497	31469497	0.473684	0.139675	-0.139675	0.139675
11	Gm11_31486227	31486227	0.480263	0.114892	-0.114892	0.114892
11	Gm11_31515506	31515506	0.0986842	0.404541	-0.404541	0.404541
11	Gm11_31567095	31567095	0.476974	0.129283	-0.129283	0.129283
11	Gm11_31567120	31567120	0.476974	0.127338	-0.127338	0.127338
11	Gm11_31573798	31573798	0.476974	0.126781	-0.126781	0.126781
11	Gm11_31602785	31602785	0.480263	0.109731	-0.109731	0.109731
11	Gm11_31637109	31637109	0.476974	0.118678	-0.118678	0.118678
11	Gm11_31641457	31641457	0.483553	0.0944593	-0.0944593	0.0944593
11	Gm11_31641484	31641484	0.483553	0.0923229	-0.0923229	0.0923229
11	Gm11_31651948	31651948	0.480263	0.0972383	-0.0972383	0.0972383
11	Gm11_31656763	31656763	0.483553	0.0840276	-0.0840276	0.0840276
11	Gm11_31656813	31656813	0.483553	0.0815942	-0.0815942	0.0815942
11	Gm11_31674295	31674295	0.483553	0.0791586	-0.0791586	0.0791586
11	Gm11_31674353	31674353	0.483553	0.0798931	-0.0798931	0.0798931
11	Gm11_31697032	31697032	0.483553	0.0738395	-0.0738395	0.0738395
11	Gm11_31697048	31697048	0.483553	0.0717272	-0.0717272	0.0717272
11	Gm11_31703673	31703673	0.480263	0.08039	-0.08039	0.08039
11	Gm11_31733314	31733314	0.118421	0.319535	-0.319535	0.319535
11	Gm11_31733512	31733512	0.0559211	0.41308	-0.41308	0.41308
11	Gm11_31751148	31751148	0.476974	0.0807501	-0.0807501	0.0807501
11	Gm11_31769734	31769734	0.434211	0.192974	-0.192974	0.192974
11	Gm11_31769763	31769763	0.0953947	-0.101592	0.101592	-0.101592
11	Gm11_31772638	31772638	0.476974	0.0635311	-0.0635311	0.0635311
11	Gm11_31827296	31827296	0.480263	0.0505011	-0.0505011	0.0505011
11	Gm11_31827444	31827444	0.476974	0.0602051	-0.0602051	0.0602051
11	Gm11_31889468	31889468	0.476974	0.0583834	-0.0583834	0.0583834
11	Gm11_31905968	31905968	0.473684	0.0677777	-0.0677777	0.0677777
11	Gm11_31945093	31945093	0.470395	0.0770166	-0.0770166	0.0770166
11	Gm11_31946897	31946897	0.473684	0.0669154	-0.0669154	0.0669154
11	Gm11_32011647	32011647	0.480263	0.0431578	-0.0431578	0.0431578
11	Gm11_32011902	32011902	0.480263	0.0425805	-0.0425805	0.0425805
11	Gm11_32015012	32015012	0.470395	0.0710764	-0.0710764	0.0710764
11	Gm11_32023195	32023195	0.480263	0.0392576	-0.0392576	0.0392576
11	Gm11_32046729	32046729	0.473684	0.0611327	-0.0611327	0.0611327
11	Gm11_32059486	32059486	0.480263	0.0380691	-0.0380691	0.0380691
11	Gm11_32078453	32078453	0.480263	0.0371979	-0.0371979	0.0371979
11	Gm11_32115285	32115285	0.480263	0.0363279	-0.0363279	0.0363279
11	Gm11_32130579	32130579	0.480263	0.0358057	-0.0358057	0.0358057
11	Gm11_32130617	32130617	0.125	0.360651	-0.360651	0.360651
11	Gm11_32197890	32197890	0.480263	-0.0261037	0.0261037	-0.0261037
11	Gm11_32198056	32198056	0.480263	-0.0270162	0.0270162	-0.0270162
11	Gm11_32200399	32200399	0.473684	-0.00584116	0.00584116	-0.00584116
11	Gm11_32200630	32200630	0.473684	-0.0067586	0.0067586	-0.0067586
11	Gm11_32207621	32207621	0.480263	-0.0296157	0.0296157	-0.0296157
11	Gm11_32207796	32207796	0.483553	-0.0391026	0.0391026	-0.0391026
11	Gm11_32207831	32207831	0.476974	-0.0204976	0.0204976	-0.0204976
11	Gm11_32207887	32207887	0.476974	-0.0214424	0.0214424	-0.0214424
11	Gm11_32212493	32212493	0.476974	-0.0224593	0.0224593	-0.0224593
11	Gm11_32212757	32212757	0.476974	-0.0234081	0.0234081	-0.0234081
11	Gm11_32217707	32217707	0.483553	-0.0460671	0.0460671	-0.0460671
11	Gm11_32217768	32217768	0.483553	-0.0461294	0.0461294	-0.0461294
11	Gm11_32217993	32217993	0.480263	-0.0347808	0.0347808	-0.0347808
11	Gm11_32218086	32218086	0.483553	-0.042908	0.042908	-0.042908
11	Gm11_32218337	32218337	0.483553	-0.0437744	0.0437744	-0.0437744
11	Gm11_32241783	32241783	0.483553	-0.0438282	0.0438282	-0.0438282
11	Gm11_32275115	32275115	0.476974	-0.0254932	0.0254932	-0.0254932
11	Gm11_32311457	32311457	0.473684	-0.0181	0.0181	-0.0181
11	Gm11_32323469	32323469	0.473684	-0.0190352	0.0190352	-0.0190352
11	Gm11_32359297	32359297	0.0657895	0.296787	-0.296787	0.296787
11	Gm11_32368651	32368651	0.273026	0.0656616	-0.0656616	0.0656616
11	Gm11_32368667	32368667	0.273026	0.0667303	-0.0667303	0.0667303
11	Gm11_32376041	32376041	0.210526	0.323755	-0.323755	0.323755
11	Gm11_32376065	32376065	0.273026	0.069324	-0.069324	0.069324
11	Gm11_32376076	32376076	0.273026	0.0705449	-0.0705449	0.0705449
11	Gm11_32376106	32376106	0.273026	0.0712959	-0.0712959	0.0712959
11	Gm11_32395725	32395725	0.0657895	0.350023	-0.350023	0.350023
11	Gm11_32401224	32401224	0.273026	0.0681674	-0.0681674	0.0681674
11	Gm11_32413851	32413851	0.269737	0.0825505	-0.0825505	0.0825505
11	Gm11_32413860	32413860	0.207237	0.341357	-0.341357	0.341357
11	Gm11_32437443	32437443	0.269737	0.082933	-0.082933	0.082933
11	Gm11_32448227	32448227	0.269737	0.0836566	-0.0836566	0.0836566
11	Gm11_32457854	32457854	0.207237	0.342447	-0.342447	0.342447
11	Gm11_32469484	32469484	0.0657895	0.351061	-0.351061	0.351061
11	Gm11_32488533	32488533	0.0625	0.399774	-0.399774	0.399774
11	Gm11_32490360	32490360	0.210526	0.32744	-0.32744	0.32744
11	Gm11_32490378	32490378	0.210526	0.327191	-0.327191	0.327191
11	Gm11_32490387	32490387	0.0625	0.402574	-0.402574	0.402574
11	Gm11_32491558	32491558	0.273026	0.0726766	-0.0726766	0.0726766
11	Gm11_32494314	32494314	0.269737	0.0875699	-0.0875699	0.0875699
11	Gm11_32512638	32512638	0.269737	0.0872044	-0.0872044	0.0872044
11	Gm11_32518214	32518214	0.207237	0.34508	-0.34508	0.34508
11	Gm11_32518251	32518251	0.269737	0.0871675	-0.0871675	0.0871675
11	Gm11_32519361	32519361	0.276316	0.0622055	-0.0622055	0.0622055
11	Gm11_32523929	32523929	0.207237	0.345285	-0.345285	0.345285
11	Gm11_32523946	32523946	0.207237	0.345962	-0.345962	0.345962
11	Gm11_32523979	32523979	0.207237	0.345951	-0.345951	0.345951
11	Gm11_32524755	32524755	0.0625	0.393709	-0.393709	0.393709
11	Gm11_32524792	32524792	0.0625	0.393682	-0.393682	0.393682
11	Gm11_32525021	32525021	0.0625	0.393868	-0.393868	0.393868
11	Gm11_32525402	32525402	0.0657895	0.345601	-0.345601	0.345601
11	Gm11_32526021	32526021	0.0657895	0.34687	-0.34687	0.34687
11	Gm11_32526040	32526040	0.0657895	0.346769	-0.346769	0.346769
11	Gm11_32547384	32547384	0.0625	0.394451	-0.394451	0.394451
11	Gm11_32579506	32579506	0.207237	0.347651	-0.347651	0.347651
11	Gm11_32580386	32580386	0.213816	0.318011	-0.318011	0.318011
11	Gm11_32580412	32580412	0.213816	0.318777	-0.318777	0.318777
11	Gm11_32580624	32580624	0.207237	0.351485	-0.351485	0.351485
11	Gm11_32636678	32636678	0.0690789	0.331344	-0.331344	0.331344
11	Gm11_32661944	32661944	0.0657895	0.3523	-0.3523	0.3523
11	Gm11_32681533	32681533	0.0690789	0.315264	-0.315264	0.315264
11	Gm11_32698229	32698229	0.121711	0.45401	-0.45401	0.45401
11	Gm11_32740898	32740898	0.0690789	0.335279	-0.335279	0.335279
11	Gm11_32742476	32742476	0.0690789	0.335986	-0.335986	0.335986
11	Gm11_32776588	32776588	0.0690789	0.336724	-0.336724	0.336724
11	Gm11_32781505	32781505	0.0723684	0.294564	-0.294564	0.294564
11	Gm11_32782267	32782267	0.0690789	0.338383	-0.338383	0.338383
11	Gm11_32782504	32782504	0.0690789	0.338982	-0.338982	0.338982
11	Gm11_32782550	32782550	0.213816	0.357278	-0.357278	0.357278
11	Gm11_32783028	32783028	0.0657895	0.38311	-0.38311	0.38311
11	Gm11_32783190	32783190	0.0657895	0.383843	-0.383843	0.383843
11	Gm11_32783293	32783293	0.0657895	0.384128	-0.384128	0.384128
11	Gm11_32783482	32783482	0.0657895	0.384658	-0.384658	0.384658
11	Gm11_32783906	32783906	0.0657895	0.38519	-0.38519	0.38519
11	Gm11_32785240	32785240	0.207237	0.482342	-0.482342	0.482342
11	Gm11_32785263	32785263	0.0657895	0.428337	-0.428337	0.428337
11	Gm11_32817490	32817490	0.0657895	0.428927	-0.428927	0.428927
11	Gm11_32844216	32844216	0.0657895	0.429523	-0.429523	0.429523
11	Gm11_32844246	32844246	0.351974	-0.012734	0.012734	-0.012734
11	Gm11_32856817	32856817	0.342105	0.00711896	-0.00711896	0.00711896
11	Gm11_32879510	32879510	0.338816	0.0191163	-0.0191163	0.0191163
11	Gm11_32879717	32879717	0.338816	0.0188983	-0.0188983	0.0188983
11	Gm11_32885859	32885859	0.200658	0.477189	-0.477189	0.477189
11	Gm11_32885921	32885921	0.0690789	0.408329	-0.408329	0.408329
11	Gm11_32898453	32898453	0.0690789	0.408446	-0.408446	0.408446
11	Gm11_32959902	32959902	0.0789474	0.322266	-0.322266	0.322266
11	Gm11_32978232	32978232	0.0789474	0.322355	-0.322355	0.322355
11	Gm11_32978493	32978493	0.0723684	0.370668	-0.370668	0.370668
11	Gm11_32979243	32979243	0.203947	0.475695	-0.475695	0.475695
11	Gm11_32995812	32995812	0.0789474	0.3437	-0.3437	0.3437
11	Gm11_32995821	32995821	0.391447	0.257464	-0.257464	0.257464
11	Gm11_32995861	32995861	0.328947	0.327567	-0.327567	0.327567
11	Gm11_32995972	32995972	0.0789474	0.412929	-0.412929	0.412929
11	Gm11_33009561	33009561	0.328947	0.326565	-0.326565	0.326565
11	Gm11_33021711	33021711	0.328947	0.326709	-0.326709	0.326709
11	Gm11_33029882	33029882	0.0789474	0.29617	-0.29617	0.29617
11	Gm11_33029899	33029899	0.0789474	0.296052	-0.296052	0.296052
11	Gm11_33030339	33030339	0.0789474	0.296283	-0.296283	0.296283
11	Gm11_33036496	33036496	0.0855263	0.223371	-0.223371	0.223371
11	Gm11_33036594	33036594	0.200658	0.459183	-0.459183	0.459183
11	Gm11_33036866	33036866	0.0822368	0.266689	-0.266689	0.266689
11	Gm11_33043065	33043065	0.0756579	0.343739	-0.343739	0.343739
