chr	id	pos	freq	ihh1	ihh0	ihs
13	Gm13_6455408	6455408	0.0888158	0.105359	-0.105359	0.105359
13	Gm13_6455418	6455418	0.0888158	0.105359	-0.105359	0.105359
13	Gm13_6470079	6470079	0.115132	-0.0257587	0.0257587	-0.0257587
13	Gm13_6477944	6477944	0.141447	-0.162209	0.162209	-0.162209
13	Gm13_6544115	6544115	0.0789474	-0.0946028	0.0946028	-0.0946028
13	Gm13_6604140	6604140	0.138158	0.187876	-0.187876	0.187876
13	Gm13_6604377	6604377	0.134868	0.56164	-0.56164	0.56164
13	Gm13_6614444	6614444	0.414474	-0.21648	0.21648	-0.21648
13	Gm13_6614637	6614637	0.309211	0.0351525	-0.0351525	0.0351525
13	Gm13_6614680	6614680	0.309211	0.0351525	-0.0351525	0.0351525
13	Gm13_6644792	6644792	0.141447	0.240214	-0.240214	0.240214
13	Gm13_6644817	6644817	0.286184	-0.162868	0.162868	-0.162868
13	Gm13_6645397	6645397	0.105263	0.567415	-0.567415	0.567415
13	Gm13_6649414	6649414	0.144737	0.288561	-0.288561	0.288561
13	Gm13_6649425	6649425	0.279605	-0.123685	0.123685	-0.123685
13	Gm13_6665626	6665626	0.144737	0.296266	-0.296266	0.296266
13	Gm13_6671842	6671842	0.125	0.699673	-0.699673	0.699673
13	Gm13_6672094	6672094	0.417763	-0.272526	0.272526	-0.272526
13	Gm13_6685825	6685825	0.394737	-0.199363	0.199363	-0.199363
13	Gm13_6685850	6685850	0.394737	-0.199363	0.199363	-0.199363
13	Gm13_6685860	6685860	0.164474	0.463136	-0.463136	0.463136
13	Gm13_6685886	6685886	0.394737	-0.218141	0.218141	-0.218141
13	Gm13_6685986	6685986	0.233553	0.105435	-0.105435	0.105435
13	Gm13_6686043	6686043	0.398026	-0.200178	0.200178	-0.200178
13	Gm13_6762445	6762445	0.177632	0.374928	-0.374928	0.374928
13	Gm13_6762650	6762650	0.388158	0.34739	-0.34739	0.34739
13	Gm13_6763062	6763062	0.141447	0.601895	-0.601895	0.601895
13	Gm13_6766941	6766941	0.0592105	0.638147	-0.638147	0.638147
13	Gm13_6775997	6775997	0.131579	0.690857	-0.690857	0.690857
13	Gm13_6776022	6776022	0.184211	0.164375	-0.164375	0.164375
13	Gm13_6776027	6776027	0.111842	0.540004	-0.540004	0.540004
13	Gm13_6778148	6778148	0.177632	0.225809	-0.225809	0.225809
13	Gm13_6789254	6789254	0.134868	0.334204	-0.334204	0.334204
13	Gm13_6808473	6808473	0.125	0.408154	-0.408154	0.408154
13	Gm13_6838122	6838122	0.108553	0.554472	-0.554472	0.554472
13	Gm13_6859748	6859748	0.476974	0.122377	-0.122377	0.122377
13	Gm13_6860015	6860015	0.128289	0.454112	-0.454112	0.454112
13	Gm13_6878245	6878245	0.141447	0.673526	-0.673526	0.673526
13	Gm13_6881092	6881092	0.480263	0.25149	-0.25149	0.25149
13	Gm13_6881259	6881259	0.121711	0.440814	-0.441764	0.440814
13	Gm13_6881316	6881316	0.296053	0.103627	-0.103627	0.103627
13	Gm13_6913477	6913477	0.404605	-0.0441314	0.0441314	-0.0441314
13	Gm13_7038684	7038684	0.236842	0.367389	-0.367389	0.367389
13	Gm13_7038697	7038697	0.355263	0.536924	-0.536924	0.536924
13	Gm13_7041340	7041340	0.0888158	0.456651	-0.456651	0.456651
13	Gm13_7057497	7057497	0.0953947	0.605458	-0.605458	0.605458
13	Gm13_7057511	7057511	0.292763	0.63198	-0.63198	0.63198
13	Gm13_7057696	7057696	0.101974	0.661995	-0.661995	0.661995
13	Gm13_7059836	7059836	0.101974	0.568939	-0.568939	0.568939
13	Gm13_7062375	7062375	0.473684	0.0894619	-0.0894619	0.0894619
13	Gm13_7062615	7062615	0.368421	0.349193	-0.349193	0.349193
13	Gm13_7126248	7126248	0.4375	0.0580223	-0.0580223	0.0580223
13	Gm13_7148701	7148701	0.0657895	0.448376	-0.448376	0.448376
13	Gm13_7168723	7168723	0.105263	0.158677	-0.158677	0.158677
13	Gm13_7180953	7180953	0.391447	-0.33632	0.33632	-0.33632
13	Gm13_7180972	7180972	0.391447	-0.33632	0.33632	-0.33632
13	Gm13_7181178	7181178	0.391447	-0.33632	0.33632	-0.33632
13	Gm13_7190432	7190432	0.256579	-0.0506193	0.0479953	-0.0479953
13	Gm13_7190714	7190714	0.259868	-0.0616267	0.0590254	-0.0590254
13	Gm13_7190746	7190746	0.256579	-0.0488562	0.0462431	-0.0462431
13	Gm13_7190764	7190764	0.375	-0.333097	0.333097	-0.333097
13	Gm13_7202538	7202538	0.101974	0.181186	-0.181186	0.181186
13	Gm13_7202546	7202546	0.0953947	0.565692	-0.565692	0.565692
13	Gm13_7202788	7202788	0.0756579	0.389492	-0.389492	0.389492
13	Gm13_7202793	7202793	0.105263	0.178177	-0.178177	0.178177
13	Gm13_7223362	7223362	0.184211	0.208645	-0.208645	0.208645
13	Gm13_7223839	7223839	0.394737	-0.40521	0.400711	-0.400711
13	Gm13_7223886	7223886	0.394737	-0.40521	0.400711	-0.400711
13	Gm13_7224133	7224133	0.138158	0.425736	-0.425736	0.425736
13	Gm13_7224173	7224173	0.394737	-0.383534	0.37931	-0.37931
13	Gm13_7257303	7257303	0.125	0.293106	-0.293106	0.293106
13	Gm13_7280711	7280711	0.111842	0.363423	-0.363423	0.363423
13	Gm13_7302186	7302186	0.388158	0.0309292	-0.0309292	0.0309292
13	Gm13_7302193	7302193	0.305921	0.277025	-0.277025	0.277025
13	Gm13_7321996	7321996	0.105263	0.456023	-0.456023	0.456023
13	Gm13_7337797	7337797	0.141447	0.289121	-0.289121	0.289121
13	Gm13_7341327	7341327	0.197368	0.0629135	-0.0629135	0.0629135
13	Gm13_7424089	7424089	0.447368	0.340115	-0.340115	0.340115
13	Gm13_7424104	7424104	0.430921	0.394284	-0.394284	0.394284
13	Gm13_7424248	7424248	0.338816	0.265532	-0.265532	0.265532
13	Gm13_7443780	7443780	0.440789	0.380963	-0.380963	0.380963
13	Gm13_7443815	7443815	0.144737	0.282431	-0.282431	0.282431
13	Gm13_7447883	7447883	0.453947	0.280355	-0.280355	0.280355
13	Gm13_7447929	7447929	0.453947	0.280355	-0.280355	0.280355
13	Gm13_7447936	7447936	0.453947	0.280355	-0.280355	0.280355
13	Gm13_7482901	7482901	0.473684	0.220919	-0.220919	0.220919
13	Gm13_7530290	7530290	0.476974	-0.0685279	0.0685279	-0.0685279
13	Gm13_7530493	7530493	0.480263	-0.0783263	0.0783263	-0.0783263
13	Gm13_7537341	7537341	0.434211	0.352867	-0.352867	0.352867
13	Gm13_7537357	7537357	0.483553	-0.0818309	0.0818309	-0.0818309
13	Gm13_7537377	7537377	0.483553	-0.0818309	0.0818309	-0.0818309
13	Gm13_7539071	7539071	0.480263	-0.077418	0.077418	-0.077418
13	Gm13_7549282	7549282	0.486842	-0.0968398	0.0968398	-0.0968398
13	Gm13_7549288	7549288	0.473684	-0.0527306	0.0527306	-0.0527306
13	Gm13_7549423	7549423	0.447368	0.308077	-0.308077	0.308077
13	Gm13_7563896	7563896	0.440789	0.330247	-0.330247	0.330247
13	Gm13_7565348	7565348	0.483553	-0.0898427	0.0898427	-0.0898427
13	Gm13_7565540	7565540	0.483553	-0.0901665	0.0901665	-0.0901665
13	Gm13_7638457	7638457	0.302632	-0.00418449	0.00418449	-0.00418449
13	Gm13_7639044	7639044	0.266447	0.134747	-0.134747	0.134747
13	Gm13_7640296	7640296	0.302632	-0.00136298	0.00136298	-0.00136298
13	Gm13_7661825	7661825	0.141447	0.237808	-0.237808	0.237808
13	Gm13_7686188	7686188	0.167763	0.411814	-0.411814	0.411814
13	Gm13_7686295	7686295	0.105263	0.467511	-0.467511	0.467511
13	Gm13_7686301	7686301	0.164474	0.416499	-0.416499	0.416499
13	Gm13_7698300	7698300	0.167763	0.393121	-0.393121	0.393121
13	Gm13_7707131	7707131	0.0953947	0.544109	-0.544109	0.544109
13	Gm13_7724063	7724063	0.108553	0.435089	-0.435089	0.435089
13	Gm13_7724080	7724080	0.473684	0.0766232	-0.0766232	0.0766232
13	Gm13_7724241	7724241	0.348684	0.418514	-0.418514	0.418514
13	Gm13_7724298	7724298	0.348684	0.418514	-0.418514	0.418514
13	Gm13_7773015	7773015	0.434211	0.370937	-0.370937	0.370937
13	Gm13_7773023	7773023	0.434211	0.370937	-0.370937	0.370937
13	Gm13_7802550	7802550	0.0921053	0.559393	-0.559393	0.559393
13	Gm13_7802878	7802878	0.388158	0.479478	-0.479478	0.479478
13	Gm13_7829203	7829203	0.253289	0.0374695	-0.0374695	0.0374695
13	Gm13_7829209	7829209	0.25	0.0492556	-0.0492556	0.0492556
13	Gm13_7887553	7887553	0.398026	0.545699	-0.545699	0.545699
13	Gm13_7887570	7887570	0.401316	0.540136	-0.540136	0.540136
13	Gm13_7887916	7887916	0.411184	0.509751	-0.509751	0.509751
13	Gm13_7888136	7888136	0.411184	0.509751	-0.509751	0.509751
13	Gm13_7888508	7888508	0.434211	0.435633	-0.435633	0.435633
13	Gm13_7888841	7888841	0.414474	0.49579	-0.49579	0.49579
13	Gm13_7970711	7970711	0.414474	-0.125446	0.125446	-0.125446
13	Gm13_7971033	7971033	0.358553	0.0502437	-0.0502437	0.0502437
13	Gm13_7971706	7971706	0.401316	0.485598	-0.485598	0.485598
13	Gm13_7971713	7971713	0.401316	0.485598	-0.485598	0.485598
13	Gm13_7975229	7975229	0.470395	0.26956	-0.26956	0.26956
13	Gm13_7975240	7975240	0.447368	0.336971	-0.336971	0.336971
13	Gm13_8033490	8033490	0.0526316	0.147976	-0.147976	0.147976
13	Gm13_8089309	8089309	0.138158	0.421992	-0.421992	0.421992
13	Gm13_8089546	8089546	0.0526316	0.0352598	-0.0352598	0.0352598
13	Gm13_8090851	8090851	0.161184	0.28028	-0.28028	0.28028
13	Gm13_8095260	8095260	0.447368	-0.0653581	0.0653581	-0.0653581
13	Gm13_8096884	8096884	0.447368	-0.0653581	0.0653581	-0.0653581
13	Gm13_8096896	8096896	0.447368	-0.0653581	0.0653581	-0.0653581
13	Gm13_8139089	8139089	0.0953947	-0.115762	0.115762	-0.115762
13	Gm13_8194752	8194752	0.351974	0.351439	-0.351439	0.351439
13	Gm13_8213519	8213519	0.0592105	0.117418	-0.117418	0.117418
13	Gm13_8234393	8234393	0.486842	0.119148	-0.119148	0.119148
13	Gm13_8246422	8246422	0.440789	0.261809	-0.261809	0.261809
13	Gm13_8246431	8246431	0.371711	0.336225	-0.336225	0.336225
13	Gm13_8246449	8246449	0.453947	0.0572811	-0.0572811	0.0572811
13	Gm13_8284242	8284242	0.0592105	0.0976945	-0.0976945	0.0976945
13	Gm13_8299077	8299077	0.463816	0.202281	-0.202281	0.202281
13	Gm13_8305660	8305660	0.371711	0.297609	-0.297609	0.297609
13	Gm13_8305679	8305679	0.371711	0.297609	-0.297609	0.297609
13	Gm13_8346566	8346566	0.154605	-0.0510244	0.0404103	-0.0404103
13	Gm13_8346838	8346838	0.450658	0.269429	-0.269429	0.269429
13	Gm13_8348725	8348725	0.453947	0.259985	-0.259985	0.259985
13	Gm13_8350589	8350589	0.460526	0.237316	-0.237316	0.237316
13	Gm13_8350612	8350612	0.161184	-0.0927297	0.0821469	-0.0821469
13	Gm13_8389196	8389196	0.450658	0.268564	-0.268564	0.268564
13	Gm13_8389212	8389212	0.398026	0.208599	-0.208599	0.208599
13	Gm13_8391283	8391283	0.450658	0.267112	-0.267112	0.267112
13	Gm13_8421141	8421141	0.375	0.280606	-0.280606	0.280606
13	Gm13_8423857	8423857	0.161184	-0.0599038	0.0508429	-0.0508429
13	Gm13_8423866	8423866	0.378289	0.271382	-0.271382	0.271382
13	Gm13_8433002	8433002	0.157895	-0.0707341	0.0623243	-0.0623243
13	Gm13_8436338	8436338	0.157895	-0.0707341	0.0623243	-0.0623243
13	Gm13_8436369	8436369	0.157895	-0.0707341	0.0623243	-0.0623243
13	Gm13_8466796	8466796	0.161184	-0.0906187	0.0830537	-0.0830537
13	Gm13_8466847	8466847	0.161184	-0.0906187	0.0830537	-0.0830537
13	Gm13_8473180	8473180	0.174342	-0.167999	0.160018	-0.160018
13	Gm13_8481261	8481261	0.111842	0.173199	-0.175479	0.173199
13	Gm13_8527469	8527469	0.131579	0.0260134	-0.0323004	0.0260134
13	Gm13_8540368	8540368	0.457237	0.256791	-0.256791	0.256791
13	Gm13_8559558	8559558	0.0526316	-0.0159018	0.0159018	-0.0159018
13	Gm13_8565450	8565450	0.355263	0.31986	-0.31986	0.31986
13	Gm13_8576572	8576572	0.174342	-0.158035	0.152931	-0.152931
13	Gm13_8586020	8586020	0.368421	0.285401	-0.285401	0.285401
13	Gm13_8589639	8589639	0.414474	0.125696	-0.125696	0.125696
13	Gm13_8599172	8599172	0.453947	0.280572	-0.280572	0.280572
13	Gm13_8642706	8642706	0.365132	0.293905	-0.293905	0.293905
13	Gm13_8648886	8648886	0.368421	0.282871	-0.282871	0.282871
13	Gm13_8648923	8648923	0.368421	0.282871	-0.282871	0.282871
13	Gm13_8649219	8649219	0.384868	0.221703	-0.221703	0.221703
13	Gm13_8652294	8652294	0.111842	0.202206	-0.204306	0.202206
13	Gm13_8652981	8652981	0.131579	0.0760896	-0.0788493	0.0760896
13	Gm13_8698201	8698201	0.371711	0.272257	-0.272257	0.272257
13	Gm13_8698224	8698224	0.447368	0.310202	-0.310202	0.310202
13	Gm13_8698233	8698233	0.440789	0.331895	-0.331895	0.331895
13	Gm13_8698350	8698350	0.131579	0.0851931	-0.0865225	0.0851931
13	Gm13_8698707	8698707	0.131579	0.0851931	-0.0865225	0.0851931
13	Gm13_8700292	8700292	0.378289	0.246263	-0.246263	0.246263
13	Gm13_8711602	8711602	0.368421	0.27843	-0.27843	0.27843
13	Gm13_8729028	8729028	0.457237	0.272006	-0.272006	0.272006
13	Gm13_8766684	8766684	0.111842	0.20787	-0.208395	0.20787
13	Gm13_8766726	8766726	0.421053	0.0985607	-0.0985607	0.0985607
13	Gm13_8767019	8767019	0.118421	0.185775	-0.18626	0.185775
13	Gm13_8772544	8772544	0.358553	0.311784	-0.311784	0.311784
13	Gm13_8788360	8788360	0.0559211	0.0478614	-0.0478614	0.0478614
13	Gm13_8791307	8791307	0.365132	0.286251	-0.286251	0.286251
13	Gm13_8791346	8791346	0.154605	-0.040969	0.0384468	-0.0384468
13	Gm13_8802653	8802653	0.368421	0.266636	-0.266636	0.266636
13	Gm13_8833653	8833653	0.0526316	0.223756	-0.223756	0.223756
13	Gm13_8841520	8841520	0.371711	0.256434	-0.256434	0.256434
13	Gm13_8841685	8841685	0.371711	0.256434	-0.256434	0.256434
13	Gm13_8843429	8843429	0.480263	-0.0744632	0.0744632	-0.0744632
13	Gm13_8843717	8843717	0.0559211	0.164899	-0.164899	0.164899
13	Gm13_8844008	8844008	0.0526316	0.221777	-0.221777	0.221777
13	Gm13_8844029	8844029	0.0526316	0.221777	-0.221777	0.221777
13	Gm13_8847129	8847129	0.0526316	0.221777	-0.221777	0.221777
13	Gm13_8847139	8847139	0.0559211	0.164884	-0.164884	0.164884
13	Gm13_8859282	8859282	0.0526316	0.221586	-0.221586	0.221586
13	Gm13_8863024	8863024	0.361842	0.291644	-0.291644	0.291644
13	Gm13_8863037	8863037	0.493421	-0.10712	0.10712	-0.10712
13	Gm13_8915459	8915459	0.0526316	0.20476	-0.20476	0.20476
13	Gm13_8922916	8922916	0.0559211	0.148281	-0.148281	0.148281
13	Gm13_8948257	8948257	0.0526316	0.203432	-0.203432	0.203432
13	Gm13_8948268	8948268	0.457237	0.265138	-0.265138	0.265138
13	Gm13_8948513	8948513	0.0526316	0.214495	-0.214495	0.214495
13	Gm13_8948554	8948554	0.0526316	0.214495	-0.214495	0.214495
13	Gm13_8970672	8970672	0.368421	0.279148	-0.279148	0.279148
13	Gm13_8970731	8970731	0.0592105	0.108182	-0.108182	0.108182
13	Gm13_8971457	8971457	0.444079	0.304582	-0.304582	0.304582
13	Gm13_8971656	8971656	0.0526316	0.217368	-0.217368	0.217368
13	Gm13_8977154	8977154	0.453947	0.267397	-0.267397	0.267397
13	Gm13_9007577	9007577	0.108553	0.235098	-0.235098	0.235098
13	Gm13_9008990	9008990	0.453947	0.276733	-0.276733	0.276733
13	Gm13_9009258	9009258	0.108553	0.236428	-0.236428	0.236428
13	Gm13_9021988	9021988	0.447368	0.28796	-0.28796	0.28796
13	Gm13_9022008	9022008	0.5	0.12887	-0.12887	0.12887
13	Gm13_9031846	9031846	0.490132	-0.0940096	0.0940096	-0.0940096
13	Gm13_9032071	9032071	0.490132	-0.0940096	0.0940096	-0.0940096
13	Gm13_9089344	9089344	0.381579	0.242629	-0.242629	0.242629
13	Gm13_9089494	9089494	0.381579	0.242629	-0.242629	0.242629
13	Gm13_9119421	9119421	0.101974	0.288165	-0.288165	0.288165
13	Gm13_9119660	9119660	0.371711	0.276563	-0.276563	0.276563
13	Gm13_9162410	9162410	0.378289	0.264894	-0.264894	0.264894
13	Gm13_9169061	9169061	0.111842	0.24208	-0.24208	0.24208
13	Gm13_9176520	9176520	0.493421	-0.0915287	0.0915287	-0.0915287
13	Gm13_9177270	9177270	0.378289	0.269127	-0.269127	0.269127
13	Gm13_9186777	9186777	0.490132	-0.0777813	0.0777813	-0.0777813
13	Gm13_9248326	9248326	0.375	0.297733	-0.297733	0.297733
13	Gm13_9262203	9262203	0.486842	-0.0404026	0.0404026	-0.0404026
13	Gm13_9276331	9276331	0.486842	-0.0385308	0.0385308	-0.0385308
13	Gm13_9276642	9276642	0.493421	-0.0607932	0.0607932	-0.0607932
13	Gm13_9281431	9281431	0.0953947	0.354641	-0.354641	0.354641
13	Gm13_9286135	9286135	0.0953947	0.359317	-0.359317	0.359317
13	Gm13_9286390	9286390	0.375	0.309069	-0.309069	0.309069
13	Gm13_9286403	9286403	0.470395	0.0100462	-0.0100462	0.0100462
13	Gm13_9286425	9286425	0.0559211	0.182678	-0.182678	0.182678
13	Gm13_9286637	9286637	0.384868	0.279975	-0.279975	0.279975
13	Gm13_9287663	9287663	0.381579	0.292257	-0.292257	0.292257
13	Gm13_9295114	9295114	0.388158	0.268496	-0.268496	0.268496
13	Gm13_9295356	9295356	0.388158	0.268496	-0.268496	0.268496
13	Gm13_9295377	9295377	0.388158	0.268496	-0.268496	0.268496
13	Gm13_9315865	9315865	0.0559211	0.181151	-0.181151	0.181151
13	Gm13_9319145	9319145	0.483553	-0.0161873	0.0161873	-0.0161873
13	Gm13_9320541	9320541	0.490132	-0.0387367	0.0387367	-0.0387367
13	Gm13_9320793	9320793	0.453947	0.224758	-0.224758	0.224758
13	Gm13_9321721	9321721	0.375	0.31632	-0.31632	0.31632
13	Gm13_9321753	9321753	0.375	0.31632	-0.31632	0.31632
13	Gm13_9321950	9321950	0.381579	0.292791	-0.292791	0.292791
13	Gm13_9322024	9322024	0.0986842	0.333619	-0.333619	0.333619
13	Gm13_9322069	9322069	0.0986842	0.333619	-0.333619	0.333619
13	Gm13_9338539	9338539	0.378289	0.302504	-0.302504	0.302504
13	Gm13_9366323	9366323	0.381579	0.298617	-0.298617	0.298617
13	Gm13_9366492	9366492	0.486842	-0.0207337	0.0207337	-0.0207337
13	Gm13_9386433	9386433	0.375	0.324947	-0.324947	0.324947
13	Gm13_9386592	9386592	0.0986842	0.340782	-0.340782	0.340782
13	Gm13_9396707	9396707	0.384868	0.292033	-0.292033	0.292033
13	Gm13_9397089	9397089	0.483553	-0.0134303	0.0134303	-0.0134303
13	Gm13_9403943	9403943	0.375	0.327468	-0.327468	0.327468
13	Gm13_9403957	9403957	0.470395	0.0325034	-0.0325034	0.0325034
13	Gm13_9407669	9407669	0.467105	0.163316	-0.163316	0.163316
13	Gm13_9427248	9427248	0.430921	0.147369	-0.147369	0.147369
13	Gm13_9427537	9427537	0.430921	0.147369	-0.147369	0.147369
13	Gm13_9456402	9456402	0.0953947	0.370965	-0.370965	0.370965
13	Gm13_9493891	9493891	0.375	0.334274	-0.334274	0.334274
13	Gm13_9494249	9494249	0.375	0.334274	-0.334274	0.334274
13	Gm13_9511968	9511968	0.375	0.338641	-0.338641	0.338641
13	Gm13_9511977	9511977	0.480263	0.0197252	-0.0197252	0.0197252
13	Gm13_9512005	9512005	0.480263	0.0197252	-0.0197252	0.0197252
13	Gm13_9513184	9513184	0.496711	-0.0322812	0.0322812	-0.0322812
13	Gm13_9513211	9513211	0.496711	-0.0322812	0.0322812	-0.0322812
13	Gm13_9550739	9550739	0.375	0.357862	-0.357862	0.357862
13	Gm13_9550805	9550805	0.434211	0.156647	-0.156647	0.156647
13	Gm13_9582142	9582142	0.493421	0.0250226	-0.0250226	0.0250226
13	Gm13_9602083	9602083	0.486842	0.0352144	-0.0352144	0.0352144
13	Gm13_9602302	9602302	0.118421	0.230217	-0.230217	0.230217
13	Gm13_9602315	9602315	0.378289	0.383578	-0.383578	0.383578
13	Gm13_9602336	9602336	0.378289	0.383578	-0.383578	0.383578
13	Gm13_9602345	9602345	0.118421	0.230145	-0.230145	0.230145
13	Gm13_9602634	9602634	0.388158	0.334968	-0.334968	0.334968
13	Gm13_9612103	9612103	0.381579	0.358325	-0.358325	0.358325
13	Gm13_9634918	9634918	0.388158	0.338862	-0.338862	0.338862
13	Gm13_9634966	9634966	0.388158	0.338862	-0.338862	0.338862
13	Gm13_9635146	9635146	0.384868	0.350892	-0.350892	0.350892
13	Gm13_9635164	9635164	0.388158	0.3388	-0.3388	0.3388
13	Gm13_9635197	9635197	0.384868	0.35085	-0.35085	0.35085
13	Gm13_9645366	9645366	0.381579	0.36825	-0.36825	0.36825
13	Gm13_9645695	9645695	0.378289	0.378768	-0.378768	0.378768
13	Gm13_9645859	9645859	0.118421	0.229355	-0.229355	0.229355
13	Gm13_9673560	9673560	0.467105	0.0826423	-0.0826423	0.0826423
13	Gm13_9677004	9677004	0.108553	0.304697	-0.304697	0.304697
13	Gm13_9677034	9677034	0.493421	0.0439457	-0.0439457	0.0439457
13	Gm13_9682427	9682427	0.111842	0.274844	-0.274844	0.274844
13	Gm13_9682686	9682686	0.111842	0.274844	-0.274844	0.274844
13	Gm13_9682857	9682857	0.111842	0.274844	-0.274844	0.274844
13	Gm13_9683369	9683369	0.384868	0.379422	-0.379422	0.379422
13	Gm13_9683695	9683695	0.467105	0.0879232	-0.0879232	0.0879232
13	Gm13_9684868	9684868	0.108553	0.292433	-0.292433	0.292433
13	Gm13_9684885	9684885	0.111842	0.2629	-0.2629	0.2629
13	Gm13_9685222	9685222	0.108553	0.292437	-0.292437	0.292437
13	Gm13_9685265	9685265	0.108553	0.292437	-0.292437	0.292437
13	Gm13_9685310	9685310	0.108553	0.292437	-0.292437	0.292437
13	Gm13_9685946	9685946	0.101974	0.349024	-0.349024	0.349024
13	Gm13_9700547	9700547	0.111842	0.265114	-0.265114	0.265114
13	Gm13_9703701	9703701	0.108553	0.294084	-0.294084	0.294084
13	Gm13_9703840	9703840	0.381579	0.384995	-0.384995	0.384995
13	Gm13_9705899	9705899	0.108553	0.255947	-0.255947	0.255947
13	Gm13_9706209	9706209	0.108553	0.255947	-0.255947	0.255947
13	Gm13_9753040	9753040	0.0986842	0.345674	-0.345674	0.345674
13	Gm13_9753065	9753065	0.0986842	0.345674	-0.345674	0.345674
13	Gm13_9758982	9758982	0.111842	0.227533	-0.227533	0.227533
13	Gm13_9771798	9771798	0.101974	0.315153	-0.315153	0.315153
13	Gm13_9772030	9772030	0.0986842	0.330442	-0.330442	0.330442
13	Gm13_9830262	9830262	0.108553	0.258993	-0.258993	0.258993
13	Gm13_9838677	9838677	0.0657895	0.367241	-0.367241	0.367241
13	Gm13_9860612	9860612	0.0953947	0.384066	-0.384066	0.384066
13	Gm13_9860643	9860643	0.105263	0.291589	-0.291589	0.291589
13	Gm13_9860854	9860854	0.0986842	0.351473	-0.351473	0.351473
13	Gm13_9868512	9868512	0.0986842	0.351607	-0.351607	0.351607
13	Gm13_9889490	9889490	0.447368	0.0386055	-0.0386055	0.0386055
13	Gm13_9892630	9892630	0.0986842	0.400286	-0.400286	0.400286
13	Gm13_9892654	9892654	0.0986842	0.400286	-0.400286	0.400286
13	Gm13_9892675	9892675	0.0986842	0.400286	-0.400286	0.400286
13	Gm13_9892819	9892819	0.0986842	0.400286	-0.400286	0.400286
13	Gm13_9893012	9893012	0.101974	0.368715	-0.368715	0.368715
13	Gm13_9922025	9922025	0.108553	0.31296	-0.31296	0.31296
13	Gm13_9922556	9922556	0.101974	0.371736	-0.371736	0.371736
13	Gm13_9930983	9930983	0.299342	0.285316	-0.285316	0.285316
13	Gm13_9932083	9932083	0.391447	0.519188	-0.519188	0.519188
13	Gm13_9970807	9970807	0.391447	0.518002	-0.518002	0.518002
13	Gm13_10011638	10011638	0.378289	0.557221	-0.557221	0.557221
13	Gm13_10011933	10011933	0.101974	0.413774	-0.413774	0.413774
13	Gm13_10022432	10022432	0.115132	0.0672479	-0.0672479	0.0672479
13	Gm13_10043946	10043946	0.0986842	0.428026	-0.428026	0.428026
13	Gm13_10043992	10043992	0.460526	-0.0771523	0.0771523	-0.0771523
13	Gm13_10049555	10049555	0.394737	0.508085	-0.508085	0.508085
13	Gm13_10049617	10049617	0.118421	0.313871	-0.313871	0.313871
13	Gm13_10049837	10049837	0.375	0.560026	-0.560026	0.560026
13	Gm13_10081113	10081113	0.375	0.561783	-0.561783	0.561783
13	Gm13_10085620	10085620	0.375	0.56221	-0.56221	0.56221
13	Gm13_10091693	10091693	0.394737	0.493828	-0.493828	0.493828
13	Gm13_10121618	10121618	0.447368	-0.0451105	0.0451105	-0.0451105
13	Gm13_10156698	10156698	0.115132	0.273448	-0.273448	0.273448
13	Gm13_10181420	10181420	0.115132	0.263036	-0.263036	0.263036
13	Gm13_10181452	10181452	0.134868	0.115543	-0.115543	0.115543
13	Gm13_10181457	10181457	0.115132	0.262753	-0.262753	0.262753
13	Gm13_10207792	10207792	0.118421	0.233499	-0.233499	0.233499
13	Gm13_10222518	10222518	0.0723684	0.0590797	-0.0590797	0.0590797
13	Gm13_10241177	10241177	0.4375	-0.0474444	0.0474444	-0.0474444
13	Gm13_10273451	10273451	0.404605	0.0649198	-0.0649198	0.0649198
13	Gm13_10282437	10282437	0.398026	0.090521	-0.090521	0.090521
13	Gm13_10282567	10282567	0.398026	0.0885979	-0.0885979	0.0885979
13	Gm13_10282573	10282573	0.0756579	-0.00532136	0.00532136	-0.00532136
13	Gm13_10282940	10282940	0.118421	0.261634	-0.261634	0.261634
13	Gm13_10284807	10284807	0.101974	0.333732	-0.333732	0.333732
13	Gm13_10285078	10285078	0.0690789	0.0356422	-0.0356422	0.0356422
13	Gm13_10340243	10340243	0.388158	0.13166	-0.13166	0.13166
13	Gm13_10340318	10340318	0.476974	-0.167812	0.167812	-0.167812
13	Gm13_10340882	10340882	0.457237	-0.1083	0.1083	-0.1083
13	Gm13_10340982	10340982	0.296053	0.376956	-0.376956	0.376956
13	Gm13_10341711	10341711	0.0657895	0.0306786	-0.0306786	0.0306786
13	Gm13_10409254	10409254	0.411184	0.0794752	-0.0794752	0.0794752
13	Gm13_10409291	10409291	0.411184	0.0794752	-0.0794752	0.0794752
13	Gm13_10409481	10409481	0.407895	0.0876309	-0.0876309	0.0876309
13	Gm13_10485190	10485190	0.486842	0.216711	-0.216711	0.216711
13	Gm13_10487089	10487089	0.4375	0.3811	-0.3811	0.3811
13	Gm13_10487097	10487097	0.457237	-0.0551083	0.0551083	-0.0551083
13	Gm13_10487198	10487198	0.4375	0.384846	-0.384846	0.384846
13	Gm13_10487212	10487212	0.4375	0.384846	-0.384846	0.384846
13	Gm13_10487250	10487250	0.105263	0.206498	-0.206498	0.206498
13	Gm13_10487706	10487706	0.105263	0.206498	-0.206498	0.206498
13	Gm13_10488592	10488592	0.388158	0.181222	-0.181222	0.181222
13	Gm13_10489163	10489163	0.463816	-0.0682418	0.0682418	-0.0682418
13	Gm13_10489365	10489365	0.105263	0.205054	-0.205054	0.205054
13	Gm13_10491747	10491747	0.430921	0.398836	-0.398836	0.398836
13	Gm13_10499144	10499144	0.427632	0.407983	-0.407983	0.407983
13	Gm13_10499173	10499173	0.424342	0.0649119	-0.0649119	0.0649119
13	Gm13_10503148	10503148	0.457237	0.30531	-0.30531	0.30531
13	Gm13_10519690	10519690	0.105263	0.18781	-0.18781	0.18781
13	Gm13_10519907	10519907	0.0986842	0.246438	-0.246438	0.246438
13	Gm13_10523186	10523186	0.473684	-0.0986836	0.0986836	-0.0986836
13	Gm13_10525908	10525908	0.401316	0.145445	-0.145445	0.145445
13	Gm13_10526181	10526181	0.401316	0.145445	-0.145445	0.145445
13	Gm13_10526430	10526430	0.411184	0.116717	-0.116717	0.116717
13	Gm13_10526467	10526467	0.434211	0.367396	-0.367396	0.367396
13	Gm13_10543159	10543159	0.424342	0.402483	-0.402483	0.402483
13	Gm13_10560865	10560865	0.105263	0.187783	-0.187783	0.187783
13	Gm13_10560897	10560897	0.105263	0.187783	-0.187783	0.187783
13	Gm13_10561792	10561792	0.424342	0.400109	-0.400109	0.400109
13	Gm13_10598213	10598213	0.430921	0.377562	-0.377562	0.377562
13	Gm13_10598237	10598237	0.414474	0.105304	-0.105304	0.105304
13	Gm13_10613997	10613997	0.417763	0.0979932	-0.0979932	0.0979932
13	Gm13_10614169	10614169	0.417763	0.0979932	-0.0979932	0.0979932
13	Gm13_10614190	10614190	0.421053	0.0862831	-0.0862831	0.0862831
13	Gm13_10614199	10614199	0.440789	0.352781	-0.352781	0.352781
13	Gm13_10614224	10614224	0.417763	0.0938891	-0.0938891	0.0938891
13	Gm13_10647565	10647565	0.421053	0.0820002	-0.0820002	0.0820002
13	Gm13_10647794	10647794	0.421053	0.0820002	-0.0820002	0.0820002
13	Gm13_10648190	10648190	0.434211	0.0380749	-0.0380749	0.0380749
13	Gm13_10670226	10670226	0.101974	0.166337	-0.166337	0.166337
13	Gm13_10670608	10670608	0.424342	0.408392	-0.408392	0.408392
13	Gm13_10670619	10670619	0.434211	0.0481914	-0.0481914	0.0481914
13	Gm13_10671003	10671003	0.427632	0.0701906	-0.0701906	0.0701906
13	Gm13_10671022	10671022	0.427632	0.0701906	-0.0701906	0.0701906
13	Gm13_10671029	10671029	0.424342	0.0815931	-0.0815931	0.0815931
13	Gm13_10725919	10725919	0.411184	0.433222	-0.433222	0.433222
13	Gm13_10725948	10725948	0.404605	0.143642	-0.143642	0.143642
13	Gm13_10746013	10746013	0.131579	-0.0487487	0.0487487	-0.0487487
13	Gm13_10763573	10763573	0.391447	0.18755	-0.18755	0.18755
13	Gm13_10776487	10776487	0.118421	0.0218226	-0.0218226	0.0218226
13	Gm13_10840524	10840524	0.0953947	0.18153	-0.18153	0.18153
13	Gm13_10898875	10898875	0.105263	0.0589899	-0.0589899	0.0589899
13	Gm13_10898897	10898897	0.486842	0.207716	-0.207716	0.207716
13	Gm13_10899129	10899129	0.440789	0.354192	-0.354192	0.354192
13	Gm13_10934440	10934440	0.111842	-0.018944	0.018944	-0.018944
13	Gm13_10975552	10975552	0.111842	-0.00386472	0.00386472	-0.00386472
13	Gm13_11004617	11004617	0.167763	-0.493146	0.47046	-0.47046
13	Gm13_11050114	11050114	0.128289	-0.304092	0.298775	-0.298775
13	Gm13_11068990	11068990	0.121711	-0.28711	0.28198	-0.28198
13	Gm13_11069161	11069161	0.0526316	-0.0219531	0.0129898	-0.0129898
13	Gm13_11072152	11072152	0.417763	0.413974	-0.413974	0.413974
13	Gm13_11075530	11075530	0.414474	0.425702	-0.425702	0.425702
13	Gm13_11075788	11075788	0.131579	-0.49383	0.46197	-0.46197
13	Gm13_11075830	11075830	0.424342	0.118067	-0.118067	0.118067
13	Gm13_11077530	11077530	0.486842	-0.0972769	0.0972769	-0.0972769
13	Gm13_11077723	11077723	0.480263	-0.0764691	0.0764691	-0.0764691
13	Gm13_11081812	11081812	0.131579	-0.502699	0.47028	-0.47028
13	Gm13_11089965	11089965	0.0559211	-0.0341116	0.025335	-0.025335
13	Gm13_11090290	11090290	0.414474	0.411714	-0.411714	0.411714
13	Gm13_11121730	11121730	0.427632	0.368357	-0.368357	0.368357
13	Gm13_11141389	11141389	0.0822368	-0.166934	0.151811	-0.151811
13	Gm13_11155182	11155182	0.457237	0.295279	-0.295279	0.295279
13	Gm13_11160796	11160796	0.0723684	-0.0663251	0.0493035	-0.0493035
13	Gm13_11173731	11173731	0.411184	0.465146	-0.465146	0.465146
13	Gm13_11200572	11200572	0.427632	0.0439854	-0.0439854	0.0439854
13	Gm13_11200604	11200604	0.421053	0.0668427	-0.0668427	0.0668427
13	Gm13_11217228	11217228	0.398026	0.13916	-0.13916	0.13916
13	Gm13_11217235	11217235	0.414474	0.0811357	-0.0811357	0.0811357
13	Gm13_11217246	11217246	0.417763	0.0720327	-0.0720327	0.0720327
13	Gm13_11217278	11217278	0.0526316	0.17122	-0.17122	0.17122
13	Gm13_11233841	11233841	0.394737	0.148339	-0.148339	0.148339
13	Gm13_11233905	11233905	0.496711	0.212385	-0.212385	0.212385
13	Gm13_11245665	11245665	0.164474	-0.560046	0.514407	-0.514407
13	Gm13_11245950	11245950	0.398026	0.142337	-0.142337	0.142337
13	Gm13_11246241	11246241	0.0526316	0.179317	-0.179317	0.179317
13	Gm13_11250771	11250771	0.0789474	-0.106503	0.106503	-0.106503
13	Gm13_11250935	11250935	0.0559211	0.122524	-0.122524	0.122524
13	Gm13_11250975	11250975	0.0559211	0.122524	-0.122524	0.122524
13	Gm13_11252431	11252431	0.0559211	0.122524	-0.122524	0.122524
13	Gm13_11252639	11252639	0.384868	0.186807	-0.186807	0.186807
13	Gm13_11265630	11265630	0.108553	-0.286847	0.286847	-0.286847
13	Gm13_11286774	11286774	0.473684	0.276007	-0.276007	0.276007
13	Gm13_11324409	11324409	0.0559211	0.115854	-0.115854	0.115854
13	Gm13_11324503	11324503	0.424342	0.0443725	-0.0443725	0.0443725
13	Gm13_11324768	11324768	0.0592105	0.0394041	-0.0394041	0.0394041
13	Gm13_11420491	11420491	0.430921	0.436798	-0.436798	0.436798
13	Gm13_11420528	11420528	0.427632	0.448367	-0.448367	0.448367
13	Gm13_11420730	11420730	0.457237	0.349574	-0.349574	0.349574
13	Gm13_11420740	11420740	0.0559211	0.0728195	-0.0728195	0.0728195
13	Gm13_11420777	11420777	0.444079	0.394778	-0.394778	0.394778
13	Gm13_11425401	11425401	0.440789	-0.031541	0.031541	-0.031541
13	Gm13_11448822	11448822	0.411184	0.062859	-0.062859	0.062859
13	Gm13_11466967	11466967	0.470395	-0.136411	0.136411	-0.136411
13	Gm13_11473933	11473933	0.470395	-0.136123	0.136123	-0.136123
13	Gm13_11473955	11473955	0.115132	-0.221693	0.221693	-0.221693
13	Gm13_11473988	11473988	0.411184	0.0707128	-0.0707128	0.0707128
13	Gm13_11483591	11483591	0.460526	-0.100069	0.100069	-0.100069
13	Gm13_11483827	11483827	0.430921	0.00189998	-0.00189998	0.00189998
13	Gm13_11483866	11483866	0.411184	0.508071	-0.508071	0.508071
13	Gm13_11494879	11494879	0.411184	0.508284	-0.508284	0.508284
13	Gm13_11495228	11495228	0.424342	0.46728	-0.46728	0.46728
13	Gm13_11514427	11514427	0.0559211	0.08545	-0.08545	0.08545
13	Gm13_11525015	11525015	0.0789474	-0.148102	0.148102	-0.148102
13	Gm13_11527620	11527620	0.0789474	-0.139678	0.139678	-0.139678
13	Gm13_11539212	11539212	0.0723684	0.0177875	-0.0177875	0.0177875
13	Gm13_11569392	11569392	0.414474	-0.034387	0.034387	-0.034387
13	Gm13_11569444	11569444	0.0625	0.034772	-0.034772	0.034772
13	Gm13_11588639	11588639	0.467105	-0.199741	0.199741	-0.199741
13	Gm13_11597793	11597793	0.444079	-0.143187	0.143187	-0.143187
13	Gm13_11597806	11597806	0.444079	-0.143187	0.143187	-0.143187
13	Gm13_11607409	11607409	0.411184	0.639538	-0.639538	0.639538
13	Gm13_11607429	11607429	0.411184	0.639538	-0.639538	0.639538
13	Gm13_11608283	11608283	0.411184	0.639036	-0.639036	0.639036
13	Gm13_11625566	11625566	0.473684	-0.262966	0.262966	-0.262966
13	Gm13_11625585	11625585	0.473684	-0.262966	0.262966	-0.262966
13	Gm13_11625990	11625990	0.417763	0.630436	-0.630436	0.630436
13	Gm13_11632094	11632094	0.453947	-0.225922	0.225922	-0.225922
13	Gm13_11632855	11632855	0.460526	-0.24877	0.24877	-0.24877
13	Gm13_11633032	11633032	0.460526	-0.24877	0.24877	-0.24877
13	Gm13_11633090	11633090	0.460526	-0.24877	0.24877	-0.24877
13	Gm13_11633325	11633325	0.463816	-0.260281	0.260281	-0.260281
13	Gm13_11633334	11633334	0.407895	-0.083524	0.083524	-0.083524
13	Gm13_11634971	11634971	0.453947	-0.223953	0.223953	-0.223953
13	Gm13_11635267	11635267	0.460526	-0.253129	0.253129	-0.253129
13	Gm13_11638441	11638441	0.411184	0.667533	-0.667533	0.667533
13	Gm13_11644218	11644218	0.177632	-0.241361	0.241361	-0.241361
13	Gm13_11644260	11644260	0.440789	0.608327	-0.608327	0.608327
13	Gm13_11644841	11644841	0.328947	0.150071	-0.150071	0.150071
13	Gm13_11645609	11645609	0.427632	0.652105	-0.652105	0.652105
13	Gm13_11645934	11645934	0.328947	0.147584	-0.147584	0.147584
13	Gm13_11645959	11645959	0.148026	-0.0898051	0.0898051	-0.0898051
13	Gm13_11664301	11664301	0.121711	0.0114114	-0.0114114	0.0114114
13	Gm13_11664629	11664629	0.0723684	0.0680871	-0.0680871	0.0680871
13	Gm13_11669268	11669268	0.115132	0.0685272	-0.0685272	0.0685272
13	Gm13_11669336	11669336	0.200658	-0.372966	0.34841	-0.34841
13	Gm13_11687756	11687756	0.115132	0.0501327	-0.0501327	0.0501327
13	Gm13_11688146	11688146	0.440789	0.545195	-0.545195	0.545195
13	Gm13_11688274	11688274	0.460526	0.481854	-0.481854	0.481854
13	Gm13_11697029	11697029	0.368421	-0.180963	0.180963	-0.180963
13	Gm13_11697055	11697055	0.125	0.362022	-0.362022	0.362022
13	Gm13_11736586	11736586	0.457237	-0.345877	0.345877	-0.345877
13	Gm13_11736655	11736655	0.457237	-0.345877	0.345877	-0.345877
13	Gm13_11736747	11736747	0.457237	-0.345877	0.345877	-0.345877
13	Gm13_11736762	11736762	0.467105	-0.377289	0.377289	-0.377289
13	Gm13_11790660	11790660	0.460526	-0.358637	0.358637	-0.358637
13	Gm13_11790703	11790703	0.460526	-0.358637	0.358637	-0.358637
13	Gm13_11818857	11818857	0.476974	-0.419162	0.419162	-0.419162
13	Gm13_11842207	11842207	0.476974	-0.41787	0.41787	-0.41787
13	Gm13_11862704	11862704	0.473684	-0.413792	0.413792	-0.413792
13	Gm13_11875430	11875430	0.460526	-0.370006	0.370006	-0.370006
13	Gm13_11879471	11879471	0.480263	-0.437936	0.437936	-0.437936
13	Gm13_11879656	11879656	0.467105	-0.393352	0.393352	-0.393352
13	Gm13_11930614	11930614	0.476974	-0.434473	0.434473	-0.434473
13	Gm13_11930648	11930648	0.236842	-0.0338206	0.0338206	-0.0338206
13	Gm13_11930677	11930677	0.473684	-0.508585	0.508585	-0.508585
13	Gm13_11931867	11931867	0.467105	-0.481127	0.481127	-0.481127
13	Gm13_11932150	11932150	0.467105	-0.482074	0.482074	-0.482074
13	Gm13_11932206	11932206	0.470395	-0.491374	0.491374	-0.491374
13	Gm13_11955430	11955430	0.467105	-0.480586	0.480586	-0.480586
13	Gm13_11955463	11955463	0.467105	-0.480586	0.480586	-0.480586
13	Gm13_11955620	11955620	0.467105	-0.480586	0.480586	-0.480586
13	Gm13_11955670	11955670	0.473684	-0.502755	0.502755	-0.502755
13	Gm13_11967265	11967265	0.473684	-0.50298	0.50298	-0.50298
13	Gm13_11996032	11996032	0.463816	-0.473687	0.473687	-0.473687
13	Gm13_11996049	11996049	0.450658	-0.430219	0.430219	-0.430219
13	Gm13_11996074	11996074	0.230263	-0.0117669	0.0117669	-0.0117669
13	Gm13_12005208	12005208	0.467105	-0.509931	0.509931	-0.509931
13	Gm13_12005227	12005227	0.467105	-0.509931	0.509931	-0.509931
13	Gm13_12005255	12005255	0.0756579	0.328684	-0.328684	0.328684
13	Gm13_12005268	12005268	0.470395	-0.540153	0.540153	-0.540153
13	Gm13_12005467	12005467	0.128289	0.36577	-0.36577	0.36577
13	Gm13_12098165	12098165	0.463816	-0.508186	0.508186	-0.508186
13	Gm13_12098405	12098405	0.460526	-0.497423	0.497423	-0.497423
13	Gm13_12104185	12104185	0.483553	-0.573451	0.573451	-0.573451
13	Gm13_12104323	12104323	0.467105	-0.516946	0.516946	-0.516946
13	Gm13_12104349	12104349	0.480263	-0.560691	0.560691	-0.560691
13	Gm13_12104380	12104380	0.480263	-0.560691	0.560691	-0.560691
13	Gm13_12149227	12149227	0.233553	0.124333	-0.124333	0.124333
13	Gm13_12166437	12166437	0.0789474	0.241446	-0.241446	0.241446
13	Gm13_12185254	12185254	0.230263	-0.0959026	0.0959026	-0.0959026
13	Gm13_12193826	12193826	0.226974	0.158893	-0.158893	0.158893
13	Gm13_12194119	12194119	0.226974	0.158893	-0.158893	0.158893
13	Gm13_12203504	12203504	0.220395	0.185055	-0.185055	0.185055
13	Gm13_12212677	12212677	0.226974	0.160874	-0.160874	0.160874
13	Gm13_12212932	12212932	0.233553	-0.101534	0.101534	-0.101534
13	Gm13_12213780	12213780	0.240132	-0.132084	0.132084	-0.132084
13	Gm13_12214017	12214017	0.230263	0.154442	-0.154442	0.154442
13	Gm13_12214281	12214281	0.230263	0.154442	-0.154442	0.154442
13	Gm13_12214309	12214309	0.473684	-0.560094	0.560094	-0.560094
13	Gm13_12214318	12214318	0.0822368	0.2	-0.2	0.2
13	Gm13_12265901	12265901	0.240132	-0.141662	0.141662	-0.141662
13	Gm13_12265918	12265918	0.473684	-0.560597	0.560597	-0.560597
13	Gm13_12265969	12265969	0.470395	-0.549334	0.549334	-0.549334
13	Gm13_12272902	12272902	0.240132	-0.136318	0.136318	-0.136318
13	Gm13_12274646	12274646	0.233553	0.14206	-0.14206	0.14206
13	Gm13_12275088	12275088	0.460526	-0.511416	0.511416	-0.511416
13	Gm13_12275141	12275141	0.460526	-0.511416	0.511416	-0.511416
13	Gm13_12291149	12291149	0.128289	0.371228	-0.371228	0.371228
13	Gm13_12291160	12291160	0.4375	-0.44253	0.44253	-0.44253
13	Gm13_12336521	12336521	0.358553	-0.198208	0.198208	-0.198208
13	Gm13_12336768	12336768	0.0756579	0.258809	-0.258809	0.258809
13	Gm13_12361466	12361466	0.434211	-0.435358	0.435358	-0.435358
13	Gm13_12361536	12361536	0.0822368	0.184305	-0.184305	0.184305
13	Gm13_12361997	12361997	0.453947	-0.498909	0.498909	-0.498909
13	Gm13_12368745	12368745	0.0723684	0.305908	-0.305908	0.305908
13	Gm13_12378451	12378451	0.220395	0.188705	-0.188705	0.188705
13	Gm13_12378675	12378675	0.131579	0.34961	-0.34961	0.34961
13	Gm13_12389447	12389447	0.0723684	0.306745	-0.306745	0.306745
13	Gm13_12389458	12389458	0.470395	-0.572772	0.572772	-0.572772
13	Gm13_12389466	12389466	0.470395	-0.572772	0.572772	-0.572772
13	Gm13_12389776	12389776	0.450658	-0.506772	0.506772	-0.506772
13	Gm13_12389790	12389790	0.0657895	0.374412	-0.374412	0.374412
13	Gm13_12389804	12389804	0.351974	-0.195369	0.195369	-0.195369
13	Gm13_12389836	12389836	0.0657895	0.371273	-0.371273	0.371273
13	Gm13_12392047	12392047	0.0789474	0.230675	-0.230675	0.230675
13	Gm13_12394501	12394501	0.128289	0.378185	-0.378185	0.378185
13	Gm13_12395053	12395053	0.217105	0.206107	-0.206107	0.206107
13	Gm13_12395058	12395058	0.217105	0.206107	-0.206107	0.206107
13	Gm13_12395129	12395129	0.0756579	0.244844	-0.244844	0.244844
13	Gm13_12395417	12395417	0.0756579	0.244844	-0.244844	0.244844
13	Gm13_12395452	12395452	0.128289	0.350093	-0.350093	0.350093
13	Gm13_12395723	12395723	0.131579	0.324753	-0.324753	0.324753
13	Gm13_12395766	12395766	0.0756579	0.242596	-0.242596	0.242596
13	Gm13_12423918	12423918	0.128289	0.346051	-0.346051	0.346051
13	Gm13_12457364	12457364	0.128289	-0.0542851	0.0542851	-0.0542851
13	Gm13_12458771	12458771	0.128289	0.358194	-0.358194	0.358194
13	Gm13_12459041	12459041	0.286184	-0.341557	0.341557	-0.341557
13	Gm13_12459072	12459072	0.276316	-0.299785	0.299785	-0.299785
13	Gm13_12461623	12461623	0.128289	0.362137	-0.362137	0.362137
13	Gm13_12461649	12461649	0.286184	-0.311503	0.311503	-0.311503
13	Gm13_12461895	12461895	0.289474	-0.325271	0.325271	-0.325271
13	Gm13_12461902	12461902	0.286184	-0.311274	0.311274	-0.311274
13	Gm13_12463340	12463340	0.299342	-0.363857	0.363857	-0.363857
13	Gm13_12533223	12533223	0.292763	-0.339142	0.339142	-0.339142
13	Gm13_12547385	12547385	0.282895	-0.299321	0.299321	-0.299321
13	Gm13_12547711	12547711	0.286184	-0.313924	0.313924	-0.313924
13	Gm13_12547728	12547728	0.286184	-0.313924	0.313924	-0.313924
13	Gm13_12559073	12559073	0.263158	-0.23539	0.23539	-0.23539
13	Gm13_12566826	12566826	0.128289	-0.0579677	0.0579677	-0.0579677
13	Gm13_12567069	12567069	0.263158	-0.255605	0.255605	-0.255605
13	Gm13_12567175	12567175	0.266447	-0.270363	0.270363	-0.270363
13	Gm13_12569761	12569761	0.282895	-0.330766	0.330766	-0.330766
13	Gm13_12573814	12573814	0.282895	-0.3284	0.3284	-0.3284
13	Gm13_12574084	12574084	0.0888158	0.157249	-0.157249	0.157249
13	Gm13_12590039	12590039	0.25	-0.192117	0.192117	-0.192117
13	Gm13_12590335	12590335	0.253289	-0.207036	0.207036	-0.207036
13	Gm13_12601007	12601007	0.128289	0.356385	-0.356385	0.356385
13	Gm13_12601013	12601013	0.180921	0.320601	-0.320601	0.320601
13	Gm13_12605641	12605641	0.253289	-0.178103	0.178103	-0.178103
13	Gm13_12622165	12622165	0.253289	-0.178647	0.178647	-0.178647
13	Gm13_12626150	12626150	0.203947	0.199946	-0.199946	0.199946
13	Gm13_12626305	12626305	0.131579	0.352543	-0.352543	0.352543
13	Gm13_12626338	12626338	0.338816	-0.192975	0.192975	-0.192975
13	Gm13_12628631	12628631	0.338816	-0.192115	0.192115	-0.192115
13	Gm13_12651699	12651699	0.174342	0.347199	-0.347199	0.347199
13	Gm13_12651707	12651707	0.174342	0.347199	-0.347199	0.347199
13	Gm13_12654661	12654661	0.177632	0.328651	-0.328651	0.328651
13	Gm13_12657977	12657977	0.128289	0.366027	-0.366027	0.366027
13	Gm13_12672457	12672457	0.128289	0.365098	-0.365098	0.365098
13	Gm13_12691361	12691361	0.131579	0.339366	-0.339366	0.339366
13	Gm13_12691415	12691415	0.171053	0.373071	-0.373071	0.373071
13	Gm13_12691423	12691423	0.424342	-0.424828	0.424828	-0.424828
13	Gm13_12691538	12691538	0.299342	-0.11971	0.11971	-0.11971
13	Gm13_12691583	12691583	0.128289	0.376338	-0.376338	0.376338
13	Gm13_12758116	12758116	0.299342	-0.122104	0.122104	-0.122104
13	Gm13_12758135	12758135	0.131579	0.355469	-0.355469	0.355469
13	Gm13_12760877	12760877	0.131579	0.355065	-0.355065	0.355065
13	Gm13_12761148	12761148	0.440789	-0.481492	0.481492	-0.481492
13	Gm13_12761210	12761210	0.299342	-0.12166	0.12166	-0.12166
13	Gm13_12769472	12769472	0.299342	-0.121849	0.121849	-0.121849
13	Gm13_12769637	12769637	0.131579	0.355101	-0.355101	0.355101
13	Gm13_12774092	12774092	0.457237	-0.5264	0.5264	-0.5264
13	Gm13_12782786	12782786	0.125	0.394978	-0.394978	0.394978
13	Gm13_12782987	12782987	0.430921	-0.442589	0.442589	-0.442589
13	Gm13_12796876	12796876	0.128289	0.378967	-0.378967	0.378967
13	Gm13_12797794	12797794	0.296053	-0.108577	0.108577	-0.108577
13	Gm13_12797856	12797856	0.296053	-0.108577	0.108577	-0.108577
13	Gm13_12811891	12811891	0.388158	-0.325553	0.325553	-0.325553
13	Gm13_12843378	12843378	0.128289	0.377211	-0.377211	0.377211
13	Gm13_12843858	12843858	0.463816	-0.532321	0.532321	-0.532321
13	Gm13_12854260	12854260	0.467105	-0.543473	0.543473	-0.543473
13	Gm13_12876517	12876517	0.453947	-0.498568	0.498568	-0.498568
13	Gm13_12878304	12878304	0.338816	-0.258302	0.258302	-0.258302
13	Gm13_12878889	12878889	0.128289	0.379384	-0.379384	0.379384
13	Gm13_12884432	12884432	0.151316	-0.140809	0.140809	-0.140809
13	Gm13_12884483	12884483	0.0756579	0.27412	-0.27412	0.27412
13	Gm13_12893383	12893383	0.151316	-0.0397644	0.0397644	-0.0397644
13	Gm13_12895180	12895180	0.460526	-0.515448	0.515448	-0.515448
13	Gm13_12895216	12895216	0.128289	0.359588	-0.359588	0.359588
13	Gm13_12908917	12908917	0.131579	0.333421	-0.333421	0.333421
13	Gm13_12918216	12918216	0.131579	0.333421	-0.333421	0.333421
13	Gm13_12918221	12918221	0.131579	0.333421	-0.333421	0.333421
13	Gm13_12919283	12919283	0.131579	0.33309	-0.33309	0.33309
13	Gm13_12933058	12933058	0.476974	-0.561824	0.561824	-0.561824
13	Gm13_12933761	12933761	0.457237	-0.498457	0.498457	-0.498457
13	Gm13_12934129	12934129	0.476974	-0.566896	0.566896	-0.566896
13	Gm13_12934272	12934272	0.476974	-0.563727	0.563727	-0.563727
13	Gm13_12934352	12934352	0.463816	-0.518385	0.518385	-0.518385
13	Gm13_12938716	12938716	0.460526	-0.507962	0.507962	-0.507962
13	Gm13_12939095	12939095	0.486842	0.631091	-0.631091	0.631091
13	Gm13_12944440	12944440	0.342105	-0.236996	0.236996	-0.236996
13	Gm13_12944479	12944479	0.473684	-0.552422	0.552422	-0.552422
13	Gm13_12963328	12963328	0.325658	-0.18098	0.18098	-0.18098
13	Gm13_12978733	12978733	0.125	0.377237	-0.377237	0.377237
13	Gm13_12978789	12978789	0.351974	-0.27901	0.27901	-0.27901
13	Gm13_12989978	12989978	0.328947	-0.197054	0.197054	-0.197054
13	Gm13_12989984	12989984	0.325658	-0.184658	0.184658	-0.184658
13	Gm13_12989994	12989994	0.325658	-0.184658	0.184658	-0.184658
13	Gm13_12990041	12990041	0.167763	0.405776	-0.405776	0.405776
13	Gm13_13012306	13012306	0.335526	-0.239604	0.239604	-0.239604
13	Gm13_13012597	13012597	0.332237	-0.227015	0.227015	-0.227015
13	Gm13_13015066	13015066	0.319079	-0.176829	0.176829	-0.176829
13	Gm13_13015216	13015216	0.342105	-0.265498	0.265498	-0.265498
13	Gm13_13015233	13015233	0.131579	0.34424	-0.34424	0.34424
13	Gm13_13015483	13015483	0.335526	-0.236068	0.236068	-0.236068
13	Gm13_13033366	13033366	0.440789	-0.464554	0.464554	-0.464554
13	Gm13_13033389	13033389	0.3125	-0.151829	0.151829	-0.151829
13	Gm13_13033416	13033416	0.440789	-0.464147	0.464147	-0.464147
13	Gm13_13080215	13080215	0.342105	-0.258919	0.258919	-0.258919
13	Gm13_13080924	13080924	0.171053	0.389365	-0.389365	0.389365
13	Gm13_13081114	13081114	0.131579	0.318298	-0.318298	0.318298
13	Gm13_13093327	13093327	0.128289	0.343375	-0.343375	0.343375
13	Gm13_13108648	13108648	0.315789	-0.0752153	0.0752153	-0.0752153
13	Gm13_13108656	13108656	0.309211	-0.0498622	0.0498622	-0.0498622
13	Gm13_13118873	13118873	0.473684	-0.502951	0.502951	-0.502951
13	Gm13_13118897	13118897	0.131579	0.30012	-0.30012	0.30012
13	Gm13_13119099	13119099	0.131579	0.30012	-0.30012	0.30012
13	Gm13_13183598	13183598	0.128289	0.323743	-0.323743	0.323743
13	Gm13_13228813	13228813	0.134868	0.271429	-0.271429	0.271429
13	Gm13_13228964	13228964	0.134868	0.271429	-0.271429	0.271429
13	Gm13_13228996	13228996	0.134868	0.271429	-0.271429	0.271429
13	Gm13_13236857	13236857	0.128289	0.321304	-0.321304	0.321304
13	Gm13_13240750	13240750	0.134868	0.273129	-0.273129	0.273129
13	Gm13_13240801	13240801	0.134868	0.273129	-0.273129	0.273129
13	Gm13_13240953	13240953	0.134868	0.273129	-0.273129	0.273129
13	Gm13_13241199	13241199	0.131579	0.297981	-0.297981	0.297981
13	Gm13_13256882	13256882	0.266447	0.0972776	-0.0972776	0.0972776
13	Gm13_13257111	13257111	0.460526	-0.456321	0.456321	-0.456321
13	Gm13_13261597	13261597	0.473684	-0.495233	0.495233	-0.495233
13	Gm13_13261703	13261703	0.470395	-0.478531	0.478531	-0.478531
13	Gm13_13261756	13261756	0.134868	0.258599	-0.258599	0.258599
13	Gm13_13262009	13262009	0.134868	0.258599	-0.258599	0.258599
13	Gm13_13280968	13280968	0.138158	0.232898	-0.232898	0.232898
13	Gm13_13335843	13335843	0.131579	0.255722	-0.255722	0.255722
13	Gm13_13338306	13338306	0.125	0.304707	-0.304707	0.304707
13	Gm13_13339018	13339018	0.121711	0.316177	-0.316177	0.316177
13	Gm13_13339370	13339370	0.128289	0.274334	-0.274334	0.274334
13	Gm13_13339440	13339440	0.131579	0.249041	-0.249041	0.249041
13	Gm13_13370177	13370177	0.125	0.300106	-0.300106	0.300106
13	Gm13_13370220	13370220	0.125	0.300106	-0.300106	0.300106
13	Gm13_13371234	13371234	0.131579	0.248587	-0.248587	0.248587
13	Gm13_13371239	13371239	0.125	0.300227	-0.300227	0.300227
13	Gm13_13373608	13373608	0.134868	0.225529	-0.225529	0.225529
13	Gm13_13373931	13373931	0.131579	0.24998	-0.24998	0.24998
13	Gm13_13384138	13384138	0.131579	0.250754	-0.250754	0.250754
13	Gm13_13384359	13384359	0.131579	0.250754	-0.250754	0.250754
13	Gm13_13384406	13384406	0.131579	0.250754	-0.250754	0.250754
13	Gm13_13388238	13388238	0.131579	0.250754	-0.250754	0.250754
13	Gm13_13388298	13388298	0.131579	0.250754	-0.250754	0.250754
13	Gm13_13390170	13390170	0.131579	0.250272	-0.250272	0.250272
13	Gm13_13395690	13395690	0.125	0.299784	-0.299784	0.299784
13	Gm13_13395714	13395714	0.128289	0.273704	-0.273704	0.273704
13	Gm13_13395930	13395930	0.131579	0.248884	-0.248884	0.248884
13	Gm13_13395971	13395971	0.131579	0.248884	-0.248884	0.248884
13	Gm13_13398456	13398456	0.125	0.299459	-0.299459	0.299459
13	Gm13_13430730	13430730	0.470395	-0.458495	0.458495	-0.458495
13	Gm13_13464740	13464740	0.273026	0.0418767	-0.0418767	0.0418767
13	Gm13_13477336	13477336	0.269737	0.0547022	-0.0547022	0.0547022
13	Gm13_13502886	13502886	0.273026	0.0419243	-0.0419243	0.0419243
13	Gm13_13561743	13561743	0.125	0.328773	-0.328773	0.328773
13	Gm13_13607429	13607429	0.259868	0.100646	-0.100646	0.100646
13	Gm13_13607457	13607457	0.266447	0.0719629	-0.0719629	0.0719629
13	Gm13_13607647	13607647	0.259868	0.100894	-0.100894	0.100894
13	Gm13_13640706	13640706	0.125	0.327428	-0.327428	0.327428
13	Gm13_13654250	13654250	0.259868	0.0713658	-0.0713658	0.0713658
13	Gm13_13673209	13673209	0.240132	0.152599	-0.152599	0.152599
13	Gm13_13673225	13673225	0.246711	0.121829	-0.121829	0.121829
13	Gm13_13683081	13683081	0.236842	0.165402	-0.165402	0.165402
13	Gm13_13683087	13683087	0.171053	0.128259	-0.128259	0.128259
13	Gm13_13683427	13683427	0.236842	0.15438	-0.15438	0.15438
13	Gm13_13683503	13683503	0.246711	0.108834	-0.108834	0.108834
13	Gm13_13685665	13685665	0.246711	0.107888	-0.107888	0.107888
13	Gm13_13685705	13685705	0.246711	0.107888	-0.107888	0.107888
13	Gm13_13693160	13693160	0.256579	0.0633545	-0.0633545	0.0633545
13	Gm13_13693166	13693166	0.243421	0.124049	-0.124049	0.124049
13	Gm13_13693174	13693174	0.256579	0.0627668	-0.0627668	0.0627668
13	Gm13_13693301	13693301	0.243421	0.124022	-0.124022	0.124022
13	Gm13_13694344	13694344	0.253289	0.0781049	-0.0781049	0.0781049
13	Gm13_13694428	13694428	0.240132	0.13051	-0.13051	0.13051
13	Gm13_13694741	13694741	0.240132	0.13051	-0.13051	0.13051
13	Gm13_13694805	13694805	0.25	0.0929344	-0.0929344	0.0929344
13	Gm13_13696072	13696072	0.246711	0.108243	-0.108243	0.108243
13	Gm13_13751874	13751874	0.240132	0.138659	-0.138659	0.138659
13	Gm13_13759368	13759368	0.253289	0.0828379	-0.0828379	0.0828379
13	Gm13_16583210	16583210	0.463816	-0.462052	0.462052	-0.462052
13	Gm13_16586667	16586667	0.460526	-0.454142	0.454142	-0.454142
13	Gm13_16641771	16641771	0.131579	0.339194	-0.339194	0.339194
13	Gm13_16648112	16648112	0.302632	-0.0468052	0.0468052	-0.0468052
13	Gm13_16666649	16666649	0.463816	-0.478167	0.478167	-0.478167
13	Gm13_16666856	16666856	0.131579	0.320235	-0.320235	0.320235
13	Gm13_16683294	16683294	0.111842	0.331841	-0.331841	0.331841
13	Gm13_16726611	16726611	0.131579	0.304682	-0.304682	0.304682
13	Gm13_16747639	16747639	0.157895	0.137951	-0.137951	0.137951
13	Gm13_16751606	16751606	0.131579	0.307	-0.307	0.307
13	Gm13_16751644	16751644	0.289474	0.063504	-0.063504	0.063504
13	Gm13_16751733	16751733	0.154605	0.172657	-0.172657	0.172657
13	Gm13_16755881	16755881	0.131579	0.324087	-0.324087	0.324087
13	Gm13_16781836	16781836	0.457237	-0.410838	0.410838	-0.410838
13	Gm13_16812511	16812511	0.131579	0.311488	-0.311488	0.311488
13	Gm13_16824392	16824392	0.157895	0.146054	-0.146054	0.146054
13	Gm13_16824619	16824619	0.157895	0.146054	-0.146054	0.146054
13	Gm13_16838854	16838854	0.157895	0.146054	-0.146054	0.146054
13	Gm13_16839029	16839029	0.460526	-0.434803	0.434803	-0.434803
13	Gm13_16839824	16839824	0.157895	0.136983	-0.136983	0.136983
13	Gm13_16839851	16839851	0.131579	0.300298	-0.300298	0.300298
13	Gm13_16845927	16845927	0.131579	0.300298	-0.300298	0.300298
13	Gm13_16846176	16846176	0.131579	0.300298	-0.300298	0.300298
13	Gm13_16854322	16854322	0.131579	0.300298	-0.300298	0.300298
13	Gm13_16915088	16915088	0.131579	0.299011	-0.299011	0.299011
13	Gm13_16915382	16915382	0.131579	0.299011	-0.299011	0.299011
13	Gm13_16993639	16993639	0.282895	0.0792228	-0.0792228	0.0792228
13	Gm13_16996146	16996146	0.154605	0.121267	-0.121267	0.121267
13	Gm13_17024151	17024151	0.154605	0.121267	-0.121267	0.121267
13	Gm13_17053999	17053999	0.131579	0.259993	-0.259993	0.259993
13	Gm13_17069509	17069509	0.128289	0.281252	-0.281252	0.281252
13	Gm13_17089615	17089615	0.131579	0.256613	-0.256613	0.256613
13	Gm13_17089854	17089854	0.131579	0.256613	-0.256613	0.256613
13	Gm13_17138248	17138248	0.131579	0.255923	-0.255923	0.255923
13	Gm13_17144957	17144957	0.128289	0.280596	-0.280596	0.280596
13	Gm13_17178498	17178498	0.131579	0.255167	-0.255167	0.255167
13	Gm13_17185014	17185014	0.134868	0.230849	-0.230849	0.230849
13	Gm13_17185066	17185066	0.131579	0.2552	-0.2552	0.2552
13	Gm13_17188708	17188708	0.128289	0.280078	-0.280078	0.280078
13	Gm13_17188762	17188762	0.128289	0.280078	-0.280078	0.280078
13	Gm13_17189322	17189322	0.128289	0.280078	-0.280078	0.280078
13	Gm13_17189428	17189428	0.128289	0.280078	-0.280078	0.280078
13	Gm13_17189614	17189614	0.473684	0.51333	-0.51333	0.51333
13	Gm13_17200840	17200840	0.128289	0.329034	-0.329034	0.329034
13	Gm13_17200884	17200884	0.424342	-0.303331	0.303331	-0.303331
13	Gm13_17239847	17239847	0.128289	0.322924	-0.322924	0.322924
13	Gm13_17244031	17244031	0.174342	0.318562	-0.318562	0.318562
13	Gm13_17283750	17283750	0.128289	0.335765	-0.335765	0.335765
13	Gm13_17293569	17293569	0.167763	0.36042	-0.36042	0.36042
13	Gm13_17294212	17294212	0.131579	0.289236	-0.289236	0.289236
13	Gm13_17299816	17299816	0.134868	0.265127	-0.265127	0.265127
13	Gm13_17388131	17388131	0.305921	0.0398964	-0.0398964	0.0398964
13	Gm13_17389497	17389497	0.444079	-0.341962	0.341962	-0.341962
13	Gm13_17417133	17417133	0.444079	-0.33449	0.33449	-0.33449
13	Gm13_17424028	17424028	0.467105	-0.404839	0.404839	-0.404839
13	Gm13_17463862	17463862	0.131579	0.251968	-0.251968	0.251968
13	Gm13_17468154	17468154	0.131579	0.253681	-0.253681	0.253681
13	Gm13_17475986	17475986	0.128289	0.274008	-0.274008	0.274008
13	Gm13_17511162	17511162	0.131579	0.246708	-0.246708	0.246708
13	Gm13_17550629	17550629	0.292763	0.0792717	-0.0792717	0.0792717
13	Gm13_17561539	17561539	0.131579	0.235801	-0.235801	0.235801
13	Gm13_17561549	17561549	0.131579	0.235801	-0.235801	0.235801
13	Gm13_17581692	17581692	0.131579	0.23481	-0.23481	0.23481
13	Gm13_17581728	17581728	0.131579	0.23481	-0.23481	0.23481
13	Gm13_17620876	17620876	0.108553	0.325632	-0.325632	0.325632
13	Gm13_17626029	17626029	0.131579	0.151177	-0.151177	0.151177
13	Gm13_17680802	17680802	0.108553	0.316104	-0.316104	0.316104
13	Gm13_17680808	17680808	0.108553	0.316104	-0.316104	0.316104
13	Gm13_17681047	17681047	0.282895	0.119824	-0.119824	0.119824
13	Gm13_17682106	17682106	0.138158	0.179026	-0.179026	0.179026
13	Gm13_17691399	17691399	0.131579	0.226819	-0.226819	0.226819
13	Gm13_17692618	17692618	0.128289	0.25189	-0.25189	0.25189
13	Gm13_17692812	17692812	0.134868	0.201437	-0.201437	0.201437
13	Gm13_17695742	17695742	0.128289	0.251848	-0.251848	0.251848
13	Gm13_17706207	17706207	0.141447	0.157184	-0.157184	0.157184
13	Gm13_17706514	17706514	0.134868	0.202785	-0.202785	0.202785
13	Gm13_17718358	17718358	0.131579	0.227432	-0.227432	0.227432
13	Gm13_17718386	17718386	0.131579	0.227432	-0.227432	0.227432
13	Gm13_17725540	17725540	0.309211	0.0413696	-0.0413696	0.0413696
13	Gm13_17725546	17725546	0.4375	-0.334569	0.334569	-0.334569
13	Gm13_17735627	17735627	0.138158	0.15614	-0.15614	0.15614
13	Gm13_17749400	17749400	0.157895	0.0388195	-0.0388195	0.0388195
13	Gm13_17764465	17764465	0.128289	0.221733	-0.221733	0.221733
13	Gm13_17774951	17774951	0.125	0.234049	-0.234049	0.234049
13	Gm13_17869867	17869867	0.0822368	0.0075471	-0.0075471	0.0075471
13	Gm13_17888351	17888351	0.131579	0.202783	-0.202783	0.202783
13	Gm13_17916425	17916425	0.134868	0.178822	-0.178822	0.178822
13	Gm13_17937192	17937192	0.3125	0.036781	-0.036781	0.036781
13	Gm13_17953216	17953216	0.128289	0.215071	-0.215071	0.215071
13	Gm13_17985529	17985529	0.134868	0.166102	-0.166102	0.166102
13	Gm13_17986100	17986100	0.134868	0.16635	-0.16635	0.16635
13	Gm13_17986115	17986115	0.128289	0.216627	-0.216627	0.216627
13	Gm13_17988671	17988671	0.134868	0.16816	-0.16816	0.16816
13	Gm13_17989803	17989803	0.131579	0.19295	-0.19295	0.19295
13	Gm13_17990030	17990030	0.134868	0.168213	-0.168213	0.168213
13	Gm13_18042661	18042661	0.131579	0.192344	-0.192344	0.192344
13	Gm13_18096138	18096138	0.131579	0.192889	-0.192889	0.192889
13	Gm13_18100739	18100739	0.134868	0.168182	-0.168182	0.168182
13	Gm13_18114009	18114009	0.131579	0.194575	-0.194575	0.194575
13	Gm13_18114165	18114165	0.131579	0.192715	-0.192715	0.192715
13	Gm13_18156003	18156003	0.128289	0.284748	-0.284748	0.284748
13	Gm13_18156075	18156075	0.131579	0.217829	-0.217829	0.217829
13	Gm13_18156080	18156080	0.134868	0.193414	-0.193414	0.193414
13	Gm13_18174136	18174136	0.131579	0.206336	-0.206336	0.206336
13	Gm13_18180629	18180629	0.131579	0.219932	-0.219932	0.219932
13	Gm13_18180855	18180855	0.131579	0.219932	-0.219932	0.219932
13	Gm13_18208696	18208696	0.131579	0.221745	-0.221745	0.221745
13	Gm13_18232901	18232901	0.302632	-0.0557552	0.0557552	-0.0557552
13	Gm13_18244945	18244945	0.134868	0.232222	-0.232222	0.232222
13	Gm13_18245213	18245213	0.134868	0.232222	-0.232222	0.232222
13	Gm13_18272387	18272387	0.134868	0.225975	-0.225975	0.225975
13	Gm13_18282052	18282052	0.463816	-0.49636	0.49636	-0.49636
13	Gm13_18287466	18287466	0.125	0.331892	-0.331892	0.331892
13	Gm13_18292981	18292981	0.335526	-0.163768	0.163768	-0.163768
13	Gm13_18294189	18294189	0.305921	-0.0522723	0.0522723	-0.0522723
13	Gm13_18303189	18303189	0.134868	0.256204	-0.256204	0.256204
13	Gm13_18303390	18303390	0.141447	0.210481	-0.210481	0.210481
13	Gm13_18322061	18322061	0.296053	-0.01597	0.01597	-0.01597
13	Gm13_18327217	18327217	0.134868	0.262623	-0.262623	0.262623
13	Gm13_18327481	18327481	0.309211	-0.0678052	0.0678052	-0.0678052
13	Gm13_18341045	18341045	0.457237	-0.477922	0.477922	-0.477922
13	Gm13_18341079	18341079	0.134868	0.253628	-0.253628	0.253628
13	Gm13_18376892	18376892	0.309211	-0.0712512	0.0712512	-0.0712512
13	Gm13_18388624	18388624	0.138158	0.201914	-0.201914	0.201914
13	Gm13_18405843	18405843	0.125	0.295257	-0.295257	0.295257
13	Gm13_18410996	18410996	0.131579	0.244473	-0.244473	0.244473
13	Gm13_18431269	18431269	0.128289	0.276235	-0.276235	0.276235
13	Gm13_18446536	18446536	0.134868	0.226042	-0.226042	0.226042
13	Gm13_18448607	18448607	0.134868	0.228258	-0.228258	0.228258
13	Gm13_18450953	18450953	0.121711	0.315566	-0.315566	0.315566
13	Gm13_18451031	18451031	0.174342	0.326147	-0.326147	0.326147
13	Gm13_18473365	18473365	0.125	0.310006	-0.310006	0.310006
13	Gm13_18486585	18486585	0.134868	0.237846	-0.237846	0.237846
13	Gm13_18533181	18533181	0.296053	-0.0130561	0.0130561	-0.0130561
13	Gm13_18560784	18560784	0.0888158	0.141773	-0.141773	0.141773
13	Gm13_18560842	18560842	0.226974	-0.128896	0.128896	-0.128896
13	Gm13_18570881	18570881	0.125	0.318845	-0.318845	0.318845
13	Gm13_18599393	18599393	0.289474	0.010963	-0.010963	0.010963
13	Gm13_18604728	18604728	0.134868	0.255317	-0.255317	0.255317
13	Gm13_18604756	18604756	0.134868	0.255317	-0.255317	0.255317
13	Gm13_18607161	18607161	0.450658	-0.433447	0.433447	-0.433447
13	Gm13_18620936	18620936	0.134868	0.22522	-0.22522	0.22522
13	Gm13_18621648	18621648	0.115132	0.362723	-0.362723	0.362723
13	Gm13_18622396	18622396	0.121711	0.317197	-0.317197	0.317197
13	Gm13_18622459	18622459	0.125	0.302908	-0.302908	0.302908
13	Gm13_18634864	18634864	0.125	0.317444	-0.317444	0.317444
13	Gm13_18665883	18665883	0.128289	0.292139	-0.292139	0.292139
13	Gm13_18677435	18677435	0.134868	0.24582	-0.24582	0.24582
13	Gm13_18873925	18873925	0.131579	0.284297	-0.284297	0.284297
13	Gm13_18883611	18883611	0.134868	0.260471	-0.260471	0.260471
13	Gm13_18883946	18883946	0.128289	0.309363	-0.309363	0.309363
13	Gm13_18884651	18884651	0.128289	0.309363	-0.309363	0.309363
13	Gm13_18884820	18884820	0.460526	-0.467083	0.467083	-0.467083
13	Gm13_18885427	18885427	0.125	0.338866	-0.338866	0.338866
13	Gm13_18887198	18887198	0.144737	0.195579	-0.195579	0.195579
13	Gm13_18887208	18887208	0.144737	0.195579	-0.195579	0.195579
13	Gm13_18887450	18887450	0.134868	0.262738	-0.262738	0.262738
13	Gm13_18934706	18934706	0.138158	0.242258	-0.242258	0.242258
13	Gm13_18939443	18939443	0.125	0.338447	-0.338447	0.338447
13	Gm13_18940193	18940193	0.125	0.338447	-0.338447	0.338447
13	Gm13_18948397	18948397	0.134868	0.254067	-0.254067	0.254067
13	Gm13_18948403	18948403	0.138158	0.245687	-0.245687	0.245687
13	Gm13_18976442	18976442	0.138158	0.243436	-0.243436	0.243436
13	Gm13_18976490	18976490	0.171053	0.318155	-0.318155	0.318155
13	Gm13_18979662	18979662	0.131579	0.296425	-0.296425	0.296425
13	Gm13_18983764	18983764	0.138158	0.248271	-0.248271	0.248271
13	Gm13_18987333	18987333	0.134868	0.271196	-0.271196	0.271196
13	Gm13_18987363	18987363	0.138158	0.248098	-0.248098	0.248098
13	Gm13_19029475	19029475	0.131579	0.298642	-0.298642	0.298642
13	Gm13_19054518	19054518	0.128289	0.322641	-0.322641	0.322641
13	Gm13_19065674	19065674	0.463816	-0.503789	0.503789	-0.503789
13	Gm13_19066149	19066149	0.134868	0.298171	-0.298171	0.298171
13	Gm13_19141485	19141485	0.125	0.373219	-0.373219	0.373219
13	Gm13_19177177	19177177	0.467105	-0.507942	0.507942	-0.507942
13	Gm13_19185504	19185504	0.0723684	0.408944	-0.408944	0.408944
13	Gm13_19185695	19185695	0.131579	0.325233	-0.325233	0.325233
13	Gm13_19222511	19222511	0.134868	0.302016	-0.302016	0.302016
13	Gm13_19227977	19227977	0.131579	0.324298	-0.324298	0.324298
13	Gm13_19232373	19232373	0.128289	0.348015	-0.348015	0.348015
13	Gm13_19233317	19233317	0.134868	0.298705	-0.298705	0.298705
13	Gm13_19233798	19233798	0.131579	0.323635	-0.323635	0.323635
13	Gm13_19244229	19244229	0.453947	-0.492488	0.492488	-0.492488
13	Gm13_19250278	19250278	0.460526	-0.514997	0.514997	-0.514997
13	Gm13_19250938	19250938	0.138158	0.28498	-0.28498	0.28498
13	Gm13_19253004	19253004	0.128289	0.358407	-0.358407	0.358407
13	Gm13_19254762	19254762	0.171053	0.311523	-0.311523	0.311523
13	Gm13_19255072	19255072	0.171053	0.311523	-0.311523	0.311523
13	Gm13_19257606	19257606	0.131579	0.327087	-0.327087	0.327087
13	Gm13_19280669	19280669	0.134868	0.303326	-0.303326	0.303326
13	Gm13_19292760	19292760	0.131579	0.171951	-0.171951	0.171951
13	Gm13_19292794	19292794	0.128289	0.357197	-0.357197	0.357197
13	Gm13_19305964	19305964	0.128289	0.357379	-0.357379	0.357379
13	Gm13_19306989	19306989	0.460526	-0.536225	0.536225	-0.536225
13	Gm13_19329270	19329270	0.131579	0.334183	-0.334183	0.334183
13	Gm13_19336704	19336704	0.289474	-0.11263	0.11263	-0.11263
13	Gm13_19342853	19342853	0.121711	0.228611	-0.228611	0.228611
13	Gm13_19342880	19342880	0.131579	0.322545	-0.322545	0.322545
13	Gm13_19364814	19364814	0.128289	0.346882	-0.346882	0.346882
13	Gm13_19415794	19415794	0.134868	0.297718	-0.297718	0.297718
13	Gm13_19416066	19416066	0.299342	-0.141235	0.141235	-0.141235
13	Gm13_19416297	19416297	0.128289	0.205894	-0.205894	0.205894
13	Gm13_19418995	19418995	0.0855263	0.485084	-0.485084	0.485084
13	Gm13_19419297	19419297	0.128289	0.38907	-0.38907	0.38907
13	Gm13_19430214	19430214	0.125	0.413072	-0.413072	0.413072
13	Gm13_19457854	19457854	0.289474	-0.0268674	0.0268674	-0.0268674
13	Gm13_19465943	19465943	0.125	0.381259	-0.381259	0.381259
13	Gm13_19471700	19471700	0.134868	0.30744	-0.30744	0.30744
13	Gm13_19487766	19487766	0.128289	0.339426	-0.339426	0.339426
13	Gm13_19491563	19491563	0.121711	0.3867	-0.3867	0.3867
13	Gm13_19565567	19565567	0.125	0.36678	-0.36678	0.36678
13	Gm13_19592946	19592946	0.131579	0.32243	-0.32243	0.32243
13	Gm13_19597720	19597720	0.134868	0.297987	-0.297987	0.297987
13	Gm13_19600538	19600538	0.131579	0.322602	-0.322602	0.322602
13	Gm13_19600570	19600570	0.302632	-0.0648066	0.0648066	-0.0648066
13	Gm13_19600623	19600623	0.131579	0.347004	-0.347004	0.347004
13	Gm13_19603213	19603213	0.131579	0.337448	-0.337448	0.337448
13	Gm13_19625844	19625844	0.144737	0.384302	-0.384302	0.384302
13	Gm13_19674189	19674189	0.138158	0.303641	-0.303641	0.303641
13	Gm13_19695366	19695366	0.125	0.271288	-0.271288	0.271288
13	Gm13_19697051	19697051	0.0822368	0.49805	-0.49805	0.49805
13	Gm13_19720895	19720895	0.302632	-0.189424	0.189424	-0.189424
13	Gm13_19733531	19733531	0.171053	0.227418	-0.227418	0.227418
13	Gm13_19741061	19741061	0.190789	0.130806	-0.130806	0.130806
13	Gm13_19743933	19743933	0.457237	-0.552883	0.552883	-0.552883
13	Gm13_19750718	19750718	0.134868	0.335536	-0.335536	0.335536
13	Gm13_19752072	19752072	0.0756579	0.457857	-0.457857	0.457857
13	Gm13_19752200	19752200	0.128289	0.436164	-0.436164	0.436164
13	Gm13_19765502	19765502	0.121711	0.404939	-0.404939	0.404939
13	Gm13_19768807	19768807	0.171053	0.242855	-0.242855	0.242855
13	Gm13_19769040	19769040	0.134868	0.29545	-0.29545	0.29545
13	Gm13_19770114	19770114	0.134868	0.303117	-0.303117	0.303117
13	Gm13_19795701	19795701	0.302632	-0.160171	0.160171	-0.160171
13	Gm13_19796992	19796992	0.292763	-0.131165	0.131165	-0.131165
13	Gm13_19800481	19800481	0.138158	0.284321	-0.284321	0.284321
13	Gm13_19875041	19875041	0.305921	-0.167765	0.167765	-0.167765
13	Gm13_19891165	19891165	0.125	0.355932	-0.355932	0.355932
13	Gm13_19892047	19892047	0.134868	0.280635	-0.280635	0.280635
13	Gm13_19892453	19892453	0.125	0.356015	-0.356015	0.356015
13	Gm13_19903971	19903971	0.131579	0.311344	-0.311344	0.311344
13	Gm13_19927886	19927886	0.131579	0.170459	-0.170459	0.170459
13	Gm13_19931361	19931361	0.167763	0.257078	-0.257078	0.257078
13	Gm13_22535363	22535363	0.194079	-0.00158422	0.00158422	-0.00158422
13	Gm13_22535558	22535558	0.180921	0.0662163	-0.0662163	0.0662163
13	Gm13_22535597	22535597	0.207237	0.16159	-0.16159	0.16159
13	Gm13_22535871	22535871	0.210526	0.148008	-0.148008	0.148008
13	Gm13_22552810	22552810	0.213816	0.132079	-0.132079	0.132079
13	Gm13_22552842	22552842	0.134868	0.265975	-0.265975	0.265975
13	Gm13_22682467	22682467	0.203947	0.131093	-0.131093	0.131093
13	Gm13_22763324	22763324	0.138158	0.189047	-0.189047	0.189047
13	Gm13_22768076	22768076	0.197368	-0.0682856	0.0682856	-0.0682856
13	Gm13_27450331	27450331	0.256579	0.36762	-0.36762	0.36762
13	Gm13_27450361	27450361	0.414474	-0.0225546	0.0225546	-0.0225546
13	Gm13_27466000	27466000	0.289474	0.223373	-0.223373	0.223373
13	Gm13_27514511	27514511	0.263158	0.348378	-0.348378	0.348378
13	Gm13_27517832	27517832	0.256579	0.374599	-0.374599	0.374599
13	Gm13_27519703	27519703	0.289474	0.239077	-0.239077	0.239077
13	Gm13_27526627	27526627	0.404605	-0.0455125	0.0455125	-0.0455125
13	Gm13_27526661	27526661	0.105263	0.60192	-0.60192	0.60192
13	Gm13_27566661	27566661	0.335526	0.457659	-0.457659	0.457659
13	Gm13_27576551	27576551	0.299342	0.587868	-0.587868	0.587868
13	Gm13_27594761	27594761	0.3125	0.532934	-0.532934	0.532934
13	Gm13_27622164	27622164	0.144737	0.31767	-0.31767	0.31767
13	Gm13_27622360	27622360	0.144737	0.31767	-0.31767	0.31767
13	Gm13_27670024	27670024	0.0592105	0.0651782	-0.0651782	0.0651782
13	Gm13_27694098	27694098	0.0592105	0.0652304	-0.0652304	0.0652304
13	Gm13_27694326	27694326	0.0592105	0.0652304	-0.0652304	0.0652304
13	Gm13_27726250	27726250	0.0559211	0.0839341	-0.0839341	0.0839341
13	Gm13_27726385	27726385	0.125	0.46	-0.46	0.46
13	Gm13_27736994	27736994	0.246711	0.3394	-0.3394	0.3394
13	Gm13_27745908	27745908	0.322368	0.103204	-0.103204	0.103204
13	Gm13_27752981	27752981	0.25	0.285573	-0.285573	0.285573
13	Gm13_27794775	27794775	0.217105	0.428008	-0.428008	0.428008
13	Gm13_27810262	27810262	0.460526	0.0346502	-0.0346502	0.0346502
13	Gm13_27810269	27810269	0.305921	0.598128	-0.598128	0.598128
13	Gm13_27852871	27852871	0.460526	0.0414449	-0.0414449	0.0414449
13	Gm13_27859369	27859369	0.325658	0.553497	-0.553497	0.553497
13	Gm13_27900252	27900252	0.121711	0.510756	-0.510756	0.510756
13	Gm13_27914543	27914543	0.128289	0.46418	-0.46418	0.46418
13	Gm13_27963724	27963724	0.476974	-0.0102568	0.0102568	-0.0102568
13	Gm13_27970351	27970351	0.118421	0.519288	-0.519288	0.519288
13	Gm13_27970385	27970385	0.167763	0.212167	-0.212167	0.212167
13	Gm13_28037771	28037771	0.0559211	0.262003	-0.262003	0.262003
13	Gm13_28050316	28050316	0.0559211	0.259331	-0.259331	0.259331
13	Gm13_28107826	28107826	0.338816	0.519024	-0.519024	0.519024
13	Gm13_28115880	28115880	0.138158	0.472361	-0.472361	0.472361
13	Gm13_28133162	28133162	0.309211	0.24886	-0.24886	0.24886
13	Gm13_28133540	28133540	0.121711	0.587649	-0.587649	0.587649
13	Gm13_28180151	28180151	0.371711	0.145151	-0.145151	0.145151
13	Gm13_28185365	28185365	0.378289	0.123922	-0.123922	0.123922
13	Gm13_28187461	28187461	0.213816	0.127586	-0.127586	0.127586
13	Gm13_28240102	28240102	0.328947	0.608224	-0.608224	0.608224
13	Gm13_28293870	28293870	0.388158	0.422019	-0.422019	0.422019
13	Gm13_28314950	28314950	0.154605	0.358286	-0.358286	0.358286
13	Gm13_28334337	28334337	0.269737	0.358796	-0.358796	0.358796
13	Gm13_28369590	28369590	0.134868	0.498024	-0.498024	0.498024
13	Gm13_28373460	28373460	0.309211	0.224256	-0.224256	0.224256
13	Gm13_28431517	28431517	0.171053	-0.188504	0.188504	-0.188504
13	Gm13_28445377	28445377	0.407895	-0.279158	0.279158	-0.279158
13	Gm13_28455281	28455281	0.246711	0.506921	-0.506921	0.506921
13	Gm13_28457594	28457594	0.427632	-0.327835	0.327835	-0.327835
13	Gm13_28457633	28457633	0.427632	-0.327835	0.327835	-0.327835
13	Gm13_28465103	28465103	0.25	0.476485	-0.476485	0.476485
13	Gm13_28466430	28466430	0.154605	0.422023	-0.422023	0.422023
13	Gm13_28468775	28468775	0.246711	0.460953	-0.460953	0.460953
13	Gm13_28557074	28557074	0.325658	0.135347	-0.135347	0.135347
13	Gm13_28561784	28561784	0.223684	0.533521	-0.533521	0.533521
13	Gm13_28666500	28666500	0.220395	0.350734	-0.350734	0.350734
13	Gm13_28666801	28666801	0.302632	0.722369	-0.722369	0.722369
13	Gm13_28666813	28666813	0.292763	0.759897	-0.759897	0.759897
13	Gm13_28666832	28666832	0.289474	0.773244	-0.773244	0.773244
13	Gm13_28676407	28676407	0.292763	0.097963	-0.097963	0.097963
13	Gm13_28730888	28730888	0.292763	0.749523	-0.749523	0.749523
13	Gm13_28736188	28736188	0.358553	0.121765	-0.121765	0.121765
13	Gm13_28736209	28736209	0.332237	0.213517	-0.213517	0.213517
13	Gm13_28737281	28737281	0.256579	0.489313	-0.489313	0.489313
13	Gm13_28737295	28737295	0.371711	0.0653946	-0.0653946	0.0653946
13	Gm13_28737304	28737304	0.0559211	0.295191	-0.295191	0.295191
13	Gm13_28741133	28741133	0.381579	0.0370399	-0.0370399	0.0370399
13	Gm13_28741376	28741376	0.361842	0.107334	-0.107334	0.107334
13	Gm13_28761461	28761461	0.0921053	0.0654784	-0.0654784	0.0654784
13	Gm13_28761592	28761592	0.335526	0.570816	-0.570816	0.570816
13	Gm13_28761659	28761659	0.220395	0.37508	-0.37508	0.37508
13	Gm13_28771649	28771649	0.3125	0.615956	-0.615956	0.615956
13	Gm13_28771699	28771699	0.302632	0.652738	-0.652738	0.652738
13	Gm13_28881178	28881178	0.296053	0.67414	-0.67414	0.67414
13	Gm13_28904127	28904127	0.342105	0.197235	-0.197235	0.197235
13	Gm13_28946186	28946186	0.430921	0.266517	-0.266517	0.266517
13	Gm13_28951726	28951726	0.157895	-0.221742	0.221742	-0.221742
13	Gm13_28954524	28954524	0.0625	0.21631	-0.21631	0.21631
13	Gm13_28954529	28954529	0.0625	0.21631	-0.21631	0.21631
13	Gm13_28964521	28964521	0.138158	-0.103352	0.103352	-0.103352
13	Gm13_28964814	28964814	0.115132	-0.0285326	0.0285326	-0.0285326
13	Gm13_28964827	28964827	0.105263	0.0559763	-0.0559763	0.0559763
13	Gm13_28964888	28964888	0.131579	-0.11313	0.11313	-0.11313
13	Gm13_28965070	28965070	0.177632	0.452612	-0.452612	0.452612
13	Gm13_29032431	29032431	0.180921	0.450572	-0.450572	0.450572
13	Gm13_29032649	29032649	0.3125	0.317424	-0.317424	0.317424
13	Gm13_29053751	29053751	0.3125	0.671184	-0.671184	0.671184
13	Gm13_29067050	29067050	0.296053	0.732316	-0.732316	0.732316
13	Gm13_29067080	29067080	0.315789	0.31414	-0.31414	0.31414
13	Gm13_29069366	29069366	0.322368	0.293396	-0.293396	0.293396
13	Gm13_29069402	29069402	0.440789	0.263571	-0.263571	0.263571
13	Gm13_29266600	29266600	0.358553	0.107351	-0.107351	0.107351
13	Gm13_29266613	29266613	0.161184	0.595381	-0.595381	0.595381
13	Gm13_29302932	29302932	0.453947	0.261881	-0.261881	0.261881
13	Gm13_29359675	29359675	0.0690789	0.147857	-0.147857	0.147857
13	Gm13_29359827	29359827	0.157895	0.598071	-0.598071	0.598071
13	Gm13_29359872	29359872	0.134868	-0.0657997	0.0657997	-0.0657997
13	Gm13_29392700	29392700	0.144737	-0.179014	0.179014	-0.179014
13	Gm13_29437958	29437958	0.105263	-0.111515	0.111515	-0.111515
13	Gm13_29453109	29453109	0.388158	0.401919	-0.401919	0.401919
13	Gm13_29477410	29477410	0.236842	0.2278	-0.2278	0.2278
13	Gm13_29514879	29514879	0.240132	0.212214	-0.212214	0.212214
13	Gm13_29565204	29565204	0.434211	-0.11798	0.11798	-0.11798
13	Gm13_29565413	29565413	0.401316	-0.0177198	0.0177198	-0.0177198
13	Gm13_29579104	29579104	0.243421	0.455115	-0.455115	0.455115
13	Gm13_29664976	29664976	0.473684	0.257516	-0.257516	0.257516
13	Gm13_29678862	29678862	0.177632	0.491551	-0.491551	0.491551
13	Gm13_29681959	29681959	0.259868	0.385063	-0.385063	0.385063
13	Gm13_29717816	29717816	0.190789	0.422227	-0.422227	0.422227
13	Gm13_29741108	29741108	0.0822368	0.195299	-0.195299	0.195299
13	Gm13_29797735	29797735	0.286184	0.242476	-0.242476	0.242476
13	Gm13_29797742	29797742	0.286184	0.242476	-0.242476	0.242476
13	Gm13_29797774	29797774	0.286184	0.242476	-0.242476	0.242476
13	Gm13_29900845	29900845	0.384868	0.0397797	-0.0397797	0.0397797
13	Gm13_29920392	29920392	0.233553	0.461673	-0.461673	0.461673
13	Gm13_29920503	29920503	0.276316	0.291472	-0.291472	0.291472
13	Gm13_29944149	29944149	0.444079	0.164266	-0.164266	0.164266
13	Gm13_29964026	29964026	0.371711	0.0778676	-0.0778676	0.0778676
13	Gm13_29964233	29964233	0.315789	0.269615	-0.269615	0.269615
13	Gm13_29987321	29987321	0.273026	0.332478	-0.332478	0.332478
13	Gm13_29993745	29993745	0.338816	0.102788	-0.102788	0.102788
13	Gm13_29993953	29993953	0.319079	0.279793	-0.279793	0.279793
13	Gm13_30010875	30010875	0.351974	0.434613	-0.434613	0.434613
13	Gm13_30010886	30010886	0.342105	0.47051	-0.47051	0.47051
13	Gm13_30010934	30010934	0.335526	0.213911	-0.213911	0.213911
13	Gm13_30046959	30046959	0.25	0.41065	-0.41065	0.41065
13	Gm13_30096688	30096688	0.404605	0.217618	-0.217618	0.217618
13	Gm13_30114587	30114587	0.358553	0.0300563	-0.0300563	0.0300563
13	Gm13_30134888	30134888	0.223684	0.493341	-0.493341	0.493341
13	Gm13_30135128	30135128	0.223684	0.493341	-0.493341	0.493341
13	Gm13_30141304	30141304	0.213816	0.537488	-0.537488	0.537488
13	Gm13_30141317	30141317	0.213816	0.537488	-0.537488	0.537488
13	Gm13_30212801	30212801	0.375	0.175958	-0.175958	0.175958
13	Gm13_30222391	30222391	0.450658	-0.0591101	0.0591101	-0.0591101
13	Gm13_30253539	30253539	0.496711	-0.169415	0.169415	-0.169415
13	Gm13_30322174	30322174	0.0657895	0.211081	-0.211081	0.211081
13	Gm13_30360830	30360830	0.473684	-0.105577	0.105577	-0.105577
13	Gm13_30360893	30360893	0.470395	-0.0943784	0.0943784	-0.0943784
13	Gm13_30361209	30361209	0.0723684	0.0853976	-0.0853976	0.0853976
13	Gm13_30361423	30361423	0.453947	0.33449	-0.33449	0.33449
13	Gm13_30362189	30362189	0.457237	0.323137	-0.323137	0.323137
13	Gm13_30362203	30362203	0.434211	0.0213713	-0.0213713	0.0213713
13	Gm13_30405955	30405955	0.447368	0.34249	-0.34249	0.34249
13	Gm13_30441574	30441574	0.493421	-0.175734	0.175734	-0.175734
13	Gm13_30455759	30455759	0.138158	-0.247232	0.247232	-0.247232
13	Gm13_30466443	30466443	0.233553	-0.377284	0.377284	-0.377284
13	Gm13_30466664	30466664	0.0855263	-0.0464425	0.0464425	-0.0464425
13	Gm13_30466737	30466737	0.0723684	0.0951873	-0.0951873	0.0951873
13	Gm13_30466774	30466774	0.0855263	-0.0303889	0.0303889	-0.0303889
13	Gm13_30466906	30466906	0.0855263	-0.0303889	0.0303889	-0.0303889
13	Gm13_30466951	30466951	0.0855263	-0.0303889	0.0303889	-0.0303889
13	Gm13_30479173	30479173	0.197368	-0.219928	0.219928	-0.219928
13	Gm13_30479203	30479203	0.197368	-0.219928	0.219928	-0.219928
13	Gm13_30512788	30512788	0.246711	-0.379622	0.379622	-0.379622
13	Gm13_30522967	30522967	0.213816	-0.305187	0.305187	-0.305187
13	Gm13_30593074	30593074	0.174342	-0.168837	0.168837	-0.168837
13	Gm13_30595025	30595025	0.0822368	-0.0475548	0.0475548	-0.0475548
13	Gm13_30602808	30602808	0.131579	-0.0916251	0.0916251	-0.0916251
13	Gm13_30610484	30610484	0.203947	-0.383878	0.383878	-0.383878
13	Gm13_30615381	30615381	0.177632	-0.259539	0.259539	-0.259539
13	Gm13_30668762	30668762	0.121711	-0.258882	0.258882	-0.258882
13	Gm13_30688977	30688977	0.0559211	0.234762	-0.234762	0.234762
13	Gm13_30689033	30689033	0.0559211	0.234762	-0.234762	0.234762
13	Gm13_30689049	30689049	0.0559211	0.234762	-0.234762	0.234762
13	Gm13_30705869	30705869	0.125	-0.244543	0.244543	-0.244543
13	Gm13_30751302	30751302	0.134868	0.170776	-0.170776	0.170776
13	Gm13_30774376	30774376	0.101974	0.0858902	-0.0858902	0.0858902
13	Gm13_30774385	30774385	0.361842	-0.480416	0.480416	-0.480416
13	Gm13_30790402	30790402	0.177632	-0.0481895	0.0481895	-0.0481895
13	Gm13_30790418	30790418	0.194079	-0.108734	0.108734	-0.108734
13	Gm13_30813519	30813519	0.101974	0.293202	-0.293202	0.293202
13	Gm13_30813542	30813542	0.243421	-0.181874	0.181874	-0.181874
13	Gm13_30819091	30819091	0.134868	0.211623	-0.211623	0.211623
13	Gm13_30845725	30845725	0.236842	-0.121249	0.121249	-0.121249
13	Gm13_30847931	30847931	0.263158	-0.228446	0.228446	-0.228446
13	Gm13_30974716	30974716	0.286184	-0.219187	0.219187	-0.219187
13	Gm13_30974773	30974773	0.276316	-0.180072	0.180072	-0.180072
13	Gm13_30974903	30974903	0.276316	-0.180072	0.180072	-0.180072
13	Gm13_31045628	31045628	0.151316	0.271307	-0.271307	0.271307
13	Gm13_31045672	31045672	0.148026	0.287731	-0.287731	0.287731
13	Gm13_31053641	31053641	0.276316	-0.16248	0.16248	-0.16248
13	Gm13_31219992	31219992	0.0559211	0.144163	-0.144163	0.144163
13	Gm13_31220375	31220375	0.345395	0.00794411	-0.00794411	0.00794411
13	Gm13_31220635	31220635	0.0526316	0.29865	-0.29865	0.29865
13	Gm13_31252893	31252893	0.348684	-0.00911606	0.00911606	-0.00911606
13	Gm13_31275670	31275670	0.0921053	0.22848	-0.22848	0.22848
13	Gm13_31275903	31275903	0.259868	0.00443343	-0.00443343	0.00443343
13	Gm13_31282680	31282680	0.141447	0.542487	-0.542487	0.542487
13	Gm13_31293312	31293312	0.197368	0.440376	-0.440376	0.440376
13	Gm13_31301808	31301808	0.197368	0.440376	-0.440376	0.440376
13	Gm13_31304233	31304233	0.427632	0.489991	-0.489991	0.489991
13	Gm13_31325084	31325084	0.434211	-0.206089	0.206089	-0.206089
13	Gm13_31330054	31330054	0.253289	0.288893	-0.288893	0.288893
13	Gm13_31330243	31330243	0.434211	-0.231863	0.231863	-0.231863
13	Gm13_31330361	31330361	0.25	0.287828	-0.287828	0.287828
13	Gm13_31357838	31357838	0.141447	0.473521	-0.473521	0.473521
13	Gm13_31396508	31396508	0.161184	0.204406	-0.204406	0.204406
13	Gm13_31445617	31445617	0.141447	0.491792	-0.491792	0.491792
13	Gm13_31451165	31451165	0.161184	0.19739	-0.19739	0.19739
13	Gm13_31477972	31477972	0.161184	0.208313	-0.208313	0.208313
13	Gm13_31482464	31482464	0.167763	0.397355	-0.397355	0.397355
13	Gm13_31511224	31511224	0.174342	0.152351	-0.152351	0.152351
13	Gm13_31511464	31511464	0.342105	-0.154256	0.154256	-0.154256
13	Gm13_31572160	31572160	0.243421	0.518884	-0.518884	0.518884
13	Gm13_31582801	31582801	0.184211	0.356649	-0.356649	0.356649
13	Gm13_31595991	31595991	0.335526	-0.089029	0.089029	-0.089029
13	Gm13_31626498	31626498	0.338816	-0.0988857	0.0988857	-0.0988857
13	Gm13_31626770	31626770	0.167763	0.207472	-0.207472	0.207472
13	Gm13_31665611	31665611	0.190789	0.321356	-0.321356	0.321356
13	Gm13_31665814	31665814	0.171053	0.43311	-0.43311	0.43311
13	Gm13_31665835	31665835	0.190789	0.320817	-0.320817	0.320817
13	Gm13_31731739	31731739	0.177632	0.398107	-0.398107	0.398107
13	Gm13_31743712	31743712	0.391447	-0.186286	0.186286	-0.186286
13	Gm13_31797024	31797024	0.180921	0.240668	-0.240668	0.240668
13	Gm13_31797060	31797060	0.190789	0.379713	-0.379713	0.379713
13	Gm13_31800270	31800270	0.223684	0.222787	-0.222787	0.222787
13	Gm13_31827587	31827587	0.351974	-0.0819235	0.0819235	-0.0819235
13	Gm13_31844815	31844815	0.358553	-0.103322	0.103322	-0.103322
13	Gm13_31849316	31849316	0.348684	-0.0637464	0.0637464	-0.0637464
13	Gm13_31890970	31890970	0.430921	0.223857	-0.223857	0.223857
13	Gm13_31897766	31897766	0.171053	0.298415	-0.298415	0.298415
13	Gm13_31917209	31917209	0.342105	0.165028	-0.165028	0.165028
13	Gm13_31941491	31941491	0.345395	0.182665	-0.182665	0.182665
13	Gm13_31941506	31941506	0.398026	0.218451	-0.218451	0.218451
13	Gm13_31941748	31941748	0.351974	0.192747	-0.192747	0.192747
13	Gm13_31942330	31942330	0.401316	0.201841	-0.201841	0.201841
13	Gm13_31942353	31942353	0.401316	0.201841	-0.201841	0.201841
13	Gm13_31950151	31950151	0.240132	0.547457	-0.547457	0.547457
13	Gm13_31950254	31950254	0.240132	0.547457	-0.547457	0.547457
13	Gm13_31967452	31967452	0.351974	0.186119	-0.186119	0.186119
13	Gm13_31967692	31967692	0.351974	0.186119	-0.186119	0.186119
13	Gm13_31970839	31970839	0.226974	0.60781	-0.60781	0.60781
13	Gm13_31978182	31978182	0.355263	0.274667	-0.274667	0.274667
13	Gm13_31987621	31987621	0.351974	0.286248	-0.286248	0.286248
13	Gm13_31994278	31994278	0.401316	0.13446	-0.13446	0.13446
13	Gm13_31994298	31994298	0.401316	0.13446	-0.13446	0.13446
13	Gm13_32018925	32018925	0.319079	0.110855	-0.110855	0.110855
13	Gm13_32030297	32030297	0.319079	0.110867	-0.110867	0.110867
13	Gm13_32055716	32055716	0.220395	0.105215	-0.105215	0.105215
13	Gm13_32097151	32097151	0.470395	0.3909	-0.3909	0.3909
13	Gm13_32120834	32120834	0.266447	-0.0619218	0.0619218	-0.0619218
13	Gm13_32154283	32154283	0.256579	-0.00361742	0.00361742	-0.00361742
13	Gm13_32155457	32155457	0.256579	-0.00634412	0.00634412	-0.00634412
13	Gm13_32159140	32159140	0.450658	0.511108	-0.511108	0.511108
13	Gm13_32159168	32159168	0.296053	0.162992	-0.162992	0.162992
13	Gm13_32161092	32161092	0.450658	0.50153	-0.50153	0.50153
13	Gm13_32185560	32185560	0.296053	0.136898	-0.136898	0.136898
13	Gm13_32195939	32195939	0.154605	0.395192	-0.395192	0.395192
13	Gm13_32204133	32204133	0.296053	0.0548201	-0.0548201	0.0548201
13	Gm13_32227168	32227168	0.417763	-0.297954	0.297954	-0.297954
13	Gm13_32281008	32281008	0.164474	-0.0740605	0.0586226	-0.0586226
13	Gm13_32303389	32303389	0.457237	0.545176	-0.545176	0.545176
13	Gm13_32305220	32305220	0.460526	0.535976	-0.535976	0.535976
13	Gm13_32308099	32308099	0.144737	0.050885	-0.0573337	0.050885
13	Gm13_32314224	32314224	0.411184	-0.30328	0.30328	-0.30328
13	Gm13_32319651	32319651	0.407895	-0.294013	0.294013	-0.294013
13	Gm13_32354298	32354298	0.286184	-0.0583834	0.0583834	-0.0583834
13	Gm13_32354460	32354460	0.450658	0.515098	-0.515098	0.515098
13	Gm13_32403887	32403887	0.453947	0.498224	-0.498224	0.498224
13	Gm13_32430638	32430638	0.161184	0.403133	-0.403133	0.403133
13	Gm13_32431440	32431440	0.157895	0.424253	-0.424253	0.424253
13	Gm13_32432289	32432289	0.0953947	0.173832	-0.173832	0.173832
13	Gm13_32439401	32439401	0.421053	0.559399	-0.559399	0.559399
13	Gm13_32440295	32440295	0.473684	-0.239689	0.239689	-0.239689
13	Gm13_32456188	32456188	0.4375	0.470202	-0.470202	0.470202
13	Gm13_32507417	32507417	0.440789	0.474197	-0.474197	0.474197
13	Gm13_32538827	32538827	0.444079	0.468721	-0.468721	0.468721
13	Gm13_32539005	32539005	0.440789	0.476461	-0.476461	0.476461
13	Gm13_32542931	32542931	0.447368	0.455781	-0.455781	0.455781
13	Gm13_32573045	32573045	0.460526	0.424831	-0.424831	0.424831
13	Gm13_32595436	32595436	0.398026	-0.14489	0.14489	-0.14489
13	Gm13_32630271	32630271	0.325658	0.0368032	-0.0368032	0.0368032
13	Gm13_32745255	32745255	0.131579	0.219638	-0.219638	0.219638
