chr	id	pos	freq	ihh1	ihh0	nsl
13	Gm13_7202793	7202793	0.105263	0.17835	-0.17835	0.17835
13	Gm13_7223362	7223362	0.184211	0.173595	-0.173595	0.173595
13	Gm13_7223839	7223839	0.394737	-0.399031	0.399031	-0.399031
13	Gm13_7223886	7223886	0.394737	-0.399238	0.399238	-0.399238
13	Gm13_7224133	7224133	0.138158	0.369014	-0.369014	0.369014
13	Gm13_7224173	7224173	0.394737	-0.419594	0.419594	-0.419594
13	Gm13_7257303	7257303	0.125	0.331201	-0.331201	0.331201
13	Gm13_7280711	7280711	0.111842	0.397075	-0.397075	0.397075
13	Gm13_7302186	7302186	0.388158	0.000682949	-0.000682949	0.000682949
13	Gm13_7302193	7302193	0.305921	0.262201	-0.262201	0.262201
13	Gm13_7321996	7321996	0.105263	0.494761	-0.494761	0.494761
13	Gm13_7337797	7337797	0.141447	0.323245	-0.323245	0.323245
13	Gm13_7341327	7341327	0.197368	0.0886218	-0.0886218	0.0886218
13	Gm13_7424089	7424089	0.447368	0.368055	-0.368055	0.368055
13	Gm13_7424104	7424104	0.430921	0.422134	-0.422134	0.422134
13	Gm13_7424248	7424248	0.338816	0.240278	-0.240278	0.240278
13	Gm13_7443780	7443780	0.440789	0.403963	-0.403963	0.403963
13	Gm13_7443815	7443815	0.144737	0.289382	-0.289382	0.289382
13	Gm13_7447883	7447883	0.453947	0.295593	-0.295593	0.295593
13	Gm13_7447929	7447929	0.453947	0.295649	-0.295649	0.295649
13	Gm13_7447936	7447936	0.453947	0.295159	-0.295159	0.295159
13	Gm13_7482901	7482901	0.473684	0.237521	-0.237521	0.237521
13	Gm13_7530290	7530290	0.476974	-0.0812465	0.0812465	-0.0812465
13	Gm13_7530493	7530493	0.480263	-0.0900526	0.0900526	-0.0900526
13	Gm13_7537341	7537341	0.434211	0.363917	-0.363917	0.363917
13	Gm13_7537357	7537357	0.483553	-0.100671	0.100671	-0.100671
13	Gm13_7537377	7537377	0.483553	-0.10015	0.10015	-0.10015
13	Gm13_7539071	7539071	0.480263	-0.0952475	0.0952475	-0.0952475
13	Gm13_7549282	7549282	0.486842	-0.114819	0.114819	-0.114819
13	Gm13_7549288	7549288	0.473684	-0.0707668	0.0707668	-0.0707668
13	Gm13_7549423	7549423	0.447368	0.319916	-0.319916	0.319916
13	Gm13_7563896	7563896	0.440789	0.341144	-0.341144	0.341144
13	Gm13_7565348	7565348	0.483553	-0.0991312	0.0991312	-0.0991312
13	Gm13_7565540	7565540	0.483553	-0.0991953	0.0991953	-0.0991953
13	Gm13_7638457	7638457	0.302632	0.0270221	-0.0270221	0.0270221
13	Gm13_7639044	7639044	0.266447	0.167028	-0.167028	0.167028
13	Gm13_7640296	7640296	0.302632	0.0286734	-0.0286734	0.0286734
13	Gm13_7661825	7661825	0.141447	0.265346	-0.265346	0.265346
13	Gm13_7686188	7686188	0.167763	0.458917	-0.458917	0.458917
13	Gm13_7686295	7686295	0.105263	0.499736	-0.499736	0.499736
13	Gm13_7686301	7686301	0.164474	0.462407	-0.462407	0.462407
13	Gm13_7698300	7698300	0.167763	0.443611	-0.443611	0.443611
13	Gm13_7707131	7707131	0.0953947	0.585156	-0.585156	0.585156
13	Gm13_7724063	7724063	0.108553	0.472211	-0.472211	0.472211
13	Gm13_7724080	7724080	0.473684	0.0901308	-0.0901308	0.0901308
13	Gm13_7724241	7724241	0.348684	0.429266	-0.429266	0.429266
13	Gm13_7724298	7724298	0.348684	0.429039	-0.429039	0.429039
13	Gm13_7773015	7773015	0.434211	0.400454	-0.400454	0.400454
13	Gm13_7773023	7773023	0.434211	0.401039	-0.401039	0.401039
13	Gm13_7802550	7802550	0.0921053	0.589906	-0.589906	0.589906
13	Gm13_7802878	7802878	0.388158	0.505755	-0.505755	0.505755
13	Gm13_7829203	7829203	0.253289	0.0277275	-0.0277275	0.0277275
13	Gm13_7829209	7829209	0.25	0.039569	-0.039569	0.039569
13	Gm13_7887553	7887553	0.398026	0.539795	-0.539795	0.539795
13	Gm13_7887570	7887570	0.401316	0.534004	-0.534004	0.534004
13	Gm13_7887916	7887916	0.411184	0.503394	-0.503394	0.503394
13	Gm13_7888136	7888136	0.411184	0.503816	-0.503816	0.503816
13	Gm13_7888508	7888508	0.434211	0.431202	-0.431202	0.431202
13	Gm13_7888841	7888841	0.414474	0.49329	-0.49329	0.49329
13	Gm13_7970711	7970711	0.414474	-0.126941	0.126941	-0.126941
13	Gm13_7971033	7971033	0.358553	0.0492143	-0.0492143	0.0492143
13	Gm13_7971706	7971706	0.401316	0.488582	-0.488582	0.488582
13	Gm13_7971713	7971713	0.401316	0.488221	-0.488221	0.488221
13	Gm13_7975229	7975229	0.470395	0.276066	-0.276066	0.276066
13	Gm13_7975240	7975240	0.447368	0.345697	-0.345697	0.345697
13	Gm13_8033490	8033490	0.0526316	0.154183	-0.154183	0.154183
13	Gm13_8089309	8089309	0.138158	0.432797	-0.432797	0.432797
13	Gm13_8089546	8089546	0.0526316	0.0289871	-0.0289871	0.0289871
13	Gm13_8090851	8090851	0.161184	0.288492	-0.288492	0.288492
13	Gm13_8095260	8095260	0.447368	-0.0742843	0.0742843	-0.0742843
13	Gm13_8096884	8096884	0.447368	-0.0735371	0.0735371	-0.0735371
13	Gm13_8096896	8096896	0.447368	-0.0721018	0.0721018	-0.0721018
13	Gm13_8139089	8139089	0.0953947	-0.152263	0.152263	-0.152263
13	Gm13_8194752	8194752	0.351974	0.388651	-0.388651	0.388651
13	Gm13_8213519	8213519	0.0592105	0.103798	-0.103798	0.103798
13	Gm13_8234393	8234393	0.486842	0.103295	-0.103295	0.103295
13	Gm13_8246422	8246422	0.440789	0.251721	-0.251721	0.251721
13	Gm13_8246431	8246431	0.371711	0.353477	-0.353477	0.353477
13	Gm13_8246449	8246449	0.453947	0.072562	-0.072562	0.072562
13	Gm13_8284242	8284242	0.0592105	0.0739605	-0.0739605	0.0739605
13	Gm13_8299077	8299077	0.463816	0.18713	-0.18713	0.18713
13	Gm13_8305660	8305660	0.371711	0.318496	-0.318496	0.318496
13	Gm13_8305679	8305679	0.371711	0.317085	-0.317085	0.317085
13	Gm13_8346566	8346566	0.154605	-0.0367831	0.0367831	-0.0367831
13	Gm13_8346838	8346838	0.450658	0.24079	-0.24079	0.24079
13	Gm13_8348725	8348725	0.453947	0.232577	-0.232577	0.232577
13	Gm13_8350589	8350589	0.460526	0.211649	-0.211649	0.211649
13	Gm13_8350612	8350612	0.161184	-0.0815514	0.0815514	-0.0815514
13	Gm13_8389196	8389196	0.450658	0.25183	-0.25183	0.25183
13	Gm13_8389212	8389212	0.398026	0.223425	-0.223425	0.223425
13	Gm13_8391283	8391283	0.450658	0.253364	-0.253364	0.253364
13	Gm13_8421141	8421141	0.375	0.297853	-0.297853	0.297853
13	Gm13_8423857	8423857	0.161184	-0.048961	0.048961	-0.048961
13	Gm13_8423866	8423866	0.378289	0.283186	-0.283186	0.283186
13	Gm13_8433002	8433002	0.157895	-0.0512824	0.0512824	-0.0512824
13	Gm13_8436338	8436338	0.157895	-0.0519047	0.0519047	-0.0519047
13	Gm13_8436369	8436369	0.157895	-0.0525079	0.0525079	-0.0525079
13	Gm13_8466796	8466796	0.161184	-0.0724482	0.0724482	-0.0724482
13	Gm13_8466847	8466847	0.161184	-0.0730622	0.0730622	-0.0730622
13	Gm13_8473180	8473180	0.174342	-0.150689	0.150689	-0.150689
13	Gm13_8481261	8481261	0.111842	0.184357	-0.184357	0.184357
13	Gm13_8527469	8527469	0.131579	0.0390438	-0.0390438	0.0390438
13	Gm13_8540368	8540368	0.457237	0.24782	-0.24782	0.24782
13	Gm13_8559558	8559558	0.0526316	-0.0136305	0.0136305	-0.0136305
13	Gm13_8565450	8565450	0.355263	0.337861	-0.337861	0.337861
13	Gm13_8576572	8576572	0.174342	-0.152976	0.152976	-0.152976
13	Gm13_8586020	8586020	0.368421	0.29959	-0.29959	0.29959
13	Gm13_8589639	8589639	0.414474	0.138489	-0.138489	0.138489
13	Gm13_8599172	8599172	0.453947	0.270523	-0.270523	0.270523
13	Gm13_8642706	8642706	0.365132	0.304422	-0.304422	0.304422
13	Gm13_8648886	8648886	0.368421	0.292528	-0.292528	0.292528
13	Gm13_8648923	8648923	0.368421	0.291902	-0.291902	0.291902
13	Gm13_8649219	8649219	0.384868	0.230461	-0.230461	0.230461
13	Gm13_8652294	8652294	0.111842	0.20684	-0.20684	0.20684
13	Gm13_8652981	8652981	0.131579	0.0827793	-0.0827793	0.0827793
13	Gm13_8698201	8698201	0.371711	0.285495	-0.285495	0.285495
13	Gm13_8698224	8698224	0.447368	0.290081	-0.290081	0.290081
13	Gm13_8698233	8698233	0.440789	0.311874	-0.311874	0.311874
13	Gm13_8698350	8698350	0.131579	0.0822118	-0.0822118	0.0822118
13	Gm13_8698707	8698707	0.131579	0.0820795	-0.0820795	0.0820795
13	Gm13_8700292	8700292	0.378289	0.258593	-0.258593	0.258593
13	Gm13_8711602	8711602	0.368421	0.290005	-0.290005	0.290005
13	Gm13_8729028	8729028	0.457237	0.26445	-0.26445	0.26445
13	Gm13_8766684	8766684	0.111842	0.213578	-0.213578	0.213578
13	Gm13_8766726	8766726	0.421053	0.105706	-0.105706	0.105706
13	Gm13_8767019	8767019	0.118421	0.190629	-0.190629	0.190629
13	Gm13_8772544	8772544	0.358553	0.318615	-0.318615	0.318615
13	Gm13_8788360	8788360	0.0559211	0.0748368	-0.0748368	0.0748368
13	Gm13_8791307	8791307	0.365132	0.294359	-0.294359	0.294359
13	Gm13_8791346	8791346	0.154605	-0.0317969	0.0317969	-0.0317969
13	Gm13_8802653	8802653	0.368421	0.27969	-0.27969	0.27969
13	Gm13_8833653	8833653	0.0526316	0.265043	-0.265043	0.265043
13	Gm13_8841520	8841520	0.371711	0.266905	-0.266905	0.266905
13	Gm13_8841685	8841685	0.371711	0.266551	-0.266551	0.266551
13	Gm13_8843429	8843429	0.480263	-0.0584147	0.0584147	-0.0584147
13	Gm13_8843717	8843717	0.0559211	0.183759	-0.183759	0.183759
13	Gm13_8844008	8844008	0.0526316	0.237594	-0.237594	0.237594
13	Gm13_8844029	8844029	0.0526316	0.236358	-0.236358	0.236358
13	Gm13_8847129	8847129	0.0526316	0.235151	-0.235151	0.235151
13	Gm13_8847139	8847139	0.0559211	0.177231	-0.177231	0.177231
13	Gm13_8859282	8859282	0.0526316	0.232722	-0.232722	0.232722
13	Gm13_8863024	8863024	0.361842	0.292063	-0.292063	0.292063
13	Gm13_8863037	8863037	0.493421	-0.102523	0.102523	-0.102523
13	Gm13_8915459	8915459	0.0526316	0.243082	-0.243082	0.243082
13	Gm13_8922916	8922916	0.0559211	0.185322	-0.185322	0.185322
13	Gm13_8948257	8948257	0.0526316	0.240461	-0.240461	0.240461
13	Gm13_8948268	8948268	0.457237	0.265797	-0.265797	0.265797
13	Gm13_8948513	8948513	0.0526316	0.2381	-0.2381	0.2381
13	Gm13_8948554	8948554	0.0526316	0.237164	-0.237164	0.237164
13	Gm13_8970672	8970672	0.368421	0.276066	-0.276066	0.276066
13	Gm13_8970731	8970731	0.0592105	0.126592	-0.126592	0.126592
13	Gm13_8971457	8971457	0.444079	0.303443	-0.303443	0.303443
13	Gm13_8971656	8971656	0.0526316	0.235295	-0.235295	0.235295
13	Gm13_8977154	8977154	0.453947	0.268711	-0.268711	0.268711
13	Gm13_9007577	9007577	0.108553	0.239705	-0.239705	0.239705
13	Gm13_9008990	9008990	0.453947	0.280368	-0.280368	0.280368
13	Gm13_9009258	9009258	0.108553	0.240183	-0.240183	0.240183
13	Gm13_9021988	9021988	0.447368	0.296168	-0.296168	0.296168
13	Gm13_9022008	9022008	0.5	0.135603	-0.135603	0.135603
13	Gm13_9031846	9031846	0.490132	-0.104909	0.104909	-0.104909
13	Gm13_9032071	9032071	0.490132	-0.105223	0.105223	-0.105223
13	Gm13_9089344	9089344	0.381579	0.228576	-0.228576	0.228576
13	Gm13_9089494	9089494	0.381579	0.228485	-0.228485	0.228485
13	Gm13_9119421	9119421	0.101974	0.285551	-0.285551	0.285551
13	Gm13_9119660	9119660	0.371711	0.259794	-0.259794	0.259794
13	Gm13_9162410	9162410	0.378289	0.240432	-0.240432	0.240432
13	Gm13_9169061	9169061	0.111842	0.231204	-0.231204	0.231204
13	Gm13_9176520	9176520	0.493421	-0.118196	0.118196	-0.118196
13	Gm13_9177270	9177270	0.378289	0.242335	-0.242335	0.242335
13	Gm13_9186777	9186777	0.490132	-0.109862	0.109862	-0.109862
13	Gm13_9248326	9248326	0.375	0.256496	-0.256496	0.256496
13	Gm13_9262203	9262203	0.486842	-0.0858401	0.0858401	-0.0858401
13	Gm13_9276331	9276331	0.486842	-0.0851679	0.0851679	-0.0851679
13	Gm13_9276642	9276642	0.493421	-0.105835	0.105835	-0.105835
13	Gm13_9281431	9281431	0.0953947	0.330656	-0.330656	0.330656
13	Gm13_9286135	9286135	0.0953947	0.332908	-0.332908	0.332908
13	Gm13_9286390	9286390	0.375	0.261969	-0.261969	0.261969
13	Gm13_9286403	9286403	0.470395	-0.0328309	0.0328309	-0.0328309
13	Gm13_9286425	9286425	0.0559211	0.186996	-0.186996	0.186996
13	Gm13_9286637	9286637	0.384868	0.233188	-0.233188	0.233188
13	Gm13_9287663	9287663	0.381579	0.24677	-0.24677	0.24677
13	Gm13_9295114	9295114	0.388158	0.225396	-0.225396	0.225396
13	Gm13_9295356	9295356	0.388158	0.227329	-0.227329	0.227329
13	Gm13_9295377	9295377	0.388158	0.228556	-0.228556	0.228556
13	Gm13_9315865	9315865	0.0559211	0.190478	-0.190478	0.190478
13	Gm13_9319145	9319145	0.483553	-0.0490517	0.0490517	-0.0490517
13	Gm13_9320541	9320541	0.490132	-0.0689823	0.0689823	-0.0689823
13	Gm13_9320793	9320793	0.453947	0.250091	-0.250091	0.250091
13	Gm13_9321721	9321721	0.375	0.28143	-0.28143	0.28143
13	Gm13_9321753	9321753	0.375	0.283429	-0.283429	0.283429
13	Gm13_9321950	9321950	0.381579	0.262177	-0.262177	0.262177
13	Gm13_9322024	9322024	0.0986842	0.328064	-0.328064	0.328064
13	Gm13_9322069	9322069	0.0986842	0.329677	-0.329677	0.329677
13	Gm13_9338539	9338539	0.378289	0.283886	-0.283886	0.283886
13	Gm13_9366323	9366323	0.381579	0.275256	-0.275256	0.275256
13	Gm13_9366492	9366492	0.486842	-0.0454251	0.0454251	-0.0454251
13	Gm13_9386433	9386433	0.375	0.302733	-0.302733	0.302733
13	Gm13_9386592	9386592	0.0986842	0.340631	-0.340631	0.340631
13	Gm13_9396707	9396707	0.384868	0.270011	-0.270011	0.270011
13	Gm13_9397089	9397089	0.483553	-0.0321389	0.0321389	-0.0321389
13	Gm13_9403943	9403943	0.375	0.30901	-0.30901	0.30901
13	Gm13_9403957	9403957	0.470395	0.0171255	-0.0171255	0.0171255
13	Gm13_9407669	9407669	0.467105	0.176695	-0.176695	0.176695
13	Gm13_9427248	9427248	0.430921	0.129054	-0.129054	0.129054
13	Gm13_9427537	9427537	0.430921	0.131094	-0.131094	0.131094
13	Gm13_9456402	9456402	0.0953947	0.382382	-0.382382	0.382382
13	Gm13_9493891	9493891	0.375	0.31812	-0.31812	0.31812
13	Gm13_9494249	9494249	0.375	0.320093	-0.320093	0.320093
13	Gm13_9511968	9511968	0.375	0.322096	-0.322096	0.322096
13	Gm13_9511977	9511977	0.480263	0.00593614	-0.00593614	0.00593614
13	Gm13_9512005	9512005	0.480263	0.00797197	-0.00797197	0.00797197
13	Gm13_9513184	9513184	0.496711	-0.0427061	0.0427061	-0.0427061
13	Gm13_9513211	9513211	0.496711	-0.0406392	0.0406392	-0.0406392
13	Gm13_9550739	9550739	0.375	0.338249	-0.338249	0.338249
13	Gm13_9550805	9550805	0.434211	0.137288	-0.137288	0.137288
13	Gm13_9582142	9582142	0.493421	-0.0079058	0.0079058	-0.0079058
13	Gm13_9602083	9602083	0.486842	0.072272	-0.072272	0.072272
13	Gm13_9602302	9602302	0.118421	0.223918	-0.223918	0.223918
13	Gm13_9602315	9602315	0.378289	0.348862	-0.348862	0.348862
13	Gm13_9602336	9602336	0.378289	0.350787	-0.350787	0.350787
13	Gm13_9602345	9602345	0.118421	0.225705	-0.225705	0.225705
13	Gm13_9602634	9602634	0.388158	0.304072	-0.304072	0.304072
13	Gm13_9612103	9612103	0.381579	0.329044	-0.329044	0.329044
13	Gm13_9634918	9634918	0.388158	0.307293	-0.307293	0.307293
13	Gm13_9634966	9634966	0.388158	0.309225	-0.309225	0.309225
13	Gm13_9635146	9635146	0.384868	0.323137	-0.323137	0.323137
13	Gm13_9635164	9635164	0.388158	0.313118	-0.313118	0.313118
13	Gm13_9635197	9635197	0.384868	0.327088	-0.327088	0.327088
13	Gm13_9645366	9645366	0.381579	0.34396	-0.34396	0.34396
13	Gm13_9645695	9645695	0.378289	0.356129	-0.356129	0.356129
13	Gm13_9645859	9645859	0.118421	0.230986	-0.230986	0.230986
13	Gm13_9673560	9673560	0.467105	0.103462	-0.103462	0.103462
13	Gm13_9677004	9677004	0.108553	0.304368	-0.304368	0.304368
13	Gm13_9677034	9677034	0.493421	0.0263298	-0.0263298	0.0263298
13	Gm13_9682427	9682427	0.111842	0.269829	-0.269829	0.269829
13	Gm13_9682686	9682686	0.111842	0.270303	-0.270303	0.270303
13	Gm13_9682857	9682857	0.111842	0.270778	-0.270778	0.270778
13	Gm13_9683369	9683369	0.384868	0.367324	-0.367324	0.367324
13	Gm13_9683695	9683695	0.467105	0.0877006	-0.0877006	0.0877006
13	Gm13_9684868	9684868	0.108553	0.280677	-0.280677	0.280677
13	Gm13_9684885	9684885	0.111842	0.25184	-0.25184	0.25184
13	Gm13_9685222	9685222	0.108553	0.281377	-0.281377	0.281377
13	Gm13_9685265	9685265	0.108553	0.281668	-0.281668	0.281668
13	Gm13_9685310	9685310	0.108553	0.281738	-0.281738	0.281738
13	Gm13_9685946	9685946	0.101974	0.333228	-0.333228	0.333228
13	Gm13_9700547	9700547	0.111842	0.248475	-0.248475	0.248475
13	Gm13_9703701	9703701	0.108553	0.277578	-0.277578	0.277578
13	Gm13_9703840	9703840	0.381579	0.392325	-0.392325	0.392325
13	Gm13_9705899	9705899	0.108553	0.265176	-0.265176	0.265176
13	Gm13_9706209	9706209	0.108553	0.265293	-0.265293	0.265293
13	Gm13_9753040	9753040	0.0986842	0.35288	-0.35288	0.35288
13	Gm13_9753065	9753065	0.0986842	0.35298	-0.35298	0.35298
13	Gm13_9758982	9758982	0.111842	0.234481	-0.234481	0.234481
13	Gm13_9771798	9771798	0.101974	0.321481	-0.321481	0.321481
13	Gm13_9772030	9772030	0.0986842	0.336939	-0.336939	0.336939
13	Gm13_9830262	9830262	0.108553	0.262182	-0.262182	0.262182
13	Gm13_9838677	9838677	0.0657895	0.381996	-0.381996	0.381996
13	Gm13_9860612	9860612	0.0953947	0.386389	-0.386389	0.386389
13	Gm13_9860643	9860643	0.105263	0.293931	-0.293931	0.293931
13	Gm13_9860854	9860854	0.0986842	0.352811	-0.352811	0.352811
13	Gm13_9868512	9868512	0.0986842	0.352058	-0.352058	0.352058
13	Gm13_9889490	9889490	0.447368	0.0357002	-0.0357002	0.0357002
13	Gm13_9892630	9892630	0.0986842	0.383488	-0.383488	0.383488
13	Gm13_9892654	9892654	0.0986842	0.382495	-0.382495	0.382495
13	Gm13_9892675	9892675	0.0986842	0.38138	-0.38138	0.38138
13	Gm13_9892819	9892819	0.0986842	0.380187	-0.380187	0.380187
13	Gm13_9893012	9893012	0.101974	0.347338	-0.347338	0.347338
13	Gm13_9922025	9922025	0.108553	0.289055	-0.289055	0.289055
13	Gm13_9922556	9922556	0.101974	0.346376	-0.346376	0.346376
13	Gm13_9930983	9930983	0.299342	0.286685	-0.286685	0.286685
13	Gm13_9932083	9932083	0.391447	0.557471	-0.557471	0.557471
13	Gm13_9970807	9970807	0.391447	0.556547	-0.556547	0.556547
13	Gm13_10011638	10011638	0.378289	0.59417	-0.59417	0.59417
13	Gm13_10011933	10011933	0.101974	0.406899	-0.406899	0.406899
13	Gm13_10022432	10022432	0.115132	0.0578629	-0.0578629	0.0578629
13	Gm13_10043946	10043946	0.0986842	0.414409	-0.414409	0.414409
13	Gm13_10043992	10043992	0.460526	-0.0988768	0.0988768	-0.0988768
13	Gm13_10049555	10049555	0.394737	0.532474	-0.532474	0.532474
13	Gm13_10049617	10049617	0.118421	0.28037	-0.28037	0.28037
13	Gm13_10049837	10049837	0.375	0.5918	-0.5918	0.5918
13	Gm13_10081113	10081113	0.375	0.591235	-0.591235	0.591235
13	Gm13_10085620	10085620	0.375	0.590671	-0.590671	0.590671
13	Gm13_10091693	10091693	0.394737	0.521462	-0.521462	0.521462
13	Gm13_10121618	10121618	0.447368	-0.0577115	0.0577115	-0.0577115
13	Gm13_10156698	10156698	0.115132	0.275053	-0.275053	0.275053
13	Gm13_10181420	10181420	0.115132	0.272766	-0.272766	0.272766
13	Gm13_10181452	10181452	0.134868	0.122964	-0.122964	0.122964
13	Gm13_10181457	10181457	0.115132	0.267878	-0.267878	0.267878
13	Gm13_10207792	10207792	0.118421	0.24025	-0.24025	0.24025
13	Gm13_10222518	10222518	0.0723684	0.0517417	-0.0517417	0.0517417
13	Gm13_10241177	10241177	0.4375	-0.0568725	0.0568725	-0.0568725
13	Gm13_10273451	10273451	0.404605	0.0533516	-0.0533516	0.0533516
13	Gm13_10282437	10282437	0.398026	0.0776761	-0.0776761	0.0776761
13	Gm13_10282567	10282567	0.398026	0.0779684	-0.0779684	0.0779684
13	Gm13_10282573	10282573	0.0756579	-0.0072596	0.0072596	-0.0072596
13	Gm13_10282940	10282940	0.118421	0.239279	-0.239279	0.239279
13	Gm13_10284807	10284807	0.101974	0.313902	-0.313902	0.313902
13	Gm13_10285078	10285078	0.0690789	0.0272438	-0.0272438	0.0272438
13	Gm13_10340243	10340243	0.388158	0.113993	-0.113993	0.113993
13	Gm13_10340318	10340318	0.476974	-0.180723	0.180723	-0.180723
13	Gm13_10340882	10340882	0.457237	-0.12467	0.12467	-0.12467
13	Gm13_10340982	10340982	0.296053	0.369865	-0.369865	0.369865
13	Gm13_10341711	10341711	0.0657895	0.0277116	-0.0277116	0.0277116
13	Gm13_10409254	10409254	0.411184	0.0755689	-0.0755689	0.0755689
13	Gm13_10409291	10409291	0.411184	0.0767433	-0.0767433	0.0767433
13	Gm13_10409481	10409481	0.407895	0.0856793	-0.0856793	0.0856793
13	Gm13_10485190	10485190	0.486842	0.223195	-0.223195	0.223195
13	Gm13_10487089	10487089	0.4375	0.381006	-0.381006	0.381006
13	Gm13_10487097	10487097	0.457237	-0.0566895	0.0566895	-0.0566895
13	Gm13_10487198	10487198	0.4375	0.37886	-0.37886	0.37886
13	Gm13_10487212	10487212	0.4375	0.378078	-0.378078	0.378078
13	Gm13_10487250	10487250	0.105263	0.203412	-0.203412	0.203412
13	Gm13_10487706	10487706	0.105263	0.201476	-0.201476	0.201476
13	Gm13_10488592	10488592	0.388158	0.172174	-0.172174	0.172174
13	Gm13_10489163	10489163	0.463816	-0.0668555	0.0668555	-0.0668555
13	Gm13_10489365	10489365	0.105263	0.199872	-0.199872	0.199872
13	Gm13_10491747	10491747	0.430921	0.391605	-0.391605	0.391605
13	Gm13_10499144	10499144	0.427632	0.401739	-0.401739	0.401739
13	Gm13_10499173	10499173	0.424342	0.0656546	-0.0656546	0.0656546
13	Gm13_10503148	10503148	0.457237	0.303377	-0.303377	0.303377
13	Gm13_10519690	10519690	0.105263	0.182183	-0.182183	0.182183
13	Gm13_10519907	10519907	0.0986842	0.233127	-0.233127	0.233127
13	Gm13_10523186	10523186	0.473684	-0.098308	0.098308	-0.098308
13	Gm13_10525908	10525908	0.401316	0.140206	-0.140206	0.140206
13	Gm13_10526181	10526181	0.401316	0.140827	-0.140827	0.140827
13	Gm13_10526430	10526430	0.411184	0.112963	-0.112963	0.112963
13	Gm13_10526467	10526467	0.434211	0.369914	-0.369914	0.369914
13	Gm13_10543159	10543159	0.424342	0.403069	-0.403069	0.403069
13	Gm13_10560865	10560865	0.105263	0.174008	-0.174008	0.174008
13	Gm13_10560897	10560897	0.105263	0.172065	-0.172065	0.172065
13	Gm13_10561792	10561792	0.424342	0.401857	-0.401857	0.401857
13	Gm13_10598213	10598213	0.430921	0.379507	-0.379507	0.379507
13	Gm13_10598237	10598237	0.414474	0.105206	-0.105206	0.105206
13	Gm13_10613997	10613997	0.417763	0.0957366	-0.0957366	0.0957366
13	Gm13_10614169	10614169	0.417763	0.0963208	-0.0963208	0.0963208
13	Gm13_10614190	10614190	0.421053	0.085287	-0.085287	0.085287
13	Gm13_10614199	10614199	0.440789	0.348251	-0.348251	0.348251
13	Gm13_10614224	10614224	0.417763	0.0986421	-0.0986421	0.0986421
13	Gm13_10647565	10647565	0.421053	0.0852442	-0.0852442	0.0852442
13	Gm13_10647794	10647794	0.421053	0.0857697	-0.0857697	0.0857697
13	Gm13_10648190	10648190	0.434211	0.0422525	-0.0422525	0.0422525
13	Gm13_10670226	10670226	0.101974	0.159027	-0.159027	0.159027
13	Gm13_10670608	10670608	0.424342	0.401782	-0.401782	0.401782
13	Gm13_10670619	10670619	0.434211	0.0503387	-0.0503387	0.0503387
13	Gm13_10671003	10671003	0.427632	0.0730451	-0.0730451	0.0730451
13	Gm13_10671022	10671022	0.427632	0.07353	-0.07353	0.07353
13	Gm13_10671029	10671029	0.424342	0.0852894	-0.0852894	0.0852894
13	Gm13_10725919	10725919	0.411184	0.428729	-0.428729	0.428729
13	Gm13_10725948	10725948	0.404605	0.1543	-0.1543	0.1543
13	Gm13_10746013	10746013	0.131579	-0.0625478	0.0625478	-0.0625478
13	Gm13_10763573	10763573	0.391447	0.201218	-0.201218	0.201218
13	Gm13_10776487	10776487	0.118421	0.0267195	-0.0267195	0.0267195
13	Gm13_10840524	10840524	0.0953947	0.199853	-0.199853	0.199853
13	Gm13_10898875	10898875	0.105263	0.0758657	-0.0758657	0.0758657
13	Gm13_10898897	10898897	0.486842	0.195729	-0.195729	0.195729
13	Gm13_10899129	10899129	0.440789	0.350961	-0.350961	0.350961
13	Gm13_10934440	10934440	0.111842	0.00712771	-0.00712771	0.00712771
13	Gm13_10975552	10975552	0.111842	0.0227857	-0.0227857	0.0227857
13	Gm13_11004617	11004617	0.167763	-0.517559	0.517559	-0.517559
13	Gm13_11050114	11050114	0.128289	-0.316871	0.316871	-0.316871
13	Gm13_11068990	11068990	0.121711	-0.274427	0.274427	-0.274427
13	Gm13_11069161	11069161	0.0526316	0.0168598	-0.0168598	0.0168598
13	Gm13_11072152	11072152	0.417763	0.403222	-0.403222	0.403222
13	Gm13_11075530	11075530	0.414474	0.41533	-0.41533	0.41533
13	Gm13_11075788	11075788	0.131579	-0.423754	0.423754	-0.423754
13	Gm13_11075830	11075830	0.424342	0.118667	-0.118667	0.118667
13	Gm13_11077530	11077530	0.486842	-0.0922958	0.0922958	-0.0922958
13	Gm13_11077723	11077723	0.480263	-0.0727833	0.0727833	-0.0727833
13	Gm13_11081812	11081812	0.131579	-0.472764	0.472764	-0.472764
13	Gm13_11089965	11089965	0.0559211	-0.0250454	0.0250454	-0.0250454
13	Gm13_11090290	11090290	0.414474	0.420133	-0.420133	0.420133
13	Gm13_11121730	11121730	0.427632	0.374149	-0.374149	0.374149
13	Gm13_11141389	11141389	0.0822368	-0.16294	0.16294	-0.16294
13	Gm13_11155182	11155182	0.457237	0.293132	-0.293132	0.293132
13	Gm13_11160796	11160796	0.0723684	-0.0570376	0.0570376	-0.0570376
13	Gm13_11173731	11173731	0.411184	0.465656	-0.465656	0.465656
13	Gm13_11200572	11200572	0.427632	0.0537897	-0.0537897	0.0537897
13	Gm13_11200604	11200604	0.421053	0.0752342	-0.0752342	0.0752342
13	Gm13_11217228	11217228	0.398026	0.153706	-0.153706	0.153706
13	Gm13_11217235	11217235	0.414474	0.0949309	-0.0949309	0.0949309
13	Gm13_11217246	11217246	0.417763	0.0849285	-0.0849285	0.0849285
13	Gm13_11217278	11217278	0.0526316	0.167063	-0.167063	0.167063
13	Gm13_11233841	11233841	0.394737	0.161281	-0.161281	0.161281
13	Gm13_11233905	11233905	0.496711	0.198557	-0.198557	0.198557
13	Gm13_11245665	11245665	0.164474	-0.486704	0.486704	-0.486704
13	Gm13_11245950	11245950	0.398026	0.144932	-0.144932	0.144932
13	Gm13_11246241	11246241	0.0526316	0.151812	-0.151812	0.151812
13	Gm13_11250771	11250771	0.0789474	-0.128407	0.128407	-0.128407
13	Gm13_11250935	11250935	0.0559211	0.0957117	-0.0957117	0.0957117
13	Gm13_11250975	11250975	0.0559211	0.0953699	-0.0953699	0.0953699
13	Gm13_11252431	11252431	0.0559211	0.0945142	-0.0945142	0.0945142
13	Gm13_11252639	11252639	0.384868	0.181704	-0.181704	0.181704
13	Gm13_11265630	11265630	0.108553	-0.293747	0.293747	-0.293747
13	Gm13_11286774	11286774	0.473684	0.278411	-0.278411	0.278411
13	Gm13_11324409	11324409	0.0559211	0.112457	-0.112457	0.112457
13	Gm13_11324503	11324503	0.424342	0.0499424	-0.0499424	0.0499424
13	Gm13_11324768	11324768	0.0592105	0.0375766	-0.0375766	0.0375766
13	Gm13_11420491	11420491	0.430921	0.414112	-0.414112	0.414112
13	Gm13_11420528	11420528	0.427632	0.427091	-0.427091	0.427091
13	Gm13_11420730	11420730	0.457237	0.329654	-0.329654	0.329654
13	Gm13_11420740	11420740	0.0559211	0.0741902	-0.0741902	0.0741902
13	Gm13_11420777	11420777	0.444079	0.377071	-0.377071	0.377071
13	Gm13_11425401	11425401	0.440789	-0.00893564	0.00893564	-0.00893564
13	Gm13_11448822	11448822	0.411184	0.0842475	-0.0842475	0.0842475
13	Gm13_11466967	11466967	0.470395	-0.112086	0.112086	-0.112086
13	Gm13_11473933	11473933	0.470395	-0.113383	0.113383	-0.113383
13	Gm13_11473955	11473955	0.115132	-0.218078	0.218078	-0.218078
13	Gm13_11473988	11473988	0.411184	0.0829668	-0.0829668	0.0829668
13	Gm13_11483591	11483591	0.460526	-0.08801	0.08801	-0.08801
13	Gm13_11483827	11483827	0.430921	0.0117041	-0.0117041	0.0117041
13	Gm13_11483866	11483866	0.411184	0.498456	-0.498456	0.498456
13	Gm13_11494879	11494879	0.411184	0.499426	-0.499426	0.499426
13	Gm13_11495228	11495228	0.424342	0.459963	-0.459963	0.459963
13	Gm13_11514427	11514427	0.0559211	0.106607	-0.106607	0.106607
13	Gm13_11525015	11525015	0.0789474	-0.134172	0.134172	-0.134172
13	Gm13_11527620	11527620	0.0789474	-0.121985	0.121985	-0.121985
13	Gm13_11539212	11539212	0.0723684	0.0602516	-0.0602516	0.0602516
13	Gm13_11569392	11569392	0.414474	-0.000135474	0.000135474	-0.000135474
13	Gm13_11569444	11569444	0.0625	0.0368282	-0.0368282	0.0368282
13	Gm13_11588639	11588639	0.467105	-0.166057	0.166057	-0.166057
13	Gm13_11597793	11597793	0.444079	-0.108859	0.108859	-0.108859
13	Gm13_11597806	11597806	0.444079	-0.110696	0.110696	-0.110696
13	Gm13_11607409	11607409	0.411184	0.583895	-0.583895	0.583895
13	Gm13_11607429	11607429	0.411184	0.585522	-0.585522	0.585522
13	Gm13_11608283	11608283	0.411184	0.58576	-0.58576	0.58576
13	Gm13_11625566	11625566	0.473684	-0.216967	0.216967	-0.216967
13	Gm13_11625585	11625585	0.473684	-0.218811	0.218811	-0.218811
13	Gm13_11625990	11625990	0.417763	0.580182	-0.580182	0.580182
13	Gm13_11632094	11632094	0.453947	-0.187789	0.187789	-0.187789
13	Gm13_11632855	11632855	0.460526	-0.210894	0.210894	-0.210894
13	Gm13_11633032	11633032	0.460526	-0.21275	0.21275	-0.21275
13	Gm13_11633090	11633090	0.460526	-0.214465	0.214465	-0.214465
13	Gm13_11633325	11633325	0.463816	-0.227497	0.227497	-0.227497
13	Gm13_11633334	11633334	0.407895	-0.0635017	0.0635017	-0.0635017
13	Gm13_11634971	11634971	0.453947	-0.202442	0.202442	-0.202442
13	Gm13_11635267	11635267	0.460526	-0.231624	0.231624	-0.231624
13	Gm13_11638441	11638441	0.411184	0.62455	-0.62455	0.62455
13	Gm13_11644218	11644218	0.177632	-0.16981	0.16981	-0.16981
13	Gm13_11644260	11644260	0.440789	0.581156	-0.581156	0.581156
13	Gm13_11644841	11644841	0.328947	0.147872	-0.147872	0.147872
13	Gm13_11645609	11645609	0.427632	0.630542	-0.630542	0.630542
13	Gm13_11645934	11645934	0.328947	0.141814	-0.141814	0.141814
13	Gm13_11645959	11645959	0.148026	-0.0289091	0.0289091	-0.0289091
13	Gm13_11664301	11664301	0.121711	0.0576644	-0.0576644	0.0576644
13	Gm13_11664629	11664629	0.0723684	0.0992164	-0.0992164	0.0992164
13	Gm13_11669268	11669268	0.115132	0.113533	-0.113533	0.113533
13	Gm13_11669336	11669336	0.200658	-0.306693	0.306693	-0.306693
13	Gm13_11687756	11687756	0.115132	0.0899082	-0.0899082	0.0899082
13	Gm13_11688146	11688146	0.440789	0.533803	-0.533803	0.533803
13	Gm13_11688274	11688274	0.460526	0.473449	-0.473449	0.473449
13	Gm13_11697029	11697029	0.368421	-0.170393	0.170393	-0.170393
13	Gm13_11697055	11697055	0.125	0.356678	-0.356678	0.356678
13	Gm13_11736586	11736586	0.457237	-0.35836	0.35836	-0.35836
13	Gm13_11736655	11736655	0.457237	-0.35942	0.35942	-0.35942
13	Gm13_11736747	11736747	0.457237	-0.360294	0.360294	-0.360294
13	Gm13_11736762	11736762	0.467105	-0.393269	0.393269	-0.393269
13	Gm13_11790660	11790660	0.460526	-0.370951	0.370951	-0.370951
13	Gm13_11790703	11790703	0.460526	-0.372025	0.372025	-0.372025
13	Gm13_11818857	11818857	0.476974	-0.430068	0.430068	-0.430068
13	Gm13_11842207	11842207	0.476974	-0.430451	0.430451	-0.430451
13	Gm13_11862704	11862704	0.473684	-0.421084	0.421084	-0.421084
13	Gm13_11875430	11875430	0.460526	-0.37636	0.37636	-0.37636
13	Gm13_11879471	11879471	0.480263	-0.443475	0.443475	-0.443475
13	Gm13_11879656	11879656	0.467105	-0.399461	0.399461	-0.399461
13	Gm13_11930614	11930614	0.476974	-0.434269	0.434269	-0.434269
13	Gm13_11930648	11930648	0.236842	-0.0309577	0.0309577	-0.0309577
13	Gm13_11930677	11930677	0.473684	-0.474366	0.474366	-0.474366
13	Gm13_11931867	11931867	0.467105	-0.448041	0.448041	-0.448041
13	Gm13_11932150	11932150	0.467105	-0.449249	0.449249	-0.449249
13	Gm13_11932206	11932206	0.470395	-0.458658	0.458658	-0.458658
13	Gm13_11955430	11955430	0.467105	-0.447876	0.447876	-0.447876
13	Gm13_11955463	11955463	0.467105	-0.448473	0.448473	-0.448473
13	Gm13_11955620	11955620	0.467105	-0.448883	0.448883	-0.448883
13	Gm13_11955670	11955670	0.473684	-0.471327	0.471327	-0.471327
13	Gm13_11967265	11967265	0.473684	-0.471663	0.471663	-0.471663
13	Gm13_11996032	11996032	0.463816	-0.443454	0.443454	-0.443454
13	Gm13_11996049	11996049	0.450658	-0.399942	0.399942	-0.399942
13	Gm13_11996074	11996074	0.230263	-0.00853231	0.00853231	-0.00853231
13	Gm13_12005208	12005208	0.467105	-0.479349	0.479349	-0.479349
13	Gm13_12005227	12005227	0.467105	-0.479631	0.479631	-0.479631
13	Gm13_12005255	12005255	0.0756579	0.340146	-0.340146	0.340146
13	Gm13_12005268	12005268	0.470395	-0.508264	0.508264	-0.508264
13	Gm13_12005467	12005467	0.128289	0.362211	-0.362211	0.362211
13	Gm13_12098165	12098165	0.463816	-0.483532	0.483532	-0.483532
13	Gm13_12098405	12098405	0.460526	-0.473066	0.473066	-0.473066
13	Gm13_12104185	12104185	0.483553	-0.54853	0.54853	-0.54853
13	Gm13_12104323	12104323	0.467105	-0.492656	0.492656	-0.492656
13	Gm13_12104349	12104349	0.480263	-0.537193	0.537193	-0.537193
13	Gm13_12104380	12104380	0.480263	-0.537409	0.537409	-0.537409
13	Gm13_12149227	12149227	0.233553	0.14783	-0.14783	0.14783
13	Gm13_12166437	12166437	0.0789474	0.26906	-0.26906	0.26906
13	Gm13_12185254	12185254	0.230263	-0.0750664	0.0750664	-0.0750664
13	Gm13_12193826	12193826	0.226974	0.171426	-0.171426	0.171426
13	Gm13_12194119	12194119	0.226974	0.171447	-0.171447	0.171447
13	Gm13_12203504	12203504	0.220395	0.196441	-0.196441	0.196441
13	Gm13_12212677	12212677	0.226974	0.172295	-0.172295	0.172295
13	Gm13_12212932	12212932	0.233553	-0.0896731	0.0896731	-0.0896731
13	Gm13_12213780	12213780	0.240132	-0.119265	0.119265	-0.119265
13	Gm13_12214017	12214017	0.230263	0.16294	-0.16294	0.16294
13	Gm13_12214281	12214281	0.230263	0.162997	-0.162997	0.162997
13	Gm13_12214309	12214309	0.473684	-0.541912	0.541912	-0.541912
13	Gm13_12214318	12214318	0.0822368	0.219095	-0.219095	0.219095
13	Gm13_12265901	12265901	0.240132	-0.128599	0.128599	-0.128599
13	Gm13_12265918	12265918	0.473684	-0.543433	0.543433	-0.543433
13	Gm13_12265969	12265969	0.470395	-0.53246	0.53246	-0.53246
13	Gm13_12272902	12272902	0.240132	-0.128497	0.128497	-0.128497
13	Gm13_12274646	12274646	0.233553	0.149081	-0.149081	0.149081
13	Gm13_12275088	12275088	0.460526	-0.500544	0.500544	-0.500544
13	Gm13_12275141	12275141	0.460526	-0.500631	0.500631	-0.500631
13	Gm13_12291149	12291149	0.128289	0.364436	-0.364436	0.364436
13	Gm13_12291160	12291160	0.4375	-0.441975	0.441975	-0.441975
13	Gm13_12336521	12336521	0.358553	-0.198702	0.198702	-0.198702
13	Gm13_12336768	12336768	0.0756579	0.2727	-0.2727	0.2727
13	Gm13_12361466	12361466	0.434211	-0.435939	0.435939	-0.435939
13	Gm13_12361536	12361536	0.0822368	0.193784	-0.193784	0.193784
13	Gm13_12361997	12361997	0.453947	-0.495931	0.495931	-0.495931
13	Gm13_12368745	12368745	0.0723684	0.321112	-0.321112	0.321112
13	Gm13_12378451	12378451	0.220395	0.196398	-0.196398	0.196398
13	Gm13_12378675	12378675	0.131579	0.341229	-0.341229	0.341229
13	Gm13_12389447	12389447	0.0723684	0.316218	-0.316218	0.316218
13	Gm13_12389458	12389458	0.470395	-0.537498	0.537498	-0.537498
13	Gm13_12389466	12389466	0.470395	-0.537234	0.537234	-0.537234
13	Gm13_12389776	12389776	0.450658	-0.474469	0.474469	-0.474469
13	Gm13_12389790	12389790	0.0657895	0.37751	-0.37751	0.37751
13	Gm13_12389804	12389804	0.351974	-0.174239	0.174239	-0.174239
13	Gm13_12389836	12389836	0.0657895	0.370873	-0.370873	0.370873
13	Gm13_12392047	12392047	0.0789474	0.235165	-0.235165	0.235165
13	Gm13_12394501	12394501	0.128289	0.362487	-0.362487	0.362487
13	Gm13_12395053	12395053	0.217105	0.208832	-0.208832	0.208832
13	Gm13_12395058	12395058	0.217105	0.209282	-0.209282	0.209282
13	Gm13_12395129	12395129	0.0756579	0.241825	-0.241825	0.241825
13	Gm13_12395417	12395417	0.0756579	0.241818	-0.241818	0.241818
13	Gm13_12395452	12395452	0.128289	0.330864	-0.330864	0.330864
13	Gm13_12395723	12395723	0.131579	0.306175	-0.306175	0.306175
13	Gm13_12395766	12395766	0.0756579	0.24547	-0.24547	0.24547
13	Gm13_12423918	12423918	0.128289	0.331375	-0.331375	0.331375
13	Gm13_12457364	12457364	0.128289	-0.0310469	0.0310469	-0.0310469
13	Gm13_12458771	12458771	0.128289	0.343093	-0.343093	0.343093
13	Gm13_12459041	12459041	0.286184	-0.332072	0.332072	-0.332072
13	Gm13_12459072	12459072	0.276316	-0.29135	0.29135	-0.29135
13	Gm13_12461623	12461623	0.128289	0.349159	-0.349159	0.349159
13	Gm13_12461649	12461649	0.286184	-0.306937	0.306937	-0.306937
13	Gm13_12461895	12461895	0.289474	-0.3207	0.3207	-0.3207
13	Gm13_12461902	12461902	0.286184	-0.30729	0.30729	-0.30729
13	Gm13_12463340	12463340	0.299342	-0.361546	0.361546	-0.361546
13	Gm13_12533223	12533223	0.292763	-0.335594	0.335594	-0.335594
13	Gm13_12547385	12547385	0.282895	-0.294714	0.294714	-0.294714
13	Gm13_12547711	12547711	0.286184	-0.309267	0.309267	-0.309267
13	Gm13_12547728	12547728	0.286184	-0.309504	0.309504	-0.309504
13	Gm13_12559073	12559073	0.263158	-0.234793	0.234793	-0.234793
13	Gm13_12566826	12566826	0.128289	-0.0384415	0.0384415	-0.0384415
13	Gm13_12567069	12567069	0.263158	-0.245803	0.245803	-0.245803
13	Gm13_12567175	12567175	0.266447	-0.260395	0.260395	-0.260395
13	Gm13_12569761	12569761	0.282895	-0.32102	0.32102	-0.32102
13	Gm13_12573814	12573814	0.282895	-0.318788	0.318788	-0.318788
13	Gm13_12574084	12574084	0.0888158	0.171356	-0.171356	0.171356
13	Gm13_12590039	12590039	0.25	-0.191693	0.191693	-0.191693
13	Gm13_12590335	12590335	0.253289	-0.206417	0.206417	-0.206417
13	Gm13_12601007	12601007	0.128289	0.347684	-0.347684	0.347684
13	Gm13_12601013	12601013	0.180921	0.317024	-0.317024	0.317024
13	Gm13_12605641	12605641	0.253289	-0.166069	0.166069	-0.166069
13	Gm13_12622165	12622165	0.253289	-0.166707	0.166707	-0.166707
13	Gm13_12626150	12626150	0.203947	0.194602	-0.194602	0.194602
13	Gm13_12626305	12626305	0.131579	0.351007	-0.351007	0.351007
13	Gm13_12626338	12626338	0.338816	-0.194551	0.194551	-0.194551
13	Gm13_12628631	12628631	0.338816	-0.192957	0.192957	-0.192957
13	Gm13_12651699	12651699	0.174342	0.339021	-0.339021	0.339021
13	Gm13_12651707	12651707	0.174342	0.339508	-0.339508	0.339508
13	Gm13_12654661	12654661	0.177632	0.320585	-0.320585	0.320585
13	Gm13_12657977	12657977	0.128289	0.369075	-0.369075	0.369075
13	Gm13_12672457	12672457	0.128289	0.368939	-0.368939	0.368939
13	Gm13_12691361	12691361	0.131579	0.343809	-0.343809	0.343809
13	Gm13_12691415	12691415	0.171053	0.363325	-0.363325	0.363325
13	Gm13_12691423	12691423	0.424342	-0.410261	0.410261	-0.410261
13	Gm13_12691538	12691538	0.299342	-0.107393	0.107393	-0.107393
13	Gm13_12691583	12691583	0.128289	0.378053	-0.378053	0.378053
13	Gm13_12758116	12758116	0.299342	-0.107759	0.107759	-0.107759
13	Gm13_12758135	12758135	0.131579	0.350751	-0.350751	0.350751
13	Gm13_12760877	12760877	0.131579	0.350627	-0.350627	0.350627
13	Gm13_12761148	12761148	0.440789	-0.465369	0.465369	-0.465369
13	Gm13_12761210	12761210	0.299342	-0.106491	0.106491	-0.106491
13	Gm13_12769472	12769472	0.299342	-0.106478	0.106478	-0.106478
13	Gm13_12769637	12769637	0.131579	0.352777	-0.352777	0.352777
13	Gm13_12774092	12774092	0.457237	-0.512131	0.512131	-0.512131
13	Gm13_12782786	12782786	0.125	0.393843	-0.393843	0.393843
13	Gm13_12782987	12782987	0.430921	-0.428706	0.428706	-0.428706
13	Gm13_12796876	12796876	0.128289	0.378867	-0.378867	0.378867
13	Gm13_12797794	12797794	0.296053	-0.0928032	0.0928032	-0.0928032
13	Gm13_12797856	12797856	0.296053	-0.0924726	0.0924726	-0.0924726
13	Gm13_12811891	12811891	0.388158	-0.325703	0.325703	-0.325703
13	Gm13_12843378	12843378	0.128289	0.384098	-0.384098	0.384098
13	Gm13_12843858	12843858	0.463816	-0.535837	0.535837	-0.535837
13	Gm13_12854260	12854260	0.467105	-0.546906	0.546906	-0.546906
13	Gm13_12876517	12876517	0.453947	-0.502982	0.502982	-0.502982
13	Gm13_12878304	12878304	0.338816	-0.25634	0.25634	-0.25634
13	Gm13_12878889	12878889	0.128289	0.377967	-0.377967	0.377967
13	Gm13_12884432	12884432	0.151316	-0.130468	0.130468	-0.130468
13	Gm13_12884483	12884483	0.0756579	0.284031	-0.284031	0.284031
13	Gm13_12893383	12893383	0.151316	0.00222695	-0.00222695	0.00222695
13	Gm13_12895180	12895180	0.460526	-0.486762	0.486762	-0.486762
13	Gm13_12895216	12895216	0.128289	0.358611	-0.358611	0.358611
13	Gm13_12908917	12908917	0.131579	0.333825	-0.333825	0.333825
13	Gm13_12918216	12918216	0.131579	0.33383	-0.33383	0.33383
13	Gm13_12918221	12918221	0.131579	0.333823	-0.333823	0.333823
13	Gm13_12919283	12919283	0.131579	0.333808	-0.333808	0.333808
13	Gm13_12933058	12933058	0.476974	-0.520302	0.520302	-0.520302
13	Gm13_12933761	12933761	0.457237	-0.456265	0.456265	-0.456265
13	Gm13_12934129	12934129	0.476974	-0.522496	0.522496	-0.522496
13	Gm13_12934272	12934272	0.476974	-0.519283	0.519283	-0.519283
13	Gm13_12934352	12934352	0.463816	-0.475092	0.475092	-0.475092
13	Gm13_12938716	12938716	0.460526	-0.465286	0.465286	-0.465286
13	Gm13_12939095	12939095	0.486842	0.590018	-0.590018	0.590018
13	Gm13_12944440	12944440	0.342105	-0.207	0.207	-0.207
13	Gm13_12944479	12944479	0.473684	-0.529972	0.529972	-0.529972
13	Gm13_12963328	12963328	0.325658	-0.149677	0.149677	-0.149677
13	Gm13_12978733	12978733	0.125	0.38358	-0.38358	0.38358
13	Gm13_12978789	12978789	0.351974	-0.254544	0.254544	-0.254544
13	Gm13_12989978	12989978	0.328947	-0.175378	0.175378	-0.175378
13	Gm13_12989984	12989984	0.325658	-0.163182	0.163182	-0.163182
13	Gm13_12989994	12989994	0.325658	-0.163565	0.163565	-0.163565
13	Gm13_12990041	12990041	0.167763	0.39257	-0.39257	0.39257
13	Gm13_13012306	13012306	0.335526	-0.232576	0.232576	-0.232576
13	Gm13_13012597	13012597	0.332237	-0.220381	0.220381	-0.220381
13	Gm13_13015066	13015066	0.319079	-0.170615	0.170615	-0.170615
13	Gm13_13015216	13015216	0.342105	-0.257946	0.257946	-0.257946
13	Gm13_13015233	13015233	0.131579	0.339527	-0.339527	0.339527
13	Gm13_13015483	13015483	0.335526	-0.22499	0.22499	-0.22499
13	Gm13_13033366	13033366	0.440789	-0.461347	0.461347	-0.461347
13	Gm13_13033389	13033389	0.3125	-0.145701	0.145701	-0.145701
13	Gm13_13033416	13033416	0.440789	-0.463956	0.463956	-0.463956
13	Gm13_13080215	13080215	0.342105	-0.25318	0.25318	-0.25318
13	Gm13_13080924	13080924	0.171053	0.374819	-0.374819	0.374819
13	Gm13_13081114	13081114	0.131579	0.311616	-0.311616	0.311616
13	Gm13_13093327	13093327	0.128289	0.336443	-0.336443	0.336443
13	Gm13_13108648	13108648	0.315789	-0.0640063	0.0640063	-0.0640063
13	Gm13_13108656	13108656	0.309211	-0.0381626	0.0381626	-0.0381626
13	Gm13_13118873	13118873	0.473684	-0.493319	0.493319	-0.493319
13	Gm13_13118897	13118897	0.131579	0.288267	-0.288267	0.288267
13	Gm13_13119099	13119099	0.131579	0.288117	-0.288117	0.288117
13	Gm13_13183598	13183598	0.128289	0.312833	-0.312833	0.312833
13	Gm13_13228813	13228813	0.134868	0.263048	-0.263048	0.263048
13	Gm13_13228964	13228964	0.134868	0.262897	-0.262897	0.262897
13	Gm13_13228996	13228996	0.134868	0.262745	-0.262745	0.262745
13	Gm13_13236857	13236857	0.128289	0.312263	-0.312263	0.312263
13	Gm13_13240750	13240750	0.134868	0.265878	-0.265878	0.265878
13	Gm13_13240801	13240801	0.134868	0.265864	-0.265864	0.265864
13	Gm13_13240953	13240953	0.134868	0.265717	-0.265717	0.265717
13	Gm13_13241199	13241199	0.131579	0.290025	-0.290025	0.290025
13	Gm13_13256882	13256882	0.266447	0.106833	-0.106833	0.106833
13	Gm13_13257111	13257111	0.460526	-0.433632	0.433632	-0.433632
13	Gm13_13261597	13261597	0.473684	-0.471695	0.471695	-0.471695
13	Gm13_13261703	13261703	0.470395	-0.45605	0.45605	-0.45605
13	Gm13_13261756	13261756	0.134868	0.227228	-0.227228	0.227228
13	Gm13_13262009	13262009	0.134868	0.226912	-0.226912	0.226912
13	Gm13_13280968	13280968	0.138158	0.202659	-0.202659	0.202659
13	Gm13_13335843	13335843	0.131579	0.224773	-0.224773	0.224773
13	Gm13_13338306	13338306	0.125	0.274788	-0.274788	0.274788
13	Gm13_13339018	13339018	0.121711	0.287625	-0.287625	0.287625
13	Gm13_13339370	13339370	0.128289	0.24739	-0.24739	0.24739
13	Gm13_13339440	13339440	0.131579	0.222128	-0.222128	0.222128
13	Gm13_13370177	13370177	0.125	0.273221	-0.273221	0.273221
13	Gm13_13370220	13370220	0.125	0.273224	-0.273224	0.273224
13	Gm13_13371234	13371234	0.131579	0.222034	-0.222034	0.222034
13	Gm13_13371239	13371239	0.125	0.273297	-0.273297	0.273297
13	Gm13_13373608	13373608	0.134868	0.200892	-0.200892	0.200892
13	Gm13_13373931	13373931	0.131579	0.225157	-0.225157	0.225157
13	Gm13_13384138	13384138	0.131579	0.225228	-0.225228	0.225228
13	Gm13_13384359	13384359	0.131579	0.224901	-0.224901	0.224901
13	Gm13_13384406	13384406	0.131579	0.224907	-0.224907	0.224907
13	Gm13_13388238	13388238	0.131579	0.224613	-0.224613	0.224613
13	Gm13_13388298	13388298	0.131579	0.224619	-0.224619	0.224619
13	Gm13_13390170	13390170	0.131579	0.224625	-0.224625	0.224625
13	Gm13_13395690	13395690	0.125	0.270731	-0.270731	0.270731
13	Gm13_13395714	13395714	0.128289	0.245114	-0.245114	0.245114
13	Gm13_13395930	13395930	0.131579	0.220183	-0.220183	0.220183
13	Gm13_13395971	13395971	0.131579	0.220191	-0.220191	0.220191
13	Gm13_13398456	13398456	0.125	0.269748	-0.269748	0.269748
13	Gm13_13430730	13430730	0.470395	-0.45565	0.45565	-0.45565
13	Gm13_13464740	13464740	0.273026	0.0554121	-0.0554121	0.0554121
13	Gm13_13477336	13477336	0.269737	0.0675261	-0.0675261	0.0675261
13	Gm13_13502886	13502886	0.273026	0.0544734	-0.0544734	0.0544734
13	Gm13_13561743	13561743	0.125	0.33631	-0.33631	0.33631
13	Gm13_13607429	13607429	0.259868	0.102183	-0.102183	0.102183
13	Gm13_17475986	17475986	0.128289	0.290711	-0.290711	0.290711
13	Gm13_17511162	17511162	0.131579	0.26489	-0.26489	0.26489
13	Gm13_17550629	17550629	0.292763	0.0651121	-0.0651121	0.0651121
13	Gm13_17561539	17561539	0.131579	0.24951	-0.24951	0.24951
13	Gm13_17561549	17561549	0.131579	0.247894	-0.247894	0.247894
13	Gm13_17581692	17581692	0.131579	0.246973	-0.246973	0.246973
13	Gm13_17581728	17581728	0.131579	0.245387	-0.245387	0.245387
13	Gm13_17620876	17620876	0.108553	0.361186	-0.361186	0.361186
13	Gm13_17626029	17626029	0.131579	0.183757	-0.183757	0.183757
13	Gm13_17680802	17680802	0.108553	0.356876	-0.356876	0.356876
13	Gm13_17680808	17680808	0.108553	0.355049	-0.355049	0.355049
13	Gm13_17681047	17681047	0.282895	0.09814	-0.09814	0.09814
13	Gm13_17682106	17682106	0.138158	0.194443	-0.194443	0.194443
13	Gm13_17691399	17691399	0.131579	0.241603	-0.241603	0.241603
13	Gm13_17692618	17692618	0.128289	0.265295	-0.265295	0.265295
13	Gm13_17692812	17692812	0.134868	0.214225	-0.214225	0.214225
13	Gm13_17695742	17695742	0.128289	0.263222	-0.263222	0.263222
13	Gm13_17706207	17706207	0.141447	0.168231	-0.168231	0.168231
13	Gm13_17706514	17706514	0.134868	0.212544	-0.212544	0.212544
13	Gm13_17718358	17718358	0.131579	0.235921	-0.235921	0.235921
13	Gm13_17718386	17718386	0.131579	0.234824	-0.234824	0.234824
13	Gm13_17725540	17725540	0.309211	0.0142626	-0.0142626	0.0142626
13	Gm13_17725546	17725546	0.4375	-0.352795	0.352795	-0.352795
13	Gm13_17735627	17735627	0.138158	0.196953	-0.196953	0.196953
13	Gm13_17749400	17749400	0.157895	0.0797939	-0.0797939	0.0797939
13	Gm13_17764465	17764465	0.128289	0.267467	-0.267467	0.267467
13	Gm13_17774951	17774951	0.125	0.278674	-0.278674	0.278674
13	Gm13_17869867	17869867	0.0822368	0.0228489	-0.0228489	0.0228489
13	Gm13_17888351	17888351	0.131579	0.241348	-0.241348	0.241348
13	Gm13_17916425	17916425	0.134868	0.217071	-0.217071	0.217071
13	Gm13_17937192	17937192	0.3125	-0.00139034	0.00139034	-0.00139034
13	Gm13_17953216	17953216	0.128289	0.241619	-0.241619	0.241619
13	Gm13_17985529	17985529	0.134868	0.191894	-0.191894	0.191894
13	Gm13_17986100	17986100	0.134868	0.192251	-0.192251	0.192251
13	Gm13_17986115	17986115	0.128289	0.242302	-0.242302	0.242302
13	Gm13_17988671	17988671	0.134868	0.192919	-0.192919	0.192919
13	Gm13_17989803	17989803	0.131579	0.217886	-0.217886	0.217886
13	Gm13_17990030	17990030	0.134868	0.193378	-0.193378	0.193378
13	Gm13_18042661	18042661	0.131579	0.217949	-0.217949	0.217949
13	Gm13_18096138	18096138	0.131579	0.217994	-0.217994	0.217994
13	Gm13_18100739	18100739	0.134868	0.193407	-0.193407	0.193407
13	Gm13_18114009	18114009	0.131579	0.220275	-0.220275	0.220275
13	Gm13_18114165	18114165	0.131579	0.21829	-0.21829	0.21829
13	Gm13_18156003	18156003	0.128289	0.276546	-0.276546	0.276546
13	Gm13_18156075	18156075	0.131579	0.236722	-0.236722	0.236722
13	Gm13_18156080	18156080	0.134868	0.212993	-0.212993	0.212993
13	Gm13_18174136	18174136	0.131579	0.226611	-0.226611	0.226611
13	Gm13_18180629	18180629	0.131579	0.241729	-0.241729	0.241729
13	Gm13_18180855	18180855	0.131579	0.242793	-0.242793	0.242793
13	Gm13_18208696	18208696	0.131579	0.243855	-0.243855	0.243855
13	Gm13_18232901	18232901	0.302632	-0.0546825	0.0546825	-0.0546825
13	Gm13_18244945	18244945	0.134868	0.244577	-0.244577	0.244577
13	Gm13_18245213	18245213	0.134868	0.245054	-0.245054	0.245054
13	Gm13_18272387	18272387	0.134868	0.238333	-0.238333	0.238333
13	Gm13_18282052	18282052	0.463816	-0.498367	0.498367	-0.498367
13	Gm13_18287466	18287466	0.125	0.314505	-0.314505	0.314505
13	Gm13_18292981	18292981	0.335526	-0.16124	0.16124	-0.16124
13	Gm13_18294189	18294189	0.305921	-0.0505437	0.0505437	-0.0505437
13	Gm13_18303189	18303189	0.134868	0.258168	-0.258168	0.258168
13	Gm13_18303390	18303390	0.141447	0.212644	-0.212644	0.212644
13	Gm13_18322061	18322061	0.296053	-0.0103347	0.0103347	-0.0103347
13	Gm13_18327217	18327217	0.134868	0.264277	-0.264277	0.264277
13	Gm13_18327481	18327481	0.309211	-0.0642286	0.0642286	-0.0642286
13	Gm13_18341045	18341045	0.457237	-0.472638	0.472638	-0.472638
13	Gm13_18341079	18341079	0.134868	0.264717	-0.264717	0.264717
13	Gm13_18376892	18376892	0.309211	-0.0631343	0.0631343	-0.0631343
13	Gm13_18388624	18388624	0.138158	0.219021	-0.219021	0.219021
13	Gm13_18405843	18405843	0.125	0.315043	-0.315043	0.315043
13	Gm13_18410996	18410996	0.131579	0.264939	-0.264939	0.264939
13	Gm13_18431269	18431269	0.128289	0.291772	-0.291772	0.291772
13	Gm13_18446536	18446536	0.134868	0.242655	-0.242655	0.242655
13	Gm13_18448607	18448607	0.134868	0.245569	-0.245569	0.245569
13	Gm13_18450953	18450953	0.121711	0.334729	-0.334729	0.334729
13	Gm13_18451031	18451031	0.174342	0.352983	-0.352983	0.352983
13	Gm13_18473365	18473365	0.125	0.326962	-0.326962	0.326962
13	Gm13_18486585	18486585	0.134868	0.252885	-0.252885	0.252885
13	Gm13_18533181	18533181	0.296053	-0.0114105	0.0114105	-0.0114105
13	Gm13_18560784	18560784	0.0888158	0.139019	-0.139019	0.139019
13	Gm13_18560842	18560842	0.226974	-0.12863	0.12863	-0.12863
13	Gm13_18570881	18570881	0.125	0.313978	-0.313978	0.313978
13	Gm13_18599393	18599393	0.289474	0.00259079	-0.00259079	0.00259079
13	Gm13_18604728	18604728	0.134868	0.240351	-0.240351	0.240351
13	Gm13_18604756	18604756	0.134868	0.240868	-0.240868	0.240868
13	Gm13_18607161	18607161	0.450658	-0.447084	0.447084	-0.447084
13	Gm13_18620936	18620936	0.134868	0.217129	-0.217129	0.217129
13	Gm13_18621648	18621648	0.115132	0.356767	-0.356767	0.356767
13	Gm13_18622396	18622396	0.121711	0.315611	-0.315611	0.315611
13	Gm13_18622459	18622459	0.125	0.304511	-0.304511	0.304511
13	Gm13_18634864	18634864	0.125	0.317472	-0.317472	0.317472
13	Gm13_18665883	18665883	0.128289	0.29281	-0.29281	0.29281
13	Gm13_18677435	18677435	0.134868	0.244219	-0.244219	0.244219
13	Gm13_18873925	18873925	0.131579	0.269738	-0.269738	0.269738
13	Gm13_18883611	18883611	0.134868	0.246226	-0.246226	0.246226
13	Gm13_18883946	18883946	0.128289	0.296383	-0.296383	0.296383
13	Gm13_18884651	18884651	0.128289	0.296473	-0.296473	0.296473
13	Gm13_18884820	18884820	0.460526	-0.468495	0.468495	-0.468495
13	Gm13_18885427	18885427	0.125	0.318122	-0.318122	0.318122
13	Gm13_18887198	18887198	0.144737	0.177181	-0.177181	0.177181
13	Gm13_18887208	18887208	0.144737	0.177502	-0.177502	0.177502
13	Gm13_18887450	18887450	0.134868	0.244422	-0.244422	0.244422
13	Gm13_18934706	18934706	0.138158	0.221613	-0.221613	0.221613
13	Gm13_18939443	18939443	0.125	0.318288	-0.318288	0.318288
13	Gm13_18940193	18940193	0.125	0.318663	-0.318663	0.318663
13	Gm13_18948397	18948397	0.134868	0.234351	-0.234351	0.234351
13	Gm13_18948403	18948403	0.138158	0.226172	-0.226172	0.226172
13	Gm13_27326016	27326016	0.398026	-0.0795858	0.0795858	-0.0795858
13	Gm13_27450331	27450331	0.256579	0.31745	-0.31745	0.31745
13	Gm13_27450361	27450361	0.414474	-0.0320319	0.0320319	-0.0320319
13	Gm13_27466000	27466000	0.289474	0.172776	-0.172776	0.172776
13	Gm13_27514511	27514511	0.263158	0.347336	-0.347336	0.347336
13	Gm13_27517832	27517832	0.256579	0.310324	-0.310324	0.310324
13	Gm13_27519703	27519703	0.289474	0.172207	-0.172207	0.172207
13	Gm13_27526627	27526627	0.404605	-0.10547	0.10547	-0.10547
13	Gm13_27526661	27526661	0.105263	0.625574	-0.625574	0.625574
13	Gm13_27566661	27566661	0.335526	0.556086	-0.556086	0.556086
13	Gm13_27576551	27576551	0.299342	0.692305	-0.692305	0.692305
13	Gm13_27594761	27594761	0.3125	0.641597	-0.641597	0.641597
13	Gm13_27622164	27622164	0.144737	0.346004	-0.346004	0.346004
13	Gm13_27622360	27622360	0.144737	0.344614	-0.344614	0.344614
13	Gm13_27670024	27670024	0.0592105	0.0340142	-0.0340142	0.0340142
13	Gm13_27694098	27694098	0.0592105	0.0340397	-0.0340397	0.0340397
13	Gm13_27694326	27694326	0.0592105	0.0343266	-0.0343266	0.0343266
13	Gm13_27726250	27726250	0.0559211	0.0505893	-0.0505893	0.0505893
13	Gm13_27726385	27726385	0.125	0.482104	-0.482104	0.482104
13	Gm13_27736994	27736994	0.246711	0.348316	-0.348316	0.348316
13	Gm13_27745908	27745908	0.322368	0.0357727	-0.0357727	0.0357727
13	Gm13_27752981	27752981	0.25	0.297221	-0.297221	0.297221
13	Gm13_27794775	27794775	0.217105	0.447536	-0.447536	0.447536
13	Gm13_27810262	27810262	0.460526	-0.0200323	0.0200323	-0.0200323
13	Gm13_27810269	27810269	0.305921	0.704907	-0.704907	0.704907
13	Gm13_27852871	27852871	0.460526	-0.0326446	0.0326446	-0.0326446
13	Gm13_27859369	27859369	0.325658	0.662617	-0.662617	0.662617
13	Gm13_27900252	27900252	0.121711	0.51582	-0.51582	0.51582
13	Gm13_27914543	27914543	0.128289	0.464162	-0.464162	0.464162
13	Gm13_27963724	27963724	0.476974	-0.0794395	0.0794395	-0.0794395
13	Gm13_27970351	27970351	0.118421	0.515014	-0.515014	0.515014
13	Gm13_27970385	27970385	0.167763	0.19519	-0.19519	0.19519
13	Gm13_28037771	28037771	0.0559211	0.305682	-0.305682	0.305682
13	Gm13_28050316	28050316	0.0559211	0.284814	-0.284814	0.284814
13	Gm13_28107826	28107826	0.338816	0.630709	-0.630709	0.630709
13	Gm13_28115880	28115880	0.138158	0.455685	-0.455685	0.455685
13	Gm13_28133162	28133162	0.309211	0.219099	-0.219099	0.219099
13	Gm13_28133540	28133540	0.121711	0.559041	-0.559041	0.559041
13	Gm13_28180151	28180151	0.371711	0.098131	-0.098131	0.098131
13	Gm13_28185365	28185365	0.378289	0.0753411	-0.0753411	0.0753411
13	Gm13_28187461	28187461	0.213816	0.0718137	-0.0718137	0.0718137
13	Gm13_28240102	28240102	0.328947	0.751375	-0.751375	0.751375
13	Gm13_28293870	28293870	0.388158	0.547387	-0.547387	0.547387
13	Gm13_28314950	28314950	0.154605	0.354661	-0.354661	0.354661
13	Gm13_28334337	28334337	0.269737	0.367832	-0.367832	0.367832
13	Gm13_28369590	28369590	0.134868	0.470003	-0.470003	0.470003
13	Gm13_28373460	28373460	0.309211	0.217661	-0.217661	0.217661
13	Gm13_28431517	28431517	0.171053	-0.258041	0.258041	-0.258041
13	Gm13_28445377	28445377	0.407895	-0.31367	0.31367	-0.31367
13	Gm13_28455281	28455281	0.246711	0.471408	-0.471408	0.471408
13	Gm13_28457594	28457594	0.427632	-0.371933	0.371933	-0.371933
13	Gm13_28457633	28457633	0.427632	-0.372809	0.372809	-0.372809
13	Gm13_28465103	28465103	0.25	0.44922	-0.44922	0.44922
13	Gm13_28466430	28466430	0.154605	0.367839	-0.367839	0.367839
13	Gm13_28468775	28468775	0.246711	0.439916	-0.439916	0.439916
13	Gm13_28557074	28557074	0.325658	0.125897	-0.125897	0.125897
13	Gm13_28561784	28561784	0.223684	0.53848	-0.53848	0.53848
13	Gm13_28666500	28666500	0.220395	0.343408	-0.343408	0.343408
13	Gm13_28666801	28666801	0.302632	0.762163	-0.762163	0.762163
13	Gm13_28666813	28666813	0.292763	0.800207	-0.800207	0.800207
13	Gm13_28666832	28666832	0.289474	0.813315	-0.813315	0.813315
13	Gm13_28676407	28676407	0.292763	0.0840186	-0.0840186	0.0840186
13	Gm13_28730888	28730888	0.292763	0.818988	-0.818988	0.818988
13	Gm13_28736188	28736188	0.358553	0.0539692	-0.0539692	0.0539692
13	Gm13_28736209	28736209	0.332237	0.145469	-0.145469	0.145469
13	Gm13_28737281	28737281	0.256579	0.418125	-0.418125	0.418125
13	Gm13_28737295	28737295	0.371711	0.00401762	-0.00401762	0.00401762
13	Gm13_28737304	28737304	0.0559211	0.238772	-0.238772	0.238772
13	Gm13_28741133	28741133	0.381579	-0.0232362	0.0232362	-0.0232362
13	Gm13_28741376	28741376	0.361842	0.0468343	-0.0468343	0.0468343
13	Gm13_28761461	28761461	0.0921053	-0.0157241	0.0157241	-0.0157241
13	Gm13_28761592	28761592	0.335526	0.635093	-0.635093	0.635093
13	Gm13_28761659	28761659	0.220395	0.352247	-0.352247	0.352247
13	Gm13_28771649	28771649	0.3125	0.713796	-0.713796	0.713796
13	Gm13_28771699	28771699	0.302632	0.750328	-0.750328	0.750328
13	Gm13_28881178	28881178	0.296053	0.781615	-0.781615	0.781615
13	Gm13_28904127	28904127	0.342105	0.167834	-0.167834	0.167834
13	Gm13_28946186	28946186	0.430921	0.304229	-0.304229	0.304229
13	Gm13_28951726	28951726	0.157895	-0.274129	0.274129	-0.274129
13	Gm13_28954524	28954524	0.0625	0.244374	-0.244374	0.244374
13	Gm13_28954529	28954529	0.0625	0.244463	-0.244463	0.244463
13	Gm13_28964521	28964521	0.138158	-0.138867	0.138867	-0.138867
13	Gm13_28964814	28964814	0.115132	-0.0491237	0.0491237	-0.0491237
13	Gm13_28964827	28964827	0.105263	0.0324079	-0.0324079	0.0324079
13	Gm13_28964888	28964888	0.131579	-0.140996	0.140996	-0.140996
13	Gm13_28965070	28965070	0.177632	0.416741	-0.416741	0.416741
13	Gm13_29032431	29032431	0.180921	0.406604	-0.406604	0.406604
13	Gm13_29032649	29032649	0.3125	0.306615	-0.306615	0.306615
13	Gm13_29053751	29053751	0.3125	0.720239	-0.720239	0.720239
13	Gm13_29067050	29067050	0.296053	0.780013	-0.780013	0.780013
13	Gm13_29067080	29067080	0.315789	0.298931	-0.298931	0.298931
13	Gm13_29069366	29069366	0.322368	0.280905	-0.280905	0.280905
13	Gm13_29069402	29069402	0.440789	0.298372	-0.298372	0.298372
13	Gm13_29266600	29266600	0.358553	0.109416	-0.109416	0.109416
13	Gm13_29266613	29266613	0.161184	0.560975	-0.560975	0.560975
13	Gm13_29302932	29302932	0.453947	0.312562	-0.312562	0.312562
13	Gm13_29359675	29359675	0.0690789	0.0903621	-0.0903621	0.0903621
13	Gm13_29359827	29359827	0.157895	0.573046	-0.573046	0.573046
13	Gm13_29359872	29359872	0.134868	-0.0564223	0.0564223	-0.0564223
13	Gm13_29392700	29392700	0.144737	-0.232823	0.232823	-0.232823
13	Gm13_29437958	29437958	0.105263	-0.202684	0.202684	-0.202684
13	Gm13_29453109	29453109	0.388158	0.486989	-0.486989	0.486989
13	Gm13_29477410	29477410	0.236842	0.192062	-0.192062	0.192062
13	Gm13_29514879	29514879	0.240132	0.18875	-0.18875	0.18875
13	Gm13_29565204	29565204	0.434211	-0.133039	0.133039	-0.133039
13	Gm13_29565413	29565413	0.401316	-0.0250139	0.0250139	-0.0250139
13	Gm13_29579104	29579104	0.243421	0.526886	-0.526886	0.526886
13	Gm13_29664976	29664976	0.473684	0.255962	-0.255962	0.255962
13	Gm13_29678862	29678862	0.177632	0.474687	-0.474687	0.474687
13	Gm13_29681959	29681959	0.259868	0.451306	-0.451306	0.451306
13	Gm13_29717816	29717816	0.190789	0.421649	-0.421649	0.421649
13	Gm13_29741108	29741108	0.0822368	0.258795	-0.258795	0.258795
13	Gm13_29797735	29797735	0.286184	0.320272	-0.320272	0.320272
13	Gm13_29797742	29797742	0.286184	0.321161	-0.321161	0.321161
13	Gm13_29797774	29797774	0.286184	0.322397	-0.322397	0.322397
13	Gm13_29900845	29900845	0.384868	-0.0680388	0.0680388	-0.0680388
13	Gm13_29920392	29920392	0.233553	0.529357	-0.529357	0.529357
13	Gm13_29920503	29920503	0.276316	0.356379	-0.356379	0.356379
13	Gm13_29944149	29944149	0.444079	0.213263	-0.213263	0.213263
13	Gm13_29964026	29964026	0.371711	-0.0293817	0.0293817	-0.0293817
13	Gm13_29964233	29964233	0.315789	0.163051	-0.163051	0.163051
13	Gm13_29987321	29987321	0.273026	0.389785	-0.389785	0.389785
13	Gm13_29993745	29993745	0.338816	0.157042	-0.157042	0.157042
13	Gm13_29993953	29993953	0.319079	0.161897	-0.161897	0.161897
13	Gm13_30010875	30010875	0.351974	0.478227	-0.478227	0.478227
13	Gm13_30010886	30010886	0.342105	0.513103	-0.513103	0.513103
13	Gm13_30010934	30010934	0.335526	0.107208	-0.107208	0.107208
13	Gm13_30046959	30046959	0.25	0.492246	-0.492246	0.492246
13	Gm13_30096688	30096688	0.404605	0.287704	-0.287704	0.287704
13	Gm13_30114587	30114587	0.358553	0.0790531	-0.0790531	0.0790531
13	Gm13_30134888	30134888	0.223684	0.570537	-0.570537	0.570537
13	Gm13_30135128	30135128	0.223684	0.570887	-0.570887	0.570887
13	Gm13_30141304	30141304	0.213816	0.618401	-0.618401	0.618401
13	Gm13_30141317	30141317	0.213816	0.618789	-0.618789	0.618789
13	Gm13_30212801	30212801	0.375	0.254334	-0.254334	0.254334
13	Gm13_30222391	30222391	0.450658	0.0098519	-0.0098519	0.0098519
13	Gm13_30253539	30253539	0.496711	-0.117026	0.117026	-0.117026
13	Gm13_30322174	30322174	0.0657895	0.267316	-0.267316	0.267316
13	Gm13_30360830	30360830	0.473684	-0.0292628	0.0292628	-0.0292628
13	Gm13_30360893	30360893	0.470395	-0.0199825	0.0199825	-0.0199825
13	Gm13_30361209	30361209	0.0723684	0.124608	-0.124608	0.124608
13	Gm13_30361423	30361423	0.453947	0.258584	-0.258584	0.258584
13	Gm13_30362189	30362189	0.457237	0.248301	-0.248301	0.248301
13	Gm13_30362203	30362203	0.434211	0.0839542	-0.0839542	0.0839542
13	Gm13_30405955	30405955	0.447368	0.284618	-0.284618	0.284618
13	Gm13_30441574	30441574	0.493421	-0.106262	0.106262	-0.106262
13	Gm13_30455759	30455759	0.138158	-0.189493	0.189493	-0.189493
13	Gm13_30466443	30466443	0.233553	-0.366449	0.366449	-0.366449
13	Gm13_30466664	30466664	0.0855263	0.0338439	-0.0338439	0.0338439
13	Gm13_30466737	30466737	0.0723684	0.17425	-0.17425	0.17425
13	Gm13_30466774	30466774	0.0855263	0.0505504	-0.0505504	0.0505504
13	Gm13_30466906	30466906	0.0855263	0.0517232	-0.0517232	0.0517232
13	Gm13_30466951	30466951	0.0855263	0.0525185	-0.0525185	0.0525185
13	Gm13_30479173	30479173	0.197368	-0.205574	0.205574	-0.205574
13	Gm13_30479203	30479203	0.197368	-0.205448	0.205448	-0.205448
13	Gm13_30512788	30512788	0.246711	-0.360495	0.360495	-0.360495
13	Gm13_30522967	30522967	0.213816	-0.296358	0.296358	-0.296358
13	Gm13_30593074	30593074	0.174342	-0.170714	0.170714	-0.170714
13	Gm13_30595025	30595025	0.0822368	0.0469719	-0.0469719	0.0469719
13	Gm13_30602808	30602808	0.131579	-0.0875254	0.0875254	-0.0875254
13	Gm13_30610484	30610484	0.203947	-0.360982	0.360982	-0.360982
13	Gm13_30615381	30615381	0.177632	-0.239176	0.239176	-0.239176
13	Gm13_30668762	30668762	0.121711	-0.218136	0.218136	-0.218136
13	Gm13_30688977	30688977	0.0559211	0.334347	-0.334347	0.334347
13	Gm13_30689033	30689033	0.0559211	0.334341	-0.334341	0.334341
13	Gm13_30689049	30689049	0.0559211	0.334336	-0.334336	0.334336
13	Gm13_30705869	30705869	0.125	-0.19294	0.19294	-0.19294
13	Gm13_30751302	30751302	0.134868	0.306318	-0.306318	0.306318
13	Gm13_30774376	30774376	0.101974	0.0882819	-0.0882819	0.0882819
13	Gm13_30774385	30774385	0.361842	-0.376003	0.376003	-0.376003
13	Gm13_30790402	30790402	0.177632	0.0257905	-0.0257905	0.0257905
13	Gm13_30790418	30790418	0.194079	-0.0391292	0.0391292	-0.0391292
13	Gm13_30813519	30813519	0.101974	0.408773	-0.408773	0.408773
13	Gm13_30813542	30813542	0.243421	-0.046698	0.046698	-0.046698
13	Gm13_30819091	30819091	0.134868	0.349699	-0.349699	0.349699
13	Gm13_30845725	30845725	0.236842	-0.00648426	0.00648426	-0.00648426
13	Gm13_30847931	30847931	0.263158	-0.116614	0.116614	-0.116614
13	Gm13_30974716	30974716	0.286184	-0.122006	0.122006	-0.122006
13	Gm13_30974773	30974773	0.276316	-0.08199	0.08199	-0.08199
13	Gm13_30974903	30974903	0.276316	-0.0809901	0.0809901	-0.0809901
13	Gm13_31045628	31045628	0.151316	0.365468	-0.365468	0.365468
13	Gm13_31045672	31045672	0.148026	0.38283	-0.38283	0.38283
13	Gm13_31053641	31053641	0.276316	-0.0788268	0.0788268	-0.0788268
13	Gm13_31219992	31219992	0.0559211	0.159883	-0.159883	0.159883
13	Gm13_31220375	31220375	0.345395	0.00992678	-0.00992678	0.00992678
13	Gm13_31220635	31220635	0.0526316	0.307273	-0.307273	0.307273
13	Gm13_31252893	31252893	0.348684	-0.00338008	0.00338008	-0.00338008
13	Gm13_31275670	31275670	0.0921053	0.217523	-0.217523	0.217523
13	Gm13_31275903	31275903	0.259868	0.0266871	-0.0266871	0.0266871
13	Gm13_31282680	31282680	0.141447	0.570122	-0.570122	0.570122
13	Gm13_31293312	31293312	0.197368	0.423862	-0.423862	0.423862
13	Gm13_31301808	31301808	0.197368	0.423362	-0.423362	0.423362
13	Gm13_31304233	31304233	0.427632	0.496121	-0.496121	0.496121
13	Gm13_31325084	31325084	0.434211	-0.230707	0.230707	-0.230707
13	Gm13_31330054	31330054	0.253289	0.258802	-0.258802	0.258802
13	Gm13_31330243	31330243	0.434211	-0.244867	0.244867	-0.244867
13	Gm13_31330361	31330361	0.25	0.270158	-0.270158	0.270158
13	Gm13_31357838	31357838	0.141447	0.53804	-0.53804	0.53804
13	Gm13_31396508	31396508	0.161184	0.246437	-0.246437	0.246437
13	Gm13_31445617	31445617	0.141447	0.54171	-0.54171	0.54171
13	Gm13_31451165	31451165	0.161184	0.23602	-0.23602	0.23602
13	Gm13_31477972	31477972	0.161184	0.242813	-0.242813	0.242813
13	Gm13_31482464	31482464	0.167763	0.421203	-0.421203	0.421203
