chr	id	pos	freq	ihh1	ihh0	nsl
16	Gm16_6115687	6115687	0.108553	0.382959	-0.382959	0.382959
16	Gm16_6115697	6115697	0.125	0.256133	-0.256133	0.256133
16	Gm16_6124061	6124061	0.230263	0.535718	-0.535718	0.535718
16	Gm16_6171188	6171188	0.273026	0.214372	-0.214372	0.214372
16	Gm16_6171224	6171224	0.105263	0.714294	-0.714294	0.714294
16	Gm16_6171449	6171449	0.467105	-0.292793	0.292793	-0.292793
16	Gm16_6171468	6171468	0.296053	0.673124	-0.673124	0.673124
16	Gm16_6178931	6178931	0.236842	0.537914	-0.537914	0.537914
16	Gm16_6179311	6179311	0.391447	0.358179	-0.358179	0.358179
16	Gm16_6179363	6179363	0.361842	-0.136022	0.136022	-0.136022
16	Gm16_6191194	6191194	0.105263	0.433193	-0.433193	0.433193
16	Gm16_6199427	6199427	0.0888158	0.450598	-0.450598	0.450598
16	Gm16_6199441	6199441	0.292763	0.648854	-0.648854	0.648854
16	Gm16_6199450	6199450	0.292763	0.648561	-0.648561	0.648561
16	Gm16_6199456	6199456	0.266447	0.142358	-0.142358	0.142358
16	Gm16_6264904	6264904	0.157895	0.406578	-0.406578	0.406578
16	Gm16_6265095	6265095	0.335526	0.272035	-0.272035	0.272035
16	Gm16_6265111	6265111	0.338816	0.26158	-0.26158	0.26158
16	Gm16_6265138	6265138	0.338816	0.264978	-0.264978	0.264978
16	Gm16_6289882	6289882	0.338816	0.265619	-0.265619	0.265619
16	Gm16_6289891	6289891	0.3125	0.612753	-0.612753	0.612753
16	Gm16_6294237	6294237	0.161184	0.39996	-0.39996	0.39996
16	Gm16_6294279	6294279	0.101974	0.188019	-0.188019	0.188019
16	Gm16_6294413	6294413	0.266447	-0.0388087	0.0388087	-0.0388087
16	Gm16_6294443	6294443	0.164474	0.38576	-0.38576	0.38576
16	Gm16_6305033	6305033	0.203947	0.189512	-0.189512	0.189512
16	Gm16_6415855	6415855	0.473684	0.210913	-0.210913	0.210913
16	Gm16_6415968	6415968	0.0953947	0.522799	-0.522799	0.522799
16	Gm16_6416000	6416000	0.0953947	0.521565	-0.521565	0.521565
16	Gm16_6416026	6416026	0.328947	0.33565	-0.33565	0.33565
16	Gm16_6471609	6471609	0.125	0.340874	-0.340874	0.340874
16	Gm16_6471665	6471665	0.125	0.340313	-0.340313	0.340313
16	Gm16_6479133	6479133	0.0559211	0.432812	-0.432812	0.432812
16	Gm16_6479332	6479332	0.118421	0.375162	-0.375162	0.375162
16	Gm16_6529570	6529570	0.450658	0.283436	-0.283436	0.283436
16	Gm16_6536548	6536548	0.457237	0.262798	-0.262798	0.262798
16	Gm16_6548227	6548227	0.496711	0.156152	-0.156152	0.156152
16	Gm16_6548281	6548281	0.496711	0.15622	-0.15622	0.15622
16	Gm16_6548619	6548619	0.490132	0.178118	-0.178118	0.178118
16	Gm16_6561410	6561410	0.111842	0.417856	-0.417856	0.417856
16	Gm16_6566712	6566712	0.157895	0.145129	-0.145129	0.145129
16	Gm16_6589532	6589532	0.161184	0.124383	-0.124383	0.124383
16	Gm16_6589720	6589720	0.450658	0.280555	-0.280555	0.280555
16	Gm16_6722816	6722816	0.1875	0.296095	-0.296095	0.296095
16	Gm16_6722891	6722891	0.1875	0.296353	-0.296353	0.296353
16	Gm16_6755513	6755513	0.236842	0.335733	-0.335733	0.335733
16	Gm16_6761166	6761166	0.259868	0.27096	-0.27096	0.27096
16	Gm16_6796425	6796425	0.470395	0.203884	-0.203884	0.203884
16	Gm16_6796630	6796630	0.473684	0.19308	-0.19308	0.19308
16	Gm16_6849904	6849904	0.263158	0.427923	-0.427923	0.427923
16	Gm16_6850227	6850227	0.263158	0.428203	-0.428203	0.428203
16	Gm16_6850232	6850232	0.263158	0.428268	-0.428268	0.428268
16	Gm16_6917923	6917923	0.236842	0.534216	-0.534216	0.534216
16	Gm16_6917937	6917937	0.236842	0.533826	-0.533826	0.533826
16	Gm16_6917978	6917978	0.236842	0.534283	-0.534283	0.534283
16	Gm16_6931596	6931596	0.233553	0.549171	-0.549171	0.549171
16	Gm16_6931846	6931846	0.233553	0.548803	-0.548803	0.548803
16	Gm16_6970917	6970917	0.230263	0.555305	-0.555305	0.555305
16	Gm16_6971119	6971119	0.236842	0.53102	-0.53102	0.53102
16	Gm16_6971170	6971170	0.236842	0.530932	-0.530932	0.530932
16	Gm16_6973966	6973966	0.233553	0.543276	-0.543276	0.543276
16	Gm16_7066706	7066706	0.223684	0.590463	-0.590463	0.590463
16	Gm16_7080252	7080252	0.4375	0.140487	-0.140487	0.140487
16	Gm16_7081303	7081303	0.434211	0.151617	-0.151617	0.151617
16	Gm16_7085417	7085417	0.226974	0.630521	-0.630521	0.630521
16	Gm16_7085484	7085484	0.345395	0.0986945	-0.0986945	0.0986945
16	Gm16_7085603	7085603	0.345395	0.0992196	-0.0992196	0.0992196
16	Gm16_7085612	7085612	0.332237	0.141653	-0.141653	0.141653
16	Gm16_7085647	7085647	0.332237	0.142237	-0.142237	0.142237
16	Gm16_7099043	7099043	0.125	0.455026	-0.455026	0.455026
16	Gm16_7099080	7099080	0.121711	0.4787	-0.4787	0.4787
16	Gm16_7118824	7118824	0.394737	0.057612	-0.057612	0.057612
16	Gm16_7118875	7118875	0.394737	0.0568332	-0.0568332	0.0568332
16	Gm16_7119032	7119032	0.394737	0.0559194	-0.0559194	0.0559194
16	Gm16_7119046	7119046	0.394737	0.0551744	-0.0551744	0.0551744
16	Gm16_7119105	7119105	0.394737	0.0545401	-0.0545401	0.0545401
16	Gm16_7119299	7119299	0.398026	0.0442481	-0.0442481	0.0442481
16	Gm16_7119767	7119767	0.394737	0.0556806	-0.0556806	0.0556806
16	Gm16_7124817	7124817	0.394737	0.0540781	-0.0540781	0.0540781
16	Gm16_7154288	7154288	0.226974	0.55724	-0.55724	0.55724
16	Gm16_7158576	7158576	0.164474	0.300251	-0.300251	0.300251
16	Gm16_7158787	7158787	0.164474	0.299643	-0.299643	0.299643
16	Gm16_7170256	7170256	0.398026	0.0305276	-0.0305276	0.0305276
16	Gm16_7171013	7171013	0.401316	0.0191685	-0.0191685	0.0191685
16	Gm16_7171084	7171084	0.394737	0.0412145	-0.0412145	0.0412145
16	Gm16_7171326	7171326	0.394737	0.0406844	-0.0406844	0.0406844
16	Gm16_7197080	7197080	0.381579	0.0740368	-0.0740368	0.0740368
16	Gm16_7197095	7197095	0.378289	0.0844944	-0.0844944	0.0844944
16	Gm16_7212965	7212965	0.157895	0.300905	-0.300905	0.300905
16	Gm16_7212973	7212973	0.154605	0.321756	-0.321756	0.321756
16	Gm16_7235865	7235865	0.220395	0.55192	-0.55192	0.55192
16	Gm16_7252085	7252085	0.197368	0.166809	-0.166809	0.166809
16	Gm16_7252554	7252554	0.197368	0.167118	-0.167118	0.167118
16	Gm16_7252944	7252944	0.194079	0.177215	-0.177215	0.177215
16	Gm16_7273007	7273007	0.138158	0.450884	-0.450884	0.450884
16	Gm16_7283868	7283868	0.138158	0.451471	-0.451471	0.451471
16	Gm16_7283878	7283878	0.148026	0.385026	-0.385026	0.385026
16	Gm16_7284243	7284243	0.138158	0.453019	-0.453019	0.453019
16	Gm16_7284453	7284453	0.134868	0.477763	-0.477763	0.477763
16	Gm16_7284469	7284469	0.151316	0.376704	-0.376704	0.376704
16	Gm16_7300302	7300302	0.345395	0.194144	-0.194144	0.194144
16	Gm16_7361402	7361402	0.345395	0.192801	-0.192801	0.192801
16	Gm16_7361408	7361408	0.348684	0.181195	-0.181195	0.181195
16	Gm16_7363509	7363509	0.342105	0.204268	-0.204268	0.204268
16	Gm16_7363548	7363548	0.200658	0.760027	-0.760027	0.760027
16	Gm16_7373213	7373213	0.345395	0.202188	-0.202188	0.202188
16	Gm16_7373503	7373503	0.345395	0.202969	-0.202969	0.202969
16	Gm16_7416289	7416289	0.450658	-0.0707469	0.0707469	-0.0707469
16	Gm16_7416353	7416353	0.200658	0.62943	-0.62943	0.62943
16	Gm16_7447678	7447678	0.200658	0.628389	-0.628389	0.628389
16	Gm16_7447692	7447692	0.246711	0.172102	-0.172102	0.172102
16	Gm16_7466061	7466061	0.200658	0.633323	-0.633323	0.633323
16	Gm16_7466358	7466358	0.305921	0.0334579	-0.0334579	0.0334579
16	Gm16_7481392	7481392	0.286184	0.113206	-0.113206	0.113206
16	Gm16_7491776	7491776	0.223684	0.534223	-0.534223	0.534223
16	Gm16_7494735	7494735	0.486842	0.210948	-0.210948	0.210948
16	Gm16_7495017	7495017	0.480263	0.231482	-0.231482	0.231482
16	Gm16_7516534	7516534	0.0953947	0.655876	-0.655876	0.655876
16	Gm16_7534817	7534817	0.101974	0.594514	-0.594514	0.594514
16	Gm16_7535059	7535059	0.226974	0.515057	-0.515057	0.515057
16	Gm16_7544851	7544851	0.269737	0.185294	-0.185294	0.185294
16	Gm16_7545282	7545282	0.388158	-0.137164	0.137164	-0.137164
16	Gm16_7553016	7553016	0.101974	0.580161	-0.580161	0.580161
16	Gm16_7557327	7557327	0.223684	0.498172	-0.498172	0.498172
16	Gm16_7557478	7557478	0.223684	0.497231	-0.497231	0.497231
16	Gm16_7557731	7557731	0.223684	0.496294	-0.496294	0.496294
16	Gm16_7557802	7557802	0.223684	0.496173	-0.496173	0.496173
16	Gm16_7558053	7558053	0.217105	0.518497	-0.518497	0.518497
16	Gm16_7558100	7558100	0.223684	0.491705	-0.491705	0.491705
16	Gm16_7561421	7561421	0.273026	0.174476	-0.174476	0.174476
16	Gm16_7562456	7562456	0.240132	0.423509	-0.423509	0.423509
16	Gm16_7562692	7562692	0.0953947	0.640958	-0.640958	0.640958
16	Gm16_7562704	7562704	0.226974	0.487297	-0.487297	0.487297
16	Gm16_7562721	7562721	0.226974	0.486329	-0.486329	0.486329
16	Gm16_7564617	7564617	0.236842	0.439198	-0.439198	0.439198
16	Gm16_7588396	7588396	0.315789	0.206928	-0.206928	0.206928
16	Gm16_7628602	7628602	0.398026	0.456533	-0.456533	0.456533
16	Gm16_7628662	7628662	0.375	-0.0990527	0.0990527	-0.0990527
16	Gm16_7630870	7630870	0.371711	-0.090991	0.090991	-0.090991
16	Gm16_7630939	7630939	0.0986842	0.592908	-0.592908	0.592908
16	Gm16_7631031	7631031	0.371711	-0.0913503	0.0913503	-0.0913503
16	Gm16_7631113	7631113	0.394737	0.453092	-0.453092	0.453092
16	Gm16_7651632	7651632	0.398026	0.446991	-0.446991	0.446991
16	Gm16_7651655	7651655	0.480263	-0.116401	0.116401	-0.116401
16	Gm16_7651822	7651822	0.398026	0.452538	-0.452538	0.452538
16	Gm16_7669314	7669314	0.0953947	0.633853	-0.633853	0.633853
16	Gm16_7691649	7691649	0.276316	0.15432	-0.15432	0.15432
16	Gm16_7692001	7692001	0.233553	0.458534	-0.458534	0.458534
16	Gm16_7692052	7692052	0.493421	0.224561	-0.224561	0.224561
16	Gm16_7693115	7693115	0.220395	0.515562	-0.515562	0.515562
16	Gm16_7693136	7693136	0.279605	0.145468	-0.145468	0.145468
16	Gm16_7720982	7720982	0.444079	0.380419	-0.380419	0.380419
16	Gm16_7721286	7721286	0.233553	0.228142	-0.228142	0.228142
16	Gm16_7721304	7721304	0.101974	0.571961	-0.571961	0.571961
16	Gm16_7724877	7724877	0.444079	0.386269	-0.386269	0.386269
16	Gm16_7724893	7724893	0.194079	0.620023	-0.620023	0.620023
16	Gm16_7725126	7725126	0.226974	0.249786	-0.249786	0.249786
16	Gm16_7725164	7725164	0.226974	0.249135	-0.249135	0.249135
16	Gm16_7744368	7744368	0.105263	0.494129	-0.494129	0.494129
16	Gm16_7765591	7765591	0.190789	0.589741	-0.589741	0.589741
16	Gm16_7765613	7765613	0.0986842	0.54022	-0.54022	0.54022
16	Gm16_7790862	7790862	0.0986842	0.539496	-0.539496	0.539496
16	Gm16_7803049	7803049	0.180921	0.0394347	-0.0394347	0.0394347
16	Gm16_7803065	7803065	0.154605	0.179401	-0.179401	0.179401
16	Gm16_7809583	7809583	0.154605	0.176438	-0.176438	0.176438
16	Gm16_7809599	7809599	0.148026	0.204641	-0.204641	0.204641
16	Gm16_7809638	7809638	0.368421	-0.0318407	0.0318407	-0.0318407
16	Gm16_7809749	7809749	0.121711	0.38774	-0.38774	0.38774
16	Gm16_7822390	7822390	0.223684	0.441885	-0.441885	0.441885
16	Gm16_7852464	7852464	0.0657895	0.404863	-0.404863	0.404863
16	Gm16_7852779	7852779	0.115132	0.00674091	-0.00674091	0.00674091
16	Gm16_7857187	7857187	0.282895	0.208218	-0.208218	0.208218
16	Gm16_7857551	7857551	0.220395	0.450011	-0.450011	0.450011
16	Gm16_7885366	7885366	0.266447	0.284055	-0.284055	0.284055
16	Gm16_7907512	7907512	0.417763	0.454659	-0.454659	0.454659
16	Gm16_7911898	7911898	0.243421	0.0619538	-0.0619538	0.0619538
16	Gm16_7912223	7912223	0.243421	0.0615662	-0.0615662	0.0615662
16	Gm16_7912233	7912233	0.243421	0.0611715	-0.0611715	0.0611715
16	Gm16_7933894	7933894	0.365132	0.10833	-0.10833	0.10833
16	Gm16_7993237	7993237	0.384868	0.415308	-0.415308	0.415308
16	Gm16_8006608	8006608	0.384868	0.416331	-0.416331	0.416331
16	Gm16_8009742	8009742	0.157895	0.329573	-0.329573	0.329573
16	Gm16_8181997	8181997	0.161184	0.308528	-0.308528	0.308528
16	Gm16_8182025	8182025	0.161184	0.307889	-0.307889	0.307889
16	Gm16_8186065	8186065	0.157895	0.326242	-0.326242	0.326242
16	Gm16_8187951	8187951	0.164474	0.286124	-0.286124	0.286124
16	Gm16_8202247	8202247	0.398026	0.400256	-0.400256	0.400256
16	Gm16_8204225	8204225	0.144737	0.173653	-0.173653	0.173653
16	Gm16_8238121	8238121	0.167763	0.0979383	-0.0979383	0.0979383
16	Gm16_8253330	8253330	0.164474	0.117511	-0.117511	0.117511
16	Gm16_8255433	8255433	0.167763	0.0959061	-0.0959061	0.0959061
16	Gm16_8255762	8255762	0.161184	0.135134	-0.135134	0.135134
16	Gm16_8255995	8255995	0.164474	0.113124	-0.113124	0.113124
16	Gm16_8256016	8256016	0.161184	0.133065	-0.133065	0.133065
16	Gm16_8258968	8258968	0.164474	0.109965	-0.109965	0.109965
16	Gm16_8259270	8259270	0.164474	0.107593	-0.107593	0.107593
16	Gm16_8259316	8259316	0.217105	-0.157554	0.157554	-0.157554
16	Gm16_8261415	8261415	0.157895	0.143316	-0.143316	0.143316
16	Gm16_8261879	8261879	0.161184	0.121088	-0.121088	0.121088
16	Gm16_8262083	8262083	0.167763	0.0795346	-0.0795346	0.0795346
16	Gm16_8267395	8267395	0.157895	0.138549	-0.138549	0.138549
16	Gm16_8273294	8273294	0.161184	0.116618	-0.116618	0.116618
16	Gm16_8331101	8331101	0.161184	0.115591	-0.115591	0.115591
16	Gm16_8331325	8331325	0.157895	0.13592	-0.13592	0.13592
16	Gm16_8333706	8333706	0.164474	0.0929881	-0.0929881	0.0929881
16	Gm16_8335585	8335585	0.164474	0.0919456	-0.0919456	0.0919456
16	Gm16_8416143	8416143	0.184211	-0.0188964	0.0188964	-0.0188964
16	Gm16_8440159	8440159	0.154605	0.150691	-0.150691	0.150691
16	Gm16_8448052	8448052	0.157895	0.128713	-0.128713	0.128713
16	Gm16_8448115	8448115	0.157895	0.12811	-0.12811	0.12811
16	Gm16_8450358	8450358	0.164474	0.0865991	-0.0865991	0.0865991
16	Gm16_8450989	8450989	0.167763	0.0652662	-0.0652662	0.0652662
16	Gm16_8461355	8461355	0.157895	0.126875	-0.126875	0.126875
16	Gm16_8504673	8504673	0.164474	0.0852068	-0.0852068	0.0852068
16	Gm16_8504726	8504726	0.164474	0.0843444	-0.0843444	0.0843444
16	Gm16_8537229	8537229	0.164474	0.0838918	-0.0838918	0.0838918
16	Gm16_8537263	8537263	0.164474	0.0830411	-0.0830411	0.0830411
16	Gm16_8537516	8537516	0.164474	0.0822399	-0.0822399	0.0822399
16	Gm16_8537543	8537543	0.164474	0.0814006	-0.0814006	0.0814006
16	Gm16_8541028	8541028	0.167763	0.0602755	-0.0602755	0.0602755
16	Gm16_8541089	8541089	0.164474	0.0794934	-0.0794934	0.0794934
16	Gm16_8541238	8541238	0.164474	0.0788081	-0.0788081	0.0788081
16	Gm16_8556707	8556707	0.157895	0.118729	-0.118729	0.118729
16	Gm16_8556724	8556724	0.161184	0.0967432	-0.0967432	0.0967432
16	Gm16_8561596	8561596	0.164474	0.0756779	-0.0756779	0.0756779
16	Gm16_8561644	8561644	0.164474	0.0750408	-0.0750408	0.0750408
16	Gm16_8635386	8635386	0.161184	0.0942124	-0.0942124	0.0942124
16	Gm16_8663196	8663196	0.164474	0.074119	-0.074119	0.074119
16	Gm16_8663622	8663622	0.190789	-0.0599343	0.0599343	-0.0599343
16	Gm16_8711111	8711111	0.223684	-0.207297	0.207297	-0.207297
16	Gm16_8722188	8722188	0.184211	-0.0124703	0.0124703	-0.0124703
16	Gm16_8722384	8722384	0.213816	-0.159854	0.159854	-0.159854
16	Gm16_8735178	8735178	0.220395	-0.191936	0.191936	-0.191936
16	Gm16_8737214	8737214	0.190789	-0.0543208	0.0543208	-0.0543208
16	Gm16_8753248	8753248	0.190789	-0.0553045	0.0553045	-0.0553045
16	Gm16_8753402	8753402	0.190789	-0.0560806	0.0560806	-0.0560806
16	Gm16_8783882	8783882	0.190789	-0.056751	0.056751	-0.056751
16	Gm16_8838616	8838616	0.190789	-0.0577115	0.0577115	-0.0577115
16	Gm16_8838747	8838747	0.190789	-0.0586679	0.0586679	-0.0586679
16	Gm16_8841812	8841812	0.190789	-0.0596202	0.0596202	-0.0596202
16	Gm16_8878666	8878666	0.197368	-0.0937811	0.0937811	-0.0937811
16	Gm16_8883040	8883040	0.1875	-0.0439051	0.0439051	-0.0439051
16	Gm16_8883312	8883312	0.1875	-0.0446882	0.0446882	-0.0446882
16	Gm16_8920922	8920922	0.190789	-0.061515	0.061515	-0.061515
16	Gm16_12195419	12195419	0.213816	-0.294444	0.294444	-0.294444
16	Gm16_12195446	12195446	0.213816	-0.293785	0.293785	-0.293785
16	Gm16_12203870	12203870	0.174342	-0.109548	0.109548	-0.109548
16	Gm16_12203982	12203982	0.217105	-0.305609	0.305609	-0.305609
16	Gm16_12222210	12222210	0.217105	-0.306784	0.306784	-0.306784
16	Gm16_12223958	12223958	0.217105	-0.306151	0.306151	-0.306151
16	Gm16_12255917	12255917	0.213816	-0.288853	0.288853	-0.288853
16	Gm16_12280740	12280740	0.210526	-0.272864	0.272864	-0.272864
16	Gm16_12287917	12287917	0.207237	-0.262821	0.262821	-0.262821
16	Gm16_12290970	12290970	0.223684	-0.336293	0.336293	-0.336293
16	Gm16_12291092	12291092	0.220395	-0.320561	0.320561	-0.320561
16	Gm16_12291102	12291102	0.171053	-0.0859954	0.0859954	-0.0859954
16	Gm16_12292018	12292018	0.210526	-0.278091	0.278091	-0.278091
16	Gm16_12310070	12310070	0.213816	-0.294274	0.294274	-0.294274
16	Gm16_12313986	12313986	0.167763	-0.0668285	0.0668285	-0.0668285
16	Gm16_12314836	12314836	0.164474	-0.0458656	0.0458656	-0.0458656
16	Gm16_12315105	12315105	0.217105	-0.308011	0.308011	-0.308011
16	Gm16_12354681	12354681	0.213816	-0.288594	0.288594	-0.288594
16	Gm16_12355006	12355006	0.223684	-0.337669	0.337669	-0.337669
16	Gm16_12355037	12355037	0.217105	-0.304376	0.304376	-0.304376
16	Gm16_12370107	12370107	0.210526	-0.271183	0.271183	-0.271183
16	Gm16_12389153	12389153	0.157895	-0.00208769	0.00208769	-0.00208769
16	Gm16_12389358	12389358	0.217105	-0.310909	0.310909	-0.310909
16	Gm16_12421936	12421936	0.164474	-0.0422488	0.0422488	-0.0422488
16	Gm16_12427441	12427441	0.213816	-0.291478	0.291478	-0.291478
16	Gm16_12427805	12427805	0.161184	-0.0209003	0.0209003	-0.0209003
16	Gm16_12427851	12427851	0.210526	-0.269215	0.269215	-0.269215
16	Gm16_12433803	12433803	0.213816	-0.284419	0.284419	-0.284419
16	Gm16_12433813	12433813	0.213816	-0.283505	0.283505	-0.283505
16	Gm16_12459263	12459263	0.223684	-0.332038	0.332038	-0.332038
16	Gm16_12487423	12487423	0.171053	-0.0859244	0.0859244	-0.0859244
16	Gm16_12498809	12498809	0.207237	-0.244979	0.244979	-0.244979
16	Gm16_12500260	12500260	0.210526	-0.261146	0.261146	-0.261146
16	Gm16_12506491	12506491	0.256579	-0.42521	0.42521	-0.42521
16	Gm16_12509450	12509450	0.203947	-0.228892	0.228892	-0.228892
16	Gm16_12531345	12531345	0.203947	-0.228267	0.228267	-0.228267
16	Gm16_12531516	12531516	0.161184	-0.0131092	0.0131092	-0.0131092
16	Gm16_12533634	12533634	0.210526	-0.258806	0.258806	-0.258806
16	Gm16_12534751	12534751	0.220395	-0.306568	0.306568	-0.306568
16	Gm16_12550567	12550567	0.217105	-0.289697	0.289697	-0.289697
16	Gm16_12550598	12550598	0.210526	-0.257338	0.257338	-0.257338
16	Gm16_12596078	12596078	0.197368	-0.202461	0.202461	-0.202461
16	Gm16_12596359	12596359	0.197368	-0.201699	0.201699	-0.201699
16	Gm16_12617786	12617786	0.217105	-0.284566	0.284566	-0.284566
16	Gm16_12664706	12664706	0.220395	-0.299294	0.299294	-0.299294
16	Gm16_12679733	12679733	0.171053	-0.0613564	0.0613564	-0.0613564
16	Gm16_12679773	12679773	0.217105	-0.286254	0.286254	-0.286254
16	Gm16_12685386	12685386	0.223684	-0.318814	0.318814	-0.318814
16	Gm16_12701663	12701663	0.220395	-0.30205	0.30205	-0.30205
16	Gm16_12727241	12727241	0.213816	-0.268784	0.268784	-0.268784
16	Gm16_12800101	12800101	0.174342	-0.0784512	0.0784512	-0.0784512
16	Gm16_12803938	12803938	0.207237	-0.23566	0.23566	-0.23566
16	Gm16_12804248	12804248	0.213816	-0.269008	0.269008	-0.269008
16	Gm16_12806511	12806511	0.174342	-0.0765832	0.0765832	-0.0765832
16	Gm16_12806522	12806522	0.223684	-0.318086	0.318086	-0.318086
16	Gm16_12826320	12826320	0.161184	0.00149358	-0.00149358	0.00149358
16	Gm16_12826616	12826616	0.213816	-0.268434	0.268434	-0.268434
16	Gm16_12826625	12826625	0.213816	-0.267946	0.267946	-0.267946
16	Gm16_12826683	12826683	0.174342	-0.0765681	0.0765681	-0.0765681
16	Gm16_12826696	12826696	0.220395	-0.297106	0.297106	-0.297106
16	Gm16_12829467	12829467	0.213816	-0.264792	0.264792	-0.264792
16	Gm16_12832774	12832774	0.203947	-0.223699	0.223699	-0.223699
16	Gm16_12841079	12841079	0.210526	-0.247172	0.247172	-0.247172
16	Gm16_12864240	12864240	0.161184	0.00446946	-0.00446946	0.00446946
16	Gm16_12889506	12889506	0.213816	-0.26555	0.26555	-0.26555
16	Gm16_12918652	12918652	0.210526	-0.247854	0.247854	-0.247854
16	Gm16_12918688	12918688	0.207237	-0.232431	0.232431	-0.232431
16	Gm16_12918699	12918699	0.164474	-0.0136891	0.0136891	-0.0136891
16	Gm16_12934693	12934693	0.213816	-0.260263	0.260263	-0.260263
16	Gm16_12937993	12937993	0.207237	-0.225353	0.225353	-0.225353
16	Gm16_12938485	12938485	0.210526	-0.239611	0.239611	-0.239611
16	Gm16_12958614	12958614	0.217105	-0.271725	0.271725	-0.271725
16	Gm16_12958757	12958757	0.164474	-0.0076331	0.0076331	-0.0076331
16	Gm16_12959169	12959169	0.223684	-0.297489	0.297489	-0.297489
16	Gm16_12959927	12959927	0.207237	-0.22503	0.22503	-0.22503
16	Gm16_13002268	13002268	0.230263	-0.321545	0.321545	-0.321545
16	Gm16_13077344	13077344	0.217105	-0.261514	0.261514	-0.261514
16	Gm16_13077598	13077598	0.226974	-0.308898	0.308898	-0.308898
16	Gm16_13082124	13082124	0.220395	-0.277959	0.277959	-0.277959
16	Gm16_13107350	13107350	0.171053	-0.0413163	0.0413163	-0.0413163
16	Gm16_13116184	13116184	0.207237	-0.218877	0.218877	-0.218877
16	Gm16_13116191	13116191	0.161184	0.0196895	-0.0196895	0.0196895
16	Gm16_13116866	13116866	0.167763	-0.0171631	0.0171631	-0.0171631
16	Gm16_13116913	13116913	0.207237	-0.21684	0.21684	-0.21684
16	Gm16_13134059	13134059	0.210526	-0.233247	0.233247	-0.233247
16	Gm16_13143444	13143444	0.171053	-0.039393	0.039393	-0.039393
16	Gm16_13145016	13145016	0.144737	0.0787845	-0.0787845	0.0787845
16	Gm16_13145717	13145717	0.157895	0.0201097	-0.0201097	0.0201097
16	Gm16_13147857	13147857	0.207237	-0.22009	0.22009	-0.22009
16	Gm16_13148131	13148131	0.207237	-0.219173	0.219173	-0.219173
16	Gm16_13157131	13157131	0.217105	-0.267627	0.267627	-0.267627
16	Gm16_13187917	13187917	0.217105	-0.266646	0.266646	-0.266646
16	Gm16_13190071	13190071	0.167763	-0.024736	0.024736	-0.024736
16	Gm16_13190797	13190797	0.177632	-0.0823973	0.0823973	-0.0823973
16	Gm16_13190834	13190834	0.177632	-0.0814024	0.0814024	-0.0814024
16	Gm16_13191044	13191044	0.167763	-0.0216714	0.0216714	-0.0216714
16	Gm16_13209789	13209789	0.167763	-0.0234817	0.0234817	-0.0234817
16	Gm16_13210787	13210787	0.171053	-0.0405796	0.0405796	-0.0405796
16	Gm16_13211554	13211554	0.177632	-0.0792142	0.0792142	-0.0792142
16	Gm16_13211697	13211697	0.174342	-0.0592005	0.0592005	-0.0592005
16	Gm16_13212183	13212183	0.171053	-0.0388549	0.0388549	-0.0388549
16	Gm16_13212656	13212656	0.213816	-0.246957	0.246957	-0.246957
16	Gm16_13251886	13251886	0.210526	-0.229141	0.229141	-0.229141
16	Gm16_13252091	13252091	0.161184	0.0221303	-0.0221303	0.0221303
16	Gm16_13263812	13263812	0.207237	-0.216886	0.216886	-0.216886
16	Gm16_13278138	13278138	0.167763	-0.0120855	0.0120855	-0.0120855
16	Gm16_13293698	13293698	0.171053	-0.0318336	0.0318336	-0.0318336
16	Gm16_13302786	13302786	0.207237	-0.209113	0.209113	-0.209113
16	Gm16_13302964	13302964	0.167763	-0.00989387	0.00989387	-0.00989387
16	Gm16_13303087	13303087	0.213816	-0.237467	0.237467	-0.237467
16	Gm16_13303265	13303265	0.213816	-0.236581	0.236581	-0.236581
16	Gm16_13319633	13319633	0.207237	-0.201984	0.201984	-0.201984
16	Gm16_13320738	13320738	0.167763	-0.00603475	0.00603475	-0.00603475
16	Gm16_13321885	13321885	0.161184	0.0339567	-0.0339567	0.0339567
16	Gm16_13346233	13346233	0.217105	-0.249666	0.249666	-0.249666
16	Gm16_13349170	13349170	0.213816	-0.233636	0.233636	-0.233636
16	Gm16_13351696	13351696	0.213816	-0.234451	0.234451	-0.234451
16	Gm16_13351971	13351971	0.171053	-0.0257397	0.0257397	-0.0257397
16	Gm16_13355814	13355814	0.167763	-0.00456726	0.00456726	-0.00456726
16	Gm16_13374305	13374305	0.217105	-0.251156	0.251156	-0.251156
16	Gm16_13392156	13392156	0.171053	-0.0222206	0.0222206	-0.0222206
16	Gm16_13392904	13392904	0.217105	-0.239506	0.239506	-0.239506
16	Gm16_13405561	13405561	0.203947	-0.186355	0.186355	-0.186355
16	Gm16_13405744	13405744	0.203947	-0.185478	0.185478	-0.185478
16	Gm16_13411620	13411620	0.210526	-0.213524	0.213524	-0.213524
16	Gm16_13411898	13411898	0.213816	-0.229214	0.229214	-0.229214
16	Gm16_13412238	13412238	0.0921053	0.22487	-0.22487	0.22487
16	Gm16_13412376	13412376	0.203947	-0.173392	0.173392	-0.173392
16	Gm16_13427257	13427257	0.164474	0.0172788	-0.0172788	0.0172788
16	Gm16_13427266	13427266	0.171053	-0.0213477	0.0213477	-0.0213477
16	Gm16_13437687	13437687	0.203947	-0.171482	0.171482	-0.171482
16	Gm16_13451712	13451712	0.207237	-0.188211	0.188211	-0.188211
16	Gm16_13452186	13452186	0.213816	-0.220191	0.220191	-0.220191
16	Gm16_13452197	13452197	0.213816	-0.220097	0.220097	-0.220097
16	Gm16_13452549	13452549	0.213816	-0.219681	0.219681	-0.219681
16	Gm16_13461574	13461574	0.210526	-0.203028	0.203028	-0.203028
16	Gm16_13461981	13461981	0.220395	-0.250423	0.250423	-0.250423
16	Gm16_13466124	13466124	0.161184	0.0439265	-0.0439265	0.0439265
16	Gm16_13466276	13466276	0.217105	-0.231773	0.231773	-0.231773
16	Gm16_13468136	13468136	0.25	-0.347573	0.347573	-0.347573
16	Gm16_13468192	13468192	0.256579	-0.376679	0.376679	-0.376679
16	Gm16_13512649	13512649	0.213816	-0.216744	0.216744	-0.216744
16	Gm16_13566565	13566565	0.220395	-0.249007	0.249007	-0.249007
16	Gm16_13579443	13579443	0.220395	-0.249361	0.249361	-0.249361
16	Gm16_13608351	13608351	0.217105	-0.232028	0.232028	-0.232028
16	Gm16_13608402	13608402	0.174342	-0.0324578	0.0324578	-0.0324578
16	Gm16_13722941	13722941	0.213816	-0.219328	0.219328	-0.219328
16	Gm16_13727029	13727029	0.207237	-0.186023	0.186023	-0.186023
16	Gm16_13731807	13731807	0.223684	-0.260671	0.260671	-0.260671
16	Gm16_13732209	13732209	0.207237	-0.179371	0.179371	-0.179371
16	Gm16_13742505	13742505	0.177632	-0.0435911	0.0435911	-0.0435911
16	Gm16_13749649	13749649	0.171053	-0.0163911	0.0163911	-0.0163911
16	Gm16_13784622	13784622	0.171053	-0.0143245	0.0143245	-0.0143245
16	Gm16_13794837	13794837	0.210526	-0.20569	0.20569	-0.20569
16	Gm16_13795035	13795035	0.210526	-0.205508	0.205508	-0.205508
16	Gm16_13873637	13873637	0.217105	-0.236524	0.236524	-0.236524
16	Gm16_13873657	13873657	0.174342	-0.032354	0.032354	-0.032354
16	Gm16_13913131	13913131	0.171053	-0.0124519	0.0124519	-0.0124519
16	Gm16_13935464	13935464	0.220395	-0.254968	0.254968	-0.254968
16	Gm16_13939686	13939686	0.164474	0.0240435	-0.0240435	0.0240435
16	Gm16_13942537	13942537	0.141447	0.131469	-0.131469	0.131469
16	Gm16_13945142	13945142	0.217105	-0.256202	0.256202	-0.256202
16	Gm16_13951430	13951430	0.220395	-0.269751	0.269751	-0.269751
16	Gm16_13951693	13951693	0.171053	-0.0354088	0.0354088	-0.0354088
16	Gm16_13961321	13961321	0.171053	-0.0349751	0.0349751	-0.0349751
16	Gm16_13973388	13973388	0.171053	-0.0351635	0.0351635	-0.0351635
16	Gm16_14005514	14005514	0.220395	-0.267802	0.267802	-0.267802
16	Gm16_14018328	14018328	0.213816	-0.235328	0.235328	-0.235328
16	Gm16_14034118	14034118	0.217105	-0.251356	0.251356	-0.251356
16	Gm16_14034152	14034152	0.217105	-0.25135	0.25135	-0.25135
16	Gm16_14044850	14044850	0.213816	-0.234722	0.234722	-0.234722
16	Gm16_14103647	14103647	0.177632	-0.07076	0.07076	-0.07076
16	Gm16_14103800	14103800	0.174342	-0.0518557	0.0518557	-0.0518557
16	Gm16_14119047	14119047	0.217105	-0.257104	0.257104	-0.257104
16	Gm16_14125275	14125275	0.161184	0.0333419	-0.0333419	0.0333419
16	Gm16_14128410	14128410	0.213816	-0.234028	0.234028	-0.234028
16	Gm16_14135347	14135347	0.217105	-0.248447	0.248447	-0.248447
16	Gm16_14138000	14138000	0.161184	0.0334579	-0.0334579	0.0334579
16	Gm16_14138925	14138925	0.174342	-0.0427186	0.0427186	-0.0427186
16	Gm16_14139318	14139318	0.213816	-0.230729	0.230729	-0.230729
16	Gm16_14140266	14140266	0.174342	-0.0443909	0.0443909	-0.0443909
16	Gm16_14140510	14140510	0.174342	-0.0443438	0.0443438	-0.0443438
16	Gm16_14161830	14161830	0.171053	-0.0244916	0.0244916	-0.0244916
16	Gm16_14161887	14161887	0.171053	-0.0244249	0.0244249	-0.0244249
16	Gm16_14161904	14161904	0.171053	-0.0243387	0.0243387	-0.0243387
16	Gm16_14162719	14162719	0.174342	-0.044208	0.044208	-0.044208
16	Gm16_14163257	14163257	0.213816	-0.228459	0.228459	-0.228459
16	Gm16_14197966	14197966	0.213816	-0.227546	0.227546	-0.227546
16	Gm16_14210734	14210734	0.223684	-0.269568	0.269568	-0.269568
16	Gm16_14245145	14245145	0.174342	-0.0401012	0.0401012	-0.0401012
16	Gm16_14248287	14248287	0.174342	-0.0393238	0.0393238	-0.0393238
16	Gm16_14248295	14248295	0.148026	0.101309	-0.101309	0.101309
16	Gm16_14260767	14260767	0.220395	-0.269498	0.269498	-0.269498
16	Gm16_14320423	14320423	0.210526	-0.220178	0.220178	-0.220178
16	Gm16_14320431	14320431	0.213816	-0.236319	0.236319	-0.236319
16	Gm16_14369684	14369684	0.167763	-0.0109256	0.0109256	-0.0109256
16	Gm16_14372050	14372050	0.207237	-0.20224	0.20224	-0.20224
16	Gm16_14374746	14374746	0.213816	-0.225909	0.225909	-0.225909
16	Gm16_14408968	14408968	0.171053	-0.0186454	0.0186454	-0.0186454
16	Gm16_14412475	14412475	0.210526	-0.208862	0.208862	-0.208862
16	Gm16_14434978	14434978	0.174342	-0.0366232	0.0366232	-0.0366232
16	Gm16_14440016	14440016	0.213816	-0.223715	0.223715	-0.223715
16	Gm16_14456255	14456255	0.167763	0.00539031	-0.00539031	0.00539031
16	Gm16_14456590	14456590	0.213816	-0.221469	0.221469	-0.221469
16	Gm16_14456869	14456869	0.144737	0.141528	-0.141528	0.141528
16	Gm16_14465338	14465338	0.167763	0.00539564	-0.00539564	0.00539564
16	Gm16_14466732	14466732	0.174342	-0.0315433	0.0315433	-0.0315433
16	Gm16_14481892	14481892	0.25	-0.348914	0.348914	-0.348914
16	Gm16_14506533	14506533	0.210526	-0.1832	0.1832	-0.1832
16	Gm16_14507592	14507592	0.177632	-0.0246631	0.0246631	-0.0246631
16	Gm16_14507614	14507614	0.177632	-0.0164901	0.0164901	-0.0164901
16	Gm16_14507788	14507788	0.177632	-0.0155613	0.0155613	-0.0155613
16	Gm16_14522778	14522778	0.210526	-0.17883	0.17883	-0.17883
16	Gm16_14523005	14523005	0.217105	-0.201905	0.201905	-0.201905
16	Gm16_14540759	14540759	0.177632	-0.0137191	0.0137191	-0.0137191
16	Gm16_14616147	14616147	0.0789474	-0.165575	0.165575	-0.165575
16	Gm16_14636460	14636460	0.108553	-0.39224	0.39224	-0.39224
16	Gm16_14682708	14682708	0.0723684	0.0447471	-0.0447471	0.0447471
16	Gm16_14682943	14682943	0.0756579	0.00357502	-0.00357502	0.00357502
16	Gm16_14688090	14688090	0.0723684	0.0467412	-0.0467412	0.0467412
16	Gm16_14688131	14688131	0.0723684	0.0477885	-0.0477885	0.0477885
16	Gm16_14688163	14688163	0.0723684	0.0483308	-0.0483308	0.0483308
16	Gm16_14688255	14688255	0.0723684	0.0490391	-0.0490391	0.0490391
16	Gm16_14692344	14692344	0.0756579	0.00791884	-0.00791884	0.00791884
16	Gm16_14702349	14702349	0.0723684	0.0507876	-0.0507876	0.0507876
16	Gm16_14702366	14702366	0.138158	-0.374148	0.374148	-0.374148
16	Gm16_14702374	14702374	0.138158	-0.373623	0.373623	-0.373623
16	Gm16_14702398	14702398	0.138158	-0.372541	0.372541	-0.372541
16	Gm16_14702614	14702614	0.138158	-0.371222	0.371222	-0.371222
16	Gm16_14707440	14707440	0.0756579	0.019887	-0.019887	0.019887
16	Gm16_14707720	14707720	0.138158	-0.384033	0.384033	-0.384033
16	Gm16_14766370	14766370	0.0756579	0.0149914	-0.0149914	0.0149914
16	Gm16_14790708	14790708	0.0723684	0.0567383	-0.0567383	0.0567383
16	Gm16_14801387	14801387	0.118421	-0.270931	0.270931	-0.270931
16	Gm16_14805322	14805322	0.0723684	0.0567483	-0.0567483	0.0567483
16	Gm16_14805328	14805328	0.0723684	0.0581923	-0.0581923	0.0581923
16	Gm16_14806031	14806031	0.0723684	0.0596409	-0.0596409	0.0596409
16	Gm16_14812361	14812361	0.0921053	0.096123	-0.096123	0.096123
16	Gm16_14812414	14812414	0.0921053	0.0961138	-0.0961138	0.0961138
16	Gm16_14812652	14812652	0.0756579	0.0463043	-0.0463043	0.0463043
16	Gm16_14828308	14828308	0.0723684	0.0890421	-0.0890421	0.0890421
16	Gm16_14838636	14838636	0.0723684	0.0895535	-0.0895535	0.0895535
16	Gm16_14860125	14860125	0.0723684	0.0901632	-0.0901632	0.0901632
16	Gm16_14860164	14860164	0.0723684	0.0912928	-0.0912928	0.0912928
16	Gm16_14905116	14905116	0.118421	-0.225835	0.225835	-0.225835
16	Gm16_14906807	14906807	0.0723684	0.094799	-0.094799	0.094799
16	Gm16_14907926	14907926	0.0723684	0.0950946	-0.0950946	0.0950946
16	Gm16_14908282	14908282	0.115132	-0.197035	0.197035	-0.197035
16	Gm16_14931576	14931576	0.0723684	0.0961981	-0.0961981	0.0961981
16	Gm16_14931812	14931812	0.0723684	0.0971147	-0.0971147	0.0971147
16	Gm16_14938690	14938690	0.0723684	0.0981015	-0.0981015	0.0981015
16	Gm16_14947199	14947199	0.0723684	0.0990715	-0.0990715	0.0990715
16	Gm16_14947208	14947208	0.118421	-0.218404	0.218404	-0.218404
16	Gm16_14947538	14947538	0.0723684	0.102432	-0.102432	0.102432
16	Gm16_14955666	14955666	0.115132	-0.18266	0.18266	-0.18266
16	Gm16_14955984	14955984	0.115132	-0.18236	0.18236	-0.18236
16	Gm16_14962301	14962301	0.115132	-0.181172	0.181172	-0.181172
16	Gm16_14968810	14968810	0.0723684	0.105538	-0.105538	0.105538
16	Gm16_14968836	14968836	0.118421	-0.203513	0.203513	-0.203513
16	Gm16_14987335	14987335	0.115132	-0.175033	0.175033	-0.175033
16	Gm16_14987886	14987886	0.115132	-0.173892	0.173892	-0.173892
16	Gm16_14989215	14989215	0.118421	-0.198198	0.198198	-0.198198
16	Gm16_15001139	15001139	0.0723684	0.112404	-0.112404	0.112404
16	Gm16_15001148	15001148	0.115132	-0.169955	0.169955	-0.169955
16	Gm16_15004565	15004565	0.118421	-0.191552	0.191552	-0.191552
16	Gm16_15034522	15034522	0.121711	-0.21707	0.21707	-0.21707
16	Gm16_15034797	15034797	0.118421	-0.189223	0.189223	-0.189223
16	Gm16_15036518	15036518	0.0723684	0.119308	-0.119308	0.119308
16	Gm16_15069006	15069006	0.121711	-0.21732	0.21732	-0.21732
16	Gm16_15085963	15085963	0.121711	-0.215225	0.215225	-0.215225
16	Gm16_15092624	15092624	0.121711	-0.213956	0.213956	-0.213956
16	Gm16_15133467	15133467	0.0756579	0.0818641	-0.0818641	0.0818641
16	Gm16_15134568	15134568	0.0756579	0.0829453	-0.0829453	0.0829453
16	Gm16_15142165	15142165	0.0756579	0.0840795	-0.0840795	0.0840795
16	Gm16_15157401	15157401	0.121711	-0.215471	0.215471	-0.215471
16	Gm16_15209679	15209679	0.0756579	0.0873672	-0.0873672	0.0873672
16	Gm16_15209935	15209935	0.121711	-0.20548	0.20548	-0.20548
16	Gm16_15240287	15240287	0.125	-0.228384	0.228384	-0.228384
16	Gm16_15240336	15240336	0.125	-0.22701	0.22701	-0.22701
16	Gm16_15240676	15240676	0.0723684	0.132712	-0.132712	0.132712
16	Gm16_15293780	15293780	0.144737	0.295322	-0.295322	0.295322
16	Gm16_15311686	15311686	0.1875	0.06534	-0.06534	0.06534
16	Gm16_15313156	15313156	0.0723684	0.187728	-0.187728	0.187728
16	Gm16_15315403	15315403	0.0822368	0.0693644	-0.0693644	0.0693644
16	Gm16_15315417	15315417	0.0756579	0.149784	-0.149784	0.149784
16	Gm16_15333418	15333418	0.0559211	0.0558392	-0.0558392	0.0558392
16	Gm16_15354159	15354159	0.296053	0.366281	-0.366281	0.366281
16	Gm16_15355928	15355928	0.0723684	0.336153	-0.336153	0.336153
16	Gm16_15371784	15371784	0.0756579	0.295339	-0.295339	0.295339
16	Gm16_15372171	15372171	0.121711	0.00832079	-0.00832079	0.00832079
16	Gm16_15372220	15372220	0.0953947	0.360944	-0.360944	0.360944
16	Gm16_15389825	15389825	0.0723684	0.297023	-0.297023	0.297023
16	Gm16_15434710	15434710	0.0723684	0.310865	-0.310865	0.310865
16	Gm16_15435059	15435059	0.0756579	0.269103	-0.269103	0.269103
16	Gm16_15450763	15450763	0.0756579	0.268843	-0.268843	0.268843
16	Gm16_15469375	15469375	0.121711	-0.0153862	0.0153862	-0.0153862
16	Gm16_15469712	15469712	0.0723684	0.307325	-0.307325	0.307325
16	Gm16_15484806	15484806	0.0756579	0.266342	-0.266342	0.266342
16	Gm16_15521881	15521881	0.0723684	0.306957	-0.306957	0.306957
16	Gm16_15533190	15533190	0.0756579	0.265482	-0.265482	0.265482
16	Gm16_15533512	15533512	0.0756579	0.264894	-0.264894	0.264894
16	Gm16_15545229	15545229	0.0756579	0.264314	-0.264314	0.264314
16	Gm16_15550360	15550360	0.263158	0.422151	-0.422151	0.422151
16	Gm16_15560741	15560741	0.0723684	0.290131	-0.290131	0.290131
16	Gm16_15622049	15622049	0.0723684	0.289405	-0.289405	0.289405
16	Gm16_15710478	15710478	0.121711	-0.0365005	0.0365005	-0.0365005
16	Gm16_15710719	15710719	0.0723684	0.289549	-0.289549	0.289549
16	Gm16_15716263	15716263	0.0723684	0.288825	-0.288825	0.288825
16	Gm16_15832258	15832258	0.0723684	0.288127	-0.288127	0.288127
16	Gm16_15895126	15895126	0.0723684	0.256226	-0.256226	0.256226
16	Gm16_15896732	15896732	0.118421	-0.0184625	0.0184625	-0.0184625
16	Gm16_15909127	15909127	0.0921053	0.0168304	-0.0168304	0.0168304
16	Gm16_15909375	15909375	0.0921053	0.0166436	-0.0166436	0.0166436
16	Gm16_15915363	15915363	0.118421	-0.131979	0.131979	-0.131979
16	Gm16_15915392	15915392	0.121711	-0.156204	0.156204	-0.156204
16	Gm16_15924215	15924215	0.118421	-0.0759773	0.0759773	-0.0759773
16	Gm16_15927546	15927546	0.0723684	0.217048	-0.217048	0.217048
16	Gm16_15928219	15928219	0.0756579	0.176201	-0.176201	0.176201
16	Gm16_15928285	15928285	0.0756579	0.175493	-0.175493	0.175493
16	Gm16_15928349	15928349	0.0756579	0.174784	-0.174784	0.174784
16	Gm16_15929716	15929716	0.118421	-0.0602022	0.0602022	-0.0602022
16	Gm16_16014450	16014450	0.141447	0.482011	-0.482011	0.482011
16	Gm16_16056017	16056017	0.0723684	0.257074	-0.257074	0.257074
16	Gm16_16066056	16066056	0.0723684	0.239539	-0.239539	0.239539
16	Gm16_16108016	16108016	0.138158	0.494932	-0.494932	0.494932
16	Gm16_16132090	16132090	0.0723684	0.171976	-0.171976	0.171976
16	Gm16_16170572	16170572	0.118421	-0.105005	0.105005	-0.105005
16	Gm16_16181748	16181748	0.0723684	0.170179	-0.170179	0.170179
16	Gm16_16181811	16181811	0.0756579	0.128488	-0.128488	0.128488
16	Gm16_16185048	16185048	0.121711	-0.117477	0.117477	-0.117477
16	Gm16_16199281	16199281	0.121711	-0.118672	0.118672	-0.118672
16	Gm16_16203163	16203163	0.299342	0.292382	-0.292382	0.292382
16	Gm16_16211005	16211005	0.0723684	0.124533	-0.124533	0.124533
16	Gm16_16211817	16211817	0.0756579	0.0818502	-0.0818502	0.0818502
16	Gm16_16230299	16230299	0.121711	-0.172697	0.172697	-0.172697
16	Gm16_16231267	16231267	0.0723684	0.122142	-0.122142	0.122142
16	Gm16_16237290	16237290	0.125	-0.200534	0.200534	-0.200534
16	Gm16_16238866	16238866	0.0723684	0.119215	-0.119215	0.119215
16	Gm16_16252012	16252012	0.0723684	0.118047	-0.118047	0.118047
16	Gm16_16257534	16257534	0.121711	-0.175012	0.175012	-0.175012
16	Gm16_16257735	16257735	0.121711	-0.176463	0.176463	-0.176463
16	Gm16_16315008	16315008	0.0789474	-0.00452223	0.00452223	-0.00452223
16	Gm16_16315056	16315056	0.131579	-0.254937	0.254937	-0.254937
16	Gm16_16327087	16327087	0.0723684	0.103194	-0.103194	0.103194
16	Gm16_16363612	16363612	0.0723684	0.102496	-0.102496	0.102496
16	Gm16_16364084	16364084	0.118421	-0.180841	0.180841	-0.180841
16	Gm16_16369961	16369961	0.0723684	0.0990846	-0.0990846	0.0990846
16	Gm16_16463192	16463192	0.0690789	0.133822	-0.133822	0.133822
16	Gm16_16463211	16463211	0.0723684	0.11755	-0.11755	0.11755
16	Gm16_16579275	16579275	0.0723684	0.117124	-0.117124	0.117124
16	Gm16_16616114	16616114	0.125	-0.213743	0.213743	-0.213743
16	Gm16_16680620	16680620	0.0723684	0.116853	-0.116853	0.116853
16	Gm16_16680837	16680837	0.0723684	0.116427	-0.116427	0.116427
16	Gm16_16686453	16686453	0.121711	-0.186731	0.186731	-0.186731
16	Gm16_16690920	16690920	0.0789474	0.0369159	-0.0369159	0.0369159
16	Gm16_16770572	16770572	0.121711	-0.193448	0.193448	-0.193448
16	Gm16_16772329	16772329	0.0756579	0.0752389	-0.0752389	0.0752389
16	Gm16_16772755	16772755	0.125	-0.215201	0.215201	-0.215201
16	Gm16_16795544	16795544	0.118421	-0.177111	0.177111	-0.177111
16	Gm16_16795724	16795724	0.0723684	0.0938921	-0.0938921	0.0938921
16	Gm16_16800852	16800852	0.121711	-0.195679	0.195679	-0.195679
16	Gm16_16801557	16801557	0.0756579	0.0711244	-0.0711244	0.0711244
16	Gm16_16848411	16848411	0.0756579	0.070916	-0.070916	0.070916
16	Gm16_16881580	16881580	0.0986842	0.415668	-0.415668	0.415668
16	Gm16_16900127	16900127	0.0690789	0.378729	-0.378729	0.378729
16	Gm16_16912902	16912902	0.0723684	0.115772	-0.115772	0.115772
16	Gm16_16943711	16943711	0.121711	-0.196078	0.196078	-0.196078
16	Gm16_16943774	16943774	0.0723684	0.113957	-0.113957	0.113957
16	Gm16_16978202	16978202	0.0756579	0.0720166	-0.0720166	0.0720166
16	Gm16_16994348	16994348	0.0756579	0.0710887	-0.0710887	0.0710887
16	Gm16_17008501	17008501	0.0756579	0.0701635	-0.0701635	0.0701635
16	Gm16_17024547	17024547	0.108553	-0.127859	0.127859	-0.127859
16	Gm16_17050168	17050168	0.259868	0.322369	-0.322369	0.322369
16	Gm16_17062015	17062015	0.0723684	0.1535	-0.1535	0.1535
16	Gm16_17070246	17070246	0.121711	-0.183105	0.183105	-0.183105
16	Gm16_17088147	17088147	0.0723684	0.151822	-0.151822	0.151822
16	Gm16_17093007	17093007	0.0756579	0.109196	-0.109196	0.109196
16	Gm16_17093885	17093885	0.0723684	0.150775	-0.150775	0.150775
16	Gm16_17095097	17095097	0.121711	-0.169785	0.169785	-0.169785
16	Gm16_17100569	17100569	0.121711	-0.170862	0.170862	-0.170862
16	Gm16_17179842	17179842	0.115132	-0.120479	0.120479	-0.120479
16	Gm16_17181445	17181445	0.171053	-0.391742	0.391742	-0.391742
16	Gm16_17181774	17181774	0.167763	-0.364352	0.364352	-0.364352
16	Gm16_17181811	17181811	0.167763	-0.365344	0.365344	-0.365344
16	Gm16_17191469	17191469	0.0756579	0.106619	-0.106619	0.106619
16	Gm16_17195656	17195656	0.121711	-0.180784	0.180784	-0.180784
16	Gm16_17199160	17199160	0.121711	-0.181991	0.181991	-0.181991
16	Gm16_17200208	17200208	0.121711	-0.183176	0.183176	-0.183176
16	Gm16_17231438	17231438	0.0822368	0.0261397	-0.0261397	0.0261397
16	Gm16_17253729	17253729	0.0723684	0.116738	-0.116738	0.116738
16	Gm16_17255842	17255842	0.0756579	0.363991	-0.363991	0.363991
16	Gm16_17261320	17261320	0.121711	-0.200419	0.200419	-0.200419
16	Gm16_17348241	17348241	0.121711	-0.201399	0.201399	-0.201399
16	Gm16_17367574	17367574	0.335526	0.0476595	-0.0476595	0.0476595
16	Gm16_17368932	17368932	0.332237	0.0590753	-0.0590753	0.0590753
16	Gm16_17382388	17382388	0.335526	0.0449564	-0.0449564	0.0449564
16	Gm16_17384534	17384534	0.322368	0.0860711	-0.0860711	0.0860711
16	Gm16_17384860	17384860	0.365132	-0.0715496	0.0715496	-0.0715496
16	Gm16_17427324	17427324	0.325658	0.0724501	-0.0724501	0.0724501
16	Gm16_17434623	17434623	0.328947	0.058336	-0.058336	0.058336
16	Gm16_17434874	17434874	0.325658	0.0699921	-0.0699921	0.0699921
16	Gm16_17435602	17435602	0.325658	0.0687905	-0.0687905	0.0687905
16	Gm16_17435910	17435910	0.322368	0.0804206	-0.0804206	0.0804206
16	Gm16_17440847	17440847	0.328947	0.0527316	-0.0527316	0.0527316
16	Gm16_17452666	17452666	0.332237	0.0461519	-0.0461519	0.0461519
16	Gm16_17475630	17475630	0.335526	0.0334085	-0.0334085	0.0334085
16	Gm16_17475905	17475905	0.328947	0.0582006	-0.0582006	0.0582006
16	Gm16_17491406	17491406	0.328947	0.0573837	-0.0573837	0.0573837
16	Gm16_17511669	17511669	0.325658	0.0702172	-0.0702172	0.0702172
16	Gm16_17513824	17513824	0.0657895	0.293171	-0.293171	0.293171
16	Gm16_17513837	17513837	0.332237	0.0629167	-0.0629167	0.0629167
16	Gm16_17526341	17526341	0.332237	0.0616358	-0.0616358	0.0616358
16	Gm16_17531024	17531024	0.332237	0.0608874	-0.0608874	0.0608874
16	Gm16_17531413	17531413	0.0657895	0.299302	-0.299302	0.299302
16	Gm16_17531528	17531528	0.332237	0.0599856	-0.0599856	0.0599856
16	Gm16_17531621	17531621	0.319079	0.103668	-0.103668	0.103668
16	Gm16_17548862	17548862	0.434211	-0.272878	0.272878	-0.272878
16	Gm16_17553356	17553356	0.325658	0.0933605	-0.0933605	0.0933605
16	Gm16_17553635	17553635	0.434211	-0.275049	0.275049	-0.275049
16	Gm16_17559944	17559944	0.0657895	0.308836	-0.308836	0.308836
16	Gm16_17562401	17562401	0.328947	0.0776693	-0.0776693	0.0776693
16	Gm16_17562742	17562742	0.0657895	0.311243	-0.311243	0.311243
16	Gm16_17580010	17580010	0.430921	-0.266195	0.266195	-0.266195
16	Gm16_17580015	17580015	0.0657895	0.310553	-0.310553	0.310553
16	Gm16_17580755	17580755	0.0657895	0.311846	-0.311846	0.311846
16	Gm16_17607633	17607633	0.328947	0.0735017	-0.0735017	0.0735017
16	Gm16_17619755	17619755	0.325658	0.0857643	-0.0857643	0.0857643
16	Gm16_17637741	17637741	0.0657895	0.319427	-0.319427	0.319427
16	Gm16_17651157	17651157	0.328947	0.0703653	-0.0703653	0.0703653
16	Gm16_17652504	17652504	0.328947	0.0700969	-0.0700969	0.0700969
16	Gm16_17652519	17652519	0.430921	-0.263484	0.263484	-0.263484
16	Gm16_17676435	17676435	0.332237	0.0586838	-0.0586838	0.0586838
16	Gm16_17676449	17676449	0.335526	0.0457162	-0.0457162	0.0457162
16	Gm16_17677066	17677066	0.325658	0.0822862	-0.0822862	0.0822862
16	Gm16_17677605	17677605	0.325658	0.0821181	-0.0821181	0.0821181
16	Gm16_17677659	17677659	0.430921	-0.262913	0.262913	-0.262913
16	Gm16_17681121	17681121	0.335526	0.0466629	-0.0466629	0.0466629
16	Gm16_17698734	17698734	0.332237	0.059255	-0.059255	0.059255
16	Gm16_17700488	17700488	0.430921	-0.262517	0.262517	-0.262517
16	Gm16_17700774	17700774	0.335526	0.0461621	-0.0461621	0.0461621
16	Gm16_17719950	17719950	0.332237	0.0586827	-0.0586827	0.0586827
16	Gm16_17723801	17723801	0.105263	0.0992304	-0.0992304	0.0992304
16	Gm16_17725481	17725481	0.325658	0.0747286	-0.0747286	0.0747286
16	Gm16_17734069	17734069	0.292763	0.166571	-0.166571	0.166571
16	Gm16_17737436	17737436	0.335526	0.0391258	-0.0391258	0.0391258
16	Gm16_17737714	17737714	0.328947	0.0577886	-0.0577886	0.0577886
16	Gm16_17754450	17754450	0.328947	0.0689618	-0.0689618	0.0689618
16	Gm16_17754746	17754746	0.332237	0.0533133	-0.0533133	0.0533133
16	Gm16_17772923	17772923	0.335526	0.0463876	-0.0463876	0.0463876
16	Gm16_17781189	17781189	0.335526	0.0464545	-0.0464545	0.0464545
16	Gm16_17800197	17800197	0.335526	0.0466269	-0.0466269	0.0466269
16	Gm16_17806333	17806333	0.338816	0.0346672	-0.0346672	0.0346672
16	Gm16_17806477	17806477	0.332237	0.0601357	-0.0601357	0.0601357
16	Gm16_17806512	17806512	0.434211	-0.264545	0.264545	-0.264545
16	Gm16_17808134	17808134	0.335526	0.0522051	-0.0522051	0.0522051
16	Gm16_17830479	17830479	0.335526	0.0526551	-0.0526551	0.0526551
16	Gm16_17831669	17831669	0.342105	0.0333208	-0.0333208	0.0333208
16	Gm16_17832006	17832006	0.335526	0.0538028	-0.0538028	0.0538028
16	Gm16_17832256	17832256	0.328947	0.0779763	-0.0779763	0.0779763
16	Gm16_17833164	17833164	0.335526	0.0579507	-0.0579507	0.0579507
16	Gm16_17850461	17850461	0.332237	0.0700325	-0.0700325	0.0700325
16	Gm16_17852155	17852155	0.4375	-0.267783	0.267783	-0.267783
16	Gm16_17854039	17854039	0.328947	0.070811	-0.070811	0.070811
16	Gm16_17862416	17862416	0.332237	0.0587156	-0.0587156	0.0587156
16	Gm16_17862474	17862474	0.332237	0.0593814	-0.0593814	0.0593814
16	Gm16_17864118	17864118	0.332237	0.0603267	-0.0603267	0.0603267
16	Gm16_17899464	17899464	0.335526	0.0483872	-0.0483872	0.0483872
16	Gm16_17901979	17901979	0.328947	0.0742911	-0.0742911	0.0742911
16	Gm16_17902749	17902749	0.332237	0.0621042	-0.0621042	0.0621042
16	Gm16_17914010	17914010	0.328947	0.0759807	-0.0759807	0.0759807
16	Gm16_17920535	17920535	0.328947	0.0764167	-0.0764167	0.0764167
16	Gm16_17932335	17932335	0.328947	0.0774277	-0.0774277	0.0774277
16	Gm16_17956877	17956877	0.328947	0.0781169	-0.0781169	0.0781169
16	Gm16_17998575	17998575	0.328947	0.0785889	-0.0785889	0.0785889
16	Gm16_18006427	18006427	0.328947	0.0796309	-0.0796309	0.0796309
16	Gm16_18011107	18011107	0.0592105	-0.049863	0.049863	-0.049863
16	Gm16_18014043	18014043	0.328947	0.101509	-0.101509	0.101509
16	Gm16_18027679	18027679	0.332237	0.0897816	-0.0897816	0.0897816
16	Gm16_18027709	18027709	0.332237	0.0904557	-0.0904557	0.0904557
16	Gm16_18027718	18027718	0.332237	0.0916809	-0.0916809	0.0916809
16	Gm16_18027895	18027895	0.332237	0.0924877	-0.0924877	0.0924877
16	Gm16_18028351	18028351	0.332237	0.0939436	-0.0939436	0.0939436
16	Gm16_18041594	18041594	0.332237	0.0950828	-0.0950828	0.0950828
16	Gm16_18043489	18043489	0.430921	-0.210038	0.210038	-0.210038
16	Gm16_18043933	18043933	0.328947	0.124644	-0.124644	0.124644
16	Gm16_18044919	18044919	0.332237	0.115604	-0.115604	0.115604
16	Gm16_18045540	18045540	0.332237	0.114329	-0.114329	0.114329
16	Gm16_18052956	18052956	0.325658	0.140058	-0.140058	0.140058
16	Gm16_18052985	18052985	0.430921	-0.205579	0.205579	-0.205579
16	Gm16_18068218	18068218	0.325658	0.144858	-0.144858	0.144858
16	Gm16_18068787	18068787	0.430921	-0.203886	0.203886	-0.203886
16	Gm16_18069097	18069097	0.328947	0.129436	-0.129436	0.129436
16	Gm16_18069169	18069169	0.332237	0.117369	-0.117369	0.117369
16	Gm16_18070567	18070567	0.325658	0.144213	-0.144213	0.144213
16	Gm16_18072602	18072602	0.0657895	0.387175	-0.387175	0.387175
16	Gm16_18082681	18082681	0.328947	0.13812	-0.13812	0.13812
16	Gm16_18101580	18101580	0.0657895	0.386586	-0.386586	0.386586
16	Gm16_18102154	18102154	0.332237	0.128385	-0.128385	0.128385
16	Gm16_18141852	18141852	0.398026	-0.0911001	0.0911001	-0.0911001
16	Gm16_18142057	18142057	0.332237	0.129552	-0.129552	0.129552
16	Gm16_18145093	18145093	0.332237	0.131024	-0.131024	0.131024
16	Gm16_18145404	18145404	0.427632	-0.188563	0.188563	-0.188563
16	Gm16_18197137	18197137	0.101974	0.363154	-0.363154	0.363154
16	Gm16_18198778	18198778	0.338816	0.113319	-0.113319	0.113319
16	Gm16_18198857	18198857	0.345395	0.0887327	-0.0887327	0.0887327
16	Gm16_18200870	18200870	0.332237	0.130931	-0.130931	0.130931
16	Gm16_18207628	18207628	0.322368	0.160081	-0.160081	0.160081
16	Gm16_18227200	18227200	0.0690789	0.3333	-0.3333	0.3333
16	Gm16_18259715	18259715	0.332237	0.131003	-0.131003	0.131003
16	Gm16_18259769	18259769	0.0657895	0.373536	-0.373536	0.373536
16	Gm16_18264025	18264025	0.325658	0.16075	-0.16075	0.16075
16	Gm16_18289772	18289772	0.0657895	0.371446	-0.371446	0.371446
16	Gm16_18289817	18289817	0.332237	0.136038	-0.136038	0.136038
16	Gm16_18296271	18296271	0.338816	0.111978	-0.111978	0.111978
16	Gm16_18297461	18297461	0.427632	-0.185089	0.185089	-0.185089
16	Gm16_18381376	18381376	0.325658	0.167979	-0.167979	0.167979
16	Gm16_18400593	18400593	0.427632	-0.183314	0.183314	-0.183314
16	Gm16_18420977	18420977	0.325658	0.158738	-0.158738	0.158738
16	Gm16_18421250	18421250	0.325658	0.159665	-0.159665	0.159665
16	Gm16_18474965	18474965	0.0690789	0.302108	-0.302108	0.302108
16	Gm16_18475137	18475137	0.0690789	0.30076	-0.30076	0.30076
16	Gm16_18487044	18487044	0.0690789	0.299554	-0.299554	0.299554
16	Gm16_18487207	18487207	0.0690789	0.298141	-0.298141	0.298141
16	Gm16_18487223	18487223	0.0690789	0.296721	-0.296721	0.296721
16	Gm16_22966496	22966496	0.332237	0.197502	-0.197502	0.197502
16	Gm16_22966789	22966789	0.332237	0.196546	-0.196546	0.196546
16	Gm16_22973913	22973913	0.325658	0.221744	-0.221744	0.221744
16	Gm16_22987643	22987643	0.335526	0.1835	-0.1835	0.1835
16	Gm16_22987995	22987995	0.335526	0.182871	-0.182871	0.182871
16	Gm16_22988325	22988325	0.0657895	0.318738	-0.318738	0.318738
16	Gm16_22995870	22995870	0.338816	0.17349	-0.17349	0.17349
16	Gm16_23010249	23010249	0.328947	0.210358	-0.210358	0.210358
16	Gm16_23010350	23010350	0.0657895	0.321247	-0.321247	0.321247
16	Gm16_23012176	23012176	0.328947	0.207348	-0.207348	0.207348
16	Gm16_23033875	23033875	0.332237	0.194863	-0.194863	0.194863
16	Gm16_23034629	23034629	0.332237	0.194279	-0.194279	0.194279
16	Gm16_23034895	23034895	0.434211	-0.144254	0.144254	-0.144254
16	Gm16_23051154	23051154	0.335526	0.168423	-0.168423	0.168423
16	Gm16_23078958	23078958	0.325658	0.20403	-0.20403	0.20403
16	Gm16_23108005	23108005	0.325658	0.203082	-0.203082	0.203082
16	Gm16_23108033	23108033	0.335526	0.169034	-0.169034	0.169034
16	Gm16_23196401	23196401	0.328947	0.194198	-0.194198	0.194198
16	Gm16_23197852	23197852	0.335526	0.168083	-0.168083	0.168083
16	Gm16_23232265	23232265	0.335526	0.168054	-0.168054	0.168054
16	Gm16_23232552	23232552	0.332237	0.180615	-0.180615	0.180615
16	Gm16_23248560	23248560	0.325658	0.203227	-0.203227	0.203227
16	Gm16_23312657	23312657	0.332237	0.182005	-0.182005	0.182005
16	Gm16_23315778	23315778	0.328947	0.194408	-0.194408	0.194408
16	Gm16_23315788	23315788	0.335526	0.168391	-0.168391	0.168391
16	Gm16_23325030	23325030	0.328947	0.193844	-0.193844	0.193844
16	Gm16_23349967	23349967	0.338816	0.157958	-0.157958	0.157958
16	Gm16_23360215	23360215	0.332237	0.1801	-0.1801	0.1801
16	Gm16_23372494	23372494	0.332237	0.180144	-0.180144	0.180144
16	Gm16_23372790	23372790	0.328947	0.192434	-0.192434	0.192434
16	Gm16_23386978	23386978	0.332237	0.179451	-0.179451	0.179451
16	Gm16_23400272	23400272	0.328947	0.191507	-0.191507	0.191507
16	Gm16_23405187	23405187	0.430921	-0.133921	0.133921	-0.133921
16	Gm16_23405370	23405370	0.430921	-0.134303	0.134303	-0.134303
16	Gm16_23409485	23409485	0.0625	0.374159	-0.374159	0.374159
16	Gm16_23409506	23409506	0.430921	-0.138279	0.138279	-0.138279
16	Gm16_23414823	23414823	0.328947	0.204577	-0.204577	0.204577
16	Gm16_23423399	23423399	0.332237	0.192484	-0.192484	0.192484
16	Gm16_23436141	23436141	0.0657895	0.346598	-0.346598	0.346598
16	Gm16_23439383	23439383	0.335526	0.179773	-0.179773	0.179773
16	Gm16_23439510	23439510	0.335526	0.179378	-0.179378	0.179378
16	Gm16_23440719	23440719	0.0657895	0.349153	-0.349153	0.349153
16	Gm16_23445153	23445153	0.332237	0.190655	-0.190655	0.190655
16	Gm16_23497732	23497732	0.171053	0.432169	-0.432169	0.432169
16	Gm16_23498096	23498096	0.322368	0.335248	-0.335248	0.335248
16	Gm16_23498410	23498410	0.328947	0.313755	-0.313755	0.313755
16	Gm16_23519971	23519971	0.0657895	0.43445	-0.43445	0.43445
16	Gm16_23539182	23539182	0.434211	-0.0320828	0.0320828	-0.0320828
16	Gm16_23591133	23591133	0.171053	0.434592	-0.434592	0.434592
16	Gm16_23591144	23591144	0.434211	-0.170855	0.170855	-0.170855
16	Gm16_23606688	23606688	0.328947	0.183342	-0.183342	0.183342
16	Gm16_23606976	23606976	0.434211	-0.176896	0.176896	-0.176896
16	Gm16_23608658	23608658	0.332237	0.163172	-0.163172	0.163172
16	Gm16_23608678	23608678	0.328947	0.17484	-0.17484	0.17484
16	Gm16_23632752	23632752	0.0657895	0.340458	-0.340458	0.340458
16	Gm16_23637256	23637256	0.332237	0.150959	-0.150959	0.150959
16	Gm16_23657423	23657423	0.332237	0.149607	-0.149607	0.149607
16	Gm16_23660654	23660654	0.332237	0.148855	-0.148855	0.148855
16	Gm16_23673847	23673847	0.328947	0.160589	-0.160589	0.160589
16	Gm16_23674036	23674036	0.335526	0.137975	-0.137975	0.137975
16	Gm16_23691926	23691926	0.335526	0.136684	-0.136684	0.136684
16	Gm16_23693233	23693233	0.335526	0.135406	-0.135406	0.135406
16	Gm16_23693604	23693604	0.335526	0.134322	-0.134322	0.134322
16	Gm16_23698492	23698492	0.368421	0.0193749	-0.0193749	0.0193749
16	Gm16_23720090	23720090	0.368421	0.0160446	-0.0160446	0.0160446
16	Gm16_23747546	23747546	0.332237	0.145959	-0.145959	0.145959
16	Gm16_23747791	23747791	0.361842	0.0368306	-0.0368306	0.0368306
16	Gm16_23761130	23761130	0.335526	0.131836	-0.131836	0.131836
16	Gm16_23766517	23766517	0.365132	0.0295913	-0.0295913	0.0295913
16	Gm16_23766730	23766730	0.368421	0.0165218	-0.0165218	0.0165218
16	Gm16_23767711	23767711	0.365132	0.0272892	-0.0272892	0.0272892
16	Gm16_23767740	23767740	0.0657895	0.34031	-0.34031	0.34031
16	Gm16_23776027	23776027	0.427632	-0.16894	0.16894	-0.16894
16	Gm16_23786205	23786205	0.365132	0.0234803	-0.0234803	0.0234803
16	Gm16_23786771	23786771	0.365132	0.0225028	-0.0225028	0.0225028
16	Gm16_23833265	23833265	0.365132	0.0218897	-0.0218897	0.0218897
16	Gm16_23833276	23833276	0.365132	0.0209185	-0.0209185	0.0209185
16	Gm16_23856363	23856363	0.361842	0.0320985	-0.0320985	0.0320985
16	Gm16_23856393	23856393	0.361842	0.0311219	-0.0311219	0.0311219
16	Gm16_23878959	23878959	0.365132	0.0181447	-0.0181447	0.0181447
16	Gm16_23879183	23879183	0.365132	0.0168956	-0.0168956	0.0168956
16	Gm16_23879230	23879230	0.365132	0.0156478	-0.0156478	0.0156478
16	Gm16_23911565	23911565	0.361842	0.0263479	-0.0263479	0.0263479
16	Gm16_23911620	23911620	0.332237	0.12698	-0.12698	0.12698
16	Gm16_23911630	23911630	0.361842	0.0204676	-0.0204676	0.0204676
16	Gm16_23911734	23911734	0.361842	0.019772	-0.019772	0.019772
16	Gm16_23911792	23911792	0.361842	0.018795	-0.018795	0.018795
16	Gm16_23924669	23924669	0.361842	0.0180518	-0.0180518	0.0180518
16	Gm16_23924816	23924816	0.361842	0.0168624	-0.0168624	0.0168624
16	Gm16_23924861	23924861	0.358553	0.0235717	-0.0235717	0.0235717
16	Gm16_23987438	23987438	0.365132	0.000572398	-0.000572398	0.000572398
16	Gm16_23991922	23991922	0.371711	-0.0221555	0.0221555	-0.0221555
16	Gm16_24087472	24087472	0.0953947	0.203591	-0.203591	0.203591
16	Gm16_24087490	24087490	0.296053	0.216208	-0.216208	0.216208
16	Gm16_24087774	24087774	0.434211	-0.254323	0.254323	-0.254323
16	Gm16_24095996	24095996	0.299342	0.197037	-0.197037	0.197037
16	Gm16_24096012	24096012	0.299342	0.196209	-0.196209	0.196209
16	Gm16_24096184	24096184	0.299342	0.195357	-0.195357	0.195357
16	Gm16_24096218	24096218	0.299342	0.194506	-0.194506	0.194506
16	Gm16_24096236	24096236	0.305921	0.166983	-0.166983	0.166983
16	Gm16_24139104	24139104	0.427632	-0.237797	0.237797	-0.237797
16	Gm16_24139345	24139345	0.299342	0.191545	-0.191545	0.191545
16	Gm16_24178701	24178701	0.292763	0.217094	-0.217094	0.217094
16	Gm16_24178758	24178758	0.105263	0.111204	-0.111204	0.111204
16	Gm16_24179017	24179017	0.398026	-0.143954	0.143954	-0.143954
16	Gm16_24180672	24180672	0.388158	-0.111654	0.111654	-0.111654
16	Gm16_24180685	24180685	0.381579	-0.0884752	0.0884752	-0.0884752
16	Gm16_24180903	24180903	0.299342	0.187532	-0.187532	0.187532
16	Gm16_24180928	24180928	0.388158	-0.116106	0.116106	-0.116106
16	Gm16_24197297	24197297	0.292763	0.205123	-0.205123	0.205123
16	Gm16_24211215	24211215	0.394737	-0.150268	0.150268	-0.150268
16	Gm16_24213059	24213059	0.296053	0.190738	-0.190738	0.190738
16	Gm16_24213074	24213074	0.401316	-0.169831	0.169831	-0.169831
16	Gm16_24213099	24213099	0.296053	0.189433	-0.189433	0.189433
16	Gm16_24213267	24213267	0.105263	0.117758	-0.117758	0.117758
16	Gm16_24234765	24234765	0.292763	0.200527	-0.200527	0.200527
16	Gm16_24248313	24248313	0.292763	0.199759	-0.199759	0.199759
16	Gm16_24249715	24249715	0.299342	0.172727	-0.172727	0.172727
16	Gm16_24264215	24264215	0.434211	-0.278601	0.278601	-0.278601
16	Gm16_24264220	24264220	0.332237	0.0507722	-0.0507722	0.0507722
16	Gm16_24276102	24276102	0.296053	0.187474	-0.187474	0.187474
16	Gm16_24276408	24276408	0.0953947	0.205044	-0.205044	0.205044
16	Gm16_24280566	24280566	0.292763	0.202146	-0.202146	0.202146
16	Gm16_24286665	24286665	0.0986842	0.183365	-0.183365	0.183365
16	Gm16_24299050	24299050	0.0986842	0.183178	-0.183178	0.183178
16	Gm16_24300093	24300093	0.0986842	0.18299	-0.18299	0.18299
16	Gm16_24300415	24300415	0.388158	-0.127636	0.127636	-0.127636
16	Gm16_24300431	24300431	0.427632	-0.261712	0.261712	-0.261712
16	Gm16_24308199	24308199	0.296053	0.182832	-0.182832	0.182832
16	Gm16_24320883	24320883	0.450658	-0.329217	0.329217	-0.329217
16	Gm16_24342409	24342409	0.0986842	0.186272	-0.186272	0.186272
16	Gm16_24355002	24355002	0.296053	0.180358	-0.180358	0.180358
16	Gm16_24381270	24381270	0.430921	-0.262074	0.262074	-0.262074
16	Gm16_24381324	24381324	0.391447	-0.126909	0.126909	-0.126909
16	Gm16_24381336	24381336	0.430921	-0.259239	0.259239	-0.259239
16	Gm16_24389823	24389823	0.427632	-0.24908	0.24908	-0.24908
16	Gm16_24391972	24391972	0.424342	-0.241348	0.241348	-0.241348
16	Gm16_24392000	24392000	0.430921	-0.26522	0.26522	-0.26522
16	Gm16_24392028	24392028	0.430921	-0.26638	0.26638	-0.26638
16	Gm16_24392088	24392088	0.421053	-0.235175	0.235175	-0.235175
16	Gm16_24392108	24392108	0.427632	-0.259393	0.259393	-0.259393
16	Gm16_24392269	24392269	0.427632	-0.260527	0.260527	-0.260527
16	Gm16_24393326	24393326	0.388158	-0.12836	0.12836	-0.12836
16	Gm16_24393568	24393568	0.430921	-0.275395	0.275395	-0.275395
16	Gm16_24424922	24424922	0.427632	-0.264156	0.264156	-0.264156
16	Gm16_24436775	24436775	0.289474	0.183616	-0.183616	0.183616
16	Gm16_24453273	24453273	0.430921	-0.273876	0.273876	-0.273876
16	Gm16_24458294	24458294	0.427632	-0.264853	0.264853	-0.264853
16	Gm16_24458693	24458693	0.424342	-0.253692	0.253692	-0.253692
16	Gm16_24458704	24458704	0.394737	-0.154353	0.154353	-0.154353
16	Gm16_24458744	24458744	0.430921	-0.279355	0.279355	-0.279355
16	Gm16_24465223	24465223	0.394737	-0.154598	0.154598	-0.154598
16	Gm16_24465371	24465371	0.430921	-0.2768	0.2768	-0.2768
16	Gm16_24472298	24472298	0.427632	-0.262789	0.262789	-0.262789
16	Gm16_24480213	24480213	0.427632	-0.263529	0.263529	-0.263529
16	Gm16_24489920	24489920	0.424342	-0.257262	0.257262	-0.257262
16	Gm16_24490252	24490252	0.424342	-0.257534	0.257534	-0.257534
16	Gm16_24495301	24495301	0.427632	-0.266741	0.266741	-0.266741
16	Gm16_24495316	24495316	0.391447	-0.146059	0.146059	-0.146059
16	Gm16_24495345	24495345	0.421053	-0.249569	0.249569	-0.249569
16	Gm16_24496111	24496111	0.427632	-0.272254	0.272254	-0.272254
16	Gm16_24496645	24496645	0.391447	-0.149234	0.149234	-0.149234
16	Gm16_24496673	24496673	0.388158	-0.137955	0.137955	-0.137955
16	Gm16_24497710	24497710	0.424342	-0.257936	0.257936	-0.257936
16	Gm16_24497731	24497731	0.286184	0.189552	-0.189552	0.189552
16	Gm16_24497943	24497943	0.424342	-0.251711	0.251711	-0.251711
16	Gm16_24500646	24500646	0.424342	-0.251827	0.251827	-0.251827
16	Gm16_24500666	24500666	0.424342	-0.251942	0.251942	-0.251942
16	Gm16_24504114	24504114	0.424342	-0.252046	0.252046	-0.252046
16	Gm16_24504444	24504444	0.424342	-0.252136	0.252136	-0.252136
16	Gm16_24504505	24504505	0.424342	-0.252227	0.252227	-0.252227
16	Gm16_24504510	24504510	0.424342	-0.252318	0.252318	-0.252318
16	Gm16_24519063	24519063	0.424342	-0.252409	0.252409	-0.252409
16	Gm16_24519283	24519283	0.424342	-0.2525	0.2525	-0.2525
16	Gm16_24519368	24519368	0.427632	-0.263838	0.263838	-0.263838
16	Gm16_24520912	24520912	0.391447	-0.144932	0.144932	-0.144932
16	Gm16_24520952	24520952	0.424342	-0.258342	0.258342	-0.258342
16	Gm16_24541783	24541783	0.424342	-0.258443	0.258443	-0.258443
16	Gm16_24561759	24561759	0.388158	-0.139402	0.139402	-0.139402
16	Gm16_24571130	24571130	0.394737	-0.155763	0.155763	-0.155763
16	Gm16_24571156	24571156	0.427632	-0.269393	0.269393	-0.269393
16	Gm16_24571616	24571616	0.388158	-0.132979	0.132979	-0.132979
16	Gm16_24577475	24577475	0.424342	-0.258191	0.258191	-0.258191
16	Gm16_24577602	24577602	0.0657895	0.315387	-0.315387	0.315387
16	Gm16_24579154	24579154	0.292763	0.163698	-0.163698	0.163698
16	Gm16_24579400	24579400	0.427632	-0.295401	0.295401	-0.295401
16	Gm16_24631916	24631916	0.394737	-0.179483	0.179483	-0.179483
16	Gm16_24657558	24657558	0.101974	0.156639	-0.156639	0.156639
16	Gm16_24657627	24657627	0.105263	0.127514	-0.127514	0.127514
16	Gm16_24657632	24657632	0.105263	0.129072	-0.129072	0.129072
16	Gm16_24657894	24657894	0.101974	0.160817	-0.160817	0.160817
16	Gm16_24658234	24658234	0.394737	-0.180109	0.180109	-0.180109
16	Gm16_24658287	24658287	0.430921	-0.301299	0.301299	-0.301299
16	Gm16_24693196	24693196	0.292763	0.1606	-0.1606	0.1606
16	Gm16_24693573	24693573	0.292763	0.160434	-0.160434	0.160434
16	Gm16_24723218	24723218	0.292763	0.160235	-0.160235	0.160235
16	Gm16_24733386	24733386	0.286184	0.181653	-0.181653	0.181653
16	Gm16_24733675	24733675	0.289474	0.172672	-0.172672	0.172672
16	Gm16_24740475	24740475	0.322368	0.0473795	-0.0473795	0.0473795
16	Gm16_24741102	24741102	0.4375	-0.320267	0.320267	-0.320267
16	Gm16_24741266	24741266	0.328947	0.0250914	-0.0250914	0.0250914
16	Gm16_24762831	24762831	0.0625	-0.0202351	0.0202351	-0.0202351
16	Gm16_24762854	24762854	0.427632	-0.161124	0.161124	-0.161124
16	Gm16_24776324	24776324	0.398026	-0.0603062	0.0603062	-0.0603062
16	Gm16_24800886	24800886	0.421053	-0.139923	0.139923	-0.139923
16	Gm16_24806833	24806833	0.424342	-0.147831	0.147831	-0.147831
16	Gm16_24807174	24807174	0.398026	-0.0550534	0.0550534	-0.0550534
16	Gm16_24823296	24823296	0.417763	-0.125415	0.125415	-0.125415
16	Gm16_24823307	24823307	0.394737	-0.0438143	0.0438143	-0.0438143
16	Gm16_24834117	24834117	0.394737	-0.0426969	0.0426969	-0.0426969
16	Gm16_24882704	24882704	0.421053	-0.136867	0.136867	-0.136867
16	Gm16_24882846	24882846	0.398026	-0.0505693	0.0505693	-0.0505693
16	Gm16_24882912	24882912	0.394737	-0.0381383	0.0381383	-0.0381383
16	Gm16_24897653	24897653	0.424342	-0.138605	0.138605	-0.138605
16	Gm16_24897674	24897674	0.421053	-0.125895	0.125895	-0.125895
16	Gm16_24897904	24897904	0.421053	-0.124811	0.124811	-0.124811
16	Gm16_24897940	24897940	0.421053	-0.123894	0.123894	-0.123894
16	Gm16_24928491	24928491	0.401316	-0.0557574	0.0557574	-0.0557574
16	Gm16_24928506	24928506	0.401316	-0.0550391	0.0550391	-0.0550391
16	Gm16_24928516	24928516	0.401316	-0.0546016	0.0546016	-0.0546016
16	Gm16_24928524	24928524	0.401316	-0.0542695	0.0542695	-0.0542695
16	Gm16_24932527	24932527	0.401316	-0.0522941	0.0522941	-0.0522941
16	Gm16_24932547	24932547	0.424342	-0.131438	0.131438	-0.131438
16	Gm16_24932765	24932765	0.394737	-0.0275611	0.0275611	-0.0275611
16	Gm16_24939072	24939072	0.401316	-0.049635	0.049635	-0.049635
16	Gm16_24939740	24939740	0.434211	-0.160866	0.160866	-0.160866
16	Gm16_24939778	24939778	0.411184	-0.0803597	0.0803597	-0.0803597
16	Gm16_24939785	24939785	0.4375	-0.168193	0.168193	-0.168193
16	Gm16_24939887	24939887	0.411184	-0.0788021	0.0788021	-0.0788021
16	Gm16_24939922	24939922	0.434211	-0.157824	0.157824	-0.157824
16	Gm16_24949403	24949403	0.401316	-0.0456391	0.0456391	-0.0456391
16	Gm16_24968505	24968505	0.401316	-0.0448857	0.0448857	-0.0448857
16	Gm16_24968908	24968908	0.427632	-0.135828	0.135828	-0.135828
16	Gm16_25023269	25023269	0.421053	-0.11215	0.11215	-0.11215
16	Gm16_25026498	25026498	0.388158	0.00145874	-0.00145874	0.00145874
16	Gm16_25050048	25050048	0.391447	-0.0111612	0.0111612	-0.0111612
16	Gm16_25066020	25066020	0.424342	-0.124442	0.124442	-0.124442
16	Gm16_25098001	25098001	0.427632	-0.134131	0.134131	-0.134131
16	Gm16_25115299	25115299	0.414474	-0.0920922	0.0920922	-0.0920922
16	Gm16_25141114	25141114	0.427632	-0.134755	0.134755	-0.134755
16	Gm16_25141142	25141142	0.401316	-0.0426878	0.0426878	-0.0426878
16	Gm16_25159787	25159787	0.398026	-0.0316359	0.0316359	-0.0316359
16	Gm16_25174020	25174020	0.424342	-0.124173	0.124173	-0.124173
16	Gm16_25186985	25186985	0.417763	-0.100118	0.100118	-0.100118
16	Gm16_25209979	25209979	0.417763	-0.0973642	0.0973642	-0.0973642
16	Gm16_25210122	25210122	0.407895	-0.0679965	0.0679965	-0.0679965
16	Gm16_25210434	25210434	0.411184	-0.0748079	0.0748079	-0.0748079
16	Gm16_25237742	25237742	0.411184	-0.0739831	0.0739831	-0.0739831
16	Gm16_25242547	25242547	0.401316	-0.0407486	0.0407486	-0.0407486
16	Gm16_25251367	25251367	0.391447	-0.00468387	0.00468387	-0.00468387
16	Gm16_25253742	25253742	0.388158	0.00752412	-0.00752412	0.00752412
16	Gm16_25254286	25254286	0.404605	-0.0522705	0.0522705	-0.0522705
16	Gm16_25254307	25254307	0.384868	0.018523	-0.018523	0.018523
16	Gm16_25254315	25254315	0.404605	-0.0505119	0.0505119	-0.0505119
16	Gm16_25260836	25260836	0.388158	0.0121363	-0.0121363	0.0121363
16	Gm16_25261434	25261434	0.401316	-0.03351	0.03351	-0.03351
16	Gm16_25261741	25261741	0.398026	-0.0215922	0.0215922	-0.0215922
16	Gm16_25280522	25280522	0.404605	-0.0484279	0.0484279	-0.0484279
16	Gm16_25283524	25283524	0.381579	0.0287456	-0.0287456	0.0287456
16	Gm16_25296349	25296349	0.407895	-0.0578701	0.0578701	-0.0578701
16	Gm16_25405806	25405806	0.401316	-0.00628782	0.00628782	-0.00628782
16	Gm16_25469039	25469039	0.444079	-0.14633	0.14633	-0.14633
16	Gm16_25484207	25484207	0.404605	-0.00743399	0.00743399	-0.00743399
16	Gm16_25566423	25566423	0.444079	-0.139179	0.139179	-0.139179
16	Gm16_25566588	25566588	0.444079	-0.138239	0.138239	-0.138239
16	Gm16_25570192	25570192	0.430921	-0.0931864	0.0931864	-0.0931864
16	Gm16_25570218	25570218	0.417763	-0.0463496	0.0463496	-0.0463496
16	Gm16_25570235	25570235	0.430921	-0.0911389	0.0911389	-0.0911389
16	Gm16_25582576	25582576	0.4375	-0.110495	0.110495	-0.110495
16	Gm16_25582798	25582798	0.4375	-0.109735	0.109735	-0.109735
16	Gm16_25596394	25596394	0.4375	-0.10857	0.10857	-0.10857
16	Gm16_25609083	25609083	0.394737	0.0393513	-0.0393513	0.0393513
16	Gm16_25609419	25609419	0.430921	-0.0860394	0.0860394	-0.0860394
16	Gm16_25621617	25621617	0.398026	0.0306689	-0.0306689	0.0306689
16	Gm16_25636943	25636943	0.417763	-0.0335123	0.0335123	-0.0335123
16	Gm16_25650846	25650846	0.434211	-0.0876169	0.0876169	-0.0876169
16	Gm16_25678574	25678574	0.4375	-0.0962851	0.0962851	-0.0962851
16	Gm16_25679411	25679411	0.430921	-0.0745231	0.0745231	-0.0745231
16	Gm16_25679421	25679421	0.430921	-0.0729645	0.0729645	-0.0729645
16	Gm16_25679438	25679438	0.430921	-0.0714186	0.0714186	-0.0714186
16	Gm16_25679464	25679464	0.430921	-0.0698853	0.0698853	-0.0698853
16	Gm16_25679620	25679620	0.430921	-0.0683496	0.0683496	-0.0683496
16	Gm16_25679637	25679637	0.430921	-0.0668116	0.0668116	-0.0668116
16	Gm16_25681856	25681856	0.4375	-0.0874612	0.0874612	-0.0874612
16	Gm16_25694140	25694140	0.4375	-0.0859506	0.0859506	-0.0859506
16	Gm16_25701549	25701549	0.401316	0.0350898	-0.0350898	0.0350898
16	Gm16_25715957	25715957	0.398026	0.0499315	-0.0499315	0.0499315
16	Gm16_25716023	25716023	0.394737	0.0626107	-0.0626107	0.0626107
16	Gm16_25716159	25716159	0.394737	0.0640907	-0.0640907	0.0640907
16	Gm16_25716214	25716214	0.394737	0.0655975	-0.0655975	0.0655975
16	Gm16_25718727	25718727	0.4375	-0.0779902	0.0779902	-0.0779902
16	Gm16_25718945	25718945	0.427632	-0.0423731	0.0423731	-0.0423731
16	Gm16_25718967	25718967	0.427632	-0.0408414	0.0408414	-0.0408414
16	Gm16_25754009	25754009	0.440789	-0.086382	0.086382	-0.086382
16	Gm16_25761494	25761494	0.404605	0.0369994	-0.0369994	0.0369994
16	Gm16_25800481	25800481	0.391447	0.0840584	-0.0840584	0.0840584
16	Gm16_25800718	25800718	0.398026	0.0625171	-0.0625171	0.0625171
16	Gm16_25800900	25800900	0.398026	0.0612876	-0.0612876	0.0612876
16	Gm16_25800917	25800917	0.398026	0.0628207	-0.0628207	0.0628207
16	Gm16_25800941	25800941	0.398026	0.0643566	-0.0643566	0.0643566
16	Gm16_25809063	25809063	0.440789	-0.0752246	0.0752246	-0.0752246
16	Gm16_25809095	25809095	0.440789	-0.0740454	0.0740454	-0.0740454
16	Gm16_25835857	25835857	0.4375	-0.0622365	0.0622365	-0.0622365
16	Gm16_25835882	25835882	0.4375	-0.0616523	0.0616523	-0.0616523
16	Gm16_25835887	25835887	0.411184	0.0286107	-0.0286107	0.0286107
16	Gm16_25857962	25857962	0.4375	-0.0618928	0.0618928	-0.0618928
16	Gm16_25872433	25872433	0.407895	0.0405345	-0.0405345	0.0405345
16	Gm16_25881265	25881265	0.4375	-0.0588302	0.0588302	-0.0588302
16	Gm16_25881315	25881315	0.4375	-0.0580671	0.0580671	-0.0580671
16	Gm16_25881476	25881476	0.4375	-0.0573	0.0573	-0.0573
16	Gm16_25881485	25881485	0.4375	-0.0566216	0.0566216	-0.0566216
16	Gm16_25884872	25884872	0.424342	-0.0117893	0.0117893	-0.0117893
16	Gm16_25892446	25892446	0.401316	0.0673542	-0.0673542	0.0673542
16	Gm16_25892459	25892459	0.427632	-0.0221767	0.0221767	-0.0221767
16	Gm16_25892668	25892668	0.424342	-0.010152	0.010152	-0.010152
16	Gm16_25892678	25892678	0.424342	-0.00942725	0.00942725	-0.00942725
16	Gm16_25922793	25922793	0.447368	-0.0864721	0.0864721	-0.0864721
16	Gm16_25928542	25928542	0.4375	-0.0526364	0.0526364	-0.0526364
16	Gm16_25949422	25949422	0.335526	0.217195	-0.217195	0.217195
16	Gm16_25993481	25993481	0.440789	-0.138835	0.138835	-0.138835
16	Gm16_25993792	25993792	0.0723684	0.28911	-0.28911	0.28911
16	Gm16_26009290	26009290	0.427632	-0.0920973	0.0920973	-0.0920973
16	Gm16_26023616	26023616	0.332237	0.23275	-0.23275	0.23275
16	Gm16_26056034	26056034	0.0690789	0.37394	-0.37394	0.37394
16	Gm16_26056064	26056064	0.444079	-0.0957174	0.0957174	-0.0957174
16	Gm16_26069129	26069129	0.358553	0.182121	-0.182121	0.182121
16	Gm16_26072928	26072928	0.0789474	0.252088	-0.252088	0.252088
16	Gm16_26076805	26076805	0.335526	0.26777	-0.26777	0.26777
16	Gm16_26098594	26098594	0.375	0.123479	-0.123479	0.123479
16	Gm16_26119051	26119051	0.361842	0.169035	-0.169035	0.169035
16	Gm16_26119056	26119056	0.335526	0.265798	-0.265798	0.265798
16	Gm16_26160033	26160033	0.332237	0.278791	-0.278791	0.278791
16	Gm16_26193232	26193232	0.0690789	0.37308	-0.37308	0.37308
16	Gm16_26195319	26195319	0.430921	-0.0358622	0.0358622	-0.0358622
16	Gm16_26198004	26198004	0.430921	-0.040855	0.040855	-0.040855
16	Gm16_26198679	26198679	0.4375	-0.0592518	0.0592518	-0.0592518
16	Gm16_26198725	26198725	0.424342	-0.013886	0.013886	-0.013886
16	Gm16_26201154	26201154	0.447368	-0.0751318	0.0751318	-0.0751318
16	Gm16_26204661	26204661	0.430921	-0.0191875	0.0191875	-0.0191875
16	Gm16_26216699	26216699	0.355263	0.224558	-0.224558	0.224558
16	Gm16_26216704	26216704	0.476974	0.305674	-0.305674	0.305674
16	Gm16_26216745	26216745	0.355263	0.226652	-0.226652	0.226652
16	Gm16_26217534	26217534	0.430921	-0.0218131	0.0218131	-0.0218131
16	Gm16_26220646	26220646	0.355263	0.228739	-0.228739	0.228739
16	Gm16_26222026	26222026	0.424342	0.00643476	-0.00643476	0.00643476
16	Gm16_26227870	26227870	0.421053	0.0124418	-0.0124418	0.0124418
16	Gm16_26228076	26228076	0.427632	-0.00989501	0.00989501	-0.00989501
16	Gm16_26228093	26228093	0.430921	-0.019298	0.019298	-0.019298
16	Gm16_26245139	26245139	0.4375	-0.0321262	0.0321262	-0.0321262
16	Gm16_26245479	26245479	0.358553	0.22825	-0.22825	0.22825
16	Gm16_26270150	26270150	0.440789	-0.0435786	0.0435786	-0.0435786
16	Gm16_26298124	26298124	0.0657895	0.406936	-0.406936	0.406936
16	Gm16_26298281	26298281	0.378289	0.126452	-0.126452	0.126452
16	Gm16_26298344	26298344	0.365132	0.170621	-0.170621	0.170621
16	Gm16_26362231	26362231	0.378289	0.129203	-0.129203	0.129203
16	Gm16_26362465	26362465	0.375	0.139569	-0.139569	0.139569
16	Gm16_26362913	26362913	0.365132	0.170953	-0.170953	0.170953
16	Gm16_26369890	26369890	0.368421	0.158659	-0.158659	0.158659
16	Gm16_26369907	26369907	0.375	0.142427	-0.142427	0.142427
16	Gm16_26376815	26376815	0.371711	0.156288	-0.156288	0.156288
16	Gm16_26378862	26378862	0.368421	0.167469	-0.167469	0.167469
16	Gm16_26381214	26381214	0.368421	0.167963	-0.167963	0.167963
16	Gm16_26387809	26387809	0.355263	0.214724	-0.214724	0.214724
16	Gm16_26388054	26388054	0.368421	0.167363	-0.167363	0.167363
16	Gm16_26388560	26388560	0.371711	0.156182	-0.156182	0.156182
16	Gm16_26388580	26388580	0.368421	0.163847	-0.163847	0.163847
16	Gm16_26388586	26388586	0.358553	0.203584	-0.203584	0.203584
16	Gm16_26388616	26388616	0.361842	0.177344	-0.177344	0.177344
16	Gm16_26388882	26388882	0.368421	0.154287	-0.154287	0.154287
16	Gm16_26405912	26405912	0.358553	0.189878	-0.189878	0.189878
16	Gm16_26420997	26420997	0.398026	0.226396	-0.226396	0.226396
16	Gm16_26445810	26445810	0.401316	0.211357	-0.211357	0.211357
16	Gm16_26445843	26445843	0.401316	0.211027	-0.211027	0.211027
16	Gm16_26450230	26450230	0.0657895	0.501517	-0.501517	0.501517
16	Gm16_26450546	26450546	0.0690789	0.468119	-0.468119	0.468119
16	Gm16_26450581	26450581	0.315789	0.485916	-0.485916	0.485916
16	Gm16_26451678	26451678	0.407895	0.216891	-0.216891	0.216891
16	Gm16_26461246	26461246	0.384868	0.296621	-0.296621	0.296621
16	Gm16_26461420	26461420	0.483553	-0.0100811	0.0100811	-0.0100811
16	Gm16_26462697	26462697	0.411184	0.213955	-0.213955	0.213955
16	Gm16_26462719	26462719	0.486842	-0.0200166	0.0200166	-0.0200166
16	Gm16_26462904	26462904	0.315789	0.490086	-0.490086	0.490086
16	Gm16_26463142	26463142	0.411184	0.196423	-0.196423	0.196423
16	Gm16_26463172	26463172	0.411184	0.196066	-0.196066	0.196066
16	Gm16_26463702	26463702	0.414474	0.184998	-0.184998	0.184998
16	Gm16_26464004	26464004	0.414474	0.184639	-0.184639	0.184639
16	Gm16_26485278	26485278	0.144737	0.0398712	-0.0398712	0.0398712
16	Gm16_26485336	26485336	0.167763	-0.0907949	0.0907949	-0.0907949
16	Gm16_26506081	26506081	0.0690789	0.416741	-0.416741	0.416741
16	Gm16_26506259	26506259	0.0690789	0.416575	-0.416575	0.416575
16	Gm16_26508499	26508499	0.0690789	0.416435	-0.416435	0.416435
16	Gm16_26541758	26541758	0.486842	-0.0886637	0.0886637	-0.0886637
16	Gm16_26541797	26541797	0.0855263	0.206289	-0.206289	0.206289
16	Gm16_26541951	26541951	0.0855263	0.206237	-0.206237	0.206237
16	Gm16_26542005	26542005	0.0822368	0.242175	-0.242175	0.242175
16	Gm16_26542356	26542356	0.0690789	0.394582	-0.394582	0.394582
16	Gm16_26546256	26546256	0.0822368	0.243571	-0.243571	0.243571
16	Gm16_26546310	26546310	0.0822368	0.24342	-0.24342	0.24342
16	Gm16_26546332	26546332	0.0855263	0.206305	-0.206305	0.206305
16	Gm16_26546351	26546351	0.0822368	0.243547	-0.243547	0.243547
16	Gm16_26546503	26546503	0.167763	-0.128585	0.128585	-0.128585
16	Gm16_26546565	26546565	0.0756579	0.321301	-0.321301	0.321301
16	Gm16_26549543	26549543	0.144737	-0.0359939	0.0359939	-0.0359939
16	Gm16_26574715	26574715	0.404605	0.145624	-0.145624	0.145624
16	Gm16_26606945	26606945	0.151316	-0.0138459	0.0138459	-0.0138459
16	Gm16_26657853	26657853	0.496711	-0.138291	0.138291	-0.138291
16	Gm16_26662326	26662326	0.493421	-0.127706	0.127706	-0.127706
16	Gm16_26662336	26662336	0.164474	-0.090661	0.090661	-0.090661
16	Gm16_26664889	26664889	0.0690789	0.419353	-0.419353	0.419353
16	Gm16_26665018	26665018	0.164474	-0.0957775	0.0957775	-0.0957775
16	Gm16_26665231	26665231	0.496711	-0.137949	0.137949	-0.137949
16	Gm16_26665287	26665287	0.0657895	0.433815	-0.433815	0.433815
16	Gm16_26665399	26665399	0.0789474	0.306375	-0.306375	0.306375
16	Gm16_26694486	26694486	0.0723684	0.365168	-0.365168	0.365168
16	Gm16_26728458	26728458	0.404605	0.143505	-0.143505	0.143505
16	Gm16_26736456	26736456	0.398026	0.166566	-0.166566	0.166566
16	Gm16_26784570	26784570	0.0657895	0.438719	-0.438719	0.438719
16	Gm16_26815517	26815517	0.325658	0.407377	-0.407377	0.407377
16	Gm16_26826910	26826910	0.243421	0.24476	-0.24476	0.24476
16	Gm16_26833014	26833014	0.0789474	0.273397	-0.273397	0.273397
16	Gm16_26903205	26903205	0.427632	-0.101029	0.101029	-0.101029
16	Gm16_26903229	26903229	0.460526	-0.206062	0.206062	-0.206062
16	Gm16_26903657	26903657	0.0592105	0.570521	-0.570521	0.570521
16	Gm16_26903867	26903867	0.361842	0.100068	-0.100068	0.100068
16	Gm16_26903936	26903936	0.424342	-0.0986628	0.0986628	-0.0986628
16	Gm16_26904167	26904167	0.0592105	0.572558	-0.572558	0.572558
16	Gm16_26904205	26904205	0.358553	0.109936	-0.109936	0.109936
16	Gm16_26912038	26912038	0.430921	-0.0977998	0.0977998	-0.0977998
16	Gm16_26953001	26953001	0.223684	0.340546	-0.340546	0.340546
16	Gm16_26953037	26953037	0.223684	0.341076	-0.341076	0.341076
16	Gm16_26962465	26962465	0.223684	0.342047	-0.342047	0.342047
16	Gm16_27015315	27015315	0.365132	0.200725	-0.200725	0.200725
16	Gm16_27015348	27015348	0.365132	0.201522	-0.201522	0.201522
16	Gm16_27015545	27015545	0.371711	0.181536	-0.181536	0.181536
16	Gm16_27050011	27050011	0.4375	-0.0326036	0.0326036	-0.0326036
16	Gm16_27050233	27050233	0.351974	0.242056	-0.242056	0.242056
16	Gm16_27057930	27057930	0.351974	0.246922	-0.246922	0.246922
16	Gm16_27057940	27057940	0.351974	0.247912	-0.247912	0.247912
16	Gm16_27057949	27057949	0.351974	0.248905	-0.248905	0.248905
16	Gm16_27058221	27058221	0.440789	0.0117641	-0.0117641	0.0117641
16	Gm16_27163762	27163762	0.371711	0.0976161	-0.0976161	0.0976161
16	Gm16_27163772	27163772	0.391447	0.202353	-0.202353	0.202353
16	Gm16_27189468	27189468	0.411184	0.118999	-0.118999	0.118999
16	Gm16_27189477	27189477	0.411184	0.119256	-0.119256	0.119256
16	Gm16_27189491	27189491	0.473684	-0.0591528	0.0591528	-0.0591528
16	Gm16_27296138	27296138	0.263158	0.231956	-0.231956	0.231956
16	Gm16_27296165	27296165	0.263158	0.445572	-0.445572	0.445572
16	Gm16_27296445	27296445	0.171053	0.599815	-0.599815	0.599815
16	Gm16_27296457	27296457	0.256579	0.46422	-0.46422	0.46422
16	Gm16_27296468	27296468	0.157895	0.638815	-0.638815	0.638815
16	Gm16_27301827	27301827	0.154605	0.659167	-0.659167	0.659167
16	Gm16_27302091	27302091	0.190789	0.480475	-0.480475	0.480475
16	Gm16_27302101	27302101	0.171053	0.568541	-0.568541	0.568541
16	Gm16_27302162	27302162	0.190789	0.480851	-0.480851	0.480851
16	Gm16_27316764	27316764	0.190789	0.450461	-0.450461	0.450461
16	Gm16_27317583	27317583	0.161184	0.610933	-0.610933	0.610933
16	Gm16_27317930	27317930	0.154605	0.65076	-0.65076	0.65076
16	Gm16_27317938	27317938	0.157895	0.607203	-0.607203	0.607203
16	Gm16_27395315	27395315	0.171053	0.527191	-0.527191	0.527191
16	Gm16_27395366	27395366	0.177632	0.489726	-0.489726	0.489726
16	Gm16_27395383	27395383	0.177632	0.489648	-0.489648	0.489648
16	Gm16_27395457	27395457	0.157895	0.640792	-0.640792	0.640792
16	Gm16_27395795	27395795	0.157895	0.630694	-0.630694	0.630694
16	Gm16_27395969	27395969	0.342105	0.127817	-0.127817	0.127817
16	Gm16_27396172	27396172	0.375	0.0210398	-0.0210398	0.0210398
16	Gm16_27396210	27396210	0.157895	0.650591	-0.650591	0.650591
16	Gm16_27403235	27403235	0.174342	0.509012	-0.509012	0.509012
16	Gm16_27409686	27409686	0.394737	0.240626	-0.240626	0.240626
16	Gm16_27413705	27413705	0.394737	0.236421	-0.236421	0.236421
16	Gm16_27413744	27413744	0.394737	0.242271	-0.242271	0.242271
16	Gm16_27413782	27413782	0.398026	0.216625	-0.216625	0.216625
16	Gm16_27413800	27413800	0.167763	0.58799	-0.58799	0.58799
16	Gm16_27413812	27413812	0.167763	0.587864	-0.587864	0.587864
16	Gm16_27413822	27413822	0.398026	0.214978	-0.214978	0.214978
16	Gm16_27431082	27431082	0.151316	0.676786	-0.676786	0.676786
16	Gm16_27456161	27456161	0.171053	0.560468	-0.560468	0.560468
16	Gm16_27458127	27458127	0.266447	0.423426	-0.423426	0.423426
16	Gm16_27458203	27458203	0.157895	0.712725	-0.712725	0.712725
16	Gm16_27462843	27462843	0.269737	0.397862	-0.397862	0.397862
16	Gm16_27463052	27463052	0.269737	0.397212	-0.397212	0.397212
16	Gm16_27463066	27463066	0.151316	0.680681	-0.680681	0.680681
16	Gm16_27468153	27468153	0.151316	0.680546	-0.680546	0.680546
16	Gm16_27468183	27468183	0.444079	0.0158611	-0.0158611	0.0158611
16	Gm16_27476509	27476509	0.151316	0.681737	-0.681737	0.681737
16	Gm16_27539107	27539107	0.279605	0.372444	-0.372444	0.372444
16	Gm16_27539246	27539246	0.394737	0.198988	-0.198988	0.198988
16	Gm16_27539267	27539267	0.394737	0.199357	-0.199357	0.199357
16	Gm16_27539283	27539283	0.394737	0.199769	-0.199769	0.199769
16	Gm16_27541868	27541868	0.220395	0.554498	-0.554498	0.554498
16	Gm16_27567641	27567641	0.164474	0.725838	-0.725838	0.725838
16	Gm16_27567889	27567889	0.3125	0.305256	-0.305256	0.305256
16	Gm16_27571823	27571823	0.217105	0.429976	-0.429976	0.429976
16	Gm16_27571841	27571841	0.217105	0.429858	-0.429858	0.429858
16	Gm16_27571877	27571877	0.246711	0.540499	-0.540499	0.540499
16	Gm16_27573993	27573993	0.263158	0.23549	-0.23549	0.23549
16	Gm16_27574009	27574009	0.3125	0.33588	-0.33588	0.33588
16	Gm16_27677506	27677506	0.230263	0.451776	-0.451776	0.451776
16	Gm16_27677513	27677513	0.230263	0.450246	-0.450246	0.450246
16	Gm16_27677631	27677631	0.240132	0.404012	-0.404012	0.404012
16	Gm16_27677867	27677867	0.361842	-0.00117693	0.00117693	-0.00117693
16	Gm16_27677913	27677913	0.371711	-0.0372671	0.0372671	-0.0372671
16	Gm16_27678245	27678245	0.226974	0.47406	-0.47406	0.47406
16	Gm16_27689007	27689007	0.450658	-0.141372	0.141372	-0.141372
16	Gm16_27689015	27689015	0.457237	-0.165093	0.165093	-0.165093
16	Gm16_27689814	27689814	0.434211	-0.0957211	0.0957211	-0.0957211
16	Gm16_27690036	27690036	0.404605	0.424419	-0.424419	0.424419
16	Gm16_27690045	27690045	0.167763	0.434662	-0.434662	0.434662
16	Gm16_27690069	27690069	0.226974	0.465145	-0.465145	0.465145
16	Gm16_27690084	27690084	0.434211	-0.118105	0.118105	-0.118105
16	Gm16_27710676	27710676	0.391447	0.0615665	-0.0615665	0.0615665
16	Gm16_27710699	27710699	0.233553	0.420792	-0.420792	0.420792
16	Gm16_27713116	27713116	0.174342	0.36675	-0.36675	0.36675
16	Gm16_27713122	27713122	0.180921	0.329059	-0.329059	0.329059
16	Gm16_27717021	27717021	0.167763	0.40604	-0.40604	0.40604
16	Gm16_27757632	27757632	0.105263	0.345713	-0.345713	0.345713
16	Gm16_27757682	27757682	0.105263	0.346659	-0.346659	0.346659
16	Gm16_27763007	27763007	0.338816	0.103773	-0.103773	0.103773
16	Gm16_27791999	27791999	0.184211	0.546471	-0.546471	0.546471
16	Gm16_27806281	27806281	0.457237	0.294772	-0.294772	0.294772
16	Gm16_27806571	27806571	0.180921	0.563726	-0.563726	0.563726
16	Gm16_27806581	27806581	0.457237	0.275846	-0.275846	0.275846
16	Gm16_27806641	27806641	0.457237	0.276475	-0.276475	0.276475
16	Gm16_27806657	27806657	0.457237	0.277104	-0.277104	0.277104
16	Gm16_27806814	27806814	0.457237	0.277731	-0.277731	0.277731
16	Gm16_27806828	27806828	0.457237	0.278355	-0.278355	0.278355
16	Gm16_27822740	27822740	0.309211	0.0615833	-0.0615833	0.0615833
16	Gm16_27822752	27822752	0.309211	0.0606934	-0.0606934	0.0606934
16	Gm16_27869489	27869489	0.105263	0.382555	-0.382555	0.382555
16	Gm16_27887483	27887483	0.190789	0.505963	-0.505963	0.505963
16	Gm16_27965452	27965452	0.315789	0.200351	-0.200351	0.200351
16	Gm16_27978003	27978003	0.490132	-0.451635	0.451635	-0.451635
16	Gm16_27984699	27984699	0.480263	-0.458925	0.458925	-0.458925
16	Gm16_27987456	27987456	0.467105	-0.415948	0.415948	-0.415948
16	Gm16_27987476	27987476	0.144737	0.441303	-0.441303	0.441303
16	Gm16_27987772	27987772	0.421053	-0.286633	0.286633	-0.286633
16	Gm16_28019641	28019641	0.322368	-0.130429	0.130429	-0.130429
16	Gm16_28019673	28019673	0.180921	0.394534	-0.394534	0.394534
16	Gm16_28019684	28019684	0.174342	0.428148	-0.428148	0.428148
16	Gm16_28036908	28036908	0.345395	-0.0943521	0.0943521	-0.0943521
16	Gm16_28078797	28078797	0.332237	-0.20441	0.20441	-0.20441
16	Gm16_28104465	28104465	0.279605	-0.0112277	0.0112277	-0.0112277
16	Gm16_28104494	28104494	0.276316	0.00126542	-0.00126542	0.00126542
16	Gm16_28150194	28150194	0.256579	0.0676681	-0.0676681	0.0676681
16	Gm16_28175037	28175037	0.263158	0.0382142	-0.0382142	0.0382142
16	Gm16_28216773	28216773	0.273026	0.00866663	-0.00866663	0.00866663
16	Gm16_28216778	28216778	0.273026	0.00889517	-0.00889517	0.00889517
16	Gm16_28217086	28217086	0.273026	0.00809237	-0.00809237	0.00809237
16	Gm16_28217102	28217102	0.273026	0.00745957	-0.00745957	0.00745957
16	Gm16_28232275	28232275	0.141447	0.445174	-0.445174	0.445174
16	Gm16_28232439	28232439	0.289474	-0.0469858	0.0469858	-0.0469858
16	Gm16_28232444	28232444	0.148026	0.535138	-0.535138	0.535138
16	Gm16_28233252	28233252	0.167763	0.294578	-0.294578	0.294578
16	Gm16_28233272	28233272	0.289474	-0.141464	0.141464	-0.141464
16	Gm16_28234318	28234318	0.289474	-0.144936	0.144936	-0.144936
16	Gm16_28235085	28235085	0.292763	-0.151611	0.151611	-0.151611
16	Gm16_28235364	28235364	0.292763	-0.152171	0.152171	-0.152171
16	Gm16_28269551	28269551	0.0953947	0.257428	-0.257428	0.257428
16	Gm16_28277569	28277569	0.3125	-0.23776	0.23776	-0.23776
16	Gm16_28285012	28285012	0.296053	-0.18366	0.18366	-0.18366
16	Gm16_28286364	28286364	0.111842	0.135484	-0.135484	0.135484
16	Gm16_28286393	28286393	0.289474	-0.156731	0.156731	-0.156731
16	Gm16_28286453	28286453	0.246711	0.00594336	-0.00594336	0.00594336
16	Gm16_28286494	28286494	0.240132	0.0356523	-0.0356523	0.0356523
16	Gm16_28286771	28286771	0.246711	0.00508493	-0.00508493	0.00508493
16	Gm16_28287108	28287108	0.0921053	0.2842	-0.2842	0.2842
16	Gm16_28296817	28296817	0.305921	-0.221502	0.221502	-0.221502
16	Gm16_28313374	28313374	0.0526316	0.124306	-0.124306	0.124306
16	Gm16_28313385	28313385	0.0526316	0.125081	-0.125081	0.125081
16	Gm16_28313420	28313420	0.161184	0.358039	-0.358039	0.358039
16	Gm16_28313693	28313693	0.0526316	0.128485	-0.128485	0.128485
16	Gm16_28313855	28313855	0.236842	-0.02462	0.02462	-0.02462
16	Gm16_28321489	28321489	0.151316	0.409665	-0.409665	0.409665
16	Gm16_28321775	28321775	0.108553	0.133942	-0.133942	0.133942
16	Gm16_28324374	28324374	0.325658	-0.300772	0.300772	-0.300772
16	Gm16_28324499	28324499	0.0657895	-0.0453448	0.0453448	-0.0453448
16	Gm16_28324563	28324563	0.0855263	0.333517	-0.333517	0.333517
16	Gm16_28331371	28331371	0.0559211	0.0795696	-0.0795696	0.0795696
16	Gm16_28331393	28331393	0.0855263	0.336369	-0.336369	0.336369
16	Gm16_28331548	28331548	0.0559211	0.0795822	-0.0795822	0.0795822
16	Gm16_28331613	28331613	0.325658	-0.299271	0.299271	-0.299271
16	Gm16_28344824	28344824	0.177632	0.264588	-0.264588	0.264588
16	Gm16_28344845	28344845	0.0526316	0.133495	-0.133495	0.133495
16	Gm16_28350285	28350285	0.0986842	0.229972	-0.229972	0.229972
16	Gm16_28350509	28350509	0.322368	-0.292675	0.292675	-0.292675
16	Gm16_28357361	28357361	0.0986842	0.231612	-0.231612	0.231612
16	Gm16_28357400	28357400	0.213816	0.0774088	-0.0774088	0.0774088
16	Gm16_28357568	28357568	0.157895	0.366124	-0.366124	0.366124
16	Gm16_28357606	28357606	0.154605	0.386808	-0.386808	0.386808
16	Gm16_28376026	28376026	0.302632	-0.223264	0.223264	-0.223264
16	Gm16_28376033	28376033	0.302632	-0.222936	0.222936	-0.222936
16	Gm16_28376369	28376369	0.302632	-0.222821	0.222821	-0.222821
16	Gm16_28376603	28376603	0.154605	0.384905	-0.384905	0.384905
16	Gm16_28376631	28376631	0.0789474	0.37277	-0.37277	0.37277
16	Gm16_28376842	28376842	0.200658	0.13125	-0.13125	0.13125
16	Gm16_28376884	28376884	0.0789474	0.386274	-0.386274	0.386274
16	Gm16_28393050	28393050	0.151316	0.398273	-0.398273	0.398273
16	Gm16_28393160	28393160	0.177632	0.176805	-0.176805	0.176805
16	Gm16_28393178	28393178	0.148026	0.343628	-0.343628	0.343628
16	Gm16_28393367	28393367	0.148026	0.343033	-0.343033	0.343033
16	Gm16_28420995	28420995	0.1875	0.150225	-0.150225	0.150225
16	Gm16_28425956	28425956	0.1875	0.151243	-0.151243	0.151243
16	Gm16_28428548	28428548	0.177632	0.210318	-0.210318	0.210318
16	Gm16_28428752	28428752	0.180921	0.191126	-0.191126	0.191126
16	Gm16_28428759	28428759	0.0822368	0.421592	-0.421592	0.421592
16	Gm16_28438147	28438147	0.460526	-0.463941	0.463941	-0.463941
16	Gm16_28465408	28465408	0.210526	0.28039	-0.28039	0.28039
16	Gm16_28465430	28465430	0.0822368	0.494722	-0.494722	0.494722
16	Gm16_28512931	28512931	0.381579	-0.0916998	0.0916998	-0.0916998
16	Gm16_28513147	28513147	0.0822368	0.505813	-0.505813	0.505813
16	Gm16_28513196	28513196	0.296053	-0.00528091	0.00528091	-0.00528091
16	Gm16_28515961	28515961	0.463816	-0.326792	0.326792	-0.326792
16	Gm16_28535756	28535756	0.203947	0.316061	-0.316061	0.316061
16	Gm16_28535923	28535923	0.296053	-0.0160633	0.0160633	-0.0160633
16	Gm16_28535979	28535979	0.197368	0.347812	-0.347812	0.347812
16	Gm16_28536249	28536249	0.460526	-0.321389	0.321389	-0.321389
16	Gm16_28556559	28556559	0.157895	0.528725	-0.528725	0.528725
16	Gm16_28556569	28556569	0.0822368	0.504144	-0.504144	0.504144
16	Gm16_28556646	28556646	0.207237	0.29363	-0.29363	0.29363
16	Gm16_28563035	28563035	0.203947	0.309479	-0.309479	0.309479
16	Gm16_28563093	28563093	0.394737	-0.143549	0.143549	-0.143549
16	Gm16_28563285	28563285	0.0822368	0.504354	-0.504354	0.504354
16	Gm16_28571839	28571839	0.161184	0.506684	-0.506684	0.506684
16	Gm16_28571851	28571851	0.470395	-0.350139	0.350139	-0.350139
16	Gm16_28571873	28571873	0.161184	0.510916	-0.510916	0.510916
16	Gm16_28594386	28594386	0.463816	-0.331733	0.331733	-0.331733
16	Gm16_28594433	28594433	0.154605	0.549508	-0.549508	0.549508
16	Gm16_28634285	28634285	0.115132	0.251672	-0.251672	0.251672
16	Gm16_28634307	28634307	0.319079	-0.105339	0.105339	-0.105339
16	Gm16_28634327	28634327	0.115132	0.252054	-0.252054	0.252054
16	Gm16_28650365	28650365	0.197368	0.329805	-0.329805	0.329805
16	Gm16_28677091	28677091	0.197368	0.318264	-0.318264	0.318264
16	Gm16_28705705	28705705	0.220395	0.240622	-0.240622	0.240622
16	Gm16_28706196	28706196	0.493421	0.404351	-0.404351	0.404351
16	Gm16_28715240	28715240	0.430921	-0.180202	0.180202	-0.180202
16	Gm16_28716930	28716930	0.3125	-0.0210217	0.0210217	-0.0210217
16	Gm16_28725511	28725511	0.108553	0.507713	-0.507713	0.507713
16	Gm16_28751860	28751860	0.368421	0.676183	-0.676183	0.676183
16	Gm16_28751875	28751875	0.108553	0.511369	-0.511369	0.511369
16	Gm16_28751900	28751900	0.210526	0.225233	-0.225233	0.225233
16	Gm16_28751918	28751918	0.0953947	0.482331	-0.482331	0.482331
16	Gm16_28762294	28762294	0.421053	-0.19648	0.19648	-0.19648
16	Gm16_28767736	28767736	0.424342	-0.205479	0.205479	-0.205479
16	Gm16_28767755	28767755	0.4375	-0.244786	0.244786	-0.244786
16	Gm16_28767900	28767900	0.207237	0.352215	-0.352215	0.352215
16	Gm16_28767952	28767952	0.4375	-0.259317	0.259317	-0.259317
16	Gm16_28767967	28767967	0.207237	0.313833	-0.313833	0.313833
16	Gm16_28801084	28801084	0.125	0.250668	-0.250668	0.250668
16	Gm16_28801108	28801108	0.157895	0.572013	-0.572013	0.572013
16	Gm16_28804602	28804602	0.0953947	0.461317	-0.461317	0.461317
16	Gm16_28813440	28813440	0.177632	0.445663	-0.445663	0.445663
16	Gm16_28826550	28826550	0.157895	0.561917	-0.561917	0.561917
16	Gm16_28838343	28838343	0.101974	0.449165	-0.449165	0.449165
16	Gm16_28838376	28838376	0.101974	0.450186	-0.450186	0.450186
16	Gm16_28838393	28838393	0.101974	0.451332	-0.451332	0.451332
16	Gm16_28838874	28838874	0.148026	0.252012	-0.252012	0.252012
16	Gm16_28838920	28838920	0.148026	0.251123	-0.251123	0.251123
16	Gm16_28853513	28853513	0.157895	0.598957	-0.598957	0.598957
16	Gm16_28853526	28853526	0.25	-0.00597568	0.00597568	-0.00597568
16	Gm16_28853936	28853936	0.154605	0.621596	-0.621596	0.621596
16	Gm16_28856121	28856121	0.355263	0.688303	-0.688303	0.688303
16	Gm16_28856157	28856157	0.407895	-0.13456	0.13456	-0.13456
16	Gm16_28867910	28867910	0.411184	-0.145109	0.145109	-0.145109
16	Gm16_28868118	28868118	0.414474	-0.15821	0.15821	-0.15821
16	Gm16_28984608	28984608	0.358553	0.666962	-0.666962	0.666962
16	Gm16_28984664	28984664	0.361842	0.656218	-0.656218	0.656218
16	Gm16_29006414	29006414	0.138158	0.360216	-0.360216	0.360216
16	Gm16_29006563	29006563	0.217105	0.18693	-0.18693	0.18693
16	Gm16_29006625	29006625	0.217105	0.188549	-0.188549	0.188549
16	Gm16_29007475	29007475	0.115132	0.431579	-0.431579	0.431579
16	Gm16_29102309	29102309	0.174342	0.590494	-0.590494	0.590494
16	Gm16_29119497	29119497	0.401316	0.56039	-0.56039	0.56039
16	Gm16_29119502	29119502	0.467105	-0.231685	0.231685	-0.231685
16	Gm16_29119759	29119759	0.414474	-0.240796	0.240796	-0.240796
16	Gm16_29119765	29119765	0.414474	-0.239476	0.239476	-0.239476
16	Gm16_29120994	29120994	0.398026	0.543135	-0.543135	0.543135
16	Gm16_29121142	29121142	0.398026	0.541389	-0.541389	0.541389
16	Gm16_29148572	29148572	0.0953947	0.679129	-0.679129	0.679129
16	Gm16_29148616	29148616	0.171053	0.589713	-0.589713	0.589713
16	Gm16_29188595	29188595	0.0921053	0.718893	-0.718893	0.718893
16	Gm16_29193257	29193257	0.391447	-0.109858	0.109858	-0.109858
16	Gm16_29193263	29193263	0.424342	-0.213174	0.213174	-0.213174
16	Gm16_29211869	29211869	0.269737	0.190884	-0.190884	0.190884
16	Gm16_29227415	29227415	0.279605	0.640047	-0.640047	0.640047
16	Gm16_29227423	29227423	0.279605	0.639068	-0.639068	0.639068
16	Gm16_29227483	29227483	0.276316	0.651889	-0.651889	0.651889
16	Gm16_29227655	29227655	0.161184	0.709767	-0.709767	0.709767
16	Gm16_29315493	29315493	0.0657895	0.0636054	-0.0636054	0.0636054
16	Gm16_29315504	29315504	0.269737	0.185745	-0.185745	0.185745
16	Gm16_29315734	29315734	0.5	0.0688332	-0.0688332	0.0688332
16	Gm16_29332534	29332534	0.335526	0.283277	-0.283277	0.283277
16	Gm16_29332823	29332823	0.342105	0.259153	-0.259153	0.259153
16	Gm16_29387204	29387204	0.375	0.152742	-0.152742	0.152742
16	Gm16_29387246	29387246	0.342105	0.264983	-0.264983	0.264983
16	Gm16_29405952	29405952	0.332237	0.301108	-0.301108	0.301108
16	Gm16_29405971	29405971	0.332237	0.301291	-0.301291	0.301291
16	Gm16_29417778	29417778	0.407895	0.0459999	-0.0459999	0.0459999
16	Gm16_29461609	29461609	0.378289	0.142702	-0.142702	0.142702
16	Gm16_29461636	29461636	0.309211	0.387812	-0.387812	0.387812
16	Gm16_29461771	29461771	0.375	0.156921	-0.156921	0.156921
16	Gm16_29516268	29516268	0.292763	0.397189	-0.397189	0.397189
16	Gm16_29535876	29535876	0.0756579	-0.0120798	0.0120798	-0.0120798
16	Gm16_29537425	29537425	0.401316	0.0829476	-0.0829476	0.0829476
16	Gm16_29537589	29537589	0.421053	0.0169876	-0.0169876	0.0169876
16	Gm16_29559842	29559842	0.365132	0.191985	-0.191985	0.191985
16	Gm16_29564092	29564092	0.361842	0.198359	-0.198359	0.198359
16	Gm16_29642764	29642764	0.348684	0.261011	-0.261011	0.261011
16	Gm16_29642978	29642978	0.348684	0.261359	-0.261359	0.261359
16	Gm16_29711012	29711012	0.355263	0.116369	-0.116369	0.116369
16	Gm16_29715961	29715961	0.407895	-0.0667781	0.0667781	-0.0667781
16	Gm16_29716558	29716558	0.351974	0.13045	-0.13045	0.13045
16	Gm16_29716573	29716573	0.407895	-0.0640459	0.0640459	-0.0640459
16	Gm16_29716615	29716615	0.401316	-0.0411133	0.0411133	-0.0411133
16	Gm16_29716950	29716950	0.355263	0.116294	-0.116294	0.116294
16	Gm16_29716977	29716977	0.355263	0.11644	-0.11644	0.11644
16	Gm16_29717104	29717104	0.358553	0.104948	-0.104948	0.104948
16	Gm16_29717448	29717448	0.358553	0.105088	-0.105088	0.105088
16	Gm16_29717454	29717454	0.407895	-0.0519301	0.0519301	-0.0519301
16	Gm16_29753946	29753946	0.0657895	0.563333	-0.563333	0.563333
16	Gm16_29753970	29753970	0.0657895	0.563667	-0.563667	0.563667
16	Gm16_29753991	29753991	0.0657895	0.563472	-0.563472	0.563472
16	Gm16_29754187	29754187	0.483553	-0.241757	0.241757	-0.241757
16	Gm16_29838965	29838965	0.496711	0.297307	-0.297307	0.297307
16	Gm16_29839397	29839397	0.0690789	0.412265	-0.412265	0.412265
16	Gm16_29843960	29843960	0.0723684	-0.124405	0.124405	-0.124405
16	Gm16_29871720	29871720	0.177632	0.109357	-0.109357	0.109357
16	Gm16_29881122	29881122	0.174342	0.0839491	-0.0839491	0.0839491
16	Gm16_29881462	29881462	0.171053	0.102107	-0.102107	0.102107
16	Gm16_29882894	29882894	0.0625	0.476695	-0.476695	0.476695
16	Gm16_29882923	29882923	0.0657895	0.429469	-0.429469	0.429469
16	Gm16_29883187	29883187	0.0657895	0.428893	-0.428893	0.428893
16	Gm16_29887147	29887147	0.0657895	0.428902	-0.428902	0.428902
16	Gm16_29887448	29887448	0.0657895	0.428464	-0.428464	0.428464
16	Gm16_29890359	29890359	0.0592105	0.523284	-0.523284	0.523284
16	Gm16_29890366	29890366	0.0592105	0.522976	-0.522976	0.522976
16	Gm16_29950553	29950553	0.118421	0.405332	-0.405332	0.405332
16	Gm16_29985523	29985523	0.194079	-0.0218204	0.0218204	-0.0218204
16	Gm16_29985539	29985539	0.194079	-0.0212865	0.0212865	-0.0212865
16	Gm16_29985567	29985567	0.197368	-0.0367057	0.0367057	-0.0367057
16	Gm16_29994643	29994643	0.200658	-0.0522962	0.0522962	-0.0522962
16	Gm16_29994652	29994652	0.200658	-0.0512807	0.0512807	-0.0512807
16	Gm16_30007110	30007110	0.0559211	0.0387826	-0.0387826	0.0387826
16	Gm16_30011861	30011861	0.115132	0.445516	-0.445516	0.445516
16	Gm16_30033613	30033613	0.121711	0.393212	-0.393212	0.393212
16	Gm16_30038012	30038012	0.1875	-0.00771821	0.00771821	-0.00771821
16	Gm16_30056792	30056792	0.220395	-0.0602672	0.0602672	-0.0602672
16	Gm16_30056817	30056817	0.115132	0.458113	-0.458113	0.458113
16	Gm16_30057026	30057026	0.0822368	0.342601	-0.342601	0.342601
16	Gm16_30060864	30060864	0.121711	0.0277504	-0.0277504	0.0277504
16	Gm16_30124735	30124735	0.240132	-0.143697	0.143697	-0.143697
16	Gm16_30129260	30129260	0.121711	0.025027	-0.025027	0.025027
16	Gm16_30132284	30132284	0.125	-0.000119246	0.000119246	-0.000119246
16	Gm16_30152429	30152429	0.0756579	0.413075	-0.413075	0.413075
16	Gm16_30152469	30152469	0.236842	-0.115821	0.115821	-0.115821
16	Gm16_30152651	30152651	0.236842	-0.116085	0.116085	-0.116085
16	Gm16_30176565	30176565	0.391447	-0.042291	0.042291	-0.042291
16	Gm16_30197960	30197960	0.0625	0.0132728	-0.0132728	0.0132728
16	Gm16_30200543	30200543	0.0756579	0.499286	-0.499286	0.499286
16	Gm16_30204460	30204460	0.0789474	0.461534	-0.461534	0.461534
16	Gm16_30204485	30204485	0.368421	0.0454597	-0.0454597	0.0454597
16	Gm16_30204745	30204745	0.358553	0.0509697	-0.0509697	0.0509697
16	Gm16_30208051	30208051	0.282895	0.334759	-0.334759	0.334759
16	Gm16_30208074	30208074	0.427632	-0.152712	0.152712	-0.152712
16	Gm16_30208085	30208085	0.282895	0.32782	-0.32782	0.32782
16	Gm16_30208247	30208247	0.361842	0.0682037	-0.0682037	0.0682037
16	Gm16_30217476	30217476	0.401316	-0.0677849	0.0677849	-0.0677849
16	Gm16_30229278	30229278	0.0690789	0.555862	-0.555862	0.555862
16	Gm16_30238073	30238073	0.335526	0.12533	-0.12533	0.12533
16	Gm16_30256101	30256101	0.328947	0.149864	-0.149864	0.149864
16	Gm16_30256846	30256846	0.286184	0.306913	-0.306913	0.306913
16	Gm16_30256857	30256857	0.286184	0.307704	-0.307704	0.307704
16	Gm16_30260626	30260626	0.289474	0.294985	-0.294985	0.294985
16	Gm16_30260941	30260941	0.286184	0.309016	-0.309016	0.309016
16	Gm16_30273685	30273685	0.164474	0.276754	-0.276754	0.276754
16	Gm16_30273702	30273702	0.236842	0.277058	-0.277058	0.277058
16	Gm16_30273725	30273725	0.236842	0.276883	-0.276883	0.276883
16	Gm16_30273740	30273740	0.207237	0.412506	-0.412506	0.412506
16	Gm16_30273758	30273758	0.401316	-0.178361	0.178361	-0.178361
16	Gm16_30274264	30274264	0.0953947	0.63564	-0.63564	0.63564
16	Gm16_30291864	30291864	0.164474	0.447092	-0.447092	0.447092
16	Gm16_30305219	30305219	0.230263	0.387463	-0.387463	0.387463
16	Gm16_30311014	30311014	0.0986842	0.697773	-0.697773	0.697773
16	Gm16_30314223	30314223	0.200658	0.517279	-0.517279	0.517279
16	Gm16_30314260	30314260	0.371711	0.0507291	-0.0507291	0.0507291
16	Gm16_30328518	30328518	0.375	0.0403817	-0.0403817	0.0403817
16	Gm16_30328530	30328530	0.378289	0.0336821	-0.0336821	0.0336821
16	Gm16_30328558	30328558	0.0986842	0.700913	-0.700913	0.700913
16	Gm16_30376756	30376756	0.407895	-0.057739	0.057739	-0.057739
16	Gm16_30376823	30376823	0.335526	0.490206	-0.490206	0.490206
16	Gm16_30397806	30397806	0.335526	0.490092	-0.490092	0.490092
16	Gm16_30436245	30436245	0.141447	0.101433	-0.101433	0.101433
16	Gm16_30436255	30436255	0.0822368	0.479027	-0.479027	0.479027
