chr	id	pos	freq	ihh12
14	Gm14_1035857	1035857	0.427632	0
14	Gm14_1043195	1043195	0.125	0
14	Gm14_1078067	1078067	0.0822368	0
14	Gm14_1078072	1078072	0.128289	0
14	Gm14_1133105	1133105	0.0756579	0
14	Gm14_1243085	1243085	0.269737	0
14	Gm14_1243675	1243675	0.194079	0
14	Gm14_1269695	1269695	0.0526316	0
14	Gm14_1296974	1296974	0.0986842	0
14	Gm14_1297203	1297203	0.0986842	0
14	Gm14_1324809	1324809	0.444079	0
14	Gm14_1324854	1324854	0.444079	0
14	Gm14_1326015	1326015	0.450658	0
14	Gm14_1394655	1394655	0.207237	0
14	Gm14_1394697	1394697	0.203947	0
14	Gm14_1412188	1412188	0.210526	0
14	Gm14_1443177	1443177	0.210526	0
14	Gm14_1452120	1452120	0.213816	0
14	Gm14_1452691	1452691	0.213816	0
14	Gm14_1467460	1467460	0.217105	0
14	Gm14_1468342	1468342	0.220395	0
14	Gm14_1468591	1468591	0.220395	0
14	Gm14_1476019	1476019	0.4375	0
14	Gm14_1491917	1491917	0.210526	0
14	Gm14_1517373	1517373	0.223684	0
14	Gm14_1517407	1517407	0.233553	0
14	Gm14_1517584	1517584	0.213816	0
14	Gm14_1517622	1517622	0.213816	0
14	Gm14_1531959	1531959	0.296053	0
14	Gm14_1532008	1532008	0.253289	0
14	Gm14_1532031	1532031	0.296053	0
14	Gm14_1532343	1532343	0.210526	0
14	Gm14_1532718	1532718	0.296053	0
14	Gm14_1542029	1542029	0.25	0
14	Gm14_1557061	1557061	0.174342	0
14	Gm14_1581962	1581962	0.328947	0
14	Gm14_1606587	1606587	0.220395	0
14	Gm14_1631406	1631406	0.151316	0
14	Gm14_1664190	1664190	0.154605	0
14	Gm14_1704204	1704204	0.0559211	0
14	Gm14_1758800	1758800	0.411184	0
14	Gm14_1830770	1830770	0.171053	0
14	Gm14_1830815	1830815	0.171053	0
14	Gm14_1830937	1830937	0.171053	0
14	Gm14_1830990	1830990	0.171053	0
14	Gm14_1831014	1831014	0.391447	0
14	Gm14_1859255	1859255	0.190789	0
14	Gm14_1874930	1874930	0.407895	0
14	Gm14_1874941	1874941	0.174342	0
14	Gm14_1888621	1888621	0.25	0
14	Gm14_1892774	1892774	0.467105	0
14	Gm14_1914424	1914424	0.394737	0
14	Gm14_1920693	1920693	0.447368	0
14	Gm14_1942461	1942461	0.368421	0
14	Gm14_1944642	1944642	0.375	0
14	Gm14_1990996	1990996	0.365132	0
14	Gm14_2092183	2092183	0.210526	0
14	Gm14_2103441	2103441	0.121711	0
14	Gm14_2125068	2125068	0.0888158	0
14	Gm14_2125126	2125126	0.246711	0
14	Gm14_2136820	2136820	0.368421	0
14	Gm14_2224801	2224801	0.332237	0
14	Gm14_2238686	2238686	0.243421	0
14	Gm14_2238991	2238991	0.450658	0
14	Gm14_2239509	2239509	0.447368	0
14	Gm14_2250607	2250607	0.200658	0
14	Gm14_2262227	2262227	0.335526	0
14	Gm14_2262249	2262249	0.335526	0
14	Gm14_2264855	2264855	0.220395	0
14	Gm14_2265130	2265130	0.338816	0
14	Gm14_2277725	2277725	0.338816	0
14	Gm14_2277769	2277769	0.335526	0
14	Gm14_2277777	2277777	0.335526	0
14	Gm14_2278141	2278141	0.335526	0
14	Gm14_2331748	2331748	0.444079	0
14	Gm14_2501228	2501228	0.259868	0
14	Gm14_2579963	2579963	0.424342	0
14	Gm14_2579997	2579997	0.4375	0
14	Gm14_2645749	2645749	0.203947	0
14	Gm14_2686326	2686326	0.223684	0
14	Gm14_2686637	2686637	0.207237	0
14	Gm14_2693043	2693043	0.210526	0
14	Gm14_2697103	2697103	0.223684	0
14	Gm14_2767269	2767269	0.351974	0
14	Gm14_2820006	2820006	0.378289	0
14	Gm14_2868380	2868380	0.296053	0
14	Gm14_2868406	2868406	0.299342	0
14	Gm14_2912983	2912983	0.358553	0
14	Gm14_2913113	2913113	0.358553	0
14	Gm14_2934845	2934845	0.414474	0
14	Gm14_2935059	2935059	0.253289	0
14	Gm14_2956918	2956918	0.253289	0
14	Gm14_2956923	2956923	0.115132	0
14	Gm14_2960285	2960285	0.371711	0
14	Gm14_2965314	2965314	0.25	0
14	Gm14_2969813	2969813	0.411184	0
14	Gm14_2969858	2969858	0.407895	0
14	Gm14_3000529	3000529	0.190789	0
14	Gm14_3002662	3002662	0.309211	0
14	Gm14_3002948	3002948	0.302632	0
14	Gm14_3051618	3051618	0.220395	0
14	Gm14_3051823	3051823	0.253289	0
14	Gm14_3051846	3051846	0.414474	0
14	Gm14_3052063	3052063	0.4375	0
14	Gm14_3052125	3052125	0.365132	0
14	Gm14_3056277	3056277	0.174342	0
14	Gm14_3056291	3056291	0.398026	0
14	Gm14_3056492	3056492	0.427632	0
14	Gm14_3127412	3127412	0.358553	0
14	Gm14_3149962	3149962	0.348684	0
14	Gm14_3296814	3296814	0.342105	0
14	Gm14_3313334	3313334	0.266447	0
14	Gm14_3313410	3313410	0.345395	0
14	Gm14_3396931	3396931	0.427632	0
14	Gm14_3397425	3397425	0.368421	0
14	Gm14_3542168	3542168	0.0953947	0
14	Gm14_3542212	3542212	0.0953947	0
14	Gm14_3681096	3681096	0.0756579	0
14	Gm14_3685579	3685579	0.0756579	0
14	Gm14_3734288	3734288	0.0789474	0
14	Gm14_3750690	3750690	0.0756579	0
14	Gm14_3792058	3792058	0.276316	0
14	Gm14_3792245	3792245	0.276316	0
14	Gm14_3792250	3792250	0.276316	0
14	Gm14_3792261	3792261	0.276316	0
14	Gm14_3796944	3796944	0.289474	0
14	Gm14_3797239	3797239	0.305921	0
14	Gm14_3797253	3797253	0.305921	0
14	Gm14_3857311	3857311	0.299342	0
14	Gm14_3918770	3918770	0.398026	0
14	Gm14_3961890	3961890	0.322368	0
14	Gm14_4011480	4011480	0.299342	0
14	Gm14_4071208	4071208	0.0559211	0
14	Gm14_4127290	4127290	0.0625	0
14	Gm14_4127641	4127641	0.233553	0
14	Gm14_4132705	4132705	0.233553	0
14	Gm14_4135951	4135951	0.296053	0
14	Gm14_4168286	4168286	0.233553	0
14	Gm14_4168872	4168872	0.0657895	0
14	Gm14_4169205	4169205	0.0657895	0
14	Gm14_4170203	4170203	0.236842	0
14	Gm14_4176245	4176245	0.233553	0
14	Gm14_4176551	4176551	0.302632	0
14	Gm14_4178224	4178224	0.299342	0
14	Gm14_4178462	4178462	0.236842	0
14	Gm14_4178484	4178484	0.233553	0
14	Gm14_4178490	4178490	0.299342	0
14	Gm14_4267212	4267212	0.371711	0
14	Gm14_4287377	4287377	0.375	0
14	Gm14_4304129	4304129	0.384868	0
14	Gm14_4397598	4397598	0.345395	0
14	Gm14_4399973	4399973	0.345395	0
14	Gm14_4406646	4406646	0.309211	0
14	Gm14_4406670	4406670	0.345395	0
14	Gm14_4406716	4406716	0.345395	0
14	Gm14_4499522	4499522	0.148026	0
14	Gm14_4586879	4586879	0.161184	0
14	Gm14_4591704	4591704	0.0822368	0
14	Gm14_4635472	4635472	0.0822368	0
14	Gm14_4637233	4637233	0.157895	0
14	Gm14_4645155	4645155	0.25	0
14	Gm14_4645204	4645204	0.25	0
14	Gm14_4653127	4653127	0.0855263	0
14	Gm14_4681539	4681539	0.1875	0
14	Gm14_4681553	4681553	0.1875	0
14	Gm14_4681863	4681863	0.1875	0
14	Gm14_4688141	4688141	0.171053	0
14	Gm14_4697548	4697548	0.190789	0
14	Gm14_4726048	4726048	0.174342	0
14	Gm14_4726344	4726344	0.180921	0
14	Gm14_4745326	4745326	0.180921	0
14	Gm14_4745337	4745337	0.184211	0
14	Gm14_4768430	4768430	0.171053	0
14	Gm14_4853342	4853342	0.171053	0
14	Gm14_4853549	4853549	0.174342	0
14	Gm14_4853569	4853569	0.177632	0
14	Gm14_4860843	4860843	0.177632	0
14	Gm14_4860851	4860851	0.174342	0
14	Gm14_4861312	4861312	0.171053	0
14	Gm14_4863442	4863442	0.167763	0
14	Gm14_4871116	4871116	0.0921053	0
14	Gm14_4880445	4880445	0.296053	0
14	Gm14_4920207	4920207	0.223684	0
14	Gm14_4970782	4970782	0.141447	0
14	Gm14_4988398	4988398	0.0690789	0
14	Gm14_5034340	5034340	0.0723684	0
14	Gm14_5043707	5043707	0.0953947	0
14	Gm14_5094979	5094979	0.0921053	0
14	Gm14_5094992	5094992	0.0921053	0
14	Gm14_5095186	5095186	0.0953947	0
14	Gm14_5128157	5128157	0.148026	0
14	Gm14_5180868	5180868	0.1875	0
14	Gm14_5208574	5208574	0.226974	0
14	Gm14_5208585	5208585	0.226974	0
14	Gm14_5208792	5208792	0.226974	0
14	Gm14_5208819	5208819	0.226974	0
14	Gm14_5292323	5292323	0.151316	0
14	Gm14_5333152	5333152	0.207237	0
14	Gm14_5347100	5347100	0.0526316	0
14	Gm14_5356976	5356976	0.148026	0
14	Gm14_5451008	5451008	0.157895	0
14	Gm14_5456747	5456747	0.154605	0
14	Gm14_5558127	5558127	0.0690789	0
14	Gm14_5573936	5573936	0.0690789	0
14	Gm14_5616173	5616173	0.0526316	0
14	Gm14_5759421	5759421	0.315789	0
14	Gm14_5767741	5767741	0.253289	0
14	Gm14_5787209	5787209	0.361842	0
14	Gm14_5850575	5850575	0.0756579	0
14	Gm14_5861317	5861317	0.0625	0
14	Gm14_5864831	5864831	0.0789474	0
14	Gm14_5865110	5865110	0.0789474	0
14	Gm14_6020174	6020174	0.292763	0
14	Gm14_6020513	6020513	0.296053	0
14	Gm14_6038149	6038149	0.296053	0
14	Gm14_6075319	6075319	0.101974	0
14	Gm14_6162449	6162449	0.157895	0
14	Gm14_6162611	6162611	0.157895	0
14	Gm14_6196407	6196407	0.0657895	0
14	Gm14_6196687	6196687	0.101974	0
14	Gm14_6201119	6201119	0.0855263	0
14	Gm14_6201384	6201384	0.0723684	0
14	Gm14_6206713	6206713	0.0888158	0
14	Gm14_6206844	6206844	0.0756579	0
14	Gm14_6241392	6241392	0.0855263	0
14	Gm14_6248741	6248741	0.108553	0
14	Gm14_6264986	6264986	0.111842	0
14	Gm14_6288683	6288683	0.0921053	0
14	Gm14_6318469	6318469	0.0921053	0
14	Gm14_6369104	6369104	0.118421	0
14	Gm14_6369300	6369300	0.118421	0
14	Gm14_6409056	6409056	0.0625	0
14	Gm14_6491157	6491157	0.121711	0
14	Gm14_6519883	6519883	0.128289	0
14	Gm14_6523328	6523328	0.1875	0
14	Gm14_6530994	6530994	0.180921	0
14	Gm14_6540170	6540170	0.246711	0
14	Gm14_6540419	6540419	0.246711	0
14	Gm14_6540441	6540441	0.246711	0
14	Gm14_6589376	6589376	0.151316	0
14	Gm14_6607139	6607139	0.154605	0
14	Gm14_6607451	6607451	0.154605	0
14	Gm14_6720875	6720875	0.404605	0
14	Gm14_6735952	6735952	0.292763	0
14	Gm14_6745534	6745534	0.263158	0
14	Gm14_6745767	6745767	0.457237	0
14	Gm14_6756439	6756439	0.450658	0
14	Gm14_6789689	6789689	0.0690789	0
14	Gm14_6796056	6796056	0.259868	0
14	Gm14_6798133	6798133	0.190789	0
14	Gm14_6798463	6798463	0.190789	0
14	Gm14_6835848	6835848	0.259868	0
14	Gm14_6866578	6866578	0.440789	0
14	Gm14_6908086	6908086	0.289474	0
14	Gm14_6921177	6921177	0.434211	0
14	Gm14_6921204	6921204	0.404605	0
14	Gm14_6964489	6964489	0.371711	0
14	Gm14_6964504	6964504	0.355263	0
14	Gm14_6971649	6971649	0.365132	0
14	Gm14_7049555	7049555	0.184211	0
14	Gm14_7116726	7116726	0.447368	0
14	Gm14_7275918	7275918	0.141447	0
14	Gm14_7311396	7311396	0.141447	0
14	Gm14_7334552	7334552	0.167763	0
14	Gm14_7334557	7334557	0.167763	0
14	Gm14_7334609	7334609	0.167763	0
14	Gm14_7336279	7336279	0.157895	0
14	Gm14_7341765	7341765	0.157895	0
14	Gm14_7342097	7342097	0.164474	0
14	Gm14_7342161	7342161	0.157895	0
14	Gm14_7384586	7384586	0.157895	0
14	Gm14_7384593	7384593	0.157895	0
14	Gm14_7384696	7384696	0.154605	0
14	Gm14_7385992	7385992	0.154605	0
14	Gm14_7386019	7386019	0.151316	0
14	Gm14_7386318	7386318	0.148026	0
14	Gm14_7395715	7395715	0.148026	0
14	Gm14_7457040	7457040	0.203947	0
14	Gm14_7458272	7458272	0.197368	0
14	Gm14_9756477	9756477	0.131579	0
14	Gm14_9757489	9757489	0.0921053	0
14	Gm14_9808221	9808221	0.263158	0
14	Gm14_9808261	9808261	0.266447	0
14	Gm14_9808572	9808572	0.223684	0
14	Gm14_9808955	9808955	0.299342	0
14	Gm14_9844638	9844638	0.0723684	0
14	Gm14_9879927	9879927	0.253289	0
14	Gm14_9908172	9908172	0.0756579	0
14	Gm14_9912013	9912013	0.0756579	0
14	Gm14_9959601	9959601	0.223684	0
14	Gm14_9972103	9972103	0.240132	0
14	Gm14_9980088	9980088	0.243421	0
14	Gm14_9981845	9981845	0.25	0
14	Gm14_9983977	9983977	0.371711	0
14	Gm14_9988034	9988034	0.375	0
14	Gm14_9988295	9988295	0.240132	0
14	Gm14_9989184	9989184	0.0986842	0
14	Gm14_9989222	9989222	0.217105	0
14	Gm14_9989631	9989631	0.243421	0
14	Gm14_9994459	9994459	0.217105	0
14	Gm14_9994476	9994476	0.236842	0
14	Gm14_9994650	9994650	0.236842	0
14	Gm14_9999826	9999826	0.384868	0
14	Gm14_10002384	10002384	0.128289	0
14	Gm14_10002554	10002554	0.236842	0
14	Gm14_10002567	10002567	0.273026	0
14	Gm14_10022000	10022000	0.220395	0
14	Gm14_10103760	10103760	0.378289	0
14	Gm14_10112026	10112026	0.375	0
14	Gm14_10114265	10114265	0.365132	0
14	Gm14_10135633	10135633	0.365132	0
14	Gm14_10149893	10149893	0.378289	0
14	Gm14_10154403	10154403	0.361842	0
14	Gm14_10175194	10175194	0.348684	0
14	Gm14_10182645	10182645	0.101974	0
14	Gm14_10182685	10182685	0.358553	0
14	Gm14_10184263	10184263	0.361842	0
14	Gm14_10184623	10184623	0.361842	0
14	Gm14_10201277	10201277	0.220395	0
14	Gm14_10201291	10201291	0.381579	0
14	Gm14_10228970	10228970	0.384868	0
14	Gm14_10257561	10257561	0.148026	0
14	Gm14_10259547	10259547	0.0986842	0
14	Gm14_10293886	10293886	0.148026	0
14	Gm14_10297058	10297058	0.148026	0
14	Gm14_10297067	10297067	0.148026	0
14	Gm14_10297116	10297116	0.148026	0
14	Gm14_10297286	10297286	0.0986842	0
14	Gm14_10297816	10297816	0.148026	0
14	Gm14_10297823	10297823	0.144737	0
14	Gm14_10299225	10299225	0.151316	0
14	Gm14_10299263	10299263	0.0986842	0
14	Gm14_10303883	10303883	0.151316	0
14	Gm14_10303901	10303901	0.148026	0
14	Gm14_10304222	10304222	0.148026	0
14	Gm14_10304258	10304258	0.148026	0
14	Gm14_10304513	10304513	0.148026	0
14	Gm14_10304549	10304549	0.0986842	0
14	Gm14_10323212	10323212	0.125	0
14	Gm14_10340078	10340078	0.148026	0
14	Gm14_10388621	10388621	0.0921053	0
14	Gm14_10417546	10417546	0.0953947	0
14	Gm14_10422176	10422176	0.108553	0
14	Gm14_10422208	10422208	0.108553	0
14	Gm14_10422551	10422551	0.0822368	0
14	Gm14_10422566	10422566	0.108553	0
14	Gm14_10428283	10428283	0.111842	0
14	Gm14_10433094	10433094	0.108553	0
14	Gm14_10433357	10433357	0.108553	0
14	Gm14_10441346	10441346	0.0953947	0
14	Gm14_10441376	10441376	0.0953947	0
14	Gm14_10441670	10441670	0.0953947	0
14	Gm14_10462615	10462615	0.263158	0
14	Gm14_10484594	10484594	0.0986842	0
14	Gm14_10485893	10485893	0.0855263	0
14	Gm14_10508447	10508447	0.0822368	0
14	Gm14_10517760	10517760	0.0953947	0
14	Gm14_10517924	10517924	0.105263	0
14	Gm14_10573199	10573199	0.259868	0
14	Gm14_10573256	10573256	0.243421	0
14	Gm14_10578444	10578444	0.25	0
14	Gm14_10581123	10581123	0.263158	0
14	Gm14_10600265	10600265	0.167763	0
14	Gm14_10600304	10600304	0.269737	0
14	Gm14_10606760	10606760	0.259868	0
14	Gm14_10606886	10606886	0.167763	0
14	Gm14_10608583	10608583	0.246711	0
14	Gm14_10612872	10612872	0.243421	0
14	Gm14_10612894	10612894	0.266447	0
14	Gm14_10617104	10617104	0.365132	0
14	Gm14_10619776	10619776	0.243421	0
14	Gm14_10619925	10619925	0.269737	0
14	Gm14_10620202	10620202	0.263158	0
14	Gm14_10640277	10640277	0.243421	0
14	Gm14_10641880	10641880	0.263158	0
14	Gm14_10680519	10680519	0.266447	0
14	Gm14_10691916	10691916	0.259868	0
14	Gm14_10706871	10706871	0.259868	0
14	Gm14_10706894	10706894	0.259868	0
14	Gm14_10717405	10717405	0.263158	0
14	Gm14_10744525	10744525	0.256579	0
14	Gm14_10744545	10744545	0.256579	0
14	Gm14_10744795	10744795	0.256579	0
14	Gm14_10755231	10755231	0.263158	0
14	Gm14_10755257	10755257	0.263158	0
14	Gm14_10755349	10755349	0.266447	0
14	Gm14_10755371	10755371	0.25	0
14	Gm14_10755911	10755911	0.25	0
14	Gm14_10755927	10755927	0.266447	0
14	Gm14_10756192	10756192	0.266447	0
14	Gm14_10756605	10756605	0.25	0
14	Gm14_10764433	10764433	0.263158	0
14	Gm14_10766888	10766888	0.259868	0
14	Gm14_10767038	10767038	0.167763	0
14	Gm14_10767720	10767720	0.263158	0
14	Gm14_10767736	10767736	0.263158	0
14	Gm14_10769267	10769267	0.259868	0
14	Gm14_10769461	10769461	0.259868	0
14	Gm14_10778956	10778956	0.263158	0
14	Gm14_10779215	10779215	0.0756579	0
14	Gm14_10779225	10779225	0.263158	0
14	Gm14_10779276	10779276	0.263158	0
14	Gm14_10789550	10789550	0.259868	0
14	Gm14_10789589	10789589	0.263158	0
14	Gm14_10789771	10789771	0.266447	0
14	Gm14_10790735	10790735	0.263158	0
14	Gm14_10791578	10791578	0.240132	0
14	Gm14_10791587	10791587	0.259868	0
14	Gm14_10791804	10791804	0.259868	0
14	Gm14_10796030	10796030	0.259868	0
14	Gm14_10796238	10796238	0.259868	0
14	Gm14_10796321	10796321	0.243421	0
14	Gm14_10796349	10796349	0.273026	0
14	Gm14_10802448	10802448	0.269737	0
14	Gm14_10802768	10802768	0.240132	0
14	Gm14_10802783	10802783	0.259868	0
14	Gm14_10804181	10804181	0.256579	0
14	Gm14_10822976	10822976	0.263158	0
14	Gm14_10823161	10823161	0.263158	0
14	Gm14_10823172	10823172	0.263158	0
14	Gm14_10825545	10825545	0.263158	0
14	Gm14_10825853	10825853	0.273026	0
14	Gm14_10826444	10826444	0.273026	0
14	Gm14_10859593	10859593	0.263158	0
14	Gm14_10859611	10859611	0.25	0
14	Gm14_10884065	10884065	0.263158	0
14	Gm14_10899600	10899600	0.263158	0
14	Gm14_10899628	10899628	0.243421	0
14	Gm14_10899716	10899716	0.269737	0
14	Gm14_10899986	10899986	0.269737	0
14	Gm14_10913012	10913012	0.263158	0
14	Gm14_10916691	10916691	0.269737	0
14	Gm14_10916749	10916749	0.25	0
14	Gm14_10942936	10942936	0.266447	0
14	Gm14_20593880	20593880	0.269737	0
14	Gm14_20594502	20594502	0.269737	0
14	Gm14_20597369	20597369	0.269737	0
14	Gm14_20650783	20650783	0.269737	0
14	Gm14_20650900	20650900	0.263158	0
14	Gm14_20674238	20674238	0.269737	0
14	Gm14_20676041	20676041	0.266447	0
14	Gm14_20676306	20676306	0.256579	0
14	Gm14_20684174	20684174	0.266447	0
14	Gm14_20733200	20733200	0.266447	0
14	Gm14_20735468	20735468	0.269737	0
14	Gm14_20735555	20735555	0.259868	0
14	Gm14_20767618	20767618	0.259868	0
14	Gm14_20806419	20806419	0.266447	0
14	Gm14_20812255	20812255	0.266447	0
14	Gm14_20844097	20844097	0.269737	0
14	Gm14_20879122	20879122	0.243421	0
14	Gm14_20897113	20897113	0.269737	0
14	Gm14_20900044	20900044	0.269737	0
14	Gm14_20905599	20905599	0.263158	0
14	Gm14_20907352	20907352	0.25	0
14	Gm14_20907672	20907672	0.266447	0
14	Gm14_20909833	20909833	0.266447	0
14	Gm14_20927612	20927612	0.269737	0
14	Gm14_20930524	20930524	0.263158	0
14	Gm14_20933405	20933405	0.266447	0
14	Gm14_20940514	20940514	0.256579	0
14	Gm14_20989926	20989926	0.259868	0
14	Gm14_20996858	20996858	0.259868	0
14	Gm14_21027184	21027184	0.243421	0
14	Gm14_21028116	21028116	0.266447	0
14	Gm14_21028246	21028246	0.240132	0
14	Gm14_21034239	21034239	0.253289	0
14	Gm14_21037600	21037600	0.269737	0
14	Gm14_21043015	21043015	0.266447	0
14	Gm14_21049425	21049425	0.259868	0
14	Gm14_21060485	21060485	0.243421	0
14	Gm14_21072311	21072311	0.269737	0
14	Gm14_21091182	21091182	0.259868	0
14	Gm14_21107492	21107492	0.269737	0
14	Gm14_21162292	21162292	0.269737	0
14	Gm14_21181637	21181637	0.263158	0
14	Gm14_21181849	21181849	0.266447	0
14	Gm14_21189069	21189069	0.266447	0
14	Gm14_21189090	21189090	0.266447	0
14	Gm14_21191103	21191103	0.266447	0
14	Gm14_21191214	21191214	0.256579	0
14	Gm14_21205582	21205582	0.240132	0
14	Gm14_21205647	21205647	0.256579	0
14	Gm14_21215385	21215385	0.266447	0
14	Gm14_21215407	21215407	0.266447	0
14	Gm14_21220083	21220083	0.0690789	0
14	Gm14_21220093	21220093	0.0756579	0
14	Gm14_21220118	21220118	0.226974	0
14	Gm14_21224928	21224928	0.269737	0
14	Gm14_21268640	21268640	0.269737	0
14	Gm14_21271588	21271588	0.263158	0
14	Gm14_21277352	21277352	0.259868	0
14	Gm14_21279046	21279046	0.0986842	0
14	Gm14_21279360	21279360	0.101974	0
14	Gm14_21279398	21279398	0.108553	0
14	Gm14_21282255	21282255	0.266447	0
14	Gm14_21282464	21282464	0.259868	0
14	Gm14_21284962	21284962	0.256579	0
14	Gm14_21298275	21298275	0.256579	0
14	Gm14_21299279	21299279	0.263158	0
14	Gm14_21299309	21299309	0.263158	0
14	Gm14_21299371	21299371	0.233553	0
14	Gm14_21299711	21299711	0.259868	0
14	Gm14_21300602	21300602	0.240132	0
14	Gm14_21300767	21300767	0.263158	0
14	Gm14_21303944	21303944	0.243421	0
14	Gm14_21312615	21312615	0.263158	0
14	Gm14_21314937	21314937	0.263158	0
14	Gm14_21314979	21314979	0.0855263	0
14	Gm14_21403328	21403328	0.269737	0
14	Gm14_21403946	21403946	0.259868	0
14	Gm14_21409399	21409399	0.240132	0
14	Gm14_21409454	21409454	0.259868	0
14	Gm14_21440942	21440942	0.128289	0
14	Gm14_21441006	21441006	0.259868	0
14	Gm14_21441204	21441204	0.263158	0
14	Gm14_21473025	21473025	0.266447	0
14	Gm14_21496456	21496456	0.256579	0
14	Gm14_21522594	21522594	0.259868	0
14	Gm14_21531803	21531803	0.240132	0
14	Gm14_21550285	21550285	0.0625	0
14	Gm14_21550592	21550592	0.0690789	0
14	Gm14_21550601	21550601	0.0625	0
14	Gm14_21592673	21592673	0.25	0
14	Gm14_21592714	21592714	0.25	0
14	Gm14_21592727	21592727	0.25	0
14	Gm14_21593013	21593013	0.289474	0
14	Gm14_21594253	21594253	0.266447	0
14	Gm14_21597389	21597389	0.259868	0
14	Gm14_21597701	21597701	0.266447	0
14	Gm14_21597876	21597876	0.266447	0
14	Gm14_21597885	21597885	0.240132	0
14	Gm14_21600017	21600017	0.256579	0
14	Gm14_21603766	21603766	0.259868	0
14	Gm14_21604074	21604074	0.256579	0
14	Gm14_21606576	21606576	0.240132	0
14	Gm14_21606890	21606890	0.259868	0
14	Gm14_21654534	21654534	0.259868	0
14	Gm14_21663067	21663067	0.266447	0
14	Gm14_21686987	21686987	0.259868	0
14	Gm14_21687219	21687219	0.259868	0
14	Gm14_21704410	21704410	0.253289	0
14	Gm14_21724182	21724182	0.259868	0
14	Gm14_21727420	21727420	0.243421	0
14	Gm14_21745216	21745216	0.243421	0
14	Gm14_21754955	21754955	0.259868	0
14	Gm14_21756003	21756003	0.259868	0
14	Gm14_21765151	21765151	0.259868	0
14	Gm14_21808788	21808788	0.266447	0
14	Gm14_21808795	21808795	0.240132	0
14	Gm14_21808824	21808824	0.240132	0
14	Gm14_21814741	21814741	0.259868	0
14	Gm14_21814753	21814753	0.266447	0
14	Gm14_21817922	21817922	0.269737	0
14	Gm14_21817944	21817944	0.266447	0
14	Gm14_21873626	21873626	0.259868	0
14	Gm14_21873691	21873691	0.259868	0
14	Gm14_21879648	21879648	0.259868	0
14	Gm14_21879943	21879943	0.259868	0
14	Gm14_21880459	21880459	0.266447	0
14	Gm14_21880694	21880694	0.259868	0
14	Gm14_21881185	21881185	0.256579	0
14	Gm14_21881624	21881624	0.263158	0
14	Gm14_21912055	21912055	0.259868	0
14	Gm14_21953814	21953814	0.263158	0
14	Gm14_22002128	22002128	0.259868	0
14	Gm14_22003886	22003886	0.266447	0
14	Gm14_22008512	22008512	0.259868	0
14	Gm14_22010816	22010816	0.263158	0
14	Gm14_22073378	22073378	0.266447	0
14	Gm14_22073645	22073645	0.266447	0
14	Gm14_22073918	22073918	0.259868	0
14	Gm14_22079749	22079749	0.259868	0
14	Gm14_22087391	22087391	0.246711	0
14	Gm14_22091003	22091003	0.266447	0
14	Gm14_22102514	22102514	0.259868	0
14	Gm14_22104610	22104610	0.259868	0
14	Gm14_22106086	22106086	0.269737	0
14	Gm14_22119435	22119435	0.246711	0
14	Gm14_22140331	22140331	0.246711	0
14	Gm14_22147235	22147235	0.240132	0
14	Gm14_22148815	22148815	0.259868	0
14	Gm14_22150444	22150444	0.263158	0
14	Gm14_22150607	22150607	0.263158	0
14	Gm14_22151953	22151953	0.259868	0
14	Gm14_22152292	22152292	0.263158	0
14	Gm14_22157300	22157300	0.246711	0
14	Gm14_22185984	22185984	0.240132	0
14	Gm14_22186100	22186100	0.243421	0
14	Gm14_22232613	22232613	0.263158	0
14	Gm14_22252374	22252374	0.266447	0
14	Gm14_22265284	22265284	0.253289	0
14	Gm14_22283240	22283240	0.243421	0
14	Gm14_22283249	22283249	0.263158	0
14	Gm14_22286313	22286313	0.259868	0
14	Gm14_22309766	22309766	0.256579	0
14	Gm14_22319740	22319740	0.266447	0
14	Gm14_22319764	22319764	0.266447	0
14	Gm14_22329000	22329000	0.263158	0
14	Gm14_22333905	22333905	0.266447	0
14	Gm14_22339921	22339921	0.266447	0
14	Gm14_22341222	22341222	0.269737	0
14	Gm14_22354093	22354093	0.263158	0
14	Gm14_22364993	22364993	0.259868	0
14	Gm14_22369298	22369298	0.266447	0
14	Gm14_22369969	22369969	0.259868	0
14	Gm14_22377818	22377818	0.263158	0
14	Gm14_22377896	22377896	0.266447	0
14	Gm14_22390487	22390487	0.263158	0
14	Gm14_22390496	22390496	0.263158	0
14	Gm14_22404947	22404947	0.263158	0
14	Gm14_22421731	22421731	0.266447	0
14	Gm14_22424763	22424763	0.259868	0
14	Gm14_22439533	22439533	0.259868	0
14	Gm14_22440273	22440273	0.266447	0
14	Gm14_22440550	22440550	0.263158	0
14	Gm14_22447972	22447972	0.259868	0
14	Gm14_22469509	22469509	0.259868	0
14	Gm14_22471309	22471309	0.256579	0
14	Gm14_22473678	22473678	0.240132	0
14	Gm14_22490451	22490451	0.259868	0
14	Gm14_22507406	22507406	0.263158	0
14	Gm14_22520946	22520946	0.259868	0
14	Gm14_22520999	22520999	0.243421	0
14	Gm14_22534570	22534570	0.273026	0
14	Gm14_22534631	22534631	0.246711	0
14	Gm14_22542834	22542834	0.256579	0
14	Gm14_22543039	22543039	0.256579	0
14	Gm14_22556462	22556462	0.263158	0
14	Gm14_22557569	22557569	0.263158	0
14	Gm14_22557600	22557600	0.263158	0
14	Gm14_22566515	22566515	0.259868	0
14	Gm14_22566538	22566538	0.259868	0
14	Gm14_22568099	22568099	0.263158	0
14	Gm14_22568460	22568460	0.263158	0
14	Gm14_22574913	22574913	0.263158	0
14	Gm14_22574954	22574954	0.236842	0
14	Gm14_22579111	22579111	0.259868	0
14	Gm14_22595104	22595104	0.266447	0
14	Gm14_22595124	22595124	0.266447	0
14	Gm14_22611459	22611459	0.259868	0
14	Gm14_22611922	22611922	0.266447	0
14	Gm14_22611931	22611931	0.259868	0
14	Gm14_22615037	22615037	0.269737	0
14	Gm14_22617281	22617281	0.243421	0
14	Gm14_22618216	22618216	0.263158	0
14	Gm14_22625510	22625510	0.263158	0
14	Gm14_22662061	22662061	0.263158	0
14	Gm14_22662084	22662084	0.263158	0
14	Gm14_22681481	22681481	0.269737	0
14	Gm14_22681509	22681509	0.266447	0
14	Gm14_22681655	22681655	0.269737	0
14	Gm14_22730066	22730066	0.269737	0
14	Gm14_22742444	22742444	0.263158	0
14	Gm14_22742750	22742750	0.269737	0
14	Gm14_22756869	22756869	0.243421	0
14	Gm14_22766096	22766096	0.266447	0
14	Gm14_22767184	22767184	0.263158	0
14	Gm14_22767312	22767312	0.263158	0
14	Gm14_22788440	22788440	0.266447	0
14	Gm14_22788456	22788456	0.256579	0
14	Gm14_22793944	22793944	0.243421	0
14	Gm14_22824677	22824677	0.240132	0
14	Gm14_22839678	22839678	0.263158	0
14	Gm14_22876360	22876360	0.243421	0
14	Gm14_22925248	22925248	0.243421	0
14	Gm14_23023034	23023034	0.243421	0
14	Gm14_23037419	23037419	0.246711	0
14	Gm14_23039366	23039366	0.253289	0
14	Gm14_23047767	23047767	0.240132	0
14	Gm14_23116887	23116887	0.269737	0
14	Gm14_23135598	23135598	0.259868	0
14	Gm14_23154337	23154337	0.266447	0
14	Gm14_23213213	23213213	0.240132	0
14	Gm14_23262076	23262076	0.240132	0
14	Gm14_23277832	23277832	0.243421	0
14	Gm14_23297098	23297098	0.240132	0
14	Gm14_23474044	23474044	0.246711	0
14	Gm14_23518588	23518588	0.0559211	0
14	Gm14_23527918	23527918	0.240132	0
14	Gm14_23552857	23552857	0.253289	0
14	Gm14_23620871	23620871	0.253289	0
14	Gm14_23626561	23626561	0.240132	0
14	Gm14_23629779	23629779	0.243421	0
14	Gm14_23658058	23658058	0.246711	0
14	Gm14_23678425	23678425	0.256579	0
14	Gm14_23690293	23690293	0.240132	0
14	Gm14_23696230	23696230	0.240132	0
14	Gm14_23696419	23696419	0.266447	0
14	Gm14_23697549	23697549	0.266447	0
14	Gm14_23797052	23797052	0.246711	0
14	Gm14_23821772	23821772	0.246711	0
14	Gm14_23849870	23849870	0.263158	0
14	Gm14_23857976	23857976	0.253289	0
14	Gm14_23858167	23858167	0.236842	0
14	Gm14_23875600	23875600	0.246711	0
14	Gm14_23885764	23885764	0.236842	0
14	Gm14_23945415	23945415	0.240132	0
14	Gm14_23955736	23955736	0.240132	0
14	Gm14_23956257	23956257	0.266447	0
14	Gm14_23958327	23958327	0.240132	0
14	Gm14_23958570	23958570	0.243421	0
14	Gm14_23960333	23960333	0.263158	0
14	Gm14_23968027	23968027	0.263158	0
14	Gm14_23970961	23970961	0.253289	0
14	Gm14_23989576	23989576	0.25	0
14	Gm14_24030374	24030374	0.256579	0
14	Gm14_24036029	24036029	0.246711	0
14	Gm14_24054538	24054538	0.236842	0
14	Gm14_24146184	24146184	0.236842	0
14	Gm14_24146316	24146316	0.233553	0
14	Gm14_24301374	24301374	0.226974	0
14	Gm14_24314950	24314950	0.0657895	0
14	Gm14_24322198	24322198	0.256579	0
14	Gm14_24368055	24368055	0.236842	0
14	Gm14_24391607	24391607	0.266447	0
14	Gm14_24394890	24394890	0.259868	0
14	Gm14_24398404	24398404	0.266447	0
14	Gm14_24424086	24424086	0.269737	0
14	Gm14_24431943	24431943	0.240132	0
14	Gm14_24436410	24436410	0.243421	0
14	Gm14_24469365	24469365	0.256579	0
14	Gm14_24489881	24489881	0.0559211	0
14	Gm14_24513629	24513629	0.236842	0
14	Gm14_24517936	24517936	0.256579	0
14	Gm14_24536996	24536996	0.253289	0
14	Gm14_24582648	24582648	0.256579	0
14	Gm14_24582997	24582997	0.246711	0
14	Gm14_24583035	24583035	0.246711	0
14	Gm14_24583053	24583053	0.246711	0
14	Gm14_24583074	24583074	0.246711	0
14	Gm14_24583256	24583256	0.240132	0
14	Gm14_24589808	24589808	0.246711	0
14	Gm14_24600590	24600590	0.25	0
14	Gm14_24655636	24655636	0.246711	0
14	Gm14_24662611	24662611	0.266447	0
14	Gm14_24670237	24670237	0.256579	0
14	Gm14_24673678	24673678	0.246711	0
14	Gm14_24675189	24675189	0.256579	0
14	Gm14_24675199	24675199	0.246711	0
14	Gm14_24681888	24681888	0.256579	0
14	Gm14_24702179	24702179	0.246711	0
14	Gm14_24702187	24702187	0.246711	0
14	Gm14_24728739	24728739	0.243421	0
14	Gm14_24732648	24732648	0.256579	0
14	Gm14_24732800	24732800	0.240132	0
14	Gm14_24732814	24732814	0.246711	0
14	Gm14_24732836	24732836	0.0592105	0
14	Gm14_24748558	24748558	0.246711	0
14	Gm14_24755032	24755032	0.246711	0
14	Gm14_24755268	24755268	0.25	0
14	Gm14_24755588	24755588	0.269737	0
14	Gm14_24756491	24756491	0.273026	0
14	Gm14_24757919	24757919	0.266447	0
14	Gm14_24758230	24758230	0.246711	0
14	Gm14_24758247	24758247	0.266447	0
14	Gm14_24759996	24759996	0.240132	0
14	Gm14_24760344	24760344	0.246711	0
14	Gm14_24760349	24760349	0.246711	0
14	Gm14_24770045	24770045	0.259868	0
14	Gm14_24775408	24775408	0.256579	0
14	Gm14_24810307	24810307	0.256579	0
14	Gm14_24827119	24827119	0.246711	0
14	Gm14_24827154	24827154	0.266447	0
14	Gm14_24829803	24829803	0.246711	0
14	Gm14_24864938	24864938	0.256579	0
14	Gm14_24866036	24866036	0.246711	0
14	Gm14_24881223	24881223	0.266447	0
14	Gm14_24888454	24888454	0.0690789	0
14	Gm14_24897718	24897718	0.243421	0
14	Gm14_24899092	24899092	0.240132	0
14	Gm14_24904328	24904328	0.240132	0
14	Gm14_24913758	24913758	0.246711	0
14	Gm14_24951456	24951456	0.25	0
14	Gm14_24969239	24969239	0.266447	0
14	Gm14_24980368	24980368	0.25	0
14	Gm14_24996554	24996554	0.243421	0
14	Gm14_24998502	24998502	0.243421	0
14	Gm14_24999647	24999647	0.256579	0
14	Gm14_24999922	24999922	0.243421	0
14	Gm14_25000114	25000114	0.243421	0
14	Gm14_25000661	25000661	0.243421	0
14	Gm14_25018072	25018072	0.269737	0
14	Gm14_25018340	25018340	0.243421	0
14	Gm14_25018357	25018357	0.259868	0
14	Gm14_25032322	25032322	0.243421	0
14	Gm14_25032363	25032363	0.243421	0
14	Gm14_25098387	25098387	0.243421	0
14	Gm14_25098412	25098412	0.243421	0
14	Gm14_25098688	25098688	0.243421	0
14	Gm14_25098750	25098750	0.259868	0
14	Gm14_25101467	25101467	0.259868	0
14	Gm14_25103868	25103868	0.240132	0
14	Gm14_25122451	25122451	0.269737	0
14	Gm14_25128559	25128559	0.256579	0
14	Gm14_25154406	25154406	0.243421	0
14	Gm14_25162349	25162349	0.243421	0
14	Gm14_25162470	25162470	0.266447	0
14	Gm14_25163111	25163111	0.240132	0
14	Gm14_25176199	25176199	0.256579	0
14	Gm14_25176488	25176488	0.240132	0
14	Gm14_25296104	25296104	0.269737	0
14	Gm14_25299386	25299386	0.269737	0
14	Gm14_25313442	25313442	0.0888158	0
14	Gm14_25364431	25364431	0.269737	0
14	Gm14_25406306	25406306	0.253289	0
14	Gm14_29716801	29716801	0.0789474	0
14	Gm14_29718293	29718293	0.0690789	0
14	Gm14_29725082	29725082	0.190789	0
14	Gm14_29759796	29759796	0.0592105	0
14	Gm14_29797709	29797709	0.0756579	0
14	Gm14_29809589	29809589	0.0690789	0
14	Gm14_29840182	29840182	0.0690789	0
14	Gm14_29856271	29856271	0.0657895	0
14	Gm14_29859101	29859101	0.0592105	0
14	Gm14_29859336	29859336	0.190789	0
14	Gm14_29859358	29859358	0.0690789	0
14	Gm14_29875009	29875009	0.0690789	0
14	Gm14_29875015	29875015	0.0690789	0
14	Gm14_29910415	29910415	0.0690789	0
14	Gm14_29913001	29913001	0.0592105	0
14	Gm14_29941186	29941186	0.0986842	0
14	Gm14_29954700	29954700	0.0625	0
14	Gm14_29955162	29955162	0.0690789	0
14	Gm14_29961918	29961918	0.0690789	0
14	Gm14_29961941	29961941	0.0690789	0
14	Gm14_29961978	29961978	0.0657895	0
14	Gm14_29991311	29991311	0.0690789	0
14	Gm14_29996848	29996848	0.0690789	0
14	Gm14_29997013	29997013	0.0756579	0
14	Gm14_29997083	29997083	0.0690789	0
14	Gm14_30030357	30030357	0.194079	0
14	Gm14_30033454	30033454	0.125	0
14	Gm14_30034009	30034009	0.131579	0
14	Gm14_30034345	30034345	0.128289	0
14	Gm14_30034353	30034353	0.128289	0
14	Gm14_30034589	30034589	0.115132	0
14	Gm14_30064678	30064678	0.138158	0
14	Gm14_30073258	30073258	0.125	0
14	Gm14_30073573	30073573	0.125	0
14	Gm14_30083021	30083021	0.125	0
14	Gm14_30083262	30083262	0.125	0
14	Gm14_30086594	30086594	0.125	0
14	Gm14_30086607	30086607	0.134868	0
14	Gm14_30096631	30096631	0.115132	0
14	Gm14_30133245	30133245	0.0921053	0
14	Gm14_30133403	30133403	0.125	0
14	Gm14_30133445	30133445	0.125	0
14	Gm14_30133899	30133899	0.118421	0
14	Gm14_30133937	30133937	0.111842	0
14	Gm14_30136517	30136517	0.128289	0
14	Gm14_30136831	30136831	0.128289	0
14	Gm14_30156915	30156915	0.138158	0
14	Gm14_30156931	30156931	0.125	0
14	Gm14_30164561	30164561	0.131579	0
14	Gm14_30168650	30168650	0.128289	0
14	Gm14_30169009	30169009	0.134868	0
14	Gm14_30169788	30169788	0.131579	0
14	Gm14_30169806	30169806	0.138158	0
14	Gm14_30173191	30173191	0.128289	0
14	Gm14_30173255	30173255	0.128289	0
14	Gm14_30174299	30174299	0.118421	0
14	Gm14_30186393	30186393	0.0592105	0
14	Gm14_30192666	30192666	0.115132	0
14	Gm14_30192920	30192920	0.121711	0
14	Gm14_30193161	30193161	0.131579	0
14	Gm14_30208950	30208950	0.131579	0
14	Gm14_30209141	30209141	0.131579	0
14	Gm14_30231979	30231979	0.118421	0
14	Gm14_30239092	30239092	0.128289	0
14	Gm14_30239162	30239162	0.299342	0
14	Gm14_30239211	30239211	0.131579	0
14	Gm14_30269874	30269874	0.125	0
14	Gm14_30270416	30270416	0.125	0
14	Gm14_30270567	30270567	0.128289	0
14	Gm14_30270880	30270880	0.121711	0
14	Gm14_30272136	30272136	0.128289	0
14	Gm14_30272467	30272467	0.128289	0
14	Gm14_30305388	30305388	0.131579	0
14	Gm14_30305543	30305543	0.125	0
14	Gm14_30305648	30305648	0.121711	0
14	Gm14_30310536	30310536	0.131579	0
14	Gm14_30327919	30327919	0.128289	0
14	Gm14_30341910	30341910	0.131579	0
14	Gm14_30341918	30341918	0.0921053	0
14	Gm14_30342555	30342555	0.128289	0
14	Gm14_30352626	30352626	0.128289	0
14	Gm14_30426881	30426881	0.128289	0
14	Gm14_30426908	30426908	0.128289	0
14	Gm14_30427146	30427146	0.128289	0
14	Gm14_30435776	30435776	0.131579	0
14	Gm14_30436361	30436361	0.125	0
14	Gm14_30440194	30440194	0.121711	0
14	Gm14_30440216	30440216	0.121711	0
14	Gm14_30440407	30440407	0.125	0
14	Gm14_30474025	30474025	0.121711	0
14	Gm14_30474271	30474271	0.121711	0
14	Gm14_30477352	30477352	0.125	0
14	Gm14_30481424	30481424	0.131579	0
14	Gm14_30481586	30481586	0.121711	0
14	Gm14_30481753	30481753	0.134868	0
14	Gm14_30481821	30481821	0.121711	0
14	Gm14_30494395	30494395	0.131579	0
14	Gm14_30533787	30533787	0.131579	0
14	Gm14_30560250	30560250	0.0888158	0
14	Gm14_30564257	30564257	0.128289	0
14	Gm14_30564285	30564285	0.128289	0
14	Gm14_30564570	30564570	0.125	0
14	Gm14_30579098	30579098	0.131579	0
14	Gm14_30579378	30579378	0.134868	0
14	Gm14_30581637	30581637	0.299342	0
14	Gm14_30587472	30587472	0.131579	0
14	Gm14_30587478	30587478	0.134868	0
14	Gm14_30588426	30588426	0.131579	0
14	Gm14_30588615	30588615	0.131579	0
14	Gm14_30588845	30588845	0.134868	0
14	Gm14_30588901	30588901	0.138158	0
14	Gm14_30588909	30588909	0.121711	0
14	Gm14_30590057	30590057	0.128289	0
14	Gm14_30590159	30590159	0.141447	0
14	Gm14_30590199	30590199	0.134868	0
14	Gm14_30590529	30590529	0.141447	0
14	Gm14_30619179	30619179	0.131579	0
14	Gm14_30620500	30620500	0.131579	0
14	Gm14_30622374	30622374	0.141447	0
14	Gm14_30624283	30624283	0.138158	0
14	Gm14_30624307	30624307	0.138158	0
14	Gm14_30624534	30624534	0.134868	0
14	Gm14_30637587	30637587	0.128289	0
14	Gm14_30644386	30644386	0.125	0
14	Gm14_30644700	30644700	0.0789474	0
14	Gm14_30672684	30672684	0.138158	0
14	Gm14_30672888	30672888	0.131579	0
14	Gm14_30709990	30709990	0.131579	0
14	Gm14_30723813	30723813	0.138158	0
14	Gm14_30735827	30735827	0.131579	0
14	Gm14_30834391	30834391	0.0888158	0
14	Gm14_30834619	30834619	0.121711	0
14	Gm14_30849341	30849341	0.0657895	0
14	Gm14_30849363	30849363	0.0625	0
14	Gm14_30852778	30852778	0.121711	0
14	Gm14_30853055	30853055	0.128289	0
14	Gm14_30853169	30853169	0.125	0
14	Gm14_30922519	30922519	0.118421	0
14	Gm14_31003952	31003952	0.118421	0
14	Gm14_31074655	31074655	0.141447	0
14	Gm14_31091576	31091576	0.190789	0
14	Gm14_31091600	31091600	0.141447	0
14	Gm14_31098291	31098291	0.138158	0
14	Gm14_31100877	31100877	0.125	0
14	Gm14_31103853	31103853	0.118421	0
14	Gm14_31187796	31187796	0.144737	0
14	Gm14_31198854	31198854	0.134868	0
14	Gm14_31206387	31206387	0.118421	0
14	Gm14_31206626	31206626	0.125	0
14	Gm14_31217827	31217827	0.121711	0
14	Gm14_31225485	31225485	0.141447	0
14	Gm14_31289901	31289901	0.141447	0
14	Gm14_31426125	31426125	0.141447	0
14	Gm14_31429120	31429120	0.279605	0
14	Gm14_31447290	31447290	0.407895	0
14	Gm14_31460654	31460654	0.118421	0
14	Gm14_31479301	31479301	0.125	0
14	Gm14_31479668	31479668	0.125	0
14	Gm14_31491701	31491701	0.131579	0
14	Gm14_31492047	31492047	0.131579	0
14	Gm14_31493280	31493280	0.111842	0
14	Gm14_31507839	31507839	0.141447	0
14	Gm14_31508301	31508301	0.131579	0
14	Gm14_31508637	31508637	0.131579	0
14	Gm14_31527084	31527084	0.0789474	0
14	Gm14_31566692	31566692	0.121711	0
14	Gm14_31577681	31577681	0.134868	0
14	Gm14_31612238	31612238	0.121711	0
14	Gm14_31642049	31642049	0.121711	0
14	Gm14_31642576	31642576	0.125	0
14	Gm14_31659296	31659296	0.118421	0
14	Gm14_31659319	31659319	0.115132	0
14	Gm14_31659808	31659808	0.125	0
14	Gm14_31687302	31687302	0.128289	0
14	Gm14_31707851	31707851	0.121711	0
14	Gm14_31707870	31707870	0.121711	0
14	Gm14_31708096	31708096	0.121711	0
14	Gm14_31708110	31708110	0.125	0
14	Gm14_31708397	31708397	0.121711	0
14	Gm14_31708709	31708709	0.138158	0
14	Gm14_31710267	31710267	0.131579	0
14	Gm14_31713671	31713671	0.134868	0
14	Gm14_31716361	31716361	0.118421	0
14	Gm14_31736051	31736051	0.128289	0
14	Gm14_31740654	31740654	0.125	0
14	Gm14_31741632	31741632	0.128289	0
14	Gm14_31753715	31753715	0.118421	0
14	Gm14_31798435	31798435	0.118421	0
14	Gm14_31814660	31814660	0.134868	0
14	Gm14_31814906	31814906	0.134868	0
14	Gm14_31838519	31838519	0.138158	0
14	Gm14_31846555	31846555	0.128289	0
14	Gm14_31846612	31846612	0.121711	0
14	Gm14_31846630	31846630	0.121711	0
14	Gm14_31856277	31856277	0.138158	0
14	Gm14_31856291	31856291	0.1875	0
14	Gm14_31856324	31856324	0.138158	0
14	Gm14_31860416	31860416	0.121711	0
14	Gm14_31878948	31878948	0.115132	0
14	Gm14_31878969	31878969	0.118421	0
14	Gm14_31878978	31878978	0.111842	0
14	Gm14_31947873	31947873	0.128289	0
14	Gm14_31948026	31948026	0.125	0
14	Gm14_31949908	31949908	0.125	0
14	Gm14_31950065	31950065	0.125	0
14	Gm14_31955135	31955135	0.115132	0
14	Gm14_31977476	31977476	0.115132	0
14	Gm14_32001977	32001977	0.121711	0
14	Gm14_32002327	32002327	0.125	0
14	Gm14_32037982	32037982	0.141447	0
14	Gm14_32038004	32038004	0.115132	0
14	Gm14_32038153	32038153	0.115132	0
14	Gm14_32038201	32038201	0.115132	0
14	Gm14_32039452	32039452	0.118421	0
14	Gm14_32039920	32039920	0.134868	0
14	Gm14_32041303	32041303	0.128289	0
14	Gm14_32043749	32043749	0.128289	0
14	Gm14_32045378	32045378	0.128289	0
14	Gm14_32050770	32050770	0.121711	0
14	Gm14_32053657	32053657	0.128289	0
14	Gm14_32054255	32054255	0.1875	0
14	Gm14_32054454	32054454	0.131579	0
14	Gm14_32055702	32055702	0.134868	0
14	Gm14_32065928	32065928	0.125	0
14	Gm14_32066170	32066170	0.118421	0
14	Gm14_32125011	32125011	0.118421	0
14	Gm14_32125200	32125200	0.115132	0
14	Gm14_32170263	32170263	0.144737	0
14	Gm14_32170566	32170566	0.144737	0
14	Gm14_32175390	32175390	0.105263	0
14	Gm14_32181703	32181703	0.121711	0
14	Gm14_32182001	32182001	0.121711	0
14	Gm14_32182019	32182019	0.118421	0
14	Gm14_32275264	32275264	0.121711	0
14	Gm14_32297750	32297750	0.118421	0
14	Gm14_32347787	32347787	0.121711	0
14	Gm14_32348343	32348343	0.128289	0
14	Gm14_32348645	32348645	0.115132	0
14	Gm14_32350172	32350172	0.125	0
14	Gm14_32352728	32352728	0.134868	0
14	Gm14_32352906	32352906	0.125	0
14	Gm14_32365256	32365256	0.128289	0
14	Gm14_32412693	32412693	0.434211	0
14	Gm14_32442246	32442246	0.115132	0
14	Gm14_32449139	32449139	0.134868	0
14	Gm14_32454926	32454926	0.138158	0
14	Gm14_32466146	32466146	0.108553	0
14	Gm14_32466879	32466879	0.105263	0
14	Gm14_32473341	32473341	0.125	0
14	Gm14_32474288	32474288	0.118421	0
14	Gm14_32474476	32474476	0.121711	0
14	Gm14_32474662	32474662	0.131579	0
14	Gm14_32497575	32497575	0.118421	0
14	Gm14_32503025	32503025	0.121711	0
14	Gm14_32503080	32503080	0.121711	0
14	Gm14_32503394	32503394	0.141447	0
14	Gm14_32503784	32503784	0.131579	0
14	Gm14_32503961	32503961	0.141447	0
14	Gm14_32504082	32504082	0.134868	0
14	Gm14_32509398	32509398	0.134868	0
14	Gm14_32510358	32510358	0.131579	0
14	Gm14_32552373	32552373	0.141447	0
14	Gm14_32594333	32594333	0.138158	0
14	Gm14_32594359	32594359	0.138158	0
14	Gm14_32603934	32603934	0.138158	0
14	Gm14_32621979	32621979	0.138158	0
14	Gm14_32641697	32641697	0.138158	0
14	Gm14_32641849	32641849	0.138158	0
14	Gm14_32641878	32641878	0.134868	0
14	Gm14_32653509	32653509	0.141447	0
14	Gm14_32653597	32653597	0.141447	0
14	Gm14_32653790	32653790	0.121711	0
14	Gm14_32670738	32670738	0.138158	0
14	Gm14_32676350	32676350	0.131579	0
14	Gm14_32683964	32683964	0.138158	0
14	Gm14_32693895	32693895	0.138158	0
14	Gm14_32695610	32695610	0.141447	0
14	Gm14_32695793	32695793	0.141447	0
14	Gm14_32701362	32701362	0.125	0
14	Gm14_32701410	32701410	0.115132	0
14	Gm14_32730422	32730422	0.138158	0
14	Gm14_32738607	32738607	0.141447	0
14	Gm14_32745018	32745018	0.138158	0
14	Gm14_32753448	32753448	0.148026	0
14	Gm14_32755250	32755250	0.138158	0
14	Gm14_32756524	32756524	0.134868	0
14	Gm14_32756622	32756622	0.138158	0
14	Gm14_32756641	32756641	0.154605	0
14	Gm14_32757565	32757565	0.138158	0
14	Gm14_32757590	32757590	0.118421	0
14	Gm14_32757602	32757602	0.138158	0
14	Gm14_32772136	32772136	0.151316	0
14	Gm14_32772329	32772329	0.151316	0
14	Gm14_32817129	32817129	0.128289	0
14	Gm14_32817538	32817538	0.134868	0
14	Gm14_32818343	32818343	0.134868	0
14	Gm14_32818390	32818390	0.0888158	0
14	Gm14_32881308	32881308	0.131579	0
14	Gm14_32881319	32881319	0.131579	0
14	Gm14_32886893	32886893	0.141447	0
14	Gm14_32904027	32904027	0.138158	0
14	Gm14_32904037	32904037	0.138158	0
14	Gm14_32904364	32904364	0.138158	0
14	Gm14_32906483	32906483	0.134868	0
14	Gm14_32906688	32906688	0.134868	0
14	Gm14_32906877	32906877	0.134868	0
14	Gm14_32907044	32907044	0.134868	0
14	Gm14_32920768	32920768	0.144737	0
14	Gm14_32920932	32920932	0.144737	0
14	Gm14_32920991	32920991	0.141447	0
14	Gm14_32921191	32921191	0.141447	0
14	Gm14_32928150	32928150	0.134868	0
14	Gm14_32928371	32928371	0.134868	0
14	Gm14_32935975	32935975	0.131579	0
14	Gm14_32936033	32936033	0.131579	0
14	Gm14_32938701	32938701	0.138158	0
14	Gm14_32938951	32938951	0.138158	0
14	Gm14_32938987	32938987	0.138158	0
14	Gm14_32939118	32939118	0.138158	0
14	Gm14_32943920	32943920	0.144737	0
14	Gm14_32943947	32943947	0.144737	0
14	Gm14_32943979	32943979	0.144737	0
14	Gm14_32952649	32952649	0.144737	0
14	Gm14_32954149	32954149	0.131579	0
14	Gm14_32954165	32954165	0.138158	0
14	Gm14_32954277	32954277	0.131579	0
14	Gm14_32954310	32954310	0.134868	0
14	Gm14_32954585	32954585	0.131579	0
14	Gm14_32959412	32959412	0.141447	0
14	Gm14_32959603	32959603	0.121711	0
14	Gm14_32959632	32959632	0.141447	0
14	Gm14_32959655	32959655	0.141447	0
14	Gm14_32960161	32960161	0.144737	0
14	Gm14_33010076	33010076	0.144737	0
14	Gm14_33010094	33010094	0.144737	0
14	Gm14_33010292	33010292	0.144737	0
14	Gm14_33010554	33010554	0.138158	0
14	Gm14_33010909	33010909	0.131579	0
14	Gm14_33011827	33011827	0.125	0
14	Gm14_33011873	33011873	0.121711	0
14	Gm14_33036908	33036908	0.138158	0
14	Gm14_33036973	33036973	0.138158	0
14	Gm14_33051337	33051337	0.134868	0
14	Gm14_33056838	33056838	0.141447	0
14	Gm14_33057021	33057021	0.141447	0
14	Gm14_33057345	33057345	0.131579	0
14	Gm14_33057367	33057367	0.131579	0
14	Gm14_33057516	33057516	0.131579	0
14	Gm14_33057571	33057571	0.134868	0
14	Gm14_33057583	33057583	0.134868	0
14	Gm14_33059992	33059992	0.128289	0
14	Gm14_33060158	33060158	0.128289	0
14	Gm14_33060173	33060173	0.128289	0
14	Gm14_33060182	33060182	0.128289	0
14	Gm14_33060230	33060230	0.128289	0
14	Gm14_33060607	33060607	0.144737	0
14	Gm14_33060640	33060640	0.161184	0
14	Gm14_33078565	33078565	0.121711	0
14	Gm14_33078637	33078637	0.121711	0
14	Gm14_33100518	33100518	0.134868	0
14	Gm14_33122741	33122741	0.131579	0
14	Gm14_33123387	33123387	0.134868	0
14	Gm14_33123449	33123449	0.134868	0
14	Gm14_33131724	33131724	0.131579	0
14	Gm14_33133583	33133583	0.134868	0
14	Gm14_33146462	33146462	0.131579	0
14	Gm14_33146635	33146635	0.131579	0
14	Gm14_33149404	33149404	0.134868	0
14	Gm14_33149525	33149525	0.138158	0
14	Gm14_33149531	33149531	0.131579	0
14	Gm14_33150255	33150255	0.128289	0
14	Gm14_33152636	33152636	0.134868	0
14	Gm14_33152699	33152699	0.134868	0
14	Gm14_33156853	33156853	0.138158	0
14	Gm14_33158188	33158188	0.138158	0
14	Gm14_33160398	33160398	0.144737	0
14	Gm14_33160611	33160611	0.138158	0
14	Gm14_33160616	33160616	0.138158	0
14	Gm14_33172888	33172888	0.141447	0
14	Gm14_33175250	33175250	0.128289	0
14	Gm14_33175268	33175268	0.128289	0
14	Gm14_33178098	33178098	0.148026	0
14	Gm14_33178127	33178127	0.144737	0
14	Gm14_33178569	33178569	0.134868	0
14	Gm14_33192059	33192059	0.131579	0
14	Gm14_33192374	33192374	0.131579	0
14	Gm14_33194696	33194696	0.134868	0
14	Gm14_33194951	33194951	0.134868	0
14	Gm14_33248632	33248632	0.131579	0
14	Gm14_33248659	33248659	0.118421	0
14	Gm14_33253843	33253843	0.138158	0
14	Gm14_33267872	33267872	0.111842	0
14	Gm14_33267878	33267878	0.115132	0
14	Gm14_33267897	33267897	0.111842	0
14	Gm14_33345424	33345424	0.118421	0
14	Gm14_33369316	33369316	0.138158	0
14	Gm14_33369331	33369331	0.138158	0
14	Gm14_33378262	33378262	0.131579	0
14	Gm14_33382180	33382180	0.134868	0
14	Gm14_33382507	33382507	0.134868	0
14	Gm14_33382566	33382566	0.144737	0
14	Gm14_33405588	33405588	0.131579	0
14	Gm14_33405917	33405917	0.121711	0
14	Gm14_33450905	33450905	0.141447	0
14	Gm14_33450939	33450939	0.141447	0
14	Gm14_33464287	33464287	0.151316	0
14	Gm14_33464299	33464299	0.151316	0
14	Gm14_33477435	33477435	0.134868	0
14	Gm14_33477481	33477481	0.151316	0
14	Gm14_33477495	33477495	0.151316	0
14	Gm14_33522336	33522336	0.101974	0
14	Gm14_33526929	33526929	0.141447	0
14	Gm14_33532808	33532808	0.138158	0
14	Gm14_33539007	33539007	0.134868	0
14	Gm14_33539311	33539311	0.134868	0
14	Gm14_33539780	33539780	0.131579	0
14	Gm14_33540012	33540012	0.131579	0
14	Gm14_33570895	33570895	0.131579	0
14	Gm14_33587054	33587054	0.144737	0
14	Gm14_33587060	33587060	0.144737	0
14	Gm14_33588632	33588632	0.121711	0
14	Gm14_33588783	33588783	0.115132	0
14	Gm14_33588789	33588789	0.115132	0
14	Gm14_33593299	33593299	0.134868	0
14	Gm14_33593323	33593323	0.134868	0
14	Gm14_33593520	33593520	0.134868	0
14	Gm14_33593615	33593615	0.134868	0
14	Gm14_33593932	33593932	0.134868	0
14	Gm14_33648660	33648660	0.134868	0
14	Gm14_33651717	33651717	0.111842	0
14	Gm14_33662182	33662182	0.131579	0
14	Gm14_33662199	33662199	0.131579	0
14	Gm14_33662488	33662488	0.131579	0
14	Gm14_33662496	33662496	0.131579	0
14	Gm14_33745839	33745839	0.134868	0
14	Gm14_33745874	33745874	0.134868	0
14	Gm14_33745898	33745898	0.138158	0
14	Gm14_33746274	33746274	0.128289	0
14	Gm14_33746724	33746724	0.134868	0
14	Gm14_33748692	33748692	0.138158	0
14	Gm14_33748801	33748801	0.138158	0
14	Gm14_33748807	33748807	0.138158	0
14	Gm14_33750538	33750538	0.138158	0
14	Gm14_33750589	33750589	0.138158	0
14	Gm14_33750715	33750715	0.138158	0
14	Gm14_33750869	33750869	0.134868	0
14	Gm14_33751005	33751005	0.121711	0
14	Gm14_33751110	33751110	0.131579	0
14	Gm14_33751338	33751338	0.131579	0
14	Gm14_33754848	33754848	0.134868	0
14	Gm14_33755099	33755099	0.128289	0
14	Gm14_33755109	33755109	0.131579	0
14	Gm14_33755117	33755117	0.131579	0
14	Gm14_33755164	33755164	0.131579	0
14	Gm14_33806233	33806233	0.141447	0
14	Gm14_33821098	33821098	0.131579	0
14	Gm14_33821134	33821134	0.125	0
14	Gm14_33821402	33821402	0.131579	0
14	Gm14_33831225	33831225	0.131579	0
14	Gm14_33831264	33831264	0.131579	0
14	Gm14_33849658	33849658	0.128289	0
14	Gm14_33849705	33849705	0.128289	0
14	Gm14_33849720	33849720	0.0723684	0
14	Gm14_33849944	33849944	0.128289	0
14	Gm14_33873087	33873087	0.134868	0
14	Gm14_33873234	33873234	0.134868	0
14	Gm14_33873285	33873285	0.134868	0
14	Gm14_33882431	33882431	0.121711	0
14	Gm14_33888567	33888567	0.138158	0
14	Gm14_33888930	33888930	0.131579	0
14	Gm14_33889394	33889394	0.131579	0
14	Gm14_33889457	33889457	0.131579	0
14	Gm14_33889677	33889677	0.131579	0
14	Gm14_33891633	33891633	0.134868	0
14	Gm14_33891943	33891943	0.134868	0
14	Gm14_33921101	33921101	0.131579	0
14	Gm14_33921116	33921116	0.134868	0
14	Gm14_33922565	33922565	0.141447	0
14	Gm14_33922802	33922802	0.141447	0
14	Gm14_33948988	33948988	0.134868	0
14	Gm14_33968866	33968866	0.121711	0
14	Gm14_33968878	33968878	0.121711	0
14	Gm14_33968889	33968889	0.128289	0
14	Gm14_33968920	33968920	0.125	0
14	Gm14_33988552	33988552	0.128289	0
14	Gm14_33988601	33988601	0.128289	0
14	Gm14_33988612	33988612	0.128289	0
14	Gm14_33990127	33990127	0.134868	0
14	Gm14_33990151	33990151	0.134868	0
14	Gm14_33990339	33990339	0.128289	0
14	Gm14_33990344	33990344	0.134868	0
14	Gm14_34003292	34003292	0.0953947	0
14	Gm14_34014791	34014791	0.121711	0
14	Gm14_34014852	34014852	0.121711	0
14	Gm14_34015047	34015047	0.121711	0
14	Gm14_34015062	34015062	0.121711	0
14	Gm14_34039654	34039654	0.128289	0
14	Gm14_34071360	34071360	0.118421	0
14	Gm14_34071379	34071379	0.118421	0
14	Gm14_34081265	34081265	0.138158	0
14	Gm14_34081308	34081308	0.138158	0
14	Gm14_34081413	34081413	0.115132	0
14	Gm14_34086867	34086867	0.125	0
14	Gm14_34086872	34086872	0.125	0
14	Gm14_34086900	34086900	0.125	0
14	Gm14_34092308	34092308	0.134868	0
14	Gm14_34092342	34092342	0.134868	0
14	Gm14_34095382	34095382	0.154605	0
14	Gm14_34095389	34095389	0.154605	0
14	Gm14_34095409	34095409	0.154605	0
14	Gm14_34134212	34134212	0.125	0
14	Gm14_34243323	34243323	0.121711	0
14	Gm14_34243335	34243335	0.121711	0
14	Gm14_34243686	34243686	0.121711	0
14	Gm14_34245318	34245318	0.125	0
14	Gm14_34261765	34261765	0.125	0
14	Gm14_34302559	34302559	0.121711	0
14	Gm14_34302579	34302579	0.121711	0
14	Gm14_34331417	34331417	0.128289	0
14	Gm14_34335851	34335851	0.121711	0
14	Gm14_34413192	34413192	0.118421	0
14	Gm14_34413201	34413201	0.131579	0
14	Gm14_34421664	34421664	0.131579	0
14	Gm14_34435700	34435700	0.131579	0
14	Gm14_34447427	34447427	0.128289	0
14	Gm14_34486444	34486444	0.131579	0
14	Gm14_34519986	34519986	0.128289	0
14	Gm14_34520027	34520027	0.131579	0
14	Gm14_34527249	34527249	0.131579	0
14	Gm14_34527310	34527310	0.131579	0
14	Gm14_34530195	34530195	0.131579	0
14	Gm14_34533938	34533938	0.118421	0
14	Gm14_34534169	34534169	0.128289	0
14	Gm14_34571392	34571392	0.121711	0
14	Gm14_34571413	34571413	0.121711	0
14	Gm14_34578726	34578726	0.131579	0
14	Gm14_34584522	34584522	0.131579	0
14	Gm14_34623762	34623762	0.131579	0
14	Gm14_34635826	34635826	0.128289	0
14	Gm14_34669310	34669310	0.138158	0
14	Gm14_34706996	34706996	0.131579	0
14	Gm14_34709649	34709649	0.121711	0
14	Gm14_34710099	34710099	0.128289	0
14	Gm14_34710135	34710135	0.128289	0
14	Gm14_34710992	34710992	0.141447	0
14	Gm14_34711055	34711055	0.157895	0
14	Gm14_34711951	34711951	0.138158	0
14	Gm14_34717928	34717928	0.125	0
14	Gm14_34718148	34718148	0.125	0
14	Gm14_34735814	34735814	0.111842	0
14	Gm14_34735912	34735912	0.121711	0
14	Gm14_34736179	34736179	0.138158	0
14	Gm14_34738702	34738702	0.134868	0
14	Gm14_34749362	34749362	0.131579	0
14	Gm14_34755128	34755128	0.128289	0
14	Gm14_34756388	34756388	0.138158	0
14	Gm14_34767257	34767257	0.134868	0
14	Gm14_34768105	34768105	0.121711	0
14	Gm14_34820683	34820683	0.125	0
14	Gm14_34833710	34833710	0.125	0
14	Gm14_34888944	34888944	0.111842	0
14	Gm14_34942850	34942850	0.138158	0
14	Gm14_34948266	34948266	0.121711	0
14	Gm14_34948275	34948275	0.138158	0
14	Gm14_34949261	34949261	0.128289	0
14	Gm14_34953473	34953473	0.128289	0
14	Gm14_35016041	35016041	0.125	0
14	Gm14_35016773	35016773	0.121711	0
14	Gm14_35019831	35019831	0.125	0
14	Gm14_35020180	35020180	0.121711	0
14	Gm14_35064410	35064410	0.128289	0
14	Gm14_35064453	35064453	0.128289	0
14	Gm14_35064480	35064480	0.131579	0
14	Gm14_35144200	35144200	0.121711	0
14	Gm14_35162027	35162027	0.134868	0
14	Gm14_35162036	35162036	0.134868	0
14	Gm14_35170121	35170121	0.131579	0
14	Gm14_35170155	35170155	0.125	0
14	Gm14_35170679	35170679	0.128289	0
14	Gm14_35171032	35171032	0.121711	0
14	Gm14_35186183	35186183	0.105263	0
14	Gm14_35186215	35186215	0.105263	0
14	Gm14_35186478	35186478	0.105263	0
14	Gm14_35198543	35198543	0.125	0
14	Gm14_35285168	35285168	0.121711	0
14	Gm14_35324072	35324072	0.125	0
14	Gm14_35372921	35372921	0.125	0
14	Gm14_35379711	35379711	0.125	0
14	Gm14_35380041	35380041	0.138158	0
14	Gm14_35380584	35380584	0.141447	0
14	Gm14_35382398	35382398	0.134868	0
14	Gm14_35382427	35382427	0.134868	0
14	Gm14_35407331	35407331	0.134868	0
14	Gm14_35422362	35422362	0.141447	0
14	Gm14_35422684	35422684	0.118421	0
14	Gm14_35442269	35442269	0.131579	0
14	Gm14_35442494	35442494	0.131579	0
14	Gm14_35457056	35457056	0.121711	0
14	Gm14_35459796	35459796	0.131579	0
14	Gm14_35460050	35460050	0.125	0
14	Gm14_35470071	35470071	0.111842	0
14	Gm14_35470229	35470229	0.115132	0
14	Gm14_35486385	35486385	0.128289	0
14	Gm14_35488119	35488119	0.125	0
14	Gm14_35488873	35488873	0.121711	0
14	Gm14_35492250	35492250	0.128289	0
14	Gm14_35495336	35495336	0.128289	0
14	Gm14_35495651	35495651	0.134868	0
14	Gm14_35513030	35513030	0.118421	0
14	Gm14_35513091	35513091	0.121711	0
14	Gm14_35513295	35513295	0.125	0
14	Gm14_35513355	35513355	0.118421	0
14	Gm14_35514993	35514993	0.111842	0
14	Gm14_35516885	35516885	0.131579	0
14	Gm14_35526182	35526182	0.134868	0
14	Gm14_35531498	35531498	0.134868	0
14	Gm14_35537334	35537334	0.115132	0
14	Gm14_35537395	35537395	0.128289	0
14	Gm14_35538546	35538546	0.118421	0
14	Gm14_35559134	35559134	0.128289	0
14	Gm14_35577805	35577805	0.131579	0
14	Gm14_35578089	35578089	0.125	0
14	Gm14_35581167	35581167	0.144737	0
14	Gm14_35581213	35581213	0.134868	0
14	Gm14_35582777	35582777	0.125	0
14	Gm14_35582825	35582825	0.125	0
14	Gm14_35583191	35583191	0.125	0
14	Gm14_35585497	35585497	0.128289	0
14	Gm14_35585503	35585503	0.128289	0
14	Gm14_35585535	35585535	0.134868	0
14	Gm14_35594105	35594105	0.128289	0
14	Gm14_35598503	35598503	0.128289	0
14	Gm14_35600304	35600304	0.121711	0
14	Gm14_35600313	35600313	0.121711	0
14	Gm14_35600415	35600415	0.115132	0
14	Gm14_35600441	35600441	0.128289	0
14	Gm14_35600967	35600967	0.134868	0
14	Gm14_35602236	35602236	0.141447	0
14	Gm14_35605335	35605335	0.0756579	0
14	Gm14_35605345	35605345	0.0526316	0
14	Gm14_35606191	35606191	0.128289	0
14	Gm14_35615495	35615495	0.134868	0
14	Gm14_35616377	35616377	0.128289	0
14	Gm14_35624957	35624957	0.121711	0
14	Gm14_35624967	35624967	0.121711	0
14	Gm14_35625289	35625289	0.115132	0
14	Gm14_35630529	35630529	0.128289	0
14	Gm14_35646157	35646157	0.131579	0
14	Gm14_35646342	35646342	0.125	0
14	Gm14_35668415	35668415	0.118421	0
14	Gm14_35668472	35668472	0.125	0
14	Gm14_35695480	35695480	0.134868	0
14	Gm14_35699297	35699297	0.125	0
14	Gm14_35700523	35700523	0.125	0
14	Gm14_35708958	35708958	0.134868	0
14	Gm14_35724081	35724081	0.134868	0
14	Gm14_35770800	35770800	0.0723684	0
14	Gm14_35828562	35828562	0.118421	0
14	Gm14_35831120	35831120	0.131579	0
14	Gm14_35846388	35846388	0.131579	0
14	Gm14_35846587	35846587	0.128289	0
14	Gm14_35863256	35863256	0.134868	0
14	Gm14_35864876	35864876	0.134868	0
14	Gm14_35878492	35878492	0.125	0
14	Gm14_35878769	35878769	0.134868	0
14	Gm14_35903588	35903588	0.128289	0
14	Gm14_35906352	35906352	0.134868	0
14	Gm14_35915518	35915518	0.125	0
14	Gm14_35915538	35915538	0.131579	0
14	Gm14_35921327	35921327	0.128289	0
14	Gm14_35921533	35921533	0.125	0
14	Gm14_35921561	35921561	0.131579	0
14	Gm14_35927453	35927453	0.125	0
14	Gm14_35927799	35927799	0.121711	0
14	Gm14_35981509	35981509	0.125	0
14	Gm14_36035894	36035894	0.138158	0
14	Gm14_36035900	36035900	0.134868	0
14	Gm14_36036267	36036267	0.131579	0
14	Gm14_36070841	36070841	0.125	0
14	Gm14_36071232	36071232	0.128289	0
14	Gm14_36071776	36071776	0.131579	0
14	Gm14_36086986	36086986	0.148026	0
14	Gm14_36087051	36087051	0.148026	0
14	Gm14_36087283	36087283	0.141447	0
14	Gm14_36087445	36087445	0.141447	0
14	Gm14_36090805	36090805	0.131579	0
14	Gm14_36090971	36090971	0.138158	0
14	Gm14_36092579	36092579	0.131579	0
14	Gm14_36110826	36110826	0.121711	0
14	Gm14_36125516	36125516	0.125	0
14	Gm14_36127330	36127330	0.125	0
14	Gm14_36147355	36147355	0.141447	0
14	Gm14_36154505	36154505	0.134868	0
14	Gm14_36178766	36178766	0.121711	0
14	Gm14_36179038	36179038	0.128289	0
14	Gm14_36185715	36185715	0.0953947	0
14	Gm14_36185758	36185758	0.0953947	0
14	Gm14_36185937	36185937	0.0953947	0
14	Gm14_36185996	36185996	0.0953947	0
14	Gm14_36208960	36208960	0.121711	0
14	Gm14_36212601	36212601	0.134868	0
14	Gm14_36212648	36212648	0.134868	0
14	Gm14_36216038	36216038	0.128289	0
14	Gm14_36216244	36216244	0.134868	0
14	Gm14_36217685	36217685	0.128289	0
14	Gm14_36217757	36217757	0.128289	0
14	Gm14_36218380	36218380	0.128289	0
14	Gm14_36227409	36227409	0.121711	0
14	Gm14_36227639	36227639	0.125	0
14	Gm14_36233691	36233691	0.118421	0
14	Gm14_36233699	36233699	0.134868	0
14	Gm14_36233722	36233722	0.138158	0
14	Gm14_36242286	36242286	0.128289	0
14	Gm14_36245585	36245585	0.128289	0
14	Gm14_36273801	36273801	0.134868	0
14	Gm14_36273822	36273822	0.134868	0
14	Gm14_36294270	36294270	0.138158	0
14	Gm14_36298287	36298287	0.131579	0
14	Gm14_36303949	36303949	0.134868	0
14	Gm14_36304314	36304314	0.125	0
14	Gm14_36310069	36310069	0.125	0
14	Gm14_36310084	36310084	0.134868	0
14	Gm14_36310502	36310502	0.138158	0
14	Gm14_36310548	36310548	0.134868	0
14	Gm14_36325577	36325577	0.138158	0
14	Gm14_36326907	36326907	0.111842	0
14	Gm14_36356037	36356037	0.144737	0
14	Gm14_36361848	36361848	0.115132	0
14	Gm14_36368662	36368662	0.134868	0
14	Gm14_36368915	36368915	0.115132	0
14	Gm14_36369241	36369241	0.131579	0
14	Gm14_36369256	36369256	0.121711	0
14	Gm14_36369306	36369306	0.131579	0
14	Gm14_36369720	36369720	0.128289	0
14	Gm14_36371229	36371229	0.128289	0
14	Gm14_36371475	36371475	0.128289	0
14	Gm14_36371494	36371494	0.128289	0
14	Gm14_36371756	36371756	0.128289	0
14	Gm14_36382568	36382568	0.138158	0
14	Gm14_36392620	36392620	0.125	0
14	Gm14_36434714	36434714	0.121711	0
14	Gm14_36605773	36605773	0.125	0
14	Gm14_36605831	36605831	0.121711	0
14	Gm14_36615150	36615150	0.144737	0
14	Gm14_36663763	36663763	0.131579	0
14	Gm14_36663779	36663779	0.131579	0
14	Gm14_36670224	36670224	0.125	0
14	Gm14_36675871	36675871	0.131579	0
14	Gm14_36712299	36712299	0.134868	0
14	Gm14_36712547	36712547	0.134868	0
14	Gm14_36714590	36714590	0.131579	0
14	Gm14_36714597	36714597	0.131579	0
14	Gm14_36714784	36714784	0.138158	0
14	Gm14_36718722	36718722	0.131579	0
14	Gm14_36721359	36721359	0.134868	0
14	Gm14_36725757	36725757	0.131579	0
14	Gm14_36726915	36726915	0.118421	0
14	Gm14_36726926	36726926	0.121711	0
14	Gm14_36730336	36730336	0.138158	0
14	Gm14_36732544	36732544	0.118421	0
14	Gm14_36741650	36741650	0.134868	0
14	Gm14_36759287	36759287	0.134868	0
14	Gm14_36759829	36759829	0.125	0
14	Gm14_36761433	36761433	0.115132	0
14	Gm14_36761451	36761451	0.125	0
14	Gm14_36766172	36766172	0.121711	0
14	Gm14_36766419	36766419	0.121711	0
14	Gm14_36780075	36780075	0.128289	0
14	Gm14_36795267	36795267	0.111842	0
14	Gm14_36795648	36795648	0.121711	0
14	Gm14_36795987	36795987	0.121711	0
14	Gm14_36796072	36796072	0.128289	0
14	Gm14_36833985	36833985	0.134868	0
14	Gm14_36837352	36837352	0.138158	0
14	Gm14_36837596	36837596	0.138158	0
14	Gm14_36849504	36849504	0.131579	0
14	Gm14_36851149	36851149	0.128289	0
14	Gm14_36851162	36851162	0.0756579	0
14	Gm14_36852098	36852098	0.131579	0
14	Gm14_36852400	36852400	0.128289	0
14	Gm14_36853805	36853805	0.138158	0
14	Gm14_36853811	36853811	0.131579	0
14	Gm14_36865072	36865072	0.125	0
14	Gm14_36872765	36872765	0.115132	0
14	Gm14_36899951	36899951	0.131579	0
14	Gm14_36902422	36902422	0.128289	0
14	Gm14_36908749	36908749	0.131579	0
14	Gm14_36908862	36908862	0.128289	0
14	Gm14_36911739	36911739	0.144737	0
14	Gm14_36911966	36911966	0.138158	0
14	Gm14_36911991	36911991	0.138158	0
14	Gm14_36934145	36934145	0.128289	0
14	Gm14_36934450	36934450	0.131579	0
14	Gm14_36934456	36934456	0.131579	0
14	Gm14_36950597	36950597	0.115132	0
14	Gm14_36962493	36962493	0.125	0
14	Gm14_36999355	36999355	0.138158	0
14	Gm14_37014941	37014941	0.131579	0
14	Gm14_37020051	37020051	0.131579	0
14	Gm14_37020067	37020067	0.131579	0
14	Gm14_37021423	37021423	0.131579	0
14	Gm14_37044441	37044441	0.128289	0
14	Gm14_37059154	37059154	0.128289	0
14	Gm14_37072917	37072917	0.125	0
14	Gm14_37072935	37072935	0.125	0
14	Gm14_37079818	37079818	0.121711	0
14	Gm14_37080037	37080037	0.128289	0
14	Gm14_37086589	37086589	0.128289	0
14	Gm14_37112258	37112258	0.292763	0
14	Gm14_37118620	37118620	0.131579	0
14	Gm14_37118675	37118675	0.131579	0
14	Gm14_37118686	37118686	0.125	0
14	Gm14_37120491	37120491	0.144737	0
14	Gm14_37120759	37120759	0.141447	0
14	Gm14_37120860	37120860	0.121711	0
14	Gm14_37120887	37120887	0.131579	0
14	Gm14_37138817	37138817	0.118421	0
14	Gm14_37139979	37139979	0.121711	0
14	Gm14_37164457	37164457	0.134868	0
14	Gm14_37165022	37165022	0.128289	0
14	Gm14_37195723	37195723	0.134868	0
14	Gm14_37199891	37199891	0.128289	0
14	Gm14_37200263	37200263	0.138158	0
14	Gm14_37200300	37200300	0.138158	0
14	Gm14_37202423	37202423	0.128289	0
14	Gm14_37204721	37204721	0.128289	0
14	Gm14_37206194	37206194	0.0888158	0
14	Gm14_37206214	37206214	0.128289	0
14	Gm14_37220790	37220790	0.125	0
14	Gm14_37220983	37220983	0.125	0
14	Gm14_37221030	37221030	0.131579	0
14	Gm14_37249677	37249677	0.292763	0
14	Gm14_37252595	37252595	0.121711	0
14	Gm14_37253347	37253347	0.108553	0
14	Gm14_37259428	37259428	0.134868	0
14	Gm14_37276942	37276942	0.141447	0
14	Gm14_37277679	37277679	0.125	0
14	Gm14_37277950	37277950	0.141447	0
14	Gm14_37292772	37292772	0.128289	0
14	Gm14_37321925	37321925	0.125	0
14	Gm14_37353573	37353573	0.144737	0
14	Gm14_37388361	37388361	0.121711	0
14	Gm14_37397921	37397921	0.141447	0
14	Gm14_37465851	37465851	0.138158	0
14	Gm14_37466191	37466191	0.131579	0
14	Gm14_37482094	37482094	0.138158	0
14	Gm14_37489017	37489017	0.131579	0
14	Gm14_37491452	37491452	0.134868	0
14	Gm14_37496231	37496231	0.128289	0
14	Gm14_37590267	37590267	0.128289	0
14	Gm14_37590525	37590525	0.138158	0
14	Gm14_37590533	37590533	0.144737	0
14	Gm14_37590881	37590881	0.138158	0
14	Gm14_37590905	37590905	0.138158	0
14	Gm14_37591289	37591289	0.138158	0
14	Gm14_37591393	37591393	0.118421	0
14	Gm14_37591411	37591411	0.138158	0
14	Gm14_37591620	37591620	0.131579	0
14	Gm14_37591946	37591946	0.125	0
14	Gm14_37600972	37600972	0.138158	0
14	Gm14_37604723	37604723	0.121711	0
14	Gm14_37604736	37604736	0.125	0
14	Gm14_37620152	37620152	0.131579	0
14	Gm14_37633726	37633726	0.128289	0
14	Gm14_37633987	37633987	0.115132	0
14	Gm14_37634210	37634210	0.134868	0
14	Gm14_37638988	37638988	0.134868	0
14	Gm14_37688465	37688465	0.138158	0
14	Gm14_37688486	37688486	0.141447	0
14	Gm14_37688651	37688651	0.128289	0
14	Gm14_37688663	37688663	0.121711	0
14	Gm14_37690508	37690508	0.134868	0
14	Gm14_37690556	37690556	0.128289	0
14	Gm14_37696869	37696869	0.111842	0
14	Gm14_37733448	37733448	0.141447	0
14	Gm14_37734875	37734875	0.138158	0
14	Gm14_37734945	37734945	0.131579	0
14	Gm14_37790592	37790592	0.0526316	0
14	Gm14_37793856	37793856	0.138158	0
14	Gm14_37814653	37814653	0.138158	0
14	Gm14_37814658	37814658	0.131579	0
14	Gm14_37815025	37815025	0.138158	0
14	Gm14_37852208	37852208	0.115132	0
14	Gm14_37864230	37864230	0.134868	0
14	Gm14_37884419	37884419	0.134868	0
14	Gm14_37894767	37894767	0.131579	0
14	Gm14_37906493	37906493	0.125	0
14	Gm14_37921322	37921322	0.125	0
14	Gm14_37936951	37936951	0.128289	0
14	Gm14_37937113	37937113	0.121711	0
14	Gm14_37937209	37937209	0.134868	0
14	Gm14_37937647	37937647	0.128289	0
14	Gm14_37938535	37938535	0.131579	0
14	Gm14_37940172	37940172	0.128289	0
14	Gm14_37947215	37947215	0.138158	0
14	Gm14_37948666	37948666	0.131579	0
14	Gm14_37948687	37948687	0.131579	0
14	Gm14_37949643	37949643	0.138158	0
14	Gm14_37949663	37949663	0.134868	0
14	Gm14_37952737	37952737	0.134868	0
14	Gm14_37960128	37960128	0.125	0
14	Gm14_37966793	37966793	0.134868	0
14	Gm14_38014429	38014429	0.125	0
14	Gm14_38014763	38014763	0.134868	0
14	Gm14_38035731	38035731	0.128289	0
14	Gm14_38036633	38036633	0.131579	0
14	Gm14_38036852	38036852	0.125	0
14	Gm14_38049381	38049381	0.134868	0
14	Gm14_38049841	38049841	0.128289	0
14	Gm14_38072466	38072466	0.121711	0
14	Gm14_38084875	38084875	0.121711	0
14	Gm14_38085474	38085474	0.141447	0
14	Gm14_38087418	38087418	0.128289	0
14	Gm14_38099368	38099368	0.138158	0
14	Gm14_38109753	38109753	0.121711	0
14	Gm14_38134369	38134369	0.115132	0
14	Gm14_38134406	38134406	0.118421	0
14	Gm14_38139641	38139641	0.131579	0
14	Gm14_38140029	38140029	0.125	0
14	Gm14_38140074	38140074	0.138158	0
14	Gm14_38157937	38157937	0.125	0
14	Gm14_38173631	38173631	0.125	0
14	Gm14_38173660	38173660	0.131579	0
14	Gm14_38183178	38183178	0.131579	0
14	Gm14_38205989	38205989	0.134868	0
14	Gm14_38206031	38206031	0.128289	0
14	Gm14_38222508	38222508	0.128289	0
14	Gm14_38225902	38225902	0.138158	0
14	Gm14_38227187	38227187	0.118421	0
14	Gm14_38233610	38233610	0.131579	0
14	Gm14_38233957	38233957	0.134868	0
14	Gm14_38285060	38285060	0.128289	0
14	Gm14_38294798	38294798	0.121711	0
14	Gm14_38302026	38302026	0.125	0
14	Gm14_38302241	38302241	0.125	0
14	Gm14_38304169	38304169	0.134868	0
14	Gm14_38311730	38311730	0.128289	0
14	Gm14_38312078	38312078	0.128289	0
14	Gm14_38496057	38496057	0.125	0
14	Gm14_38496070	38496070	0.138158	0
14	Gm14_38504941	38504941	0.108553	0
14	Gm14_38505184	38505184	0.111842	0
14	Gm14_38509445	38509445	0.134868	0
14	Gm14_38509551	38509551	0.128289	0
14	Gm14_38509861	38509861	0.128289	0
14	Gm14_38511502	38511502	0.144737	0
14	Gm14_38532745	38532745	0.131579	0
14	Gm14_38532947	38532947	0.138158	0
14	Gm14_38538590	38538590	0.128289	0
14	Gm14_38561876	38561876	0.125	0
14	Gm14_38567666	38567666	0.128289	0
14	Gm14_38608510	38608510	0.138158	0
14	Gm14_38609566	38609566	0.128289	0
14	Gm14_38609818	38609818	0.141447	0
14	Gm14_38634900	38634900	0.144737	0
14	Gm14_38651971	38651971	0.131579	0
14	Gm14_38691750	38691750	0.134868	0
14	Gm14_38701821	38701821	0.128289	0
14	Gm14_38702028	38702028	0.125	0
14	Gm14_38709667	38709667	0.121711	0
14	Gm14_38710195	38710195	0.121711	0
14	Gm14_38783059	38783059	0.131579	0
14	Gm14_38793714	38793714	0.128289	0
14	Gm14_38865249	38865249	0.128289	0
14	Gm14_38867110	38867110	0.134868	0
14	Gm14_38867968	38867968	0.141447	0
14	Gm14_38917233	38917233	0.128289	0
14	Gm14_38995744	38995744	0.121711	0
14	Gm14_39000154	39000154	0.121711	0
14	Gm14_39000447	39000447	0.128289	0
14	Gm14_39002759	39002759	0.115132	0
14	Gm14_39011949	39011949	0.125	0
14	Gm14_39012200	39012200	0.125	0
14	Gm14_39022415	39022415	0.131579	0
14	Gm14_39024267	39024267	0.121711	0
14	Gm14_39034336	39034336	0.111842	0
14	Gm14_39057093	39057093	0.121711	0
14	Gm14_39061591	39061591	0.125	0
14	Gm14_39061639	39061639	0.125	0
14	Gm14_39063121	39063121	0.134868	0
14	Gm14_39063189	39063189	0.128289	0
14	Gm14_39072761	39072761	0.128289	0
14	Gm14_39091069	39091069	0.121711	0
14	Gm14_39091095	39091095	0.134868	0
14	Gm14_39096977	39096977	0.131579	0
14	Gm14_39097023	39097023	0.118421	0
14	Gm14_39099099	39099099	0.134868	0
14	Gm14_39118493	39118493	0.289474	0
14	Gm14_39118643	39118643	0.121711	0
14	Gm14_39118892	39118892	0.121711	0
14	Gm14_39118903	39118903	0.125	0
14	Gm14_39135678	39135678	0.118421	0
14	Gm14_39135842	39135842	0.118421	0
14	Gm14_39135856	39135856	0.118421	0
14	Gm14_39135868	39135868	0.118421	0
14	Gm14_39135908	39135908	0.121711	0
14	Gm14_39190324	39190324	0.424342	0
14	Gm14_39196326	39196326	0.125	0
14	Gm14_39196772	39196772	0.134868	0
14	Gm14_39219858	39219858	0.125	0
14	Gm14_39232569	39232569	0.138158	0
14	Gm14_39236450	39236450	0.134868	0
14	Gm14_39236750	39236750	0.134868	0
14	Gm14_39236918	39236918	0.134868	0
14	Gm14_39238267	39238267	0.138158	0
14	Gm14_39240930	39240930	0.144737	0
14	Gm14_39240985	39240985	0.131579	0
14	Gm14_39241024	39241024	0.121711	0
14	Gm14_39243219	39243219	0.111842	0
14	Gm14_39245011	39245011	0.131579	0
14	Gm14_39246245	39246245	0.0789474	0
14	Gm14_39246835	39246835	0.134868	0
14	Gm14_39252231	39252231	0.141447	0
14	Gm14_39252242	39252242	0.121711	0
14	Gm14_39252509	39252509	0.131579	0
14	Gm14_39252566	39252566	0.131579	0
14	Gm14_39289032	39289032	0.125	0
14	Gm14_39293658	39293658	0.134868	0
14	Gm14_39293668	39293668	0.134868	0
14	Gm14_39318169	39318169	0.134868	0
14	Gm14_39318262	39318262	0.125	0
14	Gm14_39320094	39320094	0.125	0
14	Gm14_39350174	39350174	0.292763	0
14	Gm14_39355746	39355746	0.141447	0
14	Gm14_39364326	39364326	0.125	0
14	Gm14_39365817	39365817	0.125	0
14	Gm14_39366114	39366114	0.118421	0
14	Gm14_39366130	39366130	0.125	0
14	Gm14_39393033	39393033	0.131579	0
14	Gm14_39457177	39457177	0.105263	0
14	Gm14_39457188	39457188	0.105263	0
14	Gm14_39457241	39457241	0.105263	0
14	Gm14_39491069	39491069	0.101974	0
14	Gm14_39498912	39498912	0.128289	0
14	Gm14_39500663	39500663	0.121711	0
14	Gm14_39502227	39502227	0.115132	0
14	Gm14_39514140	39514140	0.111842	0
14	Gm14_39525785	39525785	0.128289	0
14	Gm14_39526936	39526936	0.121711	0
14	Gm14_39634985	39634985	0.131579	0
14	Gm14_39635028	39635028	0.134868	0
14	Gm14_39635152	39635152	0.131579	0
14	Gm14_39640243	39640243	0.134868	0
14	Gm14_39642005	39642005	0.121711	0
14	Gm14_39642042	39642042	0.121711	0
14	Gm14_39642161	39642161	0.125	0
14	Gm14_39647649	39647649	0.121711	0
14	Gm14_39647677	39647677	0.128289	0
14	Gm14_39710164	39710164	0.128289	0
14	Gm14_39767776	39767776	0.134868	0
14	Gm14_39789035	39789035	0.134868	0
14	Gm14_39796077	39796077	0.131579	0
14	Gm14_39796194	39796194	0.131579	0
14	Gm14_39812877	39812877	0.134868	0
14	Gm14_39813119	39813119	0.125	0
14	Gm14_39813168	39813168	0.131579	0
14	Gm14_39843265	39843265	0.128289	0
14	Gm14_39844780	39844780	0.134868	0
14	Gm14_39844815	39844815	0.134868	0
14	Gm14_39853703	39853703	0.128289	0
14	Gm14_39853945	39853945	0.121711	0
14	Gm14_39856430	39856430	0.134868	0
14	Gm14_39881427	39881427	0.134868	0
14	Gm14_39881476	39881476	0.121711	0
14	Gm14_39887869	39887869	0.134868	0
14	Gm14_39892474	39892474	0.128289	0
14	Gm14_39892548	39892548	0.131579	0
14	Gm14_39892781	39892781	0.134868	0
14	Gm14_39923024	39923024	0.131579	0
14	Gm14_39935017	39935017	0.134868	0
14	Gm14_39990551	39990551	0.138158	0
14	Gm14_40001536	40001536	0.128289	0
14	Gm14_40007931	40007931	0.131579	0
14	Gm14_40009205	40009205	0.125	0
14	Gm14_40009367	40009367	0.125	0
14	Gm14_40029416	40029416	0.128289	0
14	Gm14_40041381	40041381	0.138158	0
14	Gm14_40100866	40100866	0.121711	0
14	Gm14_40112379	40112379	0.128289	0
14	Gm14_40112387	40112387	0.134868	0
14	Gm14_40114650	40114650	0.115132	0
14	Gm14_40130757	40130757	0.128289	0
14	Gm14_40133169	40133169	0.125	0
14	Gm14_40152624	40152624	0.134868	0
14	Gm14_40152805	40152805	0.128289	0
14	Gm14_40158582	40158582	0.125	0
14	Gm14_40158626	40158626	0.125	0
14	Gm14_40158822	40158822	0.125	0
14	Gm14_40197569	40197569	0.131579	0
14	Gm14_40197627	40197627	0.131579	0
14	Gm14_40198265	40198265	0.131579	0
14	Gm14_40198980	40198980	0.128289	0
14	Gm14_40199176	40199176	0.134868	0
14	Gm14_40248530	40248530	0.138158	0
14	Gm14_40248578	40248578	0.131579	0
14	Gm14_40249249	40249249	0.141447	0
14	Gm14_40251061	40251061	0.131579	0
14	Gm14_40251085	40251085	0.131579	0
14	Gm14_40251133	40251133	0.131579	0
14	Gm14_40296074	40296074	0.128289	0
14	Gm14_40296169	40296169	0.131579	0
14	Gm14_40300641	40300641	0.134868	0
14	Gm14_40300808	40300808	0.128289	0
14	Gm14_40301082	40301082	0.134868	0
14	Gm14_40301095	40301095	0.134868	0
14	Gm14_40319784	40319784	0.128289	0
14	Gm14_40319917	40319917	0.131579	0
14	Gm14_40352232	40352232	0.125	0
14	Gm14_40357062	40357062	0.128289	0
14	Gm14_40357074	40357074	0.128289	0
14	Gm14_40357197	40357197	0.121711	0
14	Gm14_40357202	40357202	0.108553	0
14	Gm14_40357214	40357214	0.121711	0
14	Gm14_40357373	40357373	0.138158	0
14	Gm14_40357459	40357459	0.131579	0
14	Gm14_40357742	40357742	0.131579	0
14	Gm14_40364645	40364645	0.125	0
14	Gm14_40364874	40364874	0.302632	0
14	Gm14_40391135	40391135	0.125	0
14	Gm14_40391297	40391297	0.125	0
14	Gm14_40487338	40487338	0.131579	0
14	Gm14_40530661	40530661	0.111842	0
14	Gm14_40530717	40530717	0.111842	0
14	Gm14_40551443	40551443	0.131579	0
14	Gm14_40551727	40551727	0.131579	0
14	Gm14_40551788	40551788	0.131579	0
14	Gm14_40554002	40554002	0.121711	0
14	Gm14_40554396	40554396	0.134868	0
14	Gm14_40554436	40554436	0.128289	0
14	Gm14_40554444	40554444	0.128289	0
14	Gm14_40554450	40554450	0.128289	0
14	Gm14_40554751	40554751	0.128289	0
14	Gm14_40567701	40567701	0.128289	0
14	Gm14_40621306	40621306	0.115132	0
14	Gm14_40637391	40637391	0.134868	0
14	Gm14_40637490	40637490	0.138158	0
14	Gm14_40657335	40657335	0.131579	0
14	Gm14_40657483	40657483	0.131579	0
14	Gm14_40657619	40657619	0.131579	0
14	Gm14_40657788	40657788	0.131579	0
14	Gm14_40663044	40663044	0.144737	0
14	Gm14_40663369	40663369	0.144737	0
14	Gm14_40663404	40663404	0.138158	0
14	Gm14_40663473	40663473	0.125	0
14	Gm14_40665893	40665893	0.134868	0
14	Gm14_40665905	40665905	0.134868	0
14	Gm14_40666465	40666465	0.134868	0
14	Gm14_40666484	40666484	0.134868	0
14	Gm14_40669171	40669171	0.118421	0
14	Gm14_40669180	40669180	0.134868	0
14	Gm14_40673639	40673639	0.131579	0
14	Gm14_40673656	40673656	0.131579	0
14	Gm14_40673665	40673665	0.131579	0
14	Gm14_40673995	40673995	0.138158	0
14	Gm14_40674587	40674587	0.134868	0
14	Gm14_40694474	40694474	0.134868	0
14	Gm14_40694698	40694698	0.131579	0
14	Gm14_40694990	40694990	0.131579	0
14	Gm14_40695212	40695212	0.134868	0
14	Gm14_40695233	40695233	0.128289	0
14	Gm14_40695304	40695304	0.134868	0
14	Gm14_40697170	40697170	0.118421	0
14	Gm14_40697990	40697990	0.138158	0
14	Gm14_40698010	40698010	0.144737	0
14	Gm14_40700276	40700276	0.118421	0
14	Gm14_40700522	40700522	0.134868	0
14	Gm14_40700554	40700554	0.141447	0
14	Gm14_40701564	40701564	0.138158	0
14	Gm14_40707368	40707368	0.111842	0
14	Gm14_40712478	40712478	0.138158	0
14	Gm14_40712679	40712679	0.131579	0
14	Gm14_40712730	40712730	0.138158	0
14	Gm14_40717937	40717937	0.138158	0
14	Gm14_40718069	40718069	0.138158	0
14	Gm14_40718122	40718122	0.131579	0
14	Gm14_40720364	40720364	0.134868	0
14	Gm14_40721910	40721910	0.134868	0
14	Gm14_40721920	40721920	0.138158	0
14	Gm14_40722254	40722254	0.141447	0
14	Gm14_40722472	40722472	0.111842	0
14	Gm14_40722493	40722493	0.111842	0
14	Gm14_40722511	40722511	0.111842	0
14	Gm14_40723466	40723466	0.131579	0
14	Gm14_40727349	40727349	0.131579	0
14	Gm14_40727366	40727366	0.134868	0
14	Gm14_40727408	40727408	0.131579	0
14	Gm14_40727632	40727632	0.131579	0
14	Gm14_40727789	40727789	0.128289	0
14	Gm14_40727983	40727983	0.125	0
14	Gm14_40728009	40728009	0.125	0
14	Gm14_40762824	40762824	0.138158	0
14	Gm14_40763171	40763171	0.134868	0
14	Gm14_40763370	40763370	0.131579	0
14	Gm14_40764818	40764818	0.134868	0
14	Gm14_40765278	40765278	0.125	0
14	Gm14_40770753	40770753	0.121711	0
14	Gm14_40771060	40771060	0.134868	0
14	Gm14_40775006	40775006	0.144737	0
14	Gm14_40775267	40775267	0.131579	0
14	Gm14_40781816	40781816	0.128289	0
14	Gm14_40788640	40788640	0.131579	0
14	Gm14_40788916	40788916	0.131579	0
14	Gm14_40789611	40789611	0.141447	0
14	Gm14_40807243	40807243	0.138158	0
14	Gm14_40807252	40807252	0.171053	0
14	Gm14_40807278	40807278	0.138158	0
14	Gm14_40807497	40807497	0.131579	0
14	Gm14_40807518	40807518	0.118421	0
14	Gm14_40810929	40810929	0.141447	0
14	Gm14_40810947	40810947	0.141447	0
14	Gm14_40849944	40849944	0.134868	0
14	Gm14_40881659	40881659	0.134868	0
14	Gm14_40881706	40881706	0.134868	0
14	Gm14_40881729	40881729	0.134868	0
14	Gm14_40881816	40881816	0.141447	0
14	Gm14_40881827	40881827	0.134868	0
14	Gm14_40902235	40902235	0.121711	0
14	Gm14_40902437	40902437	0.138158	0
14	Gm14_40902462	40902462	0.121711	0
14	Gm14_40934174	40934174	0.134868	0
14	Gm14_40934216	40934216	0.134868	0
14	Gm14_40934344	40934344	0.134868	0
14	Gm14_40934362	40934362	0.134868	0
14	Gm14_40934383	40934383	0.134868	0
14	Gm14_40937846	40937846	0.134868	0
14	Gm14_40963079	40963079	0.111842	0
14	Gm14_40978305	40978305	0.138158	0
14	Gm14_40978621	40978621	0.131579	0
14	Gm14_40996258	40996258	0.131579	0
14	Gm14_40996525	40996525	0.131579	0
14	Gm14_41007389	41007389	0.141447	0
14	Gm14_41007434	41007434	0.131579	0
14	Gm14_41007700	41007700	0.131579	0
14	Gm14_41029357	41029357	0.125	0
14	Gm14_41043353	41043353	0.128289	0
14	Gm14_41066990	41066990	0.128289	0
14	Gm14_41108736	41108736	0.125	0
14	Gm14_41110111	41110111	0.134868	0
14	Gm14_41113091	41113091	0.121711	0
14	Gm14_41153582	41153582	0.131579	0
14	Gm14_41155753	41155753	0.138158	0
14	Gm14_41156646	41156646	0.131579	0
14	Gm14_41156663	41156663	0.131579	0
14	Gm14_41182356	41182356	0.125	0
14	Gm14_41186711	41186711	0.0756579	0
14	Gm14_41187024	41187024	0.138158	0
14	Gm14_41190644	41190644	0.138158	0
14	Gm14_41198302	41198302	0.128289	0
14	Gm14_41198500	41198500	0.134868	0
14	Gm14_41203190	41203190	0.131579	0
14	Gm14_41205247	41205247	0.131579	0
14	Gm14_41205268	41205268	0.118421	0
14	Gm14_41206128	41206128	0.134868	0
14	Gm14_41206644	41206644	0.118421	0
14	Gm14_41206713	41206713	0.118421	0
14	Gm14_41218019	41218019	0.141447	0
14	Gm14_41219936	41219936	0.125	0
14	Gm14_41234136	41234136	0.125	0
14	Gm14_41256218	41256218	0.121711	0
14	Gm14_41263905	41263905	0.131579	0
14	Gm14_41292909	41292909	0.0690789	0
14	Gm14_41293018	41293018	0.0789474	0
14	Gm14_41354490	41354490	0.0690789	0
14	Gm14_41354702	41354702	0.0690789	0
14	Gm14_41370575	41370575	0.0723684	0
14	Gm14_41442182	41442182	0.0789474	0
14	Gm14_41442206	41442206	0.0789474	0
14	Gm14_41442554	41442554	0.0789474	0
14	Gm14_41474077	41474077	0.0789474	0
14	Gm14_41489266	41489266	0.0789474	0
14	Gm14_41504428	41504428	0.0789474	0
14	Gm14_41504454	41504454	0.0723684	0
14	Gm14_41504719	41504719	0.0822368	0
14	Gm14_41504794	41504794	0.0822368	0
14	Gm14_41505431	41505431	0.0789474	0
14	Gm14_41505575	41505575	0.0756579	0
14	Gm14_41505641	41505641	0.0756579	0
14	Gm14_41507223	41507223	0.0756579	0
14	Gm14_41507413	41507413	0.0690789	0
14	Gm14_41507430	41507430	0.0657895	0
14	Gm14_41507468	41507468	0.0657895	0
14	Gm14_41507679	41507679	0.0657895	0
14	Gm14_41520131	41520131	0.0822368	0
14	Gm14_41538733	41538733	0.0690789	0
14	Gm14_41557493	41557493	0.0690789	0
14	Gm14_41590044	41590044	0.0789474	0
14	Gm14_41612161	41612161	0.0822368	0
14	Gm14_41622254	41622254	0.0723684	0
14	Gm14_41625275	41625275	0.0690789	0
14	Gm14_41629484	41629484	0.0690789	0
14	Gm14_41629536	41629536	0.0756579	0
14	Gm14_41640592	41640592	0.0723684	0
14	Gm14_41643061	41643061	0.0723684	0
14	Gm14_41643586	41643586	0.0690789	0
14	Gm14_41658948	41658948	0.0690789	0
14	Gm14_41663587	41663587	0.0690789	0
14	Gm14_41663600	41663600	0.0690789	0
14	Gm14_41663647	41663647	0.0690789	0
14	Gm14_41687811	41687811	0.0723684	0
14	Gm14_41688114	41688114	0.0822368	0
14	Gm14_41697519	41697519	0.0789474	0
14	Gm14_41705250	41705250	0.0723684	0
14	Gm14_41733637	41733637	0.0789474	0
14	Gm14_41736889	41736889	0.0789474	0
14	Gm14_41745335	41745335	0.0723684	0
14	Gm14_41745349	41745349	0.0723684	0
14	Gm14_41753411	41753411	0.0756579	0
14	Gm14_41755440	41755440	0.0723684	0
14	Gm14_41755471	41755471	0.0723684	0
14	Gm14_41809735	41809735	0.0756579	0
14	Gm14_41811410	41811410	0.0822368	0
14	Gm14_41811593	41811593	0.0822368	0
14	Gm14_41811896	41811896	0.0756579	0
14	Gm14_41811918	41811918	0.0756579	0
14	Gm14_41812199	41812199	0.0756579	0
14	Gm14_41861897	41861897	0.0756579	0
14	Gm14_41865025	41865025	0.0559211	0
14	Gm14_41865092	41865092	0.131579	0
14	Gm14_41880576	41880576	0.0756579	0
14	Gm14_41882920	41882920	0.128289	0
14	Gm14_41882951	41882951	0.131579	0
14	Gm14_41882960	41882960	0.0559211	0
14	Gm14_41882991	41882991	0.0756579	0
14	Gm14_41883196	41883196	0.138158	0
14	Gm14_41885761	41885761	0.0559211	0
14	Gm14_41923272	41923272	0.164474	0
14	Gm14_41992795	41992795	0.0526316	0
14	Gm14_41999786	41999786	0.0559211	0
14	Gm14_41999854	41999854	0.0559211	0
14	Gm14_41999996	41999996	0.0559211	0
14	Gm14_42000405	42000405	0.0559211	0
14	Gm14_42002004	42002004	0.134868	0
14	Gm14_42002482	42002482	0.0559211	0
14	Gm14_42008581	42008581	0.0559211	0
14	Gm14_42010230	42010230	0.0526316	0
14	Gm14_42059503	42059503	0.154605	0
14	Gm14_42059516	42059516	0.148026	0
14	Gm14_42098245	42098245	0.151316	0
14	Gm14_42098250	42098250	0.151316	0
14	Gm14_42098285	42098285	0.157895	0
14	Gm14_42098636	42098636	0.0592105	0
14	Gm14_42099859	42099859	0.148026	0
14	Gm14_42104864	42104864	0.0822368	0
14	Gm14_42123062	42123062	0.151316	0
14	Gm14_42123274	42123274	0.151316	0
14	Gm14_42123336	42123336	0.151316	0
14	Gm14_42142829	42142829	0.0789474	0
14	Gm14_42142883	42142883	0.144737	0
14	Gm14_42167631	42167631	0.148026	0
14	Gm14_42178639	42178639	0.148026	0
14	Gm14_42178988	42178988	0.148026	0
14	Gm14_42214980	42214980	0.151316	0
14	Gm14_42215036	42215036	0.151316	0
14	Gm14_42215312	42215312	0.151316	0
14	Gm14_42215487	42215487	0.151316	0
14	Gm14_42232334	42232334	0.151316	0
14	Gm14_42237037	42237037	0.151316	0
14	Gm14_42238019	42238019	0.148026	0
14	Gm14_42244800	42244800	0.0921053	0
14	Gm14_42244848	42244848	0.0855263	0
14	Gm14_42245108	42245108	0.0921053	0
14	Gm14_42245117	42245117	0.0855263	0
14	Gm14_42273093	42273093	0.144737	0
14	Gm14_42297627	42297627	0.144737	0
14	Gm14_42297784	42297784	0.144737	0
14	Gm14_42359504	42359504	0.0855263	0
14	Gm14_42392668	42392668	0.148026	0
14	Gm14_42414808	42414808	0.0789474	0
14	Gm14_42414828	42414828	0.0789474	0
14	Gm14_42431993	42431993	0.0921053	0
14	Gm14_42439768	42439768	0.0888158	0
14	Gm14_42439821	42439821	0.0888158	0
14	Gm14_42439973	42439973	0.0888158	0
14	Gm14_42465848	42465848	0.0855263	0
14	Gm14_42465891	42465891	0.0855263	0
14	Gm14_42469408	42469408	0.0888158	0
14	Gm14_42469744	42469744	0.328947	0
14	Gm14_42472099	42472099	0.177632	0
14	Gm14_42472757	42472757	0.0822368	0
14	Gm14_42473091	42473091	0.128289	0
14	Gm14_42502003	42502003	0.0888158	0
14	Gm14_42502241	42502241	0.0789474	0
14	Gm14_42502780	42502780	0.0789474	0
14	Gm14_42512688	42512688	0.151316	0
14	Gm14_42538496	42538496	0.0559211	0
14	Gm14_47216788	47216788	0.151316	0
14	Gm14_47269359	47269359	0.161184	0
14	Gm14_47303616	47303616	0.141447	0
14	Gm14_47307373	47307373	0.161184	0
14	Gm14_47310349	47310349	0.134868	0
14	Gm14_47316131	47316131	0.161184	0
14	Gm14_47339979	47339979	0.105263	0
14	Gm14_47340009	47340009	0.131579	0
14	Gm14_47340142	47340142	0.105263	0
14	Gm14_47384125	47384125	0.105263	0
14	Gm14_47407571	47407571	0.167763	0
14	Gm14_47407595	47407595	0.167763	0
14	Gm14_47407617	47407617	0.174342	0
14	Gm14_47407844	47407844	0.174342	0
14	Gm14_47422193	47422193	0.0526316	0
14	Gm14_47456437	47456437	0.404605	0
14	Gm14_47508408	47508408	0.286184	0
14	Gm14_47586774	47586774	0.220395	0
14	Gm14_47609828	47609828	0.407895	0
14	Gm14_47619363	47619363	0.217105	0
14	Gm14_47619393	47619393	0.217105	0
14	Gm14_47636182	47636182	0.411184	0
14	Gm14_47691841	47691841	0.490132	0
14	Gm14_47696838	47696838	0.101974	0
14	Gm14_47705421	47705421	0.388158	0
14	Gm14_47705655	47705655	0.414474	0
14	Gm14_47711081	47711081	0.430921	0
14	Gm14_47711464	47711464	0.427632	0
14	Gm14_47711530	47711530	0.434211	0
14	Gm14_47717307	47717307	0.411184	0
14	Gm14_47717577	47717577	0.427632	0
14	Gm14_47730122	47730122	0.375	0
14	Gm14_47730202	47730202	0.0756579	0
14	Gm14_47730406	47730406	0.368421	0
14	Gm14_47846016	47846016	0.101974	0
14	Gm14_47872254	47872254	0.125	0
14	Gm14_47872469	47872469	0.101974	0
14	Gm14_47872499	47872499	0.125	0
14	Gm14_47872544	47872544	0.101974	0
14	Gm14_47872556	47872556	0.128289	0
14	Gm14_47872568	47872568	0.128289	0
14	Gm14_47872584	47872584	0.101974	0
14	Gm14_47885977	47885977	0.105263	0
14	Gm14_48044779	48044779	0.210526	0
14	Gm14_48044794	48044794	0.210526	0
14	Gm14_48046748	48046748	0.213816	0
14	Gm14_48049172	48049172	0.223684	0
14	Gm14_48064975	48064975	0.335526	0
14	Gm14_48065437	48065437	0.217105	0
14	Gm14_48065694	48065694	0.217105	0
14	Gm14_48075756	48075756	0.0921053	0
14	Gm14_48075774	48075774	0.325658	0
14	Gm14_48128965	48128965	0.223684	0
14	Gm14_48135638	48135638	0.213816	0
14	Gm14_48267526	48267526	0.207237	0
14	Gm14_48319842	48319842	0.338816	0
14	Gm14_48319894	48319894	0.338816	0
14	Gm14_48327796	48327796	0.289474	0
14	Gm14_48344992	48344992	0.338816	0
14	Gm14_48345037	48345037	0.276316	0
14	Gm14_48345044	48345044	0.266447	0
14	Gm14_48346598	48346598	0.338816	0
14	Gm14_48350921	48350921	0.256579	0
14	Gm14_48350927	48350927	0.319079	0
14	Gm14_48393627	48393627	0.108553	0
14	Gm14_48449104	48449104	0.200658	0
14	Gm14_48449269	48449269	0.141447	0
14	Gm14_48467338	48467338	0.486842	0
14	Gm14_48490201	48490201	0.493421	0
14	Gm14_48490527	48490527	0.335526	0
14	Gm14_48491556	48491556	0.348684	0
14	Gm14_48491563	48491563	0.299342	0
14	Gm14_48520883	48520883	0.171053	0
14	Gm14_48523628	48523628	0.457237	0
14	Gm14_48539521	48539521	0.0756579	0
14	Gm14_48540927	48540927	0.0888158	0
14	Gm14_48655055	48655055	0.203947	0
