chr	id	pos	freq	ihh12
10	Gm10_4535809	4535809	0.128289	0
10	Gm10_4535846	4535846	0.128289	0
10	Gm10_4549389	4549389	0.154605	0
10	Gm10_4549524	4549524	0.154605	0
10	Gm10_4549539	4549539	0.0953947	0
10	Gm10_4549583	4549583	0.154605	0
10	Gm10_4553472	4553472	0.161184	0
10	Gm10_4574825	4574825	0.101974	0
10	Gm10_4574834	4574834	0.167763	0
10	Gm10_4575020	4575020	0.263158	0
10	Gm10_4575057	4575057	0.167763	0
10	Gm10_4596252	4596252	0.200658	0
10	Gm10_4596259	4596259	0.105263	0
10	Gm10_4626501	4626501	0.0723684	0
10	Gm10_4627092	4627092	0.121711	0
10	Gm10_4635449	4635449	0.121711	0
10	Gm10_4635472	4635472	0.0986842	0
10	Gm10_4640435	4640435	0.0723684	0
10	Gm10_4640666	4640666	0.0723684	0
10	Gm10_4660170	4660170	0.0822368	0
10	Gm10_4660180	4660180	0.194079	0
10	Gm10_4670275	4670275	0.190789	0
10	Gm10_4695700	4695700	0.177632	0
10	Gm10_4741407	4741407	0.0657895	0
10	Gm10_4743349	4743349	0.0723684	0
10	Gm10_4757862	4757862	0.157895	0
10	Gm10_4797074	4797074	0.0723684	0
10	Gm10_4827904	4827904	0.0822368	0
10	Gm10_4827909	4827909	0.0690789	0
10	Gm10_4838295	4838295	0.0789474	0
10	Gm10_4838308	4838308	0.0690789	0
10	Gm10_4838341	4838341	0.0690789	0
10	Gm10_4914837	4914837	0.0690789	0
10	Gm10_4926093	4926093	0.190789	0
10	Gm10_4926249	4926249	0.128289	0
10	Gm10_5050457	5050457	0.167763	0
10	Gm10_5054161	5054161	0.164474	0
10	Gm10_5054166	5054166	0.164474	0
10	Gm10_5054182	5054182	0.164474	0
10	Gm10_5055333	5055333	0.167763	0
10	Gm10_5056054	5056054	0.171053	0
10	Gm10_5079563	5079563	0.164474	0
10	Gm10_5114188	5114188	0.184211	0
10	Gm10_5133417	5133417	0.194079	0
10	Gm10_5133427	5133427	0.1875	0
10	Gm10_5133717	5133717	0.1875	0
10	Gm10_5146665	5146665	0.190789	0
10	Gm10_5179427	5179427	0.171053	0
10	Gm10_5179466	5179466	0.171053	0
10	Gm10_5179473	5179473	0.171053	0
10	Gm10_5179503	5179503	0.197368	0
10	Gm10_5179658	5179658	0.197368	0
10	Gm10_5181869	5181869	0.177632	0
10	Gm10_5185762	5185762	0.167763	0
10	Gm10_5207931	5207931	0.1875	0
10	Gm10_5210408	5210408	0.1875	0
10	Gm10_5253392	5253392	0.430921	0
10	Gm10_5279119	5279119	0.226974	0
10	Gm10_5311199	5311199	0.207237	0
10	Gm10_5360053	5360053	0.0625	0
10	Gm10_5360091	5360091	0.0625	0
10	Gm10_5407240	5407240	0.279605	0
10	Gm10_5407263	5407263	0.286184	0
10	Gm10_5414557	5414557	0.171053	0
10	Gm10_5414959	5414959	0.164474	0
10	Gm10_5442875	5442875	0.177632	0
10	Gm10_5450003	5450003	0.171053	0
10	Gm10_5455842	5455842	0.282895	0
10	Gm10_5456099	5456099	0.167763	0
10	Gm10_5476111	5476111	0.161184	0
10	Gm10_5491148	5491148	0.180921	0
10	Gm10_5509737	5509737	0.177632	0
10	Gm10_5509746	5509746	0.177632	0
10	Gm10_7925824	7925824	0.453947	0
10	Gm10_7926106	7926106	0.453947	0
10	Gm10_7926117	7926117	0.460526	0
10	Gm10_7952401	7952401	0.453947	0
10	Gm10_7953333	7953333	0.460526	0
10	Gm10_7953369	7953369	0.460526	0
10	Gm10_7981316	7981316	0.457237	0
10	Gm10_7981336	7981336	0.453947	0
10	Gm10_7981629	7981629	0.453947	0
10	Gm10_7982852	7982852	0.457237	0
10	Gm10_7994875	7994875	0.457237	0
10	Gm10_7997507	7997507	0.460526	0
10	Gm10_8013903	8013903	0.453947	0
10	Gm10_8013914	8013914	0.457237	0
10	Gm10_8021612	8021612	0.453947	0
10	Gm10_8023828	8023828	0.453947	0
10	Gm10_8027802	8027802	0.460526	0
10	Gm10_8028114	8028114	0.463816	0
10	Gm10_8028367	8028367	0.463816	0
10	Gm10_8028606	8028606	0.457237	0
10	Gm10_8028622	8028622	0.414474	0
10	Gm10_8033724	8033724	0.460526	0
10	Gm10_8037720	8037720	0.460526	0
10	Gm10_8040741	8040741	0.463816	0
10	Gm10_8072017	8072017	0.457237	0
10	Gm10_8072027	8072027	0.453947	0
10	Gm10_8072442	8072442	0.460526	0
10	Gm10_8075492	8075492	0.453947	0
10	Gm10_8076060	8076060	0.457237	0
10	Gm10_8076301	8076301	0.457237	0
10	Gm10_8102583	8102583	0.457237	0
10	Gm10_8105457	8105457	0.411184	0
10	Gm10_8105476	8105476	0.457237	0
10	Gm10_8111553	8111553	0.453947	0
10	Gm10_8114266	8114266	0.453947	0
10	Gm10_8114321	8114321	0.450658	0
10	Gm10_8114513	8114513	0.453947	0
10	Gm10_8125320	8125320	0.460526	0
10	Gm10_8127140	8127140	0.0855263	0
10	Gm10_8133831	8133831	0.453947	0
10	Gm10_8156461	8156461	0.453947	0
10	Gm10_8156724	8156724	0.450658	0
10	Gm10_8170052	8170052	0.457237	0
10	Gm10_8212883	8212883	0.457237	0
10	Gm10_8213213	8213213	0.457237	0
10	Gm10_8238099	8238099	0.457237	0
10	Gm10_8247251	8247251	0.407895	0
10	Gm10_8262391	8262391	0.463816	0
10	Gm10_8262695	8262695	0.411184	0
10	Gm10_8262961	8262961	0.457237	0
10	Gm10_8273213	8273213	0.453947	0
10	Gm10_8282124	8282124	0.398026	0
10	Gm10_8284151	8284151	0.457237	0
10	Gm10_8284392	8284392	0.457237	0
10	Gm10_8289098	8289098	0.453947	0
10	Gm10_8294987	8294987	0.453947	0
10	Gm10_8312994	8312994	0.453947	0
10	Gm10_8313279	8313279	0.407895	0
10	Gm10_8329122	8329122	0.411184	0
10	Gm10_8349837	8349837	0.411184	0
10	Gm10_8349885	8349885	0.460526	0
10	Gm10_8465341	8465341	0.414474	0
10	Gm10_8476735	8476735	0.463816	0
10	Gm10_8476792	8476792	0.414474	0
10	Gm10_8487321	8487321	0.460526	0
10	Gm10_8493926	8493926	0.460526	0
10	Gm10_8536456	8536456	0.457237	0
10	Gm10_8537843	8537843	0.411184	0
10	Gm10_8549290	8549290	0.453947	0
10	Gm10_8616040	8616040	0.457237	0
10	Gm10_8691239	8691239	0.0526316	0
10	Gm10_8692915	8692915	0.0526316	0
10	Gm10_8711627	8711627	0.457237	0
10	Gm10_8711657	8711657	0.453947	0
10	Gm10_8711673	8711673	0.460526	0
10	Gm10_8716356	8716356	0.0855263	0
10	Gm10_8740789	8740789	0.457237	0
10	Gm10_8740823	8740823	0.457237	0
10	Gm10_8741040	8741040	0.450658	0
10	Gm10_8753131	8753131	0.450658	0
10	Gm10_8753769	8753769	0.457237	0
10	Gm10_8753807	8753807	0.457237	0
10	Gm10_8753814	8753814	0.457237	0
10	Gm10_8753828	8753828	0.457237	0
10	Gm10_8767055	8767055	0.447368	0
10	Gm10_8767228	8767228	0.447368	0
10	Gm10_8774027	8774027	0.450658	0
10	Gm10_8831471	8831471	0.444079	0
10	Gm10_8831806	8831806	0.447368	0
10	Gm10_8831826	8831826	0.447368	0
10	Gm10_8832021	8832021	0.447368	0
10	Gm10_8832200	8832200	0.447368	0
10	Gm10_8835053	8835053	0.447368	0
10	Gm10_8836285	8836285	0.450658	0
10	Gm10_8836344	8836344	0.263158	0
10	Gm10_8908981	8908981	0.411184	0
10	Gm10_8909186	8909186	0.407895	0
10	Gm10_8918806	8918806	0.292763	0
10	Gm10_8919034	8919034	0.289474	0
10	Gm10_8919056	8919056	0.305921	0
10	Gm10_8919422	8919422	0.289474	0
10	Gm10_8924827	8924827	0.256579	0
10	Gm10_8924854	8924854	0.404605	0
10	Gm10_8925033	8925033	0.289474	0
10	Gm10_8925071	8925071	0.289474	0
10	Gm10_8931615	8931615	0.282895	0
10	Gm10_8935934	8935934	0.296053	0
10	Gm10_8941084	8941084	0.289474	0
10	Gm10_8941348	8941348	0.289474	0
10	Gm10_8944603	8944603	0.289474	0
10	Gm10_8944897	8944897	0.398026	0
10	Gm10_8944957	8944957	0.263158	0
10	Gm10_8992682	8992682	0.259868	0
10	Gm10_8992688	8992688	0.259868	0
10	Gm10_8993050	8993050	0.282895	0
10	Gm10_8993200	8993200	0.404605	0
10	Gm10_8997164	8997164	0.404605	0
10	Gm10_9002976	9002976	0.407895	0
10	Gm10_9002995	9002995	0.282895	0
10	Gm10_9008853	9008853	0.282895	0
10	Gm10_9008860	9008860	0.263158	0
10	Gm10_9011538	9011538	0.407895	0
10	Gm10_9047609	9047609	0.305921	0
10	Gm10_9047675	9047675	0.253289	0
10	Gm10_9047849	9047849	0.305921	0
10	Gm10_9047878	9047878	0.305921	0
10	Gm10_9049993	9049993	0.266447	0
10	Gm10_9050151	9050151	0.315789	0
10	Gm10_9066717	9066717	0.404605	0
10	Gm10_9067369	9067369	0.401316	0
10	Gm10_9084842	9084842	0.286184	0
10	Gm10_9098779	9098779	0.286184	0
10	Gm10_9115178	9115178	0.282895	0
10	Gm10_9115489	9115489	0.279605	0
10	Gm10_9117454	9117454	0.368421	0
10	Gm10_9125128	9125128	0.338816	0
10	Gm10_9125134	9125134	0.282895	0
10	Gm10_9156727	9156727	0.246711	0
10	Gm10_9195679	9195679	0.282895	0
10	Gm10_9195715	9195715	0.335526	0
10	Gm10_9195851	9195851	0.282895	0
10	Gm10_9195885	9195885	0.335526	0
10	Gm10_9197338	9197338	0.282895	0
10	Gm10_9198874	9198874	0.279605	0
10	Gm10_9209617	9209617	0.286184	0
10	Gm10_9209840	9209840	0.282895	0
10	Gm10_9209855	9209855	0.378289	0
10	Gm10_9231433	9231433	0.282895	0
10	Gm10_9231451	9231451	0.335526	0
10	Gm10_9231468	9231468	0.381579	0
10	Gm10_9231665	9231665	0.282895	0
10	Gm10_9231673	9231673	0.289474	0
10	Gm10_9235097	9235097	0.286184	0
10	Gm10_9235269	9235269	0.286184	0
10	Gm10_9252617	9252617	0.378289	0
10	Gm10_9252654	9252654	0.335526	0
10	Gm10_9252831	9252831	0.328947	0
10	Gm10_9252846	9252846	0.335526	0
10	Gm10_9300239	9300239	0.279605	0
10	Gm10_9310781	9310781	0.292763	0
10	Gm10_9313610	9313610	0.279605	0
10	Gm10_9313926	9313926	0.328947	0
10	Gm10_9373981	9373981	0.342105	0
10	Gm10_9373990	9373990	0.342105	0
10	Gm10_9374009	9374009	0.342105	0
10	Gm10_9374016	9374016	0.342105	0
10	Gm10_9374031	9374031	0.342105	0
10	Gm10_9374578	9374578	0.345395	0
10	Gm10_9393317	9393317	0.0559211	0
10	Gm10_9397233	9397233	0.296053	0
10	Gm10_9397277	9397277	0.0526316	0
10	Gm10_9407570	9407570	0.335526	0
10	Gm10_9407797	9407797	0.289474	0
10	Gm10_9408543	9408543	0.345395	0
10	Gm10_9408754	9408754	0.292763	0
10	Gm10_9410792	9410792	0.345395	0
10	Gm10_9414469	9414469	0.296053	0
10	Gm10_9414517	9414517	0.345395	0
10	Gm10_9431679	9431679	0.342105	0
10	Gm10_9432586	9432586	0.0559211	0
10	Gm10_9432598	9432598	0.292763	0
10	Gm10_9432642	9432642	0.263158	0
10	Gm10_9432956	9432956	0.292763	0
10	Gm10_9432977	9432977	0.292763	0
10	Gm10_9439583	9439583	0.309211	0
10	Gm10_9445426	9445426	0.384868	0
10	Gm10_9445474	9445474	0.440789	0
10	Gm10_9491100	9491100	0.4375	0
10	Gm10_9528296	9528296	0.286184	0
10	Gm10_9528312	9528312	0.263158	0
10	Gm10_9528318	9528318	0.398026	0
10	Gm10_9528570	9528570	0.263158	0
10	Gm10_9528623	9528623	0.286184	0
10	Gm10_9532047	9532047	0.269737	0
10	Gm10_9534517	9534517	0.263158	0
10	Gm10_9534831	9534831	0.289474	0
10	Gm10_9536569	9536569	0.434211	0
10	Gm10_9536591	9536591	0.289474	0
10	Gm10_9552083	9552083	0.447368	0
10	Gm10_9592253	9592253	0.174342	0
10	Gm10_9597546	9597546	0.171053	0
10	Gm10_9609399	9609399	0.171053	0
10	Gm10_9611743	9611743	0.177632	0
10	Gm10_9612038	9612038	0.167763	0
10	Gm10_9627955	9627955	0.180921	0
10	Gm10_9630150	9630150	0.266447	0
10	Gm10_9630159	9630159	0.177632	0
10	Gm10_9637038	9637038	0.171053	0
10	Gm10_9649947	9649947	0.171053	0
10	Gm10_9757410	9757410	0.167763	0
10	Gm10_9772226	9772226	0.286184	0
10	Gm10_9783404	9783404	0.164474	0
10	Gm10_9783710	9783710	0.164474	0
10	Gm10_9784961	9784961	0.164474	0
10	Gm10_9797103	9797103	0.177632	0
10	Gm10_9799468	9799468	0.164474	0
10	Gm10_9840773	9840773	0.358553	0
10	Gm10_9840793	9840793	0.358553	0
10	Gm10_9840798	9840798	0.358553	0
10	Gm10_9840830	9840830	0.358553	0
10	Gm10_9898473	9898473	0.365132	0
10	Gm10_9898876	9898876	0.358553	0
10	Gm10_9901439	9901439	0.355263	0
10	Gm10_9935470	9935470	0.351974	0
10	Gm10_9941210	9941210	0.355263	0
10	Gm10_9948174	9948174	0.401316	0
10	Gm10_9953441	9953441	0.411184	0
10	Gm10_9953561	9953561	0.348684	0
10	Gm10_9953804	9953804	0.411184	0
10	Gm10_9953809	9953809	0.411184	0
10	Gm10_9953822	9953822	0.411184	0
10	Gm10_9953851	9953851	0.407895	0
10	Gm10_10028312	10028312	0.407895	0
10	Gm10_10028369	10028369	0.355263	0
10	Gm10_10029360	10029360	0.345395	0
10	Gm10_10035868	10035868	0.230263	0
10	Gm10_10035885	10035885	0.230263	0
10	Gm10_10051908	10051908	0.351974	0
10	Gm10_10051933	10051933	0.226974	0
10	Gm10_10053937	10053937	0.414474	0
10	Gm10_10056432	10056432	0.407895	0
10	Gm10_10056466	10056466	0.236842	0
10	Gm10_10057478	10057478	0.411184	0
10	Gm10_10061853	10061853	0.351974	0
10	Gm10_10061871	10061871	0.358553	0
10	Gm10_10109896	10109896	0.404605	0
10	Gm10_10109916	10109916	0.351974	0
10	Gm10_10109957	10109957	0.236842	0
10	Gm10_10128343	10128343	0.259868	0
10	Gm10_10128512	10128512	0.358553	0
10	Gm10_10128798	10128798	0.358553	0
10	Gm10_10128857	10128857	0.358553	0
10	Gm10_12818714	12818714	0.467105	0
10	Gm10_12818770	12818770	0.470395	0
10	Gm10_12819195	12819195	0.473684	0
10	Gm10_12836948	12836948	0.473684	0
10	Gm10_12838041	12838041	0.463816	0
10	Gm10_12838104	12838104	0.463816	0
10	Gm10_12839205	12839205	0.473684	0
10	Gm10_12839215	12839215	0.473684	0
10	Gm10_12839664	12839664	0.473684	0
10	Gm10_12840107	12840107	0.473684	0
10	Gm10_12842097	12842097	0.388158	0
10	Gm10_12842297	12842297	0.470395	0
10	Gm10_12846476	12846476	0.473684	0
10	Gm10_12853136	12853136	0.467105	0
10	Gm10_12864639	12864639	0.473684	0
10	Gm10_12880825	12880825	0.463816	0
10	Gm10_12901533	12901533	0.467105	0
10	Gm10_12901837	12901837	0.467105	0
10	Gm10_12909402	12909402	0.467105	0
10	Gm10_12909495	12909495	0.467105	0
10	Gm10_12945535	12945535	0.394737	0
10	Gm10_12963756	12963756	0.476974	0
10	Gm10_12963766	12963766	0.476974	0
10	Gm10_12993254	12993254	0.467105	0
10	Gm10_12993405	12993405	0.3125	0
10	Gm10_12994630	12994630	0.467105	0
10	Gm10_13007596	13007596	0.476974	0
10	Gm10_13013856	13013856	0.473684	0
10	Gm10_13014007	13014007	0.473684	0
10	Gm10_13056310	13056310	0.470395	0
10	Gm10_13061576	13061576	0.473684	0
10	Gm10_13065002	13065002	0.480263	0
10	Gm10_13065667	13065667	0.473684	0
10	Gm10_13065963	13065963	0.476974	0
10	Gm10_13121327	13121327	0.480263	0
10	Gm10_13121674	13121674	0.128289	0
10	Gm10_13121697	13121697	0.480263	0
10	Gm10_13126439	13126439	0.394737	0
10	Gm10_13143037	13143037	0.476974	0
10	Gm10_13148391	13148391	0.391447	0
10	Gm10_13219165	13219165	0.473684	0
10	Gm10_13219187	13219187	0.414474	0
10	Gm10_13254703	13254703	0.414474	0
10	Gm10_13254929	13254929	0.407895	0
10	Gm10_13284284	13284284	0.411184	0
10	Gm10_13299858	13299858	0.480263	0
10	Gm10_13315724	13315724	0.411184	0
10	Gm10_13315757	13315757	0.404605	0
10	Gm10_13329342	13329342	0.407895	0
10	Gm10_13332230	13332230	0.476974	0
10	Gm10_13332976	13332976	0.483553	0
10	Gm10_13334764	13334764	0.407895	0
10	Gm10_13334779	13334779	0.381579	0
10	Gm10_13336901	13336901	0.417763	0
10	Gm10_13356579	13356579	0.411184	0
10	Gm10_13377164	13377164	0.404605	0
10	Gm10_13377386	13377386	0.404605	0
10	Gm10_13410938	13410938	0.483553	0
10	Gm10_13418348	13418348	0.490132	0
10	Gm10_13428660	13428660	0.486842	0
10	Gm10_13439776	13439776	0.490132	0
10	Gm10_13445984	13445984	0.490132	0
10	Gm10_13446007	13446007	0.490132	0
10	Gm10_13446244	13446244	0.490132	0
10	Gm10_13446250	13446250	0.493421	0
10	Gm10_13446520	13446520	0.381579	0
10	Gm10_13446535	13446535	0.486842	0
10	Gm10_13446561	13446561	0.486842	0
10	Gm10_13446910	13446910	0.490132	0
10	Gm10_13451804	13451804	0.486842	0
10	Gm10_13451824	13451824	0.486842	0
10	Gm10_13451846	13451846	0.101974	0
10	Gm10_13452192	13452192	0.490132	0
10	Gm10_13452202	13452202	0.490132	0
10	Gm10_13453194	13453194	0.483553	0
10	Gm10_13453467	13453467	0.483553	0
10	Gm10_13454835	13454835	0.486842	0
10	Gm10_13455039	13455039	0.486842	0
10	Gm10_13455064	13455064	0.101974	0
10	Gm10_13469868	13469868	0.483553	0
10	Gm10_13474820	13474820	0.388158	0
10	Gm10_13475048	13475048	0.381579	0
10	Gm10_13490590	13490590	0.381579	0
10	Gm10_13490605	13490605	0.101974	0
10	Gm10_13490894	13490894	0.0986842	0
10	Gm10_13490961	13490961	0.483553	0
10	Gm10_13546492	13546492	0.486842	0
10	Gm10_13550215	13550215	0.101974	0
10	Gm10_13550235	13550235	0.490132	0
10	Gm10_13550244	13550244	0.381579	0
10	Gm10_13554024	13554024	0.483553	0
10	Gm10_13555434	13555434	0.0690789	0
10	Gm10_13555451	13555451	0.467105	0
10	Gm10_13555485	13555485	0.0756579	0
10	Gm10_13555492	13555492	0.381579	0
10	Gm10_13562691	13562691	0.0986842	0
10	Gm10_13562905	13562905	0.493421	0
10	Gm10_13571458	13571458	0.483553	0
10	Gm10_13571499	13571499	0.483553	0
10	Gm10_13602363	13602363	0.493421	0
10	Gm10_13629433	13629433	0.125	0
10	Gm10_13629658	13629658	0.378289	0
10	Gm10_13630020	13630020	0.121711	0
10	Gm10_13631234	13631234	0.118421	0
10	Gm10_13631266	13631266	0.381579	0
10	Gm10_13631462	13631462	0.378289	0
10	Gm10_13631483	13631483	0.375	0
10	Gm10_13633633	13633633	0.378289	0
10	Gm10_13634203	13634203	0.378289	0
10	Gm10_13635877	13635877	0.378289	0
10	Gm10_13635894	13635894	0.493421	0
10	Gm10_13651211	13651211	0.128289	0
10	Gm10_13665694	13665694	0.131579	0
10	Gm10_13683817	13683817	0.128289	0
10	Gm10_13683830	13683830	0.128289	0
10	Gm10_13685296	13685296	0.131579	0
10	Gm10_13685374	13685374	0.128289	0
10	Gm10_13685504	13685504	0.131579	0
10	Gm10_13685549	13685549	0.483553	0
10	Gm10_13699769	13699769	0.131579	0
10	Gm10_13705931	13705931	0.131579	0
10	Gm10_13705983	13705983	0.128289	0
10	Gm10_13710738	13710738	0.131579	0
10	Gm10_13710915	13710915	0.131579	0
10	Gm10_13733236	13733236	0.128289	0
10	Gm10_13734105	13734105	0.128289	0
10	Gm10_13734448	13734448	0.128289	0
10	Gm10_13740721	13740721	0.128289	0
10	Gm10_13740846	13740846	0.131579	0
10	Gm10_13740873	13740873	0.125	0
10	Gm10_13742351	13742351	0.381579	0
10	Gm10_13742666	13742666	0.128289	0
10	Gm10_13755743	13755743	0.128289	0
10	Gm10_13770198	13770198	0.128289	0
10	Gm10_13770218	13770218	0.128289	0
10	Gm10_13770484	13770484	0.128289	0
10	Gm10_13770550	13770550	0.131579	0
10	Gm10_13770776	13770776	0.131579	0
10	Gm10_13770786	13770786	0.125	0
10	Gm10_13794363	13794363	0.490132	0
10	Gm10_13799346	13799346	0.490132	0
10	Gm10_13802690	13802690	0.411184	0
10	Gm10_13819367	13819367	0.490132	0
10	Gm10_13843488	13843488	0.490132	0
10	Gm10_13844786	13844786	0.490132	0
10	Gm10_13864860	13864860	0.118421	0
10	Gm10_13864905	13864905	0.134868	0
10	Gm10_13864924	13864924	0.134868	0
10	Gm10_14023655	14023655	0.325658	0
10	Gm10_14097805	14097805	0.125	0
10	Gm10_14148205	14148205	0.378289	0
10	Gm10_14186890	14186890	0.0986842	0
10	Gm10_14218565	14218565	0.381579	0
10	Gm10_14250964	14250964	0.213816	0
10	Gm10_14255966	14255966	0.213816	0
10	Gm10_14256448	14256448	0.207237	0
10	Gm10_14277232	14277232	0.223684	0
10	Gm10_14277443	14277443	0.223684	0
10	Gm10_14277512	14277512	0.223684	0
10	Gm10_14298861	14298861	0.213816	0
10	Gm10_14313163	14313163	0.217105	0
10	Gm10_14326937	14326937	0.220395	0
10	Gm10_14326960	14326960	0.220395	0
10	Gm10_14327332	14327332	0.220395	0
10	Gm10_14327565	14327565	0.220395	0
10	Gm10_14329476	14329476	0.220395	0
10	Gm10_14335226	14335226	0.230263	0
10	Gm10_14335473	14335473	0.220395	0
10	Gm10_14358098	14358098	0.220395	0
10	Gm10_14358358	14358358	0.220395	0
10	Gm10_14386571	14386571	0.223684	0
10	Gm10_14406180	14406180	0.220395	0
10	Gm10_14406331	14406331	0.220395	0
10	Gm10_14415540	14415540	0.220395	0
10	Gm10_14415562	14415562	0.230263	0
10	Gm10_14416023	14416023	0.223684	0
10	Gm10_14416081	14416081	0.223684	0
10	Gm10_14416108	14416108	0.0526316	0
10	Gm10_14416159	14416159	0.0526316	0
10	Gm10_14435489	14435489	0.220395	0
10	Gm10_14453180	14453180	0.230263	0
10	Gm10_14453214	14453214	0.220395	0
10	Gm10_14466990	14466990	0.220395	0
10	Gm10_14467053	14467053	0.230263	0
10	Gm10_14467290	14467290	0.230263	0
10	Gm10_14467320	14467320	0.220395	0
10	Gm10_14478278	14478278	0.217105	0
10	Gm10_14478544	14478544	0.217105	0
10	Gm10_14494319	14494319	0.220395	0
10	Gm10_14494357	14494357	0.220395	0
10	Gm10_14494365	14494365	0.220395	0
10	Gm10_14494507	14494507	0.230263	0
10	Gm10_14498932	14498932	0.220395	0
10	Gm10_14498968	14498968	0.220395	0
10	Gm10_14498981	14498981	0.220395	0
10	Gm10_14501729	14501729	0.217105	0
10	Gm10_14511048	14511048	0.220395	0
10	Gm10_14512957	14512957	0.220395	0
10	Gm10_14522557	14522557	0.220395	0
10	Gm10_14522930	14522930	0.230263	0
10	Gm10_14528247	14528247	0.220395	0
10	Gm10_14528313	14528313	0.220395	0
10	Gm10_14530753	14530753	0.220395	0
10	Gm10_14546528	14546528	0.226974	0
10	Gm10_14546533	14546533	0.220395	0
10	Gm10_14546554	14546554	0.226974	0
10	Gm10_14579226	14579226	0.220395	0
10	Gm10_14582988	14582988	0.230263	0
10	Gm10_14583280	14583280	0.220395	0
10	Gm10_14583318	14583318	0.220395	0
10	Gm10_14588111	14588111	0.220395	0
10	Gm10_14593190	14593190	0.220395	0
10	Gm10_14593326	14593326	0.220395	0
10	Gm10_14599522	14599522	0.220395	0
10	Gm10_14599534	14599534	0.230263	0
10	Gm10_14599542	14599542	0.220395	0
10	Gm10_14621177	14621177	0.220395	0
10	Gm10_14621455	14621455	0.220395	0
10	Gm10_14621461	14621461	0.220395	0
10	Gm10_14652909	14652909	0.217105	0
10	Gm10_14687686	14687686	0.220395	0
10	Gm10_14687998	14687998	0.220395	0
10	Gm10_14697887	14697887	0.223684	0
10	Gm10_14698075	14698075	0.223684	0
10	Gm10_14698557	14698557	0.220395	0
10	Gm10_14711037	14711037	0.220395	0
10	Gm10_14729911	14729911	0.220395	0
10	Gm10_14730043	14730043	0.220395	0
10	Gm10_14731139	14731139	0.220395	0
10	Gm10_14733450	14733450	0.220395	0
10	Gm10_14735610	14735610	0.217105	0
10	Gm10_14736986	14736986	0.246711	0
10	Gm10_14737039	14737039	0.246711	0
10	Gm10_14737569	14737569	0.220395	0
10	Gm10_14749193	14749193	0.220395	0
10	Gm10_14749360	14749360	0.220395	0
10	Gm10_14762741	14762741	0.220395	0
10	Gm10_14765605	14765605	0.217105	0
10	Gm10_14766413	14766413	0.220395	0
10	Gm10_14778157	14778157	0.220395	0
10	Gm10_14854740	14854740	0.230263	0
10	Gm10_14854938	14854938	0.230263	0
10	Gm10_14855136	14855136	0.220395	0
10	Gm10_14855160	14855160	0.220395	0
10	Gm10_14858200	14858200	0.217105	0
10	Gm10_14858205	14858205	0.230263	0
10	Gm10_14881599	14881599	0.230263	0
10	Gm10_14882047	14882047	0.230263	0
10	Gm10_14882057	14882057	0.220395	0
10	Gm10_14883905	14883905	0.220395	0
10	Gm10_14884147	14884147	0.230263	0
10	Gm10_14923055	14923055	0.220395	0
10	Gm10_14923280	14923280	0.220395	0
10	Gm10_14945095	14945095	0.220395	0
10	Gm10_14945138	14945138	0.220395	0
10	Gm10_14945313	14945313	0.220395	0
10	Gm10_14945925	14945925	0.220395	0
10	Gm10_14945969	14945969	0.220395	0
10	Gm10_14965653	14965653	0.220395	0
10	Gm10_14971220	14971220	0.223684	0
10	Gm10_14973990	14973990	0.220395	0
10	Gm10_14977485	14977485	0.220395	0
10	Gm10_14978866	14978866	0.226974	0
10	Gm10_14979195	14979195	0.223684	0
10	Gm10_14979507	14979507	0.220395	0
10	Gm10_15005114	15005114	0.220395	0
10	Gm10_15008766	15008766	0.220395	0
10	Gm10_15009415	15009415	0.230263	0
10	Gm10_15009498	15009498	0.217105	0
10	Gm10_15009821	15009821	0.217105	0
10	Gm10_15009850	15009850	0.217105	0
10	Gm10_15029107	15029107	0.220395	0
10	Gm10_15029301	15029301	0.220395	0
10	Gm10_15029365	15029365	0.220395	0
10	Gm10_15031735	15031735	0.220395	0
10	Gm10_15037245	15037245	0.220395	0
10	Gm10_15041654	15041654	0.230263	0
10	Gm10_15041692	15041692	0.220395	0
10	Gm10_15041914	15041914	0.220395	0
10	Gm10_15044228	15044228	0.220395	0
10	Gm10_15044554	15044554	0.220395	0
10	Gm10_15044581	15044581	0.220395	0
10	Gm10_15044783	15044783	0.220395	0
10	Gm10_15044972	15044972	0.220395	0
10	Gm10_15056881	15056881	0.220395	0
10	Gm10_15057054	15057054	0.220395	0
10	Gm10_15057314	15057314	0.220395	0
10	Gm10_15066395	15066395	0.217105	0
10	Gm10_15066423	15066423	0.217105	0
10	Gm10_15143034	15143034	0.220395	0
10	Gm10_15143752	15143752	0.220395	0
10	Gm10_15145800	15145800	0.220395	0
10	Gm10_15147854	15147854	0.220395	0
10	Gm10_15170147	15170147	0.220395	0
10	Gm10_15197754	15197754	0.220395	0
10	Gm10_15199696	15199696	0.217105	0
10	Gm10_15199787	15199787	0.220395	0
10	Gm10_15200348	15200348	0.220395	0
10	Gm10_15216778	15216778	0.217105	0
10	Gm10_15229763	15229763	0.220395	0
10	Gm10_15230065	15230065	0.213816	0
10	Gm10_15281912	15281912	0.220395	0
10	Gm10_15281920	15281920	0.220395	0
10	Gm10_15281940	15281940	0.220395	0
10	Gm10_15285185	15285185	0.220395	0
10	Gm10_15294105	15294105	0.197368	0
10	Gm10_15295557	15295557	0.230263	0
10	Gm10_15296629	15296629	0.220395	0
10	Gm10_15296883	15296883	0.220395	0
10	Gm10_15298549	15298549	0.157895	0
10	Gm10_15298564	15298564	0.157895	0
10	Gm10_15299805	15299805	0.220395	0
10	Gm10_15307825	15307825	0.220395	0
10	Gm10_15307846	15307846	0.230263	0
10	Gm10_15308180	15308180	0.220395	0
10	Gm10_15308943	15308943	0.220395	0
10	Gm10_15311377	15311377	0.220395	0
10	Gm10_15314283	15314283	0.220395	0
10	Gm10_15335141	15335141	0.220395	0
10	Gm10_15335352	15335352	0.220395	0
10	Gm10_15342384	15342384	0.220395	0
10	Gm10_15344928	15344928	0.220395	0
10	Gm10_15344948	15344948	0.220395	0
10	Gm10_15346140	15346140	0.220395	0
10	Gm10_15346654	15346654	0.223684	0
10	Gm10_15346679	15346679	0.223684	0
10	Gm10_15375182	15375182	0.115132	0
10	Gm10_15375338	15375338	0.226974	0
10	Gm10_15375347	15375347	0.220395	0
10	Gm10_15375697	15375697	0.223684	0
10	Gm10_15375890	15375890	0.230263	0
10	Gm10_15376136	15376136	0.220395	0
10	Gm10_15376142	15376142	0.220395	0
10	Gm10_15416738	15416738	0.220395	0
10	Gm10_15416784	15416784	0.220395	0
10	Gm10_15420316	15420316	0.220395	0
10	Gm10_15420345	15420345	0.220395	0
10	Gm10_15455489	15455489	0.220395	0
10	Gm10_15483890	15483890	0.220395	0
10	Gm10_15486661	15486661	0.220395	0
10	Gm10_15491248	15491248	0.217105	0
10	Gm10_15505097	15505097	0.220395	0
10	Gm10_15505103	15505103	0.220395	0
10	Gm10_15510445	15510445	0.220395	0
10	Gm10_15510807	15510807	0.220395	0
10	Gm10_15511232	15511232	0.220395	0
10	Gm10_15525879	15525879	0.220395	0
10	Gm10_15525923	15525923	0.220395	0
10	Gm10_15536086	15536086	0.220395	0
10	Gm10_15539337	15539337	0.220395	0
10	Gm10_15544449	15544449	0.220395	0
10	Gm10_15545019	15545019	0.131579	0
10	Gm10_15546703	15546703	0.220395	0
10	Gm10_15554523	15554523	0.220395	0
10	Gm10_15631309	15631309	0.230263	0
10	Gm10_15661819	15661819	0.220395	0
10	Gm10_15662119	15662119	0.220395	0
10	Gm10_15662500	15662500	0.220395	0
10	Gm10_15668968	15668968	0.259868	0
10	Gm10_15668990	15668990	0.223684	0
10	Gm10_15708583	15708583	0.256579	0
10	Gm10_15708603	15708603	0.230263	0
10	Gm10_15775298	15775298	0.230263	0
10	Gm10_15775942	15775942	0.220395	0
10	Gm10_15834073	15834073	0.220395	0
10	Gm10_15841620	15841620	0.223684	0
10	Gm10_15847626	15847626	0.220395	0
10	Gm10_15932339	15932339	0.220395	0
10	Gm10_15932363	15932363	0.220395	0
10	Gm10_15932369	15932369	0.220395	0
10	Gm10_15934599	15934599	0.220395	0
10	Gm10_15934604	15934604	0.220395	0
10	Gm10_15934973	15934973	0.220395	0
10	Gm10_15938391	15938391	0.220395	0
10	Gm10_15951861	15951861	0.230263	0
10	Gm10_15963630	15963630	0.223684	0
10	Gm10_15963977	15963977	0.220395	0
10	Gm10_15991156	15991156	0.220395	0
10	Gm10_16001551	16001551	0.220395	0
10	Gm10_16001818	16001818	0.220395	0
10	Gm10_16007250	16007250	0.230263	0
10	Gm10_16007442	16007442	0.220395	0
10	Gm10_16011980	16011980	0.230263	0
10	Gm10_16016125	16016125	0.223684	0
10	Gm10_16016150	16016150	0.223684	0
10	Gm10_16057093	16057093	0.223684	0
10	Gm10_16057258	16057258	0.332237	0
10	Gm10_16093022	16093022	0.220395	0
10	Gm10_16093225	16093225	0.220395	0
10	Gm10_16118077	16118077	0.220395	0
10	Gm10_16118373	16118373	0.233553	0
10	Gm10_16118392	16118392	0.220395	0
10	Gm10_16118723	16118723	0.233553	0
10	Gm10_16126449	16126449	0.226974	0
10	Gm10_16160240	16160240	0.220395	0
10	Gm10_16160536	16160536	0.223684	0
10	Gm10_16172625	16172625	0.220395	0
10	Gm10_16234951	16234951	0.220395	0
10	Gm10_16237255	16237255	0.220395	0
10	Gm10_16248481	16248481	0.223684	0
10	Gm10_16248800	16248800	0.220395	0
10	Gm10_16249799	16249799	0.220395	0
10	Gm10_16249804	16249804	0.220395	0
10	Gm10_16254491	16254491	0.220395	0
10	Gm10_16254838	16254838	0.220395	0
10	Gm10_16255312	16255312	0.220395	0
10	Gm10_16255677	16255677	0.220395	0
10	Gm10_16262131	16262131	0.220395	0
10	Gm10_16265653	16265653	0.220395	0
10	Gm10_16265671	16265671	0.220395	0
10	Gm10_16268108	16268108	0.217105	0
10	Gm10_16282729	16282729	0.220395	0
10	Gm10_16285684	16285684	0.220395	0
10	Gm10_16298641	16298641	0.230263	0
10	Gm10_16326311	16326311	0.230263	0
10	Gm10_16387086	16387086	0.220395	0
10	Gm10_16408435	16408435	0.220395	0
10	Gm10_16410509	16410509	0.223684	0
10	Gm10_16416866	16416866	0.180921	0
10	Gm10_16424703	16424703	0.256579	0
10	Gm10_16424739	16424739	0.220395	0
10	Gm10_16441529	16441529	0.220395	0
10	Gm10_16449099	16449099	0.220395	0
10	Gm10_16449923	16449923	0.220395	0
10	Gm10_16506313	16506313	0.220395	0
10	Gm10_16509624	16509624	0.128289	0
10	Gm10_16526751	16526751	0.230263	0
10	Gm10_16528760	16528760	0.230263	0
10	Gm10_16528765	16528765	0.217105	0
10	Gm10_16528815	16528815	0.230263	0
10	Gm10_16534131	16534131	0.220395	0
10	Gm10_16536229	16536229	0.220395	0
10	Gm10_16543766	16543766	0.220395	0
10	Gm10_16554716	16554716	0.230263	0
10	Gm10_16596644	16596644	0.220395	0
10	Gm10_16602913	16602913	0.220395	0
10	Gm10_16611581	16611581	0.220395	0
10	Gm10_16611800	16611800	0.220395	0
10	Gm10_16619614	16619614	0.210526	0
10	Gm10_16620111	16620111	0.223684	0
10	Gm10_16620230	16620230	0.223684	0
10	Gm10_16622443	16622443	0.220395	0
10	Gm10_16636031	16636031	0.230263	0
10	Gm10_16636302	16636302	0.256579	0
10	Gm10_16658333	16658333	0.138158	0
10	Gm10_16689069	16689069	0.220395	0
10	Gm10_16689091	16689091	0.220395	0
10	Gm10_16689321	16689321	0.220395	0
10	Gm10_16701334	16701334	0.220395	0
10	Gm10_16721560	16721560	0.220395	0
10	Gm10_16751303	16751303	0.230263	0
10	Gm10_16751349	16751349	0.230263	0
10	Gm10_16751658	16751658	0.230263	0
10	Gm10_16783844	16783844	0.220395	0
10	Gm10_16784389	16784389	0.220395	0
10	Gm10_16793177	16793177	0.230263	0
10	Gm10_16801715	16801715	0.220395	0
10	Gm10_16805554	16805554	0.230263	0
10	Gm10_16808962	16808962	0.220395	0
10	Gm10_16817420	16817420	0.230263	0
10	Gm10_16817681	16817681	0.233553	0
10	Gm10_16850905	16850905	0.243421	0
10	Gm10_16851379	16851379	0.230263	0
10	Gm10_16851433	16851433	0.233553	0
10	Gm10_16862302	16862302	0.233553	0
10	Gm10_16862978	16862978	0.233553	0
10	Gm10_16863911	16863911	0.243421	0
10	Gm10_16863968	16863968	0.233553	0
10	Gm10_16866881	16866881	0.233553	0
10	Gm10_16869318	16869318	0.121711	0
10	Gm10_16869345	16869345	0.236842	0
10	Gm10_16869491	16869491	0.236842	0
10	Gm10_16869542	16869542	0.236842	0
10	Gm10_16875101	16875101	0.236842	0
10	Gm10_16886258	16886258	0.233553	0
10	Gm10_16886501	16886501	0.233553	0
10	Gm10_16890010	16890010	0.243421	0
10	Gm10_16890070	16890070	0.180921	0
10	Gm10_16903593	16903593	0.233553	0
10	Gm10_16926879	16926879	0.243421	0
10	Gm10_16926913	16926913	0.233553	0
10	Gm10_16926937	16926937	0.233553	0
10	Gm10_16972894	16972894	0.233553	0
10	Gm10_16978667	16978667	0.233553	0
10	Gm10_16978693	16978693	0.233553	0
10	Gm10_16978727	16978727	0.233553	0
10	Gm10_16979321	16979321	0.233553	0
10	Gm10_16979437	16979437	0.233553	0
10	Gm10_16979701	16979701	0.233553	0
10	Gm10_17008138	17008138	0.236842	0
10	Gm10_17039855	17039855	0.226974	0
10	Gm10_17122789	17122789	0.233553	0
10	Gm10_17132267	17132267	0.233553	0
10	Gm10_17132275	17132275	0.233553	0
10	Gm10_17132546	17132546	0.233553	0
10	Gm10_17143761	17143761	0.246711	0
10	Gm10_17156521	17156521	0.243421	0
10	Gm10_17156555	17156555	0.233553	0
10	Gm10_17156670	17156670	0.243421	0
10	Gm10_17156722	17156722	0.233553	0
10	Gm10_17192305	17192305	0.233553	0
10	Gm10_17194779	17194779	0.233553	0
10	Gm10_17194813	17194813	0.243421	0
10	Gm10_17195013	17195013	0.233553	0
10	Gm10_17228658	17228658	0.233553	0
10	Gm10_17228703	17228703	0.233553	0
10	Gm10_17259109	17259109	0.233553	0
10	Gm10_17259128	17259128	0.233553	0
10	Gm10_17296983	17296983	0.236842	0
10	Gm10_17297248	17297248	0.236842	0
10	Gm10_17311889	17311889	0.233553	0
10	Gm10_17312182	17312182	0.230263	0
10	Gm10_17354593	17354593	0.233553	0
10	Gm10_17354601	17354601	0.233553	0
10	Gm10_17354744	17354744	0.233553	0
10	Gm10_17354758	17354758	0.233553	0
10	Gm10_17354771	17354771	0.233553	0
10	Gm10_17363226	17363226	0.233553	0
10	Gm10_17373627	17373627	0.233553	0
10	Gm10_17379871	17379871	0.233553	0
10	Gm10_17400589	17400589	0.233553	0
10	Gm10_17407251	17407251	0.230263	0
10	Gm10_17436640	17436640	0.243421	0
10	Gm10_17452425	17452425	0.233553	0
10	Gm10_17452574	17452574	0.233553	0
10	Gm10_17465141	17465141	0.243421	0
10	Gm10_17470805	17470805	0.240132	0
10	Gm10_17499922	17499922	0.233553	0
10	Gm10_17500217	17500217	0.233553	0
10	Gm10_17513297	17513297	0.243421	0
10	Gm10_17526579	17526579	0.243421	0
10	Gm10_17595055	17595055	0.365132	0
10	Gm10_17606126	17606126	0.394737	0
10	Gm10_17637822	17637822	0.391447	0
10	Gm10_17675125	17675125	0.391447	0
10	Gm10_17676504	17676504	0.361842	0
10	Gm10_17683709	17683709	0.0953947	0
10	Gm10_17789390	17789390	0.368421	0
10	Gm10_17801756	17801756	0.371711	0
10	Gm10_17801778	17801778	0.371711	0
10	Gm10_17808627	17808627	0.368421	0
10	Gm10_17808942	17808942	0.467105	0
10	Gm10_17809502	17809502	0.361842	0
10	Gm10_17809844	17809844	0.371711	0
10	Gm10_17810789	17810789	0.371711	0
10	Gm10_17810799	17810799	0.361842	0
10	Gm10_17810832	17810832	0.371711	0
10	Gm10_17811399	17811399	0.358553	0
10	Gm10_17811626	17811626	0.368421	0
10	Gm10_17814474	17814474	0.0986842	0
10	Gm10_17814754	17814754	0.368421	0
10	Gm10_17814799	17814799	0.467105	0
10	Gm10_17821642	17821642	0.467105	0
10	Gm10_17829596	17829596	0.368421	0
10	Gm10_17868453	17868453	0.368421	0
10	Gm10_17868646	17868646	0.368421	0
10	Gm10_17892209	17892209	0.361842	0
10	Gm10_17895350	17895350	0.371711	0
10	Gm10_17895380	17895380	0.470395	0
10	Gm10_17895390	17895390	0.371711	0
10	Gm10_17898116	17898116	0.371711	0
10	Gm10_17898135	17898135	0.371711	0
10	Gm10_17914963	17914963	0.371711	0
10	Gm10_17915097	17915097	0.361842	0
10	Gm10_17915167	17915167	0.361842	0
10	Gm10_17916272	17916272	0.358553	0
10	Gm10_17916279	17916279	0.463816	0
10	Gm10_17916565	17916565	0.368421	0
10	Gm10_17922169	17922169	0.371711	0
10	Gm10_17922414	17922414	0.378289	0
10	Gm10_17924088	17924088	0.0953947	0
10	Gm10_17924102	17924102	0.371711	0
10	Gm10_17927445	17927445	0.365132	0
10	Gm10_17971120	17971120	0.361842	0
10	Gm10_17971467	17971467	0.368421	0
10	Gm10_17979020	17979020	0.368421	0
10	Gm10_17979296	17979296	0.361842	0
10	Gm10_17990996	17990996	0.358553	0
10	Gm10_18007356	18007356	0.375	0
10	Gm10_18027267	18027267	0.0657895	0
10	Gm10_18027431	18027431	0.0657895	0
10	Gm10_18027438	18027438	0.0789474	0
10	Gm10_18029473	18029473	0.371711	0
10	Gm10_18029552	18029552	0.358553	0
10	Gm10_18029619	18029619	0.368421	0
10	Gm10_18030466	18030466	0.361842	0
10	Gm10_18030516	18030516	0.371711	0
10	Gm10_18030924	18030924	0.358553	0
10	Gm10_18031636	18031636	0.358553	0
10	Gm10_18038214	18038214	0.358553	0
10	Gm10_18039076	18039076	0.371711	0
10	Gm10_18039240	18039240	0.0953947	0
10	Gm10_18048056	18048056	0.365132	0
10	Gm10_18060885	18060885	0.371711	0
10	Gm10_18072478	18072478	0.371711	0
10	Gm10_18092980	18092980	0.358553	0
10	Gm10_18093014	18093014	0.371711	0
10	Gm10_18093232	18093232	0.371711	0
10	Gm10_18139257	18139257	0.361842	0
10	Gm10_18163306	18163306	0.368421	0
10	Gm10_18163560	18163560	0.358553	0
10	Gm10_18167436	18167436	0.371711	0
10	Gm10_18171829	18171829	0.365132	0
10	Gm10_18172003	18172003	0.0986842	0
10	Gm10_18188595	18188595	0.368421	0
10	Gm10_18212175	18212175	0.358553	0
10	Gm10_18216320	18216320	0.358553	0
10	Gm10_18216340	18216340	0.371711	0
10	Gm10_18217949	18217949	0.358553	0
10	Gm10_18218030	18218030	0.358553	0
10	Gm10_18218197	18218197	0.358553	0
10	Gm10_18218225	18218225	0.358553	0
10	Gm10_18220536	18220536	0.355263	0
10	Gm10_18220789	18220789	0.358553	0
10	Gm10_18221748	18221748	0.361842	0
10	Gm10_18227839	18227839	0.368421	0
10	Gm10_18245251	18245251	0.361842	0
10	Gm10_18249198	18249198	0.358553	0
10	Gm10_18251622	18251622	0.371711	0
10	Gm10_18254657	18254657	0.470395	0
10	Gm10_18254889	18254889	0.0986842	0
10	Gm10_18283794	18283794	0.358553	0
10	Gm10_18310661	18310661	0.375	0
10	Gm10_18328673	18328673	0.361842	0
10	Gm10_18328966	18328966	0.371711	0
10	Gm10_18342164	18342164	0.358553	0
10	Gm10_18377360	18377360	0.361842	0
10	Gm10_18377467	18377467	0.0953947	0
10	Gm10_18383406	18383406	0.0986842	0
10	Gm10_18397686	18397686	0.361842	0
10	Gm10_18397691	18397691	0.0953947	0
10	Gm10_18398793	18398793	0.361842	0
10	Gm10_18407988	18407988	0.0625	0
10	Gm10_18409013	18409013	0.371711	0
10	Gm10_18414084	18414084	0.361842	0
10	Gm10_18419220	18419220	0.358553	0
10	Gm10_18419616	18419616	0.118421	0
10	Gm10_18419992	18419992	0.361842	0
10	Gm10_18421083	18421083	0.361842	0
10	Gm10_18423389	18423389	0.358553	0
10	Gm10_18423549	18423549	0.361842	0
10	Gm10_18508329	18508329	0.108553	0
10	Gm10_18510564	18510564	0.101974	0
10	Gm10_18516247	18516247	0.358553	0
10	Gm10_18579595	18579595	0.0986842	0
10	Gm10_18591804	18591804	0.0953947	0
10	Gm10_18591809	18591809	0.361842	0
10	Gm10_18614166	18614166	0.0986842	0
10	Gm10_18614813	18614813	0.108553	0
10	Gm10_18632366	18632366	0.0953947	0
10	Gm10_18657179	18657179	0.463816	0
10	Gm10_18657187	18657187	0.0953947	0
10	Gm10_18657502	18657502	0.0986842	0
10	Gm10_18659877	18659877	0.0953947	0
10	Gm10_18680523	18680523	0.0986842	0
10	Gm10_18702236	18702236	0.358553	0
10	Gm10_18703405	18703405	0.0986842	0
10	Gm10_18711741	18711741	0.358553	0
10	Gm10_18712075	18712075	0.0986842	0
10	Gm10_18712717	18712717	0.0921053	0
10	Gm10_18713121	18713121	0.0986842	0
10	Gm10_18746169	18746169	0.0986842	0
10	Gm10_18818508	18818508	0.365132	0
10	Gm10_18818673	18818673	0.493421	0
10	Gm10_18845017	18845017	0.5	0
10	Gm10_18846611	18846611	0.365132	0
10	Gm10_18906891	18906891	0.0625	0
10	Gm10_18929361	18929361	0.470395	0
10	Gm10_18934171	18934171	0.473684	0
10	Gm10_18966682	18966682	0.470395	0
10	Gm10_18975252	18975252	0.105263	0
10	Gm10_18999627	18999627	0.470395	0
10	Gm10_19012106	19012106	0.463816	0
10	Gm10_19012131	19012131	0.463816	0
10	Gm10_19012321	19012321	0.463816	0
10	Gm10_19049043	19049043	0.476974	0
10	Gm10_19056455	19056455	0.463816	0
10	Gm10_19056603	19056603	0.0723684	0
10	Gm10_19056640	19056640	0.470395	0
10	Gm10_19079471	19079471	0.476974	0
10	Gm10_19092579	19092579	0.470395	0
10	Gm10_19095528	19095528	0.463816	0
10	Gm10_19095807	19095807	0.463816	0
10	Gm10_19109715	19109715	0.470395	0
10	Gm10_19110008	19110008	0.470395	0
10	Gm10_19126796	19126796	0.473684	0
10	Gm10_19126984	19126984	0.368421	0
10	Gm10_19136839	19136839	0.470395	0
10	Gm10_19136870	19136870	0.470395	0
10	Gm10_19137932	19137932	0.470395	0
10	Gm10_19138146	19138146	0.378289	0
10	Gm10_19138318	19138318	0.473684	0
10	Gm10_19138555	19138555	0.463816	0
10	Gm10_19139955	19139955	0.368421	0
10	Gm10_19140301	19140301	0.378289	0
10	Gm10_19165502	19165502	0.467105	0
10	Gm10_19165739	19165739	0.0953947	0
10	Gm10_19165747	19165747	0.470395	0
10	Gm10_19165788	19165788	0.470395	0
10	Gm10_19168026	19168026	0.473684	0
10	Gm10_19168048	19168048	0.473684	0
10	Gm10_19168064	19168064	0.473684	0
10	Gm10_19168666	19168666	0.473684	0
10	Gm10_19168702	19168702	0.467105	0
10	Gm10_19168968	19168968	0.467105	0
10	Gm10_19191156	19191156	0.467105	0
10	Gm10_19198297	19198297	0.473684	0
10	Gm10_19198363	19198363	0.470395	0
10	Gm10_19201943	19201943	0.467105	0
10	Gm10_19201987	19201987	0.473684	0
10	Gm10_19205488	19205488	0.470395	0
10	Gm10_19224776	19224776	0.463816	0
10	Gm10_19225145	19225145	0.473684	0
10	Gm10_19261099	19261099	0.467105	0
10	Gm10_19261294	19261294	0.473684	0
10	Gm10_19268187	19268187	0.470395	0
10	Gm10_19304999	19304999	0.473684	0
10	Gm10_19349934	19349934	0.365132	0
10	Gm10_19349948	19349948	0.371711	0
10	Gm10_19356054	19356054	0.371711	0
10	Gm10_19377507	19377507	0.365132	0
10	Gm10_19377515	19377515	0.365132	0
10	Gm10_19377781	19377781	0.361842	0
10	Gm10_19408242	19408242	0.365132	0
10	Gm10_19412319	19412319	0.365132	0
10	Gm10_19415384	19415384	0.365132	0
10	Gm10_19437668	19437668	0.365132	0
10	Gm10_19439978	19439978	0.470395	0
10	Gm10_19440424	19440424	0.0953947	0
10	Gm10_19442890	19442890	0.378289	0
10	Gm10_19463206	19463206	0.371711	0
10	Gm10_19463237	19463237	0.0953947	0
10	Gm10_19463576	19463576	0.371711	0
10	Gm10_19476612	19476612	0.371711	0
10	Gm10_19525603	19525603	0.375	0
10	Gm10_19526699	19526699	0.371711	0
10	Gm10_19531339	19531339	0.368421	0
10	Gm10_19560650	19560650	0.371711	0
10	Gm10_19563368	19563368	0.375	0
10	Gm10_19567997	19567997	0.371711	0
10	Gm10_19571791	19571791	0.0953947	0
10	Gm10_19571863	19571863	0.371711	0
10	Gm10_19572192	19572192	0.365132	0
10	Gm10_19577692	19577692	0.365132	0
10	Gm10_19578442	19578442	0.368421	0
10	Gm10_19589798	19589798	0.375	0
10	Gm10_19606927	19606927	0.368421	0
10	Gm10_19607440	19607440	0.365132	0
10	Gm10_19607789	19607789	0.371711	0
10	Gm10_19662995	19662995	0.365132	0
10	Gm10_19663159	19663159	0.0986842	0
10	Gm10_19664423	19664423	0.371711	0
10	Gm10_19675184	19675184	0.368421	0
10	Gm10_19687166	19687166	0.368421	0
10	Gm10_19690167	19690167	0.365132	0
10	Gm10_19700267	19700267	0.378289	0
10	Gm10_19712915	19712915	0.365132	0
10	Gm10_19716123	19716123	0.375	0
10	Gm10_19720874	19720874	0.375	0
10	Gm10_19721040	19721040	0.375	0
10	Gm10_19721693	19721693	0.365132	0
10	Gm10_19721745	19721745	0.368421	0
10	Gm10_19721965	19721965	0.368421	0
10	Gm10_19721988	19721988	0.368421	0
10	Gm10_19722521	19722521	0.0657895	0
10	Gm10_19722708	19722708	0.0625	0
10	Gm10_19723424	19723424	0.375	0
10	Gm10_19723769	19723769	0.368421	0
10	Gm10_19725219	19725219	0.361842	0
10	Gm10_19725244	19725244	0.368421	0
10	Gm10_19725511	19725511	0.361842	0
10	Gm10_19726403	19726403	0.375	0
10	Gm10_19726611	19726611	0.371711	0
10	Gm10_19727159	19727159	0.375	0
10	Gm10_19727199	19727199	0.371711	0
10	Gm10_19729060	19729060	0.125	0
10	Gm10_19729080	19729080	0.371711	0
10	Gm10_19729297	19729297	0.0953947	0
10	Gm10_19729325	19729325	0.371711	0
10	Gm10_19729370	19729370	0.0953947	0
10	Gm10_19731478	19731478	0.375	0
10	Gm10_19745861	19745861	0.375	0
10	Gm10_19750470	19750470	0.365132	0
10	Gm10_19767504	19767504	0.365132	0
10	Gm10_19767723	19767723	0.371711	0
10	Gm10_19809433	19809433	0.381579	0
10	Gm10_19809569	19809569	0.381579	0
10	Gm10_19809601	19809601	0.375	0
10	Gm10_19814913	19814913	0.375	0
10	Gm10_19817131	19817131	0.371711	0
10	Gm10_19864453	19864453	0.371711	0
10	Gm10_19864503	19864503	0.371711	0
10	Gm10_19923333	19923333	0.368421	0
10	Gm10_19923358	19923358	0.368421	0
10	Gm10_19933286	19933286	0.371711	0
10	Gm10_19939132	19939132	0.378289	0
10	Gm10_19940102	19940102	0.375	0
10	Gm10_19976657	19976657	0.0953947	0
10	Gm10_19976833	19976833	0.368421	0
10	Gm10_19984746	19984746	0.279605	0
10	Gm10_19986291	19986291	0.0921053	0
10	Gm10_20047620	20047620	0.0953947	0
10	Gm10_20052863	20052863	0.368421	0
10	Gm10_20052948	20052948	0.467105	0
10	Gm10_20054893	20054893	0.470395	0
10	Gm10_20087387	20087387	0.368421	0
10	Gm10_20125139	20125139	0.375	0
10	Gm10_20133912	20133912	0.371711	0
10	Gm10_20172059	20172059	0.391447	0
10	Gm10_20184837	20184837	0.378289	0
10	Gm10_20218797	20218797	0.375	0
10	Gm10_20220858	20220858	0.483553	0
10	Gm10_20222067	20222067	0.384868	0
10	Gm10_20326714	20326714	0.0723684	0
10	Gm10_20331581	20331581	0.384868	0
10	Gm10_20348469	20348469	0.0953947	0
10	Gm10_20396275	20396275	0.483553	0
10	Gm10_20397572	20397572	0.0953947	0
10	Gm10_20397615	20397615	0.381579	0
10	Gm10_20397757	20397757	0.381579	0
10	Gm10_20397805	20397805	0.0953947	0
10	Gm10_20398399	20398399	0.0953947	0
10	Gm10_20413315	20413315	0.381579	0
10	Gm10_20417645	20417645	0.378289	0
10	Gm10_20466496	20466496	0.384868	0
10	Gm10_20485215	20485215	0.289474	0
10	Gm10_20491872	20491872	0.105263	0
10	Gm10_20492182	20492182	0.0592105	0
10	Gm10_20492193	20492193	0.0657895	0
10	Gm10_20503057	20503057	0.375	0
10	Gm10_20503499	20503499	0.0986842	0
10	Gm10_20509845	20509845	0.0986842	0
10	Gm10_20537614	20537614	0.381579	0
10	Gm10_20597260	20597260	0.381579	0
10	Gm10_20598172	20598172	0.0986842	0
10	Gm10_20610220	20610220	0.381579	0
10	Gm10_20614143	20614143	0.381579	0
10	Gm10_20641891	20641891	0.378289	0
10	Gm10_20661425	20661425	0.0986842	0
10	Gm10_20744508	20744508	0.0921053	0
10	Gm10_20744746	20744746	0.483553	0
10	Gm10_20766887	20766887	0.483553	0
10	Gm10_20766913	20766913	0.381579	0
10	Gm10_20774152	20774152	0.381579	0
10	Gm10_20814132	20814132	0.381579	0
10	Gm10_20814348	20814348	0.378289	0
10	Gm10_20869777	20869777	0.0986842	0
10	Gm10_20878751	20878751	0.378289	0
10	Gm10_20964738	20964738	0.381579	0
10	Gm10_21006454	21006454	0.381579	0
10	Gm10_21020432	21020432	0.483553	0
10	Gm10_21064151	21064151	0.378289	0
10	Gm10_21147399	21147399	0.375	0
10	Gm10_21147997	21147997	0.381579	0
10	Gm10_21149497	21149497	0.0986842	0
10	Gm10_21152258	21152258	0.0953947	0
10	Gm10_21153710	21153710	0.101974	0
10	Gm10_21221641	21221641	0.0986842	0
10	Gm10_21222778	21222778	0.388158	0
10	Gm10_21223063	21223063	0.381579	0
10	Gm10_21232449	21232449	0.0986842	0
10	Gm10_21234249	21234249	0.384868	0
10	Gm10_21234279	21234279	0.384868	0
10	Gm10_21329294	21329294	0.483553	0
10	Gm10_21475113	21475113	0.296053	0
10	Gm10_21525217	21525217	0.0986842	0
10	Gm10_21525225	21525225	0.378289	0
10	Gm10_21525398	21525398	0.0953947	0
10	Gm10_21553517	21553517	0.486842	0
10	Gm10_21554663	21554663	0.486842	0
10	Gm10_21590345	21590345	0.381579	0
10	Gm10_21592250	21592250	0.391447	0
10	Gm10_21599899	21599899	0.378289	0
10	Gm10_21608401	21608401	0.388158	0
10	Gm10_21646215	21646215	0.0986842	0
10	Gm10_21646423	21646423	0.0986842	0
10	Gm10_21685013	21685013	0.0625	0
10	Gm10_21686003	21686003	0.0953947	0
10	Gm10_21718361	21718361	0.0986842	0
10	Gm10_21719523	21719523	0.384868	0
10	Gm10_21747803	21747803	0.0986842	0
10	Gm10_21775201	21775201	0.483553	0
10	Gm10_21836216	21836216	0.0953947	0
10	Gm10_21837344	21837344	0.289474	0
10	Gm10_21845042	21845042	0.0953947	0
10	Gm10_21869841	21869841	0.480263	0
10	Gm10_21886450	21886450	0.0953947	0
10	Gm10_21888792	21888792	0.378289	0
10	Gm10_21890755	21890755	0.378289	0
10	Gm10_21898898	21898898	0.0625	0
10	Gm10_21934416	21934416	0.371711	0
10	Gm10_21934587	21934587	0.371711	0
10	Gm10_21934735	21934735	0.486842	0
10	Gm10_21952164	21952164	0.0953947	0
10	Gm10_21959470	21959470	0.0953947	0
10	Gm10_21966319	21966319	0.486842	0
10	Gm10_21973697	21973697	0.0723684	0
10	Gm10_22017457	22017457	0.493421	0
10	Gm10_22052518	22052518	0.378289	0
10	Gm10_22059105	22059105	0.0953947	0
10	Gm10_22106195	22106195	0.401316	0
10	Gm10_22106206	22106206	0.480263	0
10	Gm10_22155307	22155307	0.480263	0
10	Gm10_22180496	22180496	0.0986842	0
10	Gm10_22185116	22185116	0.378289	0
10	Gm10_22192357	22192357	0.0953947	0
10	Gm10_22236881	22236881	0.480263	0
10	Gm10_22272412	22272412	0.384868	0
10	Gm10_22276612	22276612	0.0953947	0
10	Gm10_22301071	22301071	0.0625	0
10	Gm10_22301363	22301363	0.5	0
10	Gm10_22320786	22320786	0.381579	0
10	Gm10_22346726	22346726	0.486842	0
10	Gm10_22411027	22411027	0.105263	0
10	Gm10_22425321	22425321	0.483553	0
10	Gm10_22425359	22425359	0.378289	0
10	Gm10_22436480	22436480	0.0953947	0
10	Gm10_22446436	22446436	0.381579	0
10	Gm10_22511967	22511967	0.101974	0
10	Gm10_22512075	22512075	0.490132	0
10	Gm10_22520310	22520310	0.381579	0
10	Gm10_22523109	22523109	0.0690789	0
10	Gm10_22523906	22523906	0.480263	0
10	Gm10_22540778	22540778	0.0953947	0
10	Gm10_22655868	22655868	0.480263	0
10	Gm10_22664591	22664591	0.483553	0
10	Gm10_22667195	22667195	0.483553	0
10	Gm10_22693342	22693342	0.0953947	0
10	Gm10_22812222	22812222	0.0986842	0
10	Gm10_22813642	22813642	0.375	0
10	Gm10_22841748	22841748	0.118421	0
10	Gm10_22841797	22841797	0.118421	0
10	Gm10_22842824	22842824	0.381579	0
10	Gm10_22853014	22853014	0.0986842	0
10	Gm10_22853041	22853041	0.483553	0
10	Gm10_22853956	22853956	0.0921053	0
10	Gm10_22870102	22870102	0.493421	0
10	Gm10_22882150	22882150	0.381579	0
10	Gm10_22956236	22956236	0.0953947	0
10	Gm10_22968533	22968533	0.381579	0
10	Gm10_23019831	23019831	0.388158	0
10	Gm10_23025089	23025089	0.381579	0
10	Gm10_23174764	23174764	0.381579	0
10	Gm10_23209401	23209401	0.0953947	0
10	Gm10_23233740	23233740	0.0953947	0
10	Gm10_23243397	23243397	0.0953947	0
10	Gm10_23279078	23279078	0.496711	0
10	Gm10_23279295	23279295	0.101974	0
10	Gm10_23327086	23327086	0.381579	0
10	Gm10_23328130	23328130	0.0986842	0
10	Gm10_23345816	23345816	0.0986842	0
10	Gm10_23360981	23360981	0.101974	0
10	Gm10_23397894	23397894	0.486842	0
10	Gm10_23430578	23430578	0.480263	0
10	Gm10_23462578	23462578	0.476974	0
10	Gm10_23468479	23468479	0.0953947	0
10	Gm10_23494346	23494346	0.381579	0
10	Gm10_23500611	23500611	0.473684	0
10	Gm10_23575540	23575540	0.0953947	0
10	Gm10_23587636	23587636	0.483553	0
10	Gm10_23587642	23587642	0.378289	0
10	Gm10_23594307	23594307	0.0625	0
10	Gm10_23598918	23598918	0.381579	0
10	Gm10_23627231	23627231	0.378289	0
10	Gm10_23723105	23723105	0.480263	0
10	Gm10_23742619	23742619	0.483553	0
10	Gm10_23756137	23756137	0.375	0
10	Gm10_23756383	23756383	0.0986842	0
10	Gm10_23801466	23801466	0.483553	0
10	Gm10_23801540	23801540	0.378289	0
10	Gm10_23801896	23801896	0.0986842	0
10	Gm10_23848743	23848743	0.0986842	0
10	Gm10_23848767	23848767	0.0625	0
10	Gm10_23848811	23848811	0.154605	0
10	Gm10_23852409	23852409	0.0986842	0
10	Gm10_23853392	23853392	0.378289	0
10	Gm10_23872172	23872172	0.384868	0
10	Gm10_23884005	23884005	0.0986842	0
10	Gm10_23892630	23892630	0.480263	0
10	Gm10_23893096	23893096	0.375	0
10	Gm10_23893134	23893134	0.483553	0
10	Gm10_23910296	23910296	0.378289	0
10	Gm10_23923924	23923924	0.0986842	0
10	Gm10_23929197	23929197	0.378289	0
10	Gm10_23985051	23985051	0.378289	0
10	Gm10_23993882	23993882	0.388158	0
10	Gm10_24066795	24066795	0.0986842	0
10	Gm10_24082799	24082799	0.0953947	0
10	Gm10_24082856	24082856	0.486842	0
10	Gm10_24088435	24088435	0.378289	0
10	Gm10_24094323	24094323	0.381579	0
10	Gm10_24096595	24096595	0.476974	0
10	Gm10_24143671	24143671	0.375	0
10	Gm10_24156101	24156101	0.378289	0
10	Gm10_24178865	24178865	0.381579	0
10	Gm10_24179198	24179198	0.0986842	0
10	Gm10_24179646	24179646	0.0986842	0
10	Gm10_24185650	24185650	0.486842	0
10	Gm10_24192277	24192277	0.0953947	0
10	Gm10_24192289	24192289	0.378289	0
10	Gm10_24264810	24264810	0.0953947	0
10	Gm10_24274877	24274877	0.0986842	0
10	Gm10_24298423	24298423	0.0953947	0
10	Gm10_24298732	24298732	0.0986842	0
10	Gm10_24395356	24395356	0.381579	0
10	Gm10_24465078	24465078	0.0953947	0
10	Gm10_24465121	24465121	0.0953947	0
10	Gm10_24640021	24640021	0.473684	0
10	Gm10_24643514	24643514	0.0953947	0
10	Gm10_24643766	24643766	0.0953947	0
10	Gm10_24655427	24655427	0.0953947	0
10	Gm10_24668683	24668683	0.483553	0
10	Gm10_24676338	24676338	0.381579	0
10	Gm10_24677007	24677007	0.381579	0
10	Gm10_24677764	24677764	0.0986842	0
10	Gm10_24679498	24679498	0.0592105	0
10	Gm10_24682840	24682840	0.381579	0
10	Gm10_24691144	24691144	0.0986842	0
10	Gm10_24737194	24737194	0.131579	0
10	Gm10_24737209	24737209	0.128289	0
10	Gm10_24745658	24745658	0.0953947	0
10	Gm10_24758615	24758615	0.0921053	0
10	Gm10_24786758	24786758	0.378289	0
10	Gm10_24801007	24801007	0.0986842	0
10	Gm10_24808372	24808372	0.486842	0
10	Gm10_24828017	24828017	0.381579	0
10	Gm10_24837041	24837041	0.0953947	0
10	Gm10_24843364	24843364	0.0953947	0
10	Gm10_24847835	24847835	0.131579	0
10	Gm10_24859976	24859976	0.483553	0
10	Gm10_24871441	24871441	0.381579	0
10	Gm10_24892919	24892919	0.0625	0
10	Gm10_24892925	24892925	0.0625	0
10	Gm10_24959423	24959423	0.0953947	0
10	Gm10_25050615	25050615	0.121711	0
10	Gm10_25050622	25050622	0.121711	0
10	Gm10_25092053	25092053	0.131579	0
10	Gm10_25092400	25092400	0.131579	0
10	Gm10_25095761	25095761	0.0657895	0
10	Gm10_25102818	25102818	0.490132	0
10	Gm10_25103044	25103044	0.125	0
10	Gm10_25103054	25103054	0.118421	0
10	Gm10_25106541	25106541	0.421053	0
10	Gm10_25160150	25160150	0.128289	0
10	Gm10_25162891	25162891	0.115132	0
10	Gm10_25162910	25162910	0.111842	0
10	Gm10_25167102	25167102	0.118421	0
10	Gm10_25170176	25170176	0.0789474	0
10	Gm10_25170407	25170407	0.0789474	0
10	Gm10_25170416	25170416	0.0789474	0
10	Gm10_25208931	25208931	0.144737	0
10	Gm10_25208950	25208950	0.157895	0
10	Gm10_25209340	25209340	0.128289	0
10	Gm10_25299386	25299386	0.3125	0
10	Gm10_25312574	25312574	0.131579	0
10	Gm10_25314876	25314876	0.148026	0
10	Gm10_25316807	25316807	0.371711	0
10	Gm10_25316816	25316816	0.388158	0
10	Gm10_25453242	25453242	0.131579	0
10	Gm10_25558903	25558903	0.121711	0
10	Gm10_25596735	25596735	0.125	0
10	Gm10_25640329	25640329	0.131579	0
10	Gm10_25640380	25640380	0.125	0
10	Gm10_25671090	25671090	0.131579	0
10	Gm10_25671111	25671111	0.131579	0
10	Gm10_25674666	25674666	0.381579	0
10	Gm10_25683871	25683871	0.0625	0
10	Gm10_25684177	25684177	0.131579	0
10	Gm10_25695142	25695142	0.128289	0
10	Gm10_25695442	25695442	0.128289	0
10	Gm10_25710932	25710932	0.128289	0
10	Gm10_25710962	25710962	0.128289	0
10	Gm10_25710990	25710990	0.128289	0
10	Gm10_25711112	25711112	0.121711	0
10	Gm10_25722667	25722667	0.131579	0
10	Gm10_25730005	25730005	0.118421	0
10	Gm10_25762640	25762640	0.125	0
10	Gm10_25762674	25762674	0.131579	0
10	Gm10_25762920	25762920	0.131579	0
10	Gm10_25762925	25762925	0.131579	0
10	Gm10_25771555	25771555	0.378289	0
10	Gm10_25790765	25790765	0.128289	0
10	Gm10_25795569	25795569	0.131579	0
10	Gm10_25795601	25795601	0.131579	0
10	Gm10_25796149	25796149	0.131579	0
10	Gm10_25817524	25817524	0.118421	0
10	Gm10_25817529	25817529	0.118421	0
10	Gm10_25817554	25817554	0.490132	0
10	Gm10_25817813	25817813	0.131579	0
10	Gm10_25818014	25818014	0.128289	0
10	Gm10_25821917	25821917	0.378289	0
10	Gm10_25824823	25824823	0.128289	0
10	Gm10_25824833	25824833	0.121711	0
10	Gm10_25824839	25824839	0.128289	0
10	Gm10_25826751	25826751	0.378289	0
10	Gm10_25826851	25826851	0.131579	0
10	Gm10_25826923	25826923	0.131579	0
10	Gm10_25828327	25828327	0.128289	0
10	Gm10_25828343	25828343	0.128289	0
10	Gm10_25828397	25828397	0.128289	0
10	Gm10_25843670	25843670	0.131579	0
10	Gm10_25843951	25843951	0.131579	0
10	Gm10_25863064	25863064	0.128289	0
10	Gm10_25863262	25863262	0.121711	0
10	Gm10_25863277	25863277	0.128289	0
10	Gm10_25863310	25863310	0.128289	0
10	Gm10_25863475	25863475	0.375	0
10	Gm10_25863654	25863654	0.128289	0
10	Gm10_25863699	25863699	0.128289	0
10	Gm10_25865451	25865451	0.128289	0
10	Gm10_25865470	25865470	0.128289	0
10	Gm10_25865626	25865626	0.128289	0
10	Gm10_25867166	25867166	0.125	0
10	Gm10_25867177	25867177	0.128289	0
10	Gm10_25895475	25895475	0.486842	0
10	Gm10_25895516	25895516	0.131579	0
10	Gm10_25896625	25896625	0.128289	0
10	Gm10_25896911	25896911	0.128289	0
10	Gm10_25898071	25898071	0.125	0
10	Gm10_25898093	25898093	0.125	0
10	Gm10_25898127	25898127	0.121711	0
10	Gm10_25898294	25898294	0.125	0
10	Gm10_25898597	25898597	0.128289	0
10	Gm10_25912475	25912475	0.128289	0
10	Gm10_25912722	25912722	0.490132	0
10	Gm10_25915293	25915293	0.131579	0
10	Gm10_25915333	25915333	0.125	0
10	Gm10_25915544	25915544	0.131579	0
10	Gm10_25915572	25915572	0.131579	0
10	Gm10_25933482	25933482	0.131579	0
10	Gm10_25970234	25970234	0.496711	0
10	Gm10_25996684	25996684	0.128289	0
10	Gm10_25996696	25996696	0.121711	0
10	Gm10_25996714	25996714	0.128289	0
10	Gm10_25997840	25997840	0.121711	0
10	Gm10_25998016	25998016	0.128289	0
10	Gm10_26015610	26015610	0.128289	0
10	Gm10_26044786	26044786	0.131579	0
10	Gm10_26044801	26044801	0.131579	0
10	Gm10_26065855	26065855	0.121711	0
10	Gm10_26065902	26065902	0.128289	0
10	Gm10_26076931	26076931	0.121711	0
10	Gm10_26087143	26087143	0.131579	0
10	Gm10_26087190	26087190	0.131579	0
10	Gm10_26099817	26099817	0.121711	0
10	Gm10_26105134	26105134	0.131579	0
10	Gm10_26118789	26118789	0.125	0
10	Gm10_26151937	26151937	0.128289	0
10	Gm10_26152251	26152251	0.128289	0
10	Gm10_26152300	26152300	0.128289	0
10	Gm10_26152307	26152307	0.121711	0
10	Gm10_26177567	26177567	0.121711	0
10	Gm10_26177733	26177733	0.131579	0
10	Gm10_26192260	26192260	0.125	0
10	Gm10_26192534	26192534	0.125	0
10	Gm10_26207572	26207572	0.375	0
10	Gm10_26207652	26207652	0.128289	0
10	Gm10_26207885	26207885	0.128289	0
10	Gm10_26208202	26208202	0.128289	0
10	Gm10_26208213	26208213	0.121711	0
10	Gm10_26208232	26208232	0.493421	0
10	Gm10_26263726	26263726	0.128289	0
10	Gm10_26263790	26263790	0.128289	0
10	Gm10_26264078	26264078	0.128289	0
10	Gm10_26268460	26268460	0.131579	0
10	Gm10_26268514	26268514	0.490132	0
10	Gm10_26273417	26273417	0.128289	0
10	Gm10_26273428	26273428	0.128289	0
10	Gm10_26275329	26275329	0.125	0
10	Gm10_26279366	26279366	0.128289	0
10	Gm10_26279588	26279588	0.125	0
10	Gm10_26279598	26279598	0.125	0
10	Gm10_26279642	26279642	0.128289	0
10	Gm10_26305854	26305854	0.128289	0
10	Gm10_26306071	26306071	0.131579	0
10	Gm10_26306272	26306272	0.128289	0
10	Gm10_26306287	26306287	0.128289	0
10	Gm10_26306308	26306308	0.128289	0
10	Gm10_26311430	26311430	0.490132	0
10	Gm10_26311594	26311594	0.128289	0
10	Gm10_26311639	26311639	0.128289	0
10	Gm10_26315170	26315170	0.131579	0
10	Gm10_26315417	26315417	0.131579	0
10	Gm10_26330576	26330576	0.125	0
10	Gm10_26345145	26345145	0.128289	0
10	Gm10_26346205	26346205	0.131579	0
10	Gm10_26346249	26346249	0.131579	0
10	Gm10_26346523	26346523	0.131579	0
10	Gm10_26346530	26346530	0.131579	0
10	Gm10_26346592	26346592	0.115132	0
10	Gm10_26346601	26346601	0.125	0
10	Gm10_26349966	26349966	0.128289	0
10	Gm10_26350309	26350309	0.121711	0
10	Gm10_26360417	26360417	0.128289	0
10	Gm10_26364263	26364263	0.128289	0
10	Gm10_26364278	26364278	0.131579	0
10	Gm10_26397489	26397489	0.128289	0
10	Gm10_26397520	26397520	0.128289	0
10	Gm10_26397542	26397542	0.121711	0
10	Gm10_26397675	26397675	0.128289	0
10	Gm10_26399932	26399932	0.381579	0
10	Gm10_26405302	26405302	0.5	0
10	Gm10_26422742	26422742	0.131579	0
10	Gm10_26439102	26439102	0.125	0
10	Gm10_26440572	26440572	0.131579	0
10	Gm10_26440830	26440830	0.128289	0
10	Gm10_26440885	26440885	0.128289	0
10	Gm10_26441191	26441191	0.131579	0
10	Gm10_26441235	26441235	0.490132	0
10	Gm10_26480689	26480689	0.131579	0
10	Gm10_26480850	26480850	0.131579	0
10	Gm10_26480939	26480939	0.118421	0
10	Gm10_26481342	26481342	0.118421	0
10	Gm10_26483088	26483088	0.101974	0
10	Gm10_26484860	26484860	0.128289	0
10	Gm10_26484865	26484865	0.128289	0
10	Gm10_26492479	26492479	0.496711	0
10	Gm10_26492808	26492808	0.125	0
10	Gm10_26500302	26500302	0.131579	0
10	Gm10_26500310	26500310	0.125	0
10	Gm10_26500345	26500345	0.131579	0
10	Gm10_26501006	26501006	0.131579	0
10	Gm10_26501039	26501039	0.131579	0
10	Gm10_26519821	26519821	0.131579	0
10	Gm10_26531439	26531439	0.490132	0
10	Gm10_26534370	26534370	0.128289	0
10	Gm10_26534647	26534647	0.131579	0
10	Gm10_26535146	26535146	0.128289	0
10	Gm10_26539956	26539956	0.121711	0
10	Gm10_26540137	26540137	0.128289	0
10	Gm10_26552871	26552871	0.128289	0
10	Gm10_26559107	26559107	0.486842	0
10	Gm10_26559113	26559113	0.128289	0
10	Gm10_26561164	26561164	0.184211	0
10	Gm10_26566934	26566934	0.378289	0
10	Gm10_26567533	26567533	0.125	0
10	Gm10_26567874	26567874	0.131579	0
10	Gm10_26568219	26568219	0.125	0
10	Gm10_26568527	26568527	0.128289	0
10	Gm10_26607581	26607581	0.486842	0
10	Gm10_26614947	26614947	0.131579	0
10	Gm10_26615131	26615131	0.131579	0
10	Gm10_26615736	26615736	0.134868	0
10	Gm10_26615761	26615761	0.125	0
10	Gm10_26633287	26633287	0.378289	0
10	Gm10_26634416	26634416	0.378289	0
10	Gm10_26634629	26634629	0.121711	0
10	Gm10_26638346	26638346	0.121711	0
10	Gm10_26646488	26646488	0.131579	0
10	Gm10_26646757	26646757	0.131579	0
10	Gm10_26646770	26646770	0.115132	0
10	Gm10_26647905	26647905	0.131579	0
10	Gm10_26648628	26648628	0.131579	0
10	Gm10_26648695	26648695	0.131579	0
10	Gm10_26655892	26655892	0.121711	0
10	Gm10_26655900	26655900	0.128289	0
10	Gm10_26655923	26655923	0.128289	0
10	Gm10_26656080	26656080	0.490132	0
10	Gm10_26663773	26663773	0.128289	0
10	Gm10_26666544	26666544	0.0986842	0
10	Gm10_26668491	26668491	0.411184	0
10	Gm10_26668801	26668801	0.121711	0
10	Gm10_26668816	26668816	0.121711	0
10	Gm10_26668992	26668992	0.121711	0
10	Gm10_26671325	26671325	0.125	0
10	Gm10_26678970	26678970	0.0986842	0
10	Gm10_26679815	26679815	0.101974	0
10	Gm10_26680136	26680136	0.125	0
10	Gm10_26681308	26681308	0.125	0
10	Gm10_26681668	26681668	0.486842	0
10	Gm10_26684126	26684126	0.121711	0
10	Gm10_26688066	26688066	0.121711	0
10	Gm10_26706212	26706212	0.125	0
10	Gm10_26707273	26707273	0.0986842	0
10	Gm10_26707290	26707290	0.121711	0
10	Gm10_26713876	26713876	0.128289	0
10	Gm10_26724535	26724535	0.121711	0
10	Gm10_26724702	26724702	0.128289	0
10	Gm10_26747344	26747344	0.388158	0
10	Gm10_26747378	26747378	0.121711	0
10	Gm10_26747387	26747387	0.121711	0
10	Gm10_26747396	26747396	0.121711	0
10	Gm10_26747556	26747556	0.121711	0
10	Gm10_26760706	26760706	0.496711	0
10	Gm10_26782973	26782973	0.381579	0
10	Gm10_26782980	26782980	0.486842	0
10	Gm10_26786105	26786105	0.128289	0
10	Gm10_26786398	26786398	0.128289	0
10	Gm10_26809108	26809108	0.0592105	0
10	Gm10_26809367	26809367	0.125	0
10	Gm10_26821000	26821000	0.490132	0
10	Gm10_26821016	26821016	0.134868	0
10	Gm10_26920864	26920864	0.131579	0
10	Gm10_26973718	26973718	0.131579	0
10	Gm10_26994073	26994073	0.486842	0
10	Gm10_27015981	27015981	0.125	0
10	Gm10_27017791	27017791	0.131579	0
10	Gm10_27018067	27018067	0.125	0
10	Gm10_27019835	27019835	0.381579	0
10	Gm10_27020112	27020112	0.125	0
10	Gm10_27020153	27020153	0.128289	0
10	Gm10_27063458	27063458	0.131579	0
10	Gm10_27066133	27066133	0.1875	0
10	Gm10_27073760	27073760	0.128289	0
10	Gm10_27073852	27073852	0.128289	0
10	Gm10_27073885	27073885	0.131579	0
10	Gm10_27104272	27104272	0.128289	0
10	Gm10_27104460	27104460	0.490132	0
10	Gm10_27104494	27104494	0.381579	0
10	Gm10_27127760	27127760	0.125	0
10	Gm10_27130722	27130722	0.128289	0
10	Gm10_27130773	27130773	0.128289	0
10	Gm10_27143337	27143337	0.131579	0
10	Gm10_27143351	27143351	0.131579	0
10	Gm10_27143582	27143582	0.131579	0
10	Gm10_27143822	27143822	0.128289	0
10	Gm10_27143835	27143835	0.128289	0
10	Gm10_27143970	27143970	0.128289	0
10	Gm10_27144021	27144021	0.121711	0
10	Gm10_27144303	27144303	0.381579	0
10	Gm10_27144312	27144312	0.128289	0
10	Gm10_27145313	27145313	0.128289	0
10	Gm10_27145718	27145718	0.486842	0
10	Gm10_27147399	27147399	0.375	0
10	Gm10_27152111	27152111	0.378289	0
10	Gm10_27158855	27158855	0.121711	0
10	Gm10_27182571	27182571	0.128289	0
10	Gm10_27183190	27183190	0.128289	0
10	Gm10_27183692	27183692	0.121711	0
10	Gm10_27183846	27183846	0.128289	0
10	Gm10_27184905	27184905	0.128289	0
10	Gm10_27184933	27184933	0.131579	0
10	Gm10_27185608	27185608	0.378289	0
10	Gm10_27185878	27185878	0.131579	0
10	Gm10_27187182	27187182	0.131579	0
10	Gm10_27187572	27187572	0.486842	0
10	Gm10_27189863	27189863	0.125	0
10	Gm10_27190647	27190647	0.125	0
10	Gm10_27191266	27191266	0.131579	0
10	Gm10_27191373	27191373	0.134868	0
10	Gm10_27191643	27191643	0.125	0
10	Gm10_27207622	27207622	0.121711	0
10	Gm10_27217285	27217285	0.121711	0
10	Gm10_27224633	27224633	0.128289	0
10	Gm10_27234795	27234795	0.108553	0
10	Gm10_27271212	27271212	0.0953947	0
10	Gm10_27276012	27276012	0.457237	0
10	Gm10_27276053	27276053	0.105263	0
10	Gm10_27291929	27291929	0.289474	0
10	Gm10_27291983	27291983	0.381579	0
10	Gm10_27310619	27310619	0.105263	0
10	Gm10_27310632	27310632	0.105263	0
10	Gm10_27314190	27314190	0.105263	0
10	Gm10_27315458	27315458	0.105263	0
10	Gm10_27320724	27320724	0.1875	0
10	Gm10_27331843	27331843	0.105263	0
10	Gm10_27331861	27331861	0.0986842	0
10	Gm10_27331890	27331890	0.105263	0
10	Gm10_27341478	27341478	0.0986842	0
10	Gm10_27347697	27347697	0.108553	0
10	Gm10_27347732	27347732	0.108553	0
10	Gm10_27348010	27348010	0.101974	0
10	Gm10_27351900	27351900	0.105263	0
10	Gm10_27351922	27351922	0.105263	0
10	Gm10_27352054	27352054	0.105263	0
10	Gm10_27352091	27352091	0.0657895	0
10	Gm10_27352099	27352099	0.378289	0
10	Gm10_27352895	27352895	0.0986842	0
10	Gm10_27352991	27352991	0.105263	0
10	Gm10_27353179	27353179	0.105263	0
10	Gm10_27353202	27353202	0.0986842	0
10	Gm10_27354508	27354508	0.378289	0
10	Gm10_27354523	27354523	0.0986842	0
10	Gm10_27358241	27358241	0.0986842	0
10	Gm10_27367471	27367471	0.0657895	0
10	Gm10_27404108	27404108	0.0986842	0
10	Gm10_27404150	27404150	0.378289	0
10	Gm10_27404162	27404162	0.0986842	0
10	Gm10_27410151	27410151	0.101974	0
10	Gm10_27418697	27418697	0.101974	0
10	Gm10_27419717	27419717	0.101974	0
10	Gm10_27420056	27420056	0.101974	0
10	Gm10_27433112	27433112	0.378289	0
10	Gm10_27433202	27433202	0.115132	0
10	Gm10_27433362	27433362	0.111842	0
10	Gm10_27433432	27433432	0.115132	0
10	Gm10_27441164	27441164	0.101974	0
10	Gm10_27445729	27445729	0.101974	0
10	Gm10_27465839	27465839	0.0986842	0
10	Gm10_27471341	27471341	0.108553	0
10	Gm10_27473283	27473283	0.105263	0
10	Gm10_27480778	27480778	0.108553	0
10	Gm10_27488452	27488452	0.381579	0
10	Gm10_27508666	27508666	0.384868	0
10	Gm10_27510608	27510608	0.486842	0
10	Gm10_27510627	27510627	0.0986842	0
10	Gm10_27518732	27518732	0.388158	0
10	Gm10_27528998	27528998	0.101974	0
10	Gm10_27546087	27546087	0.105263	0
10	Gm10_27546599	27546599	0.105263	0
10	Gm10_27546607	27546607	0.381579	0
10	Gm10_27546843	27546843	0.378289	0
10	Gm10_27549924	27549924	0.108553	0
10	Gm10_27554153	27554153	0.105263	0
10	Gm10_27559417	27559417	0.108553	0
10	Gm10_27559459	27559459	0.105263	0
10	Gm10_27592327	27592327	0.384868	0
10	Gm10_27592338	27592338	0.0690789	0
10	Gm10_27601161	27601161	0.105263	0
10	Gm10_27601404	27601404	0.105263	0
10	Gm10_27601434	27601434	0.388158	0
10	Gm10_27603766	27603766	0.483553	0
10	Gm10_27613279	27613279	0.101974	0
10	Gm10_27650156	27650156	0.0986842	0
10	Gm10_27676045	27676045	0.108553	0
10	Gm10_27676055	27676055	0.101974	0
10	Gm10_27692946	27692946	0.388158	0
10	Gm10_27741906	27741906	0.105263	0
10	Gm10_27742014	27742014	0.381579	0
10	Gm10_27742347	27742347	0.105263	0
10	Gm10_27759463	27759463	0.0986842	0
10	Gm10_27772831	27772831	0.292763	0
10	Gm10_27774831	27774831	0.141447	0
10	Gm10_27775151	27775151	0.0789474	0
10	Gm10_27775202	27775202	0.138158	0
10	Gm10_27780355	27780355	0.378289	0
10	Gm10_27838407	27838407	0.108553	0
10	Gm10_27838427	27838427	0.108553	0
10	Gm10_27852839	27852839	0.486842	0
10	Gm10_27852904	27852904	0.0986842	0
10	Gm10_27853052	27853052	0.105263	0
10	Gm10_27857300	27857300	0.101974	0
10	Gm10_27857525	27857525	0.108553	0
10	Gm10_27857813	27857813	0.0953947	0
10	Gm10_27865829	27865829	0.105263	0
10	Gm10_27872334	27872334	0.0921053	0
10	Gm10_27882016	27882016	0.101974	0
10	Gm10_27882312	27882312	0.381579	0
10	Gm10_27934821	27934821	0.108553	0
10	Gm10_27937012	27937012	0.0986842	0
10	Gm10_27937025	27937025	0.0986842	0
10	Gm10_27953732	27953732	0.101974	0
10	Gm10_28013236	28013236	0.217105	0
10	Gm10_28064590	28064590	0.220395	0
10	Gm10_28099636	28099636	0.220395	0
10	Gm10_28104476	28104476	0.223684	0
10	Gm10_28112093	28112093	0.220395	0
10	Gm10_28158325	28158325	0.220395	0
10	Gm10_28158445	28158445	0.230263	0
10	Gm10_28162925	28162925	0.220395	0
10	Gm10_28162988	28162988	0.220395	0
10	Gm10_28163242	28163242	0.0756579	0
10	Gm10_28174558	28174558	0.220395	0
10	Gm10_28174609	28174609	0.220395	0
10	Gm10_28184662	28184662	0.220395	0
10	Gm10_28216323	28216323	0.220395	0
10	Gm10_28216681	28216681	0.220395	0
10	Gm10_28216687	28216687	0.220395	0
10	Gm10_28218170	28218170	0.230263	0
10	Gm10_28219432	28219432	0.220395	0
10	Gm10_28232754	28232754	0.220395	0
10	Gm10_28233009	28233009	0.220395	0
10	Gm10_28235194	28235194	0.220395	0
10	Gm10_28235245	28235245	0.220395	0
10	Gm10_28264256	28264256	0.223684	0
10	Gm10_28264483	28264483	0.217105	0
10	Gm10_28282176	28282176	0.220395	0
10	Gm10_28282182	28282182	0.220395	0
10	Gm10_28282373	28282373	0.230263	0
10	Gm10_28282401	28282401	0.220395	0
10	Gm10_28298196	28298196	0.220395	0
10	Gm10_28298218	28298218	0.220395	0
10	Gm10_28298704	28298704	0.220395	0
10	Gm10_28298756	28298756	0.220395	0
10	Gm10_28298920	28298920	0.220395	0
10	Gm10_28298931	28298931	0.220395	0
10	Gm10_28322078	28322078	0.220395	0
10	Gm10_28324559	28324559	0.220395	0
10	Gm10_28324605	28324605	0.220395	0
10	Gm10_28324620	28324620	0.220395	0
10	Gm10_28330562	28330562	0.230263	0
10	Gm10_28335967	28335967	0.220395	0
10	Gm10_28336305	28336305	0.220395	0
10	Gm10_28336370	28336370	0.0690789	0
10	Gm10_28336670	28336670	0.223684	0
10	Gm10_28337837	28337837	0.220395	0
10	Gm10_28380114	28380114	0.220395	0
10	Gm10_28380122	28380122	0.220395	0
10	Gm10_28411938	28411938	0.220395	0
10	Gm10_28415459	28415459	0.226974	0
10	Gm10_28415798	28415798	0.217105	0
10	Gm10_28415810	28415810	0.217105	0
10	Gm10_28416390	28416390	0.220395	0
10	Gm10_28419041	28419041	0.220395	0
10	Gm10_28498747	28498747	0.226974	0
10	Gm10_28498784	28498784	0.217105	0
10	Gm10_28509154	28509154	0.220395	0
10	Gm10_28549217	28549217	0.220395	0
10	Gm10_28549228	28549228	0.223684	0
10	Gm10_28549451	28549451	0.220395	0
10	Gm10_28581476	28581476	0.220395	0
10	Gm10_28581505	28581505	0.220395	0
10	Gm10_28584806	28584806	0.217105	0
10	Gm10_28586807	28586807	0.223684	0
10	Gm10_28588023	28588023	0.220395	0
10	Gm10_28588067	28588067	0.220395	0
10	Gm10_28589352	28589352	0.220395	0
10	Gm10_28597976	28597976	0.217105	0
10	Gm10_28598341	28598341	0.213816	0
10	Gm10_28623271	28623271	0.230263	0
10	Gm10_28623810	28623810	0.230263	0
10	Gm10_28623831	28623831	0.230263	0
10	Gm10_28631454	28631454	0.230263	0
10	Gm10_28631746	28631746	0.230263	0
10	Gm10_28632060	28632060	0.230263	0
10	Gm10_28642010	28642010	0.200658	0
10	Gm10_28642016	28642016	0.200658	0
10	Gm10_28642046	28642046	0.203947	0
10	Gm10_28656096	28656096	0.230263	0
10	Gm10_28659221	28659221	0.230263	0
10	Gm10_28687847	28687847	0.220395	0
10	Gm10_28707230	28707230	0.220395	0
10	Gm10_28744786	28744786	0.197368	0
10	Gm10_28747774	28747774	0.200658	0
10	Gm10_28749737	28749737	0.197368	0
10	Gm10_28749754	28749754	0.197368	0
10	Gm10_28754042	28754042	0.200658	0
10	Gm10_28762453	28762453	0.194079	0
10	Gm10_28782443	28782443	0.197368	0
10	Gm10_28782458	28782458	0.197368	0
10	Gm10_28782474	28782474	0.207237	0
10	Gm10_28807663	28807663	0.197368	0
10	Gm10_28807980	28807980	0.207237	0
10	Gm10_28807985	28807985	0.197368	0
10	Gm10_28811046	28811046	0.197368	0
10	Gm10_28811080	28811080	0.197368	0
10	Gm10_28811341	28811341	0.197368	0
10	Gm10_28811437	28811437	0.197368	0
10	Gm10_28811444	28811444	0.197368	0
10	Gm10_28811478	28811478	0.197368	0
10	Gm10_28811486	28811486	0.197368	0
10	Gm10_28830312	28830312	0.200658	0
10	Gm10_28830487	28830487	0.210526	0
10	Gm10_28830508	28830508	0.200658	0
10	Gm10_28843331	28843331	0.220395	0
10	Gm10_28843361	28843361	0.197368	0
10	Gm10_28856028	28856028	0.282895	0
10	Gm10_28856043	28856043	0.282895	0
10	Gm10_28863229	28863229	0.197368	0
10	Gm10_28863553	28863553	0.0756579	0
10	Gm10_28863577	28863577	0.197368	0
10	Gm10_28863595	28863595	0.197368	0
10	Gm10_28863693	28863693	0.200658	0
10	Gm10_28864703	28864703	0.200658	0
10	Gm10_28871878	28871878	0.197368	0
10	Gm10_28872043	28872043	0.197368	0
10	Gm10_28872059	28872059	0.197368	0
10	Gm10_28894530	28894530	0.197368	0
10	Gm10_28897221	28897221	0.197368	0
10	Gm10_28899046	28899046	0.207237	0
10	Gm10_28899074	28899074	0.197368	0
10	Gm10_28899082	28899082	0.0690789	0
10	Gm10_28899097	28899097	0.197368	0
10	Gm10_28899330	28899330	0.197368	0
10	Gm10_28925813	28925813	0.194079	0
10	Gm10_28925834	28925834	0.194079	0
10	Gm10_28928742	28928742	0.197368	0
10	Gm10_28930200	28930200	0.125	0
10	Gm10_28936420	28936420	0.197368	0
10	Gm10_28997745	28997745	0.197368	0
10	Gm10_28997757	28997757	0.197368	0
10	Gm10_28997764	28997764	0.197368	0
10	Gm10_28998002	28998002	0.197368	0
10	Gm10_28998298	28998298	0.154605	0
10	Gm10_28998490	28998490	0.194079	0
10	Gm10_28999087	28999087	0.197368	0
10	Gm10_28999484	28999484	0.197368	0
10	Gm10_28999489	28999489	0.197368	0
10	Gm10_29004343	29004343	0.197368	0
10	Gm10_29004597	29004597	0.197368	0
10	Gm10_29004636	29004636	0.207237	0
10	Gm10_29010160	29010160	0.197368	0
10	Gm10_29010183	29010183	0.197368	0
10	Gm10_29014087	29014087	0.197368	0
10	Gm10_29014181	29014181	0.197368	0
10	Gm10_29014344	29014344	0.197368	0
10	Gm10_29027892	29027892	0.207237	0
10	Gm10_29028114	29028114	0.197368	0
10	Gm10_29028133	29028133	0.197368	0
10	Gm10_29029026	29029026	0.197368	0
10	Gm10_29029078	29029078	0.197368	0
10	Gm10_29029246	29029246	0.197368	0
10	Gm10_29029374	29029374	0.207237	0
10	Gm10_29037299	29037299	0.200658	0
10	Gm10_29041626	29041626	0.197368	0
10	Gm10_29041632	29041632	0.197368	0
10	Gm10_29041885	29041885	0.197368	0
10	Gm10_29041917	29041917	0.197368	0
10	Gm10_29043645	29043645	0.207237	0
10	Gm10_29045657	29045657	0.197368	0
10	Gm10_29046248	29046248	0.203947	0
10	Gm10_29046648	29046648	0.197368	0
10	Gm10_29098185	29098185	0.207237	0
10	Gm10_29098398	29098398	0.197368	0
10	Gm10_29106336	29106336	0.194079	0
10	Gm10_29109033	29109033	0.207237	0
10	Gm10_29124359	29124359	0.207237	0
10	Gm10_29125625	29125625	0.203947	0
10	Gm10_29125640	29125640	0.194079	0
10	Gm10_29157723	29157723	0.197368	0
10	Gm10_29157732	29157732	0.207237	0
10	Gm10_29163794	29163794	0.194079	0
10	Gm10_29163840	29163840	0.194079	0
10	Gm10_29189746	29189746	0.197368	0
10	Gm10_29189759	29189759	0.197368	0
10	Gm10_29189784	29189784	0.197368	0
10	Gm10_29191472	29191472	0.207237	0
10	Gm10_29210724	29210724	0.197368	0
10	Gm10_29210850	29210850	0.207237	0
10	Gm10_29215306	29215306	0.207237	0
10	Gm10_29227543	29227543	0.210526	0
10	Gm10_29227786	29227786	0.210526	0
10	Gm10_29227839	29227839	0.207237	0
10	Gm10_29227899	29227899	0.207237	0
10	Gm10_29228024	29228024	0.197368	0
10	Gm10_29228030	29228030	0.207237	0
10	Gm10_29228077	29228077	0.207237	0
10	Gm10_29228318	29228318	0.207237	0
10	Gm10_29234663	29234663	0.207237	0
10	Gm10_29235506	29235506	0.207237	0
10	Gm10_29238621	29238621	0.203947	0
10	Gm10_29246137	29246137	0.197368	0
10	Gm10_29246275	29246275	0.197368	0
10	Gm10_29252304	29252304	0.207237	0
10	Gm10_29252310	29252310	0.207237	0
10	Gm10_29252333	29252333	0.197368	0
10	Gm10_29257704	29257704	0.210526	0
10	Gm10_29271760	29271760	0.207237	0
10	Gm10_29277880	29277880	0.207237	0
10	Gm10_29278098	29278098	0.207237	0
10	Gm10_29283078	29283078	0.213816	0
10	Gm10_29283403	29283403	0.210526	0
10	Gm10_29306622	29306622	0.197368	0
10	Gm10_29306899	29306899	0.207237	0
10	Gm10_29307240	29307240	0.207237	0
10	Gm10_29307536	29307536	0.203947	0
10	Gm10_29309477	29309477	0.207237	0
10	Gm10_29310960	29310960	0.207237	0
10	Gm10_29311141	29311141	0.207237	0
10	Gm10_29321676	29321676	0.207237	0
10	Gm10_29321704	29321704	0.207237	0
10	Gm10_29327794	29327794	0.190789	0
10	Gm10_29327817	29327817	0.200658	0
10	Gm10_29330537	29330537	0.207237	0
10	Gm10_29330582	29330582	0.207237	0
10	Gm10_29330804	29330804	0.207237	0
10	Gm10_29331286	29331286	0.207237	0
10	Gm10_29347948	29347948	0.207237	0
10	Gm10_29350190	29350190	0.207237	0
10	Gm10_29350305	29350305	0.207237	0
10	Gm10_29350311	29350311	0.207237	0
10	Gm10_29350663	29350663	0.207237	0
10	Gm10_29351390	29351390	0.200658	0
10	Gm10_29355893	29355893	0.207237	0
10	Gm10_29369560	29369560	0.207237	0
10	Gm10_29369587	29369587	0.207237	0
10	Gm10_29369889	29369889	0.207237	0
10	Gm10_29404180	29404180	0.207237	0
10	Gm10_29404316	29404316	0.203947	0
10	Gm10_29404326	29404326	0.207237	0
10	Gm10_29405610	29405610	0.207237	0
10	Gm10_29406027	29406027	0.200658	0
10	Gm10_29414266	29414266	0.203947	0
10	Gm10_29429482	29429482	0.200658	0
10	Gm10_29429540	29429540	0.207237	0
10	Gm10_29439430	29439430	0.207237	0
10	Gm10_29439436	29439436	0.200658	0
10	Gm10_29451129	29451129	0.200658	0
10	Gm10_29451155	29451155	0.200658	0
10	Gm10_29511648	29511648	0.200658	0
10	Gm10_29511659	29511659	0.200658	0
10	Gm10_29575567	29575567	0.197368	0
10	Gm10_29578054	29578054	0.200658	0
10	Gm10_29582712	29582712	0.200658	0
10	Gm10_29582905	29582905	0.200658	0
10	Gm10_29583158	29583158	0.194079	0
10	Gm10_29595967	29595967	0.207237	0
10	Gm10_29596690	29596690	0.200658	0
10	Gm10_29623766	29623766	0.207237	0
10	Gm10_29623785	29623785	0.200658	0
10	Gm10_29624048	29624048	0.207237	0
10	Gm10_29649073	29649073	0.190789	0
10	Gm10_29651317	29651317	0.200658	0
10	Gm10_29651358	29651358	0.207237	0
10	Gm10_29681191	29681191	0.213816	0
10	Gm10_29681218	29681218	0.203947	0
10	Gm10_29681228	29681228	0.210526	0
10	Gm10_29681506	29681506	0.210526	0
10	Gm10_29681515	29681515	0.210526	0
10	Gm10_29692713	29692713	0.157895	0
10	Gm10_29693109	29693109	0.203947	0
10	Gm10_29693428	29693428	0.200658	0
10	Gm10_29695450	29695450	0.207237	0
10	Gm10_29705541	29705541	0.203947	0
10	Gm10_29705796	29705796	0.203947	0
10	Gm10_29705829	29705829	0.203947	0
10	Gm10_29735113	29735113	0.217105	0
10	Gm10_29746639	29746639	0.213816	0
10	Gm10_29747115	29747115	0.217105	0
10	Gm10_29747374	29747374	0.217105	0
10	Gm10_29747390	29747390	0.213816	0
10	Gm10_29761475	29761475	0.213816	0
10	Gm10_29768298	29768298	0.217105	0
10	Gm10_29768329	29768329	0.213816	0
10	Gm10_29772115	29772115	0.213816	0
10	Gm10_29798125	29798125	0.217105	0
10	Gm10_29798397	29798397	0.213816	0
10	Gm10_29804049	29804049	0.217105	0
10	Gm10_29816393	29816393	0.217105	0
10	Gm10_29835093	29835093	0.213816	0
10	Gm10_29835105	29835105	0.210526	0
10	Gm10_29835357	29835357	0.210526	0
10	Gm10_29842908	29842908	0.207237	0
10	Gm10_29842928	29842928	0.203947	0
10	Gm10_29853894	29853894	0.213816	0
10	Gm10_29854226	29854226	0.217105	0
10	Gm10_29854231	29854231	0.217105	0
10	Gm10_29854309	29854309	0.217105	0
10	Gm10_29857545	29857545	0.213816	0
10	Gm10_29867065	29867065	0.217105	0
10	Gm10_29867677	29867677	0.217105	0
10	Gm10_29867683	29867683	0.217105	0
10	Gm10_29868005	29868005	0.213816	0
10	Gm10_29876424	29876424	0.217105	0
10	Gm10_29876564	29876564	0.217105	0
10	Gm10_29876685	29876685	0.213816	0
10	Gm10_29876794	29876794	0.217105	0
10	Gm10_29876842	29876842	0.217105	0
10	Gm10_29879709	29879709	0.213816	0
10	Gm10_29879935	29879935	0.217105	0
10	Gm10_29907682	29907682	0.217105	0
10	Gm10_29907702	29907702	0.217105	0
10	Gm10_29907707	29907707	0.220395	0
10	Gm10_29908051	29908051	0.213816	0
10	Gm10_29908061	29908061	0.213816	0
10	Gm10_29908305	29908305	0.217105	0
10	Gm10_29911033	29911033	0.217105	0
10	Gm10_29975960	29975960	0.0855263	0
10	Gm10_29976134	29976134	0.25	0
10	Gm10_29980026	29980026	0.253289	0
10	Gm10_29980377	29980377	0.253289	0
10	Gm10_29987387	29987387	0.25	0
10	Gm10_30004050	30004050	0.302632	0
10	Gm10_30004098	30004098	0.302632	0
10	Gm10_30004360	30004360	0.299342	0
10	Gm10_30019885	30019885	0.299342	0
10	Gm10_30020055	30020055	0.299342	0
10	Gm10_30048637	30048637	0.289474	0
10	Gm10_30051263	30051263	0.302632	0
10	Gm10_30057370	30057370	0.299342	0
10	Gm10_30065230	30065230	0.299342	0
10	Gm10_30066531	30066531	0.296053	0
10	Gm10_30067355	30067355	0.296053	0
10	Gm10_30067372	30067372	0.296053	0
10	Gm10_30074588	30074588	0.296053	0
10	Gm10_30093197	30093197	0.296053	0
10	Gm10_30093498	30093498	0.296053	0
10	Gm10_30093520	30093520	0.292763	0
10	Gm10_30119551	30119551	0.296053	0
10	Gm10_30152308	30152308	0.299342	0
10	Gm10_30174809	30174809	0.299342	0
10	Gm10_30197047	30197047	0.302632	0
10	Gm10_30217022	30217022	0.296053	0
10	Gm10_30225842	30225842	0.299342	0
10	Gm10_30242104	30242104	0.296053	0
10	Gm10_30242167	30242167	0.296053	0
10	Gm10_30257579	30257579	0.296053	0
10	Gm10_30257834	30257834	0.296053	0
10	Gm10_30304020	30304020	0.174342	0
10	Gm10_30356792	30356792	0.305921	0
10	Gm10_30356805	30356805	0.289474	0
10	Gm10_30369200	30369200	0.286184	0
10	Gm10_30393080	30393080	0.3125	0
10	Gm10_30408317	30408317	0.305921	0
10	Gm10_30408365	30408365	0.305921	0
10	Gm10_30412270	30412270	0.305921	0
10	Gm10_30412279	30412279	0.305921	0
10	Gm10_30436316	30436316	0.305921	0
10	Gm10_30436984	30436984	0.302632	0
10	Gm10_30437284	30437284	0.302632	0
10	Gm10_30502939	30502939	0.302632	0
10	Gm10_30565111	30565111	0.305921	0
10	Gm10_30565381	30565381	0.305921	0
10	Gm10_30565405	30565405	0.305921	0
10	Gm10_30645928	30645928	0.305921	0
10	Gm10_30663581	30663581	0.305921	0
10	Gm10_30671183	30671183	0.305921	0
10	Gm10_30677907	30677907	0.299342	0
10	Gm10_30699884	30699884	0.296053	0
10	Gm10_30718124	30718124	0.171053	0
10	Gm10_30752659	30752659	0.279605	0
10	Gm10_30758229	30758229	0.299342	0
10	Gm10_30760800	30760800	0.305921	0
10	Gm10_30761959	30761959	0.279605	0
10	Gm10_30762215	30762215	0.305921	0
10	Gm10_30784864	30784864	0.282895	0
10	Gm10_30833217	30833217	0.282895	0
10	Gm10_30836973	30836973	0.305921	0
10	Gm10_30859601	30859601	0.296053	0
10	Gm10_30910856	30910856	0.302632	0
10	Gm10_30912595	30912595	0.305921	0
10	Gm10_30941882	30941882	0.302632	0
10	Gm10_30942204	30942204	0.302632	0
10	Gm10_30944708	30944708	0.305921	0
10	Gm10_31010960	31010960	0.299342	0
10	Gm10_31017248	31017248	0.305921	0
10	Gm10_31024946	31024946	0.305921	0
10	Gm10_31027472	31027472	0.282895	0
10	Gm10_31027675	31027675	0.305921	0
10	Gm10_31027722	31027722	0.286184	0
10	Gm10_31027737	31027737	0.302632	0
10	Gm10_31028072	31028072	0.302632	0
10	Gm10_31041192	31041192	0.282895	0
10	Gm10_31041239	31041239	0.305921	0
10	Gm10_31041253	31041253	0.305921	0
10	Gm10_31044336	31044336	0.309211	0
10	Gm10_31044369	31044369	0.302632	0
10	Gm10_31098195	31098195	0.309211	0
10	Gm10_31124736	31124736	0.286184	0
10	Gm10_31133999	31133999	0.453947	0
10	Gm10_31134030	31134030	0.305921	0
10	Gm10_31145895	31145895	0.276316	0
10	Gm10_31145904	31145904	0.276316	0
10	Gm10_31173376	31173376	0.286184	0
10	Gm10_31190955	31190955	0.282895	0
10	Gm10_31205504	31205504	0.305921	0
10	Gm10_31331343	31331343	0.289474	0
10	Gm10_31358616	31358616	0.286184	0
10	Gm10_31359921	31359921	0.289474	0
10	Gm10_31373355	31373355	0.286184	0
10	Gm10_31403627	31403627	0.309211	0
10	Gm10_31423484	31423484	0.151316	0
10	Gm10_31423586	31423586	0.305921	0
10	Gm10_31446145	31446145	0.282895	0
10	Gm10_31494871	31494871	0.279605	0
10	Gm10_31521273	31521273	0.302632	0
10	Gm10_31522535	31522535	0.279605	0
10	Gm10_31522549	31522549	0.286184	0
10	Gm10_31540082	31540082	0.302632	0
10	Gm10_31559144	31559144	0.302632	0
10	Gm10_31651393	31651393	0.279605	0
10	Gm10_31712153	31712153	0.154605	0
10	Gm10_31736445	31736445	0.302632	0
10	Gm10_31750219	31750219	0.279605	0
10	Gm10_31810224	31810224	0.286184	0
10	Gm10_31818019	31818019	0.305921	0
10	Gm10_31841034	31841034	0.279605	0
10	Gm10_31871390	31871390	0.105263	0
10	Gm10_31875345	31875345	0.282895	0
10	Gm10_31983269	31983269	0.266447	0
10	Gm10_31984000	31984000	0.256579	0
10	Gm10_32032136	32032136	0.266447	0
10	Gm10_32078493	32078493	0.273026	0
10	Gm10_32078498	32078498	0.273026	0
10	Gm10_32078753	32078753	0.273026	0
10	Gm10_32132866	32132866	0.144737	0
10	Gm10_32134172	32134172	0.263158	0
10	Gm10_32134957	32134957	0.266447	0
10	Gm10_32134990	32134990	0.266447	0
10	Gm10_32137567	32137567	0.289474	0
10	Gm10_32137610	32137610	0.286184	0
10	Gm10_32145537	32145537	0.289474	0
10	Gm10_32146125	32146125	0.4375	0
10	Gm10_32183254	32183254	0.279605	0
10	Gm10_32192545	32192545	0.154605	0
10	Gm10_32203552	32203552	0.286184	0
10	Gm10_32203726	32203726	0.263158	0
10	Gm10_32205130	32205130	0.256579	0
10	Gm10_32219647	32219647	0.276316	0
10	Gm10_32222815	32222815	0.286184	0
10	Gm10_32296250	32296250	0.269737	0
10	Gm10_32305274	32305274	0.111842	0
10	Gm10_32307222	32307222	0.226974	0
10	Gm10_32341945	32341945	0.108553	0
10	Gm10_32342216	32342216	0.108553	0
10	Gm10_32342262	32342262	0.108553	0
10	Gm10_32351550	32351550	0.108553	0
10	Gm10_32426430	32426430	0.134868	0
10	Gm10_32426664	32426664	0.105263	0
10	Gm10_32432151	32432151	0.105263	0
10	Gm10_32433009	32433009	0.131579	0
10	Gm10_32433241	32433241	0.131579	0
10	Gm10_32490739	32490739	0.134868	0
10	Gm10_32495136	32495136	0.108553	0
10	Gm10_32499226	32499226	0.108553	0
10	Gm10_32525586	32525586	0.134868	0
10	Gm10_32525639	32525639	0.134868	0
10	Gm10_32525860	32525860	0.108553	0
10	Gm10_32538162	32538162	0.121711	0
10	Gm10_32539661	32539661	0.111842	0
10	Gm10_32539787	32539787	0.125	0
10	Gm10_32545955	32545955	0.111842	0
10	Gm10_32546458	32546458	0.134868	0
10	Gm10_32546853	32546853	0.138158	0
10	Gm10_32555901	32555901	0.111842	0
10	Gm10_32555908	32555908	0.111842	0
10	Gm10_32556239	32556239	0.111842	0
10	Gm10_32556357	32556357	0.134868	0
10	Gm10_32556560	32556560	0.134868	0
10	Gm10_32556587	32556587	0.273026	0
10	Gm10_32578341	32578341	0.111842	0
10	Gm10_32578521	32578521	0.128289	0
10	Gm10_32578553	32578553	0.125	0
10	Gm10_32579967	32579967	0.111842	0
10	Gm10_32591841	32591841	0.269737	0
10	Gm10_32596294	32596294	0.108553	0
10	Gm10_32597393	32597393	0.108553	0
10	Gm10_32634931	32634931	0.108553	0
10	Gm10_32634951	32634951	0.108553	0
10	Gm10_32639965	32639965	0.243421	0
10	Gm10_32645659	32645659	0.125	0
10	Gm10_32645926	32645926	0.105263	0
10	Gm10_32646197	32646197	0.118421	0
10	Gm10_32660836	32660836	0.121711	0
10	Gm10_32661066	32661066	0.121711	0
10	Gm10_32676024	32676024	0.108553	0
10	Gm10_32682627	32682627	0.125	0
10	Gm10_32687835	32687835	0.111842	0
10	Gm10_32690904	32690904	0.266447	0
10	Gm10_32795271	32795271	0.118421	0
10	Gm10_32796737	32796737	0.131579	0
10	Gm10_32796946	32796946	0.131579	0
10	Gm10_32797032	32797032	0.273026	0
10	Gm10_32806092	32806092	0.108553	0
10	Gm10_32815954	32815954	0.134868	0
10	Gm10_32820884	32820884	0.121711	0
10	Gm10_32821135	32821135	0.111842	0
10	Gm10_32828044	32828044	0.118421	0
10	Gm10_32828117	32828117	0.134868	0
10	Gm10_32828401	32828401	0.134868	0
10	Gm10_32828413	32828413	0.134868	0
10	Gm10_32839244	32839244	0.118421	0
10	Gm10_32841121	32841121	0.128289	0
10	Gm10_32841178	32841178	0.273026	0
10	Gm10_32841189	32841189	0.105263	0
10	Gm10_32842739	32842739	0.141447	0
10	Gm10_32843216	32843216	0.157895	0
10	Gm10_32844350	32844350	0.121711	0
10	Gm10_32850475	32850475	0.125	0
10	Gm10_32850495	32850495	0.101974	0
10	Gm10_32851425	32851425	0.105263	0
10	Gm10_32855830	32855830	0.273026	0
10	Gm10_32863668	32863668	0.118421	0
10	Gm10_32863904	32863904	0.0723684	0
10	Gm10_32863992	32863992	0.141447	0
10	Gm10_32864300	32864300	0.108553	0
10	Gm10_32865615	32865615	0.108553	0
10	Gm10_35168579	35168579	0.259868	0
10	Gm10_35168589	35168589	0.259868	0
10	Gm10_35168644	35168644	0.259868	0
10	Gm10_35208633	35208633	0.375	0
10	Gm10_35222685	35222685	0.108553	0
10	Gm10_35269429	35269429	0.118421	0
10	Gm10_35347397	35347397	0.128289	0
10	Gm10_35478174	35478174	0.25	0
10	Gm10_35498706	35498706	0.476974	0
10	Gm10_35520763	35520763	0.0657895	0
10	Gm10_35526287	35526287	0.0921053	0
10	Gm10_35589134	35589134	0.375	0
10	Gm10_35610869	35610869	0.378289	0
10	Gm10_35663156	35663156	0.118421	0
10	Gm10_35682093	35682093	0.378289	0
10	Gm10_35696601	35696601	0.118421	0
10	Gm10_35702485	35702485	0.121711	0
10	Gm10_35713970	35713970	0.243421	0
10	Gm10_35760398	35760398	0.121711	0
10	Gm10_35779874	35779874	0.118421	0
10	Gm10_35791362	35791362	0.25	0
10	Gm10_35807477	35807477	0.375	0
10	Gm10_35807634	35807634	0.118421	0
10	Gm10_35821852	35821852	0.118421	0
10	Gm10_35852937	35852937	0.118421	0
10	Gm10_35890121	35890121	0.25	0
10	Gm10_35892482	35892482	0.246711	0
10	Gm10_35903780	35903780	0.243421	0
10	Gm10_35905533	35905533	0.118421	0
10	Gm10_35905675	35905675	0.467105	0
10	Gm10_35941112	35941112	0.240132	0
10	Gm10_35953505	35953505	0.118421	0
10	Gm10_35965698	35965698	0.118421	0
10	Gm10_35966332	35966332	0.243421	0
10	Gm10_35966453	35966453	0.118421	0
10	Gm10_35966630	35966630	0.118421	0
10	Gm10_35969131	35969131	0.0986842	0
10	Gm10_35996754	35996754	0.259868	0
10	Gm10_35996760	35996760	0.118421	0
10	Gm10_36006585	36006585	0.375	0
10	Gm10_36026416	36026416	0.118421	0
10	Gm10_36026463	36026463	0.243421	0
10	Gm10_36037789	36037789	0.25	0
10	Gm10_36051462	36051462	0.118421	0
10	Gm10_36055670	36055670	0.0888158	0
10	Gm10_36070836	36070836	0.246711	0
10	Gm10_36109717	36109717	0.118421	0
10	Gm10_36111194	36111194	0.470395	0
10	Gm10_36125185	36125185	0.121711	0
10	Gm10_48242076	48242076	0.286184	0
10	Gm10_48242094	48242094	0.286184	0
10	Gm10_48246753	48246753	0.421053	0
10	Gm10_48257218	48257218	0.0690789	0
10	Gm10_48396217	48396217	0.450658	0
10	Gm10_48396260	48396260	0.450658	0
10	Gm10_48396503	48396503	0.457237	0
10	Gm10_48396519	48396519	0.457237	0
10	Gm10_48396524	48396524	0.0625	0
10	Gm10_48410376	48410376	0.444079	0
10	Gm10_48419828	48419828	0.427632	0
10	Gm10_48426934	48426934	0.371711	0
10	Gm10_48426954	48426954	0.365132	0
10	Gm10_48426970	48426970	0.365132	0
10	Gm10_48447041	48447041	0.0625	0
10	Gm10_48447373	48447373	0.213816	0
10	Gm10_48517198	48517198	0.0592105	0
10	Gm10_48517207	48517207	0.0592105	0
10	Gm10_48527904	48527904	0.273026	0
10	Gm10_48528151	48528151	0.273026	0
10	Gm10_48528189	48528189	0.217105	0
10	Gm10_48553690	48553690	0.0559211	0
10	Gm10_48553934	48553934	0.217105	0
10	Gm10_48554071	48554071	0.286184	0
10	Gm10_48566128	48566128	0.0559211	0
10	Gm10_48589157	48589157	0.263158	0
10	Gm10_48589201	48589201	0.0559211	0
10	Gm10_48591512	48591512	0.276316	0
10	Gm10_48632915	48632915	0.424342	0
10	Gm10_48730196	48730196	0.424342	0
10	Gm10_48730388	48730388	0.289474	0
10	Gm10_48765549	48765549	0.25	0
10	Gm10_48765557	48765557	0.25	0
10	Gm10_48766235	48766235	0.246711	0
10	Gm10_48820390	48820390	0.25	0
10	Gm10_48862173	48862173	0.5	0
10	Gm10_48882785	48882785	0.220395	0
10	Gm10_48882828	48882828	0.230263	0
10	Gm10_48883024	48883024	0.220395	0
10	Gm10_48891648	48891648	0.220395	0
10	Gm10_48966629	48966629	0.473684	0
10	Gm10_48978974	48978974	0.490132	0
10	Gm10_49017516	49017516	0.296053	0
10	Gm10_49046756	49046756	0.483553	0
10	Gm10_49054850	49054850	0.483553	0
10	Gm10_49107495	49107495	0.296053	0
10	Gm10_49117376	49117376	0.407895	0
10	Gm10_49123064	49123064	0.404605	0
10	Gm10_49123258	49123258	0.299342	0
10	Gm10_49123307	49123307	0.299342	0
10	Gm10_49171976	49171976	0.121711	0
10	Gm10_49186092	49186092	0.0986842	0
10	Gm10_49188049	49188049	0.0690789	0
10	Gm10_49190279	49190279	0.121711	0
10	Gm10_49190338	49190338	0.121711	0
10	Gm10_49202599	49202599	0.144737	0
10	Gm10_49202624	49202624	0.144737	0
10	Gm10_49227674	49227674	0.144737	0
10	Gm10_49261977	49261977	0.131579	0
10	Gm10_49284494	49284494	0.141447	0
10	Gm10_49284515	49284515	0.141447	0
10	Gm10_49344861	49344861	0.0625	0
10	Gm10_49399304	49399304	0.144737	0
10	Gm10_49399605	49399605	0.190789	0
10	Gm10_49419483	49419483	0.325658	0
10	Gm10_49425940	49425940	0.325658	0
