chr	pdist	gdist	ehh2	ehh0	cehh	ehh
19	0	0.000000	1.000000	1.000000	0.000000	0.000000
19	15	0.000015	1.000000	1.000000	0.000000	0.601724
19	174	0.000174	1.000000	1.000000	0.000000	0.601724
19	13506	0.013506	0.749633	1.000000	0.000000	0.583225
19	13523	0.013523	0.749633	1.000000	0.000000	0.583225
19	13540	0.013540	0.746400	1.000000	0.000000	0.582986
19	13568	0.013568	0.746400	1.000000	0.000000	0.582986
19	13712	0.013712	0.746400	1.000000	0.000000	0.582986
19	13735	0.013735	0.746400	1.000000	0.000000	0.582986
19	13765	0.013765	0.746400	0.713945	0.000000	0.431996
19	28453	0.028453	0.722892	0.713945	0.000000	0.430259
19	63376	0.063376	0.722892	0.703209	0.000000	0.424592
19	68140	0.068140	0.659124	0.686837	0.000000	0.411238
19	68403	0.068403	0.659124	0.686796	0.000000	0.411217
19	73363	0.073363	0.659124	0.686796	0.000000	0.411217
19	73381	0.073381	0.659124	0.686796	0.000000	0.411217
19	77986	0.077986	0.654716	0.686796	0.000000	0.410891
19	78299	0.078299	0.654716	0.685685	0.000000	0.410305
19	78452	0.078452	0.654716	0.685685	0.000000	0.410305
19	95705	0.095705	0.635028	0.684615	0.000000	0.408286
