chr	id	pos	freq	ihh12
11	Gm11_1035223	1035223	0.134868	0
11	Gm11_1070812	1070812	0.434211	0
11	Gm11_1086269	1086269	0.0592105	0
11	Gm11_1089671	1089671	0.411184	0
11	Gm11_1218676	1218676	0.434211	0
11	Gm11_1334751	1334751	0.417763	0
11	Gm11_1337138	1337138	0.414474	0
11	Gm11_1360146	1360146	0.0592105	0
11	Gm11_1366028	1366028	0.148026	0
11	Gm11_1369617	1369617	0.111842	0
11	Gm11_1369626	1369626	0.148026	0
11	Gm11_1389980	1389980	0.0953947	0
11	Gm11_1389986	1389986	0.0953947	0
11	Gm11_1531585	1531585	0.240132	0
11	Gm11_1590771	1590771	0.476974	0
11	Gm11_1590847	1590847	0.490132	0
11	Gm11_1613000	1613000	0.157895	0
11	Gm11_1632456	1632456	0.378289	0
11	Gm11_1652068	1652068	0.125	0
11	Gm11_5225949	5225949	0.184211	0
11	Gm11_5233025	5233025	0.217105	0
11	Gm11_5265671	5265671	0.200658	0
11	Gm11_5441340	5441340	0.0625	0
11	Gm11_5536036	5536036	0.421053	0
11	Gm11_5560651	5560651	0.467105	0
11	Gm11_5616806	5616806	0.0756579	0
11	Gm11_5625031	5625031	0.0756579	0
11	Gm11_5625062	5625062	0.0756579	0
11	Gm11_5637411	5637411	0.0855263	0
11	Gm11_5637728	5637728	0.0756579	0
11	Gm11_5671948	5671948	0.108553	0
11	Gm11_5674512	5674512	0.361842	0
11	Gm11_5674528	5674528	0.496711	0
11	Gm11_5674563	5674563	0.407895	0
11	Gm11_5674569	5674569	0.496711	0
11	Gm11_5674681	5674681	0.0756579	0
11	Gm11_5674723	5674723	0.0756579	0
11	Gm11_5678926	5678926	0.496711	0
11	Gm11_5679200	5679200	0.0756579	0
11	Gm11_5679249	5679249	0.0855263	0
11	Gm11_5702718	5702718	0.0592105	0
11	Gm11_5719293	5719293	0.467105	0
11	Gm11_5726052	5726052	0.259868	0
11	Gm11_5726380	5726380	0.259868	0
11	Gm11_5776440	5776440	0.230263	0
11	Gm11_5776450	5776450	0.0592105	0
11	Gm11_5776534	5776534	0.493421	0
11	Gm11_5776564	5776564	0.236842	0
11	Gm11_5787852	5787852	0.434211	0
11	Gm11_5796480	5796480	0.5	0
11	Gm11_5817855	5817855	0.0756579	0
11	Gm11_5852160	5852160	0.259868	0
11	Gm11_5855991	5855991	0.0789474	0
11	Gm11_5856139	5856139	0.263158	0
11	Gm11_5856156	5856156	0.447368	0
11	Gm11_5913065	5913065	0.190789	0
11	Gm11_5916329	5916329	0.259868	0
11	Gm11_5980799	5980799	0.411184	0
11	Gm11_5983320	5983320	0.355263	0
11	Gm11_6006738	6006738	0.164474	0
11	Gm11_6076828	6076828	0.358553	0
11	Gm11_6076839	6076839	0.348684	0
11	Gm11_6095221	6095221	0.375	0
11	Gm11_6111720	6111720	0.0921053	0
11	Gm11_6114338	6114338	0.121711	0
11	Gm11_6114373	6114373	0.121711	0
11	Gm11_6132671	6132671	0.0953947	0
11	Gm11_6132688	6132688	0.0953947	0
11	Gm11_6134361	6134361	0.101974	0
11	Gm11_6134568	6134568	0.101974	0
11	Gm11_6135584	6135584	0.101974	0
11	Gm11_6174821	6174821	0.128289	0
11	Gm11_6202824	6202824	0.0986842	0
11	Gm11_6258483	6258483	0.0888158	0
11	Gm11_6261082	6261082	0.164474	0
11	Gm11_6278333	6278333	0.0986842	0
11	Gm11_6281788	6281788	0.0986842	0
11	Gm11_6337625	6337625	0.154605	0
11	Gm11_6337963	6337963	0.154605	0
11	Gm11_6338133	6338133	0.154605	0
11	Gm11_6340967	6340967	0.151316	0
11	Gm11_6341127	6341127	0.154605	0
11	Gm11_6341787	6341787	0.154605	0
11	Gm11_6370337	6370337	0.154605	0
11	Gm11_6370581	6370581	0.154605	0
11	Gm11_6408681	6408681	0.154605	0
11	Gm11_6575890	6575890	0.125	0
11	Gm11_6576228	6576228	0.125	0
11	Gm11_6581473	6581473	0.125	0
11	Gm11_6583738	6583738	0.125	0
11	Gm11_6597108	6597108	0.121711	0
11	Gm11_6623734	6623734	0.240132	0
11	Gm11_6627037	6627037	0.240132	0
11	Gm11_6696409	6696409	0.240132	0
11	Gm11_6708783	6708783	0.240132	0
11	Gm11_6713510	6713510	0.240132	0
11	Gm11_6713555	6713555	0.236842	0
11	Gm11_6713721	6713721	0.240132	0
11	Gm11_6713733	6713733	0.240132	0
11	Gm11_6777687	6777687	0.444079	0
11	Gm11_6779496	6779496	0.453947	0
11	Gm11_6956567	6956567	0.0822368	0
11	Gm11_6956592	6956592	0.0822368	0
11	Gm11_6958721	6958721	0.0822368	0
11	Gm11_7015131	7015131	0.0822368	0
11	Gm11_7016375	7016375	0.0723684	0
11	Gm11_7044170	7044170	0.0789474	0
11	Gm11_7044192	7044192	0.0789474	0
11	Gm11_7044204	7044204	0.0789474	0
11	Gm11_7044211	7044211	0.0789474	0
11	Gm11_7062874	7062874	0.0723684	0
11	Gm11_7076253	7076253	0.0723684	0
11	Gm11_7076282	7076282	0.0723684	0
11	Gm11_7156881	7156881	0.0822368	0
11	Gm11_7190197	7190197	0.154605	0
11	Gm11_7192431	7192431	0.108553	0
11	Gm11_7212890	7212890	0.0657895	0
11	Gm11_7341441	7341441	0.0888158	0
11	Gm11_7341673	7341673	0.0888158	0
11	Gm11_7412392	7412392	0.101974	0
11	Gm11_7564740	7564740	0.0986842	0
11	Gm11_7565379	7565379	0.0986842	0
11	Gm11_7594808	7594808	0.0657895	0
11	Gm11_7602695	7602695	0.0690789	0
11	Gm11_7627469	7627469	0.217105	0
11	Gm11_7627487	7627487	0.217105	0
11	Gm11_7757401	7757401	0.0921053	0
11	Gm11_7798527	7798527	0.194079	0
11	Gm11_7800456	7800456	0.190789	0
11	Gm11_7807279	7807279	0.365132	0
11	Gm11_7807437	7807437	0.131579	0
11	Gm11_7814508	7814508	0.365132	0
11	Gm11_7814930	7814930	0.111842	0
11	Gm11_7847341	7847341	0.411184	0
11	Gm11_7850391	7850391	0.0822368	0
11	Gm11_7850657	7850657	0.407895	0
11	Gm11_7868773	7868773	0.322368	0
11	Gm11_7874699	7874699	0.108553	0
11	Gm11_7882060	7882060	0.319079	0
11	Gm11_7952869	7952869	0.207237	0
11	Gm11_7962963	7962963	0.289474	0
11	Gm11_8020477	8020477	0.296053	0
11	Gm11_8040376	8040376	0.483553	0
11	Gm11_8040393	8040393	0.483553	0
11	Gm11_8040432	8040432	0.496711	0
11	Gm11_8056953	8056953	0.483553	0
11	Gm11_8094969	8094969	0.148026	0
11	Gm11_8095091	8095091	0.335526	0
11	Gm11_8095098	8095098	0.335526	0
11	Gm11_8106405	8106405	0.134868	0
11	Gm11_8113249	8113249	0.125	0
11	Gm11_8113286	8113286	0.259868	0
11	Gm11_8169947	8169947	0.421053	0
11	Gm11_8183133	8183133	0.0592105	0
11	Gm11_8183143	8183143	0.434211	0
11	Gm11_8183471	8183471	0.0526316	0
11	Gm11_8183492	8183492	0.434211	0
11	Gm11_8205095	8205095	0.430921	0
11	Gm11_8249406	8249406	0.401316	0
11	Gm11_8249450	8249450	0.401316	0
11	Gm11_8274147	8274147	0.398026	0
11	Gm11_8274167	8274167	0.351974	0
11	Gm11_8282501	8282501	0.398026	0
11	Gm11_8306058	8306058	0.401316	0
11	Gm11_8424239	8424239	0.253289	0
11	Gm11_8439553	8439553	0.148026	0
11	Gm11_8462901	8462901	0.164474	0
11	Gm11_8463175	8463175	0.164474	0
11	Gm11_8463187	8463187	0.0592105	0
11	Gm11_8492139	8492139	0.131579	0
11	Gm11_8524641	8524641	0.0789474	0
11	Gm11_8528491	8528491	0.0789474	0
11	Gm11_8528565	8528565	0.0789474	0
11	Gm11_8545733	8545733	0.0723684	0
11	Gm11_8554932	8554932	0.210526	0
11	Gm11_8556480	8556480	0.213816	0
11	Gm11_8556791	8556791	0.213816	0
11	Gm11_8556798	8556798	0.203947	0
11	Gm11_8556808	8556808	0.213816	0
11	Gm11_10963253	10963253	0.273026	0
11	Gm11_10963328	10963328	0.190789	0
11	Gm11_10963343	10963343	0.171053	0
11	Gm11_10964055	10964055	0.269737	0
11	Gm11_10965709	10965709	0.1875	0
11	Gm11_10965945	10965945	0.1875	0
11	Gm11_10966191	10966191	0.194079	0
11	Gm11_10966418	10966418	0.194079	0
11	Gm11_10966540	10966540	0.177632	0
11	Gm11_10966810	10966810	0.1875	0
11	Gm11_10970654	10970654	0.1875	0
11	Gm11_10980309	10980309	0.1875	0
11	Gm11_10990656	10990656	0.1875	0
11	Gm11_11026942	11026942	0.174342	0
11	Gm11_11116683	11116683	0.118421	0
11	Gm11_11132146	11132146	0.1875	0
11	Gm11_11197218	11197218	0.220395	0
11	Gm11_11214948	11214948	0.243421	0
11	Gm11_11241838	11241838	0.220395	0
11	Gm11_11247525	11247525	0.296053	0
11	Gm11_11247816	11247816	0.226974	0
11	Gm11_11274440	11274440	0.217105	0
11	Gm11_11281795	11281795	0.424342	0
11	Gm11_11290476	11290476	0.348684	0
11	Gm11_11290487	11290487	0.217105	0
11	Gm11_11290788	11290788	0.220395	0
11	Gm11_11290826	11290826	0.217105	0
11	Gm11_11300437	11300437	0.394737	0
11	Gm11_11300481	11300481	0.378289	0
11	Gm11_11300697	11300697	0.351974	0
11	Gm11_11300703	11300703	0.351974	0
11	Gm11_11310133	11310133	0.361842	0
11	Gm11_11375279	11375279	0.368421	0
11	Gm11_11504560	11504560	0.453947	0
11	Gm11_11538876	11538876	0.444079	0
11	Gm11_11558185	11558185	0.447368	0
11	Gm11_11623859	11623859	0.365132	0
11	Gm11_11624139	11624139	0.368421	0
11	Gm11_11662271	11662271	0.378289	0
11	Gm11_11675303	11675303	0.401316	0
11	Gm11_11700284	11700284	0.394737	0
11	Gm11_11700307	11700307	0.394737	0
11	Gm11_11728714	11728714	0.394737	0
11	Gm11_11735426	11735426	0.401316	0
11	Gm11_11735439	11735439	0.401316	0
11	Gm11_11735632	11735632	0.401316	0
11	Gm11_11736458	11736458	0.401316	0
11	Gm11_11737103	11737103	0.401316	0
11	Gm11_11737115	11737115	0.401316	0
11	Gm11_11737497	11737497	0.391447	0
11	Gm11_11738970	11738970	0.401316	0
11	Gm11_11739175	11739175	0.401316	0
11	Gm11_11739204	11739204	0.401316	0
11	Gm11_11739217	11739217	0.401316	0
11	Gm11_11739244	11739244	0.401316	0
11	Gm11_11740669	11740669	0.407895	0
11	Gm11_11740759	11740759	0.398026	0
11	Gm11_11740938	11740938	0.401316	0
11	Gm11_11740961	11740961	0.401316	0
11	Gm11_11741034	11741034	0.401316	0
11	Gm11_11741207	11741207	0.401316	0
11	Gm11_11744632	11744632	0.404605	0
11	Gm11_11745415	11745415	0.404605	0
11	Gm11_11748110	11748110	0.394737	0
11	Gm11_11748756	11748756	0.404605	0
11	Gm11_11750980	11750980	0.394737	0
11	Gm11_11751357	11751357	0.398026	0
11	Gm11_11761868	11761868	0.407895	0
11	Gm11_11777989	11777989	0.388158	0
11	Gm11_11800505	11800505	0.401316	0
11	Gm11_11807062	11807062	0.394737	0
11	Gm11_11807299	11807299	0.394737	0
11	Gm11_11807382	11807382	0.394737	0
11	Gm11_11807576	11807576	0.394737	0
11	Gm11_11813737	11813737	0.401316	0
11	Gm11_11814063	11814063	0.401316	0
11	Gm11_11817029	11817029	0.391447	0
11	Gm11_11817066	11817066	0.398026	0
11	Gm11_11850364	11850364	0.394737	0
11	Gm11_11850562	11850562	0.394737	0
11	Gm11_11871585	11871585	0.394737	0
11	Gm11_11904483	11904483	0.388158	0
11	Gm11_11904509	11904509	0.391447	0
11	Gm11_11996538	11996538	0.401316	0
11	Gm11_11996612	11996612	0.0559211	0
11	Gm11_12002044	12002044	0.407895	0
11	Gm11_12068813	12068813	0.398026	0
11	Gm11_12079142	12079142	0.401316	0
11	Gm11_12099401	12099401	0.388158	0
11	Gm11_12106840	12106840	0.407895	0
11	Gm11_12250726	12250726	0.407895	0
11	Gm11_12306975	12306975	0.394737	0
11	Gm11_12413702	12413702	0.0559211	0
11	Gm11_12517399	12517399	0.398026	0
11	Gm11_12529508	12529508	0.401316	0
11	Gm11_12563634	12563634	0.384868	0
11	Gm11_12596200	12596200	0.394737	0
11	Gm11_12657132	12657132	0.401316	0
11	Gm11_12694069	12694069	0.348684	0
11	Gm11_12709829	12709829	0.394737	0
11	Gm11_12727235	12727235	0.394737	0
11	Gm11_12768253	12768253	0.391447	0
11	Gm11_12847619	12847619	0.391447	0
11	Gm11_12918210	12918210	0.398026	0
11	Gm11_12922306	12922306	0.0559211	0
11	Gm11_12929677	12929677	0.391447	0
11	Gm11_12929932	12929932	0.457237	0
11	Gm11_12937880	12937880	0.398026	0
11	Gm11_12937908	12937908	0.398026	0
11	Gm11_13007134	13007134	0.388158	0
11	Gm11_13039650	13039650	0.342105	0
11	Gm11_13056137	13056137	0.407895	0
11	Gm11_13123435	13123435	0.391447	0
11	Gm11_13238682	13238682	0.391447	0
11	Gm11_13238844	13238844	0.391447	0
11	Gm11_13251829	13251829	0.394737	0
11	Gm11_13268096	13268096	0.391447	0
11	Gm11_13335972	13335972	0.391447	0
11	Gm11_13360022	13360022	0.407895	0
11	Gm11_13378966	13378966	0.398026	0
11	Gm11_13392373	13392373	0.394737	0
11	Gm11_13427042	13427042	0.407895	0
11	Gm11_13427657	13427657	0.407895	0
11	Gm11_13432379	13432379	0.394737	0
11	Gm11_13486987	13486987	0.394737	0
11	Gm11_13494773	13494773	0.394737	0
11	Gm11_13523482	13523482	0.401316	0
11	Gm11_13525569	13525569	0.394737	0
11	Gm11_13549869	13549869	0.398026	0
11	Gm11_13556169	13556169	0.401316	0
11	Gm11_13556251	13556251	0.417763	0
11	Gm11_13559131	13559131	0.391447	0
11	Gm11_13608507	13608507	0.398026	0
11	Gm11_13623176	13623176	0.398026	0
11	Gm11_13666264	13666264	0.404605	0
11	Gm11_13669553	13669553	0.401316	0
11	Gm11_13669940	13669940	0.401316	0
11	Gm11_13687182	13687182	0.401316	0
11	Gm11_13690087	13690087	0.391447	0
11	Gm11_13690304	13690304	0.391447	0
11	Gm11_13705526	13705526	0.398026	0
11	Gm11_13705558	13705558	0.398026	0
11	Gm11_13708213	13708213	0.398026	0
11	Gm11_13749183	13749183	0.398026	0
11	Gm11_13795692	13795692	0.407895	0
11	Gm11_13838593	13838593	0.394737	0
11	Gm11_13910486	13910486	0.404605	0
11	Gm11_13910750	13910750	0.404605	0
11	Gm11_13930076	13930076	0.401316	0
11	Gm11_13964945	13964945	0.0592105	0
11	Gm11_13974578	13974578	0.404605	0
11	Gm11_13976096	13976096	0.401316	0
11	Gm11_13977752	13977752	0.388158	0
11	Gm11_14000586	14000586	0.394737	0
11	Gm11_14043626	14043626	0.391447	0
11	Gm11_14179029	14179029	0.404605	0
11	Gm11_14203134	14203134	0.401316	0
11	Gm11_14203173	14203173	0.394737	0
11	Gm11_14203289	14203289	0.394737	0
11	Gm11_14264292	14264292	0.398026	0
11	Gm11_14264488	14264488	0.394737	0
11	Gm11_14336694	14336694	0.401316	0
11	Gm11_14337067	14337067	0.401316	0
11	Gm11_14348185	14348185	0.398026	0
11	Gm11_14374097	14374097	0.411184	0
11	Gm11_14374117	14374117	0.407895	0
11	Gm11_14383432	14383432	0.407895	0
11	Gm11_14385445	14385445	0.401316	0
11	Gm11_14399152	14399152	0.398026	0
11	Gm11_14400807	14400807	0.398026	0
11	Gm11_14415475	14415475	0.394737	0
11	Gm11_14415764	14415764	0.401316	0
11	Gm11_14415805	14415805	0.401316	0
11	Gm11_14415935	14415935	0.401316	0
11	Gm11_14418652	14418652	0.398026	0
11	Gm11_14418698	14418698	0.398026	0
11	Gm11_14442301	14442301	0.401316	0
11	Gm11_14442326	14442326	0.391447	0
11	Gm11_14444662	14444662	0.401316	0
11	Gm11_14444819	14444819	0.401316	0
11	Gm11_14584137	14584137	0.388158	0
11	Gm11_14584404	14584404	0.388158	0
11	Gm11_14584451	14584451	0.388158	0
11	Gm11_14642721	14642721	0.388158	0
11	Gm11_14658495	14658495	0.388158	0
11	Gm11_14660755	14660755	0.391447	0
11	Gm11_14660796	14660796	0.394737	0
11	Gm11_14660820	14660820	0.388158	0
11	Gm11_14661592	14661592	0.384868	0
11	Gm11_14661885	14661885	0.384868	0
11	Gm11_14718114	14718114	0.371711	0
11	Gm11_14718142	14718142	0.365132	0
11	Gm11_14747662	14747662	0.368421	0
11	Gm11_14747727	14747727	0.391447	0
11	Gm11_14747955	14747955	0.101974	0
11	Gm11_14748316	14748316	0.368421	0
11	Gm11_14748612	14748612	0.391447	0
11	Gm11_14748690	14748690	0.358553	0
11	Gm11_14748737	14748737	0.361842	0
11	Gm11_14750727	14750727	0.101974	0
11	Gm11_14750766	14750766	0.391447	0
11	Gm11_14755533	14755533	0.5	0
11	Gm11_14755541	14755541	0.355263	0
11	Gm11_14755566	14755566	0.355263	0
11	Gm11_14757882	14757882	0.105263	0
11	Gm11_14757918	14757918	0.5	0
11	Gm11_14757939	14757939	0.394737	0
11	Gm11_14758242	14758242	0.351974	0
11	Gm11_14758265	14758265	0.391447	0
11	Gm11_14760943	14760943	0.358553	0
11	Gm11_14761253	14761253	0.101974	0
11	Gm11_14763902	14763902	0.351974	0
11	Gm11_14763948	14763948	0.351974	0
11	Gm11_14764254	14764254	0.355263	0
11	Gm11_14765145	14765145	0.355263	0
11	Gm11_14800903	14800903	0.493421	0
11	Gm11_14809526	14809526	0.0986842	0
11	Gm11_14809874	14809874	0.0986842	0
11	Gm11_14825592	14825592	0.148026	0
11	Gm11_14825881	14825881	0.355263	0
11	Gm11_14837109	14837109	0.460526	0
11	Gm11_14846694	14846694	0.453947	0
11	Gm11_14854113	14854113	0.355263	0
11	Gm11_14891486	14891486	0.384868	0
11	Gm11_14891491	14891491	0.384868	0
11	Gm11_14891499	14891499	0.115132	0
11	Gm11_14891517	14891517	0.0855263	0
11	Gm11_14891726	14891726	0.384868	0
11	Gm11_14921259	14921259	0.457237	0
11	Gm11_14936229	14936229	0.424342	0
11	Gm11_14948614	14948614	0.424342	0
11	Gm11_14948624	14948624	0.125	0
11	Gm11_14948890	14948890	0.457237	0
11	Gm11_14956702	14956702	0.125	0
11	Gm11_14957754	14957754	0.434211	0
11	Gm11_14957773	14957773	0.460526	0
11	Gm11_14960226	14960226	0.121711	0
11	Gm11_14961310	14961310	0.131579	0
11	Gm11_14961769	14961769	0.496711	0
11	Gm11_15089714	15089714	0.457237	0
11	Gm11_15113722	15113722	0.0690789	0
11	Gm11_15128546	15128546	0.398026	0
11	Gm11_15133906	15133906	0.407895	0
11	Gm11_15133922	15133922	0.457237	0
11	Gm11_15136654	15136654	0.401316	0
11	Gm11_15136670	15136670	0.453947	0
11	Gm11_15136709	15136709	0.401316	0
11	Gm11_15141288	15141288	0.391447	0
11	Gm11_15141632	15141632	0.0690789	0
11	Gm11_15141659	15141659	0.384868	0
11	Gm11_15143269	15143269	0.407895	0
11	Gm11_15143298	15143298	0.322368	0
11	Gm11_15162183	15162183	0.401316	0
11	Gm11_15207426	15207426	0.463816	0
11	Gm11_15215052	15215052	0.457237	0
11	Gm11_15215254	15215254	0.450658	0
11	Gm11_15229238	15229238	0.457237	0
11	Gm11_15236797	15236797	0.453947	0
11	Gm11_15249048	15249048	0.394737	0
11	Gm11_15253122	15253122	0.450658	0
11	Gm11_15256722	15256722	0.453947	0
11	Gm11_15328134	15328134	0.368421	0
11	Gm11_15361650	15361650	0.315789	0
11	Gm11_15361982	15361982	0.368421	0
11	Gm11_15371844	15371844	0.375	0
11	Gm11_15372072	15372072	0.368421	0
11	Gm11_15385810	15385810	0.375	0
11	Gm11_15397395	15397395	0.108553	0
11	Gm11_15475908	15475908	0.131579	0
11	Gm11_15476184	15476184	0.0723684	0
11	Gm11_15527097	15527097	0.3125	0
11	Gm11_15547011	15547011	0.200658	0
11	Gm11_19713918	19713918	0.0888158	0
11	Gm11_19716959	19716959	0.473684	0
11	Gm11_19793266	19793266	0.483553	0
11	Gm11_19793611	19793611	0.473684	0
11	Gm11_19815405	19815405	0.473684	0
11	Gm11_19815905	19815905	0.473684	0
11	Gm11_19818146	19818146	0.483553	0
11	Gm11_19818300	19818300	0.483553	0
11	Gm11_19818411	19818411	0.483553	0
11	Gm11_19841738	19841738	0.476974	0
11	Gm11_19846405	19846405	0.473684	0
11	Gm11_19858460	19858460	0.480263	0
11	Gm11_19861358	19861358	0.483553	0
11	Gm11_19869346	19869346	0.105263	0
11	Gm11_19869391	19869391	0.105263	0
11	Gm11_19883348	19883348	0.473684	0
11	Gm11_19883562	19883562	0.473684	0
11	Gm11_19892404	19892404	0.480263	0
11	Gm11_19974536	19974536	0.483553	0
11	Gm11_19983699	19983699	0.480263	0
11	Gm11_19984006	19984006	0.480263	0
11	Gm11_19984263	19984263	0.473684	0
11	Gm11_19984282	19984282	0.473684	0
11	Gm11_19984353	19984353	0.476974	0
11	Gm11_19986694	19986694	0.476974	0
11	Gm11_19996859	19996859	0.463816	0
11	Gm11_19996865	19996865	0.463816	0
11	Gm11_20007361	20007361	0.5	0
11	Gm11_20092888	20092888	0.463816	0
11	Gm11_20118770	20118770	0.0690789	0
11	Gm11_20170739	20170739	0.480263	0
11	Gm11_20170996	20170996	0.480263	0
11	Gm11_20171016	20171016	0.480263	0
11	Gm11_20183531	20183531	0.480263	0
11	Gm11_20200730	20200730	0.480263	0
11	Gm11_20202225	20202225	0.470395	0
11	Gm11_20220387	20220387	0.473684	0
11	Gm11_20228902	20228902	0.483553	0
11	Gm11_20229110	20229110	0.483553	0
11	Gm11_20232766	20232766	0.480263	0
11	Gm11_20233513	20233513	0.480263	0
11	Gm11_20250427	20250427	0.480263	0
11	Gm11_20282061	20282061	0.480263	0
11	Gm11_20282124	20282124	0.480263	0
11	Gm11_20283082	20283082	0.480263	0
11	Gm11_20285294	20285294	0.476974	0
11	Gm11_20285521	20285521	0.476974	0
11	Gm11_20285824	20285824	0.476974	0
11	Gm11_20286324	20286324	0.473684	0
11	Gm11_20286349	20286349	0.473684	0
11	Gm11_20295863	20295863	0.476974	0
11	Gm11_20296186	20296186	0.476974	0
11	Gm11_20310219	20310219	0.470395	0
11	Gm11_20310245	20310245	0.470395	0
11	Gm11_20310265	20310265	0.480263	0
11	Gm11_20310283	20310283	0.470395	0
11	Gm11_20310295	20310295	0.476974	0
11	Gm11_20313436	20313436	0.0690789	0
11	Gm11_20322184	20322184	0.473684	0
11	Gm11_20322432	20322432	0.473684	0
11	Gm11_20324908	20324908	0.480263	0
11	Gm11_20346468	20346468	0.480263	0
11	Gm11_20442970	20442970	0.480263	0
11	Gm11_20474542	20474542	0.483553	0
11	Gm11_20510555	20510555	0.483553	0
11	Gm11_20510805	20510805	0.483553	0
11	Gm11_20512727	20512727	0.483553	0
11	Gm11_20539737	20539737	0.480263	0
11	Gm11_20565651	20565651	0.486842	0
11	Gm11_20568203	20568203	0.476974	0
11	Gm11_20573101	20573101	0.470395	0
11	Gm11_20573747	20573747	0.0690789	0
11	Gm11_20583442	20583442	0.476974	0
11	Gm11_20584040	20584040	0.473684	0
11	Gm11_20592241	20592241	0.476974	0
11	Gm11_20597333	20597333	0.473684	0
11	Gm11_20600704	20600704	0.483553	0
11	Gm11_20640503	20640503	0.476974	0
11	Gm11_20678154	20678154	0.480263	0
11	Gm11_20678177	20678177	0.480263	0
11	Gm11_20678969	20678969	0.473684	0
11	Gm11_20686703	20686703	0.473684	0
11	Gm11_20691539	20691539	0.134868	0
11	Gm11_20703257	20703257	0.476974	0
11	Gm11_20707667	20707667	0.480263	0
11	Gm11_20708031	20708031	0.470395	0
11	Gm11_20711189	20711189	0.470395	0
11	Gm11_20742177	20742177	0.473684	0
11	Gm11_20762707	20762707	0.473684	0
11	Gm11_20821944	20821944	0.480263	0
11	Gm11_20831268	20831268	0.473684	0
11	Gm11_20831281	20831281	0.473684	0
11	Gm11_20842915	20842915	0.480263	0
11	Gm11_20867647	20867647	0.476974	0
11	Gm11_20916920	20916920	0.480263	0
11	Gm11_20919883	20919883	0.480263	0
11	Gm11_20926259	20926259	0.407895	0
11	Gm11_20938042	20938042	0.476974	0
11	Gm11_20938407	20938407	0.483553	0
11	Gm11_20974777	20974777	0.480263	0
11	Gm11_20974808	20974808	0.480263	0
11	Gm11_20975004	20975004	0.480263	0
11	Gm11_20977978	20977978	0.476974	0
11	Gm11_21004338	21004338	0.483553	0
11	Gm11_21038452	21038452	0.473684	0
11	Gm11_21040725	21040725	0.473684	0
11	Gm11_21040737	21040737	0.473684	0
11	Gm11_21040789	21040789	0.476974	0
11	Gm11_21041823	21041823	0.483553	0
11	Gm11_21042233	21042233	0.476974	0
11	Gm11_21043777	21043777	0.486842	0
11	Gm11_21048285	21048285	0.476974	0
11	Gm11_21048305	21048305	0.476974	0
11	Gm11_21048479	21048479	0.476974	0
11	Gm11_21054680	21054680	0.483553	0
11	Gm11_21069927	21069927	0.480263	0
11	Gm11_21070150	21070150	0.480263	0
11	Gm11_21077138	21077138	0.480263	0
11	Gm11_21079906	21079906	0.480263	0
11	Gm11_21101644	21101644	0.480263	0
11	Gm11_21105230	21105230	0.480263	0
11	Gm11_21109032	21109032	0.447368	0
11	Gm11_21109390	21109390	0.453947	0
11	Gm11_21110645	21110645	0.476974	0
11	Gm11_21111041	21111041	0.473684	0
11	Gm11_21111279	21111279	0.473684	0
11	Gm11_21117935	21117935	0.476974	0
11	Gm11_21121148	21121148	0.480263	0
11	Gm11_21128374	21128374	0.480263	0
11	Gm11_21128450	21128450	0.480263	0
11	Gm11_21128461	21128461	0.0526316	0
11	Gm11_21137640	21137640	0.480263	0
11	Gm11_21137678	21137678	0.480263	0
11	Gm11_21138107	21138107	0.483553	0
11	Gm11_21148806	21148806	0.476974	0
11	Gm11_21148994	21148994	0.480263	0
11	Gm11_21160254	21160254	0.473684	0
11	Gm11_21175550	21175550	0.473684	0
11	Gm11_21206786	21206786	0.473684	0
11	Gm11_21222063	21222063	0.0690789	0
11	Gm11_21222356	21222356	0.476974	0
11	Gm11_21238821	21238821	0.476974	0
11	Gm11_21238855	21238855	0.476974	0
11	Gm11_21239194	21239194	0.476974	0
11	Gm11_21239260	21239260	0.476974	0
11	Gm11_21247529	21247529	0.490132	0
11	Gm11_21252720	21252720	0.480263	0
11	Gm11_21294707	21294707	0.411184	0
11	Gm11_21294723	21294723	0.480263	0
11	Gm11_21294831	21294831	0.473684	0
11	Gm11_21295519	21295519	0.476974	0
11	Gm11_21306626	21306626	0.476974	0
11	Gm11_21306897	21306897	0.476974	0
11	Gm11_21342832	21342832	0.476974	0
11	Gm11_21356722	21356722	0.476974	0
11	Gm11_21380490	21380490	0.473684	0
11	Gm11_21380785	21380785	0.473684	0
11	Gm11_21394665	21394665	0.480263	0
11	Gm11_21466994	21466994	0.404605	0
11	Gm11_21493438	21493438	0.480263	0
11	Gm11_21493448	21493448	0.480263	0
11	Gm11_21496667	21496667	0.483553	0
11	Gm11_21496728	21496728	0.483553	0
11	Gm11_21537101	21537101	0.480263	0
11	Gm11_21540488	21540488	0.473684	0
11	Gm11_21550201	21550201	0.483553	0
11	Gm11_21601745	21601745	0.476974	0
11	Gm11_21628096	21628096	0.483553	0
11	Gm11_21641033	21641033	0.473684	0
11	Gm11_21681129	21681129	0.483553	0
11	Gm11_21681417	21681417	0.483553	0
11	Gm11_21708134	21708134	0.483553	0
11	Gm11_21721400	21721400	0.480263	0
11	Gm11_21792818	21792818	0.480263	0
11	Gm11_21794304	21794304	0.480263	0
11	Gm11_21794321	21794321	0.480263	0
11	Gm11_21806571	21806571	0.480263	0
11	Gm11_21813104	21813104	0.473684	0
11	Gm11_21825150	21825150	0.480263	0
11	Gm11_21829218	21829218	0.141447	0
11	Gm11_21829498	21829498	0.483553	0
11	Gm11_21855889	21855889	0.476974	0
11	Gm11_21856161	21856161	0.476974	0
11	Gm11_21873813	21873813	0.476974	0
11	Gm11_21875714	21875714	0.115132	0
11	Gm11_21875734	21875734	0.476974	0
11	Gm11_21902724	21902724	0.476974	0
11	Gm11_21902752	21902752	0.476974	0
11	Gm11_21945305	21945305	0.0657895	0
11	Gm11_21945324	21945324	0.473684	0
11	Gm11_21964879	21964879	0.480263	0
11	Gm11_21964966	21964966	0.473684	0
11	Gm11_21976158	21976158	0.480263	0
11	Gm11_21976165	21976165	0.480263	0
11	Gm11_21989191	21989191	0.473684	0
11	Gm11_21994051	21994051	0.476974	0
11	Gm11_22010772	22010772	0.473684	0
11	Gm11_22011863	22011863	0.473684	0
11	Gm11_22012086	22012086	0.473684	0
11	Gm11_22016041	22016041	0.496711	0
11	Gm11_22018066	22018066	0.473684	0
11	Gm11_22025314	22025314	0.473684	0
11	Gm11_22025354	22025354	0.473684	0
11	Gm11_22028918	22028918	0.480263	0
11	Gm11_22051544	22051544	0.378289	0
11	Gm11_22053660	22053660	0.486842	0
11	Gm11_22069569	22069569	0.473684	0
11	Gm11_22069747	22069747	0.473684	0
11	Gm11_22078405	22078405	0.480263	0
11	Gm11_22081893	22081893	0.480263	0
11	Gm11_22090361	22090361	0.483553	0
11	Gm11_22093921	22093921	0.473684	0
11	Gm11_22101118	22101118	0.473684	0
11	Gm11_22124878	22124878	0.480263	0
11	Gm11_22126356	22126356	0.480263	0
11	Gm11_22163859	22163859	0.476974	0
11	Gm11_22182120	22182120	0.480263	0
11	Gm11_22182141	22182141	0.480263	0
11	Gm11_22185282	22185282	0.480263	0
11	Gm11_22186917	22186917	0.480263	0
11	Gm11_22198725	22198725	0.480263	0
11	Gm11_22217746	22217746	0.476974	0
11	Gm11_22238647	22238647	0.476974	0
11	Gm11_22250664	22250664	0.476974	0
11	Gm11_22253515	22253515	0.476974	0
11	Gm11_22289505	22289505	0.476974	0
11	Gm11_22295647	22295647	0.480263	0
11	Gm11_22302744	22302744	0.473684	0
11	Gm11_22318484	22318484	0.368421	0
11	Gm11_22335370	22335370	0.476974	0
11	Gm11_22335637	22335637	0.483553	0
11	Gm11_22339874	22339874	0.480263	0
11	Gm11_22342201	22342201	0.476974	0
11	Gm11_22345125	22345125	0.0690789	0
11	Gm11_22345333	22345333	0.0855263	0
11	Gm11_22350261	22350261	0.483553	0
11	Gm11_22357020	22357020	0.476974	0
11	Gm11_22360134	22360134	0.480263	0
11	Gm11_22370678	22370678	0.476974	0
11	Gm11_22377014	22377014	0.473684	0
11	Gm11_22432127	22432127	0.473684	0
11	Gm11_22432339	22432339	0.473684	0
11	Gm11_22451626	22451626	0.0657895	0
11	Gm11_22451825	22451825	0.483553	0
11	Gm11_22455996	22455996	0.480263	0
11	Gm11_22488408	22488408	0.480263	0
11	Gm11_22511657	22511657	0.483553	0
11	Gm11_22571777	22571777	0.480263	0
11	Gm11_22571989	22571989	0.483553	0
11	Gm11_26081231	26081231	0.411184	0
11	Gm11_26088059	26088059	0.476974	0
11	Gm11_26094263	26094263	0.0855263	0
11	Gm11_26098440	26098440	0.480263	0
11	Gm11_26098631	26098631	0.480263	0
11	Gm11_26098932	26098932	0.483553	0
11	Gm11_26150306	26150306	0.476974	0
11	Gm11_26150546	26150546	0.473684	0
11	Gm11_26194212	26194212	0.483553	0
11	Gm11_26202823	26202823	0.470395	0
11	Gm11_26241368	26241368	0.473684	0
11	Gm11_26275440	26275440	0.473684	0
11	Gm11_26275579	26275579	0.473684	0
11	Gm11_26308371	26308371	0.476974	0
11	Gm11_26312619	26312619	0.480263	0
11	Gm11_26312654	26312654	0.473684	0
11	Gm11_26328816	26328816	0.473684	0
11	Gm11_26329603	26329603	0.476974	0
11	Gm11_26368966	26368966	0.476974	0
11	Gm11_26435404	26435404	0.476974	0
11	Gm11_26439839	26439839	0.483553	0
11	Gm11_26440020	26440020	0.483553	0
11	Gm11_26440039	26440039	0.483553	0
11	Gm11_26441890	26441890	0.483553	0
11	Gm11_26442041	26442041	0.476974	0
11	Gm11_26443628	26443628	0.476974	0
11	Gm11_26443851	26443851	0.480263	0
11	Gm11_26444142	26444142	0.480263	0
11	Gm11_26444625	26444625	0.480263	0
11	Gm11_26444662	26444662	0.480263	0
11	Gm11_26444957	26444957	0.480263	0
11	Gm11_26445269	26445269	0.483553	0
11	Gm11_26446982	26446982	0.473684	0
11	Gm11_26447026	26447026	0.483553	0
11	Gm11_26447186	26447186	0.473684	0
11	Gm11_26450392	26450392	0.480263	0
11	Gm11_26456768	26456768	0.483553	0
11	Gm11_26468906	26468906	0.473684	0
11	Gm11_26482310	26482310	0.483553	0
11	Gm11_26482655	26482655	0.483553	0
11	Gm11_26492567	26492567	0.0855263	0
11	Gm11_26540313	26540313	0.473684	0
11	Gm11_26540331	26540331	0.473684	0
11	Gm11_26540545	26540545	0.473684	0
11	Gm11_26555429	26555429	0.480263	0
11	Gm11_26567496	26567496	0.480263	0
11	Gm11_26567523	26567523	0.480263	0
11	Gm11_26571566	26571566	0.480263	0
11	Gm11_26755224	26755224	0.483553	0
11	Gm11_26811882	26811882	0.483553	0
11	Gm11_26811918	26811918	0.483553	0
11	Gm11_26813569	26813569	0.483553	0
11	Gm11_26836540	26836540	0.486842	0
11	Gm11_26836617	26836617	0.490132	0
11	Gm11_26836777	26836777	0.486842	0
11	Gm11_26847110	26847110	0.473684	0
11	Gm11_26847339	26847339	0.473684	0
11	Gm11_26861064	26861064	0.5	0
11	Gm11_26873289	26873289	0.424342	0
11	Gm11_26873446	26873446	0.424342	0
11	Gm11_26873475	26873475	0.424342	0
11	Gm11_26873509	26873509	0.424342	0
11	Gm11_26878616	26878616	0.427632	0
11	Gm11_26878661	26878661	0.421053	0
11	Gm11_26882890	26882890	0.421053	0
11	Gm11_26884753	26884753	0.0789474	0
11	Gm11_26885027	26885027	0.424342	0
11	Gm11_26892343	26892343	0.424342	0
11	Gm11_26892551	26892551	0.421053	0
11	Gm11_26941360	26941360	0.0756579	0
11	Gm11_26980766	26980766	0.0822368	0
11	Gm11_26998551	26998551	0.476974	0
11	Gm11_27007488	27007488	0.476974	0
11	Gm11_27033932	27033932	0.480263	0
11	Gm11_27075467	27075467	0.115132	0
11	Gm11_27105480	27105480	0.111842	0
11	Gm11_27106025	27106025	0.105263	0
11	Gm11_27106445	27106445	0.115132	0
11	Gm11_27131815	27131815	0.105263	0
11	Gm11_27132125	27132125	0.101974	0
11	Gm11_27134630	27134630	0.118421	0
11	Gm11_27134645	27134645	0.108553	0
11	Gm11_27150971	27150971	0.118421	0
11	Gm11_27150994	27150994	0.230263	0
11	Gm11_27151190	27151190	0.118421	0
11	Gm11_27171149	27171149	0.496711	0
11	Gm11_27186430	27186430	0.111842	0
11	Gm11_27186663	27186663	0.111842	0
11	Gm11_27211922	27211922	0.118421	0
11	Gm11_27212157	27212157	0.118421	0
11	Gm11_27213754	27213754	0.115132	0
11	Gm11_27332485	27332485	0.115132	0
11	Gm11_27338662	27338662	0.115132	0
11	Gm11_27338787	27338787	0.118421	0
11	Gm11_27344858	27344858	0.115132	0
11	Gm11_27345202	27345202	0.115132	0
11	Gm11_27345327	27345327	0.115132	0
11	Gm11_27345347	27345347	0.118421	0
11	Gm11_27345684	27345684	0.118421	0
11	Gm11_27346797	27346797	0.115132	0
11	Gm11_27346816	27346816	0.115132	0
11	Gm11_27346829	27346829	0.118421	0
11	Gm11_27347716	27347716	0.115132	0
11	Gm11_27347723	27347723	0.115132	0
11	Gm11_27347728	27347728	0.115132	0
11	Gm11_27347911	27347911	0.115132	0
11	Gm11_27358222	27358222	0.115132	0
11	Gm11_27358371	27358371	0.115132	0
11	Gm11_27358424	27358424	0.115132	0
11	Gm11_27363594	27363594	0.118421	0
11	Gm11_27364681	27364681	0.115132	0
11	Gm11_27366757	27366757	0.0986842	0
11	Gm11_27366768	27366768	0.101974	0
11	Gm11_27372376	27372376	0.111842	0
11	Gm11_27372381	27372381	0.111842	0
11	Gm11_27444243	27444243	0.118421	0
11	Gm11_27445579	27445579	0.118421	0
11	Gm11_27445823	27445823	0.118421	0
11	Gm11_27466755	27466755	0.115132	0
11	Gm11_27467033	27467033	0.115132	0
11	Gm11_27467070	27467070	0.115132	0
11	Gm11_27478336	27478336	0.115132	0
11	Gm11_27480198	27480198	0.0657895	0
11	Gm11_27480209	27480209	0.118421	0
11	Gm11_27492628	27492628	0.115132	0
11	Gm11_27494163	27494163	0.118421	0
11	Gm11_27494204	27494204	0.118421	0
11	Gm11_27503198	27503198	0.118421	0
11	Gm11_27507192	27507192	0.115132	0
11	Gm11_27509465	27509465	0.115132	0
11	Gm11_27509492	27509492	0.115132	0
11	Gm11_27509828	27509828	0.115132	0
11	Gm11_27542635	27542635	0.115132	0
11	Gm11_27542750	27542750	0.118421	0
11	Gm11_27544807	27544807	0.0657895	0
11	Gm11_27549110	27549110	0.115132	0
11	Gm11_27549124	27549124	0.115132	0
11	Gm11_27549306	27549306	0.115132	0
11	Gm11_27559868	27559868	0.115132	0
11	Gm11_27560536	27560536	0.118421	0
11	Gm11_27560744	27560744	0.121711	0
11	Gm11_27561696	27561696	0.115132	0
11	Gm11_27595830	27595830	0.115132	0
11	Gm11_27595922	27595922	0.115132	0
11	Gm11_27596171	27596171	0.115132	0
11	Gm11_27596632	27596632	0.118421	0
11	Gm11_27602412	27602412	0.121711	0
11	Gm11_27641166	27641166	0.0559211	0
11	Gm11_27671409	27671409	0.0559211	0
11	Gm11_27673926	27673926	0.0559211	0
11	Gm11_27673959	27673959	0.0559211	0
11	Gm11_27674562	27674562	0.0559211	0
11	Gm11_27675188	27675188	0.0559211	0
11	Gm11_27675212	27675212	0.0559211	0
11	Gm11_27675243	27675243	0.121711	0
11	Gm11_27682792	27682792	0.414474	0
11	Gm11_27685317	27685317	0.125	0
11	Gm11_27685336	27685336	0.0690789	0
11	Gm11_27686543	27686543	0.0657895	0
11	Gm11_27686561	27686561	0.0657895	0
11	Gm11_27694648	27694648	0.0657895	0
11	Gm11_27695972	27695972	0.121711	0
11	Gm11_27716033	27716033	0.0592105	0
11	Gm11_27716081	27716081	0.0592105	0
11	Gm11_27784794	27784794	0.121711	0
11	Gm11_27784809	27784809	0.121711	0
11	Gm11_27785899	27785899	0.121711	0
11	Gm11_27785961	27785961	0.121711	0
11	Gm11_27786146	27786146	0.121711	0
11	Gm11_27787139	27787139	0.121711	0
11	Gm11_27788745	27788745	0.121711	0
11	Gm11_27788750	27788750	0.121711	0
11	Gm11_27788786	27788786	0.115132	0
11	Gm11_27789252	27789252	0.0625	0
11	Gm11_27789447	27789447	0.121711	0
11	Gm11_27830615	27830615	0.0625	0
11	Gm11_27830804	27830804	0.0625	0
11	Gm11_27857884	27857884	0.0625	0
11	Gm11_27867023	27867023	0.0625	0
11	Gm11_27867049	27867049	0.0625	0
11	Gm11_27869778	27869778	0.0625	0
11	Gm11_27869788	27869788	0.0625	0
11	Gm11_27895270	27895270	0.121711	0
11	Gm11_27895447	27895447	0.0625	0
11	Gm11_27895590	27895590	0.0592105	0
11	Gm11_27895736	27895736	0.0592105	0
11	Gm11_27898130	27898130	0.0657895	0
11	Gm11_27901784	27901784	0.0592105	0
11	Gm11_27908732	27908732	0.0625	0
11	Gm11_27908754	27908754	0.0592105	0
11	Gm11_27912158	27912158	0.0592105	0
11	Gm11_27913411	27913411	0.0592105	0
11	Gm11_27913559	27913559	0.121711	0
11	Gm11_27913707	27913707	0.0625	0
11	Gm11_27915130	27915130	0.121711	0
11	Gm11_27919613	27919613	0.0592105	0
11	Gm11_27930368	27930368	0.0625	0
11	Gm11_27930977	27930977	0.0592105	0
11	Gm11_27934716	27934716	0.0592105	0
11	Gm11_27944008	27944008	0.0657895	0
11	Gm11_27947896	27947896	0.125	0
11	Gm11_27954624	27954624	0.125	0
11	Gm11_27956771	27956771	0.121711	0
11	Gm11_27958301	27958301	0.0625	0
11	Gm11_27958320	27958320	0.0625	0
11	Gm11_27958358	27958358	0.0592105	0
11	Gm11_27958507	27958507	0.0592105	0
11	Gm11_27967987	27967987	0.0592105	0
11	Gm11_27987118	27987118	0.125	0
11	Gm11_27987406	27987406	0.125	0
11	Gm11_27987432	27987432	0.125	0
11	Gm11_27988307	27988307	0.0592105	0
11	Gm11_28007526	28007526	0.309211	0
11	Gm11_28007737	28007737	0.0625	0
11	Gm11_28010069	28010069	0.0592105	0
11	Gm11_28010417	28010417	0.125	0
11	Gm11_28010426	28010426	0.125	0
11	Gm11_28062619	28062619	0.125	0
11	Gm11_28063050	28063050	0.125	0
11	Gm11_28063066	28063066	0.0625	0
11	Gm11_28063086	28063086	0.0625	0
11	Gm11_28063214	28063214	0.0657895	0
11	Gm11_28063221	28063221	0.125	0
11	Gm11_28067364	28067364	0.0592105	0
11	Gm11_28070167	28070167	0.125	0
11	Gm11_28070385	28070385	0.125	0
11	Gm11_28074902	28074902	0.0657895	0
11	Gm11_28135478	28135478	0.0657895	0
11	Gm11_28135496	28135496	0.0657895	0
11	Gm11_28135827	28135827	0.0657895	0
11	Gm11_28139173	28139173	0.125	0
11	Gm11_28157755	28157755	0.0657895	0
11	Gm11_28158007	28158007	0.125	0
11	Gm11_28161442	28161442	0.0657895	0
11	Gm11_28163970	28163970	0.121711	0
11	Gm11_28164747	28164747	0.0592105	0
11	Gm11_28175367	28175367	0.0592105	0
11	Gm11_28177704	28177704	0.121711	0
11	Gm11_28178054	28178054	0.0592105	0
11	Gm11_28197228	28197228	0.0625	0
11	Gm11_28197239	28197239	0.121711	0
11	Gm11_28199913	28199913	0.0625	0
11	Gm11_28200095	28200095	0.0592105	0
11	Gm11_28200109	28200109	0.0592105	0
11	Gm11_28209395	28209395	0.121711	0
11	Gm11_28239591	28239591	0.0592105	0
11	Gm11_28274010	28274010	0.0592105	0
11	Gm11_28274343	28274343	0.121711	0
11	Gm11_28277020	28277020	0.0592105	0
11	Gm11_28326630	28326630	0.0592105	0
11	Gm11_28326790	28326790	0.121711	0
11	Gm11_28327593	28327593	0.0592105	0
11	Gm11_28329652	28329652	0.0657895	0
11	Gm11_28329693	28329693	0.128289	0
11	Gm11_28337949	28337949	0.118421	0
11	Gm11_28343765	28343765	0.0592105	0
11	Gm11_28375161	28375161	0.121711	0
11	Gm11_28375188	28375188	0.0592105	0
11	Gm11_28375213	28375213	0.0625	0
11	Gm11_28408195	28408195	0.0592105	0
11	Gm11_28408696	28408696	0.0592105	0
11	Gm11_28408704	28408704	0.0625	0
11	Gm11_28409282	28409282	0.0625	0
11	Gm11_28411853	28411853	0.0625	0
11	Gm11_28412015	28412015	0.0592105	0
11	Gm11_28414016	28414016	0.0657895	0
11	Gm11_28414029	28414029	0.0657895	0
11	Gm11_28469158	28469158	0.121711	0
11	Gm11_28470264	28470264	0.121711	0
11	Gm11_28478855	28478855	0.0657895	0
11	Gm11_28487708	28487708	0.0592105	0
11	Gm11_28566942	28566942	0.125	0
11	Gm11_28568193	28568193	0.174342	0
11	Gm11_28580513	28580513	0.125	0
11	Gm11_28584788	28584788	0.121711	0
11	Gm11_28584848	28584848	0.121711	0
11	Gm11_28585108	28585108	0.0625	0
11	Gm11_28586104	28586104	0.121711	0
11	Gm11_28611039	28611039	0.121711	0
11	Gm11_28611340	28611340	0.0625	0
11	Gm11_28611669	28611669	0.0625	0
11	Gm11_28632036	28632036	0.0625	0
11	Gm11_28633073	28633073	0.0657895	0
11	Gm11_28646138	28646138	0.141447	0
11	Gm11_28654306	28654306	0.0625	0
11	Gm11_28659817	28659817	0.125	0
11	Gm11_28660102	28660102	0.0592105	0
11	Gm11_28661595	28661595	0.0592105	0
11	Gm11_28674953	28674953	0.0592105	0
11	Gm11_28692209	28692209	0.0625	0
11	Gm11_28692230	28692230	0.121711	0
11	Gm11_28692500	28692500	0.0625	0
11	Gm11_28710463	28710463	0.125	0
11	Gm11_28718588	28718588	0.0592105	0
11	Gm11_28718840	28718840	0.0592105	0
11	Gm11_28719131	28719131	0.0592105	0
11	Gm11_28770503	28770503	0.0592105	0
11	Gm11_28771045	28771045	0.0592105	0
11	Gm11_28784544	28784544	0.121711	0
11	Gm11_28784681	28784681	0.121711	0
11	Gm11_28786726	28786726	0.286184	0
11	Gm11_28787013	28787013	0.0592105	0
11	Gm11_28787840	28787840	0.0625	0
11	Gm11_28793793	28793793	0.0592105	0
11	Gm11_28798073	28798073	0.0592105	0
11	Gm11_28801535	28801535	0.0657895	0
11	Gm11_28805443	28805443	0.121711	0
11	Gm11_28805693	28805693	0.0625	0
11	Gm11_28822899	28822899	0.121711	0
11	Gm11_28822928	28822928	0.121711	0
11	Gm11_28840487	28840487	0.0625	0
11	Gm11_28852832	28852832	0.0625	0
11	Gm11_28866407	28866407	0.0625	0
11	Gm11_28866526	28866526	0.0625	0
11	Gm11_28921440	28921440	0.0657895	0
11	Gm11_28922647	28922647	0.0657895	0
11	Gm11_28938931	28938931	0.0657895	0
11	Gm11_28938943	28938943	0.0592105	0
11	Gm11_28938957	28938957	0.0592105	0
11	Gm11_28941389	28941389	0.0657895	0
11	Gm11_28946400	28946400	0.0592105	0
11	Gm11_29028008	29028008	0.125	0
11	Gm11_29033776	29033776	0.125	0
11	Gm11_29034645	29034645	0.0592105	0
11	Gm11_29034666	29034666	0.0625	0
11	Gm11_29035823	29035823	0.0592105	0
11	Gm11_29038442	29038442	0.0592105	0
11	Gm11_29038734	29038734	0.0657895	0
11	Gm11_29038739	29038739	0.125	0
11	Gm11_29043411	29043411	0.0657895	0
11	Gm11_29043433	29043433	0.125	0
11	Gm11_29080738	29080738	0.121711	0
11	Gm11_29081383	29081383	0.121711	0
11	Gm11_29170890	29170890	0.0625	0
11	Gm11_29193852	29193852	0.121711	0
11	Gm11_29234772	29234772	0.121711	0
11	Gm11_29256813	29256813	0.0592105	0
11	Gm11_29273002	29273002	0.0592105	0
11	Gm11_29278680	29278680	0.128289	0
11	Gm11_29279006	29279006	0.0657895	0
11	Gm11_29284805	29284805	0.0592105	0
11	Gm11_29292342	29292342	0.0657895	0
11	Gm11_29293133	29293133	0.121711	0
11	Gm11_29333705	29333705	0.0592105	0
11	Gm11_29333890	29333890	0.0625	0
11	Gm11_29360844	29360844	0.0592105	0
11	Gm11_29368748	29368748	0.0592105	0
11	Gm11_29369390	29369390	0.0657895	0
11	Gm11_29372288	29372288	0.0625	0
11	Gm11_29446422	29446422	0.0625	0
11	Gm11_29446470	29446470	0.0592105	0
11	Gm11_29453672	29453672	0.0657895	0
11	Gm11_29454031	29454031	0.0657895	0
11	Gm11_29473481	29473481	0.0625	0
11	Gm11_29474355	29474355	0.0592105	0
11	Gm11_29474422	29474422	0.0592105	0
11	Gm11_29474837	29474837	0.121711	0
11	Gm11_29475731	29475731	0.0592105	0
11	Gm11_29476574	29476574	0.0592105	0
11	Gm11_29478184	29478184	0.118421	0
11	Gm11_29479506	29479506	0.0657895	0
11	Gm11_29501571	29501571	0.0657895	0
11	Gm11_29542866	29542866	0.0592105	0
11	Gm11_29543103	29543103	0.0592105	0
11	Gm11_29583177	29583177	0.0625	0
11	Gm11_29589874	29589874	0.0592105	0
11	Gm11_29591026	29591026	0.0625	0
11	Gm11_29591546	29591546	0.121711	0
11	Gm11_29604117	29604117	0.121711	0
11	Gm11_29607710	29607710	0.0657895	0
11	Gm11_29628392	29628392	0.0625	0
11	Gm11_29664799	29664799	0.0625	0
11	Gm11_29664845	29664845	0.0625	0
11	Gm11_29665059	29665059	0.121711	0
11	Gm11_29670751	29670751	0.121711	0
11	Gm11_29671009	29671009	0.125	0
11	Gm11_29677517	29677517	0.0592105	0
11	Gm11_29690934	29690934	0.0592105	0
11	Gm11_29699428	29699428	0.144737	0
11	Gm11_29699445	29699445	0.141447	0
11	Gm11_29715039	29715039	0.0625	0
11	Gm11_29716534	29716534	0.121711	0
11	Gm11_29716816	29716816	0.121711	0
11	Gm11_29717278	29717278	0.0625	0
11	Gm11_29725520	29725520	0.121711	0
11	Gm11_29733141	29733141	0.0592105	0
11	Gm11_29734322	29734322	0.0657895	0
11	Gm11_29734518	29734518	0.125	0
11	Gm11_29735355	29735355	0.0657895	0
11	Gm11_29737379	29737379	0.125	0
11	Gm11_29738918	29738918	0.0625	0
11	Gm11_29739040	29739040	0.0592105	0
11	Gm11_29740637	29740637	0.121711	0
11	Gm11_29740835	29740835	0.0625	0
11	Gm11_29787200	29787200	0.0657895	0
11	Gm11_29787434	29787434	0.0657895	0
11	Gm11_29787481	29787481	0.125	0
11	Gm11_29789425	29789425	0.0625	0
11	Gm11_29791554	29791554	0.0625	0
11	Gm11_29791806	29791806	0.125	0
11	Gm11_29792143	29792143	0.121711	0
11	Gm11_29792168	29792168	0.0625	0
11	Gm11_29794596	29794596	0.125	0
11	Gm11_29794862	29794862	0.125	0
11	Gm11_29794904	29794904	0.0625	0
11	Gm11_29809634	29809634	0.0592105	0
11	Gm11_29809644	29809644	0.0592105	0
11	Gm11_29811629	29811629	0.0592105	0
11	Gm11_29849542	29849542	0.0592105	0
11	Gm11_29849920	29849920	0.121711	0
11	Gm11_29850146	29850146	0.0592105	0
11	Gm11_29850569	29850569	0.0592105	0
11	Gm11_29850744	29850744	0.0592105	0
11	Gm11_29851003	29851003	0.0592105	0
11	Gm11_29851056	29851056	0.0592105	0
11	Gm11_29851070	29851070	0.0592105	0
11	Gm11_29853896	29853896	0.121711	0
11	Gm11_29857599	29857599	0.125	0
11	Gm11_29858396	29858396	0.0592105	0
11	Gm11_29868631	29868631	0.0657895	0
11	Gm11_29868655	29868655	0.0592105	0
11	Gm11_29892338	29892338	0.121711	0
11	Gm11_29892496	29892496	0.121711	0
11	Gm11_29900901	29900901	0.0625	0
11	Gm11_29900927	29900927	0.121711	0
11	Gm11_29901277	29901277	0.0657895	0
11	Gm11_29901350	29901350	0.121711	0
11	Gm11_29901497	29901497	0.0592105	0
11	Gm11_29901515	29901515	0.0592105	0
11	Gm11_29913995	29913995	0.0592105	0
11	Gm11_29920705	29920705	0.0625	0
11	Gm11_29920921	29920921	0.0592105	0
11	Gm11_29920968	29920968	0.0592105	0
11	Gm11_29921737	29921737	0.0592105	0
11	Gm11_29925833	29925833	0.0592105	0
11	Gm11_29926115	29926115	0.0657895	0
11	Gm11_29952173	29952173	0.0592105	0
11	Gm11_29952392	29952392	0.121711	0
11	Gm11_29954535	29954535	0.0592105	0
11	Gm11_29956663	29956663	0.0592105	0
11	Gm11_29959266	29959266	0.0592105	0
11	Gm11_29965224	29965224	0.0592105	0
11	Gm11_29965292	29965292	0.0592105	0
11	Gm11_29965467	29965467	0.0657895	0
11	Gm11_29965484	29965484	0.0657895	0
11	Gm11_29973507	29973507	0.141447	0
11	Gm11_29988581	29988581	0.0559211	0
11	Gm11_29988660	29988660	0.134868	0
11	Gm11_29990400	29990400	0.144737	0
11	Gm11_30019659	30019659	0.0690789	0
11	Gm11_30019809	30019809	0.0690789	0
11	Gm11_30043916	30043916	0.0789474	0
11	Gm11_30044112	30044112	0.0559211	0
11	Gm11_30064480	30064480	0.0855263	0
11	Gm11_30064512	30064512	0.0657895	0
11	Gm11_30064521	30064521	0.167763	0
11	Gm11_30075274	30075274	0.164474	0
11	Gm11_30076879	30076879	0.0592105	0
11	Gm11_30104602	30104602	0.0592105	0
11	Gm11_30124681	30124681	0.161184	0
11	Gm11_30132107	30132107	0.121711	0
11	Gm11_30132356	30132356	0.161184	0
11	Gm11_30140315	30140315	0.115132	0
11	Gm11_30140351	30140351	0.108553	0
11	Gm11_30142337	30142337	0.171053	0
11	Gm11_30169729	30169729	0.0559211	0
11	Gm11_30170115	30170115	0.0592105	0
11	Gm11_30181928	30181928	0.0592105	0
11	Gm11_30182250	30182250	0.0592105	0
11	Gm11_30182986	30182986	0.0855263	0
11	Gm11_30184009	30184009	0.0855263	0
11	Gm11_30184030	30184030	0.0559211	0
11	Gm11_30184392	30184392	0.0855263	0
11	Gm11_30196790	30196790	0.0592105	0
11	Gm11_30196800	30196800	0.0855263	0
11	Gm11_30200258	30200258	0.0592105	0
11	Gm11_30211600	30211600	0.0559211	0
11	Gm11_30221850	30221850	0.0855263	0
11	Gm11_30291970	30291970	0.144737	0
11	Gm11_30343733	30343733	0.141447	0
11	Gm11_30477582	30477582	0.0986842	0
11	Gm11_30501787	30501787	0.0953947	0
11	Gm11_30616030	30616030	0.0723684	0
11	Gm11_30627435	30627435	0.0756579	0
11	Gm11_30647841	30647841	0.0723684	0
11	Gm11_30648053	30648053	0.0690789	0
11	Gm11_30648209	30648209	0.0921053	0
11	Gm11_30668938	30668938	0.0723684	0
11	Gm11_30741508	30741508	0.105263	0
11	Gm11_30844133	30844133	0.0690789	0
11	Gm11_30859450	30859450	0.101974	0
11	Gm11_31032207	31032207	0.483553	0
11	Gm11_31063686	31063686	0.476974	0
11	Gm11_31065781	31065781	0.0657895	0
11	Gm11_31066689	31066689	0.483553	0
11	Gm11_31078924	31078924	0.473684	0
11	Gm11_31085487	31085487	0.476974	0
11	Gm11_31090015	31090015	0.473684	0
11	Gm11_31102386	31102386	0.480263	0
11	Gm11_31122302	31122302	0.480263	0
11	Gm11_31132173	31132173	0.476974	0
11	Gm11_31146931	31146931	0.476974	0
11	Gm11_31190464	31190464	0.476974	0
11	Gm11_31190814	31190814	0.473684	0
11	Gm11_31208038	31208038	0.476974	0
11	Gm11_31249438	31249438	0.480263	0
11	Gm11_31249451	31249451	0.473684	0
11	Gm11_31250780	31250780	0.138158	0
11	Gm11_31256287	31256287	0.476974	0
11	Gm11_31257163	31257163	0.476974	0
11	Gm11_31257599	31257599	0.476974	0
11	Gm11_31291419	31291419	0.480263	0
11	Gm11_31300616	31300616	0.473684	0
11	Gm11_31367225	31367225	0.0625	0
11	Gm11_31367278	31367278	0.480263	0
11	Gm11_31394274	31394274	0.476974	0
11	Gm11_31446725	31446725	0.483553	0
11	Gm11_31446796	31446796	0.486842	0
11	Gm11_31446841	31446841	0.476974	0
11	Gm11_31456864	31456864	0.476974	0
11	Gm11_31456917	31456917	0.476974	0
11	Gm11_31457109	31457109	0.476974	0
11	Gm11_31457117	31457117	0.476974	0
11	Gm11_31459234	31459234	0.476974	0
11	Gm11_31459304	31459304	0.476974	0
11	Gm11_31469307	31469307	0.473684	0
11	Gm11_31469474	31469474	0.480263	0
11	Gm11_31469497	31469497	0.473684	0
11	Gm11_31486227	31486227	0.480263	0
11	Gm11_31515506	31515506	0.0986842	0
11	Gm11_31567095	31567095	0.476974	0
11	Gm11_31567120	31567120	0.476974	0
11	Gm11_31573798	31573798	0.476974	0
11	Gm11_31602785	31602785	0.480263	0
11	Gm11_31637109	31637109	0.476974	0
11	Gm11_31641457	31641457	0.483553	0
11	Gm11_31641484	31641484	0.483553	0
11	Gm11_31651948	31651948	0.480263	0
11	Gm11_31656763	31656763	0.483553	0
11	Gm11_31656813	31656813	0.483553	0
11	Gm11_31674295	31674295	0.483553	0
11	Gm11_31674353	31674353	0.483553	0
11	Gm11_31697032	31697032	0.483553	0
11	Gm11_31697048	31697048	0.483553	0
11	Gm11_31703673	31703673	0.480263	0
11	Gm11_31733314	31733314	0.118421	0
11	Gm11_31733512	31733512	0.0559211	0
11	Gm11_31751148	31751148	0.476974	0
11	Gm11_31769734	31769734	0.434211	0
11	Gm11_31769763	31769763	0.0953947	0
11	Gm11_31772638	31772638	0.476974	0
11	Gm11_31827296	31827296	0.480263	0
11	Gm11_31827444	31827444	0.476974	0
11	Gm11_31889468	31889468	0.476974	0
11	Gm11_31905968	31905968	0.473684	0
11	Gm11_31945093	31945093	0.470395	0
11	Gm11_31946897	31946897	0.473684	0
11	Gm11_32011647	32011647	0.480263	0
11	Gm11_32011902	32011902	0.480263	0
11	Gm11_32015012	32015012	0.470395	0
11	Gm11_32023195	32023195	0.480263	0
11	Gm11_32046729	32046729	0.473684	0
11	Gm11_32059486	32059486	0.480263	0
11	Gm11_32078453	32078453	0.480263	0
11	Gm11_32115285	32115285	0.480263	0
11	Gm11_32130579	32130579	0.480263	0
11	Gm11_32130617	32130617	0.125	0
11	Gm11_32197890	32197890	0.480263	0
11	Gm11_32198056	32198056	0.480263	0
11	Gm11_32200399	32200399	0.473684	0
11	Gm11_32200630	32200630	0.473684	0
11	Gm11_32207621	32207621	0.480263	0
11	Gm11_32207796	32207796	0.483553	0
11	Gm11_32207831	32207831	0.476974	0
11	Gm11_32207887	32207887	0.476974	0
11	Gm11_32212493	32212493	0.476974	0
11	Gm11_32212757	32212757	0.476974	0
11	Gm11_32217707	32217707	0.483553	0
11	Gm11_32217768	32217768	0.483553	0
11	Gm11_32217993	32217993	0.480263	0
11	Gm11_32218086	32218086	0.483553	0
11	Gm11_32218337	32218337	0.483553	0
11	Gm11_32241783	32241783	0.483553	0
11	Gm11_32275115	32275115	0.476974	0
11	Gm11_32311457	32311457	0.473684	0
11	Gm11_32323469	32323469	0.473684	0
11	Gm11_32359297	32359297	0.0657895	0
11	Gm11_32368651	32368651	0.273026	0
11	Gm11_32368667	32368667	0.273026	0
11	Gm11_32376041	32376041	0.210526	0
11	Gm11_32376065	32376065	0.273026	0
11	Gm11_32376076	32376076	0.273026	0
11	Gm11_32376106	32376106	0.273026	0
11	Gm11_32395725	32395725	0.0657895	0
11	Gm11_32401224	32401224	0.273026	0
11	Gm11_32413851	32413851	0.269737	0
11	Gm11_32413860	32413860	0.207237	0
11	Gm11_32437443	32437443	0.269737	0
11	Gm11_32448227	32448227	0.269737	0
11	Gm11_32457854	32457854	0.207237	0
11	Gm11_32469484	32469484	0.0657895	0
11	Gm11_32488533	32488533	0.0625	0
11	Gm11_32490360	32490360	0.210526	0
11	Gm11_32490378	32490378	0.210526	0
11	Gm11_32490387	32490387	0.0625	0
11	Gm11_32491558	32491558	0.273026	0
11	Gm11_32494314	32494314	0.269737	0
11	Gm11_32512638	32512638	0.269737	0
11	Gm11_32518214	32518214	0.207237	0
11	Gm11_32518251	32518251	0.269737	0
11	Gm11_32519361	32519361	0.276316	0
11	Gm11_32523929	32523929	0.207237	0
11	Gm11_32523946	32523946	0.207237	0
11	Gm11_32523979	32523979	0.207237	0
11	Gm11_32524755	32524755	0.0625	0
11	Gm11_32524792	32524792	0.0625	0
11	Gm11_32525021	32525021	0.0625	0
11	Gm11_32525402	32525402	0.0657895	0
11	Gm11_32526021	32526021	0.0657895	0
11	Gm11_32526040	32526040	0.0657895	0
11	Gm11_32547384	32547384	0.0625	0
11	Gm11_32579506	32579506	0.207237	0
11	Gm11_32580386	32580386	0.213816	0
11	Gm11_32580412	32580412	0.213816	0
11	Gm11_32580624	32580624	0.207237	0
11	Gm11_32636678	32636678	0.0690789	0
11	Gm11_32661944	32661944	0.0657895	0
11	Gm11_32681533	32681533	0.0690789	0
11	Gm11_32698229	32698229	0.121711	0
11	Gm11_32740898	32740898	0.0690789	0
11	Gm11_32742476	32742476	0.0690789	0
11	Gm11_32776588	32776588	0.0690789	0
11	Gm11_32781505	32781505	0.0723684	0
11	Gm11_32782267	32782267	0.0690789	0
11	Gm11_32782504	32782504	0.0690789	0
11	Gm11_32782550	32782550	0.213816	0
11	Gm11_32783028	32783028	0.0657895	0
11	Gm11_32783190	32783190	0.0657895	0
11	Gm11_32783293	32783293	0.0657895	0
11	Gm11_32783482	32783482	0.0657895	0
11	Gm11_32783906	32783906	0.0657895	0
11	Gm11_32785240	32785240	0.207237	0
11	Gm11_32785263	32785263	0.0657895	0
11	Gm11_32817490	32817490	0.0657895	0
11	Gm11_32844216	32844216	0.0657895	0
11	Gm11_32844246	32844246	0.351974	0
11	Gm11_32856817	32856817	0.342105	0
11	Gm11_32879510	32879510	0.338816	0
11	Gm11_32879717	32879717	0.338816	0
11	Gm11_32885859	32885859	0.200658	0
11	Gm11_32885921	32885921	0.0690789	0
11	Gm11_32898453	32898453	0.0690789	0
11	Gm11_32959902	32959902	0.0789474	0
11	Gm11_32978232	32978232	0.0789474	0
11	Gm11_32978493	32978493	0.0723684	0
11	Gm11_32979243	32979243	0.203947	0
11	Gm11_32995812	32995812	0.0789474	0
11	Gm11_32995821	32995821	0.391447	0
11	Gm11_32995861	32995861	0.328947	0
11	Gm11_32995972	32995972	0.0789474	0
11	Gm11_33009561	33009561	0.328947	0
11	Gm11_33021711	33021711	0.328947	0
11	Gm11_33029882	33029882	0.0789474	0
11	Gm11_33029899	33029899	0.0789474	0
11	Gm11_33030339	33030339	0.0789474	0
11	Gm11_33036496	33036496	0.0855263	0
11	Gm11_33036594	33036594	0.200658	0
11	Gm11_33036866	33036866	0.0822368	0
11	Gm11_33043065	33043065	0.0756579	0
11	Gm11_33043099	33043099	0.207237	0
11	Gm11_33049011	33049011	0.0756579	0
11	Gm11_33049054	33049054	0.0756579	0
11	Gm11_33049083	33049083	0.0822368	0
11	Gm11_33051745	33051745	0.0756579	0
11	Gm11_33057218	33057218	0.0822368	0
11	Gm11_33079865	33079865	0.0822368	0
11	Gm11_33079875	33079875	0.0822368	0
11	Gm11_33080118	33080118	0.0756579	0
11	Gm11_33112904	33112904	0.203947	0
11	Gm11_33113708	33113708	0.282895	0
11	Gm11_33113881	33113881	0.0756579	0
11	Gm11_33149630	33149630	0.282895	0
11	Gm11_33155296	33155296	0.279605	0
11	Gm11_33155302	33155302	0.279605	0
11	Gm11_33155417	33155417	0.210526	0
11	Gm11_33177913	33177913	0.289474	0
11	Gm11_33188546	33188546	0.0690789	0
11	Gm11_33193522	33193522	0.289474	0
11	Gm11_33195472	33195472	0.217105	0
11	Gm11_33282327	33282327	0.325658	0
11	Gm11_33284333	33284333	0.325658	0
11	Gm11_33284358	33284358	0.322368	0
11	Gm11_33288918	33288918	0.315789	0
11	Gm11_33288951	33288951	0.315789	0
11	Gm11_33330905	33330905	0.342105	0
11	Gm11_33364416	33364416	0.342105	0
11	Gm11_33430275	33430275	0.345395	0
11	Gm11_33444106	33444106	0.322368	0
11	Gm11_33454956	33454956	0.322368	0
11	Gm11_33511053	33511053	0.345395	0
11	Gm11_33514861	33514861	0.3125	0
11	Gm11_33520508	33520508	0.325658	0
11	Gm11_33544745	33544745	0.342105	0
11	Gm11_33606384	33606384	0.315789	0
11	Gm11_33726749	33726749	0.335526	0
11	Gm11_33766434	33766434	0.259868	0
11	Gm11_33766662	33766662	0.319079	0
11	Gm11_33850925	33850925	0.338816	0
11	Gm11_33850965	33850965	0.338816	0
11	Gm11_33850984	33850984	0.328947	0
11	Gm11_33853581	33853581	0.328947	0
11	Gm11_33945903	33945903	0.315789	0
11	Gm11_33951735	33951735	0.0625	0
11	Gm11_34085572	34085572	0.332237	0
11	Gm11_34125005	34125005	0.335526	0
11	Gm11_34192967	34192967	0.213816	0
