chr	id	pos	gpos	p1	sL1	p2	sL2	xpnsl
13	Gm13_7190432	7190432	7.19043	0.292308	25.3233	0.0921053	88.547	-0.543654
13	Gm13_7190714	7190714	7.19071	0.292308	25.318	0.105263	88.4507	-0.543271
13	Gm13_7190746	7190746	7.19075	0.292308	25.3128	0.105263	88.3395	-0.542815
13	Gm13_7190764	7190764	7.19076	0.738462	25.1584	0.105263	88.3443	-0.545495
13	Gm13_7202538	7202538	7.20254	0.138462	25.2264	0.0131579	88.8787	-0.546943
13	Gm13_7202546	7202546	7.20255	0.369231	24.9151	0	88.9066	-0.552472
13	Gm13_7202788	7202788	7.20279	0.0769231	25.7869	0.0131579	88.9961	-0.537971
13	Gm13_7202793	7202793	7.20279	0.169231	25.5522	0.0131579	89.1251	-0.542573
13	Gm13_7223362	7223362	7.22336	0.215385	25.628	0.0921053	88.7306	-0.539358
13	Gm13_7223839	7223839	7.22384	0.753846	25.621	0.105263	88.7396	-0.539522
13	Gm13_7223886	7223886	7.22389	0.753846	25.6138	0.105263	88.6141	-0.539028
13	Gm13_7224133	7224133	7.22413	0.153846	25.096	0.0657895	88.51	-0.547387
13	Gm13_7224173	7224173	7.22417	0.753846	25.2698	0.105263	88.3278	-0.543495
13	Gm13_7257303	7257303	7.2573	0.461538	25.9482	0	89.4136	-0.537296
13	Gm13_7280711	7280711	7.28071	0.369231	25.7473	0	89.2881	-0.540063
13	Gm13_7302186	7302186	7.30219	0.415385	25.1303	0.263158	83.619	-0.522108
13	Gm13_7302193	7302193	7.30219	0.261538	25.3405	0.25	83.902	-0.519956
13	Gm13_7321996	7321996	7.322	0.369231	25.5408	0	85.2452	-0.523435
13	Gm13_7337797	7337797	7.3378	0.4	25.9695	0.0263158	85.1693	-0.515819
13	Gm13_7341327	7341327	7.34133	0.476923	25.9459	0.0394737	85.2955	-0.516858
13	Gm13_7424089	7424089	7.42409	0.2	26.8269	0.697368	81.2312	-0.481153
13	Gm13_7424104	7424104	7.4241	0.2	26.8159	0.697368	81.0698	-0.480467
13	Gm13_7424248	7424248	7.42425	0.292308	26.3934	0.25	83.8218	-0.501862
13	Gm13_7443780	7443780	7.44378	0.2	26.7218	0.723684	83.6589	-0.495646
13	Gm13_7443815	7443815	7.44381	0.384615	26.2839	0.0263158	83.7161	-0.503119
13	Gm13_7447883	7447883	7.44788	0.2	29.874	0.723684	83.5341	-0.446571
13	Gm13_7447929	7447929	7.44793	0.2	29.863	0.723684	83.3978	-0.446021
13	Gm13_7447936	7447936	7.44794	0.2	29.852	0.723684	83.2615	-0.44547
13	Gm13_7482901	7482901	7.4829	0.276923	29.1446	0.723684	83.1508	-0.455309
13	Gm13_7530290	7530290	7.53029	0.676923	28.1603	0.276316	83.0012	-0.469447
13	Gm13_7530493	7530493	7.53049	0.692308	28.6912	0.276316	82.8517	-0.460553
13	Gm13_7537341	7537341	7.53734	0.2	28.7546	0.710526	81.1528	-0.450596
13	Gm13_7537357	7537357	7.53736	0.692308	28.7956	0.289474	81.02	-0.449265
13	Gm13_7537377	7537377	7.53738	0.692308	28.7947	0.289474	80.8872	-0.448567
13	Gm13_7539071	7539071	7.53907	0.692308	28.7556	0.276316	82.0687	-0.455454
13	Gm13_7549282	7549282	7.54928	0.707692	28.625	0.276316	81.9491	-0.456798
13	Gm13_7549288	7549288	7.54929	0.676923	28.62	0.276316	81.8296	-0.45624
13	Gm13_7549423	7549423	7.54942	0.215385	28.7398	0.723684	81.71	-0.453792
13	Gm13_7563896	7563896	7.5639	0.2	28.7961	0.723684	81.5904	-0.452306
13	Gm13_7565348	7565348	7.56535	0.692308	28.6404	0.276316	81.4709	-0.454023
13	Gm13_7565540	7565540	7.56554	0.692308	28.7052	0.276316	81.7042	-0.454284
13	Gm13_7638457	7638457	7.63846	0.6	27.128	0	85.4783	-0.498437
13	Gm13_7639044	7639044	7.63904	0.538462	27.099	0	85.3587	-0.498294
13	Gm13_7640296	7640296	7.6403	0.584615	27.3267	0	85.5845	-0.495807
13	Gm13_7661825	7661825	7.66183	0.430769	26.7729	0	85.4594	-0.504063
13	Gm13_7686188	7686188	7.68619	0.107692	27.0382	0.0131579	83.7248	-0.490877
13	Gm13_7686295	7686295	7.6863	0.4	25.7669	0	83.5046	-0.510648
13	Gm13_7686301	7686301	7.6863	0.107692	27.4305	0.0131579	83.6504	-0.484235
13	Gm13_7698300	7698300	7.6983	0.138462	27.3848	0	83.9663	-0.486595
13	Gm13_7707131	7707131	7.70713	0.369231	27.3446	0	83.8576	-0.48667
13	Gm13_7724063	7724063	7.72406	0.4	27.3942	0	83.7488	-0.48532
13	Gm13_7724080	7724080	7.72408	0.569231	25.7906	0.723684	79.3939	-0.488326
13	Gm13_7724241	7724241	7.72424	0.138462	26.9933	0.723684	79.2851	-0.467936
13	Gm13_7724298	7724298	7.7243	0.138462	27.0257	0.723684	79.3115	-0.467559
13	Gm13_7773015	7773015	7.77302	0.230769	26.7238	0.697368	78.7952	-0.469601
13	Gm13_7773023	7773023	7.77302	0.230769	26.7219	0.697368	78.6864	-0.469032
13	Gm13_7802550	7802550	7.80255	0.384615	26.9736	0	78.9869	-0.466616
13	Gm13_7802878	7802878	7.80288	0.107692	28.2763	0.684211	76.951	-0.434793
13	Gm13_7829203	7829203	7.8292	0.369231	26.561	0.0789474	76.2879	-0.458211
13	Gm13_7829209	7829209	7.82921	0.369231	26.5672	0.0789474	76.1872	-0.457536
13	Gm13_7887553	7887553	7.88755	0.123077	29.1476	0.684211	75.8417	-0.415305
13	Gm13_7887570	7887570	7.88757	0.123077	29.1538	0.684211	75.7329	-0.41459
13	Gm13_7887916	7887916	7.88792	0.153846	29.0007	0.684211	75.6242	-0.416252
13	Gm13_7888136	7888136	7.88814	0.153846	29.0069	0.684211	75.5154	-0.415534
13	Gm13_7888508	7888508	7.88851	0.169231	28.8471	0.697368	75.3502	-0.416982
13	Gm13_7888841	7888841	7.88884	0.153846	29.0173	0.684211	75.2699	-0.413964
13	Gm13_7970711	7970711	7.97071	0.646154	27.2147	0.25	74.9622	-0.440039
13	Gm13_7971033	7971033	7.97103	0.6	27.1816	0.223684	75.0531	-0.441094
13	Gm13_7971273	7971273	7.97127	0.0461538	30.6416	0.0263158	75.7858	-0.393276
13	Gm13_7971706	7971706	7.97171	0.123077	31.4242	0.684211	75.1665	-0.378761
13	Gm13_7971713	7971713	7.97171	0.123077	31.4542	0.684211	75.0616	-0.377739
13	Gm13_7975229	7975229	7.97523	0.138462	31.2837	0.723684	74.9937	-0.379707
13	Gm13_7975240	7975240	7.97524	0.153846	31.2393	0.697368	75.2974	-0.382078
13	Gm13_8033490	8033490	8.03349	0.0769231	29.0013	0.0131579	75.9286	-0.417988
13	Gm13_8089309	8089309	8.08931	0.369231	29.0855	0.0263158	76.2376	-0.418492
13	Gm13_8089546	8089546	8.08955	0.0769231	28.7066	0.0131579	76.1617	-0.423754
13	Gm13_8090851	8090851	8.09085	0.384615	29.922	0.0263158	76.0658	-0.405199
13	Gm13_8095260	8095260	8.09526	0.461538	29.8827	0.289474	74.9886	-0.399576
13	Gm13_8096884	8096884	8.09688	0.461538	30.0039	0.289474	74.928	-0.397466
13	Gm13_8096896	8096896	8.0969	0.461538	30.1191	0.289474	74.8374	-0.395276
13	Gm13_8139089	8139089	8.13909	0.0461538	47.2375	0.0394737	76.3627	-0.208594
13	Gm13_8194752	8194752	8.19475	0.169231	46.4214	0.618421	69.0218	-0.172268
13	Gm13_8213519	8213519	8.21352	0.0307692	47.0478	0.0263158	72.4051	-0.18723
13	Gm13_8234393	8234393	8.23439	0.661538	45.8907	0.302632	70.3394	-0.185474
13	Gm13_8246422	8246422	8.24642	0.630769	45.9689	0.276316	70.2472	-0.184165
13	Gm13_8246431	8246431	8.24643	0.153846	46.8514	0.644737	70.4025	-0.176866
13	Gm13_8246449	8246449	8.24645	0.2	46.8849	0.710526	70.3929	-0.176496
13	Gm13_8284242	8284242	8.28424	0.0307692	49.7062	0.0263158	72.6041	-0.164551
13	Gm13_8299077	8299077	8.29908	0.646154	48.6568	0.302632	72.1026	-0.170807
13	Gm13_8305660	8305660	8.30566	0.138462	51.1505	0.631579	71.4982	-0.145445
13	Gm13_8305679	8305679	8.30568	0.138462	51.4782	0.631579	71.5714	-0.143116
13	Gm13_8346566	8346566	8.34657	0.184615	51.1548	0.0394737	71.9072	-0.147886
13	Gm13_8346838	8346838	8.34684	0.630769	51.409	0.328947	71.8174	-0.145191
13	Gm13_8348725	8348725	8.34872	0.630769	51.4678	0.342105	71.61	-0.143439
13	Gm13_8350589	8350589	8.35059	0.630769	51.844	0.342105	71.8947	-0.141999
13	Gm13_8350612	8350612	8.35061	0.184615	52.1515	0.0394737	72.515	-0.143161
13	Gm13_8389196	8389196	8.3892	0.630769	52.3533	0.315789	72.1543	-0.139318
13	Gm13_8389212	8389212	8.38921	0.184615	52.8636	0.644737	72.1865	-0.135299
13	Gm13_8391283	8391283	8.39128	0.630769	53.0283	0.328947	72.5066	-0.13587
13	Gm13_8421141	8421141	8.42114	0.138462	53.8572	0.631579	72.5325	-0.129289
13	Gm13_8423857	8423857	8.42386	0.184615	54.1492	0.0394737	72.9749	-0.129582
13	Gm13_8423866	8423866	8.42387	0.138462	54.5399	0.631579	72.6288	-0.124395
13	Gm13_8433002	8433002	8.433	0.184615	55.9238	0.0394737	75.5771	-0.130794
13	Gm13_8436338	8436338	8.43634	0.184615	56.2515	0.0394737	75.6231	-0.12852
13	Gm13_8436369	8436369	8.43637	0.184615	56.5792	0.0394737	75.6691	-0.126262
13	Gm13_8466796	8466796	8.4668	0.184615	56.9067	0.0526316	74.328	-0.115989
13	Gm13_8466847	8466847	8.46685	0.184615	57.234	0.0526316	74.3883	-0.113851
13	Gm13_8473180	8473180	8.47318	0.230769	57.0734	0.0394737	75.8339	-0.12343
13	Gm13_8481261	8481261	8.48126	0.123077	57.2839	0.0131579	76.011	-0.122844
13	Gm13_8527469	8527469	8.52747	0.169231	57.5926	0.0131579	76.0856	-0.120936
13	Gm13_8540368	8540368	8.54037	0.630769	56.8635	0.328947	73.3298	-0.110446
13	Gm13_8549957	8549957	8.54996	0.0615385	60.0996	0.0263158	76.026	-0.10209
13	Gm13_8551840	8551840	8.55184	0.0615385	60.4266	0.0263158	76.1006	-0.100159
13	Gm13_8559558	8559558	8.55956	0.107692	60.5884	0.0263158	76.3024	-0.100148
13	Gm13_8559694	8559694	8.55969	0.0615385	61.4019	0.0263158	76.4237	-0.0950459
13	Gm13_8559709	8559709	8.55971	0.0615385	61.7319	0.0263158	76.5203	-0.0932675
13	Gm13_8562919	8562919	8.56292	0.0615385	62.0474	0.0263158	76.5949	-0.0914762
13	Gm13_8565450	8565450	8.56545	0.123077	61.0602	0.565789	68.8938	-0.0524221
13	Gm13_8576572	8576572	8.57657	0.230769	60.0622	0.0394737	72.2881	-0.0804655
13	Gm13_8586020	8586020	8.58602	0.123077	61.1518	0.618421	71.575	-0.0683522
13	Gm13_8589380	8589380	8.58938	0.0615385	61.5544	0.0263158	72.7637	-0.0726554
13	Gm13_8589639	8589639	8.58964	0.184615	61.6517	0.671053	72.3684	-0.0696038
13	Gm13_8593552	8593552	8.59355	0.0615385	62.1844	0.0263158	72.9249	-0.0691943
13	Gm13_8599172	8599172	8.59917	0.646154	61.4534	0.315789	72.6301	-0.0725707
13	Gm13_8642442	8642442	8.64244	0.0615385	63.392	0.0263158	73.1882	-0.0624063
13	Gm13_8642706	8642706	8.64271	0.123077	63.8098	0.605263	72.7163	-0.0567444
13	Gm13_8648886	8648886	8.64889	0.123077	64.0941	0.631579	73.4091	-0.0589321
13	Gm13_8648923	8648923	8.64892	0.123077	64.3784	0.631579	73.5329	-0.0577413
13	Gm13_8649219	8649219	8.64922	0.153846	64.3715	0.618421	72.4484	-0.0513349
13	Gm13_8649224	8649224	8.64922	0.0615385	65.4138	0.0263158	76.2324	-0.0664699
13	Gm13_8650080	8650080	8.65008	0.0615385	65.6991	0.0263158	76.3847	-0.065447
13	Gm13_8652294	8652294	8.65229	0.107692	64.7953	0.0131579	76.5457	-0.0723774
13	Gm13_8652981	8652981	8.65298	0.169231	64.7617	0.0131579	76.698	-0.0734662
13	Gm13_8654418	8654418	8.65442	0.0615385	65.4554	0.0263158	76.7961	-0.069394
13	Gm13_8694538	8694538	8.69454	0.0615385	65.7263	0.0263158	76.9416	-0.068422
13	Gm13_8698201	8698201	8.6982	0.123077	65.1962	0.631579	74.7684	-0.0594958
13	Gm13_8698224	8698224	8.69822	0.646154	64.804	0.315789	74.7911	-0.0622481
13	Gm13_8698233	8698233	8.69823	0.646154	65.075	0.302632	74.7223	-0.0600359
13	Gm13_8698350	8698350	8.69835	0.169231	65.6345	0.0131579	75.9114	-0.0631749
13	Gm13_8698701	8698701	8.6987	0.0615385	66.0419	0.0263158	75.9351	-0.0606231
13	Gm13_8698707	8698707	8.69871	0.169231	66.3062	0.0131579	76.1129	-0.0599042
13	Gm13_8700292	8700292	8.70029	0.123077	67.0578	0.644737	75.1822	-0.049666
13	Gm13_8711602	8711602	8.7116	0.123077	67.3144	0.631579	75.9397	-0.0523608
13	Gm13_8711797	8711797	8.7118	0.0615385	67.7599	0.0263158	76.9848	-0.0554324
13	Gm13_8725606	8725606	8.72561	0.0615385	68.023	0.0263158	77.1256	-0.0545429
13	Gm13_8729028	8729028	8.72903	0.646154	67.575	0.342105	75.8689	-0.0502781
13	Gm13_8766684	8766684	8.76668	0.123077	66.3872	0.0131579	76.5627	-0.0619327
13	Gm13_8766726	8766726	8.76673	0.230769	68.5486	0.631579	75.9708	-0.0446477
13	Gm13_8767019	8767019	8.76702	0.123077	69.0845	0.0131579	76.5888	-0.0447845
13	Gm13_8772544	8772544	8.77254	0.123077	69.5874	0.592105	76.1606	-0.0392
13	Gm13_8788360	8788360	8.78836	0.107692	69.7439	0.0263158	76.7516	-0.0415815
13	Gm13_8791307	8791307	8.79131	0.123077	70.0623	0.605263	76.4175	-0.0377085
13	Gm13_8791346	8791346	8.79135	0.215385	69.8167	0.0131579	77.0312	-0.0427076
13	Gm13_8802653	8802653	8.80265	0.123077	70.8024	0.618421	76.6891	-0.0346856
13	Gm13_8833653	8833653	8.83365	0.107692	70.9579	0.0263158	77.2614	-0.0369619
13	Gm13_8841520	8841520	8.84152	0.138462	70.7054	0.605263	77.0093	-0.0370904
13	Gm13_8841685	8841685	8.84169	0.138462	70.9847	0.605263	77.2239	-0.0365869
13	Gm13_8843429	8843429	8.84343	0.246154	71.1244	0.605263	77.4158	-0.0368106
13	Gm13_8843717	8843717	8.84372	0.107692	73.0623	0.0263158	80.3901	-0.0415094
13	Gm13_8844008	8844008	8.84401	0.107692	73.3046	0.0263158	80.51	-0.0407186
13	Gm13_8844029	8844029	8.84403	0.107692	73.6173	0.0263158	80.8228	-0.0405542
13	Gm13_8847129	8847129	8.84713	0.107692	73.8596	0.0263158	80.9427	-0.0397708
13	Gm13_8847139	8847139	8.84714	0.107692	74.102	0.0263158	81.0626	-0.038991
13	Gm13_8859282	8859282	8.85928	0.107692	74.3443	0.0263158	81.1825	-0.0382149
13	Gm13_8863024	8863024	8.86302	0.123077	73.675	0.618421	78.6195	-0.0282101
13	Gm13_8863037	8863037	8.86304	0.246154	72.9556	0.657895	78.6655	-0.0327257
13	Gm13_8915459	8915459	8.91546	0.107692	73.8367	0.0263158	80.0656	-0.0351738
13	Gm13_8922916	8922916	8.92292	0.107692	74.079	0.0263158	80.1855	-0.0344007
13	Gm13_8948257	8948257	8.94826	0.107692	74.313	0.0263158	80.3031	-0.0336677
13	Gm13_8948268	8948268	8.94827	0.646154	73.7927	0.342105	79.1305	-0.0303301
13	Gm13_8948513	8948513	8.94851	0.107692	74.936	0.0263158	80.3233	-0.0301506
13	Gm13_8948554	8948554	8.94855	0.107692	75.1531	0.0263158	80.4386	-0.0295178
13	Gm13_8970672	8970672	8.97067	0.123077	75.0293	0.618421	79.4515	-0.0248716
13	Gm13_8970731	8970731	8.97073	0.107692	76.0783	0.0263158	80.2683	-0.0232833
13	Gm13_8971457	8971457	8.97146	0.630769	75.3548	0.315789	80.1158	-0.0266072
13	Gm13_8971656	8971656	8.97166	0.107692	75.8161	0.0263158	80.6347	-0.0267606
13	Gm13_8977154	8977154	8.97715	0.630769	75.8502	0.328947	80.3841	-0.0252136
13	Gm13_9007577	9007577	9.00758	0.0923077	75.768	0.0131579	80.7753	-0.0277927
13	Gm13_9008990	9008990	9.00899	0.630769	75.4573	0.328947	80.2644	-0.0268219
13	Gm13_9009258	9009258	9.00926	0.0923077	75.8342	0.0131579	80.8847	-0.0280013
13	Gm13_9021988	9021988	9.02199	0.630769	75.66	0.315789	80.7167	-0.0280971
13	Gm13_9022008	9022008	9.02201	0.738462	77.9668	0.342105	81.153	-0.0173947
13	Gm13_9031846	9031846	9.03185	0.261538	77.7989	0.631579	81.495	-0.0201573
13	Gm13_9032071	9032071	9.03207	0.261538	77.6459	0.631579	81.5701	-0.0214125
13	Gm13_9089344	9089344	9.08934	0.169231	77.5606	0.618421	81.4673	-0.0213421
13	Gm13_9089494	9089494	9.08949	0.169231	77.3919	0.618421	81.5269	-0.022605
13	Gm13_9119421	9119421	9.11942	0.0923077	77.2259	0.0131579	81.9674	-0.0258783
13	Gm13_9119660	9119660	9.11966	0.169231	77.2099	0.592105	81.69	-0.0244961
13	Gm13_9162410	9162410	9.16241	0.169231	77.0171	0.618421	81.7687	-0.0259997
13	Gm13_9169061	9169061	9.16906	0.0923077	76.8653	0.0131579	82.2853	-0.0295919
13	Gm13_9176520	9176520	9.17652	0.261538	76.3755	0.631579	81.6996	-0.0292659
13	Gm13_9177270	9177270	9.17727	0.169231	76.4736	0.592105	81.8675	-0.0296001
13	Gm13_9186777	9186777	9.18678	0.261538	76.119	0.644737	81.8725	-0.0316448
13	Gm13_9248326	9248326	9.24833	0.169231	75.9244	0.592105	81.9569	-0.0332042
13	Gm13_9262203	9262203	9.2622	0.261538	75.5985	0.618421	81.8228	-0.0343617
13	Gm13_9276331	9276331	9.27633	0.261538	75.2655	0.605263	81.6835	-0.0355387
13	Gm13_9276642	9276642	9.27664	0.261538	75.1926	0.618421	81.8947	-0.0370802
13	Gm13_9281431	9281431	9.28143	0.0923077	75.3207	0.0131579	82.8596	-0.0414283
13	Gm13_9286135	9286135	9.28613	0.0923077	75.016	0.0131579	82.8269	-0.0430179
13	Gm13_9286390	9286390	9.28639	0.169231	74.4835	0.592105	81.9987	-0.0417469
13	Gm13_9286403	9286403	9.2864	0.261538	74.1114	0.605263	82.0102	-0.0439828
13	Gm13_9286425	9286425	9.28642	0.107692	72.4091	0.0263158	82.3404	-0.0558199
13	Gm13_9286637	9286637	9.28664	0.169231	72.6162	0.618421	81.845	-0.051959
13	Gm13_9287663	9287663	9.28766	0.169231	72.2822	0.605263	81.6775	-0.0530713
13	Gm13_9295114	9295114	9.29511	0.169231	71.9845	0.618421	81.8483	-0.0557705
13	Gm13_9295356	9295356	9.29536	0.169231	71.8234	0.618421	81.9695	-0.0573867
13	Gm13_9295377	9295377	9.29538	0.169231	71.4923	0.618421	81.8368	-0.0586894
13	Gm13_9315865	9315865	9.31587	0.107692	70.7151	0.0263158	82.1032	-0.0648476
13	Gm13_9319145	9319145	9.31915	0.261538	69.6408	0.644737	81.4822	-0.0681991
13	Gm13_9320541	9320541	9.32054	0.261538	69.5691	0.644737	81.6829	-0.0697146
13	Gm13_9320793	9320793	9.32079	0.630769	69.134	0.328947	81.6666	-0.0723527
13	Gm13_9321721	9321721	9.32172	0.153846	70.7897	0.605263	81.5724	-0.0615729
13	Gm13_9321753	9321753	9.32175	0.153846	70.4901	0.605263	81.5476	-0.063283
13	Gm13_9321950	9321950	9.32195	0.153846	70.1886	0.618421	81.5493	-0.0651533
13	Gm13_9322024	9322024	9.32202	0.0923077	69.8697	0.0131579	82.3547	-0.0713998
13	Gm13_9322069	9322069	9.32207	0.0923077	69.5682	0.0131579	82.3289	-0.0731418
13	Gm13_9338539	9338539	9.33854	0.169231	67.2382	0.592105	81.2092	-0.0819895
13	Gm13_9366323	9366323	9.36632	0.184615	66.3806	0.592105	81.1835	-0.0874266
13	Gm13_9366492	9366492	9.36649	0.276923	65.9327	0.631579	80.3454	-0.0858602
13	Gm13_9386433	9386433	9.38643	0.153846	67.3787	0.592105	80.8405	-0.0791066
13	Gm13_9386592	9386592	9.38659	0.0923077	67.2136	0.0131579	81.3154	-0.0827158
13	Gm13_9396707	9396707	9.39671	0.153846	66.7979	0.618421	80.4795	-0.0809226
13	Gm13_9397089	9397089	9.39709	0.246154	66.4334	0.644737	80.4284	-0.0830227
13	Gm13_9403943	9403943	9.40394	0.153846	66.2922	0.592105	80.3579	-0.0835663
13	Gm13_9403957	9403957	9.40396	0.246154	66.1509	0.605263	80.5558	-0.0855612
13	Gm13_9407669	9407669	9.40767	0.646154	64.1805	0.342105	80.4152	-0.0979349
13	Gm13_9427248	9427248	9.42725	0.261538	63.9957	0.631579	80.4812	-0.0995436
13	Gm13_9427537	9427537	9.42754	0.261538	63.7424	0.631579	80.4352	-0.101018
13	Gm13_9456402	9456402	9.4564	0.0923077	64.4298	0.0131579	80.8106	-0.0983814
13	Gm13_9493891	9493891	9.49389	0.153846	64.2516	0.605263	80.0505	-0.0954798
13	Gm13_9494249	9494249	9.49425	0.153846	63.9974	0.605263	79.989	-0.096868
13	Gm13_9511968	9511968	9.51197	0.153846	63.7426	0.592105	79.9537	-0.0984087
13	Gm13_9511977	9511977	9.51198	0.261538	61.503	0.618421	79.9184	-0.113751
13	Gm13_9512005	9512005	9.51201	0.261538	61.2635	0.618421	79.8567	-0.115109
13	Gm13_9513184	9513184	9.51318	0.276923	61.5444	0.618421	79.966	-0.113717
13	Gm13_9513211	9513211	9.51321	0.276923	61.3058	0.618421	79.9047	-0.115071
13	Gm13_9550739	9550739	9.55074	0.153846	61.205	0.592105	79.8035	-0.115235
13	Gm13_9550805	9550805	9.55081	0.276923	60.026	0.618421	79.7056	-0.123149
13	Gm13_9582142	9582142	9.58214	0.246154	61.6064	0.697368	77.3036	-0.098574
13	Gm13_9602083	9602083	9.60208	0.738462	61.3519	0.289474	77.2754	-0.100213
13	Gm13_9602302	9602302	9.6023	0.0923077	61.577	0.0921053	77.4404	-0.0995486
13	Gm13_9602315	9602315	9.60232	0.153846	61.3795	0.605263	77.1113	-0.0990946
13	Gm13_9602336	9602336	9.60234	0.153846	61.1401	0.605263	77.0543	-0.100471
13	Gm13_9602345	9602345	9.60234	0.0923077	60.8538	0.0921053	77.2534	-0.103629
13	Gm13_9602634	9602634	9.60263	0.153846	61.6049	0.618421	78.1456	-0.103289
13	Gm13_9612103	9612103	9.6121	0.153846	61.3633	0.592105	78.1154	-0.104828
13	Gm13_9634918	9634918	9.63492	0.169231	61.1209	0.605263	78.2713	-0.107413
13	Gm13_9634966	9634966	9.63497	0.169231	60.8671	0.605263	78.2124	-0.108893
13	Gm13_9635146	9635146	9.63515	0.169231	60.6033	0.592105	78.1335	-0.110341
13	Gm13_9635164	9635164	9.63516	0.169231	60.3395	0.605263	78.0799	-0.111937
13	Gm13_9635197	9635197	9.6352	0.169231	60.0757	0.592105	78.0157	-0.113483
13	Gm13_9645366	9645366	9.64537	0.169231	58.1147	0.605263	77.9912	-0.12776
13	Gm13_9645695	9645695	9.64569	0.153846	58.5547	0.605263	77.9323	-0.124156
13	Gm13_9645859	9645859	9.64586	0.107692	57.1123	0.0394737	77.965	-0.13517
13	Gm13_9673560	9673560	9.67356	0.630769	55.1496	0.368421	77.5397	-0.147981
13	Gm13_9677004	9677004	9.677	0.138462	55.0905	0.0263158	78.1746	-0.151989
13	Gm13_9677034	9677034	9.67703	0.307692	54.6262	0.631579	77.6691	-0.152847
13	Gm13_9682427	9682427	9.68243	0.138462	55.4443	0.0263158	79.093	-0.154281
13	Gm13_9682686	9682686	9.68269	0.138462	55.2034	0.0263158	79.0341	-0.155849
13	Gm13_9682857	9682857	9.68286	0.138462	54.9624	0.0263158	78.9751	-0.157424
13	Gm13_9683369	9683369	9.68337	0.153846	54.2601	0.618421	77.5037	-0.154842
13	Gm13_9683695	9683695	9.6837	0.646154	53.533	0.328947	77.0486	-0.158143
13	Gm13_9684868	9684868	9.68487	0.138462	56.3003	0.0263158	80.9128	-0.157506
13	Gm13_9684885	9684885	9.68488	0.138462	56.0589	0.0263158	80.8542	-0.159058
13	Gm13_9685222	9685222	9.68522	0.138462	55.8076	0.0263158	80.7629	-0.160519
13	Gm13_9685265	9685265	9.68526	0.138462	55.5662	0.0263158	80.7043	-0.162086
13	Gm13_9685310	9685310	9.68531	0.138462	55.5408	0.0263158	80.9014	-0.163344
13	Gm13_9685946	9685946	9.68595	0.0923077	55.2692	0.0263158	80.8429	-0.165159
13	Gm13_9700547	9700547	9.70055	0.138462	55.0617	0.0263158	80.8715	-0.166945
13	Gm13_9703701	9703701	9.7037	0.138462	54.8204	0.0263158	80.8129	-0.168539
13	Gm13_9703840	9703840	9.70384	0.153846	52.9333	0.592105	76.6878	-0.160998
13	Gm13_9705899	9705899	9.7059	0.138462	54.7925	0.0263158	83.2566	-0.181698
13	Gm13_9706209	9706209	9.70621	0.138462	54.5837	0.0263158	83.2209	-0.183169
13	Gm13_9753040	9753040	9.75304	0.0923077	54.4349	0.0263158	83.1466	-0.183967
13	Gm13_9753065	9753065	9.75306	0.0923077	54.1854	0.0263158	83.0724	-0.185574
13	Gm13_9758982	9758982	9.75898	0.138462	53.7333	0.0263158	82.7649	-0.187603
13	Gm13_9771798	9771798	9.7718	0.0923077	53.5376	0.0263158	82.4678	-0.187625
13	Gm13_9772030	9772030	9.77203	0.107692	51.6416	0.0263158	82.5352	-0.203639
13	Gm13_9830262	9830262	9.83026	0.138462	51.6034	0.0263158	82.4609	-0.20357
13	Gm13_9838677	9838677	9.83868	0.292308	34.0953	0	82.2889	-0.382647
13	Gm13_9860612	9860612	9.86061	0.0923077	43.8488	0.0263158	81.9912	-0.271809
13	Gm13_9860643	9860643	9.86064	0.138462	43.6765	0.0263158	81.8154	-0.272587
13	Gm13_9860854	9860854	9.86085	0.0923077	43.9528	0.0263158	81.7408	-0.269452
13	Gm13_9868512	9868512	9.86851	0.0923077	43.8485	0.0263158	81.4763	-0.269076
13	Gm13_9889490	9889490	9.88949	0.630769	41.0788	0.263158	76.0263	-0.267346
13	Gm13_9892630	9892630	9.89263	0.0923077	43.4963	0.0263158	78.5873	-0.256901
13	Gm13_9892654	9892654	9.89265	0.0923077	43.5598	0.0263158	78.6499	-0.256613
13	Gm13_9892675	9892675	9.89268	0.0923077	43.5612	0.0263158	78.5753	-0.256186
13	Gm13_9892819	9892819	9.89282	0.0923077	43.6622	0.0263158	78.7207	-0.255983
13	Gm13_9893012	9893012	9.89301	0.0923077	43.6636	0.0263158	78.6461	-0.255557
13	Gm13_9922025	9922025	9.92202	0.138462	43.2206	0.0263158	78.5715	-0.259574
13	Gm13_9922556	9922556	9.92256	0.0923077	43.3434	0.0263158	78.4969	-0.257929
13	Gm13_9930983	9930983	9.93098	0.492308	35.3604	0.197368	74.1568	-0.321634
13	Gm13_9932083	9932083	9.93208	0.169231	37.9701	0.618421	71.9084	-0.277338
13	Gm13_9970807	9970807	9.97081	0.215385	37.937	0.605263	71.5194	-0.275361
13	Gm13_10011638	10011638	10.0116	0.153846	38.3043	0.618421	71.5739	-0.271507
13	Gm13_10011933	10011933	10.0119	0.0923077	38.5567	0.0263158	74.1366	-0.283933
13	Gm13_10022432	10022432	10.0224	0.138462	34.2869	0.0657895	72.4285	-0.324781
13	Gm13_10043946	10043946	10.0439	0.0923077	42.2194	0.0263158	73.9021	-0.243145
13	Gm13_10043992	10043992	10.044	0.692308	41.607	0.25	72.618	-0.241878
13	Gm13_10049555	10049555	10.0496	0.153846	42.5163	0.684211	72.2962	-0.23056
13	Gm13_10049617	10049617	10.0496	0.107692	42.7262	0.0394737	72.7357	-0.231053
13	Gm13_10049837	10049837	10.0498	0.153846	43.1532	0.605263	71.4582	-0.21904
13	Gm13_10081113	10081113	10.0811	0.153846	43.3096	0.605263	71.4516	-0.217428
13	Gm13_10085620	10085620	10.0856	0.153846	43.4661	0.605263	71.445	-0.215821
13	Gm13_10091693	10091693	10.0917	0.153846	43.6226	0.684211	71.5551	-0.21493
13	Gm13_10121618	10121618	10.1216	0.676923	42.4553	0.25	74.322	-0.243185
13	Gm13_10156698	10156698	10.1567	0.107692	44.2143	0.0394737	76.0443	-0.235504
13	Gm13_10181420	10181420	10.1814	0.107692	44.3708	0.0394737	76.0683	-0.234107
13	Gm13_10181452	10181452	10.1815	0.107692	44.5272	0.118421	75.7329	-0.230659
13	Gm13_10181457	10181457	10.1815	0.107692	44.6837	0.0394737	76.1619	-0.231589
13	Gm13_10207792	10207792	10.2078	0.107692	44.8402	0.0394737	76.186	-0.230208
13	Gm13_10222518	10222518	10.2225	0.0769231	43.8329	0.0263158	76.0227	-0.239144
13	Gm13_10241177	10241177	10.2412	0.646154	42.3041	0.302632	74.3539	-0.244921
13	Gm13_10273451	10273451	10.2735	0.646154	42.3922	0.223684	74.5958	-0.245428
13	Gm13_10282437	10282437	10.2824	0.6	42.5402	0.236842	74.583	-0.24384
13	Gm13_10282567	10282567	10.2826	0.646154	42.9383	0.223684	74.6312	-0.240075
13	Gm13_10282573	10282573	10.2826	0.0615385	44.1585	0.105263	75.4296	-0.232528
13	Gm13_10282940	10282940	10.2829	0.107692	44.1658	0.0394737	75.8481	-0.234859
13	Gm13_10284807	10284807	10.2848	0.107692	44.3172	0.0394737	75.8735	-0.233518
13	Gm13_10285078	10285078	10.2851	0.0615385	45.1036	0.0789474	75.9812	-0.226495
13	Gm13_10340243	10340243	10.3402	0.584615	43.9032	0.223684	74.986	-0.232484
13	Gm13_10340318	10340318	10.3403	0.676923	44.0038	0.315789	74.7818	-0.230306
13	Gm13_10340882	10340882	10.3409	0.646154	44.588	0.315789	74.8066	-0.224722
13	Gm13_10340982	10340982	10.341	0.492308	42.3313	0.184211	74.5997	-0.246076
13	Gm13_10341711	10341711	10.3417	0.0615385	47.2791	0.0921053	74.4667	-0.197293
13	Gm13_10409254	10409254	10.4093	0.630769	49.219	0.223684	76.2375	-0.190036
13	Gm13_10409291	10409291	10.4093	0.630769	49.3755	0.223684	76.2783	-0.18889
13	Gm13_10409481	10409481	10.4095	0.630769	49.5653	0.223684	76.4331	-0.188104
13	Gm13_10485190	10485190	10.4852	0.246154	50.6679	0.75	76.3879	-0.178292
13	Gm13_10487089	10487089	10.4871	0.2	51.0945	0.671053	76.2278	-0.173739
13	Gm13_10487097	10487097	10.4871	0.676923	50.8901	0.302632	76.2208	-0.17544
13	Gm13_10487198	10487198	10.4872	0.2	51.3356	0.671053	76.2584	-0.171869
13	Gm13_10487212	10487212	10.4872	0.2	51.495	0.671053	76.2996	-0.170757
13	Gm13_10487250	10487250	10.4872	0.123077	51.8885	0.0263158	77.2926	-0.173067
13	Gm13_10487706	10487706	10.4877	0.123077	52.0469	0.0263158	77.3337	-0.171974
13	Gm13_10488592	10488592	10.4886	0.615385	51.2131	0.184211	76.8114	-0.176044
13	Gm13_10489163	10489163	10.4892	0.676923	52.3461	0.315789	75.5357	-0.159268
13	Gm13_10489365	10489365	10.4894	0.123077	52.7184	0.0263158	77.64	-0.168123
13	Gm13_10491747	10491747	10.4917	0.2	52.9488	0.657895	77.1238	-0.163332
13	Gm13_10499144	10499144	10.4991	0.2	53.1087	0.644737	76.9099	-0.160817
13	Gm13_10499173	10499173	10.4992	0.661538	52.8999	0.223684	77.2741	-0.164579
13	Gm13_10503148	10503148	10.5031	0.2	53.259	0.736842	77.2854	-0.161705
13	Gm13_10519690	10519690	10.5197	0.123077	53.7847	0.0263158	78.1367	-0.162197
13	Gm13_10519907	10519907	10.5199	0.123077	53.944	0.0263158	78.205	-0.161291
13	Gm13_10523186	10523186	10.5232	0.676923	53.7561	0.328947	77.3169	-0.157847
13	Gm13_10525908	10525908	10.5259	0.630769	53.5133	0.210526	77.3437	-0.159963
13	Gm13_10526181	10526181	10.5262	0.630769	53.6726	0.210526	77.4135	-0.159063
13	Gm13_10526430	10526430	10.5264	0.630769	53.8296	0.223684	77.878	-0.160394
13	Gm13_10526467	10526467	10.5265	0.215385	54.2543	0.644737	77.6921	-0.155942
13	Gm13_10543159	10543159	10.5432	0.2	54.4653	0.644737	77.766	-0.15467
13	Gm13_10560865	10560865	10.5609	0.123077	54.8036	0.0263158	78.636	-0.156813
13	Gm13_10560897	10560897	10.5609	0.123077	54.9433	0.0263158	78.6973	-0.156045
13	Gm13_10561792	10561792	10.5618	0.2	54.8557	0.644737	77.9678	-0.152693
13	Gm13_10598213	10598213	10.5982	0.215385	54.9967	0.644737	78.1195	-0.152423
13	Gm13_10598237	10598237	10.5982	0.630769	54.9437	0.223684	78.7031	-0.156074
13	Gm13_10613997	10613997	10.614	0.630769	55.083	0.236842	78.7414	-0.155186
13	Gm13_10614169	10614169	10.6142	0.630769	55.2223	0.236842	78.7864	-0.154337
13	Gm13_10614190	10614190	10.6142	0.630769	55.3616	0.236842	78.8314	-0.153491
13	Gm13_10614199	10614199	10.6142	0.215385	55.4293	0.671053	78.369	-0.150405
13	Gm13_10614224	10614224	10.6142	0.630769	55.6072	0.236842	78.9286	-0.152103
13	Gm13_10647565	10647565	10.6476	0.615385	54.7219	0.236842	78.9735	-0.15932
13	Gm13_10647794	10647794	10.6478	0.615385	54.8617	0.236842	79.0183	-0.158459
13	Gm13_10648190	10648190	10.6482	0.661538	56.4698	0.236842	79.0629	-0.146157
13	Gm13_10670226	10670226	10.6702	0.123077	56.7069	0.0263158	79.325	-0.145774
13	Gm13_10670608	10670608	10.6706	0.2	56.8073	0.644737	78.411	-0.139973
13	Gm13_10670619	10670619	10.6706	0.646154	56.9289	0.236842	79.1182	-0.142944
13	Gm13_10671003	10671003	10.671	0.630769	57.0344	0.236842	79.1628	-0.142385
13	Gm13_10671022	10671022	10.671	0.630769	57.1736	0.236842	79.2075	-0.14157
13	Gm13_10671029	10671029	10.671	0.630769	57.306	0.236842	79.2521	-0.14081
13	Gm13_10725919	10725919	10.7259	0.184615	57.0045	0.644737	77.3769	-0.132702
13	Gm13_10725948	10725948	10.7259	0.630769	55.6145	0.197368	78.048	-0.147173
13	Gm13_10746013	10746013	10.746	0.153846	56.2487	0.0526316	78.2504	-0.143374
13	Gm13_10763573	10763573	10.7636	0.615385	56.1356	0.197368	78.339	-0.144739
13	Gm13_10776487	10776487	10.7765	0.153846	56.8249	0.0394737	78.8619	-0.142329
13	Gm13_10840524	10840524	10.8405	0.123077	56.9327	0.0263158	78.9243	-0.141849
13	Gm13_10898875	10898875	10.8989	0.138462	57.0565	0.0394737	78.9752	-0.141185
13	Gm13_10898897	10898897	10.8989	0.246154	55.3942	0.736842	78.3932	-0.150815
13	Gm13_10899129	10899129	10.8991	0.2	55.6877	0.723684	78.616	-0.149752
13	Gm13_10934440	10934440	10.9344	0.138462	58.6982	0.0394737	80.0909	-0.134958
13	Gm13_10975552	10975552	10.9756	0.153846	58.7886	0.0526316	80.1263	-0.134482
13	Gm13_11004096	11004096	11.0041	0.0461538	58.5504	0.0263158	80.5433	-0.138499
13	Gm13_11004617	11004617	11.0046	0.215385	58.2276	0.144737	79.594	-0.135751
13	Gm13_11050114	11050114	11.0501	0.169231	58.574	0.0921053	79.5152	-0.132746
13	Gm13_11068990	11068990	11.069	0.153846	58.5502	0.105263	79.4577	-0.132607
13	Gm13_11069161	11069161	11.0692	0.0307692	59.1623	0.0131579	79.8324	-0.130134
13	Gm13_11072152	11072152	11.0722	0.184615	57.8305	0.657895	78.2659	-0.131416
13	Gm13_11072854	11072854	11.0729	0.0307692	57.9946	0.0131579	78.7566	-0.132899
13	Gm13_11075530	11075530	11.0755	0.184615	57.6215	0.644737	78.097	-0.13205
13	Gm13_11075788	11075788	11.0758	0.169231	56.9931	0.131579	78.2192	-0.137491
13	Gm13_11075830	11075830	11.0758	0.615385	56.5651	0.210526	78.2576	-0.140978
13	Gm13_11077530	11077530	11.0775	0.753846	56.453	0.263158	78.1518	-0.141252
13	Gm13_11077723	11077723	11.0777	0.738462	56.3764	0.315789	78.0884	-0.141489
13	Gm13_11081812	11081812	11.0818	0.169231	56.9589	0.118421	78.5262	-0.139453
13	Gm13_11089965	11089965	11.09	0.0307692	58.0638	0.0131579	79.1593	-0.134597
13	Gm13_11090290	11090290	11.0903	0.2	57.4057	0.644737	78.4419	-0.135594
13	Gm13_11121730	11121730	11.1217	0.2	57.564	0.710526	78.2388	-0.133271
13	Gm13_11141389	11141389	11.1414	0.0461538	58.1033	0.118421	78.7695	-0.132157
13	Gm13_11141426	11141426	11.1414	0.0461538	58.0004	0.0263158	79.052	-0.134482
13	Gm13_11155182	11155182	11.1552	0.261538	52.1687	0.657895	78.3478	-0.176616
13	Gm13_11160796	11160796	11.1608	0.0461538	52.6151	0.0789474	79.7648	-0.180701
13	Gm13_11173731	11173731	11.1737	0.169231	52.2381	0.657895	79.4108	-0.181892
13	Gm13_11200572	11200572	11.2006	0.553846	51.5576	0.223684	80.2426	-0.192113
13	Gm13_11200604	11200604	11.2006	0.553846	51.4967	0.223684	80.3841	-0.193391
13	Gm13_11217228	11217228	11.2172	0.553846	51.3431	0.197368	80.4479	-0.195033
13	Gm13_11217235	11217235	11.2172	0.553846	51.1895	0.197368	80.4577	-0.196387
13	Gm13_11217246	11217246	11.2172	0.553846	51.1212	0.210526	80.8101	-0.198865
13	Gm13_11217278	11217278	11.2173	0.0461538	51.347	0.0263158	81.0784	-0.19839
13	Gm13_11233841	11233841	11.2338	0.523077	50.4373	0.223684	80.8104	-0.204715
13	Gm13_11233905	11233905	11.2339	0.323077	49.8484	0.684211	79.9936	-0.205403
13	Gm13_11245665	11245665	11.2457	0.215385	49.8562	0.105263	80.3276	-0.207145
13	Gm13_11245950	11245950	11.246	0.523077	50.2039	0.223684	80.9164	-0.207299
13	Gm13_11246241	11246241	11.2462	0.0461538	53.0266	0.0263158	83.1684	-0.195465
13	Gm13_11248648	11248648	11.2486	0.0461538	52.873	0.0263158	83.1475	-0.196615
13	Gm13_11249860	11249860	11.2499	0.0461538	52.8136	0.0263158	83.2771	-0.19778
13	Gm13_11250771	11250771	11.2508	0.0769231	52.357	0.0526316	82.7474	-0.198779
13	Gm13_11250935	11250935	11.2509	0.0461538	52.4651	0.0263158	82.9472	-0.198931
13	Gm13_11250975	11250975	11.251	0.0461538	52.3044	0.0263158	82.9263	-0.200155
13	Gm13_11252431	11252431	11.2524	0.0461538	52.1436	0.0263158	82.9054	-0.201382
13	Gm13_11252639	11252639	11.2526	0.523077	48.9806	0.223684	80.612	-0.216375
13	Gm13_11265630	11265630	11.2656	0.123077	49.019	0.105263	79.7264	-0.211238
13	Gm13_11286774	11286774	11.2868	0.230769	48.8905	0.684211	79.5877	-0.211622
13	Gm13_11324409	11324409	11.3244	0.0461538	49.0182	0.0263158	80.279	-0.214244
13	Gm13_11324503	11324503	11.3245	0.615385	48.2227	0.236842	79.9748	-0.219701
13	Gm13_11324768	11324768	11.3248	0.0769231	49.2947	0.0263158	80.3033	-0.211933
13	Gm13_11420491	11420491	11.4205	0.184615	49.1365	0.710526	80.0226	-0.211808
13	Gm13_11420528	11420528	11.4205	0.184615	49.1553	0.710526	80.2781	-0.213027
13	Gm13_11420730	11420730	11.4207	0.215385	48.9598	0.710526	80.2411	-0.214557
13	Gm13_11420740	11420740	11.4207	0.0461538	48.9331	0.0263158	80.5955	-0.216708
13	Gm13_11420777	11420777	11.4208	0.215385	48.7377	0.657895	80.1246	-0.215901
13	Gm13_11425401	11425401	11.4254	0.646154	47.8518	0.236842	80.3032	-0.224834
13	Gm13_11448822	11448822	11.4488	0.553846	47.1133	0.236842	80.2662	-0.23139
13	Gm13_11466895	11466895	11.4669	0.107692	47.4524	0.0131579	80.638	-0.230282
13	Gm13_11466967	11466967	11.467	0.646154	47.1883	0.302632	80.0535	-0.229545
13	Gm13_11473933	11473933	11.4739	0.646154	46.9591	0.315789	79.6041	-0.229215
13	Gm13_11473955	11473955	11.474	0.169231	46.8728	0.0394737	80.1136	-0.232785
13	Gm13_11473988	11473988	11.474	0.553846	46.3051	0.236842	79.7933	-0.236337
13	Gm13_11483591	11483591	11.4836	0.646154	46.8363	0.289474	79.1916	-0.228096
13	Gm13_11483827	11483827	11.4838	0.646154	46.666	0.223684	79.2439	-0.229965
13	Gm13_11483866	11483866	11.4839	0.184615	47.1101	0.657895	79.3278	-0.226311
13	Gm13_11494879	11494879	11.4949	0.184615	46.9398	0.657895	79.2786	-0.227615
13	Gm13_11495228	11495228	11.4952	0.2	46.1578	0.684211	79.2174	-0.234575
13	Gm13_11514427	11514427	11.5144	0.0615385	47.3334	0.0263158	80.6781	-0.231588
13	Gm13_11525015	11525015	11.525	0.0923077	46.8766	0.0263158	80.2324	-0.233393
13	Gm13_11527620	11527620	11.5276	0.107692	46.6911	0.0263158	80.1833	-0.23485
13	Gm13_11539212	11539212	11.5392	0.184615	46.4326	0.0657895	79.7952	-0.235154
13	Gm13_11569392	11569392	11.5694	0.753846	50.2001	0.25	78.9777	-0.1968
13	Gm13_11569444	11569444	11.5694	0.0615385	50.4816	0.0263158	79.2292	-0.195752
13	Gm13_11588639	11588639	11.5886	0.753846	47.6858	0.25	78.8515	-0.218421
13	Gm13_11597793	11597793	11.5978	0.738462	47.881	0.236842	78.862	-0.216704
13	Gm13_11597806	11597806	11.5978	0.738462	47.7241	0.236842	78.809	-0.217838
13	Gm13_11607409	11607409	11.6074	0.184615	47.6103	0.684211	82.2425	-0.237395
13	Gm13_11607429	11607429	11.6074	0.184615	47.4658	0.684211	82.2662	-0.238841
13	Gm13_11608283	11608283	11.6083	0.169231	47.9076	0.697368	82.3102	-0.23505
13	Gm13_11625566	11625566	11.6256	0.753846	47.4512	0.223684	81.4103	-0.234433
13	Gm13_11625585	11625585	11.6256	0.753846	47.3066	0.223684	81.4504	-0.235971
13	Gm13_11625990	11625990	11.626	0.169231	47.5232	0.697368	82.9052	-0.241676
13	Gm13_11632094	11632094	11.6321	0.753846	47.226	0.210526	84.069	-0.250455
13	Gm13_11632855	11632855	11.6329	0.769231	47.2126	0.210526	84.1266	-0.250875
13	Gm13_11633032	11633032	11.633	0.769231	47.0681	0.210526	84.1841	-0.252503
13	Gm13_11633090	11633090	11.6331	0.769231	46.9235	0.210526	84.2416	-0.254136
13	Gm13_11633325	11633325	11.6333	0.769231	46.8781	0.210526	84.4589	-0.255675
13	Gm13_11633334	11633334	11.6333	0.769231	46.7336	0.197368	84.4987	-0.257221
13	Gm13_11633357	11633357	11.6334	0.0307692	46.7373	0.0263158	84.6436	-0.25793
13	Gm13_11634971	11634971	11.635	0.753846	46.1724	0.210526	84.4348	-0.26214
13	Gm13_11635033	11635033	11.635	0.0307692	46.4209	0.0263158	84.7754	-0.261556
13	Gm13_11635267	11635267	11.6353	0.753846	44.474	0.210526	84.5533	-0.279024
13	Gm13_11638441	11638441	11.6384	0.169231	45.7313	0.697368	83.8925	-0.26351
13	Gm13_11643582	11643582	11.6436	0.0153846	45.9962	0.0394737	84.3198	-0.263208
13	Gm13_11644218	11644218	11.6442	0.246154	39.3375	0.0657895	83.8698	-0.328798
13	Gm13_11644260	11644260	11.6443	0.215385	39.1128	0.684211	83.3471	-0.328571
13	Gm13_11644841	11644841	11.6448	0.523077	38.901	0.197368	83.4124	-0.331269
13	Gm13_11645609	11645609	11.6456	0.184615	38.9404	0.697368	83.4312	-0.330928
13	Gm13_11645934	11645934	11.6459	0.538462	38.6456	0.210526	83.8215	-0.336255
13	Gm13_11645959	11645959	11.646	0.230769	39.7452	0.0657895	85.4387	-0.33237
13	Gm13_11664301	11664301	11.6643	0.230769	39.7865	0.0657895	85.7733	-0.333617
13	Gm13_11664629	11664629	11.6646	0.0461538	40.0052	0.0657895	85.2506	-0.328581
13	Gm13_11669268	11669268	11.6693	0.230769	39.5354	0.0657895	84.9938	-0.332401
13	Gm13_11669336	11669336	11.6693	0.276923	39.3704	0.144737	84.846	-0.333462
13	Gm13_11687756	11687756	11.6878	0.230769	39.8774	0.0657895	86.8972	-0.338278
13	Gm13_11688146	11688146	11.6881	0.2	42.0571	0.697368	86.1419	-0.311375
13	Gm13_11688274	11688274	11.6883	0.2	42.0373	0.736842	86.4562	-0.313162
13	Gm13_11697029	11697029	11.697	0.430769	33.2234	0.223684	92.3598	-0.444039
13	Gm13_11697055	11697055	11.6971	0.338462	36.517	0	95.1938	-0.416113
13	Gm13_11736586	11736586	11.7366	0.646154	39.8253	0.223684	93.369	-0.370043
13	Gm13_11736655	11736655	11.7367	0.646154	39.9565	0.223684	93.5485	-0.369449
13	Gm13_11736747	11736747	11.7367	0.646154	40.0877	0.223684	93.728	-0.368858
13	Gm13_11736762	11736762	11.7368	0.661538	40.1578	0.223684	93.9075	-0.36893
13	Gm13_11790660	11790660	11.7907	0.630769	39.9987	0.223684	94.087	-0.371484
13	Gm13_11790703	11790703	11.7907	0.630769	40.1299	0.223684	94.2665	-0.37089
13	Gm13_11818857	11818857	11.8189	0.676923	40.9074	0.236842	94.2967	-0.362694
13	Gm13_11842207	11842207	11.8422	0.661538	40.9945	0.236842	94.2236	-0.361434
13	Gm13_11862704	11862704	11.8627	0.676923	41.1019	0.223684	94.4894	-0.361521
13	Gm13_11875430	11875430	11.8754	0.646154	41.1427	0.210526	94.6119	-0.361653
13	Gm13_11879471	11879471	11.8795	0.676923	41.3601	0.236842	94.6732	-0.359645
13	Gm13_11879656	11879656	11.8797	0.661538	41.441	0.223684	94.788	-0.359323
13	Gm13_11930614	11930614	11.9306	0.676923	41.599	0.223684	95.0713	-0.358966
13	Gm13_11930648	11930648	11.9306	0.4	38.3275	0.0921053	94.8712	-0.393624
13	Gm13_11930677	11930677	11.9307	0.676923	40.4636	0.210526	94.8825	-0.370121
13	Gm13_11931867	11931867	11.9319	0.661538	40.6391	0.223684	95.4811	-0.370973
13	Gm13_11932150	11932150	11.9322	0.661538	40.7402	0.223684	95.43	-0.369661
13	Gm13_11932206	11932206	11.9322	0.661538	40.8413	0.236842	95.7156	-0.369883
13	Gm13_11955430	11955430	11.9554	0.661538	40.9689	0.210526	96.057	-0.370075
13	Gm13_11955463	11955463	11.9555	0.661538	41.07	0.210526	96.1706	-0.369517
13	Gm13_11955620	11955620	11.9556	0.661538	41.1712	0.210526	96.2842	-0.368962
13	Gm13_11955670	11955670	11.9557	0.661538	41.2723	0.210526	96.3979	-0.368409
13	Gm13_11967265	11967265	11.9673	0.661538	41.3734	0.236842	96.3715	-0.367227
13	Gm13_11996032	11996032	11.996	0.646154	41.3041	0.236842	96.4851	-0.368468
13	Gm13_11996049	11996049	11.996	0.646154	41.4052	0.210526	96.9653	-0.369562
13	Gm13_11996074	11996074	11.9961	0.4	39.4789	0.0789474	96.7377	-0.389231
13	Gm13_12005208	12005208	12.0052	0.661538	40.3919	0.210526	96.684	-0.37906
13	Gm13_12005227	12005227	12.0052	0.661538	40.493	0.210526	96.7977	-0.378485
13	Gm13_12005255	12005255	12.0053	0.0153846	40.7088	0.0789474	97.0786	-0.377435
13	Gm13_12005268	12005268	12.0053	0.676923	40.3328	0.210526	97.1282	-0.381687
13	Gm13_12005467	12005467	12.0055	0.323077	38.2753	0.0131579	96.8296	-0.40309
13	Gm13_12098165	12098165	12.0982	0.661538	40.7857	0.223684	98.0389	-0.380891
13	Gm13_12098405	12098405	12.0984	0.646154	41.0209	0.223684	98.154	-0.378903
13	Gm13_12104185	12104185	12.1042	0.661538	41.1313	0.236842	97.9608	-0.37688
13	Gm13_12104323	12104323	12.1043	0.646154	41.2301	0.223684	98.0778	-0.376357
13	Gm13_12104349	12104349	12.1043	0.661538	41.3833	0.236842	98.1923	-0.375252
13	Gm13_12104380	12104380	12.1044	0.661538	41.4916	0.236842	98.3064	-0.374622
13	Gm13_12149227	12149227	12.1492	0.246154	41.0545	0.144737	98.5626	-0.380351
13	Gm13_12166437	12166437	12.1664	0.0153846	41.6659	0.0921053	99.0724	-0.376172
13	Gm13_12185254	12185254	12.1853	0.4	41.1348	0.0921053	99.0075	-0.381459
13	Gm13_12193826	12193826	12.1938	0.246154	42.033	0.131579	99.2768	-0.373257
13	Gm13_12194119	12194119	12.1941	0.246154	42.2177	0.131579	99.6867	-0.373143
13	Gm13_12203504	12203504	12.2035	0.246154	42.3052	0.131579	99.7505	-0.372522
13	Gm13_12212677	12212677	12.2127	0.246154	42.4135	0.131579	99.8638	-0.371904
13	Gm13_12212932	12212932	12.2129	0.4	41.7318	0.0921053	99.8513	-0.378887
13	Gm13_12213780	12213780	12.2138	0.4	41.8401	0.105263	99.8281	-0.37766
13	Gm13_12214017	12214017	12.214	0.246154	42.1885	0.144737	99.703	-0.373514
13	Gm13_12214281	12214281	12.2143	0.246154	42.3109	0.144737	99.871	-0.372988
13	Gm13_12214309	12214309	12.2143	0.661538	42.0703	0.25	99.6971	-0.374707
13	Gm13_12214318	12214318	12.2143	0.0153846	42.4796	0.105263	100.083	-0.372179
13	Gm13_12265901	12265901	12.2659	0.4	42.1194	0.105263	100.196	-0.376369
13	Gm13_12265918	12265918	12.2659	0.661538	42.3889	0.25	100.068	-0.373041
13	Gm13_12265969	12265969	12.266	0.646154	42.4899	0.25	100.181	-0.372499
13	Gm13_12272902	12272902	12.2729	0.4	42.3764	0.105263	100.451	-0.374832
13	Gm13_12274646	12274646	12.2746	0.246154	42.621	0.144737	100.556	-0.372783
13	Gm13_12275088	12275088	12.2751	0.661538	42.9307	0.236842	100.592	-0.369793
13	Gm13_12275141	12275141	12.2751	0.661538	43.0386	0.236842	100.687	-0.369116
13	Gm13_12291149	12291149	12.2911	0.338462	43.0449	0	101.159	-0.371082
13	Gm13_12291160	12291160	12.2912	0.6	43.5681	0.25	100.817	-0.364366
13	Gm13_12336521	12336521	12.3365	0.6	43.4646	0.131579	100.932	-0.365891
13	Gm13_12336768	12336768	12.3368	0.0153846	44.4847	0.0921053	101.018	-0.356186
13	Gm13_12361466	12361466	12.3615	0.6	44.166	0.25	100.77	-0.358242
13	Gm13_12361536	12361536	12.3615	0.0153846	44.9071	0.105263	101.044	-0.352196
13	Gm13_12361997	12361997	12.362	0.646154	44.4372	0.223684	100.994	-0.35655
13	Gm13_12368745	12368745	12.3687	0.0153846	45.3575	0.0789474	101.16	-0.348359
13	Gm13_12378451	12378451	12.3785	0.230769	44.2118	0.144737	101.142	-0.359394
13	Gm13_12378675	12378675	12.3787	0.353846	43.431	0	101.753	-0.369746
13	Gm13_12389447	12389447	12.3894	0.0153846	46.0737	0.0789474	101.413	-0.342639
13	Gm13_12389458	12389458	12.3895	0.646154	45.4745	0.236842	100.757	-0.345507
13	Gm13_12389466	12389466	12.3895	0.646154	45.5814	0.236842	100.655	-0.344047
13	Gm13_12389776	12389776	12.3898	0.646154	45.6669	0.210526	100.644	-0.343186
13	Gm13_12389790	12389790	12.3898	0.0153846	46.6359	0.0789474	100.688	-0.334258
13	Gm13_12389804	12389804	12.3898	0.569231	45.4087	0.131579	100.494	-0.345
13	Gm13_12389836	12389836	12.3898	0.0153846	47.7108	0.0789474	100.958	-0.325523
13	Gm13_12392047	12392047	12.392	0.0153846	47.8272	0.105263	100.698	-0.323345
13	Gm13_12394501	12394501	12.3945	0.338462	46.1155	0	101.231	-0.341465
13	Gm13_12395053	12395053	12.3951	0.230769	46.7495	0.144737	100.286	-0.331462
13	Gm13_12395058	12395058	12.3951	0.230769	46.8659	0.144737	100.166	-0.329864
13	Gm13_12395129	12395129	12.3951	0.0153846	52.0812	0.0921053	105.547	-0.306763
13	Gm13_12395417	12395417	12.3954	0.0153846	52.0719	0.0921053	105.234	-0.305552
13	Gm13_12395452	12395452	12.3955	0.338462	50.7801	0	105.444	-0.317328
13	Gm13_12395723	12395723	12.3957	0.338462	50.8965	0	105.31	-0.315782
13	Gm13_12395766	12395766	12.3958	0.0153846	51.3498	0.0921053	104.839	-0.309986
13	Gm13_12423918	12423918	12.4239	0.338462	51.0968	0	105.001	-0.312798
13	Gm13_12457364	12457364	12.4574	0.0153846	51.5413	0.0789474	104.752	-0.308005
13	Gm13_12458771	12458771	12.4588	0.338462	51.3298	0	104.769	-0.309864
13	Gm13_12459041	12459041	12.459	0.415385	50.6964	0.0921053	104.256	-0.313126
13	Gm13_12459072	12459072	12.4591	0.4	50.8075	0.0921053	104.122	-0.311612
13	Gm13_12461623	12461623	12.4616	0.338462	50.7589	0	104.006	-0.311547
13	Gm13_12461649	12461649	12.4616	0.415385	50.9877	0.0789474	103.538	-0.307636
13	Gm13_12461895	12461895	12.4619	0.415385	51.0932	0.0789474	103.403	-0.306169
13	Gm13_12461902	12461902	12.4619	0.415385	51.1986	0.0789474	103.266	-0.304701
13	Gm13_12463340	12463340	12.4633	0.415385	51.304	0.105263	102.84	-0.302013
13	Gm13_12533223	12533223	12.5332	0.4	51.3921	0.105263	102.704	-0.300691
13	Gm13_12547385	12547385	12.5474	0.4	51.4975	0.0921053	102.133	-0.297381
13	Gm13_12547711	12547711	12.5477	0.415385	51.628	0.0789474	102.551	-0.298055
13	Gm13_12547728	12547728	12.5477	0.415385	51.7168	0.0789474	102.399	-0.296663
13	Gm13_12559073	12559073	12.5591	0.369231	51.7617	0.105263	102.113	-0.295073
13	Gm13_12566826	12566826	12.5668	0.0153846	52.1948	0.0921053	101.974	-0.290861
13	Gm13_12567069	12567069	12.5671	0.369231	51.841	0.0921053	101.754	-0.292878
13	Gm13_12567175	12567175	12.5672	0.353846	51.9267	0.105263	101.755	-0.292164
13	Gm13_12569761	12569761	12.5698	0.415385	51.7998	0.0789474	102.046	-0.294469
13	Gm13_12573814	12573814	12.5738	0.415385	51.7788	0.0789474	101.816	-0.293663
13	Gm13_12574084	12574084	12.5741	0.0153846	52.4819	0.0789474	101.585	-0.286821
13	Gm13_12590039	12590039	12.59	0.353846	51.9794	0.0921053	101.436	-0.290359
13	Gm13_12590335	12590335	12.5903	0.369231	51.9379	0.0921053	101.205	-0.289718
13	Gm13_12600777	12600777	12.6008	0.0769231	47.8134	0.0789474	92.659	-0.287338
13	Gm13_12601007	12601007	12.601	0.338462	50.9817	0	100.126	-0.293132
13	Gm13_12601013	12601013	12.601	0.230769	47.5026	0.144737	94.9786	-0.300908
13	Gm13_12605641	12605641	12.6056	0.353846	47.6041	0.0789474	94.8345	-0.299321
13	Gm13_12622165	12622165	12.6222	0.369231	47.6208	0.0789474	94.7369	-0.298722
13	Gm13_12626150	12626150	12.6262	0.276923	47.5536	0.144737	95.5332	-0.302971
13	Gm13_12626305	12626305	12.6263	0.338462	47.6336	0	95.979	-0.304263
13	Gm13_12626338	12626338	12.6263	0.615385	47.9219	0.144737	95.6315	-0.300067
13	Gm13_12628631	12628631	12.6286	0.630769	47.5882	0.144737	95.5325	-0.302652
13	Gm13_12651699	12651699	12.6517	0.230769	48.5684	0.131579	95.6678	-0.294412
13	Gm13_12651707	12651707	12.6517	0.230769	48.6137	0.131579	95.566	-0.293545
13	Gm13_12654661	12654661	12.6547	0.230769	48.659	0.131579	95.4634	-0.292674
13	Gm13_12657977	12657977	12.658	0.338462	48.394	0	96.1178	-0.298013
13	Gm13_12672457	12672457	12.6725	0.338462	48.4393	0	96.0143	-0.297138
13	Gm13_12691361	12691361	12.6914	0.353846	48.3841	0	95.9108	-0.297165
13	Gm13_12691415	12691415	12.6914	0.230769	48.2824	0.131579	95.1171	-0.294469
13	Gm13_12691423	12691423	12.6914	0.584615	48.1731	0.223684	93.6818	-0.288851
13	Gm13_12691538	12691538	12.6915	0.246154	48.3857	0.223684	93.7272	-0.287148
13	Gm13_12691583	12691583	12.6916	0.338462	48.3096	0	93.9309	-0.288775
13	Gm13_12758116	12758116	12.7581	0.261538	48.2859	0.223684	93.1191	-0.285219
13	Gm13_12758135	12758135	12.7581	0.338462	48.4804	0	93.5973	-0.285697
13	Gm13_12760877	12760877	12.7609	0.338462	48.4227	0	93.3351	-0.284996
13	Gm13_12761148	12761148	12.7611	0.6	48.2457	0.25	92.2474	-0.281496
13	Gm13_12761210	12761210	12.7612	0.246154	48.6399	0.236842	92.0609	-0.277083
13	Gm13_12769472	12769472	12.7695	0.246154	48.5201	0.236842	91.784	-0.276845
13	Gm13_12769637	12769637	12.7696	0.338462	48.2743	0	92.4432	-0.282159
13	Gm13_12774092	12774092	12.7741	0.646154	47.7309	0.210526	91.9702	-0.284847
13	Gm13_12782786	12782786	12.7828	0.323077	47.0532	0	92.2123	-0.2922
13	Gm13_12782987	12782987	12.783	0.584615	46.8404	0.223684	91.5641	-0.291105
13	Gm13_12796876	12796876	12.7969	0.338462	47.9124	0	92.2548	-0.284541
13	Gm13_12797794	12797794	12.7978	0.246154	48.335	0.210526	91.4968	-0.277144
13	Gm13_12797856	12797856	12.7979	0.246154	48.4914	0.210526	91.6642	-0.276535
13	Gm13_12811891	12811891	12.8119	0.630769	48.039	0.131579	91.5167	-0.279906
13	Gm13_12843378	12843378	12.8434	0.338462	48.0572	0	91.756	-0.280876
13	Gm13_12843858	12843858	12.8439	0.646154	48.5102	0.223684	91.1869	-0.274099
13	Gm13_12854260	12854260	12.8543	0.646154	48.5482	0.223684	91.0838	-0.273268
13	Gm13_12876517	12876517	12.8765	0.630769	48.6416	0.236842	90.797	-0.271064
13	Gm13_12878304	12878304	12.8783	0.307692	48.348	0.236842	90.6938	-0.273199
13	Gm13_12878889	12878889	12.8789	0.338462	48.8857	0	91.8047	-0.273683
13	Gm13_12884432	12884432	12.8844	0.0615385	50.0855	0.0789474	91.4356	-0.261403
13	Gm13_12884483	12884483	12.8845	0.0153846	50.1961	0.0789474	91.3324	-0.259955
13	Gm13_12893383	12893383	12.8934	0.0615385	50.2512	0.0789474	91.2293	-0.258987
13	Gm13_12895180	12895180	12.8952	0.646154	49.5142	0.223684	90.6198	-0.262493
13	Gm13_12895216	12895216	12.8952	0.338462	49.9307	0	92.3117	-0.266889
13	Gm13_12908917	12908917	12.9089	0.338462	50.089	0	92.5075	-0.266435
13	Gm13_12918216	12918216	12.9182	0.338462	50.1219	0	92.4044	-0.265665
13	Gm13_12918221	12918221	12.9182	0.338462	50.1548	0	92.3012	-0.264895
13	Gm13_12919283	12919283	12.9193	0.338462	50.0352	0	91.9509	-0.26428
13	Gm13_12933058	12933058	12.9331	0.646154	50.3773	0.263158	87.8447	-0.241481
13	Gm13_12933761	12933761	12.9338	0.646154	50.0858	0.210526	88.876	-0.24907
13	Gm13_12934129	12934129	12.9341	0.661538	50.1493	0.25	88.8354	-0.248322
13	Gm13_12934272	12934272	12.9343	0.676923	49.3564	0.25	88.7657	-0.254902
13	Gm13_12934352	12934352	12.9344	0.630769	49.424	0.223684	88.7302	-0.254133
13	Gm13_12938716	12938716	12.9387	0.630769	49.5719	0.236842	88.934	-0.253832
13	Gm13_12939095	12939095	12.9391	0.323077	49.0817	0.631579	74.5798	-0.181702
13	Gm13_12944440	12944440	12.9444	0.307692	49.74	0.25	89.7222	-0.256194
13	Gm13_12944479	12944479	12.9445	0.646154	49.7524	0.25	89.946	-0.257168
13	Gm13_12963328	12963328	12.9633	0.292308	49.6742	0.223684	89.8813	-0.257538
13	Gm13_12978733	12978733	12.9787	0.338462	49.6685	0	90.559	-0.26085
13	Gm13_12978789	12978789	12.9788	0.323077	51.453	0.223684	90.3843	-0.244682
13	Gm13_12989978	12989978	12.99	0.292308	51.674	0.223684	90.7942	-0.244786
13	Gm13_12989984	12989984	12.99	0.307692	51.6922	0.210526	91.076	-0.245979
13	Gm13_12989994	12989994	12.99	0.307692	51.6867	0.210526	91.2514	-0.246861
13	Gm13_12990041	12990041	12.99	0.230769	51.187	0.131579	91.1939	-0.250806
13	Gm13_13012306	13012306	13.0123	0.307692	51.3775	0.236842	91.3072	-0.249732
13	Gm13_13012597	13012597	13.0126	0.307692	51.3837	0.236842	91.5309	-0.250743
13	Gm13_13015066	13015066	13.0151	0.292308	51.3881	0.197368	91.7572	-0.251778
13	Gm13_13015216	13015216	13.0152	0.307692	51.3516	0.236842	91.9008	-0.252765
13	Gm13_13015233	13015233	13.0152	0.338462	49.4413	0	92.4885	-0.271998
13	Gm13_13015483	13015483	13.0155	0.292308	49.5097	0.236842	92.3484	-0.270739
13	Gm13_13033366	13033366	13.0334	0.646154	49.4515	0.210526	92.7197	-0.272993
13	Gm13_13033389	13033389	13.0334	0.292308	49.492	0.210526	92.9339	-0.273639
13	Gm13_13033416	13033416	13.0334	0.646154	49.3801	0.210526	93.1385	-0.275577
13	Gm13_13080215	13080215	13.0802	0.307692	49.5527	0.236842	93.0603	-0.273697
13	Gm13_13080924	13080924	13.0809	0.230769	49.4834	0.144737	92.0521	-0.269574
13	Gm13_13081114	13081114	13.0811	0.338462	50.6651	0	95.478	-0.275195
13	Gm13_13093327	13093327	13.0933	0.338462	50.5204	0	95.3658	-0.275926
13	Gm13_13108648	13108648	13.1086	0.292308	50.5688	0.223684	94.6665	-0.272314
13	Gm13_13108656	13108656	13.1087	0.292308	50.4834	0.197368	94.869	-0.273976
13	Gm13_13118873	13118873	13.1189	0.661538	50.1758	0.236842	95.2552	-0.278395
13	Gm13_13118897	13118897	13.1189	0.338462	51.9555	0	98.9773	-0.279904
13	Gm13_13119099	13119099	13.1191	0.338462	51.8978	0	99.1101	-0.280969
13	Gm13_13183598	13183598	13.1836	0.338462	51.8401	0	99.2429	-0.282034
13	Gm13_13228813	13228813	13.2288	0.353846	51.7583	0	99.3756	-0.2833
13	Gm13_13228964	13228964	13.229	0.353846	51.7006	0	99.5084	-0.284365
13	Gm13_13228996	13228996	13.229	0.353846	51.6428	0	99.6412	-0.285429
13	Gm13_13236857	13236857	13.2369	0.338462	51.5766	0	99.774	-0.286565
13	Gm13_13240750	13240750	13.2408	0.353846	51.9391	0	100.137	-0.285102
13	Gm13_13240801	13240801	13.2408	0.353846	51.7812	0	99.9883	-0.285777
13	Gm13_13240953	13240953	13.241	0.353846	51.7235	0	100.12	-0.286831
13	Gm13_13241199	13241199	13.2412	0.353846	51.6658	0	100.249	-0.287878
13	Gm13_13256882	13256882	13.2569	0.292308	49.678	0.210526	96.7068	-0.289293
13	Gm13_13257111	13257111	13.2571	0.646154	49.9898	0.236842	96.5525	-0.285882
13	Gm13_13261597	13261597	13.2616	0.646154	49.8558	0.236842	96.2256	-0.285574
13	Gm13_13261703	13261703	13.2617	0.661538	49.9393	0.236842	96.9996	-0.288328
13	Gm13_13261756	13261756	13.2618	0.353846	54.2331	0	105.57	-0.289276
13	Gm13_13262009	13262009	13.262	0.353846	54.1625	0	105.7	-0.290375
13	Gm13_13280968	13280968	13.281	0.353846	54.0919	0	105.829	-0.291474
13	Gm13_13335843	13335843	13.3358	0.353846	54.0213	0	105.959	-0.292571
13	Gm13_13338306	13338306	13.3383	0.353846	53.9507	0	106.088	-0.293667
13	Gm13_13339018	13339018	13.339	0.353846	53.8801	0	106.217	-0.294764
13	Gm13_13339370	13339370	13.3394	0.353846	53.7943	0	106.315	-0.29586
13	Gm13_13339440	13339440	13.3394	0.353846	53.6931	0	106.384	-0.296958
13	Gm13_13370177	13370177	13.3702	0.353846	53.592	0	106.453	-0.298057
13	Gm13_13370220	13370220	13.3702	0.353846	53.4909	0	106.521	-0.299157
13	Gm13_13371234	13371234	13.3712	0.353846	53.3897	0	106.59	-0.300259
13	Gm13_13371239	13371239	13.3712	0.353846	53.2886	0	106.659	-0.301362
13	Gm13_13373608	13373608	13.3736	0.353846	53.1875	0.0131579	106.25	-0.30052
13	Gm13_13373931	13373931	13.3739	0.353846	53.0863	0	106.682	-0.303109
13	Gm13_13384138	13384138	13.3841	0.353846	53.0185	0	106.804	-0.304158
13	Gm13_13384359	13384359	13.3844	0.353846	52.8171	0	106.567	-0.304849
13	Gm13_13384406	13384406	13.3844	0.353846	52.716	0	106.637	-0.305967
13	Gm13_13388238	13388238	13.3882	0.353846	52.5253	0	106.434	-0.306711
13	Gm13_13388298	13388298	13.3883	0.353846	52.4241	0	106.504	-0.307834
13	Gm13_13390170	13390170	13.3902	0.353846	52.323	0	106.574	-0.308958
13	Gm13_13395690	13395690	13.3957	0.338462	51.9584	0	106.644	-0.31228
13	Gm13_13395714	13395714	13.3957	0.353846	51.8687	0	106.714	-0.313316
13	Gm13_13395930	13395930	13.3959	0.353846	51.7676	0	106.784	-0.314448
13	Gm13_13395971	13395971	13.396	0.353846	51.6664	0	106.854	-0.315582
13	Gm13_13398456	13398456	13.3985	0.338462	51.7345	0	107.193	-0.316388
13	Gm13_13430730	13430730	13.4307	0.661538	46.8514	0.236842	98.8008	-0.324038
13	Gm13_13464740	13464740	13.4647	0.261538	47.5998	0.25	98.3943	-0.315365
13	Gm13_13477336	13477336	13.4773	0.261538	47.415	0.25	98.1997	-0.316194
13	Gm13_13502886	13502886	13.5029	0.261538	47.3211	0.25	98.2697	-0.317365
13	Gm13_13561743	13561743	13.5617	0.338462	46.6255	0	98.3315	-0.324069
13	Gm13_13607429	13607429	13.6074	0.276923	46.9484	0.223684	97.7259	-0.318389
13	Gm13_13607457	13607457	13.6075	0.276923	46.8282	0.223684	97.7932	-0.319801
13	Gm13_17389497	17389497	17.3895	0.584615	37.4144	0.236842	91.8539	-0.390059
13	Gm13_17417133	17417133	17.4171	0.6	37.3566	0.210526	92.2438	-0.392569
13	Gm13_17424028	17424028	17.424	0.615385	37.5133	0.236842	92.6438	-0.392631
13	Gm13_17463862	17463862	17.4639	0.338462	38.8938	0	94.6481	-0.386232
13	Gm13_17468154	17468154	17.4682	0.338462	38.9445	0	94.815	-0.386431
13	Gm13_17475986	17475986	17.476	0.338462	38.8961	0	94.6468	-0.3862
13	Gm13_17511162	17511162	17.5112	0.338462	38.9309	0	94.7395	-0.386237
13	Gm13_17550629	17550629	17.5506	0.215385	38.5567	0.223684	93.5984	-0.385168
13	Gm13_17561539	17561539	17.5615	0.338462	39.6891	0	96.4208	-0.3855
13	Gm13_17561549	17561549	17.5615	0.338462	39.7167	0	96.4966	-0.385538
13	Gm13_17581692	17581692	17.5817	0.338462	39.7016	0.0131579	96.0924	-0.38388
13	Gm13_17581728	17581728	17.5817	0.338462	39.72	0.0131579	96.1544	-0.38396
13	Gm13_17620876	17620876	17.6209	0.276923	37.8285	0	96.2362	-0.405519
13	Gm13_17626029	17626029	17.626	0.338462	37.8015	0.0131579	96.2785	-0.406021
13	Gm13_17680802	17680802	17.6808	0.276923	37.9824	0	96.4058	-0.404521
13	Gm13_17680808	17680808	17.6808	0.276923	37.9914	0	96.4678	-0.404697
13	Gm13_17681047	17681047	17.681	0.215385	39.7709	0.184211	94.1913	-0.374446
13	Gm13_17682106	17682106	17.6821	0.353846	41.2102	0.0131579	96.9973	-0.371754
13	Gm13_17691399	17691399	17.6914	0.338462	41.2638	0.0131579	97.0593	-0.371468
13	Gm13_17692618	17692618	17.6926	0.338462	41.3015	0	97.1388	-0.371427
13	Gm13_17692812	17692812	17.6928	0.353846	41.1886	0.0131579	96.8277	-0.371223
13	Gm13_17695742	17695742	17.6957	0.338462	41.1634	0	96.7016	-0.370922
13	Gm13_17706207	17706207	17.7062	0.353846	41.2021	0.0263158	95.1181	-0.363344
13	Gm13_17706514	17706514	17.7065	0.353846	41.239	0.0131579	96.8973	-0.371003
13	Gm13_17718358	17718358	17.7184	0.338462	41.2313	0.0131579	96.7625	-0.370481
13	Gm13_17718386	17718386	17.7184	0.338462	41.2606	0.0131579	96.8406	-0.370522
13	Gm13_17725540	17725540	17.7255	0.230769	39.8219	0.236842	93.3209	-0.369856
13	Gm13_17725546	17725546	17.7255	0.584615	39.8022	0.223684	93.8522	-0.372538
13	Gm13_17735627	17735627	17.7356	0.353846	40.7751	0.0131579	96.3426	-0.373424
13	Gm13_17749400	17749400	17.7494	0.369231	40.404	0.0131579	96.7332	-0.379151
13	Gm13_17764465	17764465	17.7645	0.338462	41.1239	0	97.1779	-0.373474
13	Gm13_17774951	17774951	17.775	0.338462	41.1963	0	97.3832	-0.373625
13	Gm13_17869867	17869867	17.8699	0.0769231	38.3323	0	97.4452	-0.405196
13	Gm13_17888351	17888351	17.8884	0.338462	41.5112	0	97.5073	-0.370871
13	Gm13_17916425	17916425	17.9164	0.338462	41.6534	0.0131579	97.733	-0.370391
13	Gm13_17937192	17937192	17.9372	0.230769	40.9993	0.236842	95.6793	-0.368042
13	Gm13_17953216	17953216	17.9532	0.338462	43.8688	0	100.973	-0.362047
13	Gm13_17985529	17985529	17.9855	0.338462	43.9349	0.0131579	100.994	-0.361485
13	Gm13_17986100	17986100	17.9861	0.353846	43.9455	0.0131579	101.147	-0.36204
13	Gm13_17986115	17986115	17.9861	0.338462	44.0947	0	101.35	-0.361438
13	Gm13_17988671	17988671	17.9887	0.338462	44.1586	0.0131579	101.386	-0.360963
13	Gm13_17989803	17989803	17.9898	0.338462	44.2032	0.0131579	101.4	-0.360586
13	Gm13_17990030	17990030	17.99	0.353846	44.2142	0.0131579	101.462	-0.360743
13	Gm13_18042661	18042661	18.0427	0.338462	44.5222	0.0131579	101.525	-0.357995
13	Gm13_18096138	18096138	18.0961	0.338462	44.6195	0	101.699	-0.357793
13	Gm13_18100739	18100739	18.1007	0.338462	44.704	0.0131579	101.798	-0.357394
13	Gm13_18114009	18114009	18.114	0.338462	44.7072	0	101.759	-0.357195
13	Gm13_18114165	18114165	18.1142	0.338462	44.7668	0.0131579	101.737	-0.356522
13	Gm13_18156003	18156003	18.156	0.0153846	44.8425	0.0921053	99.7011	-0.34701
13	Gm13_18156075	18156075	18.1561	0.338462	44.7119	0	100.763	-0.352877
13	Gm13_18156080	18156080	18.1561	0.338462	44.7596	0.0131579	100.715	-0.352206
13	Gm13_18174136	18174136	18.1741	0.338462	44.7954	0.0131579	100.667	-0.351652
13	Gm13_18180629	18180629	18.1806	0.338462	44.7688	0	100.575	-0.351515
13	Gm13_18180855	18180855	18.1809	0.338462	44.7927	0	100.484	-0.350888
13	Gm13_18208696	18208696	18.2087	0.338462	44.9018	0	100.683	-0.350691
13	Gm13_18232901	18232901	18.2329	0.230769	42.1061	0.223684	96.4422	-0.359923
13	Gm13_18244945	18244945	18.2449	0.353846	41.6051	0.0131579	95.5987	-0.361305
13	Gm13_18245213	18245213	18.2452	0.353846	41.5026	0.0131579	95.1985	-0.360555
13	Gm13_18272387	18272387	18.2724	0.338462	42.2466	0.0131579	96.5805	-0.359097
13	Gm13_18282052	18282052	18.2821	0.615385	41.1858	0.236842	95.6091	-0.365752
13	Gm13_18287466	18287466	18.2875	0.0153846	42.1637	0.0789474	95.6347	-0.355677
13	Gm13_18292981	18292981	18.293	0.276923	41.8065	0.210526	95.6628	-0.359499
13	Gm13_18294189	18294189	18.2942	0.230769	41.9263	0.223684	95.6913	-0.358386
13	Gm13_18303189	18303189	18.3032	0.338462	41.5389	0.0263158	94.7012	-0.3579
13	Gm13_18303390	18303390	18.3034	0.353846	41.5266	0.0263158	94.6101	-0.357611
13	Gm13_18322061	18322061	18.3221	0.230769	41.3912	0.197368	94.0154	-0.35629
13	Gm13_18327217	18327217	18.3272	0.338462	41.3144	0.0131579	94.2554	-0.358205
13	Gm13_18327481	18327481	18.3275	0.230769	41.4771	0.223684	93.7758	-0.354283
13	Gm13_18341045	18341045	18.341	0.615385	41.2386	0.210526	93.9101	-0.357409
13	Gm13_18341079	18341079	18.3411	0.338462	41.5839	0.0131579	94.2348	-0.355286
13	Gm13_18376892	18376892	18.3769	0.230769	41.6835	0.223684	93.341	-0.350109
13	Gm13_18388624	18388624	18.3886	0.353846	42.9618	0.0131579	96.8094	-0.352835
13	Gm13_18405843	18405843	18.4058	0.338462	43.126	0	96.7992	-0.351132
13	Gm13_18410996	18410996	18.411	0.338462	43.2767	0.0131579	97.1113	-0.351015
13	Gm13_18431269	18431269	18.4313	0.338462	43.312	0	97.0996	-0.350609
13	Gm13_18446536	18446536	18.4465	0.338462	43.3838	0.0131579	97.1784	-0.350242
13	Gm13_18448607	18448607	18.4486	0.338462	43.4578	0.0131579	97.3053	-0.350069
13	Gm13_18450953	18450953	18.451	0.338462	43.4816	0	97.336	-0.349968
13	Gm13_18451031	18451031	18.451	0.215385	42.3844	0.118421	95.6634	-0.35354
13	Gm13_18473365	18473365	18.4734	0.338462	42.5678	0	96.3992	-0.354992
13	Gm13_18486585	18486585	18.4866	0.353846	42.5827	0.0131579	96.5856	-0.35568
13	Gm13_18533181	18533181	18.5332	0.230769	42.5472	0.223684	94.6525	-0.347261
13	Gm13_18560784	18560784	18.5608	0.138462	38.1038	0.0657895	91.5493	-0.380686
13	Gm13_18560842	18560842	18.5608	0.476923	37.8118	0.0657895	91.5472	-0.384018
13	Gm13_18570881	18570881	18.5709	0.338462	42.7455	0	96.8561	-0.355237
13	Gm13_18599393	18599393	18.5994	0.215385	42.3148	0.223684	96.0375	-0.355949
13	Gm13_18604728	18604728	18.6047	0.338462	42.898	0.0131579	96.7406	-0.353171
13	Gm13_18604756	18604756	18.6048	0.338462	42.9438	0.0131579	96.7083	-0.352563
13	Gm13_18607161	18607161	18.6072	0.6	42.4877	0.236842	96.0795	-0.354367
13	Gm13_18620936	18620936	18.6209	0.338462	44.5102	0.0131579	100.174	-0.352296
13	Gm13_18621648	18621648	18.6216	0.323077	43.7738	0	100.339	-0.360257
13	Gm13_18622396	18622396	18.6224	0.338462	44.4687	0	100.374	-0.353568
13	Gm13_18622459	18622459	18.6225	0.338462	44.4982	0	100.359	-0.353215
13	Gm13_18634864	18634864	18.6349	0.338462	44.4936	0	100.184	-0.352502
13	Gm13_18665883	18665883	18.6659	0.338462	44.6412	0	100.441	-0.352176
13	Gm13_18677435	18677435	18.6774	0.338462	44.6373	0.0131579	100.164	-0.351014
13	Gm13_18873925	18873925	18.8739	0.338462	44.5292	0.0131579	99.7816	-0.350405
13	Gm13_18883611	18883611	18.8836	0.338462	44.4256	0.0131579	99.4096	-0.349794
13	Gm13_18883946	18883946	18.8839	0.338462	44.3056	0	99.0744	-0.349502
13	Gm13_18884651	18884651	18.8847	0.338462	44.3879	0	99.365	-0.349969
13	Gm13_18884820	18884820	18.8848	0.615385	42.2835	0.223684	95.2717	-0.352793
13	Gm13_18885427	18885427	18.8854	0.338462	44.0783	0	98.777	-0.350431
13	Gm13_18887198	18887198	18.8872	0.353846	43.8269	0.0131579	98.2844	-0.350744
13	Gm13_18887208	18887208	18.8872	0.353846	43.825	0.0131579	98.2305	-0.350525
13	Gm13_18887450	18887450	18.8875	0.338462	43.7473	0.0131579	97.8179	-0.349467
13	Gm13_18934706	18934706	18.9347	0.353846	43.1747	0.0131579	97.489	-0.353726
13	Gm13_18939443	18939443	18.9394	0.338462	44.0573	0	97.329	-0.344224
13	Gm13_18940193	18940193	18.9402	0.338462	44.0521	0	97.2636	-0.343984
13	Gm13_18948397	18948397	18.9484	0.338462	43.0801	0.0131579	96.8996	-0.352045
13	Gm13_18948403	18948403	18.9484	0.338462	43.7754	0.0263158	94.7175	-0.3352
13	Gm13_27286334	27286334	27.2863	0.0923077	28.5138	0.0394737	59.4703	-0.319245
13	Gm13_27286811	27286811	27.2868	0.307692	28.0206	0.118421	59.2764	-0.325405
13	Gm13_27286949	27286949	27.2869	0.0923077	30.1455	0.0394737	60.3112	-0.301176
13	Gm13_27286955	27286955	27.287	0.0923077	30.1349	0.0394737	60.4435	-0.30228
13	Gm13_27286981	27286981	27.287	0.0923077	30.153	0.0394737	60.6235	-0.303311
13	Gm13_27287077	27287077	27.2871	0.0923077	30.1477	0.0394737	60.7713	-0.304444
13	Gm13_27311661	27311661	27.3117	0.261538	29.5538	0.565789	57.6881	-0.290473
13	Gm13_27311672	27311672	27.3117	0.261538	29.5485	0.565789	57.8359	-0.291662
13	Gm13_27311930	27311930	27.3119	0.0307692	29.5411	0.184211	57.4185	-0.288626
13	Gm13_27325386	27325386	27.3254	0.276923	28.5556	0.565789	57.4811	-0.303834
13	Gm13_27326016	27326016	27.326	0.430769	27.0959	0.315789	58.6234	-0.335168
13	Gm13_27450331	27450331	27.4503	0.353846	26.8846	0.0789474	56.6779	-0.323909
13	Gm13_27450361	27450361	27.4504	0.338462	26.8051	0.328947	56.1866	-0.321415
13	Gm13_27466000	27466000	27.466	0.384615	26.6138	0.118421	57.2181	-0.332427
13	Gm13_27514511	27514511	27.5145	0.261538	26.6653	0.105263	57.4428	-0.333289
13	Gm13_27517832	27517832	27.5178	0.353846	26.9701	0.0789474	57.9321	-0.332037
13	Gm13_27519703	27519703	27.5197	0.4	26.8425	0.0789474	57.9064	-0.333903
13	Gm13_27526627	27526627	27.5266	0.430769	26.8842	0.302632	57.0925	-0.327082
13	Gm13_27526661	27526661	27.5267	0.0307692	29.4296	0.184211	57.4196	-0.290276
13	Gm13_27566661	27566661	27.5667	0.323077	28.6983	0.592105	57.8389	-0.304364
13	Gm13_27576551	27576551	27.5766	0.292308	28.9258	0.552632	57.9353	-0.301658
13	Gm13_27594761	27594761	27.5948	0.292308	28.9159	0.552632	58.0383	-0.302578
13	Gm13_27622164	27622164	27.6222	0.0461538	30.9977	0.25	58.7273	-0.27751
13	Gm13_27622360	27622360	27.6224	0.0461538	30.9377	0.25	58.5567	-0.277088
13	Gm13_27670024	27670024	27.67	0.0923077	30.4003	0.0526316	59.6166	-0.292489
13	Gm13_27694098	27694098	27.6941	0.0923077	30.4065	0.0526316	59.6333	-0.292522
13	Gm13_27694326	27694326	27.6943	0.0923077	30.344	0.0526316	59.4558	-0.292122
13	Gm13_27726250	27726250	27.7263	0.0769231	30.556	0.0526316	59.5546	-0.289819
13	Gm13_27726385	27726385	27.7264	0.0307692	30.7859	0.223684	58.8742	-0.281574
13	Gm13_27736994	27736994	27.737	0.230769	28.1223	0.0657895	60.6071	-0.333473
13	Gm13_27745908	27745908	27.7459	0.430769	26.2113	0.131579	59.8959	-0.358909
13	Gm13_27752981	27752981	27.753	0.246154	27.1242	0.118421	59.7654	-0.343093
13	Gm13_27794775	27794775	27.7948	0.2	27.144	0.0657895	60.0237	-0.344649
13	Gm13_27810262	27810262	27.8103	0.553846	28.3133	0.144737	59.867	-0.325196
13	Gm13_27810269	27810269	27.8103	0.276923	28.3224	0.565789	57.9929	-0.311244
13	Gm13_27852871	27852871	27.8529	0.553846	27.8278	0.0921053	58.7618	-0.324616
13	Gm13_27859369	27859369	27.8594	0.276923	28.3889	0.592105	58.6462	-0.315092
13	Gm13_27864011	27864011	27.864	0.0307692	29.6748	0.0657895	59.7072	-0.303638
13	Gm13_27864300	27864300	27.8643	0.0153846	30.2167	0.0657895	59.8491	-0.296811
13	Gm13_27900252	27900252	27.9003	0.0461538	30.0531	0.197368	59.4157	-0.296012
13	Gm13_27914543	27914543	27.9145	0.0461538	30.0517	0.197368	59.4276	-0.296119
13	Gm13_27963724	27963724	27.9637	0.569231	28.5305	0.144737	59.002	-0.315558
13	Gm13_27970351	27970351	27.9704	0.0461538	29.6648	0.197368	59.4741	-0.302086
13	Gm13_27970385	27970385	27.9704	0.138462	29.3054	0.276316	59.2788	-0.305952
13	Gm13_28037771	28037771	28.0378	0.0769231	28.0739	0.0657895	61.0257	-0.337209
13	Gm13_28050316	28050316	28.0503	0.0923077	27.9949	0	61.2354	-0.339923
13	Gm13_28107826	28107826	28.1078	0.323077	26.4575	0.605263	59.4115	-0.351323
13	Gm13_28115880	28115880	28.1159	0.246154	23.7882	0.0394737	60.1477	-0.402858
13	Gm13_28133162	28133162	28.1332	0.230769	24.1105	0.118421	59.8766	-0.395052
13	Gm13_28133540	28133540	28.1335	0.0615385	24.4998	0.184211	59.7221	-0.386973
13	Gm13_28180151	28180151	28.1802	0.2	23.8953	0.223684	59.6841	-0.397546
13	Gm13_28185365	28185365	28.1854	0.215385	23.8816	0.236842	59.6038	-0.397211
13	Gm13_28187461	28187461	28.1875	0.338462	23.193	0.171053	59.3454	-0.40803
13	Gm13_28240102	28240102	28.2401	0.323077	23.1019	0.605263	59.1646	-0.408415
13	Gm13_28293870	28293870	28.2939	0.384615	23.0168	0.697368	59.2886	-0.410927
13	Gm13_28314950	28314950	28.3149	0.261538	23.2977	0.0526316	60.0397	-0.411125
13	Gm13_28334337	28334337	28.3343	0.215385	23.4345	0.0263158	60.1132	-0.409114
13	Gm13_28369590	28369590	28.3696	0.0615385	23.4972	0.197368	59.4006	-0.402775
13	Gm13_28373460	28373460	28.3735	0.307692	23.2435	0.0263158	59.853	-0.410784
13	Gm13_28431517	28431517	28.4315	0.307692	22.6627	0.171053	59.2271	-0.417209
13	Gm13_28445377	28445377	28.4454	0.492308	23.4784	0.355263	59.3675	-0.40288
13	Gm13_28455281	28455281	28.4553	0.169231	23.9534	0.0131579	60.0656	-0.399258
13	Gm13_28457594	28457594	28.4576	0.538462	23.7916	0.381579	59.5865	-0.398724
13	Gm13_28457633	28457633	28.4576	0.538462	23.896	0.381579	59.862	-0.398826
13	Gm13_28465103	28465103	28.4651	0.169231	24.6765	0.0131579	60.6469	-0.390524
13	Gm13_28466430	28466430	28.4664	0.123077	24.2501	0.210526	59.9137	-0.392812
13	Gm13_28468775	28468775	28.4688	0.169231	26.095	0.0131579	62.3312	-0.378148
13	Gm13_28557074	28557074	28.5571	0.230769	25.7369	0.118421	61.8254	-0.38061
13	Gm13_28561784	28561784	28.5618	0.153846	26.11	0.0131579	62.139	-0.376557
13	Gm13_28666500	28666500	28.6665	0.261538	25.5079	0.236842	61.4459	-0.381818
13	Gm13_28666801	28666801	28.6668	0.276923	26.3556	0.578947	60.9222	-0.363904
13	Gm13_28666813	28666813	28.6668	0.276923	26.4326	0.578947	61.0759	-0.36373
13	Gm13_28666832	28666832	28.6668	0.276923	26.4579	0.578947	61.0752	-0.36331
13	Gm13_28676407	28676407	28.6764	0.4	25.867	0.328947	61.1049	-0.37333
13	Gm13_28727355	28727355	28.7274	0.0615385	27.1103	0.0394737	62.2082	-0.360713
13	Gm13_28727507	28727507	28.7275	0.0615385	27.086	0.0394737	62.0857	-0.360246
13	Gm13_28730601	28730601	28.7306	0.0615385	27.1128	0.0394737	62.085	-0.359813
13	Gm13_28730888	28730888	28.7309	0.276923	26.0785	0.578947	60.7001	-0.366907
13	Gm13_28736188	28736188	28.7362	0.323077	26.8438	0.0921053	63.2134	-0.371965
13	Gm13_28736209	28736209	28.7362	0.276923	26.9847	0.0526316	63.3507	-0.370633
13	Gm13_28737281	28737281	28.7373	0.184615	27.2999	0.0263158	63.6144	-0.367395
13	Gm13_28737295	28737295	28.7373	0.246154	27.1624	0.131579	62.8662	-0.364449
13	Gm13_28737304	28737304	28.7373	0.0307692	27.5173	0	63.082	-0.360299
13	Gm13_28741133	28741133	28.7411	0.276923	27.1648	0.131579	62.7199	-0.363398
13	Gm13_28741376	28741376	28.7414	0.230769	27.3018	0.0921053	62.739	-0.361347
13	Gm13_28761461	28761461	28.7615	0.138462	26.6265	0.0394737	62.9939	-0.373985
13	Gm13_28761592	28761592	28.7616	0.292308	25.5316	0.644737	60.2883	-0.373155
13	Gm13_28761659	28761659	28.7617	0.261538	25.1106	0.236842	60.1658	-0.379493
13	Gm13_28771649	28771649	28.7716	0.307692	25.432	0.618421	59.894	-0.372003
13	Gm13_28771699	28771699	28.7717	0.307692	25.4349	0.578947	59.7865	-0.371174
13	Gm13_28881178	28881178	28.8812	0.276923	25.7414	0.578947	59.8827	-0.36667
13	Gm13_28904127	28904127	28.9041	0.292308	25.2844	0.0657895	60.2834	-0.377345
13	Gm13_28946186	28946186	28.9462	0.4	25.7165	0.723684	60.3339	-0.370351
13	Gm13_28951726	28951726	28.9517	0.169231	27.5762	0.184211	60.1285	-0.338546
13	Gm13_28954524	28954524	28.9545	0.107692	27.8263	0.131579	60.2284	-0.335346
13	Gm13_28954529	28954529	28.9545	0.107692	27.8411	0.131579	60.1054	-0.334227
13	Gm13_28964521	28964521	28.9645	0.153846	27.7225	0.184211	59.9877	-0.335229
13	Gm13_28964814	28964814	28.9648	0.0769231	28.2924	0.184211	59.8647	-0.325501
13	Gm13_28964827	28964827	28.9648	0.0769231	28.2092	0.184211	59.5957	-0.324824
13	Gm13_28964888	28964888	28.9649	0.107692	28.0766	0.197368	59.4201	-0.325589
13	Gm13_28965070	28965070	28.9651	0.276923	26.3613	0.105263	58.8979	-0.349133
13	Gm13_29032431	29032431	29.0324	0.276923	26.1271	0.105263	58.6513	-0.351187
13	Gm13_29032649	29032649	29.0326	0.215385	25.5733	0.0526316	58.3922	-0.358569
13	Gm13_29053751	29053751	29.0538	0.323077	25.2156	0.578947	56.8529	-0.353083
13	Gm13_29067050	29067050	29.067	0.276923	25.1974	0.578947	56.5781	-0.351293
13	Gm13_29067080	29067080	29.0671	0.215385	25.4357	0.0526316	57.4879	-0.354132
13	Gm13_29069366	29069366	29.0694	0.246154	25.3711	0.0526316	57.4116	-0.354661
13	Gm13_29069402	29069402	29.0694	0.415385	24.796	0.842105	56.7057	-0.359245
13	Gm13_29266600	29266600	29.2666	0.338462	24.4557	0.25	55.9423	-0.359361
13	Gm13_29266613	29266613	29.2666	0.230769	24.7031	0.105263	56.7653	-0.361332
13	Gm13_29297949	29297949	29.2979	0.0461538	25.0473	0.0263158	56.658	-0.3545
13	Gm13_29302932	29302932	29.3029	0.430769	24.254	0.789474	56.164	-0.364675
13	Gm13_29359675	29359675	29.3597	0.0615385	25.0757	0.0657895	56.2939	-0.351209
13	Gm13_29359827	29359827	29.3598	0.230769	24.8945	0.105263	56.4095	-0.355248
13	Gm13_29359872	29359872	29.3599	0.123077	25.2072	0.197368	55.8341	-0.345375
13	Gm13_29392700	29392700	29.3927	0.2	25.0041	0.0657895	55.9081	-0.349464
13	Gm13_29437958	29437958	29.438	0.169231	25.1692	0.0657895	55.7617	-0.345466
13	Gm13_29453109	29453109	29.4531	0.369231	24.846	0.644737	55.078	-0.345721
13	Gm13_29453135	29453135	29.4531	0.0615385	25.7953	0	55.9968	-0.336622
13	Gm13_29477410	29477410	29.4774	0.292308	25.1192	0.210526	55.3938	-0.343456
13	Gm13_29491443	29491443	29.4914	0.0615385	25.752	0	55.9464	-0.336961
13	Gm13_29514871	29514871	29.5149	0.0615385	25.6713	0.0263158	55.6686	-0.336163
13	Gm13_29514879	29514879	29.5149	0.369231	25.2019	0.236842	54.8011	-0.337356
13	Gm13_29565204	29565204	29.5652	0.323077	25.419	0.157895	55.0576	-0.335658
13	Gm13_29565413	29565413	29.5654	0.323077	25.4507	0.0526316	55.3111	-0.337113
13	Gm13_29579104	29579104	29.5791	0.169231	26.345	0.0131579	55.5012	-0.323604
13	Gm13_29664976	29664976	29.665	0.507692	25.3662	0.75	54.4795	-0.331978
13	Gm13_29678862	29678862	29.6789	0.230769	26.0467	0.105263	55.0545	-0.325039
13	Gm13_29681959	29681959	29.682	0.184615	26.374	0.0394737	54.9678	-0.318933
13	Gm13_29717816	29717816	29.7178	0.261538	26.3108	0.118421	54.7297	-0.318089
13	Gm13_29741108	29741108	29.7411	0.0307692	30.4258	0.118421	54.607	-0.254006
13	Gm13_29797735	29797735	29.7977	0.2	29.9381	0.210526	54.0524	-0.25659
13	Gm13_29797742	29797742	29.7977	0.2	30.0031	0.210526	54.0592	-0.255703
13	Gm13_29797774	29797774	29.7978	0.2	30.0053	0.210526	53.8964	-0.254362
13	Gm13_29900845	29900845	29.9008	0.446154	29.1152	0.236842	54.0283	-0.268502
13	Gm13_29920392	29920392	29.9204	0.138462	29.9639	0.0657895	54.3119	-0.258297
13	Gm13_29920503	29920503	29.9205	0.169231	29.7725	0.0657895	54.0461	-0.258949
13	Gm13_29944149	29944149	29.9441	0.461538	28.9824	0.697368	53.5396	-0.26654
13	Gm13_29964026	29964026	29.964	0.476923	28.9158	0.276316	53.4638	-0.266924
13	Gm13_29964233	29964233	29.9642	0.384615	29.0838	0.276316	53.3972	-0.263868
13	Gm13_29987321	29987321	29.9873	0.2	29.5123	0.144737	53.0484	-0.25467
13	Gm13_29993745	29993745	29.9937	0.246154	29.5742	0.144737	53.0669	-0.253911
13	Gm13_29993953	29993953	29.994	0.4	29.003	0.276316	52.3576	-0.256536
13	Gm13_30010875	30010875	30.0109	0.353846	29.2105	0.578947	52.1866	-0.252019
13	Gm13_30010886	30010886	30.0109	0.353846	29.2826	0.578947	52.2336	-0.25134
13	Gm13_30010934	30010934	30.0109	0.4	29.1181	0.289474	51.9598	-0.251505
13	Gm13_30046959	30046959	30.047	0.138462	31.0657	0.131579	52.3756	-0.226848
13	Gm13_30046966	30046966	30.047	0.0461538	30.8981	0	52.3913	-0.229328
13	Gm13_30096688	30096688	30.0967	0.4	30.4982	0.592105	51.577	-0.228182
13	Gm13_30114587	30114587	30.1146	0.246154	31.6592	0.144737	52.8548	-0.222584
13	Gm13_30134888	30134888	30.1349	0.153846	32.4062	0.0131579	54.0028	-0.221788
13	Gm13_30135128	30135128	30.1351	0.153846	32.3919	0.0131579	53.8059	-0.220394
13	Gm13_30141304	30141304	30.1413	0.153846	32.3776	0.0131579	53.6083	-0.218987
13	Gm13_30141317	30141317	30.1413	0.153846	32.4411	0.0131579	53.6222	-0.218248
13	Gm13_30212801	30212801	30.2128	0.323077	35.755	0.736842	51.9287	-0.16207
13	Gm13_30222391	30222391	30.2224	0.369231	35.579	0.75	51.7459	-0.162682
13	Gm13_30253539	30253539	30.2535	0.384615	36.2108	0.802632	50.6588	-0.145817
13	Gm13_30322174	30322174	30.3222	0.0615385	36.8715	0.0131579	52.1898	-0.150894
13	Gm13_30360830	30360830	30.3608	0.446154	34.8171	0.710526	50.1831	-0.158765
13	Gm13_30360893	30360893	30.3609	0.446154	34.8708	0.710526	50.1826	-0.158092
13	Gm13_30361209	30361209	30.3612	0.0307692	35.2774	0.131579	50.0701	-0.152082
13	Gm13_30361423	30361423	30.3614	0.523077	34.8408	0.157895	49.9923	-0.156815
13	Gm13_30362189	30362189	30.3622	0.523077	34.7719	0.157895	49.7202	-0.155305
13	Gm13_30362203	30362203	30.3622	0.415385	34.9525	0.710526	49.1542	-0.148083
13	Gm13_30405955	30405955	30.406	0.538462	34.8996	0.157895	48.9841	-0.147235
13	Gm13_30441574	30441574	30.4416	0.446154	34.7554	0.710526	47.4587	-0.135294
13	Gm13_30455759	30455759	30.4558	0.0615385	41.3197	0.144737	53.5496	-0.112599
13	Gm13_30466443	30466443	30.4664	0.153846	40.7464	0.197368	50.9483	-0.0970405
13	Gm13_30466664	30466664	30.4667	0.0461538	41.7179	0.0131579	52.5077	-0.0999009
13	Gm13_30466737	30466737	30.4667	0.0461538	41.7848	0.0131579	52.5713	-0.0997303
13	Gm13_30466774	30466774	30.4668	0.0461538	41.77	0.0131579	52.4183	-0.0986181
13	Gm13_30466906	30466906	30.4669	0.0461538	41.7552	0.0131579	52.2652	-0.0975023
13	Gm13_30466951	30466951	30.467	0.0461538	41.7258	0.0131579	52.0927	-0.0963727
13	Gm13_30479173	30479173	30.4792	0.123077	40.6866	0.289474	49.6833	-0.086759
13	Gm13_30479203	30479203	30.4792	0.123077	40.7365	0.289474	49.6974	-0.0863499
13	Gm13_30512788	30512788	30.5128	0.153846	40.6279	0.289474	49.5444	-0.0861705
13	Gm13_30522967	30522967	30.523	0.153846	40.6131	0.171053	52.904	-0.114822
13	Gm13_30593074	30593074	30.5931	0.123077	40.6239	0.184211	51.6532	-0.104316
13	Gm13_30595025	30595025	30.595	0.0461538	40.6821	0.0131579	56.8625	-0.145422
13	Gm13_30602808	30602808	30.6028	0.123077	40.4915	0.118421	56.2626	-0.142856
13	Gm13_30610484	30610484	30.6105	0.169231	40.4231	0.131579	56.1493	-0.142715
13	Gm13_30615381	30615381	30.6154	0.153846	40.381	0.131579	55.7677	-0.140206
13	Gm13_30634891	30634891	30.6349	0.0307692	42.0114	0.0131579	56.8772	-0.131571
13	Gm13_30668762	30668762	30.6688	0.0769231	41.8969	0.0263158	56.7424	-0.131726
13	Gm13_30688977	30688977	30.689	0.0307692	42.1402	0	56.8035	-0.129678
13	Gm13_30689033	30689033	30.689	0.0307692	42.1259	0	56.7109	-0.129117
13	Gm13_30689049	30689049	30.689	0.0307692	42.1111	0	56.6168	-0.128548
13	Gm13_30705869	30705869	30.7059	0.0923077	41.3127	0.0263158	56.3682	-0.134951
13	Gm13_30751302	30751302	30.7513	0.323077	36.1917	0	56.2485	-0.191502
13	Gm13_30774376	30774376	30.7744	0.0769231	36.0488	0.118421	54.9671	-0.183212
13	Gm13_30774385	30774385	30.7744	0.415385	35.4847	0.315789	43.362	-0.0870681
13	Gm13_30790402	30790402	30.7904	0.0923077	36.5059	0.302632	43.4906	-0.076032
13	Gm13_30790418	30790418	30.7904	0.0923077	36.5291	0.302632	43.5367	-0.0762162
13	Gm13_30813519	30813519	30.8135	0.0307692	37.3232	0.184211	45.477	-0.0858135
13	Gm13_30813542	30813542	30.8135	0.353846	36.1886	0.184211	45.415	-0.0986278
13	Gm13_30819091	30819091	30.8191	0.307692	36.3825	0	45.54	-0.0975002
13	Gm13_30845725	30845725	30.8457	0.338462	36.3481	0.184211	45.1894	-0.0945554
13	Gm13_30847931	30847931	30.8479	0.338462	36.339	0.197368	45.0974	-0.0937781
13	Gm13_30974716	30974716	30.9747	0.430769	32.2806	0.210526	44.7546	-0.141896
13	Gm13_30974773	30974773	30.9748	0.430769	32.1964	0.210526	44.6385	-0.141902
13	Gm13_30974903	30974903	30.9749	0.430769	32.1864	0.210526	44.6549	-0.142197
13	Gm13_31045628	31045628	31.0456	0.323077	32.3299	0.0263158	45.3056	-0.146547
13	Gm13_31045672	31045672	31.0457	0.323077	32.2622	0.0263158	45.2123	-0.146562
13	Gm13_31053641	31053641	31.0536	0.446154	32.1505	0.197368	44.7203	-0.143317
13	Gm13_31219992	31219992	31.22	0.0615385	32.6558	0.0789474	44.3341	-0.132778
13	Gm13_31220375	31220375	31.2204	0.307692	27.9649	0.381579	38.4764	-0.138582
13	Gm13_31220635	31220635	31.2206	0.0615385	28.1874	0.0789474	38.699	-0.137644
13	Gm13_31252893	31252893	31.2529	0.323077	27.9684	0.381579	38.3987	-0.137649
13	Gm13_31275670	31275670	31.2757	0.138462	28.5199	0.0789474	40.097	-0.147964
13	Gm13_31275903	31275903	31.2759	0.507692	27.304	0.105263	40.0015	-0.16585
13	Gm13_31282680	31282680	31.2827	0.353846	27.5621	0.0263158	40.8385	-0.170758
13	Gm13_31293312	31293312	31.2933	0.2	27.811	0.184211	39.6052	-0.153535
13	Gm13_31301808	31301808	31.3018	0.2	27.8553	0.184211	39.7415	-0.154338
13	Gm13_31304233	31304233	31.3042	0.261538	27.3681	0.513158	38.5077	-0.148303
13	Gm13_31325084	31325084	31.3251	0.384615	27.4795	0.460526	38.499	-0.14644
13	Gm13_31330054	31330054	31.3301	0.230769	27.4999	0.184211	38.6927	-0.148298
13	Gm13_31330243	31330243	31.3302	0.384615	27.4027	0.460526	38.6161	-0.148976
13	Gm13_31330361	31330361	31.3304	0.230769	27.5466	0.184211	39.0367	-0.151405
13	Gm13_31357838	31357838	31.3578	0.353846	28.7414	0.0263158	41.5008	-0.159549
13	Gm13_31396508	31396508	31.3965	0.138462	28.6817	0.25	40.9541	-0.154693
13	Gm13_31445617	31445617	31.4456	0.353846	28.5825	0.0263158	41.2291	-0.159103
13	Gm13_31451165	31451165	31.4512	0.138462	29.8536	0.263158	40.9246	-0.136989
13	Gm13_31477972	31477972	31.478	0.138462	29.7723	0.25	40.857	-0.137454
13	Gm13_31482464	31482464	31.4825	0.4	29.0709	0.0394737	41.1808	-0.151237
