chr	id	pos	freq	ihh12
19	Gm19_1126944	1126944	0.128289	0
19	Gm19_1147302	1147302	0.128289	0
19	Gm19_1147351	1147351	0.128289	0
19	Gm19_1149408	1149408	0.128289	0
19	Gm19_1163984	1163984	0.450658	0
19	Gm19_1164019	1164019	0.480263	0
19	Gm19_1204090	1204090	0.424342	0
19	Gm19_1226806	1226806	0.424342	0
19	Gm19_1226833	1226833	0.424342	0
19	Gm19_1291623	1291623	0.414474	0
19	Gm19_1302946	1302946	0.190789	0
19	Gm19_1303211	1303211	0.194079	0
19	Gm19_1303505	1303505	0.197368	0
19	Gm19_1303675	1303675	0.194079	0
19	Gm19_1303685	1303685	0.194079	0
19	Gm19_1303746	1303746	0.194079	0
19	Gm19_1303937	1303937	0.194079	0
19	Gm19_1303988	1303988	0.177632	0
19	Gm19_1305138	1305138	0.167763	0
19	Gm19_1305155	1305155	0.184211	0
19	Gm19_1306725	1306725	0.190789	0
19	Gm19_1306786	1306786	0.194079	0
19	Gm19_1306938	1306938	0.190789	0
19	Gm19_1307789	1307789	0.190789	0
19	Gm19_1307796	1307796	0.194079	0
19	Gm19_1308013	1308013	0.190789	0
19	Gm19_1369506	1369506	0.194079	0
19	Gm19_1481547	1481547	0.286184	0
19	Gm19_1483448	1483448	0.286184	0
19	Gm19_1489780	1489780	0.296053	0
19	Gm19_1489812	1489812	0.296053	0
19	Gm19_1505311	1505311	0.177632	0
19	Gm19_1554721	1554721	0.0822368	0
19	Gm19_1554771	1554771	0.177632	0
19	Gm19_1623622	1623622	0.161184	0
19	Gm19_1623852	1623852	0.161184	0
19	Gm19_1625609	1625609	0.161184	0
19	Gm19_1625628	1625628	0.161184	0
19	Gm19_1636915	1636915	0.157895	0
19	Gm19_1637057	1637057	0.157895	0
19	Gm19_1795365	1795365	0.210526	0
19	Gm19_1806706	1806706	0.210526	0
19	Gm19_1859065	1859065	0.322368	0
19	Gm19_1939364	1939364	0.440789	0
19	Gm19_2024243	2024243	0.0526316	0
19	Gm19_2024251	2024251	0.4375	0
19	Gm19_2051801	2051801	0.427632	0
19	Gm19_2051816	2051816	0.427632	0
19	Gm19_2055336	2055336	0.424342	0
19	Gm19_2055666	2055666	0.427632	0
19	Gm19_2063717	2063717	0.424342	0
19	Gm19_2063764	2063764	0.424342	0
19	Gm19_2067197	2067197	0.440789	0
19	Gm19_2067355	2067355	0.440789	0
19	Gm19_2067381	2067381	0.440789	0
19	Gm19_2265570	2265570	0.0526316	0
19	Gm19_2268036	2268036	0.0526316	0
19	Gm19_2359750	2359750	0.101974	0
19	Gm19_2382708	2382708	0.101974	0
19	Gm19_2409511	2409511	0.197368	0
19	Gm19_2409519	2409519	0.194079	0
19	Gm19_2418348	2418348	0.200658	0
19	Gm19_2487047	2487047	0.128289	0
19	Gm19_2535314	2535314	0.0723684	0
19	Gm19_2636365	2636365	0.0855263	0
19	Gm19_2639173	2639173	0.0822368	0
19	Gm19_2816799	2816799	0.25	0
19	Gm19_2905189	2905189	0.236842	0
19	Gm19_2935830	2935830	0.243421	0
19	Gm19_2944076	2944076	0.243421	0
19	Gm19_2946216	2946216	0.236842	0
19	Gm19_2947020	2947020	0.243421	0
19	Gm19_2947143	2947143	0.240132	0
19	Gm19_2947993	2947993	0.236842	0
19	Gm19_2949577	2949577	0.233553	0
19	Gm19_2949586	2949586	0.236842	0
19	Gm19_2949726	2949726	0.236842	0
19	Gm19_2958671	2958671	0.243421	0
19	Gm19_2976906	2976906	0.240132	0
19	Gm19_2976934	2976934	0.240132	0
19	Gm19_2976939	2976939	0.240132	0
19	Gm19_2977317	2977317	0.236842	0
19	Gm19_2977566	2977566	0.236842	0
19	Gm19_2983152	2983152	0.236842	0
19	Gm19_2997370	2997370	0.240132	0
19	Gm19_3046016	3046016	0.259868	0
19	Gm19_3046022	3046022	0.253289	0
19	Gm19_3075052	3075052	0.259868	0
19	Gm19_3075231	3075231	0.263158	0
19	Gm19_3167896	3167896	0.335526	0
19	Gm19_3207913	3207913	0.154605	0
19	Gm19_3243917	3243917	0.164474	0
19	Gm19_3244159	3244159	0.144737	0
19	Gm19_3244192	3244192	0.164474	0
19	Gm19_3265456	3265456	0.0921053	0
19	Gm19_3268139	3268139	0.144737	0
19	Gm19_3268291	3268291	0.0921053	0
19	Gm19_3268348	3268348	0.144737	0
19	Gm19_3310231	3310231	0.144737	0
19	Gm19_3311293	3311293	0.144737	0
19	Gm19_3311322	3311322	0.0921053	0
19	Gm19_3311335	3311335	0.144737	0
19	Gm19_3338280	3338280	0.351974	0
19	Gm19_3343402	3343402	0.345395	0
19	Gm19_3343416	3343416	0.345395	0
19	Gm19_3344376	3344376	0.355263	0
19	Gm19_3383359	3383359	0.483553	0
19	Gm19_3383373	3383373	0.493421	0
19	Gm19_3383382	3383382	0.483553	0
19	Gm19_3383513	3383513	0.493421	0
19	Gm19_3383586	3383586	0.483553	0
19	Gm19_3419766	3419766	0.0921053	0
19	Gm19_3419856	3419856	0.134868	0
19	Gm19_3423886	3423886	0.401316	0
19	Gm19_5776668	5776668	0.171053	0
19	Gm19_5788559	5788559	0.157895	0
19	Gm19_5843799	5843799	0.171053	0
19	Gm19_5854276	5854276	0.167763	0
19	Gm19_5856089	5856089	0.161184	0
19	Gm19_5909633	5909633	0.154605	0
19	Gm19_5931890	5931890	0.486842	0
19	Gm19_5937673	5937673	0.483553	0
19	Gm19_5944062	5944062	0.490132	0
19	Gm19_5953688	5953688	0.490132	0
19	Gm19_5953708	5953708	0.493421	0
19	Gm19_5957275	5957275	0.486842	0
19	Gm19_5977245	5977245	0.493421	0
19	Gm19_5977548	5977548	0.493421	0
19	Gm19_6014652	6014652	0.480263	0
19	Gm19_6015298	6015298	0.486842	0
19	Gm19_6015702	6015702	0.470395	0
19	Gm19_6018682	6018682	0.486842	0
19	Gm19_6018951	6018951	0.493421	0
19	Gm19_6021096	6021096	0.493421	0
19	Gm19_6021310	6021310	0.493421	0
19	Gm19_6046885	6046885	0.134868	0
19	Gm19_6110521	6110521	0.378289	0
19	Gm19_6136765	6136765	0.404605	0
19	Gm19_6145531	6145531	0.404605	0
19	Gm19_6147496	6147496	0.398026	0
19	Gm19_6147516	6147516	0.404605	0
19	Gm19_6232729	6232729	0.381579	0
19	Gm19_6233028	6233028	0.378289	0
19	Gm19_6233048	6233048	0.381579	0
19	Gm19_6365570	6365570	0.167763	0
19	Gm19_6366687	6366687	0.125	0
19	Gm19_6368628	6368628	0.164474	0
19	Gm19_6413045	6413045	0.167763	0
19	Gm19_6415683	6415683	0.157895	0
19	Gm19_8666459	8666459	0.460526	0
19	Gm19_8666468	8666468	0.421053	0
19	Gm19_8700685	8700685	0.414474	0
19	Gm19_8700952	8700952	0.414474	0
19	Gm19_8700976	8700976	0.338816	0
19	Gm19_8700989	8700989	0.460526	0
19	Gm19_8701209	8701209	0.486842	0
19	Gm19_8720657	8720657	0.0756579	0
19	Gm19_8720680	8720680	0.473684	0
19	Gm19_8720938	8720938	0.470395	0
19	Gm19_8724253	8724253	0.476974	0
19	Gm19_8724290	8724290	0.338816	0
19	Gm19_8733149	8733149	0.473684	0
19	Gm19_8751091	8751091	0.473684	0
19	Gm19_8751422	8751422	0.351974	0
19	Gm19_8758609	8758609	0.355263	0
19	Gm19_8780049	8780049	0.125	0
19	Gm19_8780077	8780077	0.125	0
19	Gm19_8819539	8819539	0.338816	0
19	Gm19_8846730	8846730	0.338816	0
19	Gm19_8846988	8846988	0.338816	0
19	Gm19_8847255	8847255	0.496711	0
19	Gm19_8847272	8847272	0.338816	0
19	Gm19_8864243	8864243	0.0756579	0
19	Gm19_8868278	8868278	0.0789474	0
19	Gm19_8868602	8868602	0.342105	0
19	Gm19_8868632	8868632	0.388158	0
19	Gm19_8869056	8869056	0.384868	0
19	Gm19_8869085	8869085	0.384868	0
19	Gm19_8869100	8869100	0.467105	0
19	Gm19_8869120	8869120	0.388158	0
19	Gm19_8869126	8869126	0.0756579	0
19	Gm19_8870461	8870461	0.463816	0
19	Gm19_8870644	8870644	0.467105	0
19	Gm19_8870735	8870735	0.391447	0
19	Gm19_8870743	8870743	0.470395	0
19	Gm19_8870909	8870909	0.463816	0
19	Gm19_8887340	8887340	0.0756579	0
19	Gm19_8920298	8920298	0.0986842	0
19	Gm19_8920381	8920381	0.0986842	0
19	Gm19_8925251	8925251	0.0559211	0
19	Gm19_8925269	8925269	0.0953947	0
19	Gm19_8932017	8932017	0.365132	0
19	Gm19_8932271	8932271	0.101974	0
19	Gm19_8932281	8932281	0.101974	0
19	Gm19_8932678	8932678	0.0986842	0
19	Gm19_8932705	8932705	0.365132	0
19	Gm19_8932711	8932711	0.365132	0
19	Gm19_8946757	8946757	0.0953947	0
19	Gm19_8969330	8969330	0.457237	0
19	Gm19_8982579	8982579	0.0953947	0
19	Gm19_8988678	8988678	0.105263	0
19	Gm19_8988683	8988683	0.473684	0
19	Gm19_8988707	8988707	0.473684	0
19	Gm19_8989017	8989017	0.365132	0
19	Gm19_8989173	8989173	0.473684	0
19	Gm19_8989196	8989196	0.476974	0
19	Gm19_8991871	8991871	0.105263	0
19	Gm19_8991877	8991877	0.309211	0
19	Gm19_8991900	8991900	0.355263	0
19	Gm19_8991997	8991997	0.101974	0
19	Gm19_8992009	8992009	0.105263	0
19	Gm19_8995808	8995808	0.365132	0
19	Gm19_9005238	9005238	0.368421	0
19	Gm19_9005378	9005378	0.368421	0
19	Gm19_9023927	9023927	0.0822368	0
19	Gm19_9025901	9025901	0.368421	0
19	Gm19_9025907	9025907	0.101974	0
19	Gm19_9042013	9042013	0.467105	0
19	Gm19_9042068	9042068	0.105263	0
19	Gm19_9054647	9054647	0.476974	0
19	Gm19_9091876	9091876	0.101974	0
19	Gm19_9091933	9091933	0.101974	0
19	Gm19_9092240	9092240	0.101974	0
19	Gm19_9103315	9103315	0.134868	0
19	Gm19_9103346	9103346	0.0953947	0
19	Gm19_9103429	9103429	0.0986842	0
19	Gm19_9103452	9103452	0.0986842	0
19	Gm19_9111308	9111308	0.0953947	0
19	Gm19_9228452	9228452	0.0986842	0
19	Gm19_9232557	9232557	0.319079	0
19	Gm19_9236302	9236302	0.476974	0
19	Gm19_9236793	9236793	0.470395	0
19	Gm19_9237081	9237081	0.424342	0
19	Gm19_9237097	9237097	0.328947	0
19	Gm19_9237148	9237148	0.328947	0
19	Gm19_9245755	9245755	0.0986842	0
19	Gm19_9257261	9257261	0.105263	0
19	Gm19_9262990	9262990	0.427632	0
19	Gm19_9263638	9263638	0.430921	0
19	Gm19_9263831	9263831	0.424342	0
19	Gm19_9283434	9283434	0.141447	0
19	Gm19_9283639	9283639	0.0986842	0
19	Gm19_9283673	9283673	0.424342	0
19	Gm19_9283729	9283729	0.101974	0
19	Gm19_9284047	9284047	0.0986842	0
19	Gm19_9286817	9286817	0.427632	0
19	Gm19_9330320	9330320	0.151316	0
19	Gm19_9347792	9347792	0.108553	0
19	Gm19_9349803	9349803	0.105263	0
19	Gm19_9367373	9367373	0.108553	0
19	Gm19_9367379	9367379	0.101974	0
19	Gm19_9403937	9403937	0.0953947	0
19	Gm19_9403950	9403950	0.0986842	0
19	Gm19_9414077	9414077	0.148026	0
19	Gm19_9414361	9414361	0.148026	0
19	Gm19_9414775	9414775	0.101974	0
19	Gm19_9414798	9414798	0.101974	0
19	Gm19_9415940	9415940	0.134868	0
19	Gm19_9416132	9416132	0.134868	0
19	Gm19_9420211	9420211	0.0986842	0
19	Gm19_9436799	9436799	0.144737	0
19	Gm19_9440630	9440630	0.0953947	0
19	Gm19_9451345	9451345	0.138158	0
19	Gm19_9451599	9451599	0.0986842	0
19	Gm19_9506290	9506290	0.141447	0
19	Gm19_9508347	9508347	0.0986842	0
19	Gm19_9508963	9508963	0.141447	0
19	Gm19_9509291	9509291	0.144737	0
19	Gm19_9563382	9563382	0.134868	0
19	Gm19_9570282	9570282	0.144737	0
19	Gm19_9579125	9579125	0.141447	0
19	Gm19_9579138	9579138	0.141447	0
19	Gm19_9579184	9579184	0.0986842	0
19	Gm19_9580776	9580776	0.144737	0
19	Gm19_9583059	9583059	0.101974	0
19	Gm19_9587881	9587881	0.138158	0
19	Gm19_9593360	9593360	0.138158	0
19	Gm19_9593573	9593573	0.144737	0
19	Gm19_9593588	9593588	0.138158	0
19	Gm19_9601515	9601515	0.148026	0
19	Gm19_9601647	9601647	0.144737	0
19	Gm19_9654630	9654630	0.131579	0
19	Gm19_9656988	9656988	0.141447	0
19	Gm19_9675729	9675729	0.138158	0
19	Gm19_9675996	9675996	0.138158	0
19	Gm19_9704228	9704228	0.134868	0
19	Gm19_9708675	9708675	0.138158	0
19	Gm19_9712372	9712372	0.144737	0
19	Gm19_9723696	9723696	0.134868	0
19	Gm19_9733994	9733994	0.138158	0
19	Gm19_9734054	9734054	0.0986842	0
19	Gm19_9756102	9756102	0.141447	0
19	Gm19_9765713	9765713	0.144737	0
19	Gm19_9765913	9765913	0.144737	0
19	Gm19_9765919	9765919	0.144737	0
19	Gm19_9765942	9765942	0.101974	0
19	Gm19_9767951	9767951	0.138158	0
19	Gm19_9789363	9789363	0.134868	0
19	Gm19_9799205	9799205	0.0953947	0
19	Gm19_9823331	9823331	0.138158	0
19	Gm19_9826004	9826004	0.134868	0
19	Gm19_9839959	9839959	0.148026	0
19	Gm19_9882866	9882866	0.0986842	0
19	Gm19_9896445	9896445	0.138158	0
19	Gm19_9902206	9902206	0.0592105	0
19	Gm19_9947205	9947205	0.0986842	0
19	Gm19_9962577	9962577	0.0953947	0
19	Gm19_9967561	9967561	0.134868	0
19	Gm19_9967982	9967982	0.0986842	0
19	Gm19_9970018	9970018	0.0953947	0
19	Gm19_9996400	9996400	0.108553	0
19	Gm19_9997393	9997393	0.138158	0
19	Gm19_9997427	9997427	0.0953947	0
19	Gm19_9997738	9997738	0.138158	0
19	Gm19_10001023	10001023	0.141447	0
19	Gm19_10001333	10001333	0.0855263	0
19	Gm19_10039653	10039653	0.0986842	0
19	Gm19_10045472	10045472	0.0953947	0
19	Gm19_10056966	10056966	0.141447	0
19	Gm19_10065399	10065399	0.141447	0
19	Gm19_10065409	10065409	0.141447	0
19	Gm19_10077303	10077303	0.144737	0
19	Gm19_10107449	10107449	0.0953947	0
19	Gm19_10107865	10107865	0.0986842	0
19	Gm19_10110606	10110606	0.144737	0
19	Gm19_10124902	10124902	0.0986842	0
19	Gm19_10124922	10124922	0.141447	0
19	Gm19_10147235	10147235	0.141447	0
19	Gm19_10147890	10147890	0.141447	0
19	Gm19_10148331	10148331	0.101974	0
19	Gm19_10150247	10150247	0.134868	0
19	Gm19_10150407	10150407	0.0953947	0
19	Gm19_10153209	10153209	0.141447	0
19	Gm19_10155659	10155659	0.134868	0
19	Gm19_10189731	10189731	0.0953947	0
19	Gm19_10219824	10219824	0.0986842	0
19	Gm19_10297350	10297350	0.138158	0
19	Gm19_10304343	10304343	0.138158	0
19	Gm19_10331478	10331478	0.148026	0
19	Gm19_10387614	10387614	0.148026	0
19	Gm19_10397097	10397097	0.0526316	0
19	Gm19_10398084	10398084	0.101974	0
19	Gm19_10398248	10398248	0.101974	0
19	Gm19_10403011	10403011	0.101974	0
19	Gm19_10403282	10403282	0.105263	0
19	Gm19_10426834	10426834	0.0986842	0
19	Gm19_10434532	10434532	0.141447	0
19	Gm19_10441647	10441647	0.144737	0
19	Gm19_10448240	10448240	0.148026	0
19	Gm19_10450643	10450643	0.148026	0
19	Gm19_10451463	10451463	0.148026	0
19	Gm19_10453476	10453476	0.0986842	0
19	Gm19_10455181	10455181	0.0986842	0
19	Gm19_10455678	10455678	0.0986842	0
19	Gm19_10478961	10478961	0.0986842	0
19	Gm19_10496737	10496737	0.151316	0
19	Gm19_10501387	10501387	0.0986842	0
19	Gm19_10553698	10553698	0.141447	0
19	Gm19_10554774	10554774	0.0953947	0
19	Gm19_10564278	10564278	0.105263	0
19	Gm19_10564557	10564557	0.105263	0
19	Gm19_10660994	10660994	0.0921053	0
19	Gm19_10661044	10661044	0.0921053	0
19	Gm19_10696517	10696517	0.148026	0
19	Gm19_10696534	10696534	0.148026	0
19	Gm19_10696725	10696725	0.141447	0
19	Gm19_10701371	10701371	0.148026	0
19	Gm19_10701381	10701381	0.105263	0
19	Gm19_10701565	10701565	0.105263	0
19	Gm19_10701814	10701814	0.101974	0
19	Gm19_10701845	10701845	0.101974	0
19	Gm19_10703217	10703217	0.0986842	0
19	Gm19_10703459	10703459	0.0986842	0
19	Gm19_10703505	10703505	0.0986842	0
19	Gm19_10705325	10705325	0.141447	0
19	Gm19_10705602	10705602	0.148026	0
19	Gm19_10705944	10705944	0.148026	0
19	Gm19_10712426	10712426	0.141447	0
19	Gm19_10720006	10720006	0.138158	0
19	Gm19_10720195	10720195	0.144737	0
19	Gm19_10720530	10720530	0.141447	0
19	Gm19_10720783	10720783	0.144737	0
19	Gm19_10752737	10752737	0.144737	0
19	Gm19_10752880	10752880	0.101974	0
19	Gm19_10752948	10752948	0.101974	0
19	Gm19_10756985	10756985	0.0592105	0
19	Gm19_10770379	10770379	0.101974	0
19	Gm19_10771786	10771786	0.138158	0
19	Gm19_10771974	10771974	0.134868	0
19	Gm19_10771980	10771980	0.148026	0
19	Gm19_10776035	10776035	0.105263	0
19	Gm19_10776189	10776189	0.105263	0
19	Gm19_10776219	10776219	0.105263	0
19	Gm19_10776462	10776462	0.144737	0
19	Gm19_10776776	10776776	0.0756579	0
19	Gm19_10796738	10796738	0.101974	0
19	Gm19_10835413	10835413	0.0921053	0
19	Gm19_10835424	10835424	0.138158	0
19	Gm19_10835435	10835435	0.134868	0
19	Gm19_10835440	10835440	0.0921053	0
19	Gm19_10856323	10856323	0.0986842	0
19	Gm19_10856611	10856611	0.0986842	0
19	Gm19_10869282	10869282	0.0953947	0
19	Gm19_10869298	10869298	0.148026	0
19	Gm19_10869512	10869512	0.134868	0
19	Gm19_10869549	10869549	0.0953947	0
19	Gm19_10871582	10871582	0.105263	0
19	Gm19_10871838	10871838	0.105263	0
19	Gm19_10880657	10880657	0.101974	0
19	Gm19_10905285	10905285	0.101974	0
19	Gm19_10922838	10922838	0.0986842	0
19	Gm19_10924357	10924357	0.105263	0
19	Gm19_10924364	10924364	0.105263	0
19	Gm19_10924377	10924377	0.105263	0
19	Gm19_10924584	10924584	0.105263	0
19	Gm19_10926989	10926989	0.0986842	0
19	Gm19_10927183	10927183	0.141447	0
19	Gm19_10927272	10927272	0.157895	0
19	Gm19_10927583	10927583	0.144737	0
19	Gm19_10928002	10928002	0.138158	0
19	Gm19_10931315	10931315	0.0986842	0
19	Gm19_10934496	10934496	0.141447	0
19	Gm19_10976457	10976457	0.148026	0
19	Gm19_10980483	10980483	0.144737	0
19	Gm19_10981534	10981534	0.0986842	0
19	Gm19_10981553	10981553	0.101974	0
19	Gm19_10983298	10983298	0.101974	0
19	Gm19_11029082	11029082	0.141447	0
19	Gm19_11029419	11029419	0.0986842	0
19	Gm19_11036599	11036599	0.0986842	0
19	Gm19_11046081	11046081	0.0953947	0
19	Gm19_11074258	11074258	0.144737	0
19	Gm19_11100720	11100720	0.101974	0
19	Gm19_11113044	11113044	0.105263	0
19	Gm19_11119821	11119821	0.134868	0
19	Gm19_11165535	11165535	0.101974	0
19	Gm19_11174936	11174936	0.105263	0
19	Gm19_11185567	11185567	0.108553	0
19	Gm19_11185606	11185606	0.148026	0
19	Gm19_11212767	11212767	0.144737	0
19	Gm19_11212803	11212803	0.148026	0
19	Gm19_11212818	11212818	0.148026	0
19	Gm19_11220982	11220982	0.141447	0
19	Gm19_11221971	11221971	0.148026	0
19	Gm19_11222006	11222006	0.101974	0
19	Gm19_11223969	11223969	0.101974	0
19	Gm19_11252087	11252087	0.154605	0
19	Gm19_11252291	11252291	0.148026	0
19	Gm19_11253619	11253619	0.0986842	0
19	Gm19_11325161	11325161	0.0986842	0
19	Gm19_11339885	11339885	0.0690789	0
19	Gm19_11340072	11340072	0.0592105	0
19	Gm19_11394199	11394199	0.134868	0
19	Gm19_11394239	11394239	0.134868	0
19	Gm19_11394278	11394278	0.134868	0
19	Gm19_11424053	11424053	0.134868	0
19	Gm19_11426307	11426307	0.0953947	0
19	Gm19_11441888	11441888	0.138158	0
19	Gm19_11443340	11443340	0.0986842	0
19	Gm19_11443372	11443372	0.144737	0
19	Gm19_11443380	11443380	0.0986842	0
19	Gm19_11450927	11450927	0.0953947	0
19	Gm19_11467751	11467751	0.0921053	0
19	Gm19_11471238	11471238	0.134868	0
19	Gm19_11471529	11471529	0.0953947	0
19	Gm19_11509797	11509797	0.138158	0
19	Gm19_11511063	11511063	0.101974	0
19	Gm19_11512983	11512983	0.151316	0
19	Gm19_11513294	11513294	0.151316	0
19	Gm19_11515841	11515841	0.0986842	0
19	Gm19_11519683	11519683	0.101974	0
19	Gm19_11519691	11519691	0.148026	0
19	Gm19_11569281	11569281	0.0921053	0
19	Gm19_11569572	11569572	0.0921053	0
19	Gm19_11584728	11584728	0.0953947	0
19	Gm19_11585128	11585128	0.0953947	0
19	Gm19_11585168	11585168	0.0953947	0
19	Gm19_11603667	11603667	0.101974	0
19	Gm19_11604942	11604942	0.148026	0
19	Gm19_11604950	11604950	0.141447	0
19	Gm19_11611332	11611332	0.0986842	0
19	Gm19_11612361	11612361	0.0953947	0
19	Gm19_11612417	11612417	0.144737	0
19	Gm19_11613594	11613594	0.141447	0
19	Gm19_11613628	11613628	0.141447	0
19	Gm19_11613642	11613642	0.0953947	0
19	Gm19_11613804	11613804	0.141447	0
19	Gm19_11619879	11619879	0.0953947	0
19	Gm19_11620555	11620555	0.134868	0
19	Gm19_11645235	11645235	0.0953947	0
19	Gm19_11652635	11652635	0.134868	0
19	Gm19_11654441	11654441	0.134868	0
19	Gm19_11679229	11679229	0.0953947	0
19	Gm19_11680591	11680591	0.0953947	0
19	Gm19_11696159	11696159	0.141447	0
19	Gm19_11700404	11700404	0.131579	0
19	Gm19_11700815	11700815	0.0953947	0
19	Gm19_11701015	11701015	0.138158	0
19	Gm19_11705017	11705017	0.144737	0
19	Gm19_11711332	11711332	0.138158	0
19	Gm19_11720332	11720332	0.0592105	0
19	Gm19_11720571	11720571	0.144737	0
19	Gm19_11720601	11720601	0.151316	0
19	Gm19_11847287	11847287	0.0953947	0
19	Gm19_11866514	11866514	0.0953947	0
19	Gm19_11866729	11866729	0.131579	0
19	Gm19_11866743	11866743	0.0921053	0
19	Gm19_11869630	11869630	0.144737	0
19	Gm19_11869691	11869691	0.141447	0
19	Gm19_11881974	11881974	0.0986842	0
19	Gm19_11882003	11882003	0.0953947	0
19	Gm19_11916953	11916953	0.0953947	0
19	Gm19_11916959	11916959	0.0953947	0
19	Gm19_12002835	12002835	0.105263	0
19	Gm19_12013875	12013875	0.148026	0
19	Gm19_12028056	12028056	0.0921053	0
19	Gm19_15956855	15956855	0.105263	0
19	Gm19_15957690	15957690	0.101974	0
19	Gm19_15957734	15957734	0.101974	0
19	Gm19_15978147	15978147	0.0986842	0
19	Gm19_15978616	15978616	0.0986842	0
19	Gm19_15978645	15978645	0.101974	0
19	Gm19_15978969	15978969	0.108553	0
19	Gm19_16000841	16000841	0.101974	0
19	Gm19_16001177	16001177	0.105263	0
19	Gm19_16059546	16059546	0.0953947	0
19	Gm19_16059796	16059796	0.398026	0
19	Gm19_16064974	16064974	0.105263	0
19	Gm19_16064985	16064985	0.108553	0
19	Gm19_16065728	16065728	0.101974	0
19	Gm19_16068556	16068556	0.105263	0
19	Gm19_16068600	16068600	0.0986842	0
19	Gm19_16069622	16069622	0.0986842	0
19	Gm19_16080600	16080600	0.0888158	0
19	Gm19_16091512	16091512	0.0953947	0
19	Gm19_16091683	16091683	0.0953947	0
19	Gm19_16125945	16125945	0.105263	0
19	Gm19_16125973	16125973	0.105263	0
19	Gm19_16197715	16197715	0.0986842	0
19	Gm19_16229459	16229459	0.236842	0
19	Gm19_16243107	16243107	0.0986842	0
19	Gm19_16243357	16243357	0.0986842	0
19	Gm19_16243379	16243379	0.0986842	0
19	Gm19_16244876	16244876	0.105263	0
19	Gm19_16245127	16245127	0.105263	0
19	Gm19_16245538	16245538	0.105263	0
19	Gm19_16254910	16254910	0.115132	0
19	Gm19_16257340	16257340	0.0986842	0
19	Gm19_16270941	16270941	0.105263	0
19	Gm19_16270978	16270978	0.105263	0
19	Gm19_16271057	16271057	0.0986842	0
19	Gm19_16277705	16277705	0.0986842	0
19	Gm19_16291531	16291531	0.0953947	0
19	Gm19_16294953	16294953	0.101974	0
19	Gm19_16331301	16331301	0.101974	0
19	Gm19_16334330	16334330	0.0953947	0
19	Gm19_16337081	16337081	0.101974	0
19	Gm19_16337375	16337375	0.108553	0
19	Gm19_16339168	16339168	0.101974	0
19	Gm19_16410717	16410717	0.101974	0
19	Gm19_16410980	16410980	0.105263	0
19	Gm19_16411006	16411006	0.101974	0
19	Gm19_16411015	16411015	0.101974	0
19	Gm19_16412897	16412897	0.101974	0
19	Gm19_16412905	16412905	0.101974	0
19	Gm19_16412917	16412917	0.101974	0
19	Gm19_16427570	16427570	0.0986842	0
19	Gm19_16435426	16435426	0.0986842	0
19	Gm19_16435438	16435438	0.0986842	0
19	Gm19_16459701	16459701	0.0986842	0
19	Gm19_16459755	16459755	0.0986842	0
19	Gm19_16467542	16467542	0.105263	0
19	Gm19_16484494	16484494	0.0986842	0
19	Gm19_16484531	16484531	0.0921053	0
19	Gm19_16484859	16484859	0.0921053	0
19	Gm19_16484871	16484871	0.101974	0
19	Gm19_16507390	16507390	0.101974	0
19	Gm19_16507405	16507405	0.101974	0
19	Gm19_16507443	16507443	0.101974	0
19	Gm19_16516415	16516415	0.0953947	0
19	Gm19_16516692	16516692	0.0953947	0
19	Gm19_16516780	16516780	0.105263	0
19	Gm19_16516794	16516794	0.0986842	0
19	Gm19_16518829	16518829	0.108553	0
19	Gm19_16553105	16553105	0.0953947	0
19	Gm19_16553152	16553152	0.105263	0
19	Gm19_16553596	16553596	0.101974	0
19	Gm19_16558248	16558248	0.0953947	0
19	Gm19_16558264	16558264	0.105263	0
19	Gm19_16558498	16558498	0.105263	0
19	Gm19_16641974	16641974	0.101974	0
19	Gm19_16644062	16644062	0.101974	0
19	Gm19_16647294	16647294	0.105263	0
19	Gm19_16693136	16693136	0.0986842	0
19	Gm19_16700551	16700551	0.101974	0
19	Gm19_16702083	16702083	0.108553	0
19	Gm19_16702344	16702344	0.0986842	0
19	Gm19_16728775	16728775	0.101974	0
19	Gm19_16746297	16746297	0.115132	0
19	Gm19_16748488	16748488	0.105263	0
19	Gm19_16752036	16752036	0.115132	0
19	Gm19_16752041	16752041	0.101974	0
19	Gm19_16754120	16754120	0.101974	0
19	Gm19_16764273	16764273	0.0986842	0
19	Gm19_16766463	16766463	0.101974	0
19	Gm19_16786008	16786008	0.0888158	0
19	Gm19_16786280	16786280	0.101974	0
19	Gm19_16792208	16792208	0.101974	0
19	Gm19_16792790	16792790	0.101974	0
19	Gm19_16792816	16792816	0.101974	0
19	Gm19_16793802	16793802	0.0986842	0
19	Gm19_16796210	16796210	0.105263	0
19	Gm19_16796495	16796495	0.0986842	0
19	Gm19_16797599	16797599	0.496711	0
19	Gm19_16833783	16833783	0.101974	0
19	Gm19_16852720	16852720	0.105263	0
19	Gm19_16852946	16852946	0.101974	0
19	Gm19_16896861	16896861	0.108553	0
19	Gm19_16900636	16900636	0.0986842	0
19	Gm19_16919052	16919052	0.0986842	0
19	Gm19_16949224	16949224	0.0953947	0
19	Gm19_16949723	16949723	0.101974	0
19	Gm19_16951091	16951091	0.0986842	0
19	Gm19_16951096	16951096	0.0986842	0
19	Gm19_16955906	16955906	0.101974	0
19	Gm19_16965229	16965229	0.101974	0
19	Gm19_16965509	16965509	0.105263	0
19	Gm19_16965527	16965527	0.0986842	0
19	Gm19_17005688	17005688	0.141447	0
19	Gm19_17005720	17005720	0.0953947	0
19	Gm19_17017780	17017780	0.0953947	0
19	Gm19_17017795	17017795	0.138158	0
19	Gm19_17017965	17017965	0.0953947	0
19	Gm19_17040546	17040546	0.0953947	0
19	Gm19_17043902	17043902	0.108553	0
19	Gm19_17049591	17049591	0.148026	0
19	Gm19_17049834	17049834	0.151316	0
19	Gm19_17074604	17074604	0.141447	0
19	Gm19_17098589	17098589	0.141447	0
19	Gm19_17098920	17098920	0.141447	0
19	Gm19_17111277	17111277	0.141447	0
19	Gm19_17111339	17111339	0.144737	0
19	Gm19_17111380	17111380	0.151316	0
19	Gm19_17112668	17112668	0.0953947	0
19	Gm19_17160724	17160724	0.148026	0
19	Gm19_17167564	17167564	0.148026	0
19	Gm19_17173092	17173092	0.141447	0
19	Gm19_17183814	17183814	0.141447	0
19	Gm19_17189105	17189105	0.101974	0
19	Gm19_17194130	17194130	0.141447	0
19	Gm19_17220693	17220693	0.144737	0
19	Gm19_17284015	17284015	0.144737	0
19	Gm19_17328135	17328135	0.0953947	0
19	Gm19_17360080	17360080	0.141447	0
19	Gm19_17363265	17363265	0.101974	0
19	Gm19_17417547	17417547	0.315789	0
19	Gm19_17417561	17417561	0.141447	0
19	Gm19_17420108	17420108	0.138158	0
19	Gm19_17420113	17420113	0.0986842	0
19	Gm19_17420149	17420149	0.138158	0
19	Gm19_17421876	17421876	0.138158	0
19	Gm19_17424737	17424737	0.138158	0
19	Gm19_17455483	17455483	0.0986842	0
19	Gm19_17488073	17488073	0.101974	0
19	Gm19_17533980	17533980	0.101974	0
19	Gm19_17534653	17534653	0.0953947	0
19	Gm19_17539155	17539155	0.0953947	0
19	Gm19_17570484	17570484	0.0986842	0
19	Gm19_17570818	17570818	0.0986842	0
19	Gm19_17571078	17571078	0.0953947	0
19	Gm19_17571327	17571327	0.0986842	0
19	Gm19_17578553	17578553	0.0986842	0
19	Gm19_17579093	17579093	0.0822368	0
19	Gm19_17579249	17579249	0.0953947	0
19	Gm19_17595089	17595089	0.0953947	0
19	Gm19_17595105	17595105	0.0986842	0
19	Gm19_17595271	17595271	0.108553	0
19	Gm19_17599664	17599664	0.101974	0
19	Gm19_17599831	17599831	0.0986842	0
19	Gm19_17656671	17656671	0.0953947	0
19	Gm19_17656898	17656898	0.0986842	0
19	Gm19_17664464	17664464	0.0953947	0
19	Gm19_17664503	17664503	0.0953947	0
19	Gm19_17672039	17672039	0.0953947	0
19	Gm19_17713756	17713756	0.101974	0
19	Gm19_17713776	17713776	0.0953947	0
19	Gm19_17713786	17713786	0.105263	0
19	Gm19_17715823	17715823	0.0953947	0
19	Gm19_17724650	17724650	0.0953947	0
19	Gm19_17774169	17774169	0.101974	0
19	Gm19_17774379	17774379	0.0986842	0
19	Gm19_17806623	17806623	0.0986842	0
19	Gm19_17810465	17810465	0.101974	0
19	Gm19_17810527	17810527	0.0986842	0
19	Gm19_17814831	17814831	0.0986842	0
19	Gm19_17825365	17825365	0.108553	0
19	Gm19_17825748	17825748	0.108553	0
19	Gm19_17876821	17876821	0.101974	0
19	Gm19_17877075	17877075	0.101974	0
19	Gm19_17885068	17885068	0.0953947	0
19	Gm19_17889731	17889731	0.0986842	0
19	Gm19_17898018	17898018	0.101974	0
19	Gm19_17904352	17904352	0.101974	0
19	Gm19_17904518	17904518	0.101974	0
19	Gm19_17920231	17920231	0.105263	0
19	Gm19_17924460	17924460	0.111842	0
19	Gm19_17932871	17932871	0.0986842	0
19	Gm19_17933161	17933161	0.111842	0
19	Gm19_17933184	17933184	0.105263	0
19	Gm19_17933383	17933383	0.0822368	0
19	Gm19_17933448	17933448	0.101974	0
19	Gm19_17954585	17954585	0.101974	0
19	Gm19_17962056	17962056	0.108553	0
19	Gm19_17962197	17962197	0.105263	0
19	Gm19_17964119	17964119	0.0986842	0
19	Gm19_17964287	17964287	0.108553	0
19	Gm19_17965718	17965718	0.101974	0
19	Gm19_17965824	17965824	0.105263	0
19	Gm19_17966097	17966097	0.105263	0
19	Gm19_17966287	17966287	0.0953947	0
19	Gm19_17966309	17966309	0.0953947	0
19	Gm19_17966440	17966440	0.0986842	0
19	Gm19_17984984	17984984	0.0953947	0
19	Gm19_17985550	17985550	0.105263	0
19	Gm19_18003139	18003139	0.101974	0
19	Gm19_18006536	18006536	0.105263	0
19	Gm19_18007826	18007826	0.105263	0
19	Gm19_18013547	18013547	0.108553	0
19	Gm19_18024982	18024982	0.101974	0
19	Gm19_18025506	18025506	0.0986842	0
19	Gm19_18025514	18025514	0.0986842	0
19	Gm19_18025697	18025697	0.0986842	0
19	Gm19_18029354	18029354	0.0986842	0
19	Gm19_18029633	18029633	0.101974	0
19	Gm19_18043769	18043769	0.101974	0
19	Gm19_18045131	18045131	0.0986842	0
19	Gm19_18045430	18045430	0.0986842	0
19	Gm19_18062768	18062768	0.0986842	0
19	Gm19_18067717	18067717	0.105263	0
19	Gm19_18069873	18069873	0.101974	0
19	Gm19_18070653	18070653	0.0986842	0
19	Gm19_18071880	18071880	0.0921053	0
19	Gm19_18132212	18132212	0.101974	0
19	Gm19_18132267	18132267	0.101974	0
19	Gm19_18134202	18134202	0.0986842	0
19	Gm19_18141211	18141211	0.105263	0
19	Gm19_18141239	18141239	0.101974	0
19	Gm19_18141930	18141930	0.0986842	0
19	Gm19_18143329	18143329	0.0986842	0
19	Gm19_18143675	18143675	0.0986842	0
19	Gm19_18144718	18144718	0.105263	0
19	Gm19_18148465	18148465	0.0986842	0
19	Gm19_18155020	18155020	0.108553	0
19	Gm19_18155060	18155060	0.108553	0
19	Gm19_18155290	18155290	0.105263	0
19	Gm19_18162652	18162652	0.101974	0
19	Gm19_18162684	18162684	0.101974	0
19	Gm19_18210105	18210105	0.0953947	0
19	Gm19_18212890	18212890	0.0986842	0
19	Gm19_18213090	18213090	0.0953947	0
19	Gm19_18213120	18213120	0.0953947	0
19	Gm19_18213939	18213939	0.0986842	0
19	Gm19_18214369	18214369	0.0986842	0
19	Gm19_18217075	18217075	0.0953947	0
19	Gm19_18217084	18217084	0.0953947	0
19	Gm19_18230319	18230319	0.105263	0
19	Gm19_18234032	18234032	0.0953947	0
19	Gm19_18236045	18236045	0.105263	0
19	Gm19_18239392	18239392	0.101974	0
19	Gm19_18270313	18270313	0.0953947	0
19	Gm19_18271743	18271743	0.101974	0
19	Gm19_18272213	18272213	0.0953947	0
19	Gm19_18277661	18277661	0.0986842	0
19	Gm19_18286020	18286020	0.0953947	0
19	Gm19_18286176	18286176	0.0953947	0
19	Gm19_18354074	18354074	0.0986842	0
19	Gm19_18354308	18354308	0.0986842	0
19	Gm19_18354331	18354331	0.0986842	0
19	Gm19_18354362	18354362	0.0986842	0
19	Gm19_18354377	18354377	0.101974	0
19	Gm19_18354611	18354611	0.101974	0
19	Gm19_18364373	18364373	0.101974	0
19	Gm19_18365805	18365805	0.0953947	0
19	Gm19_18365831	18365831	0.0953947	0
19	Gm19_18381267	18381267	0.0953947	0
19	Gm19_18381581	18381581	0.0953947	0
19	Gm19_18381770	18381770	0.0986842	0
19	Gm19_18382021	18382021	0.0986842	0
19	Gm19_18384090	18384090	0.101974	0
19	Gm19_18394943	18394943	0.0953947	0
19	Gm19_18407068	18407068	0.105263	0
19	Gm19_18415561	18415561	0.105263	0
19	Gm19_18415608	18415608	0.0986842	0
19	Gm19_18416057	18416057	0.101974	0
19	Gm19_18416242	18416242	0.105263	0
19	Gm19_18416343	18416343	0.0953947	0
19	Gm19_18416519	18416519	0.0592105	0
19	Gm19_18416545	18416545	0.0953947	0
19	Gm19_18417240	18417240	0.101974	0
19	Gm19_18417288	18417288	0.105263	0
19	Gm19_18417689	18417689	0.121711	0
19	Gm19_18417743	18417743	0.0986842	0
19	Gm19_18417843	18417843	0.0986842	0
19	Gm19_18417868	18417868	0.0986842	0
19	Gm19_18418901	18418901	0.0986842	0
19	Gm19_18432431	18432431	0.0986842	0
19	Gm19_18496561	18496561	0.105263	0
19	Gm19_18496580	18496580	0.0953947	0
19	Gm19_18496778	18496778	0.115132	0
19	Gm19_18506138	18506138	0.105263	0
19	Gm19_18515150	18515150	0.101974	0
19	Gm19_18523180	18523180	0.0986842	0
19	Gm19_18523500	18523500	0.0953947	0
19	Gm19_18538437	18538437	0.0953947	0
19	Gm19_18538940	18538940	0.0986842	0
19	Gm19_18549747	18549747	0.105263	0
19	Gm19_18549932	18549932	0.108553	0
19	Gm19_18550037	18550037	0.108553	0
19	Gm19_18550258	18550258	0.101974	0
19	Gm19_18569147	18569147	0.105263	0
19	Gm19_18569202	18569202	0.101974	0
19	Gm19_18571093	18571093	0.0953947	0
19	Gm19_18573705	18573705	0.0986842	0
19	Gm19_18585487	18585487	0.0953947	0
19	Gm19_18585669	18585669	0.0953947	0
19	Gm19_18608292	18608292	0.0986842	0
19	Gm19_18608525	18608525	0.0986842	0
19	Gm19_18615512	18615512	0.101974	0
19	Gm19_18615923	18615923	0.101974	0
19	Gm19_18620569	18620569	0.105263	0
19	Gm19_18620576	18620576	0.105263	0
19	Gm19_18628716	18628716	0.105263	0
19	Gm19_18628748	18628748	0.105263	0
19	Gm19_18628949	18628949	0.101974	0
19	Gm19_18647260	18647260	0.0986842	0
19	Gm19_18647289	18647289	0.0986842	0
19	Gm19_18647516	18647516	0.0986842	0
19	Gm19_18647896	18647896	0.101974	0
19	Gm19_18655141	18655141	0.0953947	0
19	Gm19_18669531	18669531	0.0986842	0
19	Gm19_18690830	18690830	0.101974	0
19	Gm19_18691146	18691146	0.105263	0
19	Gm19_18691206	18691206	0.105263	0
19	Gm19_18700837	18700837	0.108553	0
19	Gm19_18707351	18707351	0.0986842	0
19	Gm19_18710463	18710463	0.0953947	0
19	Gm19_18712311	18712311	0.0986842	0
19	Gm19_18712634	18712634	0.0986842	0
19	Gm19_18729188	18729188	0.0921053	0
19	Gm19_18786014	18786014	0.101974	0
19	Gm19_18791647	18791647	0.101974	0
19	Gm19_18797661	18797661	0.105263	0
19	Gm19_18797833	18797833	0.101974	0
19	Gm19_18797870	18797870	0.101974	0
19	Gm19_18807425	18807425	0.0986842	0
19	Gm19_18811090	18811090	0.105263	0
19	Gm19_18825353	18825353	0.101974	0
19	Gm19_18899091	18899091	0.0986842	0
19	Gm19_18899373	18899373	0.0986842	0
19	Gm19_18903566	18903566	0.0986842	0
19	Gm19_18913025	18913025	0.0953947	0
19	Gm19_18930152	18930152	0.148026	0
19	Gm19_18931664	18931664	0.105263	0
19	Gm19_18931687	18931687	0.101974	0
19	Gm19_18931746	18931746	0.0986842	0
19	Gm19_18932064	18932064	0.101974	0
19	Gm19_18940585	18940585	0.0986842	0
19	Gm19_18944029	18944029	0.0986842	0
19	Gm19_18953145	18953145	0.105263	0
19	Gm19_18964427	18964427	0.101974	0
19	Gm19_18964445	18964445	0.486842	0
19	Gm19_18964859	18964859	0.105263	0
19	Gm19_18964879	18964879	0.108553	0
19	Gm19_18974839	18974839	0.0986842	0
19	Gm19_18978105	18978105	0.0986842	0
19	Gm19_18978466	18978466	0.0986842	0
19	Gm19_18995203	18995203	0.0986842	0
19	Gm19_18995246	18995246	0.0953947	0
19	Gm19_18995576	18995576	0.101974	0
19	Gm19_18996078	18996078	0.0953947	0
19	Gm19_19021569	19021569	0.0953947	0
19	Gm19_19023082	19023082	0.101974	0
19	Gm19_19041971	19041971	0.0986842	0
19	Gm19_19042156	19042156	0.0986842	0
19	Gm19_19065968	19065968	0.101974	0
19	Gm19_19082481	19082481	0.0986842	0
19	Gm19_19155617	19155617	0.0953947	0
19	Gm19_19155682	19155682	0.101974	0
19	Gm19_19155943	19155943	0.101974	0
19	Gm19_19155956	19155956	0.101974	0
19	Gm19_19157132	19157132	0.101974	0
19	Gm19_19157443	19157443	0.105263	0
19	Gm19_19157711	19157711	0.0953947	0
19	Gm19_19160592	19160592	0.0986842	0
19	Gm19_19163346	19163346	0.105263	0
19	Gm19_19169821	19169821	0.101974	0
19	Gm19_19170000	19170000	0.101974	0
19	Gm19_19177823	19177823	0.0953947	0
19	Gm19_19177847	19177847	0.118421	0
19	Gm19_19177864	19177864	0.0953947	0
19	Gm19_19178552	19178552	0.101974	0
19	Gm19_19181863	19181863	0.0986842	0
19	Gm19_19181902	19181902	0.0986842	0
19	Gm19_19197422	19197422	0.0986842	0
19	Gm19_19197435	19197435	0.0986842	0
19	Gm19_19200141	19200141	0.0953947	0
19	Gm19_19200164	19200164	0.0953947	0
19	Gm19_19274676	19274676	0.111842	0
19	Gm19_19274741	19274741	0.101974	0
19	Gm19_19275747	19275747	0.105263	0
19	Gm19_19275984	19275984	0.105263	0
19	Gm19_19299331	19299331	0.0756579	0
19	Gm19_19322141	19322141	0.101974	0
19	Gm19_19342864	19342864	0.0986842	0
19	Gm19_19342887	19342887	0.0953947	0
19	Gm19_19345873	19345873	0.0953947	0
19	Gm19_19346309	19346309	0.111842	0
19	Gm19_19346323	19346323	0.108553	0
19	Gm19_19541105	19541105	0.0789474	0
19	Gm19_19615016	19615016	0.101974	0
19	Gm19_19616523	19616523	0.105263	0
19	Gm19_19616545	19616545	0.108553	0
19	Gm19_19616887	19616887	0.105263	0
19	Gm19_19616904	19616904	0.105263	0
19	Gm19_19617178	19617178	0.108553	0
19	Gm19_19627543	19627543	0.0953947	0
19	Gm19_19627551	19627551	0.0986842	0
19	Gm19_19631515	19631515	0.101974	0
19	Gm19_19635220	19635220	0.101974	0
19	Gm19_19669906	19669906	0.0986842	0
19	Gm19_19669918	19669918	0.108553	0
19	Gm19_19670250	19670250	0.0986842	0
19	Gm19_19672151	19672151	0.0953947	0
19	Gm19_19672273	19672273	0.0953947	0
19	Gm19_19702656	19702656	0.0953947	0
19	Gm19_19702903	19702903	0.0953947	0
19	Gm19_19702979	19702979	0.105263	0
19	Gm19_19707591	19707591	0.105263	0
19	Gm19_19707861	19707861	0.0986842	0
19	Gm19_19707887	19707887	0.105263	0
19	Gm19_19709088	19709088	0.101974	0
19	Gm19_19709120	19709120	0.101974	0
19	Gm19_19709394	19709394	0.0953947	0
19	Gm19_19710214	19710214	0.105263	0
19	Gm19_19710627	19710627	0.101974	0
19	Gm19_19714624	19714624	0.358553	0
19	Gm19_19714687	19714687	0.0986842	0
19	Gm19_19721600	19721600	0.0953947	0
19	Gm19_19739789	19739789	0.0986842	0
19	Gm19_19739801	19739801	0.0986842	0
19	Gm19_19739971	19739971	0.0986842	0
19	Gm19_19833110	19833110	0.0953947	0
19	Gm19_19839705	19839705	0.111842	0
19	Gm19_19843817	19843817	0.0986842	0
19	Gm19_19845818	19845818	0.0986842	0
19	Gm19_19845830	19845830	0.101974	0
19	Gm19_19847362	19847362	0.101974	0
19	Gm19_19847395	19847395	0.0986842	0
19	Gm19_19847669	19847669	0.0953947	0
19	Gm19_19850064	19850064	0.0953947	0
19	Gm19_19860199	19860199	0.101974	0
19	Gm19_19860221	19860221	0.108553	0
19	Gm19_19861470	19861470	0.0986842	0
19	Gm19_19862483	19862483	0.0986842	0
19	Gm19_19866495	19866495	0.0986842	0
19	Gm19_19870227	19870227	0.101974	0
19	Gm19_19870258	19870258	0.101974	0
19	Gm19_19870300	19870300	0.101974	0
19	Gm19_19879334	19879334	0.105263	0
19	Gm19_19888521	19888521	0.0986842	0
19	Gm19_19897770	19897770	0.101974	0
19	Gm19_19897824	19897824	0.101974	0
19	Gm19_19898203	19898203	0.0986842	0
19	Gm19_19898506	19898506	0.0986842	0
19	Gm19_19904821	19904821	0.105263	0
19	Gm19_19904978	19904978	0.0986842	0
19	Gm19_19955588	19955588	0.0986842	0
19	Gm19_19966204	19966204	0.457237	0
19	Gm19_19971705	19971705	0.0986842	0
19	Gm19_19971745	19971745	0.101974	0
19	Gm19_19986643	19986643	0.121711	0
19	Gm19_19993745	19993745	0.101974	0
19	Gm19_19994917	19994917	0.0986842	0
19	Gm19_19995619	19995619	0.101974	0
19	Gm19_19995633	19995633	0.101974	0
19	Gm19_20001586	20001586	0.0953947	0
19	Gm19_20025805	20025805	0.105263	0
19	Gm19_20026118	20026118	0.105263	0
19	Gm19_20041057	20041057	0.101974	0
19	Gm19_20041488	20041488	0.105263	0
19	Gm19_20052432	20052432	0.0986842	0
19	Gm19_20057822	20057822	0.101974	0
19	Gm19_20057840	20057840	0.0986842	0
19	Gm19_20060589	20060589	0.105263	0
19	Gm19_20076116	20076116	0.101974	0
19	Gm19_20076310	20076310	0.105263	0
19	Gm19_20076766	20076766	0.0822368	0
19	Gm19_20077627	20077627	0.108553	0
19	Gm19_20084989	20084989	0.101974	0
19	Gm19_20085492	20085492	0.0953947	0
19	Gm19_20108430	20108430	0.0953947	0
19	Gm19_20114094	20114094	0.0986842	0
19	Gm19_20114254	20114254	0.0953947	0
19	Gm19_20114270	20114270	0.101974	0
19	Gm19_20114303	20114303	0.0953947	0
19	Gm19_20122520	20122520	0.101974	0
19	Gm19_20142454	20142454	0.101974	0
19	Gm19_20142489	20142489	0.0986842	0
19	Gm19_20149196	20149196	0.0953947	0
19	Gm19_20155577	20155577	0.0986842	0
19	Gm19_20156134	20156134	0.101974	0
19	Gm19_20160652	20160652	0.0953947	0
19	Gm19_20168975	20168975	0.101974	0
19	Gm19_20169060	20169060	0.101974	0
19	Gm19_20172564	20172564	0.101974	0
19	Gm19_20175245	20175245	0.101974	0
19	Gm19_20175460	20175460	0.101974	0
19	Gm19_20177415	20177415	0.0986842	0
19	Gm19_20177488	20177488	0.101974	0
19	Gm19_20235044	20235044	0.0986842	0
19	Gm19_20239362	20239362	0.115132	0
19	Gm19_20245773	20245773	0.138158	0
19	Gm19_20247822	20247822	0.0986842	0
19	Gm19_20248639	20248639	0.105263	0
19	Gm19_20281251	20281251	0.101974	0
19	Gm19_20281458	20281458	0.0986842	0
19	Gm19_20368624	20368624	0.0953947	0
19	Gm19_20373252	20373252	0.0986842	0
19	Gm19_20382679	20382679	0.0986842	0
19	Gm19_20382713	20382713	0.0986842	0
19	Gm19_20386921	20386921	0.0953947	0
19	Gm19_20387220	20387220	0.105263	0
19	Gm19_20387458	20387458	0.0986842	0
19	Gm19_20387905	20387905	0.108553	0
19	Gm19_20388132	20388132	0.115132	0
19	Gm19_20399881	20399881	0.101974	0
19	Gm19_20401625	20401625	0.105263	0
19	Gm19_20425043	20425043	0.365132	0
19	Gm19_20425259	20425259	0.0986842	0
19	Gm19_20425264	20425264	0.101974	0
19	Gm19_20428471	20428471	0.0953947	0
19	Gm19_20428601	20428601	0.101974	0
19	Gm19_20428914	20428914	0.0986842	0
19	Gm19_20429177	20429177	0.0986842	0
19	Gm19_20440423	20440423	0.0986842	0
19	Gm19_20441673	20441673	0.355263	0
19	Gm19_20443532	20443532	0.0953947	0
19	Gm19_20450421	20450421	0.105263	0
19	Gm19_20451710	20451710	0.0986842	0
19	Gm19_20518135	20518135	0.0657895	0
19	Gm19_20518188	20518188	0.0657895	0
19	Gm19_20522485	20522485	0.0986842	0
19	Gm19_20523681	20523681	0.0986842	0
19	Gm19_20523950	20523950	0.0789474	0
19	Gm19_20525226	20525226	0.0953947	0
19	Gm19_20526089	20526089	0.101974	0
19	Gm19_20526519	20526519	0.101974	0
19	Gm19_20531398	20531398	0.0986842	0
19	Gm19_20531675	20531675	0.0986842	0
19	Gm19_20558435	20558435	0.101974	0
19	Gm19_20575300	20575300	0.0921053	0
19	Gm19_20577196	20577196	0.0986842	0
19	Gm19_20585362	20585362	0.105263	0
19	Gm19_20607104	20607104	0.0953947	0
19	Gm19_20608695	20608695	0.101974	0
19	Gm19_20610349	20610349	0.108553	0
19	Gm19_20610845	20610845	0.0986842	0
19	Gm19_20612840	20612840	0.0986842	0
19	Gm19_20616215	20616215	0.0953947	0
19	Gm19_20619818	20619818	0.0986842	0
19	Gm19_20620876	20620876	0.5	0
19	Gm19_20650508	20650508	0.101974	0
19	Gm19_20673085	20673085	0.0986842	0
19	Gm19_20676744	20676744	0.101974	0
19	Gm19_20677254	20677254	0.0953947	0
19	Gm19_20681325	20681325	0.0986842	0
19	Gm19_20681348	20681348	0.105263	0
19	Gm19_20681372	20681372	0.0986842	0
19	Gm19_20687834	20687834	0.101974	0
19	Gm19_20708311	20708311	0.0953947	0
19	Gm19_20709319	20709319	0.0986842	0
19	Gm19_20709467	20709467	0.0986842	0
19	Gm19_20727659	20727659	0.0953947	0
19	Gm19_20729673	20729673	0.0953947	0
19	Gm19_20729698	20729698	0.0953947	0
19	Gm19_20734497	20734497	0.0986842	0
19	Gm19_20757278	20757278	0.115132	0
19	Gm19_20759888	20759888	0.0986842	0
19	Gm19_20790359	20790359	0.0953947	0
19	Gm19_20811181	20811181	0.0986842	0
19	Gm19_20811484	20811484	0.0953947	0
19	Gm19_20823265	20823265	0.0986842	0
19	Gm19_20897453	20897453	0.101974	0
19	Gm19_20898500	20898500	0.105263	0
19	Gm19_20922274	20922274	0.105263	0
19	Gm19_20922817	20922817	0.105263	0
19	Gm19_20922831	20922831	0.101974	0
19	Gm19_20923272	20923272	0.101974	0
19	Gm19_20923295	20923295	0.108553	0
19	Gm19_20951829	20951829	0.101974	0
19	Gm19_21004629	21004629	0.101974	0
19	Gm19_21004645	21004645	0.101974	0
19	Gm19_21004808	21004808	0.101974	0
19	Gm19_21013497	21013497	0.0986842	0
19	Gm19_21017398	21017398	0.0986842	0
19	Gm19_21017572	21017572	0.101974	0
19	Gm19_21017827	21017827	0.0986842	0
19	Gm19_21017862	21017862	0.0986842	0
19	Gm19_21077093	21077093	0.111842	0
19	Gm19_21077137	21077137	0.111842	0
19	Gm19_21098174	21098174	0.0986842	0
19	Gm19_21117215	21117215	0.105263	0
19	Gm19_21117467	21117467	0.105263	0
19	Gm19_21117501	21117501	0.105263	0
19	Gm19_21118748	21118748	0.0953947	0
19	Gm19_21118931	21118931	0.105263	0
19	Gm19_21119097	21119097	0.101974	0
19	Gm19_21121334	21121334	0.111842	0
19	Gm19_21127788	21127788	0.105263	0
19	Gm19_21128059	21128059	0.105263	0
19	Gm19_21130953	21130953	0.0953947	0
19	Gm19_21133155	21133155	0.108553	0
19	Gm19_21147633	21147633	0.105263	0
19	Gm19_21152149	21152149	0.105263	0
19	Gm19_21164053	21164053	0.105263	0
19	Gm19_21164393	21164393	0.108553	0
19	Gm19_21164460	21164460	0.108553	0
19	Gm19_21169530	21169530	0.101974	0
19	Gm19_21169560	21169560	0.0986842	0
19	Gm19_21170301	21170301	0.0986842	0
19	Gm19_21170324	21170324	0.0986842	0
19	Gm19_21170363	21170363	0.0986842	0
19	Gm19_21267749	21267749	0.0986842	0
19	Gm19_21350172	21350172	0.0986842	0
19	Gm19_21356495	21356495	0.115132	0
19	Gm19_21361018	21361018	0.490132	0
19	Gm19_21426900	21426900	0.0986842	0
19	Gm19_21470843	21470843	0.101974	0
19	Gm19_21475234	21475234	0.115132	0
19	Gm19_21521873	21521873	0.111842	0
19	Gm19_21540422	21540422	0.0986842	0
19	Gm19_21550506	21550506	0.0953947	0
19	Gm19_21571249	21571249	0.105263	0
19	Gm19_21574544	21574544	0.101974	0
19	Gm19_21578542	21578542	0.115132	0
19	Gm19_21578950	21578950	0.111842	0
19	Gm19_21580150	21580150	0.105263	0
19	Gm19_21594447	21594447	0.0921053	0
19	Gm19_21700112	21700112	0.115132	0
19	Gm19_21718940	21718940	0.118421	0
19	Gm19_21722292	21722292	0.118421	0
19	Gm19_21753238	21753238	0.108553	0
19	Gm19_21777623	21777623	0.486842	0
19	Gm19_21779180	21779180	0.111842	0
19	Gm19_21853157	21853157	0.118421	0
19	Gm19_21899063	21899063	0.101974	0
19	Gm19_21929100	21929100	0.0657895	0
19	Gm19_21929414	21929414	0.0625	0
19	Gm19_21969593	21969593	0.5	0
19	Gm19_22040341	22040341	0.207237	0
19	Gm19_22046052	22046052	0.108553	0
19	Gm19_22048508	22048508	0.0921053	0
19	Gm19_22057035	22057035	0.0953947	0
19	Gm19_22076245	22076245	0.0986842	0
19	Gm19_22076540	22076540	0.174342	0
19	Gm19_22078240	22078240	0.101974	0
19	Gm19_22078287	22078287	0.115132	0
19	Gm19_22084963	22084963	0.0986842	0
19	Gm19_22089994	22089994	0.108553	0
19	Gm19_22104413	22104413	0.115132	0
19	Gm19_22125459	22125459	0.115132	0
19	Gm19_22130726	22130726	0.118421	0
19	Gm19_22232875	22232875	0.115132	0
19	Gm19_22299493	22299493	0.118421	0
19	Gm19_22315319	22315319	0.0953947	0
19	Gm19_22324714	22324714	0.0986842	0
19	Gm19_22352012	22352012	0.118421	0
19	Gm19_22375886	22375886	0.115132	0
19	Gm19_22390733	22390733	0.111842	0
19	Gm19_22444827	22444827	0.0888158	0
19	Gm19_22470178	22470178	0.490132	0
19	Gm19_22475609	22475609	0.157895	0
19	Gm19_22475614	22475614	0.118421	0
19	Gm19_22482880	22482880	0.108553	0
19	Gm19_22483134	22483134	0.108553	0
19	Gm19_22550195	22550195	0.115132	0
19	Gm19_22555557	22555557	0.108553	0
19	Gm19_22575476	22575476	0.111842	0
19	Gm19_22660212	22660212	0.141447	0
19	Gm19_22661669	22661669	0.0986842	0
19	Gm19_22662008	22662008	0.111842	0
19	Gm19_22670887	22670887	0.0986842	0
19	Gm19_22731611	22731611	0.105263	0
19	Gm19_22731826	22731826	0.0789474	0
19	Gm19_22742782	22742782	0.108553	0
19	Gm19_22784922	22784922	0.0559211	0
19	Gm19_22932095	22932095	0.108553	0
19	Gm19_23001032	23001032	0.111842	0
19	Gm19_23033077	23033077	0.108553	0
19	Gm19_23055997	23055997	0.111842	0
19	Gm19_23176527	23176527	0.111842	0
19	Gm19_23176699	23176699	0.0789474	0
19	Gm19_23184880	23184880	0.111842	0
19	Gm19_23222790	23222790	0.490132	0
19	Gm19_23230608	23230608	0.0986842	0
19	Gm19_23230812	23230812	0.0986842	0
19	Gm19_23298328	23298328	0.115132	0
19	Gm19_23365759	23365759	0.105263	0
19	Gm19_23380473	23380473	0.118421	0
19	Gm19_23461796	23461796	0.105263	0
19	Gm19_23509250	23509250	0.0921053	0
19	Gm19_23540906	23540906	0.101974	0
19	Gm19_23596371	23596371	0.108553	0
19	Gm19_23605641	23605641	0.108553	0
19	Gm19_23607193	23607193	0.108553	0
19	Gm19_23613973	23613973	0.108553	0
19	Gm19_23645000	23645000	0.0953947	0
19	Gm19_23649598	23649598	0.111842	0
19	Gm19_23660106	23660106	0.111842	0
19	Gm19_23678250	23678250	0.111842	0
19	Gm19_23680074	23680074	0.496711	0
19	Gm19_23720243	23720243	0.0986842	0
19	Gm19_23721711	23721711	0.105263	0
19	Gm19_23721755	23721755	0.0690789	0
19	Gm19_23741211	23741211	0.105263	0
19	Gm19_23741238	23741238	0.105263	0
19	Gm19_23752386	23752386	0.0986842	0
19	Gm19_23775360	23775360	0.121711	0
19	Gm19_23775514	23775514	0.105263	0
19	Gm19_23777670	23777670	0.118421	0
19	Gm19_23779274	23779274	0.115132	0
19	Gm19_23779439	23779439	0.0657895	0
19	Gm19_23802086	23802086	0.121711	0
19	Gm19_23803802	23803802	0.0822368	0
19	Gm19_23804090	23804090	0.0592105	0
19	Gm19_23804140	23804140	0.480263	0
19	Gm19_23815728	23815728	0.105263	0
19	Gm19_23841716	23841716	0.101974	0
19	Gm19_23866344	23866344	0.111842	0
19	Gm19_23866680	23866680	0.0986842	0
19	Gm19_23908912	23908912	0.111842	0
19	Gm19_23918626	23918626	0.111842	0
19	Gm19_23944455	23944455	0.111842	0
19	Gm19_23944598	23944598	0.111842	0
19	Gm19_23944709	23944709	0.111842	0
19	Gm19_23946258	23946258	0.111842	0
19	Gm19_23946509	23946509	0.111842	0
19	Gm19_23981852	23981852	0.108553	0
19	Gm19_23985907	23985907	0.118421	0
19	Gm19_23987676	23987676	0.115132	0
19	Gm19_24001758	24001758	0.0953947	0
19	Gm19_24088773	24088773	0.0986842	0
19	Gm19_24092514	24092514	0.121711	0
19	Gm19_24092745	24092745	0.121711	0
19	Gm19_24111658	24111658	0.0986842	0
19	Gm19_24112028	24112028	0.115132	0
19	Gm19_24116066	24116066	0.0986842	0
19	Gm19_24120746	24120746	0.0986842	0
19	Gm19_24123515	24123515	0.115132	0
19	Gm19_24123550	24123550	0.115132	0
19	Gm19_24124085	24124085	0.111842	0
19	Gm19_24133052	24133052	0.111842	0
19	Gm19_24133069	24133069	0.111842	0
19	Gm19_24136279	24136279	0.108553	0
19	Gm19_24136516	24136516	0.108553	0
19	Gm19_24136556	24136556	0.111842	0
19	Gm19_24138785	24138785	0.108553	0
19	Gm19_24152396	24152396	0.111842	0
19	Gm19_24152711	24152711	0.105263	0
19	Gm19_24152735	24152735	0.118421	0
19	Gm19_24175849	24175849	0.111842	0
19	Gm19_24198150	24198150	0.115132	0
19	Gm19_24204612	24204612	0.0986842	0
19	Gm19_24207414	24207414	0.115132	0
19	Gm19_24219731	24219731	0.111842	0
19	Gm19_24222977	24222977	0.115132	0
19	Gm19_24227755	24227755	0.111842	0
19	Gm19_24239411	24239411	0.0953947	0
19	Gm19_24246905	24246905	0.111842	0
19	Gm19_24259928	24259928	0.115132	0
19	Gm19_24260112	24260112	0.0986842	0
19	Gm19_24267237	24267237	0.101974	0
19	Gm19_24267591	24267591	0.115132	0
19	Gm19_24269709	24269709	0.115132	0
19	Gm19_24270092	24270092	0.111842	0
19	Gm19_24270160	24270160	0.0986842	0
19	Gm19_24270437	24270437	0.111842	0
19	Gm19_24270729	24270729	0.111842	0
19	Gm19_24272590	24272590	0.108553	0
19	Gm19_24312011	24312011	0.108553	0
19	Gm19_24324182	24324182	0.115132	0
19	Gm19_24326283	24326283	0.115132	0
19	Gm19_24326396	24326396	0.111842	0
19	Gm19_24358934	24358934	0.108553	0
19	Gm19_24359037	24359037	0.0986842	0
19	Gm19_24362212	24362212	0.108553	0
19	Gm19_24362329	24362329	0.0986842	0
19	Gm19_24362620	24362620	0.0986842	0
19	Gm19_24366884	24366884	0.0953947	0
19	Gm19_24366904	24366904	0.108553	0
19	Gm19_24366916	24366916	0.0921053	0
19	Gm19_24367084	24367084	0.0953947	0
19	Gm19_24375276	24375276	0.0921053	0
19	Gm19_24383326	24383326	0.111842	0
19	Gm19_24383345	24383345	0.105263	0
19	Gm19_24418699	24418699	0.101974	0
19	Gm19_24419544	24419544	0.0986842	0
19	Gm19_24420267	24420267	0.0986842	0
19	Gm19_24429274	24429274	0.0986842	0
19	Gm19_24429287	24429287	0.101974	0
19	Gm19_24432703	24432703	0.0986842	0
19	Gm19_24432893	24432893	0.0986842	0
19	Gm19_24432921	24432921	0.0986842	0
19	Gm19_24451043	24451043	0.0986842	0
19	Gm19_24451053	24451053	0.0986842	0
19	Gm19_24463636	24463636	0.0953947	0
19	Gm19_24475977	24475977	0.0986842	0
19	Gm19_24476004	24476004	0.0986842	0
19	Gm19_24493948	24493948	0.105263	0
19	Gm19_24540720	24540720	0.105263	0
19	Gm19_24540743	24540743	0.105263	0
19	Gm19_24561415	24561415	0.101974	0
19	Gm19_24563515	24563515	0.101974	0
19	Gm19_24570409	24570409	0.0986842	0
19	Gm19_24570607	24570607	0.0986842	0
19	Gm19_24571052	24571052	0.101974	0
19	Gm19_24571103	24571103	0.115132	0
19	Gm19_24572074	24572074	0.101974	0
19	Gm19_24572708	24572708	0.105263	0
19	Gm19_24572741	24572741	0.0986842	0
19	Gm19_24573000	24573000	0.101974	0
19	Gm19_24593040	24593040	0.108553	0
19	Gm19_24611366	24611366	0.105263	0
19	Gm19_24625188	24625188	0.0986842	0
19	Gm19_24626302	24626302	0.115132	0
19	Gm19_24651195	24651195	0.101974	0
19	Gm19_24651439	24651439	0.105263	0
19	Gm19_24668141	24668141	0.0986842	0
19	Gm19_24673083	24673083	0.101974	0
19	Gm19_24673346	24673346	0.101974	0
19	Gm19_24673366	24673366	0.101974	0
19	Gm19_24743804	24743804	0.108553	0
19	Gm19_24743829	24743829	0.0625	0
19	Gm19_24772390	24772390	0.0986842	0
19	Gm19_24785373	24785373	0.0986842	0
19	Gm19_24792955	24792955	0.101974	0
19	Gm19_24812788	24812788	0.0953947	0
19	Gm19_24840431	24840431	0.0986842	0
19	Gm19_24841814	24841814	0.105263	0
19	Gm19_24842090	24842090	0.101974	0
19	Gm19_24848821	24848821	0.105263	0
19	Gm19_24849714	24849714	0.0986842	0
19	Gm19_24849721	24849721	0.0953947	0
19	Gm19_24849937	24849937	0.0986842	0
19	Gm19_24849976	24849976	0.0986842	0
19	Gm19_24850901	24850901	0.101974	0
19	Gm19_24850919	24850919	0.0986842	0
19	Gm19_24871060	24871060	0.101974	0
19	Gm19_24876002	24876002	0.105263	0
19	Gm19_24876293	24876293	0.105263	0
19	Gm19_24902417	24902417	0.0625	0
19	Gm19_24927246	24927246	0.0986842	0
19	Gm19_24954680	24954680	0.108553	0
19	Gm19_24977321	24977321	0.108553	0
19	Gm19_24977328	24977328	0.108553	0
19	Gm19_24977366	24977366	0.108553	0
19	Gm19_24978810	24978810	0.108553	0
19	Gm19_24978829	24978829	0.108553	0
19	Gm19_24978859	24978859	0.108553	0
19	Gm19_24999195	24999195	0.108553	0
19	Gm19_25004750	25004750	0.101974	0
19	Gm19_25004938	25004938	0.105263	0
19	Gm19_25013519	25013519	0.101974	0
19	Gm19_25013886	25013886	0.101974	0
19	Gm19_25059405	25059405	0.101974	0
19	Gm19_25059446	25059446	0.101974	0
19	Gm19_25086746	25086746	0.0986842	0
19	Gm19_25093053	25093053	0.101974	0
19	Gm19_25094084	25094084	0.0986842	0
19	Gm19_25094452	25094452	0.0986842	0
19	Gm19_25100659	25100659	0.0953947	0
19	Gm19_25100886	25100886	0.0953947	0
19	Gm19_25101020	25101020	0.101974	0
19	Gm19_25102628	25102628	0.0986842	0
19	Gm19_25104196	25104196	0.0986842	0
19	Gm19_25104635	25104635	0.0986842	0
19	Gm19_25105882	25105882	0.0986842	0
19	Gm19_25105893	25105893	0.0986842	0
19	Gm19_25105903	25105903	0.0986842	0
19	Gm19_25119547	25119547	0.0953947	0
19	Gm19_25119554	25119554	0.0953947	0
19	Gm19_25119868	25119868	0.0986842	0
19	Gm19_25119885	25119885	0.0953947	0
19	Gm19_25120055	25120055	0.0986842	0
19	Gm19_25121955	25121955	0.101974	0
19	Gm19_25160172	25160172	0.105263	0
19	Gm19_25160183	25160183	0.101974	0
19	Gm19_25160482	25160482	0.101974	0
19	Gm19_25226450	25226450	0.101974	0
19	Gm19_25226599	25226599	0.0986842	0
19	Gm19_25259745	25259745	0.0986842	0
19	Gm19_25259800	25259800	0.0986842	0
19	Gm19_25268355	25268355	0.101974	0
19	Gm19_25271684	25271684	0.101974	0
19	Gm19_25291052	25291052	0.0986842	0
19	Gm19_25291588	25291588	0.101974	0
19	Gm19_25293405	25293405	0.0986842	0
19	Gm19_25312143	25312143	0.101974	0
19	Gm19_25312253	25312253	0.115132	0
19	Gm19_25317280	25317280	0.101974	0
19	Gm19_25317334	25317334	0.108553	0
19	Gm19_25317607	25317607	0.0986842	0
19	Gm19_25317694	25317694	0.0986842	0
19	Gm19_25335766	25335766	0.105263	0
19	Gm19_25335787	25335787	0.105263	0
19	Gm19_25337039	25337039	0.108553	0
19	Gm19_25337076	25337076	0.105263	0
19	Gm19_25337097	25337097	0.108553	0
19	Gm19_25378566	25378566	0.101974	0
19	Gm19_25378769	25378769	0.101974	0
19	Gm19_25378777	25378777	0.101974	0
19	Gm19_25423688	25423688	0.111842	0
19	Gm19_25458019	25458019	0.125	0
19	Gm19_25461705	25461705	0.105263	0
19	Gm19_25491309	25491309	0.0986842	0
19	Gm19_25544766	25544766	0.111842	0
19	Gm19_25588749	25588749	0.0953947	0
19	Gm19_25641254	25641254	0.111842	0
19	Gm19_25642404	25642404	0.0953947	0
19	Gm19_25642735	25642735	0.0953947	0
19	Gm19_25647525	25647525	0.125	0
19	Gm19_25655725	25655725	0.115132	0
19	Gm19_25658861	25658861	0.0921053	0
19	Gm19_25669702	25669702	0.0986842	0
19	Gm19_25687330	25687330	0.111842	0
19	Gm19_25687586	25687586	0.111842	0
19	Gm19_25737084	25737084	0.105263	0
19	Gm19_25745644	25745644	0.118421	0
19	Gm19_25761245	25761245	0.0789474	0
19	Gm19_25761360	25761360	0.0986842	0
19	Gm19_25767068	25767068	0.0789474	0
19	Gm19_25768128	25768128	0.111842	0
19	Gm19_25810479	25810479	0.111842	0
19	Gm19_25849909	25849909	0.108553	0
19	Gm19_25864124	25864124	0.108553	0
19	Gm19_25864338	25864338	0.111842	0
19	Gm19_25957146	25957146	0.0953947	0
19	Gm19_25990836	25990836	0.111842	0
19	Gm19_26094569	26094569	0.128289	0
19	Gm19_26135313	26135313	0.0986842	0
19	Gm19_26150992	26150992	0.101974	0
19	Gm19_26194735	26194735	0.111842	0
19	Gm19_26196004	26196004	0.111842	0
19	Gm19_26238610	26238610	0.118421	0
19	Gm19_26287131	26287131	0.210526	0
19	Gm19_26339608	26339608	0.105263	0
19	Gm19_26344342	26344342	0.101974	0
19	Gm19_26360300	26360300	0.118421	0
19	Gm19_26383116	26383116	0.111842	0
19	Gm19_26386537	26386537	0.0986842	0
19	Gm19_26386576	26386576	0.0986842	0
19	Gm19_26428721	26428721	0.121711	0
19	Gm19_26446243	26446243	0.0986842	0
19	Gm19_26476425	26476425	0.101974	0
19	Gm19_26476555	26476555	0.0789474	0
19	Gm19_30930902	30930902	0.0789474	0
19	Gm19_30939267	30939267	0.0789474	0
19	Gm19_30982454	30982454	0.0921053	0
19	Gm19_30997744	30997744	0.0888158	0
19	Gm19_30998030	30998030	0.0789474	0
19	Gm19_31051884	31051884	0.0888158	0
19	Gm19_31051974	31051974	0.0921053	0
19	Gm19_31051994	31051994	0.0921053	0
19	Gm19_31052020	31052020	0.0921053	0
19	Gm19_31053571	31053571	0.0921053	0
19	Gm19_31053818	31053818	0.0921053	0
19	Gm19_31095568	31095568	0.0888158	0
19	Gm19_31139025	31139025	0.0921053	0
19	Gm19_31139081	31139081	0.0921053	0
19	Gm19_31139428	31139428	0.0986842	0
19	Gm19_31156405	31156405	0.0789474	0
19	Gm19_31156417	31156417	0.0921053	0
19	Gm19_31164729	31164729	0.0855263	0
19	Gm19_31165018	31165018	0.0756579	0
19	Gm19_31167252	31167252	0.0789474	0
19	Gm19_31167266	31167266	0.0855263	0
19	Gm19_31171053	31171053	0.0921053	0
19	Gm19_31171094	31171094	0.0921053	0
19	Gm19_31171209	31171209	0.0888158	0
19	Gm19_31189226	31189226	0.0921053	0
19	Gm19_31198870	31198870	0.0953947	0
19	Gm19_31229137	31229137	0.0921053	0
19	Gm19_31265377	31265377	0.0855263	0
19	Gm19_31266314	31266314	0.0756579	0
19	Gm19_31267070	31267070	0.0756579	0
19	Gm19_31273453	31273453	0.0789474	0
19	Gm19_31307478	31307478	0.118421	0
19	Gm19_31347967	31347967	0.0756579	0
19	Gm19_31348156	31348156	0.0756579	0
19	Gm19_31352122	31352122	0.0756579	0
19	Gm19_31352136	31352136	0.0855263	0
19	Gm19_31354442	31354442	0.0789474	0
19	Gm19_31354453	31354453	0.0789474	0
19	Gm19_31354605	31354605	0.0756579	0
19	Gm19_31356377	31356377	0.0789474	0
19	Gm19_31356541	31356541	0.0789474	0
19	Gm19_31356552	31356552	0.0789474	0
19	Gm19_31356558	31356558	0.0789474	0
19	Gm19_31384620	31384620	0.0789474	0
19	Gm19_31388440	31388440	0.0756579	0
19	Gm19_31388735	31388735	0.0756579	0
19	Gm19_31388742	31388742	0.0756579	0
19	Gm19_31390920	31390920	0.0789474	0
19	Gm19_31395808	31395808	0.0756579	0
19	Gm19_31395829	31395829	0.0789474	0
19	Gm19_31402298	31402298	0.0756579	0
19	Gm19_31402495	31402495	0.0855263	0
19	Gm19_31403626	31403626	0.0789474	0
19	Gm19_31408323	31408323	0.0789474	0
19	Gm19_31409399	31409399	0.0789474	0
19	Gm19_31411039	31411039	0.0789474	0
19	Gm19_31411083	31411083	0.0789474	0
19	Gm19_31411102	31411102	0.0789474	0
19	Gm19_31411107	31411107	0.0789474	0
19	Gm19_31435837	31435837	0.0789474	0
19	Gm19_31436408	31436408	0.0756579	0
19	Gm19_31436756	31436756	0.0822368	0
19	Gm19_31437357	31437357	0.0855263	0
19	Gm19_31440829	31440829	0.0822368	0
19	Gm19_31441061	31441061	0.0789474	0
19	Gm19_31441331	31441331	0.0789474	0
19	Gm19_31441696	31441696	0.0789474	0
19	Gm19_31441740	31441740	0.0756579	0
19	Gm19_31441755	31441755	0.0756579	0
19	Gm19_31444172	31444172	0.0789474	0
19	Gm19_31444216	31444216	0.0789474	0
19	Gm19_31465049	31465049	0.0789474	0
19	Gm19_31479127	31479127	0.0822368	0
19	Gm19_31480989	31480989	0.0789474	0
19	Gm19_31484275	31484275	0.0756579	0
19	Gm19_31484669	31484669	0.0888158	0
19	Gm19_31484914	31484914	0.0789474	0
19	Gm19_31516286	31516286	0.0756579	0
19	Gm19_31516296	31516296	0.0855263	0
19	Gm19_31525144	31525144	0.0888158	0
19	Gm19_31540984	31540984	0.0756579	0
19	Gm19_31548356	31548356	0.0822368	0
19	Gm19_31573885	31573885	0.0855263	0
19	Gm19_31588788	31588788	0.0888158	0
19	Gm19_31607771	31607771	0.0822368	0
19	Gm19_31607792	31607792	0.0789474	0
19	Gm19_31636125	31636125	0.0756579	0
19	Gm19_31645880	31645880	0.0888158	0
19	Gm19_31669319	31669319	0.0789474	0
19	Gm19_31693213	31693213	0.0789474	0
19	Gm19_31696483	31696483	0.0789474	0
19	Gm19_31707797	31707797	0.0756579	0
19	Gm19_31707813	31707813	0.0756579	0
19	Gm19_31728936	31728936	0.0921053	0
19	Gm19_31738768	31738768	0.0789474	0
19	Gm19_31765487	31765487	0.0756579	0
19	Gm19_31770687	31770687	0.0756579	0
19	Gm19_31794659	31794659	0.101974	0
19	Gm19_31796360	31796360	0.115132	0
19	Gm19_31796558	31796558	0.108553	0
19	Gm19_31797583	31797583	0.105263	0
19	Gm19_31804142	31804142	0.118421	0
19	Gm19_31844053	31844053	0.125	0
19	Gm19_31844366	31844366	0.115132	0
19	Gm19_31844391	31844391	0.125	0
19	Gm19_31845803	31845803	0.108553	0
19	Gm19_31886932	31886932	0.111842	0
19	Gm19_31887945	31887945	0.111842	0
19	Gm19_31898251	31898251	0.118421	0
19	Gm19_31900322	31900322	0.115132	0
19	Gm19_31906019	31906019	0.0986842	0
19	Gm19_31906992	31906992	0.0756579	0
19	Gm19_31907649	31907649	0.0756579	0
19	Gm19_31907965	31907965	0.105263	0
19	Gm19_31907972	31907972	0.105263	0
19	Gm19_31907996	31907996	0.105263	0
19	Gm19_31908040	31908040	0.105263	0
19	Gm19_31909660	31909660	0.0789474	0
19	Gm19_31909679	31909679	0.0888158	0
19	Gm19_31909925	31909925	0.0789474	0
19	Gm19_31909935	31909935	0.0789474	0
19	Gm19_31920940	31920940	0.115132	0
19	Gm19_31927262	31927262	0.111842	0
19	Gm19_31945970	31945970	0.0855263	0
19	Gm19_31946551	31946551	0.0855263	0
19	Gm19_31948621	31948621	0.0855263	0
19	Gm19_31948866	31948866	0.121711	0
19	Gm19_31948928	31948928	0.0855263	0
19	Gm19_31957247	31957247	0.0756579	0
19	Gm19_31957276	31957276	0.0756579	0
19	Gm19_31961774	31961774	0.0822368	0
19	Gm19_31979963	31979963	0.0822368	0
19	Gm19_31985328	31985328	0.0888158	0
19	Gm19_31987518	31987518	0.0756579	0
19	Gm19_31992187	31992187	0.0921053	0
19	Gm19_32017410	32017410	0.0888158	0
19	Gm19_32017430	32017430	0.0855263	0
19	Gm19_32034737	32034737	0.0822368	0
19	Gm19_32084100	32084100	0.0855263	0
19	Gm19_32084268	32084268	0.0855263	0
19	Gm19_32084567	32084567	0.0921053	0
19	Gm19_32105639	32105639	0.0822368	0
19	Gm19_32105651	32105651	0.0822368	0
19	Gm19_32105960	32105960	0.0888158	0
19	Gm19_32105992	32105992	0.0921053	0
19	Gm19_32113141	32113141	0.115132	0
19	Gm19_32113153	32113153	0.0789474	0
19	Gm19_32114357	32114357	0.0855263	0
19	Gm19_32118692	32118692	0.0789474	0
19	Gm19_32118726	32118726	0.0888158	0
19	Gm19_32118973	32118973	0.0756579	0
19	Gm19_32123032	32123032	0.111842	0
19	Gm19_32123211	32123211	0.0756579	0
19	Gm19_32123230	32123230	0.0855263	0
19	Gm19_32123266	32123266	0.0855263	0
19	Gm19_32126067	32126067	0.0756579	0
19	Gm19_32126306	32126306	0.0855263	0
19	Gm19_32130601	32130601	0.0855263	0
19	Gm19_32157852	32157852	0.118421	0
19	Gm19_32159570	32159570	0.111842	0
19	Gm19_32163580	32163580	0.0756579	0
19	Gm19_32163966	32163966	0.111842	0
19	Gm19_32164234	32164234	0.0756579	0
19	Gm19_32178644	32178644	0.0756579	0
19	Gm19_32215759	32215759	0.0855263	0
19	Gm19_32215807	32215807	0.0822368	0
19	Gm19_32217031	32217031	0.0756579	0
19	Gm19_32217169	32217169	0.0855263	0
19	Gm19_32217311	32217311	0.0756579	0
19	Gm19_32236129	32236129	0.0756579	0
19	Gm19_32246647	32246647	0.0756579	0
19	Gm19_32252297	32252297	0.0855263	0
19	Gm19_32252500	32252500	0.0756579	0
19	Gm19_32252749	32252749	0.0855263	0
19	Gm19_32252786	32252786	0.115132	0
19	Gm19_32252815	32252815	0.115132	0
19	Gm19_32253040	32253040	0.0888158	0
19	Gm19_32253047	32253047	0.0888158	0
19	Gm19_32267810	32267810	0.115132	0
19	Gm19_32267828	32267828	0.115132	0
19	Gm19_32267954	32267954	0.115132	0
19	Gm19_32267966	32267966	0.115132	0
19	Gm19_32280880	32280880	0.105263	0
19	Gm19_32280939	32280939	0.105263	0
19	Gm19_32281216	32281216	0.101974	0
19	Gm19_32281536	32281536	0.0789474	0
19	Gm19_32288193	32288193	0.105263	0
19	Gm19_32288225	32288225	0.105263	0
19	Gm19_32322848	32322848	0.108553	0
19	Gm19_32325727	32325727	0.105263	0
19	Gm19_32325773	32325773	0.0723684	0
19	Gm19_32337360	32337360	0.0789474	0
19	Gm19_32337513	32337513	0.0789474	0
19	Gm19_32337548	32337548	0.0789474	0
19	Gm19_32344311	32344311	0.0559211	0
19	Gm19_32351281	32351281	0.108553	0
19	Gm19_32360395	32360395	0.0723684	0
19	Gm19_32371265	32371265	0.111842	0
19	Gm19_32375097	32375097	0.115132	0
19	Gm19_32377923	32377923	0.108553	0
19	Gm19_32378720	32378720	0.111842	0
19	Gm19_32463606	32463606	0.0756579	0
19	Gm19_32481905	32481905	0.0756579	0
19	Gm19_32488247	32488247	0.0756579	0
19	Gm19_32497989	32497989	0.0789474	0
19	Gm19_32501354	32501354	0.0822368	0
19	Gm19_32502665	32502665	0.0855263	0
19	Gm19_32502931	32502931	0.0789474	0
19	Gm19_32508752	32508752	0.0855263	0
19	Gm19_32558214	32558214	0.0789474	0
19	Gm19_32605463	32605463	0.0789474	0
19	Gm19_32605477	32605477	0.0789474	0
19	Gm19_32605721	32605721	0.0888158	0
19	Gm19_32611266	32611266	0.0855263	0
19	Gm19_32611504	32611504	0.0789474	0
19	Gm19_32657375	32657375	0.0822368	0
19	Gm19_32660408	32660408	0.0888158	0
19	Gm19_32660925	32660925	0.0789474	0
19	Gm19_32682744	32682744	0.0756579	0
19	Gm19_32718957	32718957	0.0888158	0
19	Gm19_32718969	32718969	0.0756579	0
19	Gm19_32736346	32736346	0.0822368	0
19	Gm19_32754392	32754392	0.0822368	0
19	Gm19_32754611	32754611	0.0888158	0
19	Gm19_32768296	32768296	0.0822368	0
19	Gm19_32768698	32768698	0.0888158	0
19	Gm19_32768817	32768817	0.0888158	0
19	Gm19_32769344	32769344	0.0888158	0
19	Gm19_32770330	32770330	0.0888158	0
19	Gm19_32773931	32773931	0.0921053	0
19	Gm19_32792589	32792589	0.0855263	0
19	Gm19_32796298	32796298	0.0756579	0
19	Gm19_32796734	32796734	0.0888158	0
19	Gm19_32799756	32799756	0.0822368	0
19	Gm19_32800023	32800023	0.0756579	0
19	Gm19_32809106	32809106	0.0822368	0
19	Gm19_32817637	32817637	0.226974	0
19	Gm19_32821202	32821202	0.0789474	0
19	Gm19_32833979	32833979	0.0822368	0
19	Gm19_32835284	32835284	0.0822368	0
19	Gm19_32835505	32835505	0.0855263	0
19	Gm19_32835573	32835573	0.0822368	0
19	Gm19_32844929	32844929	0.0921053	0
19	Gm19_32845185	32845185	0.0888158	0
19	Gm19_32858293	32858293	0.0789474	0
19	Gm19_32865078	32865078	0.0888158	0
19	Gm19_32865136	32865136	0.0888158	0
19	Gm19_32868587	32868587	0.0789474	0
19	Gm19_32868737	32868737	0.0888158	0
19	Gm19_32868742	32868742	0.0822368	0
19	Gm19_32868777	32868777	0.0888158	0
19	Gm19_32869289	32869289	0.0822368	0
19	Gm19_32900497	32900497	0.0921053	0
19	Gm19_32900513	32900513	0.0921053	0
19	Gm19_32904163	32904163	0.0789474	0
19	Gm19_32904182	32904182	0.0888158	0
19	Gm19_32911002	32911002	0.0789474	0
19	Gm19_32911025	32911025	0.0789474	0
19	Gm19_32911068	32911068	0.0888158	0
19	Gm19_32911073	32911073	0.0888158	0
19	Gm19_32911110	32911110	0.0855263	0
19	Gm19_32919999	32919999	0.0822368	0
19	Gm19_32924161	32924161	0.0789474	0
19	Gm19_32930505	32930505	0.0921053	0
19	Gm19_32930765	32930765	0.0921053	0
19	Gm19_32935469	32935469	0.0822368	0
19	Gm19_32935667	32935667	0.0888158	0
19	Gm19_32935988	32935988	0.0855263	0
19	Gm19_32935996	32935996	0.0888158	0
19	Gm19_32936164	32936164	0.0789474	0
19	Gm19_32947724	32947724	0.0822368	0
19	Gm19_32949498	32949498	0.0756579	0
19	Gm19_32950081	32950081	0.0822368	0
19	Gm19_32950497	32950497	0.0855263	0
19	Gm19_32950652	32950652	0.0855263	0
19	Gm19_32952077	32952077	0.0789474	0
19	Gm19_32952891	32952891	0.0756579	0
19	Gm19_32952939	32952939	0.0756579	0
19	Gm19_32958007	32958007	0.0789474	0
19	Gm19_32958265	32958265	0.0789474	0
19	Gm19_32961933	32961933	0.0888158	0
19	Gm19_32962167	32962167	0.0855263	0
19	Gm19_32965351	32965351	0.0822368	0
19	Gm19_32965383	32965383	0.0822368	0
19	Gm19_32965407	32965407	0.0921053	0
19	Gm19_32997982	32997982	0.0953947	0
19	Gm19_33002482	33002482	0.0756579	0
19	Gm19_33002629	33002629	0.0855263	0
19	Gm19_33020338	33020338	0.0822368	0
19	Gm19_33020345	33020345	0.0822368	0
19	Gm19_33020655	33020655	0.0756579	0
19	Gm19_33046684	33046684	0.0953947	0
19	Gm19_33046940	33046940	0.0953947	0
19	Gm19_33054536	33054536	0.0888158	0
19	Gm19_33061952	33061952	0.0822368	0
19	Gm19_33070096	33070096	0.0789474	0
19	Gm19_33075229	33075229	0.0756579	0
19	Gm19_33075245	33075245	0.0756579	0
19	Gm19_33086542	33086542	0.0756579	0
19	Gm19_33086769	33086769	0.101974	0
19	Gm19_33130646	33130646	0.0855263	0
19	Gm19_33137226	33137226	0.0789474	0
19	Gm19_33139368	33139368	0.0921053	0
19	Gm19_33164789	33164789	0.0888158	0
19	Gm19_33165079	33165079	0.0888158	0
19	Gm19_33170524	33170524	0.0855263	0
19	Gm19_33170837	33170837	0.0855263	0
19	Gm19_33193136	33193136	0.0723684	0
19	Gm19_33229348	33229348	0.0822368	0
19	Gm19_33238527	33238527	0.0855263	0
19	Gm19_33245855	33245855	0.0855263	0
19	Gm19_33253929	33253929	0.0822368	0
19	Gm19_33254435	33254435	0.0888158	0
19	Gm19_33254882	33254882	0.0657895	0
19	Gm19_33255341	33255341	0.0855263	0
19	Gm19_33275829	33275829	0.0789474	0
19	Gm19_33275845	33275845	0.0756579	0
19	Gm19_33328514	33328514	0.0855263	0
19	Gm19_33362024	33362024	0.0855263	0
19	Gm19_33362040	33362040	0.0789474	0
19	Gm19_33384371	33384371	0.0690789	0
19	Gm19_33384684	33384684	0.0625	0
19	Gm19_33384699	33384699	0.0625	0
19	Gm19_33384713	33384713	0.0625	0
19	Gm19_33388293	33388293	0.0789474	0
19	Gm19_33408955	33408955	0.0723684	0
19	Gm19_33424031	33424031	0.0756579	0
19	Gm19_33452015	33452015	0.0723684	0
19	Gm19_33452063	33452063	0.0723684	0
19	Gm19_33452231	33452231	0.0789474	0
19	Gm19_33455098	33455098	0.0723684	0
19	Gm19_33455393	33455393	0.0888158	0
19	Gm19_33455562	33455562	0.0888158	0
19	Gm19_33483235	33483235	0.0855263	0
19	Gm19_33483533	33483533	0.0789474	0
19	Gm19_33483538	33483538	0.0855263	0
19	Gm19_33497319	33497319	0.0723684	0
19	Gm19_33502744	33502744	0.0756579	0
19	Gm19_33506131	33506131	0.0789474	0
19	Gm19_33511839	33511839	0.0888158	0
19	Gm19_33512432	33512432	0.0953947	0
19	Gm19_33512607	33512607	0.0953947	0
19	Gm19_33512711	33512711	0.0723684	0
19	Gm19_33512959	33512959	0.0723684	0
19	Gm19_33521727	33521727	0.0756579	0
19	Gm19_33521748	33521748	0.0756579	0
19	Gm19_33521983	33521983	0.0855263	0
19	Gm19_33525939	33525939	0.0855263	0
19	Gm19_33539695	33539695	0.0855263	0
19	Gm19_33609622	33609622	0.0723684	0
19	Gm19_33629522	33629522	0.0888158	0
19	Gm19_33661459	33661459	0.0822368	0
19	Gm19_33780700	33780700	0.0789474	0
19	Gm19_33788670	33788670	0.0723684	0
19	Gm19_33793574	33793574	0.0822368	0
19	Gm19_33793831	33793831	0.0789474	0
19	Gm19_33802217	33802217	0.0723684	0
19	Gm19_33802232	33802232	0.0723684	0
19	Gm19_33823943	33823943	0.0723684	0
19	Gm19_33843482	33843482	0.0822368	0
19	Gm19_33978656	33978656	0.230263	0
19	Gm19_34002857	34002857	0.236842	0
19	Gm19_34056344	34056344	0.246711	0
19	Gm19_34059941	34059941	0.233553	0
19	Gm19_34059966	34059966	0.236842	0
19	Gm19_34060020	34060020	0.233553	0
19	Gm19_34060235	34060235	0.190789	0
19	Gm19_34060339	34060339	0.233553	0
19	Gm19_34072887	34072887	0.25	0
19	Gm19_34092887	34092887	0.151316	0
19	Gm19_34109197	34109197	0.233553	0
19	Gm19_34125885	34125885	0.243421	0
19	Gm19_34126628	34126628	0.233553	0
19	Gm19_34131795	34131795	0.246711	0
19	Gm19_34131959	34131959	0.246711	0
19	Gm19_34145995	34145995	0.230263	0
19	Gm19_34146087	34146087	0.230263	0
19	Gm19_34160060	34160060	0.230263	0
19	Gm19_34220558	34220558	0.226974	0
19	Gm19_34221584	34221584	0.230263	0
19	Gm19_34224832	34224832	0.236842	0
19	Gm19_34228972	34228972	0.246711	0
19	Gm19_34279266	34279266	0.253289	0
19	Gm19_34279307	34279307	0.253289	0
19	Gm19_34324447	34324447	0.236842	0
19	Gm19_34345627	34345627	0.253289	0
19	Gm19_34382698	34382698	0.440789	0
19	Gm19_34382906	34382906	0.440789	0
19	Gm19_34398006	34398006	0.440789	0
19	Gm19_34404963	34404963	0.440789	0
19	Gm19_34405256	34405256	0.440789	0
19	Gm19_34405292	34405292	0.440789	0
19	Gm19_34493175	34493175	0.417763	0
19	Gm19_34493194	34493194	0.417763	0
19	Gm19_34602229	34602229	0.430921	0
19	Gm19_34602260	34602260	0.434211	0
19	Gm19_34618132	34618132	0.0789474	0
19	Gm19_34618164	34618164	0.0822368	0
19	Gm19_34618206	34618206	0.0789474	0
19	Gm19_34639514	34639514	0.365132	0
19	Gm19_34654303	34654303	0.157895	0
19	Gm19_34663509	34663509	0.144737	0
19	Gm19_34668120	34668120	0.148026	0
19	Gm19_34668285	34668285	0.154605	0
19	Gm19_34684532	34684532	0.157895	0
19	Gm19_34687656	34687656	0.161184	0
19	Gm19_34687707	34687707	0.164474	0
19	Gm19_34687844	34687844	0.161184	0
19	Gm19_34687995	34687995	0.148026	0
19	Gm19_34688027	34688027	0.157895	0
19	Gm19_34698912	34698912	0.138158	0
19	Gm19_34699036	34699036	0.144737	0
19	Gm19_34699071	34699071	0.144737	0
19	Gm19_34699118	34699118	0.141447	0
19	Gm19_34699146	34699146	0.144737	0
19	Gm19_34703644	34703644	0.223684	0
19	Gm19_34704111	34704111	0.141447	0
19	Gm19_34793068	34793068	0.0888158	0
19	Gm19_34793075	34793075	0.0888158	0
19	Gm19_34793356	34793356	0.0888158	0
19	Gm19_34795451	34795451	0.0888158	0
19	Gm19_34795457	34795457	0.0888158	0
19	Gm19_34798392	34798392	0.0888158	0
19	Gm19_34798437	34798437	0.0888158	0
19	Gm19_34798757	34798757	0.0888158	0
19	Gm19_34807335	34807335	0.315789	0
19	Gm19_34825765	34825765	0.440789	0
19	Gm19_34825806	34825806	0.440789	0
19	Gm19_34829608	34829608	0.141447	0
19	Gm19_34853590	34853590	0.121711	0
19	Gm19_34854234	34854234	0.134868	0
19	Gm19_34882496	34882496	0.125	0
19	Gm19_34924552	34924552	0.302632	0
19	Gm19_34924591	34924591	0.302632	0
19	Gm19_34982800	34982800	0.296053	0
19	Gm19_34992331	34992331	0.430921	0
19	Gm19_35021419	35021419	0.421053	0
19	Gm19_35048386	35048386	0.427632	0
19	Gm19_35050021	35050021	0.421053	0
19	Gm19_35124021	35124021	0.4375	0
19	Gm19_35134256	35134256	0.4375	0
19	Gm19_35134270	35134270	0.430921	0
19	Gm19_35134283	35134283	0.444079	0
19	Gm19_35134781	35134781	0.444079	0
19	Gm19_35134952	35134952	0.421053	0
19	Gm19_35134978	35134978	0.430921	0
19	Gm19_35146992	35146992	0.4375	0
19	Gm19_35171339	35171339	0.427632	0
19	Gm19_35182524	35182524	0.4375	0
19	Gm19_35182706	35182706	0.430921	0
19	Gm19_35182753	35182753	0.424342	0
19	Gm19_35195667	35195667	0.440789	0
19	Gm19_35198185	35198185	0.4375	0
19	Gm19_35258321	35258321	0.292763	0
19	Gm19_35258431	35258431	0.302632	0
19	Gm19_35258652	35258652	0.296053	0
19	Gm19_35258681	35258681	0.302632	0
19	Gm19_35261133	35261133	0.302632	0
19	Gm19_35299981	35299981	0.302632	0
19	Gm19_35336805	35336805	0.444079	0
19	Gm19_35336990	35336990	0.302632	0
19	Gm19_35345439	35345439	0.450658	0
19	Gm19_35376689	35376689	0.138158	0
19	Gm19_35389928	35389928	0.125	0
19	Gm19_35389980	35389980	0.131579	0
19	Gm19_35390377	35390377	0.138158	0
19	Gm19_35437007	35437007	0.434211	0
19	Gm19_35437036	35437036	0.434211	0
19	Gm19_35437260	35437260	0.434211	0
19	Gm19_35438635	35438635	0.427632	0
19	Gm19_35451153	35451153	0.421053	0
19	Gm19_35473379	35473379	0.460526	0
19	Gm19_35475116	35475116	0.460526	0
19	Gm19_35475306	35475306	0.463816	0
19	Gm19_35488137	35488137	0.4375	0
19	Gm19_35507838	35507838	0.421053	0
19	Gm19_35511250	35511250	0.131579	0
19	Gm19_35511529	35511529	0.401316	0
19	Gm19_35544789	35544789	0.388158	0
19	Gm19_35550028	35550028	0.263158	0
19	Gm19_35550040	35550040	0.190789	0
19	Gm19_35610187	35610187	0.0986842	0
19	Gm19_35626045	35626045	0.381579	0
19	Gm19_35626216	35626216	0.0986842	0
19	Gm19_35626242	35626242	0.378289	0
19	Gm19_35656498	35656498	0.381579	0
19	Gm19_35657853	35657853	0.388158	0
19	Gm19_35660483	35660483	0.101974	0
19	Gm19_35660799	35660799	0.101974	0
19	Gm19_35661675	35661675	0.388158	0
19	Gm19_35661696	35661696	0.384868	0
19	Gm19_35706879	35706879	0.0986842	0
19	Gm19_35715509	35715509	0.0986842	0
19	Gm19_35734840	35734840	0.273026	0
19	Gm19_35744599	35744599	0.273026	0
19	Gm19_35744846	35744846	0.378289	0
19	Gm19_35760577	35760577	0.483553	0
19	Gm19_35773830	35773830	0.378289	0
19	Gm19_35773850	35773850	0.105263	0
19	Gm19_35778630	35778630	0.384868	0
19	Gm19_35778797	35778797	0.407895	0
19	Gm19_35793280	35793280	0.171053	0
19	Gm19_35793510	35793510	0.101974	0
19	Gm19_35810605	35810605	0.177632	0
19	Gm19_35810754	35810754	0.177632	0
19	Gm19_35826819	35826819	0.273026	0
19	Gm19_35826987	35826987	0.174342	0
19	Gm19_35893815	35893815	0.276316	0
19	Gm19_35894008	35894008	0.101974	0
19	Gm19_35894049	35894049	0.174342	0
19	Gm19_35918182	35918182	0.223684	0
19	Gm19_35924054	35924054	0.220395	0
19	Gm19_35924257	35924257	0.220395	0
19	Gm19_35929110	35929110	0.118421	0
19	Gm19_35962893	35962893	0.217105	0
19	Gm19_36032733	36032733	0.394737	0
19	Gm19_36128813	36128813	0.411184	0
19	Gm19_36198991	36198991	0.463816	0
19	Gm19_36199087	36199087	0.486842	0
19	Gm19_36199389	36199389	0.457237	0
19	Gm19_36199399	36199399	0.417763	0
19	Gm19_36200026	36200026	0.407895	0
19	Gm19_36200032	36200032	0.453947	0
19	Gm19_36201261	36201261	0.414474	0
19	Gm19_36201528	36201528	0.332237	0
19	Gm19_36290552	36290552	0.404605	0
19	Gm19_36292611	36292611	0.404605	0
19	Gm19_36294024	36294024	0.404605	0
19	Gm19_36294081	36294081	0.404605	0
19	Gm19_36294989	36294989	0.398026	0
19	Gm19_36295229	36295229	0.394737	0
19	Gm19_36295274	36295274	0.394737	0
19	Gm19_36295328	36295328	0.394737	0
19	Gm19_36296618	36296618	0.404605	0
19	Gm19_36297151	36297151	0.394737	0
19	Gm19_36299205	36299205	0.404605	0
19	Gm19_36310340	36310340	0.404605	0
19	Gm19_36310347	36310347	0.421053	0
19	Gm19_36310562	36310562	0.417763	0
19	Gm19_36311143	36311143	0.424342	0
19	Gm19_36311308	36311308	0.424342	0
19	Gm19_36311462	36311462	0.424342	0
19	Gm19_36311835	36311835	0.411184	0
19	Gm19_36414380	36414380	0.101974	0
19	Gm19_36414481	36414481	0.167763	0
19	Gm19_36520851	36520851	0.194079	0
19	Gm19_36522735	36522735	0.197368	0
19	Gm19_36592067	36592067	0.296053	0
19	Gm19_36626795	36626795	0.315789	0
19	Gm19_36626826	36626826	0.315789	0
19	Gm19_36627045	36627045	0.315789	0
19	Gm19_36627074	36627074	0.315789	0
19	Gm19_36630911	36630911	0.305921	0
19	Gm19_36630957	36630957	0.259868	0
19	Gm19_36637094	36637094	0.259868	0
19	Gm19_36637904	36637904	0.256579	0
19	Gm19_36642567	36642567	0.266447	0
19	Gm19_36643304	36643304	0.253289	0
19	Gm19_36643310	36643310	0.256579	0
19	Gm19_36680583	36680583	0.230263	0
19	Gm19_36680644	36680644	0.230263	0
19	Gm19_36680725	36680725	0.223684	0
19	Gm19_36680890	36680890	0.0822368	0
19	Gm19_36683971	36683971	0.0888158	0
19	Gm19_36779990	36779990	0.427632	0
19	Gm19_36794577	36794577	0.213816	0
19	Gm19_36794596	36794596	0.213816	0
19	Gm19_36794936	36794936	0.200658	0
19	Gm19_36811871	36811871	0.194079	0
19	Gm19_36866336	36866336	0.1875	0
19	Gm19_36875621	36875621	0.457237	0
19	Gm19_36896017	36896017	0.256579	0
19	Gm19_36939862	36939862	0.203947	0
19	Gm19_36940103	36940103	0.194079	0
19	Gm19_36985567	36985567	0.213816	0
19	Gm19_36985572	36985572	0.217105	0
19	Gm19_36985611	36985611	0.203947	0
19	Gm19_36985796	36985796	0.210526	0
19	Gm19_37007027	37007027	0.207237	0
19	Gm19_37007178	37007178	0.213816	0
19	Gm19_37007743	37007743	0.207237	0
19	Gm19_37007761	37007761	0.207237	0
19	Gm19_37007885	37007885	0.207237	0
19	Gm19_37007936	37007936	0.207237	0
19	Gm19_37053052	37053052	0.210526	0
19	Gm19_37053084	37053084	0.213816	0
19	Gm19_37089879	37089879	0.213816	0
19	Gm19_37090073	37090073	0.213816	0
19	Gm19_37097064	37097064	0.213816	0
19	Gm19_37097124	37097124	0.213816	0
19	Gm19_37097355	37097355	0.213816	0
19	Gm19_37103540	37103540	0.213816	0
19	Gm19_39377612	39377612	0.351974	0
19	Gm19_39402232	39402232	0.473684	0
19	Gm19_39402303	39402303	0.138158	0
19	Gm19_39433294	39433294	0.496711	0
19	Gm19_39435682	39435682	0.493421	0
19	Gm19_39439592	39439592	0.5	0
19	Gm19_39439982	39439982	0.473684	0
19	Gm19_39440215	39440215	0.463816	0
19	Gm19_39440225	39440225	0.473684	0
19	Gm19_39440285	39440285	0.470395	0
19	Gm19_39440505	39440505	0.473684	0
19	Gm19_39441840	39441840	0.493421	0
19	Gm19_39441898	39441898	0.463816	0
19	Gm19_39507405	39507405	0.440789	0
19	Gm19_39570137	39570137	0.105263	0
19	Gm19_39584043	39584043	0.319079	0
19	Gm19_39584049	39584049	0.457237	0
19	Gm19_39634905	39634905	0.138158	0
19	Gm19_39663627	39663627	0.319079	0
19	Gm19_39675685	39675685	0.460526	0
19	Gm19_39675711	39675711	0.118421	0
19	Gm19_39678529	39678529	0.381579	0
19	Gm19_39699016	39699016	0.398026	0
19	Gm19_39699333	39699333	0.398026	0
19	Gm19_39716228	39716228	0.243421	0
19	Gm19_39730706	39730706	0.134868	0
19	Gm19_39752999	39752999	0.101974	0
19	Gm19_39753005	39753005	0.101974	0
19	Gm19_39772385	39772385	0.240132	0
19	Gm19_39772396	39772396	0.246711	0
19	Gm19_39776719	39776719	0.414474	0
19	Gm19_39863286	39863286	0.305921	0
19	Gm19_40010017	40010017	0.434211	0
19	Gm19_40014104	40014104	0.282895	0
19	Gm19_40014387	40014387	0.282895	0
19	Gm19_40014392	40014392	0.282895	0
19	Gm19_40017582	40017582	0.282895	0
19	Gm19_40017638	40017638	0.282895	0
19	Gm19_40017895	40017895	0.279605	0
19	Gm19_40041442	40041442	0.243421	0
19	Gm19_40052269	40052269	0.273026	0
19	Gm19_40093652	40093652	0.450658	0
19	Gm19_40139991	40139991	0.450658	0
19	Gm19_40255847	40255847	0.273026	0
19	Gm19_40256022	40256022	0.273026	0
19	Gm19_40281589	40281589	0.269737	0
19	Gm19_40354492	40354492	0.190789	0
19	Gm19_40354819	40354819	0.1875	0
19	Gm19_40354837	40354837	0.1875	0
19	Gm19_40363940	40363940	0.457237	0
19	Gm19_40364013	40364013	0.457237	0
19	Gm19_40373430	40373430	0.457237	0
19	Gm19_40373718	40373718	0.457237	0
19	Gm19_40381809	40381809	0.253289	0
19	Gm19_40477507	40477507	0.184211	0
19	Gm19_40477603	40477603	0.197368	0
19	Gm19_40477666	40477666	0.184211	0
19	Gm19_40480087	40480087	0.184211	0
19	Gm19_40492170	40492170	0.1875	0
