chr	id	pos	gpos	p1	sL1	p2	sL2	xpnsl
11	Gm11_6278333	6278333	6.27833	0.292308	20.1868	0.0263158	88.5344	-0.642044
11	Gm11_6281788	6281788	6.28179	0.276923	20.1936	0.0263158	88.7909	-0.643155
11	Gm11_6337625	6337625	6.33763	0.276923	25.0321	0.0657895	89.7637	-0.554604
11	Gm11_6337963	6337963	6.33796	0.276923	25.0361	0.0657895	90.081	-0.556066
11	Gm11_6338133	6338133	6.33813	0.276923	25.0261	0.0657895	90.3355	-0.557465
11	Gm11_6340967	6340967	6.34097	0.261538	25.0458	0.0657895	90.7458	-0.559091
11	Gm11_6341127	6341127	6.34113	0.276923	25.0009	0.0657895	90.7098	-0.559699
11	Gm11_6341787	6341787	6.34179	0.276923	24.987	0.0657895	90.9621	-0.561146
11	Gm11_6370337	6370337	6.37034	0.261538	24.9478	0.0657895	90.8568	-0.561324
11	Gm11_6370581	6370581	6.37058	0.276923	24.9211	0.0657895	91.1091	-0.562994
11	Gm11_6408681	6408681	6.40868	0.261538	25.1073	0.0657895	91.3615	-0.560963
11	Gm11_6575890	6575890	6.57589	0.153846	26.5121	0.0131579	91.7697	-0.539256
11	Gm11_6576228	6576228	6.57623	0.153846	26.54	0.0131579	92.19	-0.540783
11	Gm11_6581473	6581473	6.58147	0.153846	26.5276	0.0131579	92.4423	-0.542174
11	Gm11_6583738	6583738	6.58374	0.153846	26.4866	0.0131579	92.3602	-0.542458
11	Gm11_6597108	6597108	6.59711	0.153846	26.5137	0.0131579	92.7792	-0.54398
11	Gm11_6623734	6623734	6.62373	0.261538	25.5425	0.0526316	92.6909	-0.559774
11	Gm11_6627037	6627037	6.62704	0.261538	25.5296	0.0526316	92.9432	-0.561174
11	Gm11_6696409	6696409	6.69641	0.261538	25.5376	0.0526316	93.2472	-0.562456
11	Gm11_6708783	6708783	6.70878	0.261538	25.5262	0.0526316	93.4716	-0.563693
11	Gm11_6713510	6713510	6.71351	0.261538	25.5057	0.0526316	93.7061	-0.565131
11	Gm11_6713555	6713555	6.71356	0.261538	25.4611	0.0526316	93.6361	-0.565567
11	Gm11_6713721	6713721	6.71372	0.261538	25.4753	0.0526316	93.9745	-0.566892
11	Gm11_6713733	6713733	6.71373	0.261538	25.4841	0.0526316	94.3392	-0.568422
11	Gm11_6777687	6777687	6.77769	0.707692	24.802	0.171053	87.3031	-0.546543
11	Gm11_6779496	6779496	6.7795	0.723077	24.9201	0.197368	86.8483	-0.542212
11	Gm11_6956567	6956567	6.95657	0.323077	22.55	0.0263158	94.6399	-0.622928
11	Gm11_6956592	6956592	6.95659	0.323077	22.53	0.0263158	94.9836	-0.624888
11	Gm11_6958721	6958721	6.95872	0.323077	22.5099	0.0263158	95.322	-0.626819
11	Gm11_7015131	7015131	7.01513	0.323077	22.4899	0.0263158	95.6539	-0.628715
11	Gm11_7016375	7016375	7.01638	0.307692	22.4896	0.0263158	95.9791	-0.630195
11	Gm11_7044170	7044170	7.04417	0.307692	22.5167	0.0263158	96.459	-0.631838
11	Gm11_7044192	7044192	7.04419	0.307692	22.4951	0.0263158	96.6952	-0.633317
11	Gm11_7044204	7044204	7.0442	0.307692	22.4453	0.0263158	96.6856	-0.634237
11	Gm11_7044211	7044211	7.04421	0.307692	22.4399	0.0263158	97.0374	-0.635919
11	Gm11_7062874	7062874	7.06287	0.292308	22.0425	0.0263158	97.0452	-0.643714
11	Gm11_7076253	7076253	7.07625	0.292308	22.017	0.0263158	97.1347	-0.644616
11	Gm11_7076282	7076282	7.07628	0.292308	21.9937	0.0263158	97.2543	-0.645611
11	Gm11_7156881	7156881	7.15688	0.169231	17.6979	0.0263158	96.8152	-0.738021
11	Gm11_7190197	7190197	7.1902	0.476923	17.2176	0.0263158	96.9347	-0.750506
11	Gm11_7192431	7192431	7.19243	0.415385	17.3746	0.0131579	97.2347	-0.747905
11	Gm11_7212890	7212890	7.21289	0.153846	19.4582	0.0657895	96.6304	-0.696012
11	Gm11_7341441	7341441	7.34144	0.0769231	20.1983	0	97.7716	-0.684898
11	Gm11_7341673	7341673	7.34167	0.0769231	20.2036	0	97.9527	-0.685588
11	Gm11_7412392	7412392	7.41239	0.107692	19.7668	0	98.3763	-0.696954
11	Gm11_7564740	7564740	7.56474	0.153846	18.9945	0.0131579	98.068	-0.7129
11	Gm11_7565379	7565379	7.56538	0.153846	18.9865	0.0131579	98.0145	-0.712845
11	Gm11_7594808	7594808	7.59481	0.0769231	19.322	0	98.3148	-0.706566
11	Gm11_7602695	7602695	7.60269	0.0769231	19.3193	0	98.3134	-0.706622
11	Gm11_7627469	7627469	7.62747	0.261538	17.5987	0.0657895	97.2844	-0.742563
11	Gm11_7627487	7627487	7.62749	0.261538	17.6281	0.0657895	97.6209	-0.743338
11	Gm11_11675303	11675303	11.6753	0.261538	48.897	0.855263	110.766	-0.355125
11	Gm11_11700284	11700284	11.7003	0.261538	49.0449	0.855263	110.913	-0.354389
11	Gm11_11700307	11700307	11.7003	0.261538	49.1927	0.855263	111.06	-0.353655
11	Gm11_11728714	11728714	11.7287	0.261538	49.3406	0.855263	111.197	-0.35289
11	Gm11_11735426	11735426	11.7354	0.261538	49.3849	0.855263	111.018	-0.3518
11	Gm11_11735439	11735439	11.7354	0.261538	49.4174	0.855263	110.804	-0.350674
11	Gm11_11735632	11735632	11.7356	0.261538	49.4561	0.855263	110.602	-0.349544
11	Gm11_11736458	11736458	11.7365	0.261538	49.4555	0.855263	110.278	-0.348275
11	Gm11_11737103	11737103	11.7371	0.261538	49.6045	0.855263	110.419	-0.347523
11	Gm11_11737115	11737115	11.7371	0.261538	49.75	0.855263	110.53	-0.346687
11	Gm11_11737497	11737497	11.7375	0.261538	49.8334	0.855263	110.613	-0.346284
11	Gm11_11738970	11738970	11.739	0.261538	49.9646	0.855263	110.666	-0.345351
11	Gm11_11739175	11739175	11.7392	0.261538	50.0958	0.855263	110.719	-0.344422
11	Gm11_11739204	11739204	11.7392	0.261538	50.2416	0.855263	110.899	-0.343863
11	Gm11_11739217	11739217	11.7392	0.261538	50.3494	0.855263	110.884	-0.342876
11	Gm11_11739244	11739244	11.7392	0.261538	50.4197	0.855263	111.001	-0.342725
11	Gm11_11740669	11740669	11.7407	0.261538	50.4155	0.855263	110.677	-0.341493
11	Gm11_11740759	11740759	11.7408	0.261538	50.5009	0.855263	110.712	-0.340895
11	Gm11_11740938	11740938	11.7409	0.261538	50.4827	0.855263	110.35	-0.33963
11	Gm11_11740961	11740961	11.741	0.261538	50.5899	0.855263	110.708	-0.340114
11	Gm11_11741034	11741034	11.741	0.261538	50.6696	0.842105	109.008	-0.332712
11	Gm11_11741207	11741207	11.7412	0.261538	50.7493	0.842105	109.025	-0.332095
11	Gm11_11744632	11744632	11.7446	0.261538	50.7333	0.855263	110.338	-0.337434
11	Gm11_11745415	11745415	11.7454	0.261538	50.813	0.855263	110.374	-0.336892
11	Gm11_11748110	11748110	11.7481	0.261538	50.7898	0.855263	110.002	-0.335624
11	Gm11_11748756	11748756	11.7488	0.261538	50.8694	0.855263	110.037	-0.335083
11	Gm11_11750980	11750980	11.751	0.261538	50.9491	0.855263	110.073	-0.334544
11	Gm11_11751357	11751357	11.7514	0.261538	50.9963	0.855263	109.98	-0.333774
11	Gm11_11761868	11761868	11.7619	0.261538	51.1294	0.855263	110.465	-0.334554
11	Gm11_11777989	11777989	11.778	0.261538	51.2043	0.855263	110.482	-0.333983
11	Gm11_11800505	11800505	11.8005	0.261538	51.3133	0.855263	110.84	-0.334467
11	Gm11_11807062	11807062	11.8071	0.261538	51.382	0.855263	110.856	-0.33395
11	Gm11_11807299	11807299	11.8073	0.261538	51.4507	0.855263	110.863	-0.333396
11	Gm11_11807382	11807382	11.8074	0.261538	51.5455	0.855263	111.081	-0.333447
11	Gm11_11807576	11807576	11.8076	0.261538	51.6133	0.855263	111.048	-0.332751
11	Gm11_11813737	11813737	11.8137	0.261538	51.681	0.855263	111.006	-0.332016
11	Gm11_11814063	11814063	11.8141	0.261538	51.8039	0.855263	111.464	-0.332773
11	Gm11_11817029	11817029	11.817	0.261538	51.8659	0.855263	111.399	-0.332001
11	Gm11_11817066	11817066	11.8171	0.261538	51.9701	0.855263	111.698	-0.332293
11	Gm11_11850364	11850364	11.8504	0.261538	52.0119	0.855263	111.55	-0.331369
11	Gm11_11850562	11850562	11.8506	0.261538	52.0739	0.855263	111.485	-0.330597
11	Gm11_11871585	11871585	11.8716	0.261538	52.1426	0.855263	111.477	-0.329993
11	Gm11_11904483	11904483	11.9045	0.261538	52.2046	0.855263	111.412	-0.329222
11	Gm11_11904509	11904509	11.9045	0.261538	52.1529	0.855263	110.88	-0.327575
11	Gm11_11996538	11996538	11.9965	0.261538	52.2149	0.855263	110.815	-0.326802
11	Gm11_11996612	11996612	11.9966	0.261538	39.5414	0	110.998	-0.448264
11	Gm11_12002044	12002044	12.002	0.261538	40.3647	0.855263	110.326	-0.436677
11	Gm11_12068813	12068813	12.0688	0.261538	40.4267	0.855263	110.261	-0.435752
11	Gm11_12079142	12079142	12.0791	0.261538	40.4887	0.855263	110.195	-0.434828
11	Gm11_12099401	12099401	12.0994	0.261538	40.5508	0.855263	110.13	-0.433905
11	Gm11_12106840	12106840	12.1068	0.261538	40.6278	0.855263	110.193	-0.433333
11	Gm11_12250726	12250726	12.2507	0.261538	40.6898	0.855263	110.128	-0.432412
11	Gm11_12306975	12306975	12.307	0.261538	40.7518	0.855263	110.062	-0.431492
11	Gm11_12413702	12413702	12.4137	0.261538	39.6762	0	109.694	-0.441651
11	Gm11_12517399	12517399	12.5174	0.261538	41.3721	0.855263	109.571	-0.422989
11	Gm11_12529508	12529508	12.5295	0.261538	41.3906	0.855263	109.381	-0.422041
11	Gm11_12563634	12563634	12.5636	0.261538	41.4345	0.842105	107.437	-0.413794
11	Gm11_12596200	12596200	12.5962	0.261538	41.4755	0.855263	109.021	-0.41972
11	Gm11_12657132	12657132	12.6571	0.261538	41.558	0.855263	109.252	-0.419775
11	Gm11_12694069	12694069	12.6941	0.184615	40.2012	0.828947	106.877	-0.424645
11	Gm11_12709829	12709829	12.7098	0.261538	40.3812	0.855263	107.23	-0.424137
11	Gm11_12727235	12727235	12.7272	0.261538	40.4542	0.855263	107.417	-0.424109
11	Gm11_12768253	12768253	12.7683	0.261538	40.49	0.855263	107.372	-0.423542
11	Gm11_12847619	12847619	12.8476	0.261538	40.5258	0.855263	107.326	-0.422975
11	Gm11_12918210	12918210	12.9182	0.261538	40.5615	0.855263	107.281	-0.422408
11	Gm11_12922306	12922306	12.9223	0.261538	39.1546	0	107.484	-0.43856
11	Gm11_12929677	12929677	12.9297	0.261538	44.4013	0.855263	107.187	-0.382747
11	Gm11_12929932	12929932	12.9299	0.369231	39.458	0.855263	107.14	-0.433816
11	Gm11_12937880	12937880	12.9379	0.261538	45.113	0.855263	107.092	-0.375457
11	Gm11_12937908	12937908	12.9379	0.261538	45.1845	0.855263	107.045	-0.374576
11	Gm11_13007134	13007134	13.0071	0.261538	45.2496	0.855263	106.998	-0.373759
11	Gm11_13039650	13039650	13.0396	0.184615	45.1684	0.815789	104.87	-0.365818
11	Gm11_13056137	13056137	13.0561	0.261538	46.4826	0.855263	109.31	-0.371368
11	Gm11_13123435	13123435	13.1234	0.261538	46.5412	0.855263	109.301	-0.370787
11	Gm11_13238682	13238682	13.2387	0.261538	46.6501	0.855263	109.549	-0.370758
11	Gm11_13238844	13238844	13.2388	0.261538	46.7956	0.855263	109.985	-0.37113
11	Gm11_13251829	13251829	13.2518	0.261538	46.8514	0.855263	109.977	-0.370579
11	Gm11_13268096	13268096	13.2681	0.261538	46.9854	0.855263	110.364	-0.370866
11	Gm11_13335972	13335972	13.336	0.261538	46.9614	0.855263	110.108	-0.370078
11	Gm11_13360022	13360022	13.36	0.261538	47.043	0.855263	110.246	-0.369868
11	Gm11_13378966	13378966	13.379	0.261538	47.0941	0.855263	110.238	-0.369364
11	Gm11_13392373	13392373	13.3924	0.261538	47.1451	0.855263	110.219	-0.368821
11	Gm11_13427042	13427042	13.427	0.261538	47.223	0.855263	110.338	-0.368573
11	Gm11_13427657	13427657	13.4277	0.261538	47.2657	0.855263	110.3	-0.368031
11	Gm11_13432379	13432379	13.4324	0.261538	47.3076	0.842105	108.532	-0.360627
11	Gm11_13486987	13486987	13.487	0.261538	47.3496	0.855263	110.333	-0.36739
11	Gm11_13494773	13494773	13.4948	0.261538	47.3124	0.855263	110.063	-0.366667
11	Gm11_13523482	13523482	13.5235	0.261538	47.3544	0.855263	110.055	-0.366249
11	Gm11_13525569	13525569	13.5256	0.261538	47.3801	0.855263	110.046	-0.36598
11	Gm11_13549869	13549869	13.5499	0.261538	47.3765	0.855263	110.038	-0.36598
11	Gm11_13556169	13556169	13.5562	0.261538	47.3589	0.855263	110.03	-0.366108
11	Gm11_13556251	13556251	13.5563	0.384615	39.1354	0.144737	109.84	-0.448189
11	Gm11_13559131	13559131	13.5591	0.261538	51.6786	0.842105	108.142	-0.320684
11	Gm11_13608507	13608507	13.6085	0.261538	51.7787	0.855263	109.175	-0.323972
11	Gm11_13623176	13623176	13.6232	0.261538	51.9028	0.855263	109.643	-0.32479
11	Gm11_13666264	13666264	13.6663	0.246154	51.5018	0.855263	109.853	-0.328988
11	Gm11_13669553	13669553	13.6696	0.261538	51.8148	0.855263	109.803	-0.326161
11	Gm11_13669940	13669940	13.6699	0.261538	51.9034	0.855263	110.165	-0.326848
11	Gm11_13687182	13687182	13.6872	0.261538	51.8495	0.855263	110.107	-0.32707
11	Gm11_13690087	13690087	13.6901	0.261538	51.8909	0.855263	110.335	-0.327622
11	Gm11_13690304	13690304	13.6903	0.261538	51.8361	0.855263	110.277	-0.327852
11	Gm11_13705526	13705526	13.7055	0.261538	51.8206	0.855263	110.339	-0.328225
11	Gm11_13705558	13705558	13.7056	0.261538	51.6411	0.855263	109.821	-0.327691
11	Gm11_13708213	13708213	13.7082	0.261538	51.6207	0.855263	109.851	-0.327978
11	Gm11_13749183	13749183	13.7492	0.261538	51.5649	0.855263	109.792	-0.328216
11	Gm11_13795692	13795692	13.7957	0.261538	51.5091	0.855263	109.733	-0.328455
11	Gm11_13838593	13838593	13.8386	0.261538	51.4533	0.855263	109.675	-0.328694
11	Gm11_13910486	13910486	13.9105	0.261538	51.3975	0.855263	109.616	-0.328933
11	Gm11_13910750	13910750	13.9108	0.261538	51.3388	0.855263	109.558	-0.329197
11	Gm11_13930076	13930076	13.9301	0.261538	51.2773	0.855263	109.499	-0.329486
11	Gm11_13964945	13964945	13.9649	0.0769231	49.8762	0.0394737	104.696	-0.322035
11	Gm11_13974578	13974578	13.9746	0.261538	51.435	0.855263	108.737	-0.325117
11	Gm11_13976096	13976096	13.9761	0.261538	51.3969	0.855263	108.754	-0.32551
11	Gm11_13977752	13977752	13.9778	0.261538	51.3587	0.855263	108.772	-0.325904
11	Gm11_14000586	14000586	14.0006	0.261538	51.3205	0.855263	108.79	-0.326298
11	Gm11_14043626	14043626	14.0436	0.276923	50.4268	0.855263	108.808	-0.333998
11	Gm11_14105139	14105139	14.1051	0.107692	46.5317	0	108.835	-0.36902
11	Gm11_14105500	14105500	14.1055	0.107692	46.536	0	108.853	-0.369051
11	Gm11_14179029	14179029	14.179	0.261538	53.5921	0.855263	108.538	-0.30648
11	Gm11_14203134	14203134	14.2031	0.261538	53.6226	0.855263	108.536	-0.306227
11	Gm11_14203173	14203173	14.2032	0.261538	53.6531	0.855263	108.535	-0.305974
11	Gm11_14203289	14203289	14.2033	0.261538	53.6836	0.855263	108.533	-0.305722
11	Gm11_14264292	14264292	14.2643	0.261538	53.7142	0.855263	108.522	-0.305431
11	Gm11_14264488	14264488	14.2645	0.261538	53.7447	0.855263	108.502	-0.305102
11	Gm11_14336694	14336694	14.3367	0.261538	53.6502	0.855263	108.09	-0.304215
11	Gm11_14337067	14337067	14.3371	0.261538	53.6082	0.855263	107.85	-0.303591
11	Gm11_14348185	14348185	14.3482	0.261538	53.6339	0.855263	107.83	-0.303299
11	Gm11_14374097	14374097	14.3741	0.261538	53.6597	0.855263	107.809	-0.303008
11	Gm11_14374117	14374117	14.3741	0.261538	53.6854	0.855263	107.789	-0.302717
11	Gm11_14383432	14383432	14.3834	0.292308	51.9453	0.855263	107.768	-0.316944
11	Gm11_14385445	14385445	14.3854	0.261538	54.0732	0.842105	107.103	-0.29682
11	Gm11_14399152	14399152	14.3992	0.261538	53.972	0.855263	108.539	-0.303416
11	Gm11_14400807	14400807	14.4008	0.261538	53.9629	0.842105	106.802	-0.296483
11	Gm11_14415475	14415475	14.4155	0.261538	53.8788	0.855263	108.325	-0.303312
11	Gm11_14415764	14415764	14.4158	0.261538	53.8635	0.855263	108.206	-0.302956
11	Gm11_14415805	14415805	14.4158	0.261538	53.7711	0.855263	107.815	-0.30213
11	Gm11_14415935	14415935	14.4159	0.261538	53.7437	0.855263	107.692	-0.301855
11	Gm11_14418652	14418652	14.4187	0.261538	53.7103	0.855263	107.565	-0.301613
11	Gm11_14418698	14418698	14.4187	0.261538	53.6769	0.855263	107.438	-0.301371
11	Gm11_14442301	14442301	14.4423	0.261538	53.6965	0.855263	107.529	-0.301579
11	Gm11_14442326	14442326	14.4423	0.261538	53.6631	0.842105	106.824	-0.298991
11	Gm11_14444662	14444662	14.4447	0.261538	53.6362	0.855263	108.609	-0.30641
11	Gm11_14444819	14444819	14.4448	0.261538	53.6548	0.855263	108.713	-0.306674
11	Gm11_14584137	14584137	14.5841	0.261538	53.6214	0.855263	108.604	-0.306507
11	Gm11_14584404	14584404	14.5844	0.261538	53.6919	0.855263	108.92	-0.3072
11	Gm11_14584451	14584451	14.5845	0.261538	53.6585	0.855263	108.811	-0.307033
11	Gm11_14642721	14642721	14.6427	0.261538	53.6251	0.855263	108.701	-0.306867
11	Gm11_14658495	14658495	14.6585	0.261538	53.6847	0.855263	108.973	-0.307468
11	Gm11_14660755	14660755	14.6608	0.261538	53.6513	0.855263	108.864	-0.307302
11	Gm11_14660796	14660796	14.6608	0.261538	53.6196	0.855263	108.761	-0.30715
11	Gm11_14660820	14660820	14.6608	0.261538	53.5862	0.855263	108.652	-0.306983
11	Gm11_14661592	14661592	14.6616	0.261538	53.6671	0.855263	109.011	-0.307761
11	Gm11_14661885	14661885	14.6619	0.261538	53.7193	0.855263	109.252	-0.308297
11	Gm11_14718114	14718114	14.7181	0.261538	53.7937	0.828947	106.796	-0.297824
11	Gm11_14718142	14718142	14.7181	0.261538	53.8675	0.815789	105.499	-0.291923
11	Gm11_14747662	14747662	14.7477	0.261538	53.7558	0.828947	106.946	-0.29874
11	Gm11_14747727	14747727	14.7477	0.261538	53.7343	0.855263	106.964	-0.298985
11	Gm11_14747955	14747955	14.748	0.292308	41.2063	0	107.343	-0.415812
11	Gm11_14748316	14748316	14.7483	0.261538	42.1574	0.828947	107.286	-0.40567
11	Gm11_14748612	14748612	14.7486	0.246154	41.7109	0.855263	107.471	-0.411044
11	Gm11_14748690	14748690	14.7487	0.2	41.0503	0.828947	107.177	-0.416784
11	Gm11_14748737	14748737	14.7487	0.2	41.0026	0.828947	107.084	-0.416912
11	Gm11_14750727	14750727	14.7507	0.307692	39.2655	0	107.643	-0.437973
11	Gm11_14750766	14750766	14.7508	0.261538	39.248	0.855263	107.692	-0.438365
11	Gm11_14755533	14755533	14.7555	0.569231	39.236	0.855263	107.832	-0.439061
11	Gm11_14755541	14755541	14.7555	0.2	39.6839	0.828947	107.63	-0.433318
11	Gm11_14755566	14755566	14.7556	0.2	39.6343	0.828947	107.537	-0.433485
11	Gm11_14757882	14757882	14.7579	0.307692	39.1826	0	107.817	-0.439594
11	Gm11_14757918	14757918	14.7579	0.569231	38.9412	0.855263	107.459	-0.440835
11	Gm11_14757939	14757939	14.7579	0.261538	39.8232	0.855263	107.366	-0.430732
11	Gm11_14758242	14758242	14.7582	0.2	39.8115	0.828947	107.197	-0.430175
11	Gm11_14758265	14758265	14.7583	0.261538	39.7188	0.855263	107.331	-0.43173
11	Gm11_14760943	14760943	14.7609	0.2	40.1034	0.828947	107.191	-0.426977
11	Gm11_14761253	14761253	14.7613	0.292308	39.145	0	107.722	-0.439628
11	Gm11_14763902	14763902	14.7639	0.2	40.1234	0.828947	107.752	-0.429027
11	Gm11_14763948	14763948	14.7639	0.2	40.028	0.828947	107.602	-0.429455
11	Gm11_14764254	14764254	14.7643	0.2	39.9326	0.828947	107.451	-0.429885
11	Gm11_14765145	14765145	14.7651	0.2	39.8372	0.828947	107.301	-0.430316
11	Gm11_14800903	14800903	14.8009	0.507692	38.7465	0.855263	107.626	-0.443685
11	Gm11_14809526	14809526	14.8095	0.292308	39.1198	0	108.103	-0.44144
11	Gm11_14809874	14809874	14.8099	0.292308	38.9719	0	107.659	-0.441297
11	Gm11_14825592	14825592	14.8256	0.369231	38.4134	0.0263158	107.353	-0.446331
11	Gm11_14825881	14825881	14.8259	0.2	38.3924	0.828947	106.725	-0.444022
11	Gm11_14837109	14837109	14.8371	0.492308	38.1825	0.815789	104.749	-0.438285
11	Gm11_14846694	14846694	14.8467	0.492308	38.0205	0.828947	104.386	-0.438623
11	Gm11_14854113	14854113	14.8541	0.2	38.5154	0.828947	104.576	-0.433798
11	Gm11_14891486	14891486	14.8915	0.261538	38.5449	0.855263	105.024	-0.435323
11	Gm11_14891491	14891491	14.8915	0.261538	38.4955	0.855263	105.025	-0.435884
11	Gm11_14891499	14891499	14.8915	0.307692	38.0867	0	105.101	-0.440835
11	Gm11_14891517	14891517	14.8915	0.261538	36.1954	0	105.031	-0.462663
11	Gm11_14891726	14891726	14.8917	0.261538	36.2765	0.855263	104.362	-0.458917
11	Gm11_14921259	14921259	14.9213	0.323077	33.2797	0.842105	104.198	-0.495682
11	Gm11_14936229	14936229	14.9362	0.384615	33.0866	0.157895	103.78	-0.496463
11	Gm11_14948614	14948614	14.9486	0.384615	33.0949	0.157895	103.945	-0.497042
11	Gm11_14948624	14948624	14.9486	0.292308	32.8836	0.0131579	102.213	-0.492528
11	Gm11_14948890	14948890	14.9489	0.323077	32.8688	0.842105	103.753	-0.499218
11	Gm11_14956702	14956702	14.9567	0.307692	32.7444	0	103.886	-0.50142
11	Gm11_14957754	14957754	14.9578	0.4	31.9887	0.157895	103.474	-0.509837
11	Gm11_14957773	14957773	14.9578	0.338462	32.1307	0.842105	103.12	-0.506423
11	Gm11_14960226	14960226	14.9602	0.292308	32.3129	0	103.502	-0.505574
11	Gm11_14961310	14961310	14.9613	0.307692	32.2138	0	103.349	-0.506265
11	Gm11_14961769	14961769	14.9618	0.369231	31.7783	0.842105	102.661	-0.509274
11	Gm11_15089714	15089714	15.0897	0.507692	34.2463	0.815789	102.018	-0.474062
11	Gm11_15113722	15113722	15.1137	0.0461538	34.5577	0.0131579	102.09	-0.470436
11	Gm11_15128546	15128546	15.1285	0.461538	34.2269	0.815789	102.183	-0.475011
11	Gm11_15133906	15133906	15.1339	0.476923	34.205	0.815789	102.34	-0.475957
11	Gm11_15133922	15133922	15.1339	0.507692	34.2978	0.815789	102.478	-0.475363
11	Gm11_15136654	15136654	15.1367	0.461538	34.3119	0.815789	102.616	-0.475771
11	Gm11_15136670	15136670	15.1367	0.492308	33.6289	0.815789	102.464	-0.483857
11	Gm11_15136709	15136709	15.1367	0.446154	33.7887	0.815789	102.088	-0.480205
11	Gm11_15141288	15141288	15.1413	0.446154	33.6867	0.802632	100.298	-0.473834
11	Gm11_15141632	15141632	15.1416	0.261538	32.6094	0	100.388	-0.488338
11	Gm11_15141659	15141659	15.1417	0.446154	32.5206	0.802632	99.8811	-0.487324
11	Gm11_20282061	20282061	20.2821	0.261538	61.6577	0.723684	85.6509	-0.142744
11	Gm11_20282124	20282124	20.2821	0.261538	61.6529	0.723684	85.8004	-0.143536
11	Gm11_20283082	20283082	20.2831	0.261538	61.6481	0.723684	85.9499	-0.144325
11	Gm11_20285294	20285294	20.2853	0.261538	61.6434	0.723684	86.0909	-0.145071
11	Gm11_20285521	20285521	20.2855	0.261538	61.6386	0.723684	86.2213	-0.145762
11	Gm11_20285824	20285824	20.2858	0.261538	61.6338	0.723684	86.3495	-0.146441
11	Gm11_20286324	20286324	20.2863	0.261538	61.5483	0.723684	86.2462	-0.146524
11	Gm11_20286349	20286349	20.2863	0.261538	61.5435	0.723684	86.3744	-0.147203
11	Gm11_20295863	20295863	20.2959	0.261538	61.5672	0.723684	86.5589	-0.147962
11	Gm11_20296186	20296186	20.2962	0.261538	61.5624	0.723684	86.6871	-0.148639
11	Gm11_20310219	20310219	20.3102	0.261538	61.5577	0.710526	85.9389	-0.144908
11	Gm11_20310245	20310245	20.3102	0.261538	61.5529	0.710526	86.0671	-0.145589
11	Gm11_20310265	20310265	20.3103	0.261538	61.4797	0.710526	85.9993	-0.145763
11	Gm11_20310283	20310283	20.3103	0.261538	61.475	0.710526	86.1275	-0.146444
11	Gm11_20310295	20310295	20.3103	0.261538	61.4457	0.710526	86.1857	-0.146943
11	Gm11_20313436	20313436	20.3134	0.2	48.1002	0	87.8296	-0.261494
11	Gm11_20322184	20322184	20.3222	0.261538	58.3528	0.710526	86.1176	-0.16903
11	Gm11_20322432	20322432	20.3224	0.261538	58.3012	0.710526	85.9401	-0.168518
11	Gm11_20324908	20324908	20.3249	0.261538	58.3547	0.723684	87.6263	-0.176559
11	Gm11_20346468	20346468	20.3465	0.261538	58.537	0.723684	87.9891	-0.176998
11	Gm11_20442970	20442970	20.443	0.261538	58.7378	0.723684	88.4013	-0.177541
11	Gm11_20474542	20474542	20.4745	0.261538	58.8256	0.723684	88.549	-0.177618
11	Gm11_20510555	20510555	20.5106	0.261538	58.8208	0.723684	88.5089	-0.177456
11	Gm11_20510805	20510805	20.5108	0.261538	58.9085	0.723684	88.6567	-0.177533
11	Gm11_20512727	20512727	20.5127	0.261538	58.9963	0.723684	88.8045	-0.17761
11	Gm11_20539737	20539737	20.5397	0.261538	58.9489	0.723684	88.6705	-0.177304
11	Gm11_20565651	20565651	20.5657	0.276923	58.3126	0.723684	88.7073	-0.182197
11	Gm11_20568203	20568203	20.5682	0.261538	59.1633	0.723684	88.8551	-0.17663
11	Gm11_20573101	20573101	20.5731	0.246154	58.781	0.723684	89.01	-0.180202
11	Gm11_20573747	20573747	20.5737	0.2	58.7063	0	89.5602	-0.18343
11	Gm11_20583442	20583442	20.5834	0.261538	59.1862	0.723684	89.1893	-0.178093
11	Gm11_20584040	20584040	20.584	0.261538	59.3744	0.723684	89.572	-0.178573
11	Gm11_20592241	20592241	20.5922	0.261538	59.3624	0.723684	89.5765	-0.178682
11	Gm11_20597333	20597333	20.5973	0.261538	59.3886	0.723684	89.7082	-0.179129
11	Gm11_20600704	20600704	20.6007	0.261538	59.4149	0.723684	89.84	-0.179574
11	Gm11_20640503	20640503	20.6405	0.261538	59.4646	0.723684	90.0197	-0.180079
11	Gm11_20678154	20678154	20.6782	0.261538	59.4789	0.723684	90.1515	-0.18061
11	Gm11_20678177	20678177	20.6782	0.261538	59.4932	0.723684	90.2832	-0.181139
11	Gm11_20678969	20678969	20.679	0.261538	59.503	0.723684	90.415	-0.181701
11	Gm11_20686703	20686703	20.6867	0.261538	59.5083	0.723684	90.5467	-0.182295
11	Gm11_20691539	20691539	20.6915	0.215385	48.1488	0.0657895	88.7256	-0.265463
11	Gm11_20703257	20703257	20.7033	0.261538	64.7234	0.723684	90.164	-0.143972
11	Gm11_20707667	20707667	20.7077	0.261538	64.8093	0.723684	90.3114	-0.144106
11	Gm11_20708031	20708031	20.708	0.261538	64.8868	0.723684	90.4587	-0.144294
11	Gm11_20711189	20711189	20.7112	0.261538	64.9559	0.723684	90.6058	-0.144537
11	Gm11_20742177	20742177	20.7422	0.261538	64.9715	0.723684	90.6338	-0.144567
11	Gm11_20762707	20762707	20.7627	0.261538	65.0406	0.723684	90.7809	-0.14481
11	Gm11_20821944	20821944	20.8219	0.261538	65	0.723684	90.6843	-0.144619
11	Gm11_20831268	20831268	20.8313	0.261538	65.0692	0.723684	90.8314	-0.144861
11	Gm11_20831281	20831281	20.8313	0.261538	65.1384	0.723684	90.9785	-0.145102
11	Gm11_20842915	20842915	20.8429	0.261538	65.2946	0.723684	91.3229	-0.145702
11	Gm11_20867647	20867647	20.8676	0.261538	65.4398	0.723684	91.6423	-0.146254
11	Gm11_20916920	20916920	20.9169	0.261538	65.509	0.723684	91.7894	-0.146492
11	Gm11_20919883	20919883	20.9199	0.261538	65.5782	0.723684	91.9365	-0.146729
11	Gm11_20926259	20926259	20.9263	0.0615385	65.419	0.723684	92.0836	-0.148478
11	Gm11_20938042	20938042	20.938	0.261538	66.194	0.723684	92.2307	-0.144057
11	Gm11_20938407	20938407	20.9384	0.261538	66.3742	0.723684	92.6293	-0.144749
11	Gm11_20974777	20974777	20.9748	0.276923	65.1736	0.723684	92.8386	-0.153657
11	Gm11_20974808	20974808	20.9748	0.276923	65.3442	0.723684	93.2212	-0.154308
11	Gm11_20975004	20975004	20.975	0.276923	65.3935	0.723684	93.3668	-0.154657
11	Gm11_20977978	20977978	20.978	0.261538	65.9864	0.723684	93.7437	-0.152488
11	Gm11_21004338	21004338	21.0043	0.261538	66.0169	0.723684	93.8877	-0.152953
11	Gm11_21038452	21038452	21.0385	0.261538	66.0612	0.723684	94.0576	-0.153447
11	Gm11_21040725	21040725	21.0407	0.261538	66.0688	0.723684	94.1482	-0.153816
11	Gm11_21040737	21040737	21.0407	0.261538	66.0941	0.723684	94.2922	-0.154313
11	Gm11_21040789	21040789	21.0408	0.261538	66.1141	0.723684	94.4361	-0.154844
11	Gm11_21041823	21041823	21.0418	0.261538	66.1341	0.723684	94.5801	-0.155374
11	Gm11_21042233	21042233	21.0422	0.261538	66.1781	0.723684	94.7691	-0.155953
11	Gm11_21043777	21043777	21.0438	0.276923	65.234	0.723684	94.913	-0.162852
11	Gm11_21048285	21048285	21.0483	0.261538	66.7999	0.723684	95.057	-0.153208
11	Gm11_21048305	21048305	21.0483	0.261538	66.8223	0.723684	95.2009	-0.15372
11	Gm11_21048479	21048479	21.0485	0.261538	66.8447	0.723684	95.3449	-0.15423
11	Gm11_21054680	21054680	21.0547	0.261538	66.8375	0.723684	95.4161	-0.154602
11	Gm11_21069927	21069927	21.0699	0.261538	66.8372	0.723684	95.483	-0.154908
11	Gm11_21070150	21070150	21.0702	0.261538	66.7268	0.723684	95.2583	-0.154603
11	Gm11_21077138	21077138	21.0771	0.261538	66.7039	0.723684	95.2482	-0.154706
11	Gm11_21079906	21079906	21.0799	0.261538	66.8402	0.723684	95.5936	-0.155391
11	Gm11_21101644	21101644	21.1016	0.261538	66.8173	0.723684	95.581	-0.155483
11	Gm11_21105230	21105230	21.1052	0.261538	66.7944	0.723684	95.566	-0.155563
11	Gm11_21109032	21109032	21.109	0.261538	66.7715	0.671053	89.7421	-0.128405
11	Gm11_21109390	21109390	21.1094	0.707692	65.181	0.210526	94.7322	-0.162377
11	Gm11_21110645	21110645	21.1106	0.261538	68.0325	0.723684	96.2188	-0.150544
11	Gm11_21111041	21111041	21.111	0.261538	68.0325	0.723684	96.3391	-0.151086
11	Gm11_21111279	21111279	21.1113	0.261538	68.0325	0.723684	96.4593	-0.151628
11	Gm11_21117935	21117935	21.1179	0.261538	67.9398	0.723684	96.342	-0.151691
11	Gm11_21121148	21121148	21.1211	0.261538	67.9398	0.723684	96.4377	-0.152122
11	Gm11_21128374	21128374	21.1284	0.261538	68.0982	0.723684	96.8634	-0.153024
11	Gm11_21128450	21128450	21.1285	0.261538	68.1324	0.723684	96.9862	-0.153356
11	Gm11_21128461	21128461	21.1285	0.107692	59.325	0.0131579	97.1595	-0.214248
11	Gm11_21137640	21137640	21.1376	0.261538	60.9072	0.723684	96.8419	-0.201395
11	Gm11_21137678	21137678	21.1377	0.261538	60.9544	0.723684	96.8127	-0.200927
11	Gm11_21138107	21138107	21.1381	0.261538	61.0017	0.723684	96.7752	-0.200422
11	Gm11_21148806	21148806	21.1488	0.261538	61.0489	0.723684	96.7295	-0.199881
11	Gm11_21148994	21148994	21.149	0.261538	61.077	0.723684	96.6818	-0.199467
11	Gm11_21160254	21160254	21.1603	0.261538	61.0861	0.723684	96.6319	-0.199178
11	Gm11_21175550	21175550	21.1756	0.261538	61.0952	0.723684	96.5812	-0.198886
11	Gm11_21206786	21206786	21.2068	0.261538	61.1042	0.723684	96.5296	-0.198589
11	Gm11_21222063	21222063	21.2221	0.2	60.2002	0	96.8806	-0.206639
11	Gm11_21222356	21222356	21.2224	0.261538	60.3072	0.723684	96.4265	-0.203827
11	Gm11_21238821	21238821	21.2388	0.261538	60.2114	0.723684	96.1124	-0.203101
11	Gm11_21238855	21238855	21.2389	0.261538	60.2748	0.723684	96.2313	-0.203181
11	Gm11_21239194	21239194	21.2392	0.261538	60.2814	0.723684	96.1797	-0.2029
11	Gm11_21239260	21239260	21.2393	0.261538	60.2881	0.723684	96.1281	-0.202619
11	Gm11_21239302	21239302	21.2393	0.107692	58.7598	0.0263158	94.7298	-0.207407
11	Gm11_21247529	21247529	21.2475	0.261538	66.7023	0.736842	95.8809	-0.157592
11	Gm11_21252720	21252720	21.2527	0.261538	66.7275	0.723684	96.2744	-0.159206
11	Gm11_21294707	21294707	21.2947	0.0615385	66.6705	0.723684	95.9775	-0.158236
11	Gm11_21294723	21294723	21.2947	0.261538	66.7293	0.723684	95.9722	-0.157829
11	Gm11_21294831	21294831	21.2948	0.261538	66.7836	0.723684	95.9648	-0.157442
11	Gm11_21295519	21295519	21.2955	0.261538	66.8183	0.723684	95.9141	-0.156987
11	Gm11_21306626	21306626	21.3066	0.261538	66.8727	0.723684	95.9043	-0.156589
11	Gm11_21306897	21306897	21.3069	0.261538	66.927	0.723684	95.8945	-0.156192
11	Gm11_21342832	21342832	21.3428	0.261538	66.9814	0.723684	95.8848	-0.155795
11	Gm11_21356722	21356722	21.3567	0.261538	67.0358	0.723684	95.8668	-0.155361
11	Gm11_21380490	21380490	21.3805	0.261538	67.0784	0.723684	95.8172	-0.154861
11	Gm11_21380785	21380785	21.3808	0.261538	67.1328	0.723684	95.7905	-0.154388
11	Gm11_21394665	21394665	21.3947	0.261538	66.9952	0.723684	95.4469	-0.153718
11	Gm11_21466994	21466994	21.467	0.0615385	66.793	0.723684	95.1817	-0.153822
11	Gm11_21493438	21493438	21.4934	0.261538	67.2541	0.723684	95.1459	-0.150672
11	Gm11_21493448	21493448	21.4934	0.261538	67.2577	0.723684	95.135	-0.150599
11	Gm11_21496667	21496667	21.4967	0.261538	67.4204	0.723684	95.4557	-0.15101
11	Gm11_21496728	21496728	21.4967	0.261538	67.489	0.723684	95.5802	-0.151135
11	Gm11_21537101	21537101	21.5371	0.261538	67.5749	0.723684	95.7407	-0.151311
11	Gm11_21540488	21540488	21.5405	0.261538	67.5625	0.723684	95.6964	-0.15119
11	Gm11_21550201	21550201	21.5502	0.261538	67.5501	0.723684	95.6522	-0.151069
11	Gm11_21601745	21601745	21.6017	0.261538	67.595	0.723684	95.7274	-0.151121
11	Gm11_21628096	21628096	21.6281	0.261538	67.6331	0.723684	95.7882	-0.151153
11	Gm11_21641033	21641033	21.641	0.261538	67.6176	0.723684	95.7439	-0.151052
11	Gm11_21681129	21681129	21.6811	0.261538	67.599	0.723684	95.6997	-0.15097
11	Gm11_21681417	21681417	21.6814	0.261538	67.5464	0.736842	95.2665	-0.149338
11	Gm11_21708134	21708134	21.7081	0.261538	67.5221	0.723684	95.6903	-0.151422
11	Gm11_21721400	21721400	21.7214	0.276923	65.8077	0.723684	95.6509	-0.162413
11	Gm11_21792818	21792818	21.7928	0.261538	67.0308	0.723684	95.6115	-0.154235
11	Gm11_21794304	21794304	21.7943	0.261538	66.9516	0.723684	95.4181	-0.15387
11	Gm11_21794321	21794321	21.7943	0.261538	66.8406	0.723684	95.1478	-0.153358
11	Gm11_21806571	21806571	21.8066	0.261538	66.9243	0.723684	95.2505	-0.153283
11	Gm11_21813104	21813104	21.8131	0.261538	67.0017	0.723684	95.34	-0.15319
11	Gm11_21825150	21825150	21.8252	0.261538	66.975	0.723684	95.2116	-0.152777
11	Gm11_21829218	21829218	21.8292	0.215385	51.2147	0.0657895	93.7557	-0.262603
11	Gm11_21829498	21829498	21.8295	0.261538	53.7714	0.723684	93.5299	-0.240399
11	Gm11_21855889	21855889	21.8559	0.261538	53.7704	0.723684	93.3992	-0.2398
11	Gm11_21856161	21856161	21.8562	0.261538	53.764	0.723684	93.2685	-0.239243
11	Gm11_21873813	21873813	21.8738	0.261538	53.7521	0.723684	93.1378	-0.238731
11	Gm11_21875714	21875714	21.8757	0.2	51.4098	0.0526316	93.1584	-0.258176
11	Gm11_21875734	21875734	21.8757	0.261538	55.3054	0.723684	93.2347	-0.22681
11	Gm11_21902724	21902724	21.9027	0.261538	55.3889	0.723684	93.2685	-0.226312
11	Gm11_21902752	21902752	21.9028	0.261538	55.4043	0.723684	93.151	-0.225644
11	Gm11_21945305	21945305	21.9453	0.2	54.9917	0	93.6221	-0.231081
11	Gm11_21945324	21945324	21.9453	0.261538	55.9071	0.723684	93.1969	-0.221934
11	Gm11_21964879	21964879	21.9649	0.261538	55.9171	0.723684	93.0676	-0.221254
11	Gm11_21964966	21964966	21.965	0.261538	55.9272	0.723684	92.9383	-0.220572
11	Gm11_21976158	21976158	21.9762	0.261538	55.9768	0.723684	92.8969	-0.219993
11	Gm11_21976165	21976165	21.9762	0.261538	56.1099	0.723684	93.0407	-0.219634
11	Gm11_21989191	21989191	21.9892	0.261538	56.0653	0.723684	92.8283	-0.218986
11	Gm11_21994051	21994051	21.9941	0.261538	56.0753	0.723684	92.6989	-0.218303
11	Gm11_22010772	22010772	22.0108	0.261538	56.0853	0.723684	92.5696	-0.21762
11	Gm11_22011863	22011863	22.0119	0.261538	56.0268	0.723684	92.3361	-0.216976
11	Gm11_22012086	22012086	22.0121	0.261538	56.0826	0.723684	92.3416	-0.216569
11	Gm11_22016041	22016041	22.016	0.292308	54.7389	0.723684	92.1671	-0.22628
11	Gm11_22018066	22018066	22.0181	0.261538	55.8022	0.723684	92.0378	-0.217315
11	Gm11_22025314	22025314	22.0253	0.261538	55.8048	0.723684	91.8831	-0.216564
11	Gm11_22025354	22025354	22.0254	0.261538	55.8717	0.723684	91.8647	-0.215957
11	Gm11_22028918	22028918	22.0289	0.261538	55.9727	0.723684	91.9256	-0.21546
11	Gm11_22051544	22051544	22.0515	0.523077	52.3462	0.210526	91.3469	-0.241809
11	Gm11_22053660	22053660	22.0537	0.276923	68.277	0.723684	93.349	-0.135835
11	Gm11_22069569	22069569	22.0696	0.261538	69.1677	0.723684	93.2238	-0.129624
11	Gm11_22069747	22069747	22.0697	0.261538	69.3205	0.723684	93.0737	-0.127965
11	Gm11_22078405	22078405	22.0784	0.261538	69.5009	0.723684	92.9486	-0.126253
11	Gm11_22081893	22081893	22.0819	0.261538	69.6812	0.723684	92.8234	-0.124542
11	Gm11_22090361	22090361	22.0904	0.276923	68.5759	0.723684	92.6983	-0.1309
11	Gm11_22093921	22093921	22.0939	0.261538	70.61	0.723684	92.5732	-0.117619
11	Gm11_22101118	22101118	22.1011	0.261538	70.8085	0.723684	92.448	-0.115813
11	Gm11_22124878	22124878	22.1249	0.261538	71.0069	0.723684	92.3229	-0.114009
11	Gm11_22126356	22126356	22.1264	0.261538	71.2054	0.723684	92.1978	-0.112208
11	Gm11_22163859	22163859	22.1639	0.261538	71.4038	0.723684	92.0727	-0.110409
11	Gm11_22182120	22182120	22.1821	0.261538	71.6023	0.723684	91.9475	-0.108613
11	Gm11_22182141	22182141	22.1821	0.261538	71.8007	0.723684	91.8224	-0.10682
11	Gm11_22185282	22185282	22.1853	0.261538	72.0142	0.723684	91.734	-0.105113
11	Gm11_22186917	22186917	22.1869	0.261538	72.2126	0.723684	91.6089	-0.103325
11	Gm11_22198725	22198725	22.1987	0.261538	72.4111	0.723684	91.4838	-0.101539
11	Gm11_22217746	22217746	22.2177	0.261538	72.6095	0.723684	91.3238	-0.0995904
11	Gm11_22238647	22238647	22.2386	0.261538	72.7183	0.723684	91.0577	-0.0976729
11	Gm11_22250664	22250664	22.2507	0.261538	72.8958	0.723684	90.8577	-0.0956591
11	Gm11_22253515	22253515	22.2535	0.261538	73.0733	0.723684	90.6569	-0.0936424
11	Gm11_22289505	22289505	22.2895	0.261538	73.2507	0.723684	90.4554	-0.0916228
11	Gm11_22295647	22295647	22.2956	0.261538	73.4282	0.723684	90.254	-0.0896036
11	Gm11_22302744	22302744	22.3027	0.261538	73.6056	0.723684	90.0525	-0.0875848
11	Gm11_22318484	22318484	22.3185	0.0615385	72.7561	0.644737	80.5054	-0.0439557
11	Gm11_22335370	22335370	22.3354	0.261538	73.3078	0.723684	87.6269	-0.0774872
11	Gm11_22335637	22335637	22.3356	0.261538	73.392	0.723684	87.4899	-0.0763095
11	Gm11_22339874	22339874	22.3399	0.261538	73.5642	0.723684	87.4446	-0.0750666
11	Gm11_22342201	22342201	22.3422	0.261538	73.4359	0.710526	85.5675	-0.0664005
11	Gm11_22345125	22345125	22.3451	0.2	73.4051	0	87.8905	-0.0782158
11	Gm11_22345333	22345333	22.3453	0.0769231	68.0249	0.0131579	87.3466	-0.108578
11	Gm11_22350261	22350261	22.3503	0.261538	76.8335	0.723684	87.1505	-0.0547194
11	Gm11_22357020	22357020	22.357	0.261538	77.1324	0.710526	86.8759	-0.0516628
11	Gm11_22360134	22360134	22.3601	0.261538	77.4878	0.723684	88.6145	-0.0582712
11	Gm11_22370678	22370678	22.3707	0.276923	76.4649	0.723684	88.6284	-0.064111
11	Gm11_22377014	22377014	22.377	0.261538	78.7768	0.723684	88.6423	-0.051243
11	Gm11_22432127	22432127	22.4321	0.261538	79.0964	0.723684	88.6563	-0.0495528
11	Gm11_22432339	22432339	22.4323	0.261538	79.416	0.723684	88.6702	-0.0478697
11	Gm11_22451626	22451626	22.4516	0.2	79.6446	0	89.0867	-0.0486568
11	Gm11_22451825	22451825	22.4518	0.261538	80.228	0.723684	88.6981	-0.0435884
11	Gm11_22455996	22455996	22.456	0.261538	80.5347	0.723684	88.6817	-0.0418509
11	Gm11_22488408	22488408	22.4884	0.261538	80.8047	0.723684	88.6247	-0.0401181
11	Gm11_22511657	22511657	22.5117	0.261538	81.0509	0.723684	88.5552	-0.0384563
11	Gm11_22571777	22571777	22.5718	0.261538	81.4063	0.723684	88.7123	-0.0373259
11	Gm11_22571989	22571989	22.572	0.261538	81.652	0.723684	88.6405	-0.0356655
11	Gm11_22586030	22586030	22.586	0.261538	81.8304	0.736842	88.0708	-0.0319176
11	Gm11_22608121	22608121	22.6081	0.261538	81.942	0.723684	88.5913	-0.0338846
11	Gm11_22610429	22610429	22.6104	0.261538	82.052	0.723684	88.524	-0.0329723
11	Gm11_22614189	22614189	22.6142	0.261538	82.1602	0.723684	88.4568	-0.0320693
11	Gm11_22615535	22615535	22.6155	0.261538	82.361	0.723684	88.5813	-0.0316203
11	Gm11_22620348	22620348	22.6203	0.261538	82.4693	0.710526	86.9723	-0.0230887
11	Gm11_22641545	22641545	22.6415	0.261538	82.6107	0.723684	87.4711	-0.0248285
11	Gm11_22641868	22641868	22.6419	0.261538	82.719	0.723684	87.4223	-0.0240173
11	Gm11_22725351	22725351	22.7254	0.261538	82.8273	0.723684	87.3735	-0.0232066
11	Gm11_22772071	22772071	22.7721	0.261538	83.0864	0.723684	87.6258	-0.0231019
11	Gm11_22787306	22787306	22.7873	0.261538	83.2456	0.723684	87.6784	-0.0225317
11	Gm11_22787558	22787558	22.7876	0.0615385	83.2961	0.723684	87.6296	-0.0220262
11	Gm11_22791987	22791987	22.792	0.261538	84.8791	0.723684	87.5784	-0.0135963
11	Gm11_22801227	22801227	22.8012	0.261538	84.9945	0.723684	87.5247	-0.0127398
11	Gm11_22809861	22809861	22.8099	0.261538	85.1038	0.723684	87.5564	-0.0123389
11	Gm11_22810060	22810060	22.8101	0.261538	85.2112	0.723684	87.4982	-0.0115027
11	Gm11_22818119	22818119	22.8181	0.276923	83.7848	0.723684	87.4355	-0.0185223
11	Gm11_22820431	22820431	22.8204	0.261538	86.0097	0.723684	87.6274	-0.00809276
11	Gm11_22820809	22820809	22.8208	0.261538	85.9902	0.723684	87.463	-0.00737539
11	Gm11_22822384	22822384	22.8224	0.261538	86.0937	0.723684	87.4002	-0.00654124
11	Gm11_22822605	22822605	22.8226	0.261538	86.2898	0.723684	87.5461	-0.00627708
11	Gm11_22846106	22846106	22.8461	0.261538	86.3735	0.723684	87.4833	-0.00554457
11	Gm11_22848156	22848156	22.8482	0.261538	86.5018	0.723684	87.5235	-0.00509948
11	Gm11_22848332	22848332	22.8483	0.261538	86.5777	0.723684	87.4563	-0.00438491
11	Gm11_22848918	22848918	22.8489	0.261538	86.8037	0.723684	87.6919	-0.00442107
11	Gm11_22877214	22877214	22.8772	0.0615385	84.3739	0.105263	78.4791	0.0314537
11	Gm11_22912400	22912400	22.9124	0.261538	87.8836	0.723684	89.7264	-0.00901238
11	Gm11_22917363	22917363	22.9174	0.261538	87.9961	0.723684	89.855	-0.00907847
11	Gm11_26482655	26482655	26.4827	0.261538	65.6227	0.723684	94.3528	-0.157701
11	Gm11_26492567	26492567	26.4926	0.123077	56.8471	0.0526316	90.0721	-0.199882
11	Gm11_26492932	26492932	26.4929	0.0923077	58.7783	0.0131579	93.9934	-0.203881
11	Gm11_26540313	26540313	26.5403	0.261538	62.2027	0.723684	95.1041	-0.18439
11	Gm11_26540331	26540331	26.5403	0.261538	62.1054	0.723684	95.1651	-0.185349
11	Gm11_26540545	26540545	26.5405	0.261538	62.0026	0.723684	95.2261	-0.186346
11	Gm11_26555429	26555429	26.5554	0.261538	61.8943	0.723684	95.2871	-0.187384
11	Gm11_26567496	26567496	26.5675	0.261538	61.786	0.723684	95.3481	-0.188422
11	Gm11_26567523	26567523	26.5675	0.261538	61.7712	0.723684	95.4595	-0.189033
11	Gm11_26571566	26571566	26.5716	0.261538	61.663	0.723684	95.5205	-0.190072
11	Gm11_26755224	26755224	26.7552	0.261538	61.5547	0.723684	95.5814	-0.191113
11	Gm11_26811882	26811882	26.8119	0.261538	61.4464	0.723684	95.6424	-0.192154
11	Gm11_26811918	26811918	26.8119	0.261538	61.3379	0.723684	95.7034	-0.193199
11	Gm11_26813569	26813569	26.8136	0.261538	61.3297	0.723684	95.915	-0.194215
11	Gm11_26836540	26836540	26.8365	0.261538	61.132	0.723684	95.7103	-0.19469
11	Gm11_26836617	26836617	26.8366	0.261538	61.1263	0.723684	95.8461	-0.195346
11	Gm11_26836777	26836777	26.8368	0.261538	61.2136	0.723684	96.2057	-0.196353
11	Gm11_26847110	26847110	26.8471	0.276923	59.547	0.710526	94.9566	-0.202666
11	Gm11_26847339	26847339	26.8473	0.276923	59.453	0.710526	95.0009	-0.203554
11	Gm11_26861064	26861064	26.8611	0.692308	56.6648	0.289474	95.3592	-0.226049
11	Gm11_26873289	26873289	26.8733	0.107692	57.2587	0.723684	97.2134	-0.229885
11	Gm11_26873446	26873446	26.8734	0.107692	57.3086	0.723684	97.5101	-0.23083
11	Gm11_26873475	26873475	26.8735	0.107692	57.2499	0.723684	97.599	-0.231671
11	Gm11_26873509	26873509	26.8735	0.107692	57.1912	0.723684	97.6784	-0.232469
11	Gm11_26878616	26878616	26.8786	0.123077	57.0061	0.723684	97.7579	-0.23423
11	Gm11_26878661	26878661	26.8787	0.107692	57.6817	0.723684	97.8374	-0.229467
11	Gm11_26882890	26882890	26.8829	0.107692	57.6292	0.723684	97.9169	-0.230215
11	Gm11_26884753	26884753	26.8848	0.2	55.8045	0	98.3989	-0.246321
11	Gm11_26885027	26885027	26.885	0.107692	56.4579	0.723684	98.2608	-0.240656
11	Gm11_26892343	26892343	26.8923	0.107692	56.4048	0.723684	98.3386	-0.241408
11	Gm11_26892551	26892551	26.8926	0.107692	56.3523	0.723684	98.4181	-0.242163
11	Gm11_26941360	26941360	26.9414	0.2	55.7925	0	99.1385	-0.249667
11	Gm11_26980766	26980766	26.9808	0.2	55.74	0	99.2179	-0.250423
11	Gm11_26998551	26998551	26.9986	0.676923	54.451	0.236842	97.285	-0.25204
11	Gm11_27007488	27007488	27.0075	0.676923	54.4147	0.236842	97.3718	-0.252717
11	Gm11_27033932	27033932	27.0339	0.676923	54.3802	0.236842	97.4535	-0.253357
11	Gm11_27075467	27075467	27.0755	0.215385	43.9469	0.0657895	99.7358	-0.355923
11	Gm11_27105480	27105480	27.1055	0.230769	45.1083	0.0394737	100.477	-0.34781
11	Gm11_27106025	27106025	27.106	0.215385	45.1781	0.0394737	100.567	-0.347529
11	Gm11_27106445	27106445	27.1064	0.230769	45.2627	0.0394737	100.804	-0.347737
11	Gm11_27131815	27131815	27.1318	0.215385	45.4151	0.0394737	101.074	-0.347438
11	Gm11_27132125	27132125	27.1321	0.215385	45.4659	0.0394737	101.164	-0.34734
11	Gm11_27134630	27134630	27.1346	0.230769	45.3719	0.0394737	100.98	-0.347449
11	Gm11_27134645	27134645	27.1346	0.215385	45.4353	0.0394737	101.07	-0.347231
11	Gm11_27150971	27150971	27.151	0.230769	45.667	0.0394737	101.021	-0.34481
11	Gm11_27150994	27150994	27.151	0.446154	43.981	0.105263	100.214	-0.357661
11	Gm11_27151190	27151190	27.1512	0.230769	59.0799	0.0394737	102.429	-0.238982
11	Gm11_27171149	27171149	27.1711	0.815385	55.642	0.263158	99.8021	-0.253737
11	Gm11_27186430	27186430	27.1864	0.230769	73.1535	0.0394737	123.946	-0.228996
11	Gm11_27186663	27186663	27.1867	0.230769	73.347	0.0394737	123.947	-0.227853
11	Gm11_27211922	27211922	27.2119	0.230769	73.6351	0.0394737	124.067	-0.226571
11	Gm11_27212157	27212157	27.2122	0.230769	73.9137	0.0394737	124.184	-0.225339
11	Gm11_27213754	27213754	27.2138	0.230769	74.1827	0.0394737	124.3	-0.224169
11	Gm11_27332485	27332485	27.3325	0.230769	74.4518	0.0394737	124.417	-0.223005
11	Gm11_27338662	27338662	27.3387	0.230769	74.7208	0.0394737	124.534	-0.221845
11	Gm11_27338787	27338787	27.3388	0.230769	74.9899	0.0394737	124.651	-0.220692
11	Gm11_27344858	27344858	27.3449	0.230769	75.2589	0.0394737	124.767	-0.219543
11	Gm11_27345202	27345202	27.3452	0.230769	75.528	0.0394737	124.884	-0.218399
11	Gm11_27345327	27345327	27.3453	0.230769	75.7947	0.0394737	125.001	-0.217274
11	Gm11_27345347	27345347	27.3453	0.230769	76.0589	0.0394737	125.118	-0.216168
11	Gm11_27345684	27345684	27.3457	0.230769	76.3812	0.0394737	125.381	-0.215244
11	Gm11_27346797	27346797	27.3468	0.230769	76.7757	0.0394737	125.827	-0.214552
11	Gm11_27346816	27346816	27.3468	0.230769	77.0347	0.0394737	125.944	-0.213492
11	Gm11_27346829	27346829	27.3468	0.230769	77.2938	0.0394737	126.061	-0.212436
11	Gm11_27347716	27347716	27.3477	0.230769	77.5528	0.0394737	126.178	-0.211385
11	Gm11_27347723	27347723	27.3477	0.230769	77.8118	0.0394737	126.294	-0.210339
11	Gm11_27347728	27347728	27.3477	0.230769	78.0709	0.0394737	126.411	-0.209297
11	Gm11_27347911	27347911	27.3479	0.230769	78.4404	0.0394737	126.799	-0.208575
11	Gm11_27358222	27358222	27.3582	0.230769	78.6994	0.0394737	126.915	-0.207543
11	Gm11_27358371	27358371	27.3584	0.230769	79.0565	0.0394737	127.272	-0.206796
11	Gm11_27358424	27358424	27.3584	0.230769	79.3155	0.0394737	127.389	-0.205774
11	Gm11_27363083	27363083	27.3631	0.0923077	77.9423	0.0394737	127.714	-0.214467
11	Gm11_27363594	27363594	27.3636	0.230769	78.239	0.0394737	128.004	-0.213801
11	Gm11_27364681	27364681	27.3647	0.230769	78.5133	0.0394737	128.104	-0.212619
11	Gm11_27366757	27366757	27.3668	0.153846	78.3389	0.0394737	128.383	-0.21453
11	Gm11_27366768	27366768	27.3668	0.153846	78.6209	0.0394737	128.483	-0.213307
11	Gm11_27372376	27372376	27.3724	0.215385	79.3073	0.0394737	128.582	-0.209868
11	Gm11_27372381	27372381	27.3724	0.215385	79.5964	0.0394737	128.682	-0.208624
11	Gm11_27444243	27444243	27.4442	0.230769	80.1641	0.0394737	128.782	-0.205875
11	Gm11_27445579	27445579	27.4456	0.230769	80.4493	0.0394737	129.098	-0.205397
11	Gm11_27445823	27445823	27.4458	0.230769	80.6828	0.0394737	129.5	-0.205488
11	Gm11_27466755	27466755	27.4668	0.230769	80.8059	0.0394737	129.58	-0.205095
11	Gm11_27467033	27467033	27.467	0.230769	80.928	0.0394737	129.66	-0.204707
11	Gm11_27467070	27467070	27.4671	0.230769	81.0501	0.0394737	129.74	-0.204321
11	Gm11_27478336	27478336	27.4783	0.230769	80.9992	0.0394737	129.487	-0.203746
11	Gm11_27480198	27480198	27.4802	0.138462	81.0112	0	129.644	-0.204206
11	Gm11_27480209	27480209	27.4802	0.230769	81.1963	0.0394737	129.648	-0.203228
11	Gm11_27492628	27492628	27.4926	0.230769	81.3184	0.0394737	129.728	-0.202844
11	Gm11_27494163	27494163	27.4942	0.230769	81.4405	0.0394737	129.808	-0.20246
11	Gm11_27494204	27494204	27.4942	0.230769	81.5627	0.0394737	129.888	-0.202078
11	Gm11_27503198	27503198	27.5032	0.230769	81.6848	0.0394737	129.968	-0.201696
11	Gm11_27507192	27507192	27.5072	0.230769	81.8069	0.0394737	130.048	-0.201315
11	Gm11_27509465	27509465	27.5095	0.230769	81.929	0.0394737	130.129	-0.200935
11	Gm11_27509492	27509492	27.5095	0.230769	82.0511	0.0394737	130.209	-0.200555
11	Gm11_27509821	27509821	27.5098	0.0923077	81.9939	0.0394737	129.927	-0.199918
11	Gm11_27509828	27509828	27.5098	0.230769	81.9221	0.0394737	130.007	-0.200566
11	Gm11_27542624	27542624	27.5426	0.0923077	82.1962	0.0394737	130.087	-0.199383
11	Gm11_27542635	27542635	27.5426	0.230769	82.1919	0.0394737	130.167	-0.199674
11	Gm11_27542750	27542750	27.5428	0.230769	82.3035	0.0394737	130.248	-0.199352
11	Gm11_27544807	27544807	27.5448	0.138462	82.5067	0	130.404	-0.198802
11	Gm11_27549110	27549110	27.5491	0.230769	82.6298	0.0394737	130.408	-0.198168
11	Gm11_27549124	27549124	27.5491	0.230769	82.7414	0.0394737	130.488	-0.197848
11	Gm11_27549306	27549306	27.5493	0.230769	82.8449	0.0394737	130.55	-0.197512
11	Gm11_27559868	27559868	27.5599	0.230769	83.0454	0.0394737	130.877	-0.197548
11	Gm11_27560536	27560536	27.5605	0.230769	83.1312	0.0394737	130.903	-0.197185
11	Gm11_27560744	27560744	27.5607	0.246154	81.5107	0.0394737	130.929	-0.20582
11	Gm11_27561664	27561664	27.5617	0.0923077	83.4978	0.0394737	130.954	-0.195445
11	Gm11_27561696	27561696	27.5617	0.230769	83.428	0.0394737	130.98	-0.195894
11	Gm11_27595830	27595830	27.5958	0.230769	83.5363	0.0394737	131.006	-0.195416
11	Gm11_27595902	27595902	27.5959	0.0923077	83.8184	0.0394737	131.032	-0.194038
11	Gm11_27595922	27595922	27.5959	0.230769	83.9726	0.0394737	131.516	-0.194842
11	Gm11_27596171	27596171	27.5962	0.230769	84.1998	0.0394737	131.875	-0.194851
11	Gm11_27596632	27596632	27.5966	0.230769	84.2094	0.0394737	131.718	-0.194285
11	Gm11_27602412	27602412	27.6024	0.230769	84.1954	0.0394737	131.518	-0.193696
11	Gm11_27641166	27641166	27.6412	0.0923077	85.6086	0.0394737	131.61	-0.186771
11	Gm11_27671409	27671409	27.6714	0.0923077	85.7169	0.0394737	131.636	-0.186307
11	Gm11_27673926	27673926	27.6739	0.0923077	85.6509	0.0394737	131.339	-0.185662
11	Gm11_27673959	27673959	27.674	0.0923077	85.7592	0.0394737	131.365	-0.185199
11	Gm11_27674562	27674562	27.6746	0.0923077	85.8675	0.0394737	131.391	-0.184736
11	Gm11_27675188	27675188	27.6752	0.0923077	85.9729	0.0394737	131.407	-0.184258
11	Gm11_27675212	27675212	27.6752	0.0923077	86.0755	0.0394737	131.405	-0.183733
11	Gm11_27675243	27675243	27.6752	0.230769	84.8773	0.0394737	131.394	-0.189783
11	Gm11_27682792	27682792	27.6828	0.107692	75.1542	0.710526	105.52	-0.147383
11	Gm11_27685317	27685317	27.6853	0.230769	85.411	0.0394737	135.118	-0.1992
11	Gm11_27685336	27685336	27.6853	0.138462	86.0756	0	135.694	-0.197682
11	Gm11_27686543	27686543	27.6865	0.138462	86.2418	0	135.965	-0.19771
11	Gm11_27686561	27686561	27.6866	0.138462	86.2628	0	135.92	-0.197458
11	Gm11_27694648	27694648	27.6946	0.138462	86.4231	0	136.19	-0.197517
11	Gm11_27695972	27695972	27.696	0.230769	86.3069	0.0394737	136.156	-0.197991
11	Gm11_27716033	27716033	27.716	0.107692	86.5242	0.0394737	136.427	-0.197762
11	Gm11_27716081	27716081	27.7161	0.107692	86.6874	0.0394737	136.698	-0.197805
11	Gm11_27784794	27784794	27.7848	0.230769	86.8833	0.0394737	137.283	-0.19868
11	Gm11_27784809	27784809	27.7848	0.230769	87.1428	0.0394737	137.816	-0.199069
11	Gm11_27785899	27785899	27.7859	0.230769	87.3048	0.0394737	138.087	-0.199115
11	Gm11_27785961	27785961	27.786	0.230769	87.2369	0.0394737	137.846	-0.198693
11	Gm11_27786146	27786146	27.7861	0.230769	87.4459	0.0394737	138.246	-0.198914
11	Gm11_27787139	27787139	27.7871	0.230769	87.7094	0.0394737	138.793	-0.199323
11	Gm11_27788745	27788745	27.7887	0.230769	87.9362	0.0394737	139.242	-0.199602
11	Gm11_27788750	27788750	27.7888	0.230769	87.8287	0.0394737	138.911	-0.199102
11	Gm11_27788786	27788786	27.7888	0.230769	87.9666	0.0394737	139.117	-0.199063
11	Gm11_27789252	27789252	27.7893	0.123077	88.0595	0	139.447	-0.199633
11	Gm11_27789447	27789447	27.7894	0.230769	88.0273	0.0394737	139.512	-0.199993
11	Gm11_27830615	27830615	27.8306	0.123077	89.1867	0	140.139	-0.196259
11	Gm11_27830804	27830804	27.8308	0.123077	89.3016	0	140.28	-0.196136
11	Gm11_27857884	27857884	27.8579	0.123077	89.4166	0	140.421	-0.196013
11	Gm11_27867023	27867023	27.867	0.123077	89.4696	0	140.428	-0.195778
11	Gm11_27867049	27867049	27.867	0.123077	89.5078	0	140.558	-0.195996
11	Gm11_27869778	27869778	27.8698	0.123077	89.4691	0	140.678	-0.196554
11	Gm11_27869788	27869788	27.8698	0.123077	89.3807	0	140.78	-0.197297
11	Gm11_27895270	27895270	27.8953	0.230769	88.2134	0.0394737	140.402	-0.201837
11	Gm11_27895447	27895447	27.8954	0.107692	88.7125	0.0526316	139.538	-0.196708
11	Gm11_27895590	27895590	27.8956	0.107692	88.5569	0.0394737	141.885	-0.204715
11	Gm11_27895736	27895736	27.8957	0.107692	88.4014	0.0394737	141.979	-0.205764
11	Gm11_27898130	27898130	27.8981	0.123077	88.2063	0	142.614	-0.208663
11	Gm11_27901784	27901784	27.9018	0.107692	88.0746	0.0394737	142.631	-0.209364
11	Gm11_27908732	27908732	27.9087	0.123077	87.8952	0	142.801	-0.210766
11	Gm11_27908754	27908754	27.9088	0.107692	88.1452	0.0394737	142.818	-0.209584
11	Gm11_27912158	27912158	27.9122	0.107692	87.9897	0.0394737	142.911	-0.210635
11	Gm11_27913411	27913411	27.9134	0.107692	87.8342	0.0394737	143.005	-0.211687
11	Gm11_27913559	27913559	27.9136	0.230769	87.126	0.0394737	143.098	-0.215487
11	Gm11_27913707	27913707	27.9137	0.123077	87.0969	0	143.268	-0.216146
11	Gm11_27915130	27915130	27.9151	0.230769	86.7873	0.0394737	143.285	-0.217745
11	Gm11_27919613	27919613	27.9196	0.107692	86.7821	0.0394737	143.378	-0.218054
11	Gm11_27930368	27930368	27.9304	0.123077	86.4236	0	143.149	-0.219157
11	Gm11_27930977	27930977	27.931	0.107692	86.4689	0.0394737	143.166	-0.218981
11	Gm11_27934716	27934716	27.9347	0.107692	86.2996	0.0394737	143.26	-0.220116
11	Gm11_27944008	27944008	27.944	0.123077	85.9155	0	143.43	-0.222567
11	Gm11_27947896	27947896	27.9479	0.230769	85.6193	0.0394737	143.364	-0.223867
11	Gm11_27954624	27954624	27.9546	0.230769	85.3698	0.0394737	143.291	-0.224915
11	Gm11_27956771	27956771	27.9568	0.230769	85.1203	0.0394737	143.219	-0.225966
11	Gm11_27958301	27958301	27.9583	0.123077	85.1246	0	143.299	-0.226188
11	Gm11_27958320	27958320	27.9583	0.123077	84.8751	0	143.226	-0.227243
11	Gm11_27958358	27958358	27.9584	0.107692	84.8641	0.0394737	143.001	-0.226615
11	Gm11_27958507	27958507	27.9585	0.107692	84.6147	0.0394737	142.929	-0.227674
11	Gm11_27967987	27967987	27.968	0.107692	84.3652	0.0394737	142.856	-0.228736
11	Gm11_27987118	27987118	27.9871	0.230769	83.6234	0.0394737	142.784	-0.232351
11	Gm11_27987406	27987406	27.9874	0.230769	83.371	0.0394737	142.711	-0.233443
11	Gm11_27987432	27987432	27.9874	0.230769	83.1158	0.0394737	142.639	-0.234554
11	Gm11_27988307	27988307	27.9883	0.107692	83.426	0.0394737	142.97	-0.233944
11	Gm11_28007526	28007526	28.0075	0.230769	62.6456	0.0526316	137.039	-0.339953
11	Gm11_28007737	28007737	28.0077	0.123077	83.8539	0	144.716	-0.236994
11	Gm11_28010069	28010069	28.0101	0.107692	83.6168	0.0394737	144.234	-0.236773
11	Gm11_28010417	28010417	28.0104	0.230769	83.5765	0.0394737	144.193	-0.236861
11	Gm11_28010426	28010426	28.0104	0.230769	83.6366	0.0394737	144.153	-0.236427
11	Gm11_28062619	28062619	28.0626	0.230769	83.6967	0.0394737	144.112	-0.235993
11	Gm11_28063050	28063050	28.0631	0.230769	83.7568	0.0394737	144.072	-0.235559
11	Gm11_28063066	28063066	28.0631	0.123077	84.0605	0	144.184	-0.234326
11	Gm11_28063086	28063086	28.0631	0.123077	84.1206	0	144.144	-0.233893
11	Gm11_28063214	28063214	28.0632	0.107692	83.7804	0.0394737	143.573	-0.233932
11	Gm11_28063221	28063221	28.0632	0.230769	83.6764	0.0394737	143.533	-0.234349
11	Gm11_28067364	28067364	28.0674	0.107692	83.9006	0.0394737	143.492	-0.233064
11	Gm11_28070167	28070167	28.0702	0.230769	83.8233	0.0394737	143.452	-0.233342
11	Gm11_28070385	28070385	28.0704	0.230769	83.8834	0.0394737	143.412	-0.232908
11	Gm11_28074902	28074902	28.0749	0.123077	84.4461	0	143.625	-0.230652
11	Gm11_28135478	28135478	28.1355	0.123077	84.5062	0	143.585	-0.23022
11	Gm11_28135496	28135496	28.1355	0.123077	84.5663	0	143.544	-0.229789
11	Gm11_28135827	28135827	28.1358	0.123077	84.7359	0	143.715	-0.229434
11	Gm11_28139173	28139173	28.1392	0.230769	84.2667	0.0394737	143.42	-0.230954
11	Gm11_28157755	28157755	28.1578	0.123077	84.309	0	143.224	-0.230143
11	Gm11_28158007	28158007	28.158	0.230769	84.2289	0.0394737	143.107	-0.230201
11	Gm11_28161442	28161442	28.1614	0.123077	84.1646	0	142.755	-0.229462
11	Gm11_28163970	28163970	28.164	0.230769	84.0405	0.0394737	142.574	-0.229552
11	Gm11_28164747	28164747	28.1647	0.107692	84.2814	0.0394737	142.278	-0.227406
11	Gm11_28175367	28175367	28.1754	0.107692	84.3099	0.0394737	142.191	-0.226994
11	Gm11_28177704	28177704	28.1777	0.230769	84.0185	0.0394737	142.151	-0.228375
11	Gm11_28178054	28178054	28.1781	0.107692	84.0948	0	142.254	-0.228296
11	Gm11_28197228	28197228	28.1972	0.123077	84.3946	0	142.196	-0.226573
11	Gm11_28197239	28197239	28.1972	0.230769	84.1389	0.0394737	141.985	-0.227246
11	Gm11_28199913	28199913	28.1999	0.123077	84.4516	0	142.227	-0.226374
11	Gm11_28200095	28200095	28.2001	0.107692	84.7178	0.0394737	142.092	-0.224596
11	Gm11_28200109	28200109	28.2001	0.107692	84.5951	0.0394737	141.79	-0.2243
11	Gm11_28209395	28209395	28.2094	0.230769	84.2872	0.0394737	141.732	-0.225705
11	Gm11_28239591	28239591	28.2396	0.107692	84.4974	0.0394737	141.549	-0.224064
11	Gm11_28274010	28274010	28.274	0.107692	84.5475	0.0394737	141.491	-0.223628
11	Gm11_28274343	28274343	28.2743	0.230769	84.4921	0.0394737	141.694	-0.224535
11	Gm11_28277020	28277020	28.277	0.107692	84.8754	0.0394737	141.818	-0.222949
11	Gm11_28326630	28326630	28.3266	0.107692	84.6739	0.0394737	141.407	-0.222723
11	Gm11_28326790	28326790	28.3268	0.230769	84.4763	0.0394737	141.348	-0.223556
11	Gm11_28327593	28327593	28.3276	0.107692	84.6838	0.0394737	141.29	-0.22231
11	Gm11_28329652	28329652	28.3297	0.123077	84.7033	0	141.307	-0.222263
11	Gm11_28329693	28329693	28.3297	0.230769	84.6332	0.0394737	141.172	-0.222207
11	Gm11_28337949	28337949	28.3379	0.230769	84.6766	0.0394737	141.113	-0.221803
11	Gm11_28343765	28343765	28.3438	0.107692	84.8228	0.0394737	141.054	-0.220873
11	Gm11_28375161	28375161	28.3752	0.230769	84.6985	0.0394737	140.863	-0.220922
11	Gm11_28375188	28375188	28.3752	0.107692	84.8441	0.0394737	140.541	-0.219181
11	Gm11_28375213	28375213	28.3752	0.123077	84.8981	0	140.341	-0.218287
11	Gm11_28408195	28408195	28.4082	0.107692	84.641	0	140.019	-0.218605
11	Gm11_28408696	28408696	28.4087	0.107692	84.8159	0.0394737	139.574	-0.216326
11	Gm11_28408704	28408704	28.4087	0.123077	85.0556	0	139.435	-0.214669
11	Gm11_28409282	28409282	28.4093	0.123077	84.8615	0	138.867	-0.213888
11	Gm11_28411853	28411853	28.4119	0.123077	84.8405	0	138.545	-0.212986
11	Gm11_28412015	28412015	28.412	0.107692	84.5946	0.0394737	138.322	-0.213548
11	Gm11_28414016	28414016	28.414	0.123077	84.6635	0	138.128	-0.212585
11	Gm11_28414029	28414029	28.414	0.123077	84.6425	0	137.805	-0.211678
11	Gm11_28469158	28469158	28.4692	0.230769	84.3857	0.0394737	137.355	-0.211574
11	Gm11_28470264	28470264	28.4703	0.230769	84.3647	0.0394737	137.032	-0.210662
11	Gm11_28478855	28478855	28.4789	0.123077	84.4658	0	136.786	-0.209361
11	Gm11_28487708	28487708	28.4877	0.107692	84.3862	0.0394737	136.372	-0.208452
11	Gm11_28566942	28566942	28.5669	0.230769	84.217	0.0394737	135.832	-0.207603
11	Gm11_28568193	28568193	28.5682	0.276923	78.7613	0.118421	122.736	-0.192658
11	Gm11_28580513	28580513	28.5805	0.230769	83.9219	0.0394737	131.559	-0.195244
11	Gm11_28584788	28584788	28.5848	0.230769	83.9982	0.0394737	131.446	-0.194477
11	Gm11_28584848	28584848	28.5848	0.230769	84.2355	0.0394737	131.68	-0.194025
11	Gm11_28585108	28585108	28.5851	0.123077	84.3552	0	131.644	-0.193288
11	Gm11_28586104	28586104	28.5861	0.230769	84.3946	0.0394737	131.631	-0.193044
11	Gm11_28611039	28611039	28.611	0.230769	84.4618	0.0394737	131.509	-0.192295
11	Gm11_28611340	28611340	28.6113	0.123077	85.1501	0	131.686	-0.189354
11	Gm11_28611669	28611669	28.6117	0.123077	85.2083	0	131.554	-0.188624
11	Gm11_28632036	28632036	28.632	0.123077	85.2665	0	131.423	-0.187893
11	Gm11_28633073	28633073	28.6331	0.123077	85.3921	0	131.437	-0.187299
11	Gm11_28646138	28646138	28.6461	0.261538	81.1832	0.0657895	126.769	-0.193548
11	Gm11_28654306	28654306	28.6543	0.123077	84.9915	0	128.321	-0.178923
11	Gm11_28659817	28659817	28.6598	0.230769	84.9411	0.0394737	128.134	-0.178548
11	Gm11_28660102	28660102	28.6601	0.107692	85.6099	0.0394737	128.034	-0.174803
11	Gm11_28661595	28661595	28.6616	0.107692	85.733	0.0394737	127.934	-0.173839
11	Gm11_28674953	28674953	28.675	0.107692	85.856	0.0394737	127.834	-0.172877
11	Gm11_28692209	28692209	28.6922	0.123077	85.5736	0	127.811	-0.174227
11	Gm11_28692230	28692230	28.6922	0.230769	85.5565	0.0394737	127.634	-0.173714
11	Gm11_28692500	28692500	28.6925	0.123077	85.8231	0	127.611	-0.172282
11	Gm11_28710463	28710463	28.7105	0.246154	83.9584	0.0394737	127.434	-0.181222
11	Gm11_28718588	28718588	28.7186	0.107692	86.7272	0.0394737	127.334	-0.166789
11	Gm11_28718840	28718840	28.7188	0.107692	86.6407	0.0394737	126.92	-0.165807
11	Gm11_28719131	28719131	28.7191	0.107692	86.7967	0.0394737	126.82	-0.164683
11	Gm11_28770503	28770503	28.7705	0.107692	86.9526	0.0394737	126.72	-0.163561
11	Gm11_28771045	28771045	28.771	0.107692	87.1086	0.0394737	126.619	-0.162439
11	Gm11_28784544	28784544	28.7845	0.230769	86.5034	0.0394737	126.519	-0.165124
11	Gm11_28784681	28784681	28.7847	0.230769	86.6499	0.0394737	126.419	-0.164046
11	Gm11_28786726	28786726	28.7867	0.123077	74.622	0.736842	102.835	-0.139272
11	Gm11_28787013	28787013	28.787	0.107692	89.5354	0.0394737	133.411	-0.173195
11	Gm11_28787840	28787840	28.7878	0.123077	89.721	0	133.873	-0.173798
11	Gm11_28793793	28793793	28.7938	0.107692	90.3054	0.0394737	134.182	-0.171981
11	Gm11_28798073	28798073	28.7981	0.107692	90.6751	0.0394737	134.568	-0.171454
11	Gm11_28801535	28801535	28.8015	0.123077	90.8301	0	135.03	-0.172201
11	Gm11_28805443	28805443	28.8054	0.230769	91.0596	0.0394737	135.34	-0.1721
11	Gm11_28805693	28805693	28.8057	0.123077	91.5695	0	135.802	-0.171155
11	Gm11_28822899	28822899	28.8229	0.230769	91.561	0.0394737	135.699	-0.170866
11	Gm11_28822928	28822928	28.8229	0.230769	91.9307	0.0394737	136.085	-0.170349
11	Gm11_28840487	28840487	28.8405	0.123077	93.3096	0	136.956	-0.166656
11	Gm11_28852832	28852832	28.8528	0.123077	93.6793	0	137.342	-0.16616
11	Gm11_28866407	28866407	28.8664	0.123077	94.049	0	137.728	-0.165668
11	Gm11_28866526	28866526	28.8665	0.123077	94.3436	0	138.108	-0.165505
11	Gm11_28921440	28921440	28.9214	0.123077	94.5631	0	138.481	-0.165669
11	Gm11_28922647	28922647	28.9226	0.123077	94.7825	0	138.854	-0.165831
11	Gm11_28938931	28938931	28.9389	0.123077	95.0019	0	139.228	-0.165993
11	Gm11_28938943	28938943	28.9389	0.107692	94.7506	0.0394737	139.423	-0.167754
11	Gm11_28938957	28938957	28.939	0.107692	94.97	0.0394737	139.797	-0.16791
11	Gm11_28941389	28941389	28.9414	0.123077	94.9748	0	140.246	-0.169283
11	Gm11_28946400	28946400	28.9464	0.107692	95.146	0.0394737	140.543	-0.169419
11	Gm11_29028008	29028008	29.028	0.230769	95.2029	0.0394737	140.781	-0.169893
11	Gm11_29033776	29033776	29.0338	0.230769	95.4224	0.0394737	141.154	-0.170043
11	Gm11_29034645	29034645	29.0346	0.107692	96.3617	0.0394737	141.527	-0.166936
11	Gm11_29034666	29034666	29.0347	0.107692	96.5812	0.0394737	141.901	-0.167092
11	Gm11_29035823	29035823	29.0358	0.107692	96.8006	0.0394737	142.274	-0.167247
11	Gm11_29038442	29038442	29.0384	0.107692	97.02	0.0394737	142.647	-0.167402
11	Gm11_29038734	29038734	29.0387	0.123077	96.8714	0	143.432	-0.17045
11	Gm11_29038739	29038739	29.0387	0.230769	96.9506	0.0394737	143.729	-0.170993
11	Gm11_29043411	29043411	29.0434	0.123077	97.3103	0	144.178	-0.170741
11	Gm11_29043433	29043433	29.0434	0.230769	97.4201	0.0394737	144.475	-0.171145
11	Gm11_29080738	29080738	29.0807	0.230769	97.6396	0.0394737	144.849	-0.171288
11	Gm11_29081383	29081383	29.0814	0.230769	97.859	0.0394737	145.222	-0.171431
11	Gm11_29170890	29170890	29.1709	0.123077	98.1125	0	145.637	-0.171548
11	Gm11_29193852	29193852	29.1939	0.230769	98.2773	0.0394737	145.969	-0.171806
11	Gm11_29234772	29234772	29.2348	0.230769	98.4856	0.0394737	146.342	-0.171996
11	Gm11_29256813	29256813	29.2568	0.107692	98.8936	0.0394737	146.512	-0.170706
11	Gm11_29273002	29273002	29.273	0.107692	99.0906	0.0394737	146.885	-0.170946
11	Gm11_29278680	29278680	29.2787	0.230769	98.9415	0.0526316	145.345	-0.16702
11	Gm11_29279006	29279006	29.279	0.123077	99.2773	0	148.199	-0.173995
11	Gm11_29284805	29284805	29.2848	0.107692	99.4954	0.0394737	148.537	-0.174033
11	Gm11_29292342	29292342	29.2923	0.123077	99.6657	0	149.029	-0.174726
11	Gm11_29293133	29293133	29.2931	0.230769	99.7128	0.0394737	149.369	-0.175509
11	Gm11_29333705	29333705	29.3337	0.107692	100.029	0.0394737	149.785	-0.17534
11	Gm11_29333890	29333890	29.3339	0.123077	100.227	0	150.267	-0.175881
11	Gm11_29360844	29360844	29.3608	0.107692	100.56	0.0394737	150.767	-0.175881
11	Gm11_29368748	29368748	29.3687	0.107692	100.904	0	151.552	-0.17665
11	Gm11_29369390	29369390	29.3694	0.123077	100.772	0.0131579	151.853	-0.178084
11	Gm11_29372288	29372288	29.3723	0.123077	101.251	0	152.345	-0.177427
11	Gm11_29446422	29446422	29.4464	0.123077	101.456	0	152.748	-0.177697
11	Gm11_29446470	29446470	29.4465	0.107692	101.311	0.0394737	152.942	-0.17887
11	Gm11_29453672	29453672	29.4537	0.123077	101.672	0	153.394	-0.178607
11	Gm11_29454031	29454031	29.454	0.123077	101.772	0	153.739	-0.179157
11	Gm11_29473481	29473481	29.4735	0.123077	101.863	0	154.068	-0.179697
11	Gm11_29474355	29474355	29.4744	0.107692	101.843	0.0394737	154.184	-0.180108
11	Gm11_29474422	29474422	29.4744	0.107692	101.942	0.0394737	154.528	-0.180654
11	Gm11_29474837	29474837	29.4748	0.230769	101.808	0.0394737	155.047	-0.182681
11	Gm11_29475731	29475731	29.4757	0.107692	102.262	0.0394737	155.391	-0.181712
11	Gm11_29476574	29476574	29.4766	0.107692	102.262	0.0394737	155.546	-0.182146
11	Gm11_29478184	29478184	29.4782	0.230769	102.138	0.0394737	156.08	-0.18416
11	Gm11_29479506	29479506	29.4795	0.123077	102.607	0	156.548	-0.183472
11	Gm11_29501571	29501571	29.5016	0.123077	102.694	0	156.781	-0.183749
11	Gm11_29542866	29542866	29.5429	0.107692	102.766	0	157.014	-0.184088
11	Gm11_29543103	29543103	29.5431	0.107692	102.884	0.0394737	157.064	-0.183729
11	Gm11_29583177	29583177	29.5832	0.123077	102.928	0	157.354	-0.184347
11	Gm11_29589874	29589874	29.5899	0.107692	103.263	0.0394737	157.53	-0.183417
11	Gm11_29591026	29591026	29.591	0.107692	103.342	0.0394737	157.752	-0.183695
11	Gm11_29591546	29591546	29.5915	0.230769	103.196	0.0394737	158.082	-0.18522
11	Gm11_29604117	29604117	29.6041	0.230769	103.275	0.0394737	158.293	-0.185466
11	Gm11_29607710	29607710	29.6077	0.123077	103.888	0	158.773	-0.184209
11	Gm11_29628392	29628392	29.6284	0.123077	103.967	0	158.983	-0.184455
11	Gm11_29664799	29664799	29.6648	0.123077	104.299	0	159.554	-0.184627
11	Gm11_29664845	29664845	29.6648	0.123077	104.378	0	159.765	-0.184871
11	Gm11_29665059	29665059	29.6651	0.230769	103.925	0.0394737	159.667	-0.186497
11	Gm11_29670751	29670751	29.6708	0.230769	103.952	0.0394737	159.798	-0.186737
11	Gm11_29671009	29671009	29.671	0.230769	103.98	0.0394737	159.929	-0.186976
11	Gm11_29677517	29677517	29.6775	0.107692	104.317	0.0394737	160.06	-0.185927
11	Gm11_29690934	29690934	29.6909	0.107692	104.345	0.0394737	160.19	-0.186166
11	Gm11_29699428	29699428	29.6994	0.246154	102.074	0.0526316	158.265	-0.19047
11	Gm11_29699445	29699445	29.6994	0.246154	102.12	0.0526316	158.415	-0.190685
11	Gm11_29715039	29715039	29.715	0.123077	104.098	0	160.518	-0.18808
11	Gm11_29716534	29716534	29.7165	0.230769	104.049	0.0394737	160.62	-0.188561
11	Gm11_29716816	29716816	29.7168	0.230769	103.847	0.0394737	160.355	-0.188686
11	Gm11_29717278	29717278	29.7173	0.123077	103.655	0	159.995	-0.188517
11	Gm11_29725520	29725520	29.7255	0.230769	103.486	0.0394737	159.961	-0.189133
11	Gm11_29733141	29733141	29.7331	0.107692	103.319	0.0394737	159.532	-0.188671
11	Gm11_29734322	29734322	29.7343	0.123077	103.314	0	159.77	-0.189336
11	Gm11_29734518	29734518	29.7345	0.230769	103.174	0.0394737	159.84	-0.190114
11	Gm11_29735355	29735355	29.7354	0.123077	103.323	0	160.077	-0.190129
11	Gm11_29737379	29737379	29.7374	0.230769	103.191	0.0394737	160.161	-0.190915
11	Gm11_29738918	29738918	29.7389	0.123077	103.323	0	160.373	-0.190932
11	Gm11_29739040	29739040	29.739	0.107692	103.054	0.0394737	159.94	-0.190893
11	Gm11_29740637	29740637	29.7406	0.230769	102.563	0.0394737	159.526	-0.191841
11	Gm11_29740835	29740835	29.7408	0.123077	102.939	0	159.872	-0.191192
11	Gm11_29787200	29787200	29.7872	0.123077	102.557	0	159.392	-0.191503
11	Gm11_29787434	29787434	29.7874	0.123077	102.348	0	159.183	-0.191815
11	Gm11_29787481	29787481	29.7875	0.230769	102.147	0.0394737	159.323	-0.193055
11	Gm11_29789425	29789425	29.7894	0.123077	102.374	0	159.464	-0.192472
11	Gm11_29791554	29791554	29.7916	0.123077	102.291	0	159.452	-0.192792
11	Gm11_29791806	29791806	29.7918	0.246154	99.8175	0.0394737	159.287	-0.202975
11	Gm11_29792143	29792143	29.7921	0.230769	101.737	0.0394737	159.276	-0.19467
11	Gm11_29792168	29792168	29.7922	0.123077	101.728	0	159.18	-0.194448
11	Gm11_29794596	29794596	29.7946	0.230769	101.416	0.0394737	158.772	-0.194669
11	Gm11_29794862	29794862	29.7949	0.230769	101.217	0.0394737	158.44	-0.194613
11	Gm11_29794904	29794904	29.7949	0.123077	101.131	0	158.185	-0.194279
11	Gm11_29809634	29809634	29.8096	0.107692	101.243	0.0394737	157.484	-0.19187
11	Gm11_29809644	29809644	29.8096	0.107692	101.043	0.0394737	157.152	-0.191815
11	Gm11_29811629	29811629	29.8116	0.107692	100.841	0.0394737	156.82	-0.191765
11	Gm11_29849542	29849542	29.8495	0.107692	100.454	0.0394737	156.209	-0.191738
11	Gm11_29849920	29849920	29.8499	0.230769	99.6058	0.0394737	155.877	-0.194497
11	Gm11_29850146	29850146	29.8501	0.107692	100.448	0.0394737	155.542	-0.189907
11	Gm11_29850569	29850569	29.8506	0.107692	100.097	0.0394737	155.194	-0.190454
11	Gm11_29850744	29850744	29.8507	0.107692	99.7465	0.0394737	154.837	-0.190978
11	Gm11_29851003	29851003	29.851	0.107692	99.3959	0.0394737	154.48	-0.191505
11	Gm11_29851056	29851056	29.8511	0.107692	99.3158	0.0394737	154.468	-0.191819
11	Gm11_29851070	29851070	29.8511	0.107692	98.9652	0.0394737	154.111	-0.192351
11	Gm11_29853896	29853896	29.8539	0.230769	97.3762	0.0394737	153.393	-0.197352
11	Gm11_29857599	29857599	29.8576	0.230769	97.0237	0.0394737	153.036	-0.197915
11	Gm11_29858396	29858396	29.8584	0.107692	96.7547	0.0394737	152.545	-0.197726
11	Gm11_29868631	29868631	29.8686	0.123077	96.2498	0	151.945	-0.198287
11	Gm11_29868655	29868655	29.8687	0.107692	95.9063	0.0394737	151.512	-0.198599
11	Gm11_29892338	29892338	29.8923	0.230769	95.8521	0.0394737	151.814	-0.199711
11	Gm11_29892496	29892496	29.8925	0.230769	95.4995	0.0394737	151.457	-0.200289
11	Gm11_29900901	29900901	29.9009	0.123077	95.2626	0	151.177	-0.200562
11	Gm11_29900927	29900927	29.9009	0.230769	94.7698	0.0394737	150.743	-0.201568
11	Gm11_29901277	29901277	29.9013	0.123077	94.5575	0	150.463	-0.201733
11	Gm11_29901350	29901350	29.9014	0.230769	94.0647	0.0394737	150.03	-0.20275
11	Gm11_29901497	29901497	29.9015	0.107692	94.2579	0.0394737	149.673	-0.200824
11	Gm11_29901515	29901515	29.9015	0.107692	93.9054	0.0394737	149.316	-0.201415
11	Gm11_29913995	29913995	29.914	0.107692	93.5529	0.0394737	148.959	-0.202009
11	Gm11_29920705	29920705	29.9207	0.123077	92.7949	0	148.678	-0.204723
11	Gm11_29920921	29920921	29.9209	0.107692	93.4796	0.0394737	148.65	-0.201448
11	Gm11_29920968	29920968	29.921	0.107692	93.0613	0.0394737	148.129	-0.201872
11	Gm11_29921737	29921737	29.9217	0.107692	93.0166	0.0394737	148.134	-0.202096
11	Gm11_29925833	29925833	29.9258	0.107692	92.7363	0.0394737	147.89	-0.202689
11	Gm11_29926115	29926115	29.9261	0.138462	89.892	0	148.046	-0.216677
11	Gm11_29952173	29952173	29.9522	0.107692	89.5886	0.0394737	147.542	-0.216663
11	Gm11_29952392	29952392	29.9524	0.246154	89.016	0.0394737	146.969	-0.217757
11	Gm11_29954535	29954535	29.9545	0.107692	89.7077	0.0394737	146.61	-0.213335
11	Gm11_29956663	29956663	29.9567	0.107692	89.3776	0.0394737	146.24	-0.213837
11	Gm11_29959266	29959266	29.9593	0.107692	89.0474	0.0394737	145.857	-0.214305
11	Gm11_29965224	29965224	29.9652	0.107692	88.7173	0.0394737	145.474	-0.214776
11	Gm11_29965292	29965292	29.9653	0.107692	88.3872	0.0394737	145.091	-0.21525
11	Gm11_29965467	29965467	29.9655	0.138462	87.6118	0	145.316	-0.219752
11	Gm11_29965484	29965484	29.9655	0.138462	87.2817	0	144.933	-0.220245
11	Gm11_29973507	29973507	29.9735	0.276923	82.5997	0.0526316	142.179	-0.235857
11	Gm11_29988581	29988581	29.9886	0.107692	82.5314	0.0394737	141.843	-0.235187
11	Gm11_29988660	29988660	29.9887	0.261538	81.7713	0.0526316	141.463	-0.238042
11	Gm11_29990400	29990400	29.9904	0.276923	81.6698	0.0526316	140.937	-0.236963
11	Gm11_30019659	30019659	30.0197	0.138462	82.1856	0	141.441	-0.235778
11	Gm11_30019809	30019809	30.0198	0.138462	81.8937	0	141.072	-0.236192
11	Gm11_30043916	30043916	30.0439	0.138462	75.5254	0.0657895	135.866	-0.255017
11	Gm11_30044112	30044112	30.0441	0.0923077	75.4697	0.0394737	135.624	-0.254565
11	Gm11_30064480	30064480	30.0645	0.169231	75.0505	0.0131579	135.306	-0.255963
11	Gm11_30064512	30064512	30.0645	0.138462	74.7576	0	134.682	-0.255653
11	Gm11_30064521	30064521	30.0645	0.323077	74.0229	0.0789474	133.984	-0.257685
11	Gm11_30075274	30075274	30.0753	0.323077	73.6453	0.0789474	133.301	-0.257688
11	Gm11_30076879	30076879	30.0769	0.107692	80.1805	0.0394737	132.972	-0.219691
11	Gm11_30102844	30102844	30.1028	0.0769231	79.844	0.0394737	132.373	-0.219556
11	Gm11_30104602	30104602	30.1046	0.107692	79.5674	0.0394737	132.004	-0.219851
11	Gm11_30124681	30124681	30.1247	0.184615	79.0814	0.144737	120.472	-0.182811
11	Gm11_30132107	30132107	30.1321	0.123077	77.0302	0.105263	120.322	-0.193685
11	Gm11_30132356	30132356	30.1324	0.184615	78.4123	0.144737	120.36	-0.186098
11	Gm11_30140315	30140315	30.1403	0.123077	78.2849	0.105263	120.217	-0.186288
11	Gm11_30140351	30140351	30.1404	0.107692	78.2871	0.105263	120.237	-0.186349
11	Gm11_30142328	30142328	30.1423	0.0769231	78.02	0.0394737	120.036	-0.187106
11	Gm11_30142337	30142337	30.1423	0.184615	77.6408	0.157895	117.486	-0.179895
11	Gm11_30169729	30169729	30.1697	0.107692	78.2438	0.0394737	119.447	-0.183726
11	Gm11_30170115	30170115	30.1701	0.107692	78.0273	0.0394737	119.198	-0.184024
11	Gm11_30181928	30181928	30.1819	0.107692	77.8107	0.0394737	118.949	-0.184323
11	Gm11_30182250	30182250	30.1822	0.107692	77.467	0.0394737	118.412	-0.184278
11	Gm11_30182986	30182986	30.183	0.153846	77.1273	0.0657895	118.275	-0.185686
11	Gm11_30184009	30184009	30.184	0.153846	76.9107	0.0657895	118.026	-0.185992
11	Gm11_30184030	30184030	30.184	0.107692	76.7528	0.0394737	117.823	-0.186135
11	Gm11_30184392	30184392	30.1844	0.153846	76.4676	0.0657895	117.527	-0.186659
11	Gm11_30196790	30196790	30.1968	0.107692	76.3197	0.0394737	117.325	-0.186755
11	Gm11_30196800	30196800	30.1968	0.153846	76.0344	0.0657895	117.029	-0.187283
11	Gm11_30200258	30200258	30.2003	0.107692	75.9652	0.0394737	116.877	-0.187114
11	Gm11_30211600	30211600	30.2116	0.107692	75.7487	0.0394737	116.628	-0.187428
11	Gm11_30221850	30221850	30.2218	0.153846	75.3886	0.0657895	116.283	-0.18821
11	Gm11_30291970	30291970	30.292	0.169231	75.1133	0.144737	114.345	-0.1825
11	Gm11_30292189	30292189	30.2922	0.123077	74.9144	0.0394737	114.199	-0.183098
11	Gm11_30343733	30343733	30.3437	0.169231	74.6289	0.131579	113.784	-0.183175
11	Gm11_30477582	30477582	30.4776	0.0615385	76.5932	0.105263	113.835	-0.172084
11	Gm11_30501787	30501787	30.5018	0.0461538	76.371	0.105263	113.564	-0.172312
11	Gm11_30616030	30616030	30.616	0.0153846	79.0776	0.0921053	113.356	-0.156391
11	Gm11_30627435	30627435	30.6274	0.0153846	76.8873	0.0921053	112.908	-0.16687
11	Gm11_30647841	30647841	30.6478	0	76.65	0.0921053	112.438	-0.166402
11	Gm11_30648053	30648053	30.6481	0	76.4472	0.0921053	112.168	-0.166506
11	Gm11_30648209	30648209	30.6482	0.0307692	75.7292	0.131579	111.395	-0.167603
11	Gm11_30668938	30668938	30.6689	0.0153846	75.458	0.0921053	111.16	-0.168244
11	Gm11_30741508	30741508	30.7415	0.0923077	75.6975	0.131579	110.849	-0.165649
11	Gm11_30844133	30844133	30.8441	0.0153846	75.5858	0.0921053	110.618	-0.165385
11	Gm11_30859450	30859450	30.8594	0.0923077	76.2555	0.131579	110.346	-0.160486
11	Gm11_31032207	31032207	31.0322	0.261538	67.2936	0.723684	94.9525	-0.149533
11	Gm11_31063686	31063686	31.0637	0.261538	67.2011	0.723684	94.8623	-0.149717
11	Gm11_31065781	31065781	31.0658	0	67.4978	0.0789474	94.9672	-0.148284
11	Gm11_31066689	31066689	31.0667	0.261538	67.016	0.723684	96.3332	-0.157598
11	Gm11_31078924	31078924	31.0789	0.261538	66.9234	0.723684	96.2586	-0.157861
11	Gm11_31085487	31085487	31.0855	0.261538	66.8309	0.723684	96.184	-0.158126
11	Gm11_31090015	31090015	31.09	0.261538	66.6914	0.723684	96.0385	-0.158376
11	Gm11_31102386	31102386	31.1024	0.261538	66.5812	0.723684	95.964	-0.158757
11	Gm11_31122302	31122302	31.1223	0.261538	66.471	0.723684	95.8894	-0.159138
11	Gm11_31132173	31132173	31.1322	0.261538	66.3608	0.723684	95.8148	-0.159521
11	Gm11_31146931	31146931	31.1469	0.261538	66.2506	0.723684	95.7402	-0.159905
11	Gm11_31190464	31190464	31.1905	0.261538	66.1404	0.723684	95.6656	-0.160289
11	Gm11_31190814	31190814	31.1908	0.246154	65.6629	0.723684	95.591	-0.163097
11	Gm11_31208038	31208038	31.208	0.261538	65.7559	0.723684	95.5164	-0.162143
11	Gm11_31249438	31249438	31.2494	0.261538	65.8179	0.723684	95.6976	-0.162557
11	Gm11_31249451	31249451	31.2495	0.261538	65.7106	0.723684	95.623	-0.162927
11	Gm11_31250780	31250780	31.2508	0.215385	50.5294	0.0657895	94.9832	-0.274102
11	Gm11_31256287	31256287	31.2563	0.261538	55.2992	0.710526	93.8621	-0.229771
11	Gm11_31257163	31257163	31.2572	0.261538	55.3407	0.723684	94.52	-0.232479
11	Gm11_31257599	31257599	31.2576	0.261538	55.3822	0.723684	94.4765	-0.231953
11	Gm11_31291419	31291419	31.2914	0.261538	55.4237	0.723684	94.4329	-0.231428
11	Gm11_31300616	31300616	31.3006	0.261538	55.4652	0.723684	94.3893	-0.230902
11	Gm11_31367225	31367225	31.3672	0.184615	54.501	0	94.6075	-0.239521
11	Gm11_31367278	31367278	31.3673	0.261538	55.4944	0.723684	94.3022	-0.230273
11	Gm11_31394274	31394274	31.3943	0.261538	55.5388	0.723684	94.2586	-0.229725
11	Gm11_31446725	31446725	31.4467	0.261538	55.5831	0.723684	94.2151	-0.229177
11	Gm11_31446796	31446796	31.4468	0.261538	55.6275	0.723684	94.1715	-0.22863
11	Gm11_31446841	31446841	31.4468	0.261538	55.7042	0.723684	94.2082	-0.228201
11	Gm11_31456864	31456864	31.4569	0.261538	55.7485	0.723684	94.1646	-0.227654
11	Gm11_31456917	31456917	31.4569	0.261538	55.777	0.723684	94.0913	-0.227094
11	Gm11_31457109	31457109	31.4571	0.261538	55.7263	0.723684	93.8694	-0.226464
11	Gm11_31457117	31457117	31.4571	0.261538	55.7707	0.723684	93.8258	-0.225916
11	Gm11_31459234	31459234	31.4592	0.261538	55.815	0.723684	93.7822	-0.225369
11	Gm11_31459304	31459304	31.4593	0.261538	55.8594	0.723684	93.7387	-0.224823
11	Gm11_31469307	31469307	31.4693	0.261538	55.7417	0.723684	93.3911	-0.224125
11	Gm11_31469474	31469474	31.4695	0.261538	55.732	0.723684	93.249	-0.22354
11	Gm11_31469497	31469497	31.4695	0.261538	55.7726	0.723684	93.2054	-0.223021
11	Gm11_31486227	31486227	31.4862	0.261538	55.8131	0.723684	93.1619	-0.222502
11	Gm11_31515506	31515506	31.5155	0.184615	51.7291	0.0394737	92.6654	-0.253183
11	Gm11_31567095	31567095	31.5671	0.261538	54.8455	0.723684	92.7379	-0.228116
11	Gm11_31567120	31567120	31.5671	0.261538	54.7865	0.723684	92.4993	-0.227465
11	Gm11_31573798	31573798	31.5738	0.261538	54.8323	0.736842	92.2018	-0.225703
11	Gm11_31602785	31602785	31.6028	0.261538	54.9263	0.723684	92.7648	-0.227603
11	Gm11_31637109	31637109	31.6371	0.261538	54.9721	0.723684	92.7286	-0.227071
11	Gm11_31641457	31641457	31.6415	0.261538	55.0179	0.723684	92.6923	-0.22654
11	Gm11_31641484	31641484	31.6415	0.261538	55.0637	0.723684	92.6561	-0.226008
11	Gm11_31651948	31651948	31.6519	0.261538	55.1095	0.723684	92.6198	-0.225477
11	Gm11_31656763	31656763	31.6568	0.261538	55.1553	0.723684	92.5836	-0.224947
11	Gm11_31656813	31656813	31.6568	0.261538	55.2011	0.723684	92.5473	-0.224416
11	Gm11_31674295	31674295	31.6743	0.261538	55.2469	0.723684	92.5111	-0.223886
11	Gm11_31674353	31674353	31.6744	0.261538	55.2927	0.723684	92.4748	-0.223356
11	Gm11_31697032	31697032	31.697	0.261538	55.3385	0.723684	92.4386	-0.222826
11	Gm11_31697048	31697048	31.697	0.261538	55.2881	0.723684	92.2208	-0.222197
11	Gm11_31703673	31703673	31.7037	0.261538	55.2701	0.723684	92.0641	-0.2216
11	Gm11_31733314	31733314	31.7333	0.2	52.3544	0.0526316	92.1915	-0.245738
11	Gm11_31733512	31733512	31.7335	0.153846	54.5894	0	92.6856	-0.229904
11	Gm11_31751148	31751148	31.7511	0.261538	56.0811	0.710526	90.2798	-0.206774
11	Gm11_31769734	31769734	31.7697	0.246154	56.0133	0.657895	85.2859	-0.182586
11	Gm11_31769763	31769763	31.7698	0.0923077	51.734	0.0921053	85.1803	-0.216563
11	Gm11_31772638	31772638	31.7726	0.261538	58.1944	0.723684	93.5758	-0.206283
11	Gm11_31827296	31827296	31.8273	0.261538	58.3189	0.723684	93.6831	-0.205852
11	Gm11_31827444	31827444	31.8274	0.261538	58.2399	0.723684	93.419	-0.205214
11	Gm11_31889468	31889468	31.8895	0.261538	58.3644	0.723684	93.5264	-0.204786
11	Gm11_31905968	31905968	31.906	0.261538	58.4806	0.723684	93.6337	-0.20442
11	Gm11_31945093	31945093	31.9451	0.261538	58.6317	0.723684	93.8429	-0.204269
11	Gm11_31946897	31946897	31.9469	0.261538	58.7395	0.723684	93.9503	-0.203968
11	Gm11_32011647	32011647	32.0116	0.261538	58.8221	0.723684	94.0533	-0.203833
11	Gm11_32011902	32011902	32.0119	0.261538	58.8779	0.723684	94.1484	-0.203861
11	Gm11_32015012	32015012	32.015	0.261538	58.9278	0.723684	94.2436	-0.203932
11	Gm11_32023195	32023195	32.0232	0.261538	58.9716	0.723684	94.3387	-0.204047
11	Gm11_32046729	32046729	32.0467	0.261538	59.0155	0.723684	94.4339	-0.204162
11	Gm11_32059486	32059486	32.0595	0.261538	59.0594	0.723684	94.5291	-0.204276
11	Gm11_32078453	32078453	32.0785	0.261538	59.1033	0.723684	94.6242	-0.20439
11	Gm11_32115285	32115285	32.1153	0.261538	59.2013	0.723684	94.839	-0.204656
11	Gm11_32130579	32130579	32.1306	0.261538	59.2452	0.723684	94.9333	-0.204765
11	Gm11_32130617	32130617	32.1306	0.215385	55.3012	0.0526316	94.864	-0.234367
11	Gm11_32197890	32197890	32.1979	0.261538	67.9821	0.723684	96.1152	-0.150398
11	Gm11_32198056	32198056	32.1981	0.261538	68.026	0.723684	96.2086	-0.150539
11	Gm11_32200399	32200399	32.2004	0.261538	68.0699	0.723684	96.302	-0.15068
11	Gm11_32200630	32200630	32.2006	0.261538	68.1137	0.723684	96.3954	-0.150822
11	Gm11_32207621	32207621	32.2076	0.261538	68.1576	0.723684	96.4888	-0.150963
11	Gm11_32207796	32207796	32.2078	0.261538	68.2015	0.723684	96.5822	-0.151103
11	Gm11_32207831	32207831	32.2078	0.261538	68.2454	0.723684	96.6757	-0.151244
11	Gm11_32207887	32207887	32.2079	0.261538	68.2893	0.723684	96.7691	-0.151384
11	Gm11_32212493	32212493	32.2125	0.261538	68.3046	0.723684	96.7997	-0.151424
11	Gm11_32212757	32212757	32.2128	0.261538	68.3485	0.723684	96.8932	-0.151564
11	Gm11_32217707	32217707	32.2177	0.261538	68.5357	0.723684	97.3035	-0.152211
11	Gm11_32217768	32217768	32.2178	0.261538	68.4843	0.723684	97.1875	-0.15202
11	Gm11_32217993	32217993	32.218	0.261538	68.6509	0.723684	97.5523	-0.152591
11	Gm11_32218086	32218086	32.2181	0.276923	67.5527	0.723684	98.0228	-0.161685
11	Gm11_32218337	32218337	32.2183	0.276923	67.5237	0.723684	97.9568	-0.161578
11	Gm11_32241783	32241783	32.2418	0.261538	69.4094	0.723684	98.4159	-0.151647
11	Gm11_32275115	32275115	32.2751	0.261538	69.4528	0.723684	98.5093	-0.151788
11	Gm11_32311457	32311457	32.3115	0.261538	69.5004	0.723684	98.6116	-0.15194
11	Gm11_32323469	32323469	32.3235	0.261538	69.5153	0.723684	98.6454	-0.151996
11	Gm11_32359297	32359297	32.3593	0.2	68.5828	0	118.906	-0.238987
11	Gm11_32368651	32368651	32.3687	0.261538	68.612	0	119.005	-0.239166
11	Gm11_32368667	32368667	32.3687	0.261538	68.8085	0	119.401	-0.239366
11	Gm11_32376041	32376041	32.376	0.0615385	69.0673	0	119.434	-0.237855
11	Gm11_32376065	32376065	32.3761	0.261538	68.8367	0	119.499	-0.239545
11	Gm11_32376076	32376076	32.3761	0.261538	69.029	0	119.947	-0.239958
11	Gm11_32376106	32376106	32.3761	0.261538	69.0895	0	120.16	-0.240347
11	Gm11_32395725	32395725	32.3957	0.2	69.0757	0	120.208	-0.240609
11	Gm11_32401224	32401224	32.4012	0.261538	68.8848	0	119.987	-0.241011
11	Gm11_32413851	32413851	32.4139	0.261538	68.7583	0	119.817	-0.241194
11	Gm11_32413860	32413860	32.4139	0.0615385	68.796	0	119.502	-0.23981
11	Gm11_32437443	32437443	32.4374	0.261538	68.5262	0	119.532	-0.241628
11	Gm11_32448227	32448227	32.4482	0.261538	68.4838	0	119.563	-0.242009
11	Gm11_32457854	32457854	32.4579	0.0615385	68.5571	0	119.273	-0.240492
11	Gm11_32469484	32469484	32.4695	0.2	68.4001	0	119.304	-0.241599
11	Gm11_32488533	32488533	32.4885	0.2	68.3576	0	119.335	-0.24198
11	Gm11_32490360	32490360	32.4904	0.0615385	68.8266	0	119.531	-0.239724
11	Gm11_32490378	32490378	32.4904	0.0615385	68.6432	0	119.226	-0.239771
11	Gm11_32490387	32490387	32.4904	0.2	67.9231	0	118.841	-0.24295
11	Gm11_32491558	32491558	32.4916	0.261538	67.8783	0	118.866	-0.243327
11	Gm11_32494314	32494314	32.4943	0.261538	67.7906	0	118.895	-0.243995
11	Gm11_32512638	32512638	32.5126	0.261538	67.5783	0	118.544	-0.244072
11	Gm11_32518214	32518214	32.5182	0.0615385	67.7138	0	118.552	-0.243233
11	Gm11_32518251	32518251	32.5183	0.261538	67.3779	0	118.558	-0.245412
11	Gm11_32519361	32519361	32.5194	0.261538	67.2901	0	118.563	-0.245996
11	Gm11_32523929	32523929	32.5239	0.0615385	68.0205	0	118.387	-0.240663
11	Gm11_32523946	32523946	32.5239	0.0615385	67.9136	0	118.391	-0.241363
11	Gm11_32523979	32523979	32.524	0.0615385	67.8569	0	118.321	-0.241467
11	Gm11_32524755	32524755	32.5248	0.2	67.3939	0	118.09	-0.243594
11	Gm11_32524792	32524792	32.5248	0.2	67.2441	0	117.881	-0.243789
11	Gm11_32525021	32525021	32.525	0.2	67.2007	0	117.908	-0.24417
11	Gm11_32525402	32525402	32.5254	0.2	66.9957	0	117.626	-0.244458
11	Gm11_32526021	32526021	32.526	0.2	66.8611	0	117.631	-0.245349
11	Gm11_32526040	32526040	32.526	0.2	66.6422	0	117.293	-0.245523
11	Gm11_32547384	32547384	32.5474	0.2	66.5077	0	117.298	-0.246419
11	Gm11_32579506	32579506	32.5795	0.0615385	66.7191	0	116.999	-0.243932
11	Gm11_32580386	32580386	32.5804	0.0615385	66.5841	0	117.004	-0.24483
11	Gm11_32580412	32580412	32.5804	0.0615385	66.4486	0	117.009	-0.245732
11	Gm11_32580624	32580624	32.5806	0.0615385	66.2745	0	116.855	-0.246302
11	Gm11_32636678	32636678	32.6367	0.2	65.7193	0	116.86	-0.249974
11	Gm11_32661944	32661944	32.6619	0.184615	65.0297	0	116.484	-0.253155
11	Gm11_32681533	32681533	32.6815	0.2	65.0088	0	116.333	-0.252732
11	Gm11_32698229	32698229	32.6982	0.215385	51.9649	0.0526316	111.858	-0.332958
11	Gm11_32740898	32740898	32.7409	0.2	65.9581	0	113.384	-0.235284
11	Gm11_32742476	32742476	32.7425	0.2	66.0637	0	113.662	-0.235652
11	Gm11_32776588	32776588	32.7766	0.2	66.0131	0	113.65	-0.235938
11	Gm11_32781505	32781505	32.7815	0.2	65.9626	0	113.637	-0.236224
11	Gm11_32782267	32782267	32.7823	0.2	65.9899	0	113.77	-0.236551
11	Gm11_32782504	32782504	32.7825	0.2	66.0417	0	113.952	-0.236905
11	Gm11_32782550	32782550	32.7826	0.0615385	65.4127	0	113.54	-0.239487
11	Gm11_32783028	32783028	32.783	0.2	65.6993	0	113.283	-0.236602
11	Gm11_32783190	32783190	32.7832	0.2	65.5534	0	113.246	-0.237427
11	Gm11_32783293	32783293	32.7833	0.2	65.3422	0	112.937	-0.237644
11	Gm11_32783482	32783482	32.7835	0.2	65.1962	0	112.883	-0.238408
11	Gm11_32783906	32783906	32.7839	0.2	65.0502	0	112.829	-0.239173
11	Gm11_32785240	32785240	32.7852	0	65.2267	0.723684	94.8334	-0.162536
11	Gm11_32785263	32785263	32.7853	0.2	64.7637	0	103.05	-0.201718
11	Gm11_32817490	32817490	32.8175	0.2	64.6177	0	102.996	-0.20247
11	Gm11_32844216	32844216	32.8442	0.2	64.4718	0	102.942	-0.203225
11	Gm11_32844246	32844246	32.8442	0.307692	60.1217	0.0789474	100.247	-0.222041
11	Gm11_32856817	32856817	32.8568	0.307692	59.9931	0.0789474	100.214	-0.222828
11	Gm11_32879510	32879510	32.8795	0.292308	59.9646	0.0789474	100.181	-0.22289
11	Gm11_32879717	32879717	32.8797	0.292308	59.7286	0.0789474	99.7877	-0.222895
11	Gm11_32885859	32885859	32.8859	0.0615385	61.2493	0	101.798	-0.220636
11	Gm11_32885921	32885921	32.8859	0.2	61.1069	0	101.716	-0.221301
11	Gm11_32898453	32898453	32.8985	0.2	61.0758	0	101.939	-0.22247
11	Gm11_32959902	32959902	32.9599	0.2	60.8426	0	101.754	-0.223342
11	Gm11_32978232	32978232	32.9782	0.2	60.8247	0	102	-0.22452
11	Gm11_32978493	32978493	32.9785	0.169231	60.0861	0	101.873	-0.229285
11	Gm11_32979243	32979243	32.9792	0.0769231	60.489	0	102.015	-0.226988
11	Gm11_32995812	32995812	32.9958	0.2	60.4956	0	101.888	-0.226401
11	Gm11_32995821	32995821	32.9958	0.661538	54.7115	0.184211	97.6477	-0.251583
11	Gm11_32995861	32995861	32.9959	0.0769231	55.4271	0.815789	97.533	-0.245429
11	Gm11_32995972	32995972	32.996	0.2	55.0655	0	97.7209	-0.249108
11	Gm11_33009561	33009561	33.0096	0.0769231	55.3789	0.815789	97.3037	-0.244785
11	Gm11_33021711	33021711	33.0217	0.0769231	55.2582	0.815789	97.2699	-0.245582
11	Gm11_33029882	33029882	33.0299	0.2	59.7896	0	109.476	-0.262691
11	Gm11_33029899	33029899	33.0299	0.2	59.6389	0	109.397	-0.263475
11	Gm11_33030339	33030339	33.0303	0.2	59.5998	0	109.564	-0.264423
11	Gm11_33036496	33036496	33.0365	0.2	59.4491	0.0263158	108.559	-0.26152
11	Gm11_33036594	33036594	33.0366	0.0615385	58.9014	0	108.533	-0.265438
11	Gm11_33036866	33036866	33.0369	0.2	58.8079	0.0263158	108.782	-0.267121
11	Gm11_33043065	33043065	33.0431	0.2	58.6572	0	108.757	-0.268135
