chr	id	pos	freq	ihh12
17	Gm17_4045810	4045810	0.263158	0
17	Gm17_4085066	4085066	0.190789	0
17	Gm17_4104911	4104911	0.190789	0
17	Gm17_4105068	4105068	0.230263	0
17	Gm17_4106564	4106564	0.299342	0
17	Gm17_4139714	4139714	0.480263	0
17	Gm17_4139719	4139719	0.483553	0
17	Gm17_4194176	4194176	0.391447	0
17	Gm17_4195740	4195740	0.0657895	0
17	Gm17_4215125	4215125	0.391447	0
17	Gm17_4222671	4222671	0.0559211	0
17	Gm17_4228742	4228742	0.398026	0
17	Gm17_4228964	4228964	0.398026	0
17	Gm17_4297267	4297267	0.398026	0
17	Gm17_4297300	4297300	0.398026	0
17	Gm17_4304062	4304062	0.368421	0
17	Gm17_4304114	4304114	0.368421	0
17	Gm17_4308227	4308227	0.0756579	0
17	Gm17_4308499	4308499	0.0756579	0
17	Gm17_4382974	4382974	0.401316	0
17	Gm17_4383006	4383006	0.401316	0
17	Gm17_4383030	4383030	0.398026	0
17	Gm17_4402835	4402835	0.378289	0
17	Gm17_4436451	4436451	0.0526316	0
17	Gm17_4436654	4436654	0.0526316	0
17	Gm17_4439022	4439022	0.358553	0
17	Gm17_4459298	4459298	0.358553	0
17	Gm17_4479225	4479225	0.299342	0
17	Gm17_4541665	4541665	0.289474	0
17	Gm17_4544254	4544254	0.338816	0
17	Gm17_4546067	4546067	0.351974	0
17	Gm17_4546082	4546082	0.286184	0
17	Gm17_4546106	4546106	0.305921	0
17	Gm17_4570243	4570243	0.365132	0
17	Gm17_4570294	4570294	0.361842	0
17	Gm17_4574823	4574823	0.292763	0
17	Gm17_4574890	4574890	0.286184	0
17	Gm17_4601421	4601421	0.0888158	0
17	Gm17_4614778	4614778	0.342105	0
17	Gm17_4689974	4689974	0.358553	0
17	Gm17_4760411	4760411	0.128289	0
17	Gm17_4760721	4760721	0.128289	0
17	Gm17_4760756	4760756	0.128289	0
17	Gm17_4769567	4769567	0.131579	0
17	Gm17_4769597	4769597	0.207237	0
17	Gm17_4821631	4821631	0.361842	0
17	Gm17_4892423	4892423	0.358553	0
17	Gm17_4892461	4892461	0.358553	0
17	Gm17_4921599	4921599	0.358553	0
17	Gm17_4921895	4921895	0.355263	0
17	Gm17_4926729	4926729	0.368421	0
17	Gm17_4947764	4947764	0.197368	0
17	Gm17_4947968	4947968	0.355263	0
17	Gm17_4948004	4948004	0.365132	0
17	Gm17_4949890	4949890	0.217105	0
17	Gm17_4967328	4967328	0.210526	0
17	Gm17_5055238	5055238	0.141447	0
17	Gm17_5056922	5056922	0.375	0
17	Gm17_5070580	5070580	0.131579	0
17	Gm17_5078564	5078564	0.375	0
17	Gm17_5078835	5078835	0.375	0
17	Gm17_5135357	5135357	0.414474	0
17	Gm17_5141583	5141583	0.404605	0
17	Gm17_5141891	5141891	0.493421	0
17	Gm17_5141925	5141925	0.493421	0
17	Gm17_5179018	5179018	0.174342	0
17	Gm17_5183687	5183687	0.180921	0
17	Gm17_5208677	5208677	0.154605	0
17	Gm17_5208685	5208685	0.342105	0
17	Gm17_5208693	5208693	0.154605	0
17	Gm17_5208936	5208936	0.151316	0
17	Gm17_5249699	5249699	0.444079	0
17	Gm17_12776338	12776338	0.167763	0
17	Gm17_12776623	12776623	0.167763	0
17	Gm17_12837321	12837321	0.226974	0
17	Gm17_12842825	12842825	0.161184	0
17	Gm17_12843149	12843149	0.223684	0
17	Gm17_12875501	12875501	0.230263	0
17	Gm17_12875703	12875703	0.230263	0
17	Gm17_12888437	12888437	0.226974	0
17	Gm17_12892465	12892465	0.226974	0
17	Gm17_12892474	12892474	0.223684	0
17	Gm17_12892522	12892522	0.223684	0
17	Gm17_12893124	12893124	0.226974	0
17	Gm17_12934980	12934980	0.200658	0
17	Gm17_12948155	12948155	0.105263	0
17	Gm17_12948408	12948408	0.115132	0
17	Gm17_12978395	12978395	0.197368	0
17	Gm17_12991216	12991216	0.101974	0
17	Gm17_12991547	12991547	0.101974	0
17	Gm17_12991592	12991592	0.101974	0
17	Gm17_12991609	12991609	0.197368	0
17	Gm17_13019535	13019535	0.361842	0
17	Gm17_13019542	13019542	0.361842	0
17	Gm17_13019554	13019554	0.361842	0
17	Gm17_13053800	13053800	0.361842	0
17	Gm17_13088320	13088320	0.371711	0
17	Gm17_13098904	13098904	0.121711	0
17	Gm17_13098941	13098941	0.121711	0
17	Gm17_13100907	13100907	0.384868	0
17	Gm17_13114005	13114005	0.0986842	0
17	Gm17_13114137	13114137	0.365132	0
17	Gm17_13114162	13114162	0.365132	0
17	Gm17_13127082	13127082	0.375	0
17	Gm17_13127095	13127095	0.0986842	0
17	Gm17_13135156	13135156	0.368421	0
17	Gm17_13141374	13141374	0.375	0
17	Gm17_13141413	13141413	0.292763	0
17	Gm17_13172128	13172128	0.371711	0
17	Gm17_13209666	13209666	0.365132	0
17	Gm17_13209717	13209717	0.161184	0
17	Gm17_13209726	13209726	0.365132	0
17	Gm17_13209910	13209910	0.365132	0
17	Gm17_13247041	13247041	0.190789	0
17	Gm17_13247194	13247194	0.450658	0
17	Gm17_13247316	13247316	0.184211	0
17	Gm17_13254233	13254233	0.167763	0
17	Gm17_13264404	13264404	0.348684	0
17	Gm17_13264490	13264490	0.348684	0
17	Gm17_13264543	13264543	0.348684	0
17	Gm17_13275565	13275565	0.483553	0
17	Gm17_13290346	13290346	0.253289	0
17	Gm17_13382985	13382985	0.0986842	0
17	Gm17_13382991	13382991	0.101974	0
17	Gm17_13383030	13383030	0.101974	0
17	Gm17_13388734	13388734	0.121711	0
17	Gm17_13426556	13426556	0.0986842	0
17	Gm17_13426611	13426611	0.0986842	0
17	Gm17_13426882	13426882	0.0986842	0
17	Gm17_13433109	13433109	0.101974	0
17	Gm17_13433116	13433116	0.101974	0
17	Gm17_13433155	13433155	0.101974	0
17	Gm17_13437897	13437897	0.0657895	0
17	Gm17_13437902	13437902	0.164474	0
17	Gm17_13437926	13437926	0.0986842	0
17	Gm17_13437940	13437940	0.0986842	0
17	Gm17_13438099	13438099	0.0986842	0
17	Gm17_13438112	13438112	0.0986842	0
17	Gm17_13441932	13441932	0.164474	0
17	Gm17_13453719	13453719	0.0559211	0
17	Gm17_13453979	13453979	0.101974	0
17	Gm17_13454039	13454039	0.0559211	0
17	Gm17_13475330	13475330	0.118421	0
17	Gm17_13484919	13484919	0.144737	0
17	Gm17_13485136	13485136	0.210526	0
17	Gm17_13487432	13487432	0.0657895	0
17	Gm17_13487753	13487753	0.213816	0
17	Gm17_13502075	13502075	0.101974	0
17	Gm17_13514911	13514911	0.101974	0
17	Gm17_13516873	13516873	0.101974	0
17	Gm17_13516878	13516878	0.101974	0
17	Gm17_13516886	13516886	0.0986842	0
17	Gm17_13528488	13528488	0.220395	0
17	Gm17_13528498	13528498	0.128289	0
17	Gm17_13534174	13534174	0.125	0
17	Gm17_13655280	13655280	0.161184	0
17	Gm17_13655548	13655548	0.161184	0
17	Gm17_13655567	13655567	0.161184	0
17	Gm17_13658813	13658813	0.161184	0
17	Gm17_13658864	13658864	0.197368	0
17	Gm17_13748572	13748572	0.115132	0
17	Gm17_13874054	13874054	0.0592105	0
17	Gm17_13874268	13874268	0.470395	0
17	Gm17_13892726	13892726	0.476974	0
17	Gm17_13893011	13893011	0.467105	0
17	Gm17_13899925	13899925	0.0690789	0
17	Gm17_13905078	13905078	0.0592105	0
17	Gm17_13910898	13910898	0.0690789	0
17	Gm17_13911103	13911103	0.0690789	0
17	Gm17_13931777	13931777	0.105263	0
17	Gm17_13933359	13933359	0.0657895	0
17	Gm17_13962933	13962933	0.200658	0
17	Gm17_13962973	13962973	0.200658	0
17	Gm17_13980176	13980176	0.197368	0
17	Gm17_13980182	13980182	0.197368	0
17	Gm17_13999015	13999015	0.200658	0
17	Gm17_13999032	13999032	0.200658	0
17	Gm17_14025101	14025101	0.394737	0
17	Gm17_14025108	14025108	0.197368	0
17	Gm17_14025340	14025340	0.394737	0
17	Gm17_14060347	14060347	0.1875	0
17	Gm17_14060570	14060570	0.378289	0
17	Gm17_14066474	14066474	0.375	0
17	Gm17_14081980	14081980	0.1875	0
17	Gm17_14081985	14081985	0.1875	0
17	Gm17_14087198	14087198	0.1875	0
17	Gm17_14100261	14100261	0.1875	0
17	Gm17_14100284	14100284	0.1875	0
17	Gm17_14100425	14100425	0.470395	0
17	Gm17_14113205	14113205	0.0986842	0
17	Gm17_14127425	14127425	0.0953947	0
17	Gm17_14131664	14131664	0.0953947	0
17	Gm17_14131686	14131686	0.0953947	0
17	Gm17_14170947	14170947	0.194079	0
17	Gm17_14170975	14170975	0.194079	0
17	Gm17_14188739	14188739	0.194079	0
17	Gm17_14188775	14188775	0.194079	0
17	Gm17_14188999	14188999	0.194079	0
17	Gm17_14189007	14189007	0.194079	0
17	Gm17_14217482	14217482	0.207237	0
17	Gm17_14245006	14245006	0.217105	0
17	Gm17_14249835	14249835	0.210526	0
17	Gm17_14267614	14267614	0.217105	0
17	Gm17_14276305	14276305	0.217105	0
17	Gm17_14283556	14283556	0.220395	0
17	Gm17_14285606	14285606	0.197368	0
17	Gm17_14285721	14285721	0.194079	0
17	Gm17_14285745	14285745	0.194079	0
17	Gm17_14307325	14307325	0.210526	0
17	Gm17_14307356	14307356	0.210526	0
17	Gm17_14414534	14414534	0.25	0
17	Gm17_14487361	14487361	0.134868	0
17	Gm17_14487382	14487382	0.134868	0
17	Gm17_14487393	14487393	0.134868	0
17	Gm17_14487424	14487424	0.134868	0
17	Gm17_14487433	14487433	0.134868	0
17	Gm17_14487902	14487902	0.134868	0
17	Gm17_14487911	14487911	0.134868	0
17	Gm17_14497709	14497709	0.164474	0
17	Gm17_14517037	14517037	0.319079	0
17	Gm17_14526951	14526951	0.157895	0
17	Gm17_14527021	14527021	0.157895	0
17	Gm17_14527687	14527687	0.157895	0
17	Gm17_14545532	14545532	0.154605	0
17	Gm17_14545742	14545742	0.157895	0
17	Gm17_14546096	14546096	0.154605	0
17	Gm17_14546692	14546692	0.134868	0
17	Gm17_14551217	14551217	0.151316	0
17	Gm17_14561485	14561485	0.154605	0
17	Gm17_14561718	14561718	0.134868	0
17	Gm17_14562526	14562526	0.154605	0
17	Gm17_14563279	14563279	0.315789	0
17	Gm17_14563296	14563296	0.134868	0
17	Gm17_14565190	14565190	0.315789	0
17	Gm17_14565400	14565400	0.151316	0
17	Gm17_14569305	14569305	0.154605	0
17	Gm17_14571424	14571424	0.315789	0
17	Gm17_14571573	14571573	0.151316	0
17	Gm17_14572071	14572071	0.171053	0
17	Gm17_14572113	14572113	0.157895	0
17	Gm17_14572285	14572285	0.157895	0
17	Gm17_14572343	14572343	0.134868	0
17	Gm17_14574264	14574264	0.151316	0
17	Gm17_14574321	14574321	0.151316	0
17	Gm17_14574604	14574604	0.151316	0
17	Gm17_14577507	14577507	0.322368	0
17	Gm17_14579863	14579863	0.190789	0
17	Gm17_14580808	14580808	0.151316	0
17	Gm17_14580819	14580819	0.315789	0
17	Gm17_14580850	14580850	0.151316	0
17	Gm17_14581025	14581025	0.315789	0
17	Gm17_14581414	14581414	0.138158	0
17	Gm17_14583302	14583302	0.144737	0
17	Gm17_14584326	14584326	0.151316	0
17	Gm17_14584548	14584548	0.138158	0
17	Gm17_14584555	14584555	0.167763	0
17	Gm17_14586754	14586754	0.138158	0
17	Gm17_14587057	14587057	0.296053	0
17	Gm17_14591589	14591589	0.151316	0
17	Gm17_14601032	14601032	0.338816	0
17	Gm17_14601084	14601084	0.151316	0
17	Gm17_14601315	14601315	0.151316	0
17	Gm17_14612125	14612125	0.322368	0
17	Gm17_14624510	14624510	0.151316	0
17	Gm17_14624562	14624562	0.138158	0
17	Gm17_14626584	14626584	0.151316	0
17	Gm17_14656513	14656513	0.134868	0
17	Gm17_14695309	14695309	0.154605	0
17	Gm17_14711078	14711078	0.141447	0
17	Gm17_14711417	14711417	0.319079	0
17	Gm17_14711778	14711778	0.305921	0
17	Gm17_14711973	14711973	0.305921	0
17	Gm17_14723901	14723901	0.322368	0
17	Gm17_14731325	14731325	0.141447	0
17	Gm17_14731523	14731523	0.141447	0
17	Gm17_14734605	14734605	0.141447	0
17	Gm17_14738444	14738444	0.319079	0
17	Gm17_14754537	14754537	0.322368	0
17	Gm17_14791924	14791924	0.25	0
17	Gm17_14791953	14791953	0.138158	0
17	Gm17_14793343	14793343	0.105263	0
17	Gm17_14793386	14793386	0.134868	0
17	Gm17_14835522	14835522	0.108553	0
17	Gm17_14835571	14835571	0.292763	0
17	Gm17_14836987	14836987	0.184211	0
17	Gm17_14839413	14839413	0.108553	0
17	Gm17_14839463	14839463	0.108553	0
17	Gm17_14839630	14839630	0.289474	0
17	Gm17_14839925	14839925	0.108553	0
17	Gm17_14848640	14848640	0.0789474	0
17	Gm17_14890069	14890069	0.0789474	0
17	Gm17_14890088	14890088	0.0822368	0
17	Gm17_14917871	14917871	0.0986842	0
17	Gm17_14918113	14918113	0.0690789	0
17	Gm17_14943070	14943070	0.131579	0
17	Gm17_15098510	15098510	0.0789474	0
17	Gm17_15121018	15121018	0.0953947	0
17	Gm17_15123072	15123072	0.0756579	0
17	Gm17_15139847	15139847	0.0723684	0
17	Gm17_15171272	15171272	0.0789474	0
17	Gm17_15175896	15175896	0.0723684	0
17	Gm17_15175922	15175922	0.0723684	0
17	Gm17_15175939	15175939	0.0723684	0
17	Gm17_15175974	15175974	0.0789474	0
17	Gm17_15176202	15176202	0.0592105	0
17	Gm17_15178123	15178123	0.0723684	0
17	Gm17_15178166	15178166	0.0723684	0
17	Gm17_15178431	15178431	0.0723684	0
17	Gm17_15208478	15208478	0.0690789	0
17	Gm17_15213032	15213032	0.0789474	0
17	Gm17_15213162	15213162	0.0789474	0
17	Gm17_15213201	15213201	0.0789474	0
17	Gm17_15259070	15259070	0.0789474	0
17	Gm17_15269083	15269083	0.0526316	0
17	Gm17_15277773	15277773	0.0789474	0
17	Gm17_15278002	15278002	0.0789474	0
17	Gm17_15292719	15292719	0.0723684	0
17	Gm17_15299843	15299843	0.0723684	0
17	Gm17_15315291	15315291	0.0723684	0
17	Gm17_15324463	15324463	0.0723684	0
17	Gm17_15345151	15345151	0.0756579	0
17	Gm17_15345372	15345372	0.0756579	0
17	Gm17_15345920	15345920	0.0723684	0
17	Gm17_15346179	15346179	0.0723684	0
17	Gm17_15346512	15346512	0.0657895	0
17	Gm17_15346609	15346609	0.0756579	0
17	Gm17_15346923	15346923	0.0756579	0
17	Gm17_15346986	15346986	0.0723684	0
17	Gm17_15347221	15347221	0.0723684	0
17	Gm17_15350768	15350768	0.0723684	0
17	Gm17_15351031	15351031	0.0723684	0
17	Gm17_15351039	15351039	0.0723684	0
17	Gm17_15351551	15351551	0.0756579	0
17	Gm17_15351586	15351586	0.0723684	0
17	Gm17_15376140	15376140	0.0526316	0
17	Gm17_15400615	15400615	0.0526316	0
17	Gm17_15405156	15405156	0.177632	0
17	Gm17_15407796	15407796	0.180921	0
17	Gm17_15407830	15407830	0.177632	0
17	Gm17_15408193	15408193	0.0526316	0
17	Gm17_15408403	15408403	0.177632	0
17	Gm17_15408493	15408493	0.226974	0
17	Gm17_15408508	15408508	0.230263	0
17	Gm17_15408757	15408757	0.151316	0
17	Gm17_15412597	15412597	0.161184	0
17	Gm17_15412679	15412679	0.177632	0
17	Gm17_15422047	15422047	0.0723684	0
17	Gm17_15422053	15422053	0.0723684	0
17	Gm17_15428433	15428433	0.0526316	0
17	Gm17_15439929	15439929	0.233553	0
17	Gm17_15440244	15440244	0.0559211	0
17	Gm17_15455685	15455685	0.0559211	0
17	Gm17_15560752	15560752	0.0526316	0
17	Gm17_15560785	15560785	0.0559211	0
17	Gm17_15661173	15661173	0.0756579	0
17	Gm17_15708731	15708731	0.342105	0
17	Gm17_15717972	15717972	0.220395	0
17	Gm17_15718032	15718032	0.220395	0
17	Gm17_15718043	15718043	0.0822368	0
17	Gm17_15728572	15728572	0.138158	0
17	Gm17_15729370	15729370	0.138158	0
17	Gm17_15729389	15729389	0.138158	0
17	Gm17_15729622	15729622	0.138158	0
17	Gm17_15729642	15729642	0.138158	0
17	Gm17_15729674	15729674	0.138158	0
17	Gm17_15729699	15729699	0.138158	0
17	Gm17_15730366	15730366	0.138158	0
17	Gm17_15730378	15730378	0.138158	0
17	Gm17_15730663	15730663	0.141447	0
17	Gm17_15731157	15731157	0.190789	0
17	Gm17_15731390	15731390	0.276316	0
17	Gm17_15735071	15735071	0.138158	0
17	Gm17_15735085	15735085	0.138158	0
17	Gm17_15749204	15749204	0.194079	0
17	Gm17_15749459	15749459	0.0822368	0
17	Gm17_15749936	15749936	0.0592105	0
17	Gm17_15750110	15750110	0.141447	0
17	Gm17_15750463	15750463	0.0625	0
17	Gm17_15750774	15750774	0.138158	0
17	Gm17_15750814	15750814	0.0822368	0
17	Gm17_15775924	15775924	0.134868	0
17	Gm17_15782147	15782147	0.141447	0
17	Gm17_15782164	15782164	0.141447	0
17	Gm17_15782305	15782305	0.276316	0
17	Gm17_15796471	15796471	0.0822368	0
17	Gm17_15803956	15803956	0.177632	0
17	Gm17_15832414	15832414	0.0789474	0
17	Gm17_15833798	15833798	0.266447	0
17	Gm17_15833811	15833811	0.134868	0
17	Gm17_15833860	15833860	0.0789474	0
17	Gm17_15834701	15834701	0.0789474	0
17	Gm17_15835901	15835901	0.138158	0
17	Gm17_15835942	15835942	0.0789474	0
17	Gm17_15837438	15837438	0.0789474	0
17	Gm17_15837450	15837450	0.0789474	0
17	Gm17_15838735	15838735	0.0789474	0
17	Gm17_15845600	15845600	0.1875	0
17	Gm17_15845977	15845977	0.0822368	0
17	Gm17_15846155	15846155	0.184211	0
17	Gm17_15846179	15846179	0.0822368	0
17	Gm17_15849558	15849558	0.0789474	0
17	Gm17_15868436	15868436	0.180921	0
17	Gm17_15870664	15870664	0.180921	0
17	Gm17_15870724	15870724	0.0921053	0
17	Gm17_15890410	15890410	0.309211	0
17	Gm17_15900782	15900782	0.0592105	0
17	Gm17_15900966	15900966	0.151316	0
17	Gm17_15908910	15908910	0.157895	0
17	Gm17_15910309	15910309	0.154605	0
17	Gm17_15951230	15951230	0.0690789	0
17	Gm17_15960998	15960998	0.200658	0
17	Gm17_15961006	15961006	0.200658	0
17	Gm17_15976532	15976532	0.0822368	0
17	Gm17_15976558	15976558	0.217105	0
17	Gm17_15976854	15976854	0.220395	0
17	Gm17_15976878	15976878	0.220395	0
17	Gm17_15976883	15976883	0.217105	0
17	Gm17_15978639	15978639	0.220395	0
17	Gm17_15978653	15978653	0.220395	0
17	Gm17_16016770	16016770	0.220395	0
17	Gm17_16016810	16016810	0.220395	0
17	Gm17_16038333	16038333	0.220395	0
17	Gm17_16038346	16038346	0.220395	0
17	Gm17_16059979	16059979	0.220395	0
17	Gm17_16063179	16063179	0.220395	0
17	Gm17_16064872	16064872	0.220395	0
17	Gm17_16064890	16064890	0.220395	0
17	Gm17_16081962	16081962	0.0789474	0
17	Gm17_16083123	16083123	0.108553	0
17	Gm17_16123061	16123061	0.0789474	0
17	Gm17_16123076	16123076	0.0789474	0
17	Gm17_16123082	16123082	0.0789474	0
17	Gm17_16123104	16123104	0.0789474	0
17	Gm17_16159937	16159937	0.220395	0
17	Gm17_16171100	16171100	0.217105	0
17	Gm17_16171163	16171163	0.217105	0
17	Gm17_16171584	16171584	0.217105	0
17	Gm17_16171991	16171991	0.319079	0
17	Gm17_16172097	16172097	0.226974	0
17	Gm17_16172414	16172414	0.0789474	0
17	Gm17_16175088	16175088	0.0953947	0
17	Gm17_16178117	16178117	0.217105	0
17	Gm17_16178188	16178188	0.3125	0
17	Gm17_16178348	16178348	0.0953947	0
17	Gm17_16180206	16180206	0.220395	0
17	Gm17_16194673	16194673	0.296053	0
17	Gm17_16194715	16194715	0.292763	0
17	Gm17_16210534	16210534	0.0559211	0
17	Gm17_16214165	16214165	0.217105	0
17	Gm17_16214180	16214180	0.217105	0
17	Gm17_16224849	16224849	0.220395	0
17	Gm17_16224859	16224859	0.0855263	0
17	Gm17_16224870	16224870	0.223684	0
17	Gm17_16224881	16224881	0.319079	0
17	Gm17_16224891	16224891	0.220395	0
17	Gm17_16233039	16233039	0.220395	0
17	Gm17_16233290	16233290	0.220395	0
17	Gm17_16250464	16250464	0.315789	0
17	Gm17_16250672	16250672	0.217105	0
17	Gm17_16269538	16269538	0.217105	0
17	Gm17_16291901	16291901	0.322368	0
17	Gm17_16298868	16298868	0.322368	0
17	Gm17_16299178	16299178	0.322368	0
17	Gm17_16311401	16311401	0.220395	0
17	Gm17_16311640	16311640	0.322368	0
17	Gm17_16312733	16312733	0.0855263	0
17	Gm17_16314229	16314229	0.0953947	0
17	Gm17_16314435	16314435	0.322368	0
17	Gm17_16314459	16314459	0.0789474	0
17	Gm17_16314474	16314474	0.243421	0
17	Gm17_16315944	16315944	0.315789	0
17	Gm17_16345682	16345682	0.0822368	0
17	Gm17_16351895	16351895	0.236842	0
17	Gm17_16351971	16351971	0.236842	0
17	Gm17_16351985	16351985	0.315789	0
17	Gm17_16352000	16352000	0.233553	0
17	Gm17_16352176	16352176	0.233553	0
17	Gm17_16357638	16357638	0.233553	0
17	Gm17_16357862	16357862	0.233553	0
17	Gm17_16357949	16357949	0.233553	0
17	Gm17_16358160	16358160	0.236842	0
17	Gm17_16370744	16370744	0.3125	0
17	Gm17_16370804	16370804	0.233553	0
17	Gm17_16387765	16387765	0.315789	0
17	Gm17_16388526	16388526	0.236842	0
17	Gm17_16388569	16388569	0.236842	0
17	Gm17_16388762	16388762	0.319079	0
17	Gm17_16389409	16389409	0.236842	0
17	Gm17_16389414	16389414	0.236842	0
17	Gm17_16389537	16389537	0.0789474	0
17	Gm17_16389793	16389793	0.233553	0
17	Gm17_16399155	16399155	0.240132	0
17	Gm17_16409058	16409058	0.0789474	0
17	Gm17_16416928	16416928	0.3125	0
17	Gm17_16417729	16417729	0.230263	0
17	Gm17_16417738	16417738	0.3125	0
17	Gm17_16443560	16443560	0.233553	0
17	Gm17_16444780	16444780	0.236842	0
17	Gm17_16446019	16446019	0.0789474	0
17	Gm17_16453687	16453687	0.315789	0
17	Gm17_16476568	16476568	0.236842	0
17	Gm17_16476803	16476803	0.236842	0
17	Gm17_16477619	16477619	0.322368	0
17	Gm17_16503595	16503595	0.236842	0
17	Gm17_16503752	16503752	0.236842	0
17	Gm17_16528146	16528146	0.319079	0
17	Gm17_16535088	16535088	0.236842	0
17	Gm17_16540243	16540243	0.0855263	0
17	Gm17_16556723	16556723	0.236842	0
17	Gm17_16557072	16557072	0.236842	0
17	Gm17_16570585	16570585	0.233553	0
17	Gm17_16623155	16623155	0.230263	0
17	Gm17_16623509	16623509	0.3125	0
17	Gm17_16623729	16623729	0.233553	0
17	Gm17_16623875	16623875	0.233553	0
17	Gm17_16626841	16626841	0.315789	0
17	Gm17_16628756	16628756	0.233553	0
17	Gm17_16628778	16628778	0.217105	0
17	Gm17_16629125	16629125	0.3125	0
17	Gm17_16657691	16657691	0.3125	0
17	Gm17_16657885	16657885	0.233553	0
17	Gm17_16660069	16660069	0.3125	0
17	Gm17_16666279	16666279	0.236842	0
17	Gm17_16666459	16666459	0.236842	0
17	Gm17_16677844	16677844	0.233553	0
17	Gm17_16684350	16684350	0.328947	0
17	Gm17_16684611	16684611	0.236842	0
17	Gm17_16686022	16686022	0.236842	0
17	Gm17_16686333	16686333	0.236842	0
17	Gm17_16686629	16686629	0.0789474	0
17	Gm17_16686922	16686922	0.236842	0
17	Gm17_16692975	16692975	0.217105	0
17	Gm17_16714285	16714285	0.217105	0
17	Gm17_16714299	16714299	0.233553	0
17	Gm17_16716508	16716508	0.236842	0
17	Gm17_16716525	16716525	0.315789	0
17	Gm17_16716554	16716554	0.236842	0
17	Gm17_16721217	16721217	0.217105	0
17	Gm17_16721498	16721498	0.236842	0
17	Gm17_16722216	16722216	0.3125	0
17	Gm17_16722428	16722428	0.3125	0
17	Gm17_16733690	16733690	0.236842	0
17	Gm17_16779008	16779008	0.0789474	0
17	Gm17_16781446	16781446	0.0690789	0
17	Gm17_16781451	16781451	0.0822368	0
17	Gm17_16781475	16781475	0.315789	0
17	Gm17_16781692	16781692	0.233553	0
17	Gm17_16781752	16781752	0.315789	0
17	Gm17_16798720	16798720	0.233553	0
17	Gm17_16798740	16798740	0.233553	0
17	Gm17_16800098	16800098	0.315789	0
17	Gm17_16834127	16834127	0.0855263	0
17	Gm17_16834493	16834493	0.0592105	0
17	Gm17_16846844	16846844	0.233553	0
17	Gm17_16859013	16859013	0.315789	0
17	Gm17_16859052	16859052	0.233553	0
17	Gm17_16859189	16859189	0.233553	0
17	Gm17_16859209	16859209	0.233553	0
17	Gm17_16867034	16867034	0.0855263	0
17	Gm17_16882325	16882325	0.217105	0
17	Gm17_16884060	16884060	0.233553	0
17	Gm17_16884216	16884216	0.319079	0
17	Gm17_16886199	16886199	0.236842	0
17	Gm17_16887326	16887326	0.233553	0
17	Gm17_16887382	16887382	0.0822368	0
17	Gm17_16887584	16887584	0.315789	0
17	Gm17_16889294	16889294	0.315789	0
17	Gm17_16889623	16889623	0.315789	0
17	Gm17_16912682	16912682	0.230263	0
17	Gm17_16912817	16912817	0.236842	0
17	Gm17_16912871	16912871	0.236842	0
17	Gm17_16913404	16913404	0.230263	0
17	Gm17_16919489	16919489	0.233553	0
17	Gm17_16919711	16919711	0.496711	0
17	Gm17_16919759	16919759	0.319079	0
17	Gm17_16921961	16921961	0.233553	0
17	Gm17_16922009	16922009	0.233553	0
17	Gm17_16922283	16922283	0.233553	0
17	Gm17_16924832	16924832	0.233553	0
17	Gm17_16924894	16924894	0.233553	0
17	Gm17_16925179	16925179	0.233553	0
17	Gm17_16925236	16925236	0.0855263	0
17	Gm17_16925304	16925304	0.233553	0
17	Gm17_16925504	16925504	0.233553	0
17	Gm17_16926302	16926302	0.0855263	0
17	Gm17_16926597	16926597	0.233553	0
17	Gm17_16926605	16926605	0.233553	0
17	Gm17_16932173	16932173	0.233553	0
17	Gm17_16932768	16932768	0.0888158	0
17	Gm17_16932775	16932775	0.233553	0
17	Gm17_16949180	16949180	0.0855263	0
17	Gm17_16949187	16949187	0.0855263	0
17	Gm17_16973370	16973370	0.0855263	0
17	Gm17_16998749	16998749	0.0855263	0
17	Gm17_16998760	16998760	0.233553	0
17	Gm17_16998812	16998812	0.233553	0
17	Gm17_16999157	16999157	0.233553	0
17	Gm17_17010488	17010488	0.220395	0
17	Gm17_17014024	17014024	0.233553	0
17	Gm17_17025324	17025324	0.236842	0
17	Gm17_17025378	17025378	0.236842	0
17	Gm17_17025384	17025384	0.236842	0
17	Gm17_17035056	17035056	0.236842	0
17	Gm17_17035069	17035069	0.233553	0
17	Gm17_17038818	17038818	0.315789	0
17	Gm17_17043529	17043529	0.230263	0
17	Gm17_17043851	17043851	0.319079	0
17	Gm17_17043993	17043993	0.233553	0
17	Gm17_17044003	17044003	0.233553	0
17	Gm17_17044039	17044039	0.0822368	0
17	Gm17_17046966	17046966	0.0789474	0
17	Gm17_17117254	17117254	0.0822368	0
17	Gm17_17125492	17125492	0.315789	0
17	Gm17_17125676	17125676	0.0756579	0
17	Gm17_17125700	17125700	0.0822368	0
17	Gm17_17184089	17184089	0.233553	0
17	Gm17_17184095	17184095	0.233553	0
17	Gm17_17189205	17189205	0.233553	0
17	Gm17_17195982	17195982	0.233553	0
17	Gm17_17220160	17220160	0.197368	0
17	Gm17_17242518	17242518	0.322368	0
17	Gm17_17242532	17242532	0.0822368	0
17	Gm17_17249839	17249839	0.233553	0
17	Gm17_17251728	17251728	0.236842	0
17	Gm17_17253524	17253524	0.230263	0
17	Gm17_17259025	17259025	0.233553	0
17	Gm17_17259163	17259163	0.233553	0
17	Gm17_17291159	17291159	0.236842	0
17	Gm17_17291300	17291300	0.0855263	0
17	Gm17_17291308	17291308	0.0855263	0
17	Gm17_17292117	17292117	0.233553	0
17	Gm17_17292136	17292136	0.0789474	0
17	Gm17_17292193	17292193	0.233553	0
17	Gm17_17292345	17292345	0.233553	0
17	Gm17_17292357	17292357	0.0822368	0
17	Gm17_17299528	17299528	0.233553	0
17	Gm17_17299537	17299537	0.233553	0
17	Gm17_17299675	17299675	0.0789474	0
17	Gm17_17303355	17303355	0.233553	0
17	Gm17_17315527	17315527	0.0789474	0
17	Gm17_17315778	17315778	0.233553	0
17	Gm17_17330460	17330460	0.220395	0
17	Gm17_17330485	17330485	0.220395	0
17	Gm17_17330664	17330664	0.230263	0
17	Gm17_17330766	17330766	0.0855263	0
17	Gm17_17330827	17330827	0.233553	0
17	Gm17_17332421	17332421	0.233553	0
17	Gm17_17333736	17333736	0.0592105	0
17	Gm17_17334128	17334128	0.233553	0
17	Gm17_17351918	17351918	0.233553	0
17	Gm17_17352137	17352137	0.233553	0
17	Gm17_17354582	17354582	0.3125	0
17	Gm17_17361442	17361442	0.236842	0
17	Gm17_17391601	17391601	0.315789	0
17	Gm17_17395073	17395073	0.0855263	0
17	Gm17_17396005	17396005	0.319079	0
17	Gm17_17398849	17398849	0.240132	0
17	Gm17_17399132	17399132	0.319079	0
17	Gm17_17399160	17399160	0.0855263	0
17	Gm17_17399177	17399177	0.236842	0
17	Gm17_17432023	17432023	0.0789474	0
17	Gm17_17432050	17432050	0.0822368	0
17	Gm17_17432870	17432870	0.233553	0
17	Gm17_17436678	17436678	0.230263	0
17	Gm17_17436860	17436860	0.230263	0
17	Gm17_17437004	17437004	0.0822368	0
17	Gm17_17437019	17437019	0.319079	0
17	Gm17_17437183	17437183	0.0789474	0
17	Gm17_17437210	17437210	0.0822368	0
17	Gm17_17438269	17438269	0.0690789	0
17	Gm17_17439547	17439547	0.233553	0
17	Gm17_17447123	17447123	0.0822368	0
17	Gm17_17447410	17447410	0.0822368	0
17	Gm17_17453374	17453374	0.0789474	0
17	Gm17_17453412	17453412	0.0822368	0
17	Gm17_17453428	17453428	0.0789474	0
17	Gm17_17453544	17453544	0.236842	0
17	Gm17_17456805	17456805	0.230263	0
17	Gm17_17458245	17458245	0.233553	0
17	Gm17_17458495	17458495	0.233553	0
17	Gm17_17491288	17491288	0.233553	0
17	Gm17_17491525	17491525	0.233553	0
17	Gm17_17494682	17494682	0.3125	0
17	Gm17_17495112	17495112	0.315789	0
17	Gm17_17505016	17505016	0.233553	0
17	Gm17_17518984	17518984	0.0789474	0
17	Gm17_17519006	17519006	0.233553	0
17	Gm17_17519016	17519016	0.233553	0
17	Gm17_17535215	17535215	0.236842	0
17	Gm17_17539539	17539539	0.233553	0
17	Gm17_17590946	17590946	0.0789474	0
17	Gm17_17600257	17600257	0.0822368	0
17	Gm17_17612829	17612829	0.236842	0
17	Gm17_17621209	17621209	0.325658	0
17	Gm17_17622548	17622548	0.3125	0
17	Gm17_17637214	17637214	0.0789474	0
17	Gm17_17652129	17652129	0.233553	0
17	Gm17_17652135	17652135	0.233553	0
17	Gm17_17652295	17652295	0.233553	0
17	Gm17_17678265	17678265	0.233553	0
17	Gm17_17686872	17686872	0.319079	0
17	Gm17_17690734	17690734	0.3125	0
17	Gm17_17691220	17691220	0.0789474	0
17	Gm17_17691374	17691374	0.0789474	0
17	Gm17_17691440	17691440	0.233553	0
17	Gm17_17696248	17696248	0.240132	0
17	Gm17_17718990	17718990	0.233553	0
17	Gm17_17718999	17718999	0.0822368	0
17	Gm17_17719046	17719046	0.0789474	0
17	Gm17_17726069	17726069	0.230263	0
17	Gm17_17726342	17726342	0.0855263	0
17	Gm17_17726388	17726388	0.230263	0
17	Gm17_17735804	17735804	0.236842	0
17	Gm17_17736737	17736737	0.236842	0
17	Gm17_17738838	17738838	0.0855263	0
17	Gm17_17738963	17738963	0.315789	0
17	Gm17_17739195	17739195	0.236842	0
17	Gm17_17739233	17739233	0.0789474	0
17	Gm17_17739580	17739580	0.236842	0
17	Gm17_17752207	17752207	0.236842	0
17	Gm17_17752456	17752456	0.236842	0
17	Gm17_17752463	17752463	0.0822368	0
17	Gm17_17752561	17752561	0.0822368	0
17	Gm17_17752583	17752583	0.236842	0
17	Gm17_17752890	17752890	0.319079	0
17	Gm17_17764127	17764127	0.0822368	0
17	Gm17_17764323	17764323	0.236842	0
17	Gm17_17785291	17785291	0.236842	0
17	Gm17_17785657	17785657	0.236842	0
17	Gm17_17785897	17785897	0.236842	0
17	Gm17_17786908	17786908	0.0789474	0
17	Gm17_17787065	17787065	0.3125	0
17	Gm17_17787130	17787130	0.0756579	0
17	Gm17_17791438	17791438	0.325658	0
17	Gm17_17816881	17816881	0.233553	0
17	Gm17_17819454	17819454	0.233553	0
17	Gm17_17825126	17825126	0.217105	0
17	Gm17_17825136	17825136	0.0789474	0
17	Gm17_17827209	17827209	0.233553	0
17	Gm17_17827391	17827391	0.0789474	0
17	Gm17_17829964	17829964	0.236842	0
17	Gm17_17830094	17830094	0.230263	0
17	Gm17_17830416	17830416	0.0723684	0
17	Gm17_17835141	17835141	0.0789474	0
17	Gm17_17835411	17835411	0.0789474	0
17	Gm17_17836073	17836073	0.217105	0
17	Gm17_17836105	17836105	0.217105	0
17	Gm17_17836272	17836272	0.217105	0
17	Gm17_17837522	17837522	0.3125	0
17	Gm17_17837818	17837818	0.315789	0
17	Gm17_17839070	17839070	0.233553	0
17	Gm17_17839078	17839078	0.319079	0
17	Gm17_17839368	17839368	0.233553	0
17	Gm17_17861704	17861704	0.233553	0
17	Gm17_17861740	17861740	0.233553	0
17	Gm17_17861933	17861933	0.0789474	0
17	Gm17_17863078	17863078	0.233553	0
17	Gm17_17864511	17864511	0.233553	0
17	Gm17_17864823	17864823	0.0789474	0
17	Gm17_17864840	17864840	0.233553	0
17	Gm17_17865121	17865121	0.233553	0
17	Gm17_17877517	17877517	0.217105	0
17	Gm17_17877749	17877749	0.315789	0
17	Gm17_17878382	17878382	0.233553	0
17	Gm17_17881127	17881127	0.0789474	0
17	Gm17_17881393	17881393	0.233553	0
17	Gm17_17882621	17882621	0.0789474	0
17	Gm17_17884993	17884993	0.223684	0
17	Gm17_17885016	17885016	0.233553	0
17	Gm17_17910395	17910395	0.0822368	0
17	Gm17_17914005	17914005	0.233553	0
17	Gm17_17914240	17914240	0.315789	0
17	Gm17_17914324	17914324	0.319079	0
17	Gm17_17914361	17914361	0.236842	0
17	Gm17_17915145	17915145	0.213816	0
17	Gm17_17915558	17915558	0.233553	0
17	Gm17_17919463	17919463	0.0789474	0
17	Gm17_17919657	17919657	0.233553	0
17	Gm17_17919679	17919679	0.233553	0
17	Gm17_17919707	17919707	0.3125	0
17	Gm17_17919957	17919957	0.233553	0
17	Gm17_17922851	17922851	0.233553	0
17	Gm17_17922946	17922946	0.3125	0
17	Gm17_17954430	17954430	0.315789	0
17	Gm17_17954547	17954547	0.0789474	0
17	Gm17_17954555	17954555	0.0789474	0
17	Gm17_17968686	17968686	0.233553	0
17	Gm17_17968912	17968912	0.217105	0
17	Gm17_18005220	18005220	0.0789474	0
17	Gm17_18016565	18016565	0.233553	0
17	Gm17_18042380	18042380	0.233553	0
17	Gm17_18042631	18042631	0.0789474	0
17	Gm17_18042651	18042651	0.233553	0
17	Gm17_18083700	18083700	0.233553	0
17	Gm17_18083881	18083881	0.233553	0
17	Gm17_18086835	18086835	0.322368	0
17	Gm17_18086877	18086877	0.319079	0
17	Gm17_18086935	18086935	0.319079	0
17	Gm17_18086947	18086947	0.315789	0
17	Gm17_18086991	18086991	0.315789	0
17	Gm17_18090001	18090001	0.230263	0
17	Gm17_18090018	18090018	0.315789	0
17	Gm17_18090377	18090377	0.0855263	0
17	Gm17_18103962	18103962	0.233553	0
17	Gm17_18104150	18104150	0.3125	0
17	Gm17_18108562	18108562	0.0822368	0
17	Gm17_18109101	18109101	0.233553	0
17	Gm17_18119281	18119281	0.233553	0
17	Gm17_18119527	18119527	0.315789	0
17	Gm17_18119910	18119910	0.3125	0
17	Gm17_18130070	18130070	0.233553	0
17	Gm17_18130317	18130317	0.0789474	0
17	Gm17_18131491	18131491	0.233553	0
17	Gm17_18131529	18131529	0.233553	0
17	Gm17_18132311	18132311	0.233553	0
17	Gm17_18132325	18132325	0.233553	0
17	Gm17_18133064	18133064	0.233553	0
17	Gm17_18133351	18133351	0.233553	0
17	Gm17_18139757	18139757	0.233553	0
17	Gm17_18139771	18139771	0.0789474	0
17	Gm17_18152037	18152037	0.315789	0
17	Gm17_18177954	18177954	0.319079	0
17	Gm17_18177994	18177994	0.233553	0
17	Gm17_18181860	18181860	0.233553	0
17	Gm17_18181870	18181870	0.233553	0
17	Gm17_18193592	18193592	0.233553	0
17	Gm17_18202459	18202459	0.236842	0
17	Gm17_18202676	18202676	0.236842	0
17	Gm17_18233355	18233355	0.322368	0
17	Gm17_18243851	18243851	0.0822368	0
17	Gm17_18244166	18244166	0.0789474	0
17	Gm17_18244493	18244493	0.0789474	0
17	Gm17_18270146	18270146	0.233553	0
17	Gm17_18270459	18270459	0.0822368	0
17	Gm17_18270514	18270514	0.0822368	0
17	Gm17_18271175	18271175	0.0822368	0
17	Gm17_18271189	18271189	0.0822368	0
17	Gm17_18292543	18292543	0.0822368	0
17	Gm17_18292773	18292773	0.0822368	0
17	Gm17_18295504	18295504	0.0822368	0
17	Gm17_18295530	18295530	0.3125	0
17	Gm17_18295538	18295538	0.0789474	0
17	Gm17_18295779	18295779	0.0822368	0
17	Gm17_18295796	18295796	0.0822368	0
17	Gm17_18295836	18295836	0.0789474	0
17	Gm17_18295991	18295991	0.217105	0
17	Gm17_18303964	18303964	0.0822368	0
17	Gm17_18310416	18310416	0.233553	0
17	Gm17_18310433	18310433	0.0855263	0
17	Gm17_18314934	18314934	0.315789	0
17	Gm17_18315102	18315102	0.0822368	0
17	Gm17_18315121	18315121	0.0822368	0
17	Gm17_18315140	18315140	0.0822368	0
17	Gm17_18318277	18318277	0.0855263	0
17	Gm17_18318326	18318326	0.0855263	0
17	Gm17_18318641	18318641	0.0789474	0
17	Gm17_18318848	18318848	0.0789474	0
17	Gm17_18326696	18326696	0.0625	0
17	Gm17_18384086	18384086	0.0789474	0
17	Gm17_18385979	18385979	0.233553	0
17	Gm17_18387519	18387519	0.3125	0
17	Gm17_18388565	18388565	0.0822368	0
17	Gm17_18388828	18388828	0.0822368	0
17	Gm17_18390250	18390250	0.0789474	0
17	Gm17_18390574	18390574	0.0789474	0
17	Gm17_18417711	18417711	0.0756579	0
17	Gm17_18440425	18440425	0.233553	0
17	Gm17_18440456	18440456	0.0822368	0
17	Gm17_18445733	18445733	0.0822368	0
17	Gm17_18488492	18488492	0.0822368	0
17	Gm17_18488725	18488725	0.0822368	0
17	Gm17_18488730	18488730	0.0822368	0
17	Gm17_18510328	18510328	0.226974	0
17	Gm17_18512620	18512620	0.3125	0
17	Gm17_18512642	18512642	0.3125	0
17	Gm17_18513777	18513777	0.226974	0
17	Gm17_18523997	18523997	0.315789	0
17	Gm17_18524589	18524589	0.309211	0
17	Gm17_18536923	18536923	0.305921	0
17	Gm17_18545928	18545928	0.223684	0
17	Gm17_18545936	18545936	0.223684	0
17	Gm17_18579392	18579392	0.203947	0
17	Gm17_18612437	18612437	0.0822368	0
17	Gm17_18618264	18618264	0.220395	0
17	Gm17_18623604	18623604	0.220395	0
17	Gm17_18628928	18628928	0.226974	0
17	Gm17_18629183	18629183	0.220395	0
17	Gm17_18629189	18629189	0.230263	0
17	Gm17_18670204	18670204	0.230263	0
17	Gm17_18672616	18672616	0.220395	0
17	Gm17_18672639	18672639	0.230263	0
17	Gm17_18678075	18678075	0.220395	0
17	Gm17_18678117	18678117	0.220395	0
17	Gm17_18681575	18681575	0.223684	0
17	Gm17_18685153	18685153	0.378289	0
17	Gm17_18718172	18718172	0.361842	0
17	Gm17_18718372	18718372	0.351974	0
17	Gm17_18718391	18718391	0.197368	0
17	Gm17_18723334	18723334	0.197368	0
17	Gm17_18723580	18723580	0.197368	0
17	Gm17_18723596	18723596	0.154605	0
17	Gm17_18723925	18723925	0.197368	0
17	Gm17_18798382	18798382	0.358553	0
17	Gm17_18799851	18799851	0.358553	0
17	Gm17_18847914	18847914	0.365132	0
17	Gm17_18851242	18851242	0.197368	0
17	Gm17_18871508	18871508	0.194079	0
17	Gm17_18880208	18880208	0.358553	0
17	Gm17_18880438	18880438	0.361842	0
17	Gm17_18884070	18884070	0.197368	0
17	Gm17_18884103	18884103	0.365132	0
17	Gm17_18885549	18885549	0.361842	0
17	Gm17_18886106	18886106	0.355263	0
17	Gm17_18886290	18886290	0.194079	0
17	Gm17_18897505	18897505	0.210526	0
17	Gm17_18900006	18900006	0.154605	0
17	Gm17_18910197	18910197	0.197368	0
17	Gm17_18918010	18918010	0.1875	0
17	Gm17_18918041	18918041	0.141447	0
17	Gm17_18918313	18918313	0.1875	0
17	Gm17_18920045	18920045	0.1875	0
17	Gm17_18923149	18923149	0.197368	0
17	Gm17_18933268	18933268	0.197368	0
17	Gm17_18933280	18933280	0.197368	0
17	Gm17_18935760	18935760	0.197368	0
17	Gm17_18936087	18936087	0.0526316	0
17	Gm17_18974338	18974338	0.194079	0
17	Gm17_19036071	19036071	0.1875	0
17	Gm17_19036643	19036643	0.138158	0
17	Gm17_19040575	19040575	0.335526	0
17	Gm17_19067152	19067152	0.1875	0
17	Gm17_19067423	19067423	0.1875	0
17	Gm17_19068167	19068167	0.1875	0
17	Gm17_19068417	19068417	0.190789	0
17	Gm17_19068689	19068689	0.1875	0
17	Gm17_19068771	19068771	0.365132	0
17	Gm17_19068974	19068974	0.1875	0
17	Gm17_19069095	19069095	0.1875	0
17	Gm17_19069107	19069107	0.1875	0
17	Gm17_19077192	19077192	0.335526	0
17	Gm17_19077518	19077518	0.1875	0
17	Gm17_19077556	19077556	0.190789	0
17	Gm17_19084353	19084353	0.1875	0
17	Gm17_19085269	19085269	0.1875	0
17	Gm17_19100833	19100833	0.207237	0
17	Gm17_19107426	19107426	0.1875	0
17	Gm17_19109077	19109077	0.1875	0
17	Gm17_19125385	19125385	0.1875	0
17	Gm17_19125542	19125542	0.148026	0
17	Gm17_19125567	19125567	0.148026	0
17	Gm17_19132729	19132729	0.148026	0
17	Gm17_19132743	19132743	0.1875	0
17	Gm17_19137905	19137905	0.207237	0
17	Gm17_19138414	19138414	0.1875	0
17	Gm17_19154772	19154772	0.1875	0
17	Gm17_19154789	19154789	0.328947	0
17	Gm17_19173818	19173818	0.1875	0
17	Gm17_19189171	19189171	0.1875	0
17	Gm17_19195805	19195805	0.1875	0
17	Gm17_19197581	19197581	0.1875	0
17	Gm17_19197843	19197843	0.144737	0
17	Gm17_19216130	19216130	0.1875	0
17	Gm17_19216174	19216174	0.1875	0
17	Gm17_19216185	19216185	0.332237	0
17	Gm17_19229626	19229626	0.184211	0
17	Gm17_19229885	19229885	0.184211	0
17	Gm17_19230728	19230728	0.1875	0
17	Gm17_19231054	19231054	0.1875	0
17	Gm17_19255675	19255675	0.1875	0
17	Gm17_19255687	19255687	0.1875	0
17	Gm17_19265444	19265444	0.1875	0
17	Gm17_19273823	19273823	0.338816	0
17	Gm17_19273842	19273842	0.338816	0
17	Gm17_19273871	19273871	0.190789	0
17	Gm17_19275958	19275958	0.332237	0
17	Gm17_19275982	19275982	0.332237	0
17	Gm17_19276558	19276558	0.1875	0
17	Gm17_19276563	19276563	0.1875	0
17	Gm17_19276736	19276736	0.335526	0
17	Gm17_19320334	19320334	0.138158	0
17	Gm17_19328277	19328277	0.148026	0
17	Gm17_19359139	19359139	0.319079	0
17	Gm17_19359318	19359318	0.128289	0
17	Gm17_19359377	19359377	0.319079	0
17	Gm17_19362843	19362843	0.184211	0
17	Gm17_19364911	19364911	0.335526	0
17	Gm17_19383401	19383401	0.1875	0
17	Gm17_19383462	19383462	0.148026	0
17	Gm17_19383602	19383602	0.335526	0
17	Gm17_19383631	19383631	0.335526	0
17	Gm17_19386473	19386473	0.138158	0
17	Gm17_19386690	19386690	0.1875	0
17	Gm17_19407081	19407081	0.148026	0
17	Gm17_19407152	19407152	0.335526	0
17	Gm17_19407350	19407350	0.148026	0
17	Gm17_19421584	19421584	0.1875	0
17	Gm17_19421603	19421603	0.1875	0
17	Gm17_19433152	19433152	0.144737	0
17	Gm17_19437655	19437655	0.1875	0
17	Gm17_19437678	19437678	0.1875	0
17	Gm17_19437783	19437783	0.1875	0
17	Gm17_19479564	19479564	0.338816	0
17	Gm17_19497830	19497830	0.151316	0
17	Gm17_19504405	19504405	0.1875	0
17	Gm17_19541042	19541042	0.154605	0
17	Gm17_19544346	19544346	0.1875	0
17	Gm17_19544496	19544496	0.151316	0
17	Gm17_19544514	19544514	0.151316	0
17	Gm17_19556745	19556745	0.338816	0
17	Gm17_19562112	19562112	0.161184	0
17	Gm17_19562143	19562143	0.1875	0
17	Gm17_19562383	19562383	0.161184	0
17	Gm17_19572674	19572674	0.345395	0
17	Gm17_19573077	19573077	0.1875	0
17	Gm17_19573865	19573865	0.345395	0
17	Gm17_19574047	19574047	0.157895	0
17	Gm17_19575752	19575752	0.342105	0
17	Gm17_19576023	19576023	0.342105	0
17	Gm17_19579365	19579365	0.154605	0
17	Gm17_19579377	19579377	0.345395	0
17	Gm17_19582121	19582121	0.1875	0
17	Gm17_19596104	19596104	0.338816	0
17	Gm17_19597350	19597350	0.148026	0
17	Gm17_19607219	19607219	0.1875	0
17	Gm17_19607944	19607944	0.351974	0
17	Gm17_19619511	19619511	0.1875	0
17	Gm17_19619519	19619519	0.355263	0
17	Gm17_19664053	19664053	0.342105	0
17	Gm17_19674607	19674607	0.197368	0
17	Gm17_19693422	19693422	0.151316	0
17	Gm17_19701548	19701548	0.161184	0
17	Gm17_19759774	19759774	0.345395	0
17	Gm17_19762951	19762951	0.345395	0
17	Gm17_19762969	19762969	0.1875	0
17	Gm17_19763202	19763202	0.1875	0
17	Gm17_19763261	19763261	0.154605	0
17	Gm17_19763481	19763481	0.342105	0
17	Gm17_19769066	19769066	0.161184	0
17	Gm17_19769339	19769339	0.348684	0
17	Gm17_19794949	19794949	0.157895	0
17	Gm17_19795187	19795187	0.1875	0
17	Gm17_19802750	19802750	0.1875	0
17	Gm17_19816464	19816464	0.345395	0
17	Gm17_19816485	19816485	0.157895	0
17	Gm17_19816640	19816640	0.1875	0
17	Gm17_19816860	19816860	0.1875	0
17	Gm17_19819429	19819429	0.342105	0
17	Gm17_19819463	19819463	0.342105	0
17	Gm17_19819703	19819703	0.194079	0
17	Gm17_19822891	19822891	0.1875	0
17	Gm17_19830767	19830767	0.338816	0
17	Gm17_19841106	19841106	0.1875	0
17	Gm17_19841305	19841305	0.1875	0
17	Gm17_19846807	19846807	0.338816	0
17	Gm17_19867233	19867233	0.121711	0
17	Gm17_19895466	19895466	0.154605	0
17	Gm17_19895504	19895504	0.1875	0
17	Gm17_19898647	19898647	0.151316	0
17	Gm17_19905623	19905623	0.1875	0
17	Gm17_19919097	19919097	0.335526	0
17	Gm17_19920234	19920234	0.345395	0
17	Gm17_19922451	19922451	0.154605	0
17	Gm17_19922769	19922769	0.1875	0
17	Gm17_19929470	19929470	0.1875	0
17	Gm17_19929862	19929862	0.338816	0
17	Gm17_19930753	19930753	0.1875	0
17	Gm17_19932890	19932890	0.1875	0
17	Gm17_19932904	19932904	0.1875	0
17	Gm17_19955420	19955420	0.151316	0
17	Gm17_19955469	19955469	0.1875	0
17	Gm17_19972336	19972336	0.1875	0
17	Gm17_19972353	19972353	0.151316	0
17	Gm17_19976160	19976160	0.335526	0
17	Gm17_19976397	19976397	0.1875	0
17	Gm17_19980509	19980509	0.1875	0
17	Gm17_19980809	19980809	0.194079	0
17	Gm17_20008560	20008560	0.1875	0
17	Gm17_20008748	20008748	0.1875	0
17	Gm17_20010642	20010642	0.1875	0
17	Gm17_20010649	20010649	0.1875	0
17	Gm17_20048676	20048676	0.184211	0
17	Gm17_20048699	20048699	0.1875	0
17	Gm17_20048868	20048868	0.1875	0
17	Gm17_20063302	20063302	0.1875	0
17	Gm17_20076362	20076362	0.1875	0
17	Gm17_20081765	20081765	0.1875	0
17	Gm17_20095786	20095786	0.148026	0
17	Gm17_20131305	20131305	0.1875	0
17	Gm17_20133751	20133751	0.486842	0
17	Gm17_20140213	20140213	0.184211	0
17	Gm17_20199961	20199961	0.154605	0
17	Gm17_20199973	20199973	0.1875	0
17	Gm17_20249790	20249790	0.1875	0
17	Gm17_20249928	20249928	0.342105	0
17	Gm17_20268015	20268015	0.1875	0
17	Gm17_20271760	20271760	0.1875	0
17	Gm17_20278475	20278475	0.1875	0
17	Gm17_20300817	20300817	0.148026	0
17	Gm17_20306387	20306387	0.342105	0
17	Gm17_20343474	20343474	0.1875	0
17	Gm17_20344288	20344288	0.1875	0
17	Gm17_20346510	20346510	0.1875	0
17	Gm17_20367512	20367512	0.1875	0
17	Gm17_20384164	20384164	0.1875	0
17	Gm17_20466903	20466903	0.1875	0
17	Gm17_20466949	20466949	0.1875	0
17	Gm17_20495817	20495817	0.1875	0
17	Gm17_20496058	20496058	0.1875	0
17	Gm17_20499688	20499688	0.1875	0
17	Gm17_20500388	20500388	0.1875	0
17	Gm17_20506856	20506856	0.1875	0
17	Gm17_20525846	20525846	0.351974	0
17	Gm17_20525871	20525871	0.1875	0
17	Gm17_20529471	20529471	0.1875	0
17	Gm17_20581054	20581054	0.0657895	0
17	Gm17_20581271	20581271	0.1875	0
17	Gm17_20668950	20668950	0.1875	0
17	Gm17_20669617	20669617	0.351974	0
17	Gm17_20670742	20670742	0.180921	0
17	Gm17_20681222	20681222	0.1875	0
17	Gm17_20686315	20686315	0.348684	0
17	Gm17_20686370	20686370	0.184211	0
17	Gm17_20686672	20686672	0.483553	0
17	Gm17_20701217	20701217	0.154605	0
17	Gm17_20701963	20701963	0.1875	0
17	Gm17_20780298	20780298	0.1875	0
17	Gm17_20786793	20786793	0.1875	0
17	Gm17_20786864	20786864	0.1875	0
17	Gm17_20800943	20800943	0.184211	0
17	Gm17_20830176	20830176	0.1875	0
17	Gm17_20848750	20848750	0.1875	0
17	Gm17_20859304	20859304	0.1875	0
17	Gm17_20870131	20870131	0.1875	0
17	Gm17_20870142	20870142	0.154605	0
17	Gm17_20879212	20879212	0.1875	0
17	Gm17_20879911	20879911	0.1875	0
17	Gm17_20885012	20885012	0.154605	0
17	Gm17_20903428	20903428	0.184211	0
17	Gm17_20903640	20903640	0.184211	0
17	Gm17_20903899	20903899	0.355263	0
17	Gm17_20955921	20955921	0.1875	0
17	Gm17_21006070	21006070	0.351974	0
17	Gm17_21033959	21033959	0.1875	0
17	Gm17_21034157	21034157	0.1875	0
17	Gm17_21054634	21054634	0.1875	0
17	Gm17_21076989	21076989	0.1875	0
17	Gm17_21098403	21098403	0.1875	0
17	Gm17_21099203	21099203	0.345395	0
17	Gm17_21099222	21099222	0.1875	0
17	Gm17_21099558	21099558	0.1875	0
17	Gm17_21107126	21107126	0.194079	0
17	Gm17_21107163	21107163	0.1875	0
17	Gm17_21158373	21158373	0.1875	0
17	Gm17_21158412	21158412	0.190789	0
17	Gm17_21181613	21181613	0.1875	0
17	Gm17_21195900	21195900	0.190789	0
17	Gm17_21210946	21210946	0.1875	0
17	Gm17_21212063	21212063	0.1875	0
17	Gm17_21212293	21212293	0.157895	0
17	Gm17_21277886	21277886	0.1875	0
17	Gm17_21277945	21277945	0.1875	0
17	Gm17_21278171	21278171	0.1875	0
17	Gm17_21282308	21282308	0.154605	0
17	Gm17_21282337	21282337	0.351974	0
17	Gm17_21300895	21300895	0.1875	0
17	Gm17_21303077	21303077	0.1875	0
17	Gm17_21309877	21309877	0.154605	0
17	Gm17_21325560	21325560	0.1875	0
17	Gm17_21327403	21327403	0.1875	0
17	Gm17_21331406	21331406	0.154605	0
17	Gm17_21381507	21381507	0.1875	0
17	Gm17_21381547	21381547	0.1875	0
17	Gm17_21381580	21381580	0.154605	0
17	Gm17_21390001	21390001	0.184211	0
17	Gm17_21390179	21390179	0.184211	0
17	Gm17_21390219	21390219	0.184211	0
17	Gm17_21391102	21391102	0.174342	0
17	Gm17_21391653	21391653	0.1875	0
17	Gm17_21391675	21391675	0.184211	0
17	Gm17_21400770	21400770	0.1875	0
17	Gm17_21417883	21417883	0.1875	0
17	Gm17_21423226	21423226	0.1875	0
17	Gm17_21423235	21423235	0.1875	0
17	Gm17_21430610	21430610	0.184211	0
17	Gm17_21465833	21465833	0.0625	0
17	Gm17_21487899	21487899	0.161184	0
17	Gm17_21488231	21488231	0.1875	0
17	Gm17_21502419	21502419	0.1875	0
17	Gm17_21502791	21502791	0.184211	0
17	Gm17_21502823	21502823	0.184211	0
17	Gm17_21502996	21502996	0.184211	0
17	Gm17_21511573	21511573	0.1875	0
17	Gm17_21540883	21540883	0.177632	0
17	Gm17_21545383	21545383	0.1875	0
17	Gm17_21545621	21545621	0.1875	0
17	Gm17_21551910	21551910	0.1875	0
17	Gm17_21586421	21586421	0.154605	0
17	Gm17_21591337	21591337	0.167763	0
17	Gm17_21626497	21626497	0.1875	0
17	Gm17_21626701	21626701	0.1875	0
17	Gm17_21664842	21664842	0.180921	0
17	Gm17_21664890	21664890	0.180921	0
17	Gm17_21670890	21670890	0.194079	0
17	Gm17_21671012	21671012	0.1875	0
17	Gm17_21674950	21674950	0.134868	0
17	Gm17_21692064	21692064	0.1875	0
17	Gm17_21717049	21717049	0.1875	0
17	Gm17_21717205	21717205	0.1875	0
17	Gm17_21731256	21731256	0.1875	0
17	Gm17_21731292	21731292	0.1875	0
17	Gm17_21732519	21732519	0.1875	0
17	Gm17_21760463	21760463	0.154605	0
17	Gm17_21766123	21766123	0.1875	0
17	Gm17_21766135	21766135	0.1875	0
17	Gm17_21766146	21766146	0.151316	0
17	Gm17_21771575	21771575	0.151316	0
17	Gm17_21773435	21773435	0.1875	0
17	Gm17_21775490	21775490	0.1875	0
17	Gm17_21785906	21785906	0.194079	0
17	Gm17_21805293	21805293	0.1875	0
17	Gm17_21805586	21805586	0.151316	0
17	Gm17_21808194	21808194	0.151316	0
17	Gm17_21814471	21814471	0.151316	0
17	Gm17_21814746	21814746	0.1875	0
17	Gm17_21816318	21816318	0.184211	0
17	Gm17_21829346	21829346	0.157895	0
17	Gm17_21829379	21829379	0.1875	0
17	Gm17_21834056	21834056	0.279605	0
17	Gm17_21884153	21884153	0.1875	0
17	Gm17_21891123	21891123	0.1875	0
17	Gm17_21920995	21920995	0.351974	0
17	Gm17_21921247	21921247	0.1875	0
17	Gm17_21921348	21921348	0.154605	0
17	Gm17_21964986	21964986	0.1875	0
17	Gm17_21965317	21965317	0.1875	0
17	Gm17_21965376	21965376	0.190789	0
17	Gm17_21969203	21969203	0.1875	0
17	Gm17_21969506	21969506	0.1875	0
17	Gm17_21986708	21986708	0.1875	0
17	Gm17_21986751	21986751	0.1875	0
17	Gm17_21987137	21987137	0.154605	0
17	Gm17_22000673	22000673	0.1875	0
17	Gm17_22000757	22000757	0.1875	0
17	Gm17_22000769	22000769	0.154605	0
17	Gm17_22001642	22001642	0.1875	0
17	Gm17_22001908	22001908	0.1875	0
17	Gm17_22001966	22001966	0.1875	0
17	Gm17_22050753	22050753	0.184211	0
17	Gm17_22062822	22062822	0.1875	0
17	Gm17_22075421	22075421	0.1875	0
17	Gm17_22075587	22075587	0.1875	0
17	Gm17_22080455	22080455	0.1875	0
17	Gm17_22080498	22080498	0.1875	0
17	Gm17_22099124	22099124	0.1875	0
17	Gm17_22101377	22101377	0.1875	0
17	Gm17_22101945	22101945	0.154605	0
17	Gm17_22102059	22102059	0.1875	0
17	Gm17_22102065	22102065	0.1875	0
17	Gm17_22102190	22102190	0.154605	0
17	Gm17_22102258	22102258	0.1875	0
17	Gm17_22102290	22102290	0.1875	0
17	Gm17_22104477	22104477	0.345395	0
17	Gm17_22133550	22133550	0.1875	0
17	Gm17_22133563	22133563	0.355263	0
17	Gm17_22133598	22133598	0.157895	0
17	Gm17_22154557	22154557	0.184211	0
17	Gm17_22187488	22187488	0.348684	0
17	Gm17_22187564	22187564	0.1875	0
17	Gm17_22190928	22190928	0.180921	0
17	Gm17_22191184	22191184	0.351974	0
17	Gm17_22195092	22195092	0.338816	0
17	Gm17_22197497	22197497	0.1875	0
17	Gm17_22201507	22201507	0.1875	0
17	Gm17_22201564	22201564	0.1875	0
17	Gm17_22235473	22235473	0.1875	0
17	Gm17_22237703	22237703	0.190789	0
17	Gm17_22237732	22237732	0.190789	0
17	Gm17_22238037	22238037	0.1875	0
17	Gm17_22238044	22238044	0.351974	0
17	Gm17_22247535	22247535	0.1875	0
17	Gm17_22247695	22247695	0.1875	0
17	Gm17_22268361	22268361	0.184211	0
17	Gm17_22273450	22273450	0.1875	0
17	Gm17_22273606	22273606	0.1875	0
17	Gm17_22279311	22279311	0.1875	0
17	Gm17_22279331	22279331	0.1875	0
17	Gm17_22297548	22297548	0.157895	0
17	Gm17_22355598	22355598	0.154605	0
17	Gm17_22359224	22359224	0.1875	0
17	Gm17_22360205	22360205	0.1875	0
17	Gm17_22367931	22367931	0.154605	0
17	Gm17_22368189	22368189	0.148026	0
17	Gm17_22371532	22371532	0.1875	0
17	Gm17_22374252	22374252	0.1875	0
17	Gm17_22374548	22374548	0.348684	0
17	Gm17_22404250	22404250	0.1875	0
17	Gm17_22404441	22404441	0.1875	0
17	Gm17_22408055	22408055	0.332237	0
17	Gm17_22409385	22409385	0.1875	0
17	Gm17_22409430	22409430	0.345395	0
17	Gm17_22418013	22418013	0.1875	0
17	Gm17_22424430	22424430	0.148026	0
17	Gm17_22443915	22443915	0.348684	0
17	Gm17_22449716	22449716	0.1875	0
17	Gm17_22449723	22449723	0.1875	0
17	Gm17_22451058	22451058	0.157895	0
17	Gm17_22460393	22460393	0.1875	0
17	Gm17_22460440	22460440	0.164474	0
17	Gm17_22472863	22472863	0.141447	0
17	Gm17_22498824	22498824	0.1875	0
17	Gm17_22508546	22508546	0.1875	0
17	Gm17_22508738	22508738	0.190789	0
17	Gm17_22545591	22545591	0.177632	0
17	Gm17_22549995	22549995	0.203947	0
17	Gm17_22550210	22550210	0.1875	0
17	Gm17_22604645	22604645	0.157895	0
17	Gm17_22604668	22604668	0.0789474	0
17	Gm17_22604866	22604866	0.0690789	0
17	Gm17_22604882	22604882	0.0690789	0
17	Gm17_22604887	22604887	0.1875	0
17	Gm17_22608455	22608455	0.1875	0
17	Gm17_22674555	22674555	0.1875	0
17	Gm17_22674954	22674954	0.1875	0
17	Gm17_22686160	22686160	0.180921	0
17	Gm17_22698270	22698270	0.184211	0
17	Gm17_22707588	22707588	0.1875	0
17	Gm17_22707598	22707598	0.1875	0
17	Gm17_22709014	22709014	0.0592105	0
17	Gm17_22714303	22714303	0.1875	0
17	Gm17_22714564	22714564	0.1875	0
17	Gm17_22716123	22716123	0.184211	0
17	Gm17_22716154	22716154	0.184211	0
17	Gm17_22716393	22716393	0.184211	0
17	Gm17_22718620	22718620	0.184211	0
17	Gm17_22744415	22744415	0.1875	0
17	Gm17_22748529	22748529	0.1875	0
17	Gm17_22749618	22749618	0.1875	0
17	Gm17_22750003	22750003	0.1875	0
17	Gm17_22760429	22760429	0.1875	0
17	Gm17_22798732	22798732	0.1875	0
17	Gm17_22798931	22798931	0.1875	0
17	Gm17_22798939	22798939	0.1875	0
17	Gm17_22823147	22823147	0.167763	0
17	Gm17_22827619	22827619	0.1875	0
17	Gm17_22867172	22867172	0.190789	0
17	Gm17_22877522	22877522	0.1875	0
17	Gm17_22889951	22889951	0.171053	0
17	Gm17_22890176	22890176	0.167763	0
17	Gm17_22924434	22924434	0.1875	0
17	Gm17_22930927	22930927	0.1875	0
17	Gm17_22931515	22931515	0.161184	0
17	Gm17_22931539	22931539	0.1875	0
17	Gm17_22932359	22932359	0.1875	0
17	Gm17_22939605	22939605	0.355263	0
17	Gm17_22941530	22941530	0.184211	0
17	Gm17_23001928	23001928	0.1875	0
17	Gm17_23001934	23001934	0.355263	0
17	Gm17_23001952	23001952	0.1875	0
17	Gm17_23002208	23002208	0.1875	0
17	Gm17_23022043	23022043	0.1875	0
17	Gm17_23022364	23022364	0.1875	0
17	Gm17_23022576	23022576	0.1875	0
17	Gm17_23026419	23026419	0.1875	0
17	Gm17_23026589	23026589	0.1875	0
17	Gm17_23054338	23054338	0.1875	0
17	Gm17_23065940	23065940	0.1875	0
17	Gm17_23067501	23067501	0.1875	0
17	Gm17_23071712	23071712	0.1875	0
17	Gm17_23072089	23072089	0.1875	0
17	Gm17_23082805	23082805	0.1875	0
17	Gm17_23087325	23087325	0.180921	0
17	Gm17_23087474	23087474	0.180921	0
17	Gm17_23087479	23087479	0.180921	0
17	Gm17_23092516	23092516	0.1875	0
17	Gm17_23092537	23092537	0.141447	0
17	Gm17_23092553	23092553	0.345395	0
17	Gm17_23093059	23093059	0.180921	0
17	Gm17_23160496	23160496	0.1875	0
17	Gm17_23165714	23165714	0.164474	0
17	Gm17_23171915	23171915	0.184211	0
17	Gm17_23189934	23189934	0.1875	0
17	Gm17_23194770	23194770	0.1875	0
17	Gm17_23194793	23194793	0.184211	0
17	Gm17_23224085	23224085	0.1875	0
17	Gm17_23224123	23224123	0.154605	0
17	Gm17_23225737	23225737	0.1875	0
17	Gm17_23231616	23231616	0.161184	0
17	Gm17_23232662	23232662	0.1875	0
17	Gm17_23241871	23241871	0.164474	0
17	Gm17_23243865	23243865	0.1875	0
17	Gm17_23291284	23291284	0.154605	0
17	Gm17_23292542	23292542	0.1875	0
17	Gm17_23292571	23292571	0.1875	0
17	Gm17_23292727	23292727	0.1875	0
17	Gm17_23293534	23293534	0.180921	0
17	Gm17_23293733	23293733	0.177632	0
17	Gm17_23295740	23295740	0.157895	0
17	Gm17_23298242	23298242	0.154605	0
17	Gm17_23300273	23300273	0.1875	0
17	Gm17_23312568	23312568	0.1875	0
17	Gm17_23312853	23312853	0.1875	0
17	Gm17_23336958	23336958	0.1875	0
17	Gm17_23337227	23337227	0.1875	0
17	Gm17_23360747	23360747	0.1875	0
17	Gm17_23360963	23360963	0.1875	0
17	Gm17_23428335	23428335	0.184211	0
17	Gm17_23471544	23471544	0.1875	0
17	Gm17_23471703	23471703	0.1875	0
17	Gm17_23508327	23508327	0.1875	0
17	Gm17_23508343	23508343	0.1875	0
17	Gm17_23517029	23517029	0.154605	0
17	Gm17_23518096	23518096	0.1875	0
17	Gm17_23546331	23546331	0.1875	0
17	Gm17_23553544	23553544	0.1875	0
17	Gm17_23553568	23553568	0.1875	0
17	Gm17_23553814	23553814	0.1875	0
17	Gm17_23553819	23553819	0.1875	0
17	Gm17_23588642	23588642	0.190789	0
17	Gm17_23588788	23588788	0.190789	0
17	Gm17_23588805	23588805	0.190789	0
17	Gm17_23591457	23591457	0.355263	0
17	Gm17_23592394	23592394	0.151316	0
17	Gm17_23594446	23594446	0.190789	0
17	Gm17_23602044	23602044	0.1875	0
17	Gm17_23605674	23605674	0.1875	0
17	Gm17_23606310	23606310	0.355263	0
17	Gm17_23606348	23606348	0.1875	0
17	Gm17_23606406	23606406	0.1875	0
17	Gm17_23616620	23616620	0.167763	0
17	Gm17_23623555	23623555	0.1875	0
17	Gm17_23649893	23649893	0.1875	0
17	Gm17_23649906	23649906	0.1875	0
17	Gm17_23772256	23772256	0.184211	0
17	Gm17_23805688	23805688	0.1875	0
17	Gm17_23814786	23814786	0.151316	0
17	Gm17_23860065	23860065	0.174342	0
17	Gm17_23860079	23860079	0.171053	0
17	Gm17_23892430	23892430	0.1875	0
17	Gm17_23892449	23892449	0.141447	0
17	Gm17_23956181	23956181	0.1875	0
17	Gm17_23974525	23974525	0.1875	0
17	Gm17_23976616	23976616	0.190789	0
17	Gm17_23979573	23979573	0.213816	0
17	Gm17_23993302	23993302	0.1875	0
17	Gm17_23993626	23993626	0.1875	0
17	Gm17_23999752	23999752	0.190789	0
17	Gm17_24000474	24000474	0.210526	0
17	Gm17_24001185	24001185	0.184211	0
17	Gm17_24044176	24044176	0.1875	0
17	Gm17_24050689	24050689	0.1875	0
17	Gm17_24050754	24050754	0.1875	0
17	Gm17_24068187	24068187	0.1875	0
17	Gm17_24068211	24068211	0.1875	0
17	Gm17_24068222	24068222	0.1875	0
17	Gm17_24070597	24070597	0.190789	0
17	Gm17_24071430	24071430	0.1875	0
17	Gm17_24073277	24073277	0.1875	0
17	Gm17_24073304	24073304	0.1875	0
17	Gm17_24101382	24101382	0.1875	0
17	Gm17_24148101	24148101	0.1875	0
17	Gm17_24150730	24150730	0.213816	0
17	Gm17_24183540	24183540	0.190789	0
17	Gm17_24241421	24241421	0.230263	0
17	Gm17_24344336	24344336	0.184211	0
17	Gm17_24352794	24352794	0.1875	0
17	Gm17_24354561	24354561	0.1875	0
17	Gm17_24359234	24359234	0.1875	0
17	Gm17_24367626	24367626	0.226974	0
17	Gm17_24367659	24367659	0.223684	0
17	Gm17_24371476	24371476	0.338816	0
17	Gm17_24404820	24404820	0.184211	0
17	Gm17_24414398	24414398	0.220395	0
17	Gm17_24414743	24414743	0.180921	0
17	Gm17_24422657	24422657	0.203947	0
17	Gm17_24432547	24432547	0.203947	0
17	Gm17_24434092	24434092	0.184211	0
17	Gm17_24435856	24435856	0.203947	0
17	Gm17_24441868	24441868	0.0690789	0
17	Gm17_24442024	24442024	0.0657895	0
17	Gm17_24442029	24442029	0.0657895	0
17	Gm17_24442043	24442043	0.0657895	0
17	Gm17_24442492	24442492	0.200658	0
17	Gm17_24445051	24445051	0.184211	0
17	Gm17_24445066	24445066	0.184211	0
17	Gm17_24445206	24445206	0.184211	0
17	Gm17_24445666	24445666	0.180921	0
17	Gm17_24445696	24445696	0.180921	0
17	Gm17_24449217	24449217	0.184211	0
17	Gm17_24449531	24449531	0.184211	0
17	Gm17_24457616	24457616	0.184211	0
17	Gm17_24457658	24457658	0.200658	0
17	Gm17_24461369	24461369	0.184211	0
17	Gm17_24461654	24461654	0.184211	0
17	Gm17_24473317	24473317	0.203947	0
17	Gm17_24477566	24477566	0.1875	0
17	Gm17_24478151	24478151	0.184211	0
17	Gm17_24500698	24500698	0.200658	0
17	Gm17_24513961	24513961	0.184211	0
17	Gm17_24513971	24513971	0.184211	0
17	Gm17_24514194	24514194	0.184211	0
17	Gm17_24527594	24527594	0.200658	0
17	Gm17_24533128	24533128	0.180921	0
17	Gm17_24533259	24533259	0.180921	0
17	Gm17_24545171	24545171	0.184211	0
17	Gm17_24545203	24545203	0.184211	0
17	Gm17_24545499	24545499	0.184211	0
17	Gm17_24583870	24583870	0.200658	0
17	Gm17_24635529	24635529	0.174342	0
17	Gm17_24636059	24636059	0.1875	0
17	Gm17_24648828	24648828	0.184211	0
17	Gm17_24685604	24685604	0.184211	0
17	Gm17_24685610	24685610	0.335526	0
17	Gm17_24685631	24685631	0.184211	0
17	Gm17_24704773	24704773	0.171053	0
17	Gm17_24705741	24705741	0.200658	0
17	Gm17_24709218	24709218	0.315789	0
17	Gm17_24764714	24764714	0.177632	0
17	Gm17_24804091	24804091	0.184211	0
17	Gm17_24826839	24826839	0.184211	0
17	Gm17_24865569	24865569	0.335526	0
17	Gm17_24870390	24870390	0.184211	0
17	Gm17_24889784	24889784	0.184211	0
17	Gm17_24904693	24904693	0.184211	0
17	Gm17_24904796	24904796	0.111842	0
17	Gm17_24906508	24906508	0.111842	0
17	Gm17_24906878	24906878	0.184211	0
17	Gm17_24907614	24907614	0.299342	0
17	Gm17_24910456	24910456	0.184211	0
17	Gm17_24910671	24910671	0.184211	0
17	Gm17_24917489	24917489	0.184211	0
17	Gm17_24918236	24918236	0.184211	0
17	Gm17_24918554	24918554	0.184211	0
17	Gm17_24977612	24977612	0.174342	0
17	Gm17_24977933	24977933	0.184211	0
17	Gm17_24988170	24988170	0.184211	0
17	Gm17_24996536	24996536	0.184211	0
17	Gm17_24996549	24996549	0.299342	0
17	Gm17_24996799	24996799	0.184211	0
17	Gm17_24999510	24999510	0.184211	0
17	Gm17_24999695	24999695	0.184211	0
17	Gm17_25031481	25031481	0.184211	0
17	Gm17_25031526	25031526	0.184211	0
17	Gm17_25031793	25031793	0.338816	0
17	Gm17_25033453	25033453	0.108553	0
17	Gm17_25040313	25040313	0.184211	0
17	Gm17_25040346	25040346	0.184211	0
17	Gm17_25040553	25040553	0.184211	0
17	Gm17_25042558	25042558	0.184211	0
17	Gm17_25108425	25108425	0.296053	0
17	Gm17_25108610	25108610	0.184211	0
17	Gm17_25108664	25108664	0.184211	0
17	Gm17_25126233	25126233	0.180921	0
17	Gm17_25126578	25126578	0.184211	0
17	Gm17_25174554	25174554	0.184211	0
17	Gm17_25188769	25188769	0.180921	0
17	Gm17_25188829	25188829	0.184211	0
17	Gm17_25200731	25200731	0.299342	0
17	Gm17_25207349	25207349	0.338816	0
17	Gm17_25207562	25207562	0.111842	0
17	Gm17_25252882	25252882	0.184211	0
17	Gm17_25263207	25263207	0.184211	0
17	Gm17_25285017	25285017	0.184211	0
17	Gm17_25285266	25285266	0.184211	0
17	Gm17_25291961	25291961	0.111842	0
17	Gm17_25343644	25343644	0.184211	0
17	Gm17_25353543	25353543	0.184211	0
17	Gm17_25353777	25353777	0.115132	0
17	Gm17_25371544	25371544	0.305921	0
17	Gm17_25377870	25377870	0.184211	0
17	Gm17_25377876	25377876	0.184211	0
17	Gm17_25378077	25378077	0.296053	0
17	Gm17_25383451	25383451	0.190789	0
17	Gm17_25383530	25383530	0.184211	0
17	Gm17_25385415	25385415	0.184211	0
17	Gm17_25385476	25385476	0.184211	0
17	Gm17_25387147	25387147	0.184211	0
17	Gm17_25390261	25390261	0.338816	0
17	Gm17_25390551	25390551	0.184211	0
17	Gm17_25395505	25395505	0.184211	0
17	Gm17_25396187	25396187	0.184211	0
17	Gm17_25403513	25403513	0.184211	0
17	Gm17_25404147	25404147	0.180921	0
17	Gm17_25405617	25405617	0.184211	0
17	Gm17_25405887	25405887	0.180921	0
17	Gm17_25406900	25406900	0.184211	0
17	Gm17_25407150	25407150	0.1875	0
17	Gm17_25407162	25407162	0.184211	0
17	Gm17_25407190	25407190	0.184211	0
17	Gm17_25429658	25429658	0.184211	0
17	Gm17_25453372	25453372	0.184211	0
17	Gm17_25453549	25453549	0.184211	0
17	Gm17_25456142	25456142	0.190789	0
17	Gm17_25456151	25456151	0.1875	0
17	Gm17_25475768	25475768	0.184211	0
17	Gm17_25476154	25476154	0.184211	0
17	Gm17_25480405	25480405	0.184211	0
17	Gm17_25481127	25481127	0.184211	0
17	Gm17_25482696	25482696	0.184211	0
17	Gm17_25482731	25482731	0.184211	0
17	Gm17_25482849	25482849	0.115132	0
17	Gm17_25482939	25482939	0.180921	0
17	Gm17_25482955	25482955	0.180921	0
17	Gm17_25483257	25483257	0.177632	0
17	Gm17_25487809	25487809	0.184211	0
17	Gm17_25488114	25488114	0.184211	0
17	Gm17_25489666	25489666	0.184211	0
17	Gm17_25489716	25489716	0.184211	0
17	Gm17_25489997	25489997	0.184211	0
17	Gm17_25496558	25496558	0.184211	0
17	Gm17_25496632	25496632	0.115132	0
17	Gm17_25498377	25498377	0.180921	0
17	Gm17_25498695	25498695	0.184211	0
17	Gm17_25503145	25503145	0.115132	0
17	Gm17_25526971	25526971	0.299342	0
17	Gm17_25526981	25526981	0.180921	0
17	Gm17_25527258	25527258	0.115132	0
17	Gm17_25527271	25527271	0.1875	0
17	Gm17_25529603	25529603	0.184211	0
17	Gm17_25529743	25529743	0.184211	0
17	Gm17_25529761	25529761	0.309211	0
17	Gm17_25540719	25540719	0.302632	0
17	Gm17_25541050	25541050	0.184211	0
17	Gm17_25546592	25546592	0.184211	0
17	Gm17_25547987	25547987	0.184211	0
17	Gm17_25548985	25548985	0.180921	0
17	Gm17_25549232	25549232	0.180921	0
17	Gm17_25566739	25566739	0.184211	0
17	Gm17_25566756	25566756	0.309211	0
17	Gm17_25567037	25567037	0.184211	0
17	Gm17_25567068	25567068	0.184211	0
17	Gm17_25585344	25585344	0.1875	0
17	Gm17_25588649	25588649	0.184211	0
17	Gm17_25605140	25605140	0.184211	0
17	Gm17_25643538	25643538	0.180921	0
17	Gm17_25643623	25643623	0.338816	0
17	Gm17_25644083	25644083	0.184211	0
17	Gm17_25702153	25702153	0.184211	0
17	Gm17_25722778	25722778	0.184211	0
17	Gm17_25773184	25773184	0.184211	0
17	Gm17_25783998	25783998	0.184211	0
17	Gm17_25784260	25784260	0.1875	0
17	Gm17_25784281	25784281	0.1875	0
17	Gm17_25811426	25811426	0.184211	0
17	Gm17_25844164	25844164	0.338816	0
17	Gm17_25844185	25844185	0.338816	0
17	Gm17_25844530	25844530	0.184211	0
17	Gm17_25862292	25862292	0.111842	0
17	Gm17_25903607	25903607	0.111842	0
17	Gm17_25906793	25906793	0.184211	0
17	Gm17_25918127	25918127	0.184211	0
17	Gm17_25932335	25932335	0.184211	0
17	Gm17_25932378	25932378	0.184211	0
17	Gm17_25980832	25980832	0.184211	0
17	Gm17_25984589	25984589	0.3125	0
17	Gm17_25984598	25984598	0.184211	0
17	Gm17_25986470	25986470	0.184211	0
17	Gm17_25988763	25988763	0.184211	0
17	Gm17_25989208	25989208	0.184211	0
17	Gm17_25989359	25989359	0.184211	0
17	Gm17_25997132	25997132	0.184211	0
17	Gm17_25997438	25997438	0.115132	0
17	Gm17_26033191	26033191	0.115132	0
17	Gm17_26033499	26033499	0.184211	0
17	Gm17_26033713	26033713	0.194079	0
17	Gm17_26044667	26044667	0.315789	0
17	Gm17_26051045	26051045	0.210526	0
17	Gm17_26051116	26051116	0.210526	0
17	Gm17_26052824	26052824	0.115132	0
17	Gm17_26055586	26055586	0.0657895	0
17	Gm17_26055636	26055636	0.184211	0
17	Gm17_26057583	26057583	0.322368	0
17	Gm17_26057611	26057611	0.184211	0
17	Gm17_26057968	26057968	0.184211	0
17	Gm17_26063820	26063820	0.184211	0
17	Gm17_26065703	26065703	0.184211	0
17	Gm17_26066013	26066013	0.115132	0
17	Gm17_26078369	26078369	0.184211	0
17	Gm17_26078651	26078651	0.184211	0
17	Gm17_26081692	26081692	0.299342	0
17	Gm17_26088543	26088543	0.184211	0
17	Gm17_26092689	26092689	0.184211	0
17	Gm17_26092891	26092891	0.184211	0
17	Gm17_26096028	26096028	0.184211	0
17	Gm17_26098299	26098299	0.1875	0
17	Gm17_26110401	26110401	0.299342	0
17	Gm17_26110437	26110437	0.338816	0
17	Gm17_26153651	26153651	0.0592105	0
17	Gm17_26153863	26153863	0.184211	0
17	Gm17_26169832	26169832	0.184211	0
17	Gm17_26176957	26176957	0.184211	0
17	Gm17_26273061	26273061	0.1875	0
17	Gm17_26338054	26338054	0.180921	0
17	Gm17_26371306	26371306	0.174342	0
17	Gm17_26377365	26377365	0.128289	0
17	Gm17_26377418	26377418	0.151316	0
17	Gm17_26406764	26406764	0.161184	0
17	Gm17_26467596	26467596	0.184211	0
17	Gm17_26467621	26467621	0.115132	0
17	Gm17_26467635	26467635	0.184211	0
17	Gm17_26523024	26523024	0.184211	0
17	Gm17_26523224	26523224	0.184211	0
17	Gm17_26537693	26537693	0.184211	0
17	Gm17_26544371	26544371	0.184211	0
17	Gm17_26547476	26547476	0.184211	0
17	Gm17_26547808	26547808	0.184211	0
17	Gm17_26554874	26554874	0.184211	0
17	Gm17_26558667	26558667	0.184211	0
17	Gm17_26560138	26560138	0.184211	0
17	Gm17_26561263	26561263	0.184211	0
17	Gm17_26562086	26562086	0.184211	0
17	Gm17_26562730	26562730	0.1875	0
17	Gm17_26575503	26575503	0.184211	0
17	Gm17_26575541	26575541	0.115132	0
17	Gm17_26577547	26577547	0.184211	0
17	Gm17_26590968	26590968	0.184211	0
17	Gm17_26612242	26612242	0.184211	0
17	Gm17_26632389	26632389	0.338816	0
17	Gm17_26632573	26632573	0.184211	0
17	Gm17_26652923	26652923	0.184211	0
17	Gm17_26653475	26653475	0.184211	0
17	Gm17_26654610	26654610	0.338816	0
17	Gm17_26654647	26654647	0.115132	0
17	Gm17_26678583	26678583	0.184211	0
17	Gm17_26678592	26678592	0.184211	0
17	Gm17_26678791	26678791	0.1875	0
17	Gm17_26680454	26680454	0.309211	0
17	Gm17_26685123	26685123	0.184211	0
17	Gm17_26685259	26685259	0.115132	0
17	Gm17_26698652	26698652	0.111842	0
17	Gm17_26701024	26701024	0.111842	0
17	Gm17_26701330	26701330	0.180921	0
17	Gm17_26701618	26701618	0.184211	0
17	Gm17_26723350	26723350	0.184211	0
17	Gm17_26723366	26723366	0.115132	0
17	Gm17_26730745	26730745	0.184211	0
17	Gm17_26732503	26732503	0.184211	0
17	Gm17_26732517	26732517	0.338816	0
17	Gm17_26751540	26751540	0.184211	0
17	Gm17_26753136	26753136	0.184211	0
17	Gm17_26782985	26782985	0.305921	0
17	Gm17_26783003	26783003	0.184211	0
17	Gm17_26791486	26791486	0.184211	0
17	Gm17_26791550	26791550	0.184211	0
17	Gm17_26795932	26795932	0.184211	0
17	Gm17_26796073	26796073	0.184211	0
17	Gm17_26797524	26797524	0.184211	0
17	Gm17_26797568	26797568	0.184211	0
17	Gm17_26797805	26797805	0.184211	0
17	Gm17_26797842	26797842	0.184211	0
17	Gm17_26799026	26799026	0.184211	0
17	Gm17_26799195	26799195	0.184211	0
17	Gm17_26813089	26813089	0.184211	0
17	Gm17_26823165	26823165	0.184211	0
17	Gm17_26824094	26824094	0.184211	0
17	Gm17_26824106	26824106	0.184211	0
17	Gm17_26824282	26824282	0.184211	0
17	Gm17_26824354	26824354	0.184211	0
17	Gm17_26827909	26827909	0.335526	0
17	Gm17_26831061	26831061	0.184211	0
17	Gm17_26831100	26831100	0.184211	0
17	Gm17_26831573	26831573	0.184211	0
17	Gm17_26831823	26831823	0.184211	0
17	Gm17_26853119	26853119	0.184211	0
17	Gm17_26853843	26853843	0.184211	0
17	Gm17_26854760	26854760	0.184211	0
17	Gm17_26855217	26855217	0.184211	0
17	Gm17_26857692	26857692	0.111842	0
17	Gm17_26858380	26858380	0.184211	0
17	Gm17_26858613	26858613	0.1875	0
17	Gm17_26886688	26886688	0.1875	0
17	Gm17_26886832	26886832	0.184211	0
17	Gm17_26887043	26887043	0.184211	0
17	Gm17_26905961	26905961	0.177632	0
17	Gm17_26906009	26906009	0.184211	0
17	Gm17_26937523	26937523	0.184211	0
17	Gm17_26949405	26949405	0.131579	0
17	Gm17_26969336	26969336	0.111842	0
17	Gm17_27008235	27008235	0.184211	0
17	Gm17_27026806	27026806	0.184211	0
17	Gm17_27068607	27068607	0.184211	0
17	Gm17_27080913	27080913	0.184211	0
17	Gm17_27081164	27081164	0.1875	0
17	Gm17_27081319	27081319	0.335526	0
17	Gm17_27081521	27081521	0.184211	0
17	Gm17_27081612	27081612	0.184211	0
17	Gm17_27081773	27081773	0.184211	0
17	Gm17_27087623	27087623	0.184211	0
17	Gm17_27094189	27094189	0.164474	0
17	Gm17_27095406	27095406	0.184211	0
17	Gm17_27095439	27095439	0.184211	0
17	Gm17_27105160	27105160	0.184211	0
17	Gm17_27105182	27105182	0.184211	0
17	Gm17_27105213	27105213	0.338816	0
17	Gm17_27108533	27108533	0.180921	0
17	Gm17_27113431	27113431	0.180921	0
17	Gm17_27113475	27113475	0.180921	0
17	Gm17_27113752	27113752	0.180921	0
17	Gm17_27113949	27113949	0.184211	0
17	Gm17_27135111	27135111	0.335526	0
17	Gm17_27135120	27135120	0.184211	0
17	Gm17_27157287	27157287	0.184211	0
17	Gm17_27157602	27157602	0.184211	0
17	Gm17_27159470	27159470	0.184211	0
17	Gm17_27160572	27160572	0.184211	0
17	Gm17_27160861	27160861	0.184211	0
17	Gm17_27167947	27167947	0.177632	0
17	Gm17_27168128	27168128	0.180921	0
17	Gm17_27168157	27168157	0.177632	0
17	Gm17_27172515	27172515	0.184211	0
17	Gm17_27183918	27183918	0.332237	0
17	Gm17_27186090	27186090	0.184211	0
17	Gm17_27186140	27186140	0.184211	0
17	Gm17_27199649	27199649	0.184211	0
17	Gm17_27201266	27201266	0.184211	0
17	Gm17_27201410	27201410	0.184211	0
17	Gm17_27216385	27216385	0.184211	0
17	Gm17_27222896	27222896	0.184211	0
17	Gm17_27223208	27223208	0.184211	0
17	Gm17_27223244	27223244	0.184211	0
17	Gm17_27224094	27224094	0.184211	0
17	Gm17_27224103	27224103	0.184211	0
17	Gm17_27224285	27224285	0.184211	0
17	Gm17_27226554	27226554	0.184211	0
17	Gm17_27229029	27229029	0.111842	0
17	Gm17_27229805	27229805	0.315789	0
17	Gm17_27229822	27229822	0.296053	0
17	Gm17_27229850	27229850	0.305921	0
17	Gm17_27256784	27256784	0.315789	0
17	Gm17_27256816	27256816	0.184211	0
17	Gm17_27259624	27259624	0.184211	0
17	Gm17_27277584	27277584	0.335526	0
17	Gm17_27303425	27303425	0.180921	0
17	Gm17_27309525	27309525	0.184211	0
17	Gm17_27309566	27309566	0.184211	0
17	Gm17_27332184	27332184	0.1875	0
17	Gm17_27354628	27354628	0.3125	0
17	Gm17_27374756	27374756	0.184211	0
17	Gm17_27378305	27378305	0.180921	0
17	Gm17_27378480	27378480	0.3125	0
17	Gm17_27381777	27381777	0.1875	0
17	Gm17_27387299	27387299	0.184211	0
17	Gm17_27485619	27485619	0.167763	0
17	Gm17_27486357	27486357	0.1875	0
17	Gm17_27486715	27486715	0.190789	0
17	Gm17_27541602	27541602	0.184211	0
17	Gm17_27541759	27541759	0.180921	0
17	Gm17_27542332	27542332	0.296053	0
17	Gm17_27542641	27542641	0.184211	0
17	Gm17_27551529	27551529	0.184211	0
17	Gm17_27557482	27557482	0.184211	0
17	Gm17_27557551	27557551	0.342105	0
17	Gm17_27561071	27561071	0.184211	0
17	Gm17_27568608	27568608	0.3125	0
17	Gm17_27575284	27575284	0.184211	0
17	Gm17_27576321	27576321	0.184211	0
17	Gm17_27583284	27583284	0.111842	0
17	Gm17_27593193	27593193	0.184211	0
17	Gm17_27606500	27606500	0.184211	0
17	Gm17_27624394	27624394	0.111842	0
17	Gm17_27628532	27628532	0.184211	0
17	Gm17_27667496	27667496	0.111842	0
17	Gm17_27667843	27667843	0.184211	0
17	Gm17_27683310	27683310	0.184211	0
17	Gm17_27686684	27686684	0.184211	0
17	Gm17_27700121	27700121	0.115132	0
17	Gm17_27718450	27718450	0.115132	0
17	Gm17_27718778	27718778	0.115132	0
17	Gm17_27742875	27742875	0.111842	0
17	Gm17_27742934	27742934	0.111842	0
17	Gm17_27753452	27753452	0.184211	0
17	Gm17_27753593	27753593	0.118421	0
17	Gm17_27753619	27753619	0.184211	0
17	Gm17_27760576	27760576	0.184211	0
17	Gm17_27791819	27791819	0.184211	0
17	Gm17_27791825	27791825	0.184211	0
17	Gm17_27792212	27792212	0.309211	0
17	Gm17_27813912	27813912	0.3125	0
17	Gm17_27820558	27820558	0.309211	0
17	Gm17_27822460	27822460	0.128289	0
17	Gm17_27830222	27830222	0.309211	0
17	Gm17_27830326	27830326	0.305921	0
17	Gm17_27831029	27831029	0.309211	0
17	Gm17_27831097	27831097	0.309211	0
17	Gm17_27831341	27831341	0.309211	0
17	Gm17_27832418	27832418	0.309211	0
17	Gm17_27832468	27832468	0.309211	0
17	Gm17_27832477	27832477	0.309211	0
17	Gm17_27832666	27832666	0.125	0
17	Gm17_27836591	27836591	0.3125	0
17	Gm17_27842259	27842259	0.3125	0
17	Gm17_27842569	27842569	0.309211	0
17	Gm17_27845360	27845360	0.305921	0
17	Gm17_27846311	27846311	0.3125	0
17	Gm17_27846493	27846493	0.3125	0
17	Gm17_27846576	27846576	0.3125	0
17	Gm17_27856909	27856909	0.309211	0
17	Gm17_27882018	27882018	0.184211	0
17	Gm17_27882300	27882300	0.309211	0
17	Gm17_27901920	27901920	0.184211	0
17	Gm17_27913196	27913196	0.184211	0
17	Gm17_27959677	27959677	0.309211	0
17	Gm17_27959702	27959702	0.184211	0
17	Gm17_27967134	27967134	0.3125	0
17	Gm17_27967187	27967187	0.125	0
17	Gm17_27982761	27982761	0.309211	0
17	Gm17_27990195	27990195	0.184211	0
17	Gm17_27993412	27993412	0.305921	0
17	Gm17_28004146	28004146	0.184211	0
17	Gm17_28004439	28004439	0.184211	0
17	Gm17_28011152	28011152	0.128289	0
17	Gm17_28032757	28032757	0.309211	0
17	Gm17_28042357	28042357	0.213816	0
17	Gm17_28054895	28054895	0.184211	0
17	Gm17_28061849	28061849	0.338816	0
17	Gm17_28098377	28098377	0.338816	0
17	Gm17_28098411	28098411	0.338816	0
17	Gm17_28098693	28098693	0.125	0
17	Gm17_28103046	28103046	0.128289	0
17	Gm17_28103279	28103279	0.118421	0
17	Gm17_28103401	28103401	0.125	0
17	Gm17_28122011	28122011	0.111842	0
17	Gm17_28122230	28122230	0.292763	0
17	Gm17_28122247	28122247	0.292763	0
17	Gm17_28122704	28122704	0.292763	0
17	Gm17_28122953	28122953	0.121711	0
17	Gm17_28122958	28122958	0.171053	0
17	Gm17_28123439	28123439	0.157895	0
17	Gm17_28123496	28123496	0.157895	0
17	Gm17_28123906	28123906	0.180921	0
17	Gm17_28125730	28125730	0.184211	0
17	Gm17_28141163	28141163	0.184211	0
17	Gm17_28151902	28151902	0.121711	0
17	Gm17_28151914	28151914	0.305921	0
17	Gm17_28176987	28176987	0.121711	0
17	Gm17_28204046	28204046	0.309211	0
17	Gm17_28204196	28204196	0.302632	0
17	Gm17_28204202	28204202	0.118421	0
17	Gm17_28204792	28204792	0.121711	0
17	Gm17_28210241	28210241	0.184211	0
17	Gm17_28210489	28210489	0.184211	0
17	Gm17_28210509	28210509	0.302632	0
17	Gm17_28217865	28217865	0.125	0
17	Gm17_28221119	28221119	0.121711	0
17	Gm17_28224070	28224070	0.184211	0
17	Gm17_28224894	28224894	0.184211	0
17	Gm17_28233027	28233027	0.1875	0
17	Gm17_28272362	28272362	0.184211	0
17	Gm17_28272655	28272655	0.335526	0
17	Gm17_28272678	28272678	0.3125	0
17	Gm17_28276823	28276823	0.315789	0
17	Gm17_28278648	28278648	0.342105	0
17	Gm17_28278825	28278825	0.128289	0
17	Gm17_28279212	28279212	0.335526	0
17	Gm17_28290672	28290672	0.125	0
17	Gm17_28290966	28290966	0.125	0
17	Gm17_28309098	28309098	0.342105	0
17	Gm17_28317593	28317593	0.128289	0
17	Gm17_28334859	28334859	0.184211	0
17	Gm17_28335145	28335145	0.125	0
17	Gm17_28364929	28364929	0.335526	0
17	Gm17_28372394	28372394	0.190789	0
17	Gm17_28372407	28372407	0.3125	0
17	Gm17_28379205	28379205	0.131579	0
17	Gm17_28380919	28380919	0.125	0
17	Gm17_28380924	28380924	0.335526	0
17	Gm17_28434961	28434961	0.332237	0
17	Gm17_28438344	28438344	0.184211	0
17	Gm17_28438371	28438371	0.184211	0
17	Gm17_28438972	28438972	0.184211	0
17	Gm17_28439192	28439192	0.121711	0
17	Gm17_28439276	28439276	0.184211	0
17	Gm17_28441516	28441516	0.184211	0
17	Gm17_28441821	28441821	0.121711	0
17	Gm17_28442108	28442108	0.184211	0
17	Gm17_28442157	28442157	0.121711	0
17	Gm17_28445637	28445637	0.309211	0
17	Gm17_28445651	28445651	0.184211	0
17	Gm17_28456199	28456199	0.125	0
17	Gm17_28456204	28456204	0.184211	0
17	Gm17_28465921	28465921	0.184211	0
17	Gm17_28472075	28472075	0.345395	0
17	Gm17_28472113	28472113	0.131579	0
17	Gm17_28473803	28473803	0.184211	0
17	Gm17_28473843	28473843	0.342105	0
17	Gm17_28473867	28473867	0.3125	0
17	Gm17_28473872	28473872	0.118421	0
17	Gm17_28474200	28474200	0.184211	0
17	Gm17_28474234	28474234	0.184211	0
17	Gm17_28474465	28474465	0.184211	0
17	Gm17_28487919	28487919	0.184211	0
17	Gm17_28506110	28506110	0.125	0
17	Gm17_28512310	28512310	0.302632	0
17	Gm17_28512373	28512373	0.184211	0
17	Gm17_28512378	28512378	0.302632	0
17	Gm17_28512507	28512507	0.302632	0
17	Gm17_28512532	28512532	0.332237	0
17	Gm17_28542848	28542848	0.125	0
17	Gm17_28625106	28625106	0.309211	0
17	Gm17_28625145	28625145	0.184211	0
17	Gm17_28670937	28670937	0.125	0
17	Gm17_28671042	28671042	0.309211	0
17	Gm17_28671056	28671056	0.125	0
17	Gm17_28693814	28693814	0.184211	0
17	Gm17_28693825	28693825	0.309211	0
17	Gm17_28712386	28712386	0.309211	0
17	Gm17_28712396	28712396	0.115132	0
17	Gm17_28712632	28712632	0.309211	0
17	Gm17_30994301	30994301	0.180921	0
17	Gm17_31027933	31027933	0.180921	0
17	Gm17_31027997	31027997	0.180921	0
17	Gm17_31032093	31032093	0.157895	0
17	Gm17_31046880	31046880	0.141447	0
17	Gm17_31047103	31047103	0.0625	0
17	Gm17_31088830	31088830	0.164474	0
17	Gm17_31119087	31119087	0.180921	0
17	Gm17_31119093	31119093	0.180921	0
17	Gm17_31119148	31119148	0.128289	0
17	Gm17_31141692	31141692	0.200658	0
17	Gm17_31142992	31142992	0.351974	0
17	Gm17_31144998	31144998	0.180921	0
17	Gm17_31145024	31145024	0.200658	0
17	Gm17_31147511	31147511	0.180921	0
17	Gm17_31147540	31147540	0.180921	0
17	Gm17_31147712	31147712	0.180921	0
17	Gm17_31151293	31151293	0.177632	0
17	Gm17_31154401	31154401	0.180921	0
17	Gm17_31221907	31221907	0.177632	0
17	Gm17_31250071	31250071	0.180921	0
17	Gm17_31280458	31280458	0.200658	0
17	Gm17_31280741	31280741	0.200658	0
17	Gm17_31289076	31289076	0.180921	0
17	Gm17_31296194	31296194	0.200658	0
17	Gm17_31296525	31296525	0.200658	0
17	Gm17_31302508	31302508	0.197368	0
17	Gm17_31302540	31302540	0.200658	0
17	Gm17_31302927	31302927	0.207237	0
17	Gm17_31349878	31349878	0.180921	0
17	Gm17_31350911	31350911	0.180921	0
17	Gm17_31354691	31354691	0.200658	0
17	Gm17_31355016	31355016	0.141447	0
17	Gm17_31371755	31371755	0.180921	0
17	Gm17_31382648	31382648	0.141447	0
17	Gm17_31387461	31387461	0.141447	0
17	Gm17_31390486	31390486	0.325658	0
17	Gm17_31390524	31390524	0.177632	0
17	Gm17_31395035	31395035	0.141447	0
17	Gm17_31410766	31410766	0.128289	0
17	Gm17_31449598	31449598	0.180921	0
17	Gm17_31459912	31459912	0.180921	0
17	Gm17_31459935	31459935	0.180921	0
17	Gm17_31460150	31460150	0.180921	0
17	Gm17_31471914	31471914	0.180921	0
17	Gm17_31472107	31472107	0.177632	0
17	Gm17_31478716	31478716	0.177632	0
17	Gm17_31481840	31481840	0.180921	0
17	Gm17_31482136	31482136	0.180921	0
17	Gm17_31482170	31482170	0.180921	0
17	Gm17_31482253	31482253	0.138158	0
17	Gm17_31483387	31483387	0.184211	0
17	Gm17_31487267	31487267	0.177632	0
17	Gm17_31490729	31490729	0.177632	0
17	Gm17_31494486	31494486	0.180921	0
17	Gm17_31494807	31494807	0.180921	0
17	Gm17_31521453	31521453	0.180921	0
17	Gm17_31521835	31521835	0.180921	0
17	Gm17_31522298	31522298	0.180921	0
17	Gm17_31522789	31522789	0.180921	0
17	Gm17_31522796	31522796	0.180921	0
17	Gm17_31524015	31524015	0.180921	0
17	Gm17_31524035	31524035	0.180921	0
17	Gm17_31525730	31525730	0.180921	0
17	Gm17_31584411	31584411	0.207237	0
17	Gm17_31584434	31584434	0.217105	0
17	Gm17_31592164	31592164	0.207237	0
17	Gm17_31593759	31593759	0.207237	0
17	Gm17_31593769	31593769	0.207237	0
17	Gm17_31594093	31594093	0.210526	0
17	Gm17_31607805	31607805	0.177632	0
17	Gm17_31616301	31616301	0.200658	0
17	Gm17_31616314	31616314	0.180921	0
17	Gm17_31622254	31622254	0.180921	0
17	Gm17_31622646	31622646	0.200658	0
17	Gm17_31624302	31624302	0.177632	0
17	Gm17_31624339	31624339	0.197368	0
17	Gm17_31633016	31633016	0.200658	0
17	Gm17_31633025	31633025	0.180921	0
17	Gm17_31633244	31633244	0.259868	0
17	Gm17_31748301	31748301	0.194079	0
17	Gm17_31758545	31758545	0.200658	0
17	Gm17_31766074	31766074	0.200658	0
17	Gm17_31779524	31779524	0.200658	0
17	Gm17_31794370	31794370	0.210526	0
17	Gm17_31798317	31798317	0.197368	0
17	Gm17_31799705	31799705	0.200658	0
17	Gm17_31799919	31799919	0.200658	0
17	Gm17_31803702	31803702	0.200658	0
17	Gm17_31823110	31823110	0.200658	0
17	Gm17_31825830	31825830	0.200658	0
17	Gm17_31826125	31826125	0.180921	0
17	Gm17_31842043	31842043	0.200658	0
17	Gm17_31845911	31845911	0.200658	0
17	Gm17_31893804	31893804	0.197368	0
17	Gm17_31894097	31894097	0.197368	0
17	Gm17_31894126	31894126	0.197368	0
17	Gm17_31904130	31904130	0.197368	0
17	Gm17_31916489	31916489	0.197368	0
17	Gm17_31920399	31920399	0.197368	0
17	Gm17_31948196	31948196	0.148026	0
17	Gm17_31949660	31949660	0.378289	0
17	Gm17_31979174	31979174	0.148026	0
17	Gm17_32048704	32048704	0.361842	0
17	Gm17_32056593	32056593	0.361842	0
17	Gm17_32056601	32056601	0.180921	0
17	Gm17_32103917	32103917	0.184211	0
17	Gm17_32124425	32124425	0.144737	0
17	Gm17_32202261	32202261	0.342105	0
17	Gm17_32294712	32294712	0.180921	0
17	Gm17_32299960	32299960	0.355263	0
17	Gm17_32319258	32319258	0.180921	0
17	Gm17_32322265	32322265	0.180921	0
17	Gm17_32364243	32364243	0.180921	0
17	Gm17_32364312	32364312	0.197368	0
17	Gm17_32364480	32364480	0.180921	0
17	Gm17_32364485	32364485	0.197368	0
17	Gm17_32364987	32364987	0.180921	0
17	Gm17_32376097	32376097	0.197368	0
17	Gm17_32376156	32376156	0.180921	0
17	Gm17_32379571	32379571	0.197368	0
17	Gm17_32379610	32379610	0.180921	0
17	Gm17_32428981	32428981	0.177632	0
17	Gm17_32431874	32431874	0.223684	0
17	Gm17_32443619	32443619	0.1875	0
17	Gm17_32444121	32444121	0.220395	0
17	Gm17_32444138	32444138	0.184211	0
17	Gm17_32444349	32444349	0.220395	0
17	Gm17_32444685	32444685	0.220395	0
17	Gm17_32444802	32444802	0.220395	0
17	Gm17_32444950	32444950	0.1875	0
17	Gm17_32444987	32444987	0.217105	0
17	Gm17_32495028	32495028	0.407895	0
17	Gm17_32495051	32495051	0.177632	0
17	Gm17_32520275	32520275	0.1875	0
17	Gm17_32520283	32520283	0.1875	0
17	Gm17_32526337	32526337	0.210526	0
17	Gm17_32527095	32527095	0.394737	0
17	Gm17_32527121	32527121	0.184211	0
17	Gm17_32527364	32527364	0.207237	0
17	Gm17_32527372	32527372	0.174342	0
17	Gm17_32530446	32530446	0.207237	0
17	Gm17_32544025	32544025	0.1875	0
17	Gm17_32546759	32546759	0.184211	0
17	Gm17_32547127	32547127	0.207237	0
17	Gm17_32551138	32551138	0.1875	0
17	Gm17_32551144	32551144	0.1875	0
17	Gm17_32551189	32551189	0.203947	0
17	Gm17_32551195	32551195	0.203947	0
17	Gm17_32551395	32551395	0.404605	0
17	Gm17_32552007	32552007	0.177632	0
17	Gm17_32552285	32552285	0.184211	0
17	Gm17_32552871	32552871	0.210526	0
17	Gm17_32554149	32554149	0.184211	0
17	Gm17_32554310	32554310	0.184211	0
17	Gm17_32554320	32554320	0.404605	0
17	Gm17_32554610	32554610	0.184211	0
17	Gm17_32567948	32567948	0.203947	0
17	Gm17_32620352	32620352	0.197368	0
17	Gm17_32631276	32631276	0.401316	0
17	Gm17_32631306	32631306	0.404605	0
17	Gm17_32631326	32631326	0.207237	0
17	Gm17_32653040	32653040	0.401316	0
17	Gm17_32655503	32655503	0.207237	0
17	Gm17_32655665	32655665	0.1875	0
17	Gm17_32672920	32672920	0.375	0
17	Gm17_32686845	32686845	0.226974	0
17	Gm17_32687336	32687336	0.213816	0
17	Gm17_32687362	32687362	0.213816	0
17	Gm17_32687381	32687381	0.213816	0
17	Gm17_32699950	32699950	0.398026	0
17	Gm17_32760456	32760456	0.190789	0
17	Gm17_32760479	32760479	0.203947	0
17	Gm17_32767470	32767470	0.207237	0
17	Gm17_32767671	32767671	0.207237	0
17	Gm17_32767686	32767686	0.207237	0
17	Gm17_32768178	32768178	0.200658	0
17	Gm17_32768403	32768403	0.200658	0
17	Gm17_32768424	32768424	0.200658	0
17	Gm17_32777976	32777976	0.203947	0
17	Gm17_32777990	32777990	0.190789	0
17	Gm17_32778033	32778033	0.203947	0
17	Gm17_32778171	32778171	0.203947	0
17	Gm17_32778209	32778209	0.203947	0
17	Gm17_32803112	32803112	0.180921	0
17	Gm17_32803174	32803174	0.180921	0
17	Gm17_32806483	32806483	0.180921	0
17	Gm17_32806661	32806661	0.180921	0
17	Gm17_32807062	32807062	0.177632	0
17	Gm17_32807580	32807580	0.180921	0
17	Gm17_32808469	32808469	0.180921	0
17	Gm17_32815316	32815316	0.171053	0
17	Gm17_32846899	32846899	0.180921	0
17	Gm17_32932624	32932624	0.174342	0
17	Gm17_32932644	32932644	0.174342	0
17	Gm17_32932891	32932891	0.177632	0
17	Gm17_32950328	32950328	0.180921	0
17	Gm17_32951664	32951664	0.180921	0
17	Gm17_32951993	32951993	0.180921	0
17	Gm17_32954251	32954251	0.180921	0
17	Gm17_32954573	32954573	0.180921	0
17	Gm17_32959601	32959601	0.217105	0
17	Gm17_32959621	32959621	0.180921	0
17	Gm17_32959823	32959823	0.180921	0
17	Gm17_32964866	32964866	0.180921	0
17	Gm17_32967728	32967728	0.180921	0
17	Gm17_32988639	32988639	0.226974	0
17	Gm17_32989926	32989926	0.180921	0
17	Gm17_33025314	33025314	0.180921	0
17	Gm17_33025868	33025868	0.184211	0
17	Gm17_33027792	33027792	0.180921	0
17	Gm17_33028294	33028294	0.180921	0
17	Gm17_33028308	33028308	0.177632	0
17	Gm17_33028353	33028353	0.180921	0
17	Gm17_33099479	33099479	0.223684	0
17	Gm17_33099484	33099484	0.223684	0
17	Gm17_33099653	33099653	0.180921	0
17	Gm17_33108284	33108284	0.223684	0
17	Gm17_33111751	33111751	0.180921	0
17	Gm17_33112283	33112283	0.180921	0
17	Gm17_33112289	33112289	0.180921	0
17	Gm17_33112338	33112338	0.180921	0
17	Gm17_33148503	33148503	0.180921	0
17	Gm17_33155123	33155123	0.180921	0
17	Gm17_33155345	33155345	0.180921	0
17	Gm17_33155390	33155390	0.180921	0
17	Gm17_33158365	33158365	0.233553	0
17	Gm17_33177014	33177014	0.180921	0
17	Gm17_33177404	33177404	0.180921	0
17	Gm17_33178684	33178684	0.180921	0
17	Gm17_33179526	33179526	0.180921	0
17	Gm17_33180174	33180174	0.226974	0
17	Gm17_33180863	33180863	0.223684	0
17	Gm17_33181114	33181114	0.180921	0
17	Gm17_33181331	33181331	0.180921	0
17	Gm17_33190710	33190710	0.180921	0
17	Gm17_33206802	33206802	0.184211	0
17	Gm17_33207090	33207090	0.180921	0
17	Gm17_33207130	33207130	0.226974	0
17	Gm17_33207152	33207152	0.230263	0
17	Gm17_33216845	33216845	0.180921	0
17	Gm17_33234928	33234928	0.174342	0
17	Gm17_33235070	33235070	0.180921	0
17	Gm17_33269144	33269144	0.180921	0
17	Gm17_33269331	33269331	0.180921	0
17	Gm17_33271392	33271392	0.180921	0
17	Gm17_33271412	33271412	0.180921	0
17	Gm17_33271564	33271564	0.180921	0
17	Gm17_33289580	33289580	0.226974	0
17	Gm17_33294675	33294675	0.230263	0
17	Gm17_33294961	33294961	0.230263	0
17	Gm17_33294999	33294999	0.177632	0
17	Gm17_33295006	33295006	0.177632	0
17	Gm17_33317600	33317600	0.180921	0
17	Gm17_33319856	33319856	0.180921	0
17	Gm17_33325671	33325671	0.180921	0
17	Gm17_33325728	33325728	0.180921	0
17	Gm17_33433971	33433971	0.223684	0
17	Gm17_33434125	33434125	0.223684	0
17	Gm17_33434165	33434165	0.404605	0
17	Gm17_33454819	33454819	0.401316	0
17	Gm17_33455287	33455287	0.398026	0
17	Gm17_33455293	33455293	0.398026	0
17	Gm17_33458968	33458968	0.401316	0
17	Gm17_33469983	33469983	0.401316	0
17	Gm17_33470020	33470020	0.180921	0
17	Gm17_33470047	33470047	0.404605	0
17	Gm17_33470185	33470185	0.401316	0
17	Gm17_33470253	33470253	0.404605	0
17	Gm17_33470488	33470488	0.180921	0
17	Gm17_33493558	33493558	0.404605	0
17	Gm17_33521250	33521250	0.401316	0
17	Gm17_33521427	33521427	0.184211	0
17	Gm17_33521470	33521470	0.174342	0
17	Gm17_33542717	33542717	0.398026	0
17	Gm17_33542867	33542867	0.398026	0
17	Gm17_33556825	33556825	0.180921	0
17	Gm17_33556837	33556837	0.180921	0
17	Gm17_33584694	33584694	0.180921	0
17	Gm17_33601779	33601779	0.398026	0
17	Gm17_33601792	33601792	0.401316	0
17	Gm17_33601831	33601831	0.180921	0
17	Gm17_33606382	33606382	0.404605	0
17	Gm17_33625103	33625103	0.401316	0
17	Gm17_33625117	33625117	0.401316	0
17	Gm17_33643469	33643469	0.138158	0
17	Gm17_33643678	33643678	0.141447	0
17	Gm17_33643741	33643741	0.141447	0
17	Gm17_33649161	33649161	0.177632	0
17	Gm17_33691458	33691458	0.121711	0
17	Gm17_33691707	33691707	0.180921	0
17	Gm17_33702301	33702301	0.180921	0
17	Gm17_33702322	33702322	0.0953947	0
17	Gm17_33702586	33702586	0.276316	0
17	Gm17_33704590	33704590	0.0921053	0
17	Gm17_33704635	33704635	0.0921053	0
17	Gm17_33705221	33705221	0.0953947	0
17	Gm17_33705253	33705253	0.180921	0
17	Gm17_33705476	33705476	0.0921053	0
17	Gm17_33706349	33706349	0.269737	0
17	Gm17_33706371	33706371	0.0888158	0
17	Gm17_33707518	33707518	0.0921053	0
17	Gm17_33707692	33707692	0.273026	0
17	Gm17_33707811	33707811	0.273026	0
17	Gm17_33708112	33708112	0.0921053	0
17	Gm17_33708118	33708118	0.180921	0
17	Gm17_33731104	33731104	0.180921	0
17	Gm17_33743028	33743028	0.0592105	0
17	Gm17_33793500	33793500	0.184211	0
17	Gm17_33793538	33793538	0.184211	0
17	Gm17_33814830	33814830	0.276316	0
17	Gm17_33855926	33855926	0.256579	0
17	Gm17_33856276	33856276	0.256579	0
17	Gm17_33856302	33856302	0.269737	0
17	Gm17_33856684	33856684	0.269737	0
17	Gm17_33873746	33873746	0.190789	0
17	Gm17_33873764	33873764	0.177632	0
17	Gm17_33897267	33897267	0.0921053	0
17	Gm17_33897274	33897274	0.118421	0
17	Gm17_33897282	33897282	0.378289	0
17	Gm17_33897534	33897534	0.115132	0
17	Gm17_33905694	33905694	0.190789	0
17	Gm17_33932940	33932940	0.0986842	0
17	Gm17_33932957	33932957	0.381579	0
17	Gm17_33933140	33933140	0.177632	0
17	Gm17_33933152	33933152	0.375	0
17	Gm17_33933331	33933331	0.0921053	0
17	Gm17_33936711	33936711	0.177632	0
17	Gm17_33940808	33940808	0.101974	0
17	Gm17_33940989	33940989	0.101974	0
17	Gm17_33982718	33982718	0.259868	0
17	Gm17_33995099	33995099	0.174342	0
17	Gm17_34024947	34024947	0.174342	0
17	Gm17_34029069	34029069	0.174342	0
17	Gm17_34030012	34030012	0.0789474	0
17	Gm17_34031030	34031030	0.276316	0
17	Gm17_34054335	34054335	0.273026	0
17	Gm17_34129086	34129086	0.276316	0
17	Gm17_34130546	34130546	0.253289	0
17	Gm17_34132123	34132123	0.279605	0
17	Gm17_34132465	34132465	0.256579	0
17	Gm17_34134910	34134910	0.273026	0
17	Gm17_34192458	34192458	0.0789474	0
17	Gm17_34192661	34192661	0.174342	0
17	Gm17_34196525	34196525	0.0789474	0
17	Gm17_34196558	34196558	0.0789474	0
17	Gm17_34196869	34196869	0.0756579	0
17	Gm17_34203280	34203280	0.0855263	0
17	Gm17_34203437	34203437	0.0822368	0
17	Gm17_34218181	34218181	0.0822368	0
17	Gm17_34244299	34244299	0.259868	0
17	Gm17_34248821	34248821	0.256579	0
17	Gm17_34275912	34275912	0.276316	0
17	Gm17_34276164	34276164	0.276316	0
17	Gm17_34276171	34276171	0.279605	0
17	Gm17_34276192	34276192	0.0789474	0
17	Gm17_34276460	34276460	0.269737	0
17	Gm17_34289073	34289073	0.253289	0
17	Gm17_34289136	34289136	0.253289	0
17	Gm17_34290460	34290460	0.194079	0
17	Gm17_34290503	34290503	0.0789474	0
17	Gm17_34290519	34290519	0.273026	0
17	Gm17_34291074	34291074	0.194079	0
17	Gm17_34291100	34291100	0.269737	0
17	Gm17_34291132	34291132	0.253289	0
17	Gm17_34291141	34291141	0.174342	0
17	Gm17_34291334	34291334	0.269737	0
17	Gm17_34291553	34291553	0.273026	0
17	Gm17_34291854	34291854	0.269737	0
17	Gm17_34291884	34291884	0.269737	0
17	Gm17_34294012	34294012	0.273026	0
17	Gm17_34295847	34295847	0.0822368	0
17	Gm17_34295982	34295982	0.256579	0
17	Gm17_34297302	34297302	0.276316	0
17	Gm17_34297441	34297441	0.273026	0
17	Gm17_34297578	34297578	0.273026	0
17	Gm17_34316411	34316411	0.177632	0
17	Gm17_34316622	34316622	0.180921	0
17	Gm17_34363309	34363309	0.279605	0
17	Gm17_34411314	34411314	0.177632	0
17	Gm17_34419911	34419911	0.174342	0
17	Gm17_34420476	34420476	0.177632	0
17	Gm17_34420535	34420535	0.177632	0
17	Gm17_34420568	34420568	0.174342	0
17	Gm17_34422087	34422087	0.0789474	0
17	Gm17_34423034	34423034	0.174342	0
17	Gm17_34443808	34443808	0.177632	0
17	Gm17_34446472	34446472	0.174342	0
17	Gm17_34453835	34453835	0.171053	0
17	Gm17_34454070	34454070	0.174342	0
17	Gm17_34464804	34464804	0.174342	0
17	Gm17_34483897	34483897	0.0822368	0
17	Gm17_34483905	34483905	0.0822368	0
17	Gm17_34496209	34496209	0.273026	0
17	Gm17_34523670	34523670	0.190789	0
17	Gm17_34524061	34524061	0.0789474	0
17	Gm17_34524421	34524421	0.0657895	0
17	Gm17_34524596	34524596	0.0789474	0
17	Gm17_34524904	34524904	0.0690789	0
17	Gm17_34543440	34543440	0.279605	0
17	Gm17_34550633	34550633	0.0789474	0
17	Gm17_34553631	34553631	0.0690789	0
17	Gm17_34583444	34583444	0.0789474	0
17	Gm17_34583485	34583485	0.203947	0
17	Gm17_34583753	34583753	0.351974	0
17	Gm17_34584913	34584913	0.207237	0
17	Gm17_34585211	34585211	0.0789474	0
17	Gm17_34585242	34585242	0.355263	0
17	Gm17_34597531	34597531	0.194079	0
17	Gm17_34602330	34602330	0.355263	0
17	Gm17_34602566	34602566	0.203947	0
17	Gm17_34604554	34604554	0.207237	0
17	Gm17_34604866	34604866	0.0822368	0
17	Gm17_34613010	34613010	0.0822368	0
17	Gm17_34613332	34613332	0.210526	0
17	Gm17_34622824	34622824	0.190789	0
17	Gm17_34623093	34623093	0.355263	0
17	Gm17_34624282	34624282	0.0855263	0
17	Gm17_34625891	34625891	0.190789	0
17	Gm17_34626172	34626172	0.0690789	0
17	Gm17_34631204	34631204	0.180921	0
17	Gm17_34639229	34639229	0.200658	0
17	Gm17_34639567	34639567	0.1875	0
17	Gm17_34640317	34640317	0.361842	0
17	Gm17_34640553	34640553	0.348684	0
17	Gm17_34640600	34640600	0.194079	0
17	Gm17_34649958	34649958	0.190789	0
17	Gm17_34655690	34655690	0.190789	0
17	Gm17_34675292	34675292	0.190789	0
17	Gm17_34675340	34675340	0.190789	0
17	Gm17_34675535	34675535	0.190789	0
17	Gm17_34676140	34676140	0.240132	0
17	Gm17_34686677	34686677	0.358553	0
17	Gm17_34686950	34686950	0.0690789	0
17	Gm17_34705499	34705499	0.213816	0
17	Gm17_34783897	34783897	0.207237	0
17	Gm17_34784173	34784173	0.144737	0
17	Gm17_34787779	34787779	0.194079	0
17	Gm17_34796972	34796972	0.190789	0
17	Gm17_34796991	34796991	0.144737	0
17	Gm17_34798386	34798386	0.213816	0
17	Gm17_34798671	34798671	0.194079	0
17	Gm17_34798999	34798999	0.194079	0
17	Gm17_34822705	34822705	0.355263	0
17	Gm17_34823007	34823007	0.190789	0
17	Gm17_34823939	34823939	0.190789	0
17	Gm17_34823981	34823981	0.351974	0
17	Gm17_34830755	34830755	0.151316	0
17	Gm17_34837402	34837402	0.355263	0
17	Gm17_34843038	34843038	0.0789474	0
17	Gm17_34855714	34855714	0.351974	0
17	Gm17_34866354	34866354	0.210526	0
17	Gm17_34866366	34866366	0.361842	0
17	Gm17_34866541	34866541	0.151316	0
17	Gm17_34866797	34866797	0.355263	0
17	Gm17_34872345	34872345	0.144737	0
17	Gm17_34872377	34872377	0.184211	0
17	Gm17_34880538	34880538	0.138158	0
17	Gm17_34899911	34899911	0.148026	0
17	Gm17_34904376	34904376	0.190789	0
17	Gm17_34954033	34954033	0.101974	0
17	Gm17_34997681	34997681	0.0592105	0
17	Gm17_35007634	35007634	0.263158	0
17	Gm17_35010041	35010041	0.236842	0
17	Gm17_35010057	35010057	0.236842	0
17	Gm17_35068034	35068034	0.226974	0
17	Gm17_35068478	35068478	0.190789	0
17	Gm17_35093050	35093050	0.207237	0
17	Gm17_35095180	35095180	0.1875	0
17	Gm17_35095462	35095462	0.0625	0
17	Gm17_35121014	35121014	0.361842	0
17	Gm17_35126303	35126303	0.358553	0
17	Gm17_35167045	35167045	0.0625	0
17	Gm17_35174617	35174617	0.0592105	0
17	Gm17_35181725	35181725	0.0625	0
17	Gm17_35185597	35185597	0.0592105	0
17	Gm17_37451154	37451154	0.480263	0
17	Gm17_37506150	37506150	0.480263	0
17	Gm17_37516718	37516718	0.463816	0
17	Gm17_37516896	37516896	0.463816	0
17	Gm17_37522789	37522789	0.460526	0
17	Gm17_37576687	37576687	0.480263	0
17	Gm17_37600791	37600791	0.177632	0
17	Gm17_37605587	37605587	0.167763	0
17	Gm17_37620685	37620685	0.361842	0
17	Gm17_37621297	37621297	0.358553	0
17	Gm17_37629235	37629235	0.351974	0
17	Gm17_37640402	37640402	0.365132	0
17	Gm17_37672700	37672700	0.207237	0
17	Gm17_37672923	37672923	0.259868	0
17	Gm17_37676700	37676700	0.246711	0
17	Gm17_37682156	37682156	0.240132	0
17	Gm17_37683457	37683457	0.269737	0
17	Gm17_37701067	37701067	0.253289	0
17	Gm17_37701084	37701084	0.253289	0
17	Gm17_37704248	37704248	0.256579	0
17	Gm17_37777207	37777207	0.138158	0
17	Gm17_37779154	37779154	0.131579	0
17	Gm17_37781930	37781930	0.138158	0
17	Gm17_37782230	37782230	0.253289	0
17	Gm17_37782237	37782237	0.253289	0
17	Gm17_37787042	37787042	0.434211	0
17	Gm17_37787347	37787347	0.25	0
17	Gm17_37789566	37789566	0.253289	0
17	Gm17_37789615	37789615	0.253289	0
17	Gm17_37803457	37803457	0.447368	0
17	Gm17_37820842	37820842	0.460526	0
17	Gm17_37843033	37843033	0.434211	0
17	Gm17_37843080	37843080	0.434211	0
17	Gm17_37845670	37845670	0.440789	0
17	Gm17_37881216	37881216	0.427632	0
17	Gm17_37916128	37916128	0.1875	0
17	Gm17_38015801	38015801	0.161184	0
17	Gm17_38018203	38018203	0.161184	0
17	Gm17_38021872	38021872	0.1875	0
17	Gm17_38021912	38021912	0.161184	0
17	Gm17_38035456	38035456	0.174342	0
17	Gm17_38035466	38035466	0.148026	0
17	Gm17_38058685	38058685	0.148026	0
17	Gm17_38060736	38060736	0.177632	0
17	Gm17_38068033	38068033	0.121711	0
17	Gm17_38068150	38068150	0.125	0
17	Gm17_38148257	38148257	0.108553	0
17	Gm17_38167735	38167735	0.0855263	0
17	Gm17_38168002	38168002	0.473684	0
17	Gm17_38168018	38168018	0.0855263	0
17	Gm17_38168095	38168095	0.0855263	0
17	Gm17_38168135	38168135	0.0855263	0
17	Gm17_38168325	38168325	0.388158	0
17	Gm17_38168528	38168528	0.0855263	0
17	Gm17_38168708	38168708	0.388158	0
17	Gm17_38169187	38169187	0.0855263	0
17	Gm17_38169401	38169401	0.0855263	0
17	Gm17_38202340	38202340	0.470395	0
17	Gm17_38203226	38203226	0.473684	0
17	Gm17_38210321	38210321	0.470395	0
17	Gm17_38226599	38226599	0.470395	0
17	Gm17_38231160	38231160	0.470395	0
17	Gm17_38249086	38249086	0.391447	0
17	Gm17_38275552	38275552	0.0986842	0
17	Gm17_38275569	38275569	0.0986842	0
17	Gm17_38275576	38275576	0.0986842	0
17	Gm17_38275581	38275581	0.0789474	0
17	Gm17_38278350	38278350	0.0986842	0
17	Gm17_38278375	38278375	0.0986842	0
17	Gm17_38278383	38278383	0.0986842	0
17	Gm17_38281154	38281154	0.0986842	0
17	Gm17_38286673	38286673	0.0986842	0
17	Gm17_38286712	38286712	0.0953947	0
17	Gm17_38286913	38286913	0.0986842	0
17	Gm17_38286946	38286946	0.0986842	0
17	Gm17_38341354	38341354	0.25	0
17	Gm17_38350654	38350654	0.246711	0
17	Gm17_38352364	38352364	0.0592105	0
17	Gm17_38371776	38371776	0.240132	0
17	Gm17_38372071	38372071	0.236842	0
17	Gm17_38381315	38381315	0.25	0
17	Gm17_38381509	38381509	0.302632	0
17	Gm17_38381529	38381529	0.246711	0
17	Gm17_38383987	38383987	0.246711	0
17	Gm17_38445432	38445432	0.240132	0
17	Gm17_38445475	38445475	0.319079	0
17	Gm17_38452317	38452317	0.319079	0
17	Gm17_38482422	38482422	0.220395	0
17	Gm17_38482439	38482439	0.391447	0
17	Gm17_38496499	38496499	0.381579	0
17	Gm17_38496539	38496539	0.398026	0
17	Gm17_38518055	38518055	0.111842	0
17	Gm17_38518062	38518062	0.111842	0
17	Gm17_38554399	38554399	0.0756579	0
17	Gm17_38559614	38559614	0.0756579	0
17	Gm17_38559633	38559633	0.226974	0
17	Gm17_38559734	38559734	0.460526	0
17	Gm17_38559910	38559910	0.226974	0
17	Gm17_38559945	38559945	0.226974	0
17	Gm17_38559995	38559995	0.148026	0
17	Gm17_38560041	38560041	0.0855263	0
17	Gm17_38582159	38582159	0.463816	0
17	Gm17_38641210	38641210	0.398026	0
17	Gm17_38642282	38642282	0.384868	0
17	Gm17_38676794	38676794	0.207237	0
17	Gm17_38735085	38735085	0.424342	0
17	Gm17_38735090	38735090	0.424342	0
17	Gm17_38735287	38735287	0.417763	0
17	Gm17_38833123	38833123	0.378289	0
17	Gm17_38833133	38833133	0.381579	0
17	Gm17_38833341	38833341	0.338816	0
17	Gm17_38839425	38839425	0.381579	0
17	Gm17_38864775	38864775	0.460526	0
17	Gm17_38865784	38865784	0.463816	0
17	Gm17_38865799	38865799	0.463816	0
17	Gm17_38868217	38868217	0.463816	0
17	Gm17_38868450	38868450	0.447368	0
17	Gm17_38868538	38868538	0.440789	0
17	Gm17_38868552	38868552	0.470395	0
17	Gm17_38868848	38868848	0.447368	0
17	Gm17_38870060	38870060	0.447368	0
17	Gm17_38870375	38870375	0.470395	0
17	Gm17_38928146	38928146	0.486842	0
17	Gm17_39028120	39028120	0.394737	0
17	Gm17_39028162	39028162	0.388158	0
17	Gm17_39040788	39040788	0.414474	0
17	Gm17_39054341	39054341	0.421053	0
17	Gm17_39054350	39054350	0.421053	0
17	Gm17_39058040	39058040	0.394737	0
17	Gm17_39058220	39058220	0.398026	0
17	Gm17_39096446	39096446	0.365132	0
17	Gm17_39128805	39128805	0.226974	0
17	Gm17_39189012	39189012	0.223684	0
17	Gm17_39199379	39199379	0.161184	0
17	Gm17_39214770	39214770	0.243421	0
17	Gm17_39214903	39214903	0.246711	0
17	Gm17_39214928	39214928	0.253289	0
17	Gm17_39214937	39214937	0.246711	0
17	Gm17_39214972	39214972	0.246711	0
17	Gm17_39323446	39323446	0.368421	0
17	Gm17_39355707	39355707	0.236842	0
17	Gm17_39368036	39368036	0.240132	0
17	Gm17_39395769	39395769	0.200658	0
17	Gm17_39406274	39406274	0.0526316	0
17	Gm17_39465129	39465129	0.447368	0
17	Gm17_39472268	39472268	0.296053	0
17	Gm17_39479811	39479811	0.25	0
17	Gm17_39484020	39484020	0.0789474	0
17	Gm17_39484274	39484274	0.0822368	0
17	Gm17_39484294	39484294	0.141447	0
17	Gm17_39484326	39484326	0.141447	0
17	Gm17_39514949	39514949	0.0625	0
17	Gm17_39584406	39584406	0.148026	0
17	Gm17_39584450	39584450	0.134868	0
17	Gm17_39584462	39584462	0.154605	0
17	Gm17_39586703	39586703	0.144737	0
17	Gm17_39610335	39610335	0.476974	0
17	Gm17_39610340	39610340	0.476974	0
17	Gm17_39620361	39620361	0.286184	0
17	Gm17_39638436	39638436	0.0592105	0
17	Gm17_39638460	39638460	0.4375	0
17	Gm17_39649097	39649097	0.4375	0
17	Gm17_39702186	39702186	0.450658	0
17	Gm17_39702195	39702195	0.444079	0
17	Gm17_39801401	39801401	0.411184	0
17	Gm17_39803022	39803022	0.411184	0
17	Gm17_39822211	39822211	0.404605	0
17	Gm17_39896339	39896339	0.0559211	0
17	Gm17_39942136	39942136	0.220395	0
17	Gm17_39942401	39942401	0.217105	0
17	Gm17_39942491	39942491	0.184211	0
17	Gm17_40003775	40003775	0.197368	0
17	Gm17_40030824	40030824	0.200658	0
17	Gm17_40104418	40104418	0.194079	0
17	Gm17_40150082	40150082	0.0592105	0
17	Gm17_40207655	40207655	0.125	0
17	Gm17_40209027	40209027	0.131579	0
17	Gm17_40350123	40350123	0.210526	0
17	Gm17_40409578	40409578	0.180921	0
17	Gm17_40432599	40432599	0.167763	0
17	Gm17_40477390	40477390	0.213816	0
17	Gm17_40478863	40478863	0.217105	0
17	Gm17_40480245	40480245	0.203947	0
17	Gm17_40480282	40480282	0.203947	0
17	Gm17_40571797	40571797	0.342105	0
17	Gm17_40616719	40616719	0.0888158	0
17	Gm17_40621730	40621730	0.319079	0
17	Gm17_40621931	40621931	0.319079	0
17	Gm17_40721315	40721315	0.0822368	0
17	Gm17_40729768	40729768	0.0559211	0
17	Gm17_40730382	40730382	0.0592105	0
17	Gm17_40730723	40730723	0.0592105	0
