chr	id	pos	freq	ihh1	ihh0	nsl
20	Gm20_2337843	2337843	0.111842	0.466176	-0.466176	0.466176
20	Gm20_2391304	2391304	0.335526	0.33798	-0.33798	0.33798
20	Gm20_2392152	2392152	0.0953947	0.5483	-0.5483	0.5483
20	Gm20_2404965	2404965	0.342105	0.266092	-0.266092	0.266092
20	Gm20_2404972	2404972	0.411184	0.0921304	-0.0921304	0.0921304
20	Gm20_2475256	2475256	0.164474	0.0647575	-0.0647575	0.0647575
20	Gm20_2487910	2487910	0.164474	0.0626689	-0.0626689	0.0626689
20	Gm20_2489422	2489422	0.164474	0.0623536	-0.0623536	0.0623536
20	Gm20_2489498	2489498	0.164474	0.0621901	-0.0621901	0.0621901
20	Gm20_2489562	2489562	0.167763	0.0460854	-0.0460854	0.0460854
20	Gm20_2518616	2518616	0.190789	-0.0320125	0.0320125	-0.0320125
20	Gm20_2518888	2518888	0.194079	-0.0495336	0.0495336	-0.0495336
20	Gm20_2534087	2534087	0.194079	-0.052156	0.052156	-0.052156
20	Gm20_2534133	2534133	0.190789	-0.0348895	0.0348895	-0.0348895
20	Gm20_2551099	2551099	0.190789	-0.0353116	0.0353116	-0.0353116
20	Gm20_2568045	2568045	0.194079	-0.0614225	0.0614225	-0.0614225
20	Gm20_2580083	2580083	0.1875	-0.0254763	0.0254763	-0.0254763
20	Gm20_2582734	2582734	0.194079	-0.054264	0.054264	-0.054264
20	Gm20_2582747	2582747	0.194079	-0.0546205	0.0546205	-0.0546205
20	Gm20_2592002	2592002	0.190789	-0.0371796	0.0371796	-0.0371796
20	Gm20_2592016	2592016	0.190789	-0.037535	0.037535	-0.037535
20	Gm20_2592022	2592022	0.190789	-0.0378899	0.0378899	-0.0378899
20	Gm20_2594926	2594926	0.197368	-0.0727853	0.0727853	-0.0727853
20	Gm20_2595298	2595298	0.197368	-0.0716717	0.0716717	-0.0716717
20	Gm20_2597636	2597636	0.190789	-0.0375751	0.0375751	-0.0375751
20	Gm20_2735551	2735551	0.210526	-0.13561	0.13561	-0.13561
20	Gm20_2758154	2758154	0.210526	-0.126553	0.126553	-0.126553
20	Gm20_2758163	2758163	0.210526	-0.126925	0.126925	-0.126925
20	Gm20_2770741	2770741	0.138158	0.178352	-0.178352	0.178352
20	Gm20_2771026	2771026	0.138158	0.177947	-0.177947	0.177947
20	Gm20_2771034	2771034	0.0559211	0.140517	-0.140517	0.140517
20	Gm20_2771412	2771412	0.0559211	0.124307	-0.124307	0.124307
20	Gm20_2772294	2772294	0.210526	-0.201331	0.201331	-0.201331
20	Gm20_2772321	2772321	0.138158	0.175893	-0.175893	0.175893
20	Gm20_2772467	2772467	0.138158	0.175427	-0.175427	0.175427
20	Gm20_2773007	2773007	0.0592105	0.0822546	-0.0822546	0.0822546
20	Gm20_2780465	2780465	0.138158	0.172947	-0.172947	0.172947
20	Gm20_2787901	2787901	0.282895	0.412422	-0.412422	0.412422
20	Gm20_2796258	2796258	0.134868	0.279316	-0.279316	0.279316
20	Gm20_2836258	2836258	0.144737	0.223223	-0.223223	0.223223
20	Gm20_2846349	2846349	0.453947	-0.154429	0.154429	-0.154429
20	Gm20_2846652	2846652	0.256579	0.487418	-0.487418	0.487418
20	Gm20_2846943	2846943	0.144737	0.226857	-0.226857	0.226857
20	Gm20_2848536	2848536	0.148026	0.203786	-0.203786	0.203786
20	Gm20_2848876	2848876	0.256579	0.487132	-0.487132	0.487132
20	Gm20_2850837	2850837	0.450658	-0.144979	0.144979	-0.144979
20	Gm20_2861573	2861573	0.197368	-0.0435185	0.0435185	-0.0435185
20	Gm20_2871375	2871375	0.144737	0.192994	-0.192994	0.192994
20	Gm20_2892878	2892878	0.131579	0.264189	-0.264189	0.264189
20	Gm20_2895372	2895372	0.259868	0.486679	-0.486679	0.486679
20	Gm20_2896041	2896041	0.134868	0.149141	-0.149141	0.149141
20	Gm20_2896050	2896050	0.134868	0.147778	-0.147778	0.147778
20	Gm20_2923538	2923538	0.226974	-0.00946233	0.00946233	-0.00946233
20	Gm20_2923863	2923863	0.226974	-0.0102211	0.0102211	-0.0102211
20	Gm20_2927033	2927033	0.365132	-0.397919	0.397919	-0.397919
20	Gm20_2956829	2956829	0.111842	-0.0177376	0.0177376	-0.0177376
20	Gm20_2965557	2965557	0.134868	0.0377309	-0.0377309	0.0377309
20	Gm20_2965566	2965566	0.134868	0.0364182	-0.0364182	0.0364182
20	Gm20_2967001	2967001	0.0789474	-0.0243512	0.0243512	-0.0243512
20	Gm20_2984257	2984257	0.134868	0.0338108	-0.0338108	0.0338108
20	Gm20_2999980	2999980	0.220395	0.0948541	-0.0948541	0.0948541
20	Gm20_3025800	3025800	0.256579	-0.0601194	0.0601194	-0.0601194
20	Gm20_3025817	3025817	0.256579	-0.060612	0.060612	-0.060612
20	Gm20_3063753	3063753	0.180921	0.255907	-0.255907	0.255907
20	Gm20_3063770	3063770	0.233553	0.00368895	-0.00368895	0.00368895
20	Gm20_3093293	3093293	0.450658	-0.461942	0.461942	-0.461942
20	Gm20_3093306	3093306	0.233553	-0.0670378	0.0670378	-0.0670378
20	Gm20_3093491	3093491	0.236842	-0.0833622	0.0833622	-0.0833622
20	Gm20_3093501	3093501	0.230263	-0.0592244	0.0592244	-0.0592244
20	Gm20_3115463	3115463	0.302632	-0.336221	0.336221	-0.336221
20	Gm20_3115869	3115869	0.296053	-0.317967	0.317967	-0.317967
20	Gm20_3115901	3115901	0.296053	-0.319491	0.319491	-0.319491
20	Gm20_3128362	3128362	0.266447	-0.211517	0.211517	-0.211517
20	Gm20_3141224	3141224	0.0756579	-0.213462	0.213462	-0.213462
20	Gm20_3141499	3141499	0.233553	-0.0797143	0.0797143	-0.0797143
20	Gm20_3141732	3141732	0.0625	-0.0837125	0.0837125	-0.0837125
20	Gm20_3142873	3142873	0.273026	-0.250438	0.250438	-0.250438
20	Gm20_3143153	3143153	0.230263	-0.0682247	0.0682247	-0.0682247
20	Gm20_3144766	3144766	0.305921	-0.341308	0.341308	-0.341308
20	Gm20_3144917	3144917	0.0625	-0.0915244	0.0915244	-0.0915244
20	Gm20_3170567	3170567	0.273026	-0.218581	0.218581	-0.218581
20	Gm20_3172512	3172512	0.243421	-0.0956351	0.0956351	-0.0956351
20	Gm20_3172565	3172565	0.240132	-0.084571	0.084571	-0.084571
20	Gm20_3183999	3183999	0.305921	-0.339151	0.339151	-0.339151
20	Gm20_3232408	3232408	0.0625	0.0156647	-0.0156647	0.0156647
20	Gm20_3233092	3233092	0.0625	0.0149936	-0.0149936	0.0149936
20	Gm20_3233319	3233319	0.0625	0.0134586	-0.0134586	0.0134586
20	Gm20_3240926	3240926	0.0657895	-0.036038	0.036038	-0.036038
20	Gm20_3241156	3241156	0.0625	0.0106473	-0.0106473	0.0106473
20	Gm20_3241424	3241424	0.0592105	0.055162	-0.055162	0.055162
20	Gm20_3245976	3245976	0.0657895	-0.0435922	0.0435922	-0.0435922
20	Gm20_3246250	3246250	0.0657895	-0.0449415	0.0449415	-0.0449415
20	Gm20_3261803	3261803	0.0625	0.00122194	-0.00122194	0.00122194
20	Gm20_3261899	3261899	0.0592105	0.049583	-0.049583	0.049583
20	Gm20_3265532	3265532	0.0625	-0.00204769	0.00204769	-0.00204769
20	Gm20_3266539	3266539	0.0657895	-0.0515368	0.0515368	-0.0515368
20	Gm20_3273975	3273975	0.0592105	0.0455544	-0.0455544	0.0455544
20	Gm20_3276738	3276738	0.1875	0.0459242	-0.0459242	0.0459242
20	Gm20_3303306	3303306	0.0657895	-0.0520455	0.0520455	-0.0520455
20	Gm20_3304684	3304684	0.0625	-0.00424783	0.00424783	-0.00424783
20	Gm20_3310650	3310650	0.0625	-0.00812427	0.00812427	-0.00812427
20	Gm20_3336899	3336899	0.0625	-0.00972041	0.00972041	-0.00972041
20	Gm20_3336997	3336997	0.0592105	0.0387512	-0.0387512	0.0387512
20	Gm20_3344777	3344777	0.0625	-0.0138291	0.0138291	-0.0138291
20	Gm20_3350714	3350714	0.0625	-0.0153789	0.0153789	-0.0153789
20	Gm20_3358825	3358825	0.0625	-0.0168748	0.0168748	-0.0168748
20	Gm20_3359855	3359855	0.0592105	0.0315342	-0.0315342	0.0315342
20	Gm20_3361269	3361269	0.0559211	0.0580581	-0.0580581	0.0580581
20	Gm20_3361300	3361300	0.0592105	0.00387592	-0.00387592	0.00387592
20	Gm20_3366640	3366640	0.0625	-0.0191662	0.0191662	-0.0191662
20	Gm20_3366765	3366765	0.184211	0.0600027	-0.0600027	0.0600027
20	Gm20_3381028	3381028	0.0592105	0.0375531	-0.0375531	0.0375531
20	Gm20_3381072	3381072	0.0592105	0.0366522	-0.0366522	0.0366522
20	Gm20_3399599	3399599	0.0625	-0.0154157	0.0154157	-0.0154157
20	Gm20_3410537	3410537	0.0625	-0.0167963	0.0167963	-0.0167963
20	Gm20_3410808	3410808	0.0625	-0.018359	0.018359	-0.018359
20	Gm20_3415422	3415422	0.1875	0.0408368	-0.0408368	0.0408368
20	Gm20_3415832	3415832	0.0592105	0.0329804	-0.0329804	0.0329804
20	Gm20_3415843	3415843	0.0592105	0.0319095	-0.0319095	0.0319095
20	Gm20_3442326	3442326	0.0592105	0.0312112	-0.0312112	0.0312112
20	Gm20_3442355	3442355	0.253289	-0.255886	0.255886	-0.255886
20	Gm20_3452885	3452885	0.0625	-0.0439777	0.0439777	-0.0439777
20	Gm20_3453010	3453010	0.0625	-0.044676	0.044676	-0.044676
20	Gm20_3453975	3453975	0.0592105	0.00425924	-0.00425924	0.00425924
20	Gm20_3462824	3462824	0.0592105	0.00358787	-0.00358787	0.00358787
20	Gm20_3463152	3463152	0.0592105	0.00321837	-0.00321837	0.00321837
20	Gm20_3463904	3463904	0.0625	-0.0469065	0.0469065	-0.0469065
20	Gm20_3464272	3464272	0.0625	-0.0483923	0.0483923	-0.0483923
20	Gm20_3464548	3464548	0.0625	-0.0490692	0.0490692	-0.0490692
20	Gm20_3486366	3486366	0.0625	-0.0497433	0.0497433	-0.0497433
20	Gm20_3540820	3540820	0.0592105	-0.0311737	0.0311737	-0.0311737
20	Gm20_3583446	3583446	0.0625	-0.0635384	0.0635384	-0.0635384
20	Gm20_3588235	3588235	0.0625	-0.0640027	0.0640027	-0.0640027
20	Gm20_3589573	3589573	0.0625	-0.0642096	0.0642096	-0.0642096
20	Gm20_3589791	3589791	0.0625	-0.0645519	0.0645519	-0.0645519
20	Gm20_3603379	3603379	0.0625	-0.065183	0.065183	-0.065183
20	Gm20_3603385	3603385	0.0625	-0.0658619	0.0658619	-0.0658619
20	Gm20_3607199	3607199	0.0592105	-0.0164954	0.0164954	-0.0164954
20	Gm20_3628849	3628849	0.243421	-0.0519853	0.0519853	-0.0519853
20	Gm20_25323018	25323018	0.200658	-0.241191	0.241191	-0.241191
20	Gm20_25326628	25326628	0.164474	-0.0516032	0.0516032	-0.0516032
20	Gm20_25327214	25327214	0.194079	-0.206611	0.206611	-0.206611
20	Gm20_25339268	25339268	0.194079	-0.206016	0.206016	-0.206016
20	Gm20_25339463	25339463	0.194079	-0.205402	0.205402	-0.205402
20	Gm20_25342017	25342017	0.194079	-0.204809	0.204809	-0.204809
20	Gm20_25348411	25348411	0.190789	-0.194775	0.194775	-0.194775
20	Gm20_25348442	25348442	0.154605	0.00539892	-0.00539892	0.00539892
20	Gm20_25348555	25348555	0.190789	-0.196881	0.196881	-0.196881
20	Gm20_25351740	25351740	0.200658	-0.238985	0.238985	-0.238985
20	Gm20_25351785	25351785	0.164474	-0.04504	0.04504	-0.04504
20	Gm20_25361466	25361466	0.164474	-0.0445555	0.0445555	-0.0445555
20	Gm20_25361492	25361492	0.164474	-0.0440622	0.0440622	-0.0440622
20	Gm20_25401344	25401344	0.203947	-0.254358	0.254358	-0.254358
20	Gm20_25401354	25401354	0.167763	-0.0614861	0.0614861	-0.0614861
20	Gm20_25401633	25401633	0.200658	-0.236219	0.236219	-0.236219
20	Gm20_25401652	25401652	0.200658	-0.235773	0.235773	-0.235773
20	Gm20_25401659	25401659	0.164474	-0.0420942	0.0420942	-0.0420942
20	Gm20_25408302	25408302	0.161184	-0.0226091	0.0226091	-0.0226091
20	Gm20_25408321	25408321	0.161184	-0.0221094	0.0221094	-0.0221094
20	Gm20_25411546	25411546	0.157895	-0.000376419	0.000376419	-0.000376419
20	Gm20_25415780	25415780	0.164474	-0.0415291	0.0415291	-0.0415291
20	Gm20_25421578	25421578	0.194079	-0.199834	0.199834	-0.199834
20	Gm20_25423485	25423485	0.200658	-0.230817	0.230817	-0.230817
20	Gm20_25423511	25423511	0.197368	-0.212856	0.212856	-0.212856
20	Gm20_25424603	25424603	0.194079	-0.194714	0.194714	-0.194714
20	Gm20_25424632	25424632	0.194079	-0.194373	0.194373	-0.194373
20	Gm20_25438387	25438387	0.171053	-0.0760472	0.0760472	-0.0760472
20	Gm20_25442222	25442222	0.164474	-0.0388502	0.0388502	-0.0388502
20	Gm20_25490844	25490844	0.164474	-0.0386724	0.0386724	-0.0386724
20	Gm20_25495209	25495209	0.164474	-0.0385439	0.0385439	-0.0385439
20	Gm20_25495259	25495259	0.164474	-0.0384154	0.0384154	-0.0384154
20	Gm20_25535160	25535160	0.194079	-0.197646	0.197646	-0.197646
20	Gm20_25540047	25540047	0.164474	-0.0379546	0.0379546	-0.0379546
20	Gm20_25540254	25540254	0.164474	-0.0378263	0.0378263	-0.0378263
20	Gm20_25540277	25540277	0.200658	-0.232673	0.232673	-0.232673
20	Gm20_25541303	25541303	0.157895	0.00412531	-0.00412531	0.00412531
20	Gm20_25545053	25545053	0.194079	-0.197025	0.197025	-0.197025
20	Gm20_25545397	25545397	0.164474	-0.0381799	0.0381799	-0.0381799
20	Gm20_25555004	25555004	0.190789	-0.179051	0.179051	-0.179051
20	Gm20_25555331	25555331	0.157895	0.00369404	-0.00369404	0.00369404
20	Gm20_25558382	25558382	0.157895	0.0037289	-0.0037289	0.0037289
20	Gm20_25566777	25566777	0.157895	0.00376375	-0.00376375	0.00376375
20	Gm20_25600704	25600704	0.190789	-0.18719	0.18719	-0.18719
20	Gm20_25603178	25603178	0.157895	0.00473394	-0.00473394	0.00473394
20	Gm20_25617458	25617458	0.164474	-0.0372766	0.0372766	-0.0372766
20	Gm20_25642074	25642074	0.194079	-0.195179	0.195179	-0.195179
20	Gm20_25649765	25649765	0.157895	0.00549448	-0.00549448	0.00549448
20	Gm20_25661988	25661988	0.200658	-0.230366	0.230366	-0.230366
20	Gm20_25664096	25664096	0.161184	-0.0162763	0.0162763	-0.0162763
20	Gm20_25664326	25664326	0.161184	-0.0161495	0.0161495	-0.0161495
20	Gm20_25668608	25668608	0.157895	0.00490376	-0.00490376	0.00490376
20	Gm20_25752277	25752277	0.167763	-0.0563412	0.0563412	-0.0563412
20	Gm20_25754088	25754088	0.157895	0.00496594	-0.00496594	0.00496594
20	Gm20_25760322	25760322	0.194079	-0.194396	0.194396	-0.194396
20	Gm20_25760605	25760605	0.157895	0.00582099	-0.00582099	0.00582099
20	Gm20_25760715	25760715	0.190789	-0.184972	0.184972	-0.184972
20	Gm20_25762166	25762166	0.164474	-0.0356183	0.0356183	-0.0356183
20	Gm20_25762357	25762357	0.164474	-0.0354163	0.0354163	-0.0354163
20	Gm20_25762382	25762382	0.200658	-0.226493	0.226493	-0.226493
20	Gm20_25764826	25764826	0.194079	-0.190716	0.190716	-0.190716
20	Gm20_25764832	25764832	0.194079	-0.190477	0.190477	-0.190477
20	Gm20_25765973	25765973	0.161184	-0.0149022	0.0149022	-0.0149022
20	Gm20_25766011	25766011	0.161184	-0.0147605	0.0147605	-0.0147605
20	Gm20_25771304	25771304	0.164474	-0.0354139	0.0354139	-0.0354139
20	Gm20_25771355	25771355	0.164474	-0.0351876	0.0351876	-0.0351876
20	Gm20_25775486	25775486	0.161184	-0.014055	0.014055	-0.014055
20	Gm20_25775750	25775750	0.161184	-0.0138538	0.0138538	-0.0138538
20	Gm20_25787719	25787719	0.157895	0.00710982	-0.00710982	0.00710982
20	Gm20_25789488	25789488	0.161184	-0.0140674	0.0140674	-0.0140674
20	Gm20_25790971	25790971	0.194079	-0.190489	0.190489	-0.190489
20	Gm20_25805902	25805902	0.164474	-0.0329788	0.0329788	-0.0329788
20	Gm20_25806121	25806121	0.164474	-0.0327334	0.0327334	-0.0327334
20	Gm20_25808738	25808738	0.161184	-0.0115906	0.0115906	-0.0115906
20	Gm20_25821942	25821942	0.197368	-0.207643	0.207643	-0.207643
20	Gm20_25825942	25825942	0.157895	0.0103016	-0.0103016	0.0103016
20	Gm20_25827248	25827248	0.197368	-0.206173	0.206173	-0.206173
20	Gm20_25843857	25843857	0.194079	-0.187889	0.187889	-0.187889
20	Gm20_25859341	25859341	0.161184	-0.0102876	0.0102876	-0.0102876
20	Gm20_25859692	25859692	0.161184	-0.0100877	0.0100877	-0.0100877
20	Gm20_25877861	25877861	0.197368	-0.203989	0.203989	-0.203989
20	Gm20_25884580	25884580	0.200658	-0.221546	0.221546	-0.221546
20	Gm20_25884799	25884799	0.194079	-0.185216	0.185216	-0.185216
20	Gm20_25906558	25906558	0.161184	-0.00914476	0.00914476	-0.00914476
20	Gm20_25906887	25906887	0.164474	-0.0271486	0.0271486	-0.0271486
20	Gm20_25927860	25927860	0.157895	0.0145964	-0.0145964	0.0145964
20	Gm20_25928024	25928024	0.164474	-0.0257836	0.0257836	-0.0257836
20	Gm20_25928553	25928553	0.164474	-0.024965	0.024965	-0.024965
20	Gm20_25928805	25928805	0.167763	-0.043861	0.043861	-0.043861
20	Gm20_25928817	25928817	0.167763	-0.042527	0.042527	-0.042527
20	Gm20_25929199	25929199	0.164474	-0.0209486	0.0209486	-0.0209486
20	Gm20_25931132	25931132	0.194079	-0.175483	0.175483	-0.175483
20	Gm20_25935376	25935376	0.157895	0.0240237	-0.0240237	0.0240237
20	Gm20_25936385	25936385	0.161184	0.00395061	-0.00395061	0.00395061
20	Gm20_25936417	25936417	0.164474	-0.0158675	0.0158675	-0.0158675
20	Gm20_25937220	25937220	0.197368	-0.189159	0.189159	-0.189159
20	Gm20_25937242	25937242	0.157895	0.0274195	-0.0274195	0.0274195
20	Gm20_25937582	25937582	0.157895	0.0285769	-0.0285769	0.0285769
20	Gm20_25957462	25957462	0.157895	0.0296902	-0.0296902	0.0296902
20	Gm20_25962977	25962977	0.161184	0.0098147	-0.0098147	0.0098147
20	Gm20_25963017	25963017	0.161184	0.0108897	-0.0108897	0.0108897
20	Gm20_25963372	25963372	0.161184	0.0119697	-0.0119697	0.0119697
20	Gm20_25973618	25973618	0.197368	-0.181859	0.181859	-0.181859
20	Gm20_26018273	26018273	0.161184	0.0152004	-0.0152004	0.0152004
20	Gm20_26021903	26021903	0.157895	0.0373073	-0.0373073	0.0373073
20	Gm20_26103554	26103554	0.194079	-0.16081	0.16081	-0.16081
20	Gm20_26103726	26103726	0.161184	0.0189249	-0.0189249	0.0189249
20	Gm20_26104904	26104904	0.197368	-0.175529	0.175529	-0.175529
20	Gm20_26104920	26104920	0.161184	0.0205509	-0.0205509	0.0205509
20	Gm20_26155416	26155416	0.157895	0.0332203	-0.0332203	0.0332203
20	Gm20_26155547	26155547	0.161184	0.0223667	-0.0223667	0.0223667
20	Gm20_26173101	26173101	0.197368	-0.166931	0.166931	-0.166931
20	Gm20_26173886	26173886	0.200658	-0.183191	0.183191	-0.183191
20	Gm20_26193242	26193242	0.197368	-0.16448	0.16448	-0.16448
20	Gm20_26202031	26202031	0.197368	-0.164516	0.164516	-0.164516
20	Gm20_26222827	26222827	0.197368	-0.164097	0.164097	-0.164097
20	Gm20_26222847	26222847	0.161184	0.0269469	-0.0269469	0.0269469
20	Gm20_26227568	26227568	0.161184	0.0274404	-0.0274404	0.0274404
20	Gm20_26245616	26245616	0.197368	-0.164119	0.164119	-0.164119
20	Gm20_26245939	26245939	0.194079	-0.146538	0.146538	-0.146538
20	Gm20_26256974	26256974	0.161184	0.0286526	-0.0286526	0.0286526
20	Gm20_26278984	26278984	0.161184	0.0289308	-0.0289308	0.0289308
20	Gm20_26282278	26282278	0.154605	0.0623806	-0.0623806	0.0623806
20	Gm20_26306544	26306544	0.157895	0.050568	-0.050568	0.050568
20	Gm20_26306728	26306728	0.157895	0.051227	-0.051227	0.051227
20	Gm20_26314217	26314217	0.161184	0.0306527	-0.0306527	0.0306527
20	Gm20_26314555	26314555	0.197368	-0.162502	0.162502	-0.162502
20	Gm20_26351522	26351522	0.157895	0.0529221	-0.0529221	0.0529221
20	Gm20_26351569	26351569	0.157895	0.0536203	-0.0536203	0.0536203
20	Gm20_26369337	26369337	0.154605	0.0657171	-0.0657171	0.0657171
20	Gm20_26369729	26369729	0.157895	0.0486078	-0.0486078	0.0486078
20	Gm20_26373334	26373334	0.161184	0.028594	-0.028594	0.028594
20	Gm20_26373339	26373339	0.161184	0.0290194	-0.0290194	0.0290194
20	Gm20_26376082	26376082	0.161184	0.02985	-0.02985	0.02985
20	Gm20_26377116	26377116	0.197368	-0.160282	0.160282	-0.160282
20	Gm20_26377161	26377161	0.200658	-0.177146	0.177146	-0.177146
20	Gm20_26377186	26377186	0.197368	-0.158382	0.158382	-0.158382
20	Gm20_26386786	26386786	0.161184	0.0339611	-0.0339611	0.0339611
20	Gm20_26387530	26387530	0.161184	0.0350265	-0.0350265	0.0350265
20	Gm20_26387851	26387851	0.197368	-0.156873	0.156873	-0.156873
20	Gm20_26394392	26394392	0.197368	-0.155973	0.155973	-0.155973
20	Gm20_26396526	26396526	0.157895	0.057984	-0.057984	0.057984
20	Gm20_26397064	26397064	0.161184	0.0375163	-0.0375163	0.0375163
20	Gm20_26404588	26404588	0.157895	0.0595046	-0.0595046	0.0595046
20	Gm20_26414248	26414248	0.157895	0.0603503	-0.0603503	0.0603503
20	Gm20_26417368	26417368	0.161184	0.0301117	-0.0301117	0.0301117
20	Gm20_26434140	26434140	0.200658	-0.169133	0.169133	-0.169133
20	Gm20_26434162	26434162	0.200658	-0.168146	0.168146	-0.168146
20	Gm20_26434199	26434199	0.200658	-0.167148	0.167148	-0.167148
20	Gm20_26441207	26441207	0.161184	0.0420334	-0.0420334	0.0420334
20	Gm20_26444383	26444383	0.157895	0.0638431	-0.0638431	0.0638431
20	Gm20_26457046	26457046	0.157895	0.0645957	-0.0645957	0.0645957
20	Gm20_26458647	26458647	0.194079	-0.13158	0.13158	-0.13158
20	Gm20_26461050	26461050	0.164474	0.0249665	-0.0249665	0.0249665
20	Gm20_26461343	26461343	0.197368	-0.147173	0.147173	-0.147173
20	Gm20_26461358	26461358	0.161184	0.0476186	-0.0476186	0.0476186
20	Gm20_26467568	26467568	0.161184	0.0487	-0.0487	0.0487
20	Gm20_26467780	26467780	0.197368	-0.143777	0.143777	-0.143777
20	Gm20_26475519	26475519	0.157895	0.070263	-0.070263	0.070263
20	Gm20_26475590	26475590	0.157895	0.0712996	-0.0712996	0.0712996
20	Gm20_26476938	26476938	0.157895	0.0724	-0.0724	0.0724
20	Gm20_26477182	26477182	0.157895	0.0735135	-0.0735135	0.0735135
20	Gm20_26478930	26478930	0.161184	0.0536005	-0.0536005	0.0536005
20	Gm20_26478953	26478953	0.161184	0.0545045	-0.0545045	0.0545045
20	Gm20_26480607	26480607	0.194079	-0.117255	0.117255	-0.117255
20	Gm20_26504423	26504423	0.190789	-0.101744	0.101744	-0.101744
20	Gm20_26556348	26556348	0.200658	-0.154662	0.154662	-0.154662
20	Gm20_26556710	26556710	0.154605	0.0986812	-0.0986812	0.0986812
20	Gm20_26556897	26556897	0.154605	0.0998576	-0.0998576	0.0998576
20	Gm20_26556934	26556934	0.190789	-0.0994208	0.0994208	-0.0994208
20	Gm20_26602805	26602805	0.0526316	-0.0461467	0.0461467	-0.0461467
20	Gm20_26609907	26609907	0.210526	-0.174978	0.174978	-0.174978
20	Gm20_26617745	26617745	0.171053	0.0145136	-0.0145136	0.0145136
20	Gm20_26643328	26643328	0.157895	0.106352	-0.106352	0.106352
20	Gm20_26729337	26729337	0.157895	0.107746	-0.107746	0.107746
20	Gm20_26729546	26729546	0.203947	-0.134947	0.134947	-0.134947
20	Gm20_26729568	26729568	0.203947	-0.133525	0.133525	-0.133525
20	Gm20_26734255	26734255	0.161184	0.0915603	-0.0915603	0.0915603
20	Gm20_26734432	26734432	0.207237	-0.149459	0.149459	-0.149459
20	Gm20_26734469	26734469	0.161184	0.0934468	-0.0934468	0.0934468
20	Gm20_26734474	26734474	0.161184	0.0949076	-0.0949076	0.0949076
20	Gm20_26759281	26759281	0.157895	0.117322	-0.117322	0.117322
20	Gm20_26783235	26783235	0.493421	0.22666	-0.22666	0.22666
20	Gm20_26783706	26783706	0.332237	0.266974	-0.266974	0.266974
20	Gm20_26792452	26792452	0.296053	0.404839	-0.404839	0.404839
20	Gm20_26795246	26795246	0.164474	0.267488	-0.267488	0.267488
20	Gm20_26802301	26802301	0.493421	0.223423	-0.223423	0.223423
20	Gm20_26845116	26845116	0.286184	0.181655	-0.181655	0.181655
20	Gm20_26845179	26845179	0.309211	0.436487	-0.436487	0.436487
20	Gm20_26846325	26846325	0.335526	0.338579	-0.338579	0.338579
20	Gm20_26846523	26846523	0.335526	0.339158	-0.339158	0.339158
20	Gm20_26854353	26854353	0.335526	0.339739	-0.339739	0.339739
20	Gm20_26860095	26860095	0.292763	0.166785	-0.166785	0.166785
20	Gm20_26860576	26860576	0.296053	0.156572	-0.156572	0.156572
20	Gm20_26860591	26860591	0.335526	0.350786	-0.350786	0.350786
20	Gm20_26860630	26860630	0.299342	0.485657	-0.485657	0.485657
20	Gm20_26882747	26882747	0.292763	0.173609	-0.173609	0.173609
20	Gm20_26882801	26882801	0.335526	0.347736	-0.347736	0.347736
20	Gm20_26882927	26882927	0.335526	0.348304	-0.348304	0.348304
20	Gm20_26888544	26888544	0.335526	0.348873	-0.348873	0.348873
20	Gm20_26888563	26888563	0.335526	0.349443	-0.349443	0.349443
20	Gm20_26899596	26899596	0.368421	0.334138	-0.334138	0.334138
20	Gm20_26914153	26914153	0.335526	0.347068	-0.347068	0.347068
20	Gm20_26915826	26915826	0.342105	0.325861	-0.325861	0.325861
20	Gm20_26915839	26915839	0.342105	0.326403	-0.326403	0.326403
20	Gm20_26923939	26923939	0.335526	0.348817	-0.348817	0.348817
20	Gm20_26923968	26923968	0.299342	0.48046	-0.48046	0.48046
20	Gm20_26923994	26923994	0.305921	0.481426	-0.481426	0.481426
20	Gm20_26959431	26959431	0.292763	0.180233	-0.180233	0.180233
20	Gm20_26962324	26962324	0.296053	0.503876	-0.503876	0.503876
20	Gm20_26985003	26985003	0.292763	0.180014	-0.180014	0.180014
20	Gm20_26985041	26985041	0.299342	0.490153	-0.490153	0.490153
20	Gm20_27002684	27002684	0.296053	0.165065	-0.165065	0.165065
20	Gm20_27002903	27002903	0.0592105	0.529639	-0.529639	0.529639
20	Gm20_27035169	27035169	0.299342	0.47293	-0.47293	0.47293
20	Gm20_27076620	27076620	0.299342	0.472361	-0.472361	0.472361
20	Gm20_27076805	27076805	0.338816	0.0537427	-0.0537427	0.0537427
20	Gm20_27076816	27076816	0.299342	0.470389	-0.470389	0.470389
20	Gm20_27079489	27079489	0.335526	0.332951	-0.332951	0.332951
20	Gm20_27079522	27079522	0.296053	0.481916	-0.481916	0.481916
20	Gm20_27107384	27107384	0.292763	0.229618	-0.229618	0.229618
20	Gm20_27107389	27107389	0.335526	0.333489	-0.333489	0.333489
20	Gm20_27107412	27107412	0.299342	0.469264	-0.469264	0.469264
20	Gm20_27107437	27107437	0.368421	0.315992	-0.315992	0.315992
20	Gm20_27107774	27107774	0.368421	0.3155	-0.3155	0.3155
20	Gm20_27107822	27107822	0.299342	0.463545	-0.463545	0.463545
20	Gm20_27108037	27108037	0.332237	0.337657	-0.337657	0.337657
20	Gm20_27109902	27109902	0.299342	0.462918	-0.462918	0.462918
20	Gm20_27111387	27111387	0.404605	0.196713	-0.196713	0.196713
20	Gm20_27111613	27111613	0.299342	0.462144	-0.462144	0.462144
20	Gm20_27111623	27111623	0.299342	0.460988	-0.460988	0.460988
20	Gm20_27143690	27143690	0.342105	0.298907	-0.298907	0.298907
20	Gm20_27180916	27180916	0.292763	0.244046	-0.244046	0.244046
20	Gm20_27181078	27181078	0.299342	0.431643	-0.431643	0.431643
20	Gm20_27185348	27185348	0.299342	0.430498	-0.430498	0.430498
20	Gm20_27202336	27202336	0.299342	0.429352	-0.429352	0.429352
20	Gm20_27202555	27202555	0.296053	0.441361	-0.441361	0.441361
20	Gm20_27231189	27231189	0.296053	0.440211	-0.440211	0.440211
20	Gm20_27231605	27231605	0.299342	0.425553	-0.425553	0.425553
20	Gm20_27231921	27231921	0.342105	0.266812	-0.266812	0.266812
20	Gm20_27240856	27240856	0.296053	0.438462	-0.438462	0.438462
20	Gm20_27243910	27243910	0.299342	0.423667	-0.423667	0.423667
20	Gm20_27262352	27262352	0.296053	0.436011	-0.436011	0.436011
20	Gm20_27265994	27265994	0.296053	0.251009	-0.251009	0.251009
20	Gm20_27267244	27267244	0.335526	0.309316	-0.309316	0.309316
20	Gm20_27268887	27268887	0.335526	0.308197	-0.308197	0.308197
20	Gm20_27292232	27292232	0.404605	0.179118	-0.179118	0.179118
20	Gm20_27304915	27304915	0.368421	0.307521	-0.307521	0.307521
20	Gm20_27317930	27317930	0.371711	0.29828	-0.29828	0.29828
20	Gm20_27339469	27339469	0.361842	0.330749	-0.330749	0.330749
20	Gm20_27343119	27343119	0.335526	0.307948	-0.307948	0.307948
20	Gm20_27404854	27404854	0.335526	0.11075	-0.11075	0.11075
20	Gm20_27413064	27413064	0.335526	0.111438	-0.111438	0.111438
20	Gm20_27413354	27413354	0.335526	0.112173	-0.112173	0.112173
20	Gm20_27420489	27420489	0.328947	0.135271	-0.135271	0.135271
20	Gm20_27437471	27437471	0.348684	0.0653595	-0.0653595	0.0653595
20	Gm20_27437802	27437802	0.345395	0.0785559	-0.0785559	0.0785559
20	Gm20_27452978	27452978	0.365132	0.325942	-0.325942	0.325942
20	Gm20_27457343	27457343	0.338816	0.102934	-0.102934	0.102934
20	Gm20_27458884	27458884	0.111842	0.0840502	-0.0840502	0.0840502
20	Gm20_27459020	27459020	0.342105	0.0863169	-0.0863169	0.0863169
20	Gm20_27461672	27461672	0.335526	0.108474	-0.108474	0.108474
20	Gm20_27461979	27461979	0.335526	0.108706	-0.108706	0.108706
20	Gm20_27499953	27499953	0.335526	0.107193	-0.107193	0.107193
20	Gm20_27504251	27504251	0.296053	0.429201	-0.429201	0.429201
20	Gm20_27509552	27509552	0.332237	0.0960021	-0.0960021	0.0960021
20	Gm20_27525736	27525736	0.342105	0.0584167	-0.0584167	0.0584167
20	Gm20_27525759	27525759	0.342105	0.0586922	-0.0586922	0.0586922
20	Gm20_27525814	27525814	0.302632	0.195864	-0.195864	0.195864
20	Gm20_27532931	27532931	0.332237	0.0994802	-0.0994802	0.0994802
20	Gm20_27535107	27535107	0.328947	0.11193	-0.11193	0.11193
20	Gm20_27535639	27535639	0.335526	0.0819612	-0.0819612	0.0819612
20	Gm20_27535727	27535727	0.328947	0.109762	-0.109762	0.109762
20	Gm20_27535768	27535768	0.328947	0.109935	-0.109935	0.109935
20	Gm20_27547900	27547900	0.328947	0.115979	-0.115979	0.115979
20	Gm20_27547938	27547938	0.332237	0.103831	-0.103831	0.103831
20	Gm20_27548271	27548271	0.332237	0.104246	-0.104246	0.104246
20	Gm20_27571393	27571393	0.335526	0.0927141	-0.0927141	0.0927141
20	Gm20_27575398	27575398	0.328947	0.118692	-0.118692	0.118692
20	Gm20_27576005	27576005	0.332237	0.107157	-0.107157	0.107157
20	Gm20_27576403	27576403	0.361842	0.373434	-0.373434	0.373434
20	Gm20_27577498	27577498	0.345395	0.0850823	-0.0850823	0.0850823
20	Gm20_27577522	27577522	0.345395	0.0873659	-0.0873659	0.0873659
20	Gm20_27577532	27577532	0.338816	0.112953	-0.112953	0.112953
20	Gm20_27577837	27577837	0.351974	0.0645248	-0.0645248	0.0645248
20	Gm20_27582312	27582312	0.335526	0.118161	-0.118161	0.118161
20	Gm20_27582922	27582922	0.365132	0.376163	-0.376163	0.376163
20	Gm20_27594930	27594930	0.253289	0.387819	-0.387819	0.387819
20	Gm20_27661161	27661161	0.296053	0.363536	-0.363536	0.363536
20	Gm20_27661205	27661205	0.328947	0.236836	-0.236836	0.236836
20	Gm20_27661217	27661217	0.328947	0.235178	-0.235178	0.235178
20	Gm20_27661415	27661415	0.296053	0.358583	-0.358583	0.358583
20	Gm20_27661474	27661474	0.296053	0.356911	-0.356911	0.356911
20	Gm20_27661757	27661757	0.335526	0.210057	-0.210057	0.210057
20	Gm20_27661763	27661763	0.296053	0.358146	-0.358146	0.358146
20	Gm20_27661947	27661947	0.365132	0.383127	-0.383127	0.383127
20	Gm20_27670553	27670553	0.368421	0.372074	-0.372074	0.372074
20	Gm20_27676854	27676854	0.302632	0.321137	-0.321137	0.321137
20	Gm20_27676877	27676877	0.342105	0.169752	-0.169752	0.169752
20	Gm20_27677045	27677045	0.338816	0.179489	-0.179489	0.179489
20	Gm20_27677317	27677317	0.296053	0.339687	-0.339687	0.339687
20	Gm20_27677562	27677562	0.296053	0.337934	-0.337934	0.337934
20	Gm20_27686237	27686237	0.335526	0.185062	-0.185062	0.185062
20	Gm20_27686487	27686487	0.292763	0.347578	-0.347578	0.347578
20	Gm20_27689125	27689125	0.332237	0.194368	-0.194368	0.194368
20	Gm20_27719139	27719139	0.299342	0.317546	-0.317546	0.317546
20	Gm20_27805795	27805795	0.335526	0.177912	-0.177912	0.177912
20	Gm20_27816185	27816185	0.299342	0.312294	-0.312294	0.312294
20	Gm20_27816207	27816207	0.365132	0.403027	-0.403027	0.403027
20	Gm20_27818391	27818391	0.302632	0.291419	-0.291419	0.291419
20	Gm20_27825250	27825250	0.296053	0.317	-0.317	0.317
20	Gm20_27871090	27871090	0.338816	0.152719	-0.152719	0.152719
20	Gm20_27871118	27871118	0.299342	0.300713	-0.300713	0.300713
20	Gm20_27882506	27882506	0.338816	0.150088	-0.150088	0.150088
20	Gm20_27883102	27883102	0.299342	0.296925	-0.296925	0.296925
20	Gm20_27888789	27888789	0.302632	0.28289	-0.28289	0.28289
20	Gm20_27906552	27906552	0.299342	0.29452	-0.29452	0.29452
20	Gm20_27909248	27909248	0.338816	0.148614	-0.148614	0.148614
20	Gm20_27923446	27923446	0.335526	0.159686	-0.159686	0.159686
20	Gm20_27935044	27935044	0.342105	0.133485	-0.133485	0.133485
20	Gm20_27935069	27935069	0.342105	0.132094	-0.132094	0.132094
20	Gm20_27935287	27935287	0.365132	0.415268	-0.415268	0.415268
20	Gm20_27953188	27953188	0.335526	0.013098	-0.013098	0.013098
20	Gm20_27953499	27953499	0.299342	0.144148	-0.144148	0.144148
20	Gm20_27953529	27953529	0.335526	0.00465769	-0.00465769	0.00465769
20	Gm20_27974549	27974549	0.25	0.25807	-0.25807	0.25807
20	Gm20_27974783	27974783	0.338816	-0.0128795	0.0128795	-0.0128795
20	Gm20_27984204	27984204	0.332237	0.00739371	-0.00739371	0.00739371
20	Gm20_28019401	28019401	0.338816	-0.0185052	0.0185052	-0.0185052
20	Gm20_28057335	28057335	0.338816	-0.0194564	0.0194564	-0.0194564
20	Gm20_28057485	28057485	0.335526	-0.00845143	0.00845143	-0.00845143
20	Gm20_28057821	28057821	0.335526	-0.00979089	0.00979089	-0.00979089
20	Gm20_28062067	28062067	0.335526	-0.0110856	0.0110856	-0.0110856
20	Gm20_28062090	28062090	0.299342	0.120713	-0.120713	0.120713
20	Gm20_28062922	28062922	0.338816	-0.0224966	0.0224966	-0.0224966
20	Gm20_28065769	28065769	0.338816	-0.0238282	0.0238282	-0.0238282
20	Gm20_28069313	28069313	0.338816	-0.0252782	0.0252782	-0.0252782
20	Gm20_28070136	28070136	0.338816	-0.0257546	0.0257546	-0.0257546
20	Gm20_28075619	28075619	0.338816	-0.0280309	0.0280309	-0.0280309
20	Gm20_28097301	28097301	0.335526	-0.0168784	0.0168784	-0.0168784
20	Gm20_28127572	28127572	0.338816	-0.0311137	0.0311137	-0.0311137
20	Gm20_28127577	28127577	0.338816	-0.0326471	0.0326471	-0.0326471
20	Gm20_28134441	28134441	0.338816	-0.034292	0.034292	-0.034292
20	Gm20_28135846	28135846	0.335526	-0.0235969	0.0235969	-0.0235969
20	Gm20_28135869	28135869	0.335526	-0.0251129	0.0251129	-0.0251129
20	Gm20_28136104	28136104	0.328947	-0.00720015	0.00720015	-0.00720015
20	Gm20_28149566	28149566	0.335526	-0.0283774	0.0283774	-0.0283774
20	Gm20_28149857	28149857	0.302632	0.0878432	-0.0878432	0.0878432
20	Gm20_28179182	28179182	0.335526	-0.0397179	0.0397179	-0.0397179
20	Gm20_28208526	28208526	0.0559211	0.368552	-0.368552	0.368552
20	Gm20_28208546	28208546	0.299342	0.0744242	-0.0744242	0.0744242
20	Gm20_28208680	28208680	0.302632	0.059577	-0.059577	0.059577
20	Gm20_28210410	28210410	0.296053	0.0844699	-0.0844699	0.0844699
20	Gm20_28213777	28213777	0.342105	-0.0900824	0.0900824	-0.0900824
20	Gm20_28223713	28223713	0.299342	0.0649063	-0.0649063	0.0649063
20	Gm20_28223796	28223796	0.332237	-0.0579969	0.0579969	-0.0579969
20	Gm20_28225410	28225410	0.335526	-0.0725848	0.0725848	-0.0725848
20	Gm20_28225428	28225428	0.335526	-0.074492	0.074492	-0.074492
20	Gm20_28225641	28225641	0.335526	-0.0763839	0.0763839	-0.0763839
20	Gm20_28261599	28261599	0.335526	-0.0782301	0.0782301	-0.0782301
20	Gm20_28268457	28268457	0.332237	-0.0700276	0.0700276	-0.0700276
20	Gm20_28271487	28271487	0.342105	-0.108754	0.108754	-0.108754
20	Gm20_28271524	28271524	0.299342	0.0475635	-0.0475635	0.0475635
20	Gm20_28272314	28272314	0.335526	-0.0875341	0.0875341	-0.0875341
20	Gm20_28276781	28276781	0.338816	-0.101654	0.101654	-0.101654
20	Gm20_28276802	28276802	0.335526	-0.0906594	0.0906594	-0.0906594
20	Gm20_28283843	28283843	0.338816	-0.104978	0.104978	-0.104978
20	Gm20_28284046	28284046	0.338816	-0.106704	0.106704	-0.106704
20	Gm20_28313368	28313368	0.342105	-0.12097	0.12097	-0.12097
20	Gm20_28315270	28315270	0.292763	0.0632734	-0.0632734	0.0632734
20	Gm20_28319239	28319239	0.345395	-0.139201	0.139201	-0.139201
20	Gm20_28324745	28324745	0.328947	-0.0789552	0.0789552	-0.0789552
20	Gm20_28342159	28342159	0.296053	0.0448045	-0.0448045	0.0448045
20	Gm20_28346193	28346193	0.332237	-0.0916434	0.0916434	-0.0916434
20	Gm20_28396919	28396919	0.342105	-0.127438	0.127438	-0.127438
20	Gm20_28426070	28426070	0.335526	-0.106322	0.106322	-0.106322
20	Gm20_28426299	28426299	0.335526	-0.107968	0.107968	-0.107968
20	Gm20_28432592	28432592	0.338816	-0.122207	0.122207	-0.122207
20	Gm20_28513147	28513147	0.332237	-0.103638	0.103638	-0.103638
20	Gm20_28518391	28518391	0.338816	-0.123953	0.123953	-0.123953
20	Gm20_28518430	28518430	0.338816	-0.125477	0.125477	-0.125477
20	Gm20_28518711	28518711	0.338816	-0.126996	0.126996	-0.126996
20	Gm20_28525417	28525417	0.338816	-0.128809	0.128809	-0.128809
20	Gm20_28525436	28525436	0.338816	-0.130316	0.130316	-0.130316
20	Gm20_28526661	28526661	0.335526	-0.119182	0.119182	-0.119182
20	Gm20_28532257	28532257	0.338816	-0.133288	0.133288	-0.133288
20	Gm20_28532488	28532488	0.338816	-0.134788	0.134788	-0.134788
20	Gm20_28532526	28532526	0.338816	-0.136283	0.136283	-0.136283
20	Gm20_28533311	28533311	0.296053	0.0169378	-0.0169378	0.0169378
20	Gm20_28533359	28533359	0.335526	-0.129489	0.129489	-0.129489
20	Gm20_28536829	28536829	0.338816	-0.142799	0.142799	-0.142799
20	Gm20_28536882	28536882	0.338816	-0.14424	0.14424	-0.14424
20	Gm20_28537032	28537032	0.338816	-0.145677	0.145677	-0.145677
20	Gm20_28540714	28540714	0.342105	-0.159042	0.159042	-0.159042
20	Gm20_28540982	28540982	0.342105	-0.160534	0.160534	-0.160534
20	Gm20_28541051	28541051	0.342105	-0.161698	0.161698	-0.161698
20	Gm20_28544801	28544801	0.345395	-0.174813	0.174813	-0.174813
20	Gm20_28572993	28572993	0.332237	-0.140265	0.140265	-0.140265
20	Gm20_28630287	28630287	0.338816	-0.15666	0.15666	-0.15666
20	Gm20_28640831	28640831	0.296053	-0.00546276	0.00546276	-0.00546276
20	Gm20_28653499	28653499	0.338816	-0.165117	0.165117	-0.165117
20	Gm20_28653509	28653509	0.302632	-0.028964	0.028964	-0.028964
20	Gm20_28653528	28653528	0.338816	-0.166253	0.166253	-0.166253
20	Gm20_28657172	28657172	0.335526	-0.155879	0.155879	-0.155879
20	Gm20_28684337	28684337	0.296053	-0.0526712	0.0526712	-0.0526712
20	Gm20_28684351	28684351	0.276316	0.0482967	-0.0482967	0.0482967
20	Gm20_28694175	28694175	0.332237	-0.143684	0.143684	-0.143684
20	Gm20_28694431	28694431	0.328947	-0.135619	0.135619	-0.135619
20	Gm20_28694447	28694447	0.332237	-0.1425	0.1425	-0.1425
20	Gm20_28694458	28694458	0.325658	-0.117512	0.117512	-0.117512
20	Gm20_28757618	28757618	0.335526	-0.158386	0.158386	-0.158386
20	Gm20_28757665	28757665	0.335526	-0.15802	0.15802	-0.15802
20	Gm20_28757886	28757886	0.302632	-0.0237528	0.0237528	-0.0237528
20	Gm20_28773876	28773876	0.345395	-0.174285	0.174285	-0.174285
20	Gm20_28773916	28773916	0.348684	-0.186731	0.186731	-0.186731
20	Gm20_28774122	28774122	0.342105	-0.163731	0.163731	-0.163731
20	Gm20_28774182	28774182	0.342105	-0.163505	0.163505	-0.163505
20	Gm20_28966180	28966180	0.338816	-0.151732	0.151732	-0.151732
20	Gm20_28966368	28966368	0.338816	-0.151505	0.151505	-0.151505
20	Gm20_28986854	28986854	0.335526	-0.138908	0.138908	-0.138908
20	Gm20_28987416	28987416	0.338816	-0.150148	0.150148	-0.150148
20	Gm20_28987652	28987652	0.338816	-0.150083	0.150083	-0.150083
20	Gm20_28988523	28988523	0.338816	-0.149354	0.149354	-0.149354
20	Gm20_28988725	28988725	0.338816	-0.148165	0.148165	-0.148165
20	Gm20_28988733	28988733	0.342105	-0.157436	0.157436	-0.157436
20	Gm20_29009143	29009143	0.342105	-0.156371	0.156371	-0.156371
20	Gm20_29009271	29009271	0.338816	-0.142821	0.142821	-0.142821
20	Gm20_29009291	29009291	0.342105	-0.155036	0.155036	-0.155036
20	Gm20_29009343	29009343	0.302632	-0.0148366	0.0148366	-0.0148366
20	Gm20_29080959	29080959	0.338816	-0.154915	0.154915	-0.154915
20	Gm20_29081152	29081152	0.299342	-0.00347278	0.00347278	-0.00347278
20	Gm20_29081601	29081601	0.335526	-0.142346	0.142346	-0.142346
20	Gm20_29097602	29097602	0.335526	-0.139984	0.139984	-0.139984
20	Gm20_29097652	29097652	0.335526	-0.139276	0.139276	-0.139276
20	Gm20_29097911	29097911	0.335526	-0.138569	0.138569	-0.138569
20	Gm20_29097924	29097924	0.335526	-0.137863	0.137863	-0.137863
20	Gm20_29122021	29122021	0.299342	0.0036805	-0.0036805	0.0036805
20	Gm20_29147503	29147503	0.338816	-0.140586	0.140586	-0.140586
20	Gm20_29147510	29147510	0.338816	-0.13984	0.13984	-0.13984
20	Gm20_29147767	29147767	0.338816	-0.139116	0.139116	-0.139116
20	Gm20_29147828	29147828	0.345395	-0.160984	0.160984	-0.160984
20	Gm20_29147875	29147875	0.345395	-0.160266	0.160266	-0.160266
20	Gm20_29147888	29147888	0.345395	-0.159549	0.159549	-0.159549
20	Gm20_29148251	29148251	0.338816	-0.136932	0.136932	-0.136932
20	Gm20_29148271	29148271	0.335526	-0.126006	0.126006	-0.126006
20	Gm20_29148563	29148563	0.338816	-0.132737	0.132737	-0.132737
20	Gm20_29158986	29158986	0.299342	0.0131024	-0.0131024	0.0131024
20	Gm20_29178789	29178789	0.338816	-0.135874	0.135874	-0.135874
20	Gm20_29178813	29178813	0.292763	0.0413494	-0.0413494	0.0413494
20	Gm20_29178982	29178982	0.335526	-0.122982	0.122982	-0.122982
20	Gm20_29182623	29182623	0.335526	-0.121161	0.121161	-0.121161
20	Gm20_29182822	29182822	0.299342	0.0172911	-0.0172911	0.0172911
20	Gm20_29186665	29186665	0.299342	0.0181223	-0.0181223	0.0181223
20	Gm20_29186852	29186852	0.338816	-0.13078	0.13078	-0.13078
20	Gm20_29187180	29187180	0.342105	-0.140311	0.140311	-0.140311
20	Gm20_29187943	29187943	0.299342	0.0210072	-0.0210072	0.0210072
20	Gm20_29187964	29187964	0.342105	-0.128247	0.128247	-0.128247
20	Gm20_29188630	29188630	0.338816	-0.114928	0.114928	-0.114928
20	Gm20_29188747	29188747	0.338816	-0.114155	0.114155	-0.114155
20	Gm20_29188816	29188816	0.338816	-0.113691	0.113691	-0.113691
20	Gm20_29188872	29188872	0.338816	-0.112884	0.112884	-0.112884
20	Gm20_29188879	29188879	0.338816	-0.111676	0.111676	-0.111676
20	Gm20_29190068	29190068	0.335526	-0.0979054	0.0979054	-0.0979054
20	Gm20_29191208	29191208	0.345395	-0.130837	0.130837	-0.130837
20	Gm20_29192083	29192083	0.345395	-0.128696	0.128696	-0.128696
20	Gm20_29192281	29192281	0.345395	-0.12733	0.12733	-0.12733
20	Gm20_29192295	29192295	0.345395	-0.125713	0.125713	-0.125713
20	Gm20_29192313	29192313	0.345395	-0.124092	0.124092	-0.124092
20	Gm20_29192336	29192336	0.345395	-0.122701	0.122701	-0.122701
20	Gm20_29192555	29192555	0.345395	-0.121072	0.121072	-0.121072
20	Gm20_29193282	29193282	0.338816	-0.0969688	0.0969688	-0.0969688
20	Gm20_29196042	29196042	0.342105	-0.107975	0.107975	-0.107975
20	Gm20_29196083	29196083	0.342105	-0.106346	0.106346	-0.106346
20	Gm20_29233324	29233324	0.338816	-0.0922094	0.0922094	-0.0922094
20	Gm20_29234368	29234368	0.338816	-0.0912192	0.0912192	-0.0912192
20	Gm20_29237311	29237311	0.296053	0.0614287	-0.0614287	0.0614287
20	Gm20_29251254	29251254	0.335526	-0.0860076	0.0860076	-0.0860076
20	Gm20_29255581	29255581	0.335526	-0.083645	0.083645	-0.083645
20	Gm20_29255754	29255754	0.338816	-0.0943908	0.0943908	-0.0943908
20	Gm20_29257228	29257228	0.342105	-0.105711	0.105711	-0.105711
20	Gm20_29257248	29257248	0.342105	-0.104066	0.104066	-0.104066
20	Gm20_29260413	29260413	0.299342	0.0580417	-0.0580417	0.0580417
20	Gm20_29260593	29260593	0.338816	-0.0897071	0.0897071	-0.0897071
20	Gm20_29279078	29279078	0.335526	-0.0753827	0.0753827	-0.0753827
20	Gm20_29285965	29285965	0.335526	-0.0786538	0.0786538	-0.0786538
20	Gm20_29286125	29286125	0.299342	0.0640506	-0.0640506	0.0640506
20	Gm20_29291360	29291360	0.338816	-0.0836094	0.0836094	-0.0836094
20	Gm20_29291712	29291712	0.342105	-0.0905744	0.0905744	-0.0905744
20	Gm20_29308570	29308570	0.335526	-0.0657372	0.0657372	-0.0657372
20	Gm20_29313315	29313315	0.328947	-0.0441389	0.0441389	-0.0441389
20	Gm20_29313320	29313320	0.335526	-0.0622467	0.0622467	-0.0622467
20	Gm20_29321114	29321114	0.342105	-0.0856561	0.0856561	-0.0856561
20	Gm20_29323906	29323906	0.338816	-0.0712842	0.0712842	-0.0712842
20	Gm20_29360658	29360658	0.296053	0.0905234	-0.0905234	0.0905234
20	Gm20_29360866	29360866	0.335526	-0.0559821	0.0559821	-0.0559821
20	Gm20_29402989	29402989	0.335526	-0.0541436	0.0541436	-0.0541436
20	Gm20_29456978	29456978	0.335526	-0.0523011	0.0523011	-0.0523011
20	Gm20_29457124	29457124	0.338816	-0.0608849	0.0608849	-0.0608849
20	Gm20_29457253	29457253	0.335526	-0.0472927	0.0472927	-0.0472927
20	Gm20_29484890	29484890	0.335526	-0.0455309	0.0455309	-0.0455309
20	Gm20_29484913	29484913	0.342105	-0.0664383	0.0664383	-0.0664383
20	Gm20_29528607	29528607	0.296053	0.106025	-0.106025	0.106025
20	Gm20_29529036	29529036	0.299342	0.0943092	-0.0943092	0.0943092
20	Gm20_29534801	29534801	0.0657895	0.27722	-0.27722	0.27722
20	Gm20_29551283	29551283	0.335526	-0.0289806	0.0289806	-0.0289806
20	Gm20_29576238	29576238	0.335526	-0.0278818	0.0278818	-0.0278818
20	Gm20_29578420	29578420	0.292763	0.135643	-0.135643	0.135643
20	Gm20_29578981	29578981	0.342105	-0.0532342	0.0532342	-0.0532342
20	Gm20_33550332	33550332	0.404605	0.356395	-0.356395	0.356395
20	Gm20_33550385	33550385	0.154605	0.0626728	-0.0626728	0.0626728
20	Gm20_33553992	33553992	0.157895	0.047754	-0.047754	0.047754
20	Gm20_33554002	33554002	0.157895	0.0481461	-0.0481461	0.0481461
20	Gm20_33590871	33590871	0.131579	0.168132	-0.168132	0.168132
20	Gm20_33591018	33591018	0.131579	0.168771	-0.168771	0.168771
20	Gm20_33630381	33630381	0.384868	-0.318539	0.318539	-0.318539
20	Gm20_33630462	33630462	0.161184	0.408422	-0.408422	0.408422
20	Gm20_33630516	33630516	0.289474	-0.0642166	0.0642166	-0.0642166
20	Gm20_33630524	33630524	0.0888158	0.486841	-0.486841	0.486841
20	Gm20_33630532	33630532	0.289474	-0.0633014	0.0633014	-0.0633014
20	Gm20_33630697	33630697	0.378289	-0.305559	0.305559	-0.305559
20	Gm20_33630716	33630716	0.289474	-0.0654968	0.0654968	-0.0654968
20	Gm20_33630745	33630745	0.161184	0.399678	-0.399678	0.399678
20	Gm20_33710525	33710525	0.174342	0.137463	-0.137463	0.137463
20	Gm20_33727851	33727851	0.0921053	0.446867	-0.446867	0.446867
20	Gm20_33749159	33749159	0.463816	0.520447	-0.520447	0.520447
20	Gm20_33749170	33749170	0.299342	-0.00171986	0.00171986	-0.00171986
20	Gm20_33749209	33749209	0.299342	-0.00130623	0.00130623	-0.00130623
20	Gm20_33749225	33749225	0.463816	0.528634	-0.528634	0.528634
20	Gm20_33749384	33749384	0.151316	0.486132	-0.486132	0.486132
20	Gm20_33758717	33758717	0.0822368	0.581535	-0.581535	0.581535
20	Gm20_33759341	33759341	0.460526	0.485081	-0.485081	0.485081
20	Gm20_33759353	33759353	0.463816	0.478325	-0.478325	0.478325
20	Gm20_33759764	33759764	0.470395	0.458835	-0.458835	0.458835
20	Gm20_33761853	33761853	0.0822368	0.577484	-0.577484	0.577484
20	Gm20_33762316	33762316	0.0822368	0.577287	-0.577287	0.577287
20	Gm20_33765407	33765407	0.467105	0.473569	-0.473569	0.473569
20	Gm20_33765665	33765665	0.450658	-0.252769	0.252769	-0.252769
20	Gm20_33765674	33765674	0.0822368	0.582435	-0.582435	0.582435
20	Gm20_33768428	33768428	0.467105	0.459514	-0.459514	0.459514
20	Gm20_33768485	33768485	0.463816	0.469861	-0.469861	0.469861
20	Gm20_33768591	33768591	0.131579	0.555601	-0.555601	0.555601
20	Gm20_33768610	33768610	0.463816	0.51566	-0.51566	0.51566
20	Gm20_33768618	33768618	0.463816	0.515571	-0.515571	0.515571
20	Gm20_33775954	33775954	0.154605	0.466363	-0.466363	0.466363
20	Gm20_33802605	33802605	0.279605	-0.034304	0.034304	-0.034304
20	Gm20_33802635	33802635	0.190789	0.0883315	-0.0883315	0.0883315
20	Gm20_33827426	33827426	0.0921053	0.526906	-0.526906	0.526906
20	Gm20_33827434	33827434	0.217105	-0.0395624	0.0395624	-0.0395624
20	Gm20_33827467	33827467	0.0855263	0.541918	-0.541918	0.541918
20	Gm20_33827612	33827612	0.0921053	0.528588	-0.528588	0.528588
20	Gm20_33845418	33845418	0.3125	-0.173896	0.173896	-0.173896
20	Gm20_33862697	33862697	0.348684	-0.212227	0.212227	-0.212227
20	Gm20_33862724	33862724	0.342105	-0.194459	0.194459	-0.194459
20	Gm20_33872036	33872036	0.213816	0.182349	-0.182349	0.182349
20	Gm20_33872191	33872191	0.338816	-0.209308	0.209308	-0.209308
20	Gm20_33872204	33872204	0.213816	0.181408	-0.181408	0.181408
20	Gm20_33872247	33872247	0.131579	0.516082	-0.516082	0.516082
20	Gm20_33872257	33872257	0.338816	-0.213198	0.213198	-0.213198
20	Gm20_33872264	33872264	0.213816	0.159712	-0.159712	0.159712
20	Gm20_33905026	33905026	0.131579	0.500518	-0.500518	0.500518
20	Gm20_33910395	33910395	0.131579	0.500668	-0.500668	0.500668
20	Gm20_33910426	33910426	0.131579	0.500833	-0.500833	0.500833
20	Gm20_33910449	33910449	0.213816	0.154172	-0.154172	0.154172
20	Gm20_33927920	33927920	0.131579	0.502433	-0.502433	0.502433
20	Gm20_33941268	33941268	0.414474	0.545339	-0.545339	0.545339
20	Gm20_33974781	33974781	0.286184	-0.0238511	0.0238511	-0.0238511
20	Gm20_33980711	33980711	0.483553	-0.324227	0.324227	-0.324227
20	Gm20_33993529	33993529	0.0855263	0.650556	-0.650556	0.650556
20	Gm20_34019023	34019023	0.266447	0.157846	-0.157846	0.157846
20	Gm20_34019163	34019163	0.128289	0.40226	-0.40226	0.40226
20	Gm20_34023558	34023558	0.131579	0.610633	-0.610633	0.610633
20	Gm20_34027194	34027194	0.213816	0.126296	-0.126296	0.126296
20	Gm20_34027473	34027473	0.5	0.440184	-0.440184	0.440184
20	Gm20_34037988	34037988	0.125	0.436559	-0.436559	0.436559
20	Gm20_34073704	34073704	0.230263	0.202713	-0.202713	0.202713
20	Gm20_34073910	34073910	0.273026	0.133941	-0.133941	0.133941
20	Gm20_34073926	34073926	0.496711	0.384228	-0.384228	0.384228
20	Gm20_34083917	34083917	0.384868	-0.115639	0.115639	-0.115639
20	Gm20_34089183	34089183	0.138158	0.515023	-0.515023	0.515023
20	Gm20_34089509	34089509	0.411184	-0.172564	0.172564	-0.172564
20	Gm20_34089551	34089551	0.266447	0.173719	-0.173719	0.173719
20	Gm20_34106658	34106658	0.128289	0.562365	-0.562365	0.562365
20	Gm20_34149672	34149672	0.128289	0.561193	-0.561193	0.561193
20	Gm20_34149830	34149830	0.128289	0.560016	-0.560016	0.560016
20	Gm20_34152894	34152894	0.128289	0.558833	-0.558833	0.558833
20	Gm20_34152914	34152914	0.375	0.641916	-0.641916	0.641916
20	Gm20_34154178	34154178	0.128289	0.562499	-0.562499	0.562499
20	Gm20_34154456	34154456	0.256579	0.0833406	-0.0833406	0.0833406
20	Gm20_34154518	34154518	0.128289	0.567943	-0.567943	0.567943
20	Gm20_34176493	34176493	0.131579	0.363391	-0.363391	0.363391
20	Gm20_34181528	34181528	0.128289	0.541872	-0.541872	0.541872
20	Gm20_34194939	34194939	0.266447	0.193405	-0.193405	0.193405
20	Gm20_34205609	34205609	0.151316	0.374423	-0.374423	0.374423
20	Gm20_34208826	34208826	0.125	0.553898	-0.553898	0.553898
20	Gm20_34209723	34209723	0.138158	0.4562	-0.4562	0.4562
20	Gm20_34229665	34229665	0.125	0.557342	-0.557342	0.557342
20	Gm20_34239161	34239161	0.490132	-0.358144	0.358144	-0.358144
20	Gm20_34239167	34239167	0.276316	0.177521	-0.177521	0.177521
20	Gm20_34239203	34239203	0.194079	0.218709	-0.218709	0.218709
20	Gm20_34264804	34264804	0.440789	-0.285176	0.285176	-0.285176
20	Gm20_34264812	34264812	0.286184	0.12461	-0.12461	0.12461
20	Gm20_34280590	34280590	0.289474	0.116247	-0.116247	0.116247
20	Gm20_34286752	34286752	0.434211	0.509249	-0.509249	0.509249
20	Gm20_34289392	34289392	0.440789	0.488033	-0.488033	0.488033
20	Gm20_34363330	34363330	0.414474	-0.141707	0.141707	-0.141707
20	Gm20_34371781	34371781	0.440789	-0.229555	0.229555	-0.229555
20	Gm20_34375154	34375154	0.164474	0.109568	-0.109568	0.109568
20	Gm20_34416412	34416412	0.151316	0.180917	-0.180917	0.180917
20	Gm20_34459783	34459783	0.207237	0.127609	-0.127609	0.127609
20	Gm20_34480867	34480867	0.121711	0.419927	-0.419927	0.419927
20	Gm20_34481284	34481284	0.375	0.689144	-0.689144	0.689144
20	Gm20_34481479	34481479	0.476974	-0.283153	0.283153	-0.283153
20	Gm20_34505479	34505479	0.338816	0.069532	-0.069532	0.069532
20	Gm20_34505732	34505732	0.0592105	0.409648	-0.409648	0.409648
20	Gm20_34544586	34544586	0.467105	0.485615	-0.485615	0.485615
20	Gm20_34555782	34555782	0.299342	0.0979295	-0.0979295	0.0979295
20	Gm20_34565363	34565363	0.174342	0.357653	-0.357653	0.357653
20	Gm20_34565552	34565552	0.305921	0.319726	-0.319726	0.319726
20	Gm20_34567299	34567299	0.483553	0.201236	-0.201236	0.201236
20	Gm20_34567315	34567315	0.174342	0.469663	-0.469663	0.469663
20	Gm20_34571068	34571068	0.322368	0.262757	-0.262757	0.262757
20	Gm20_34581407	34581407	0.480263	0.206712	-0.206712	0.206712
20	Gm20_34582609	34582609	0.486842	0.186153	-0.186153	0.186153
20	Gm20_34685890	34685890	0.174342	0.417901	-0.417901	0.417901
20	Gm20_34698940	34698940	0.177632	0.398287	-0.398287	0.398287
20	Gm20_34720958	34720958	0.203947	0.257061	-0.257061	0.257061
20	Gm20_34771313	34771313	0.480263	-0.0903901	0.0903901	-0.0903901
20	Gm20_34771331	34771331	0.496711	0.166979	-0.166979	0.166979
20	Gm20_34806573	34806573	0.151316	0.556301	-0.556301	0.556301
20	Gm20_34809480	34809480	0.328947	0.248024	-0.248024	0.248024
20	Gm20_34809497	34809497	0.493421	-0.12821	0.12821	-0.12821
20	Gm20_34809760	34809760	0.493421	0.166312	-0.166312	0.166312
20	Gm20_34832060	34832060	0.148026	0.542606	-0.542606	0.542606
20	Gm20_34832067	34832067	0.394737	0.350445	-0.350445	0.350445
20	Gm20_34851941	34851941	0.151316	0.517213	-0.517213	0.517213
20	Gm20_34853740	34853740	0.148026	0.538798	-0.538798	0.538798
20	Gm20_34895712	34895712	0.174342	0.382027	-0.382027	0.382027
20	Gm20_34897762	34897762	0.167763	0.420836	-0.420836	0.420836
20	Gm20_34898437	34898437	0.381579	0.387064	-0.387064	0.387064
20	Gm20_34900328	34900328	0.171053	0.352309	-0.352309	0.352309
20	Gm20_34911095	34911095	0.203947	0.114572	-0.114572	0.114572
20	Gm20_34914940	34914940	0.174342	0.365749	-0.365749	0.365749
20	Gm20_34914947	34914947	0.1875	0.200321	-0.200321	0.200321
20	Gm20_34959938	34959938	0.154605	0.460862	-0.460862	0.460862
20	Gm20_35013041	35013041	0.171053	0.00621254	-0.00621254	0.00621254
