chr	id	pos	freq	ihh12
20	Gm20_2080417	2080417	0.194079	0
20	Gm20_2091771	2091771	0.105263	0
20	Gm20_2103497	2103497	0.233553	0
20	Gm20_2114709	2114709	0.394737	0
20	Gm20_2114718	2114718	0.154605	0
20	Gm20_2114749	2114749	0.223684	0
20	Gm20_2114770	2114770	0.154605	0
20	Gm20_2136967	2136967	0.197368	0
20	Gm20_2137260	2137260	0.197368	0
20	Gm20_2137352	2137352	0.151316	0
20	Gm20_2137645	2137645	0.197368	0
20	Gm20_2242014	2242014	0.3125	0
20	Gm20_2242071	2242071	0.174342	0
20	Gm20_2267583	2267583	0.3125	0
20	Gm20_2276432	2276432	0.3125	0
20	Gm20_2276644	2276644	0.138158	0
20	Gm20_2284520	2284520	0.167763	0
20	Gm20_2302826	2302826	0.4375	0
20	Gm20_2315381	2315381	0.417763	0
20	Gm20_2315433	2315433	0.144737	0
20	Gm20_2337843	2337843	0.111842	0
20	Gm20_2391304	2391304	0.335526	0
20	Gm20_2392152	2392152	0.0953947	0
20	Gm20_2404965	2404965	0.342105	0
20	Gm20_2404972	2404972	0.411184	0
20	Gm20_2475256	2475256	0.164474	0
20	Gm20_2487910	2487910	0.164474	0
20	Gm20_2489422	2489422	0.164474	0
20	Gm20_2489498	2489498	0.164474	0
20	Gm20_2489562	2489562	0.167763	0
20	Gm20_2518616	2518616	0.190789	0
20	Gm20_2518888	2518888	0.194079	0
20	Gm20_2534087	2534087	0.194079	0
20	Gm20_2534133	2534133	0.190789	0
20	Gm20_2551099	2551099	0.190789	0
20	Gm20_2568045	2568045	0.194079	0
20	Gm20_2580083	2580083	0.1875	0
20	Gm20_2582734	2582734	0.194079	0
20	Gm20_2582747	2582747	0.194079	0
20	Gm20_2592002	2592002	0.190789	0
20	Gm20_2592016	2592016	0.190789	0
20	Gm20_2592022	2592022	0.190789	0
20	Gm20_2594926	2594926	0.197368	0
20	Gm20_2595298	2595298	0.197368	0
20	Gm20_2597636	2597636	0.190789	0
20	Gm20_2735551	2735551	0.210526	0
20	Gm20_2758154	2758154	0.210526	0
20	Gm20_2758163	2758163	0.210526	0
20	Gm20_2770741	2770741	0.138158	0
20	Gm20_2771026	2771026	0.138158	0
20	Gm20_2771034	2771034	0.0559211	0
20	Gm20_2771412	2771412	0.0559211	0
20	Gm20_2772294	2772294	0.210526	0
20	Gm20_2772321	2772321	0.138158	0
20	Gm20_2772467	2772467	0.138158	0
20	Gm20_2773007	2773007	0.0592105	0
20	Gm20_2780465	2780465	0.138158	0
20	Gm20_2787901	2787901	0.282895	0
20	Gm20_2796258	2796258	0.134868	0
20	Gm20_2836258	2836258	0.144737	0
20	Gm20_2846349	2846349	0.453947	0
20	Gm20_2846652	2846652	0.256579	0
20	Gm20_2846943	2846943	0.144737	0
20	Gm20_2848536	2848536	0.148026	0
20	Gm20_2848876	2848876	0.256579	0
20	Gm20_2850837	2850837	0.450658	0
20	Gm20_2861573	2861573	0.197368	0
20	Gm20_2871375	2871375	0.144737	0
20	Gm20_2892878	2892878	0.131579	0
20	Gm20_2895372	2895372	0.259868	0
20	Gm20_2896041	2896041	0.134868	0
20	Gm20_2896050	2896050	0.134868	0
20	Gm20_2923538	2923538	0.226974	0
20	Gm20_2923863	2923863	0.226974	0
20	Gm20_2927033	2927033	0.365132	0
20	Gm20_2956829	2956829	0.111842	0
20	Gm20_2965557	2965557	0.134868	0
20	Gm20_2965566	2965566	0.134868	0
20	Gm20_2967001	2967001	0.0789474	0
20	Gm20_2984257	2984257	0.134868	0
20	Gm20_2999980	2999980	0.220395	0
20	Gm20_3025800	3025800	0.256579	0
20	Gm20_3025817	3025817	0.256579	0
20	Gm20_3063753	3063753	0.180921	0
20	Gm20_3063770	3063770	0.233553	0
20	Gm20_3093293	3093293	0.450658	0
20	Gm20_3093306	3093306	0.233553	0
20	Gm20_3093491	3093491	0.236842	0
20	Gm20_3093501	3093501	0.230263	0
20	Gm20_3115463	3115463	0.302632	0
20	Gm20_3115869	3115869	0.296053	0
20	Gm20_3115901	3115901	0.296053	0
20	Gm20_3128362	3128362	0.266447	0
20	Gm20_3141224	3141224	0.0756579	0
20	Gm20_3141499	3141499	0.233553	0
20	Gm20_3141732	3141732	0.0625	0
20	Gm20_3142873	3142873	0.273026	0
20	Gm20_3143153	3143153	0.230263	0
20	Gm20_3144766	3144766	0.305921	0
20	Gm20_3144917	3144917	0.0625	0
20	Gm20_3170567	3170567	0.273026	0
20	Gm20_3172512	3172512	0.243421	0
20	Gm20_3172565	3172565	0.240132	0
20	Gm20_3183999	3183999	0.305921	0
20	Gm20_3232408	3232408	0.0625	0
20	Gm20_3233092	3233092	0.0625	0
20	Gm20_3233319	3233319	0.0625	0
20	Gm20_3240926	3240926	0.0657895	0
20	Gm20_3241156	3241156	0.0625	0
20	Gm20_3241424	3241424	0.0592105	0
20	Gm20_3245976	3245976	0.0657895	0
20	Gm20_3246250	3246250	0.0657895	0
20	Gm20_3261803	3261803	0.0625	0
20	Gm20_3261899	3261899	0.0592105	0
20	Gm20_3265532	3265532	0.0625	0
20	Gm20_3266539	3266539	0.0657895	0
20	Gm20_3273975	3273975	0.0592105	0
20	Gm20_3276738	3276738	0.1875	0
20	Gm20_3303306	3303306	0.0657895	0
20	Gm20_3304684	3304684	0.0625	0
20	Gm20_3310650	3310650	0.0625	0
20	Gm20_3336899	3336899	0.0625	0
20	Gm20_3336997	3336997	0.0592105	0
20	Gm20_3344777	3344777	0.0625	0
20	Gm20_3350714	3350714	0.0625	0
20	Gm20_3358825	3358825	0.0625	0
20	Gm20_3359855	3359855	0.0592105	0
20	Gm20_3361269	3361269	0.0559211	0
20	Gm20_3361300	3361300	0.0592105	0
20	Gm20_3366640	3366640	0.0625	0
20	Gm20_3366765	3366765	0.184211	0
20	Gm20_3381028	3381028	0.0592105	0
20	Gm20_3381072	3381072	0.0592105	0
20	Gm20_3399599	3399599	0.0625	0
20	Gm20_3410537	3410537	0.0625	0
20	Gm20_3410808	3410808	0.0625	0
20	Gm20_3415422	3415422	0.1875	0
20	Gm20_3415832	3415832	0.0592105	0
20	Gm20_3415843	3415843	0.0592105	0
20	Gm20_3442326	3442326	0.0592105	0
20	Gm20_3442355	3442355	0.253289	0
20	Gm20_3452885	3452885	0.0625	0
20	Gm20_3453010	3453010	0.0625	0
20	Gm20_3453975	3453975	0.0592105	0
20	Gm20_3462824	3462824	0.0592105	0
20	Gm20_3463152	3463152	0.0592105	0
20	Gm20_3463904	3463904	0.0625	0
20	Gm20_3464272	3464272	0.0625	0
20	Gm20_3464548	3464548	0.0625	0
20	Gm20_3486366	3486366	0.0625	0
20	Gm20_3540820	3540820	0.0592105	0
20	Gm20_3583446	3583446	0.0625	0
20	Gm20_3588235	3588235	0.0625	0
20	Gm20_3589573	3589573	0.0625	0
20	Gm20_3589791	3589791	0.0625	0
20	Gm20_3603379	3603379	0.0625	0
20	Gm20_3603385	3603385	0.0625	0
20	Gm20_3607199	3607199	0.0592105	0
20	Gm20_3628849	3628849	0.243421	0
20	Gm20_3643095	3643095	0.0625	0
20	Gm20_3643855	3643855	0.0625	0
20	Gm20_3718628	3718628	0.0625	0
20	Gm20_3718684	3718684	0.240132	0
20	Gm20_3719266	3719266	0.0625	0
20	Gm20_3727547	3727547	0.0625	0
20	Gm20_3727611	3727611	0.0625	0
20	Gm20_3736632	3736632	0.0657895	0
20	Gm20_3736834	3736834	0.0657895	0
20	Gm20_3756291	3756291	0.0657895	0
20	Gm20_3839189	3839189	0.256579	0
20	Gm20_3848613	3848613	0.256579	0
20	Gm20_3848624	3848624	0.220395	0
20	Gm20_3878533	3878533	0.220395	0
20	Gm20_3881101	3881101	0.220395	0
20	Gm20_25401344	25401344	0.203947	0
20	Gm20_25401354	25401354	0.167763	0
20	Gm20_25401633	25401633	0.200658	0
20	Gm20_25401652	25401652	0.200658	0
20	Gm20_25401659	25401659	0.164474	0
20	Gm20_25408302	25408302	0.161184	0
20	Gm20_25408321	25408321	0.161184	0
20	Gm20_25411546	25411546	0.157895	0
20	Gm20_25415780	25415780	0.164474	0
20	Gm20_25421578	25421578	0.194079	0
20	Gm20_25423485	25423485	0.200658	0
20	Gm20_25423511	25423511	0.197368	0
20	Gm20_25424603	25424603	0.194079	0
20	Gm20_25424632	25424632	0.194079	0
20	Gm20_25438387	25438387	0.171053	0
20	Gm20_25442222	25442222	0.164474	0
20	Gm20_25490844	25490844	0.164474	0
20	Gm20_25495209	25495209	0.164474	0
20	Gm20_25495259	25495259	0.164474	0
20	Gm20_25535160	25535160	0.194079	0
20	Gm20_25540047	25540047	0.164474	0
20	Gm20_25540254	25540254	0.164474	0
20	Gm20_25540277	25540277	0.200658	0
20	Gm20_25541303	25541303	0.157895	0
20	Gm20_25545053	25545053	0.194079	0
20	Gm20_25545397	25545397	0.164474	0
20	Gm20_25555004	25555004	0.190789	0
20	Gm20_25555331	25555331	0.157895	0
20	Gm20_25558382	25558382	0.157895	0
20	Gm20_25566777	25566777	0.157895	0
20	Gm20_25600704	25600704	0.190789	0
20	Gm20_25603178	25603178	0.157895	0
20	Gm20_25617458	25617458	0.164474	0
20	Gm20_25642074	25642074	0.194079	0
20	Gm20_25649765	25649765	0.157895	0
20	Gm20_25661988	25661988	0.200658	0
20	Gm20_25664096	25664096	0.161184	0
20	Gm20_25664326	25664326	0.161184	0
20	Gm20_25668608	25668608	0.157895	0
20	Gm20_25752277	25752277	0.167763	0
20	Gm20_25754088	25754088	0.157895	0
20	Gm20_25760322	25760322	0.194079	0
20	Gm20_25760605	25760605	0.157895	0
20	Gm20_25760715	25760715	0.190789	0
20	Gm20_25762166	25762166	0.164474	0
20	Gm20_25762357	25762357	0.164474	0
20	Gm20_25762382	25762382	0.200658	0
20	Gm20_25764826	25764826	0.194079	0
20	Gm20_25764832	25764832	0.194079	0
20	Gm20_25765973	25765973	0.161184	0
20	Gm20_25766011	25766011	0.161184	0
20	Gm20_25771304	25771304	0.164474	0
20	Gm20_25771355	25771355	0.164474	0
20	Gm20_25775486	25775486	0.161184	0
20	Gm20_25775750	25775750	0.161184	0
20	Gm20_25787719	25787719	0.157895	0
20	Gm20_25789488	25789488	0.161184	0
20	Gm20_25790971	25790971	0.194079	0
20	Gm20_25805902	25805902	0.164474	0
20	Gm20_25806121	25806121	0.164474	0
20	Gm20_25808738	25808738	0.161184	0
20	Gm20_25821942	25821942	0.197368	0
20	Gm20_25825942	25825942	0.157895	0
20	Gm20_25827248	25827248	0.197368	0
20	Gm20_25843857	25843857	0.194079	0
20	Gm20_25859341	25859341	0.161184	0
20	Gm20_25859692	25859692	0.161184	0
20	Gm20_25877861	25877861	0.197368	0
20	Gm20_25884580	25884580	0.200658	0
20	Gm20_25884799	25884799	0.194079	0
20	Gm20_25906558	25906558	0.161184	0
20	Gm20_25906887	25906887	0.164474	0
20	Gm20_25927860	25927860	0.157895	0
20	Gm20_25928024	25928024	0.164474	0
20	Gm20_25928553	25928553	0.164474	0
20	Gm20_25928805	25928805	0.167763	0
20	Gm20_25928817	25928817	0.167763	0
20	Gm20_25929199	25929199	0.164474	0
20	Gm20_25931132	25931132	0.194079	0
20	Gm20_25935376	25935376	0.157895	0
20	Gm20_25936385	25936385	0.161184	0
20	Gm20_25936417	25936417	0.164474	0
20	Gm20_25937220	25937220	0.197368	0
20	Gm20_25937242	25937242	0.157895	0
20	Gm20_25937582	25937582	0.157895	0
20	Gm20_25957462	25957462	0.157895	0
20	Gm20_25962977	25962977	0.161184	0
20	Gm20_25963017	25963017	0.161184	0
20	Gm20_25963372	25963372	0.161184	0
20	Gm20_25973618	25973618	0.197368	0
20	Gm20_26018273	26018273	0.161184	0
20	Gm20_26021903	26021903	0.157895	0
20	Gm20_26103554	26103554	0.194079	0
20	Gm20_26103726	26103726	0.161184	0
20	Gm20_26104904	26104904	0.197368	0
20	Gm20_26104920	26104920	0.161184	0
20	Gm20_26155416	26155416	0.157895	0
20	Gm20_26155547	26155547	0.161184	0
20	Gm20_26173101	26173101	0.197368	0
20	Gm20_26173886	26173886	0.200658	0
20	Gm20_26193242	26193242	0.197368	0
20	Gm20_26202031	26202031	0.197368	0
20	Gm20_26222827	26222827	0.197368	0
20	Gm20_26222847	26222847	0.161184	0
20	Gm20_26227568	26227568	0.161184	0
20	Gm20_26245616	26245616	0.197368	0
20	Gm20_26245939	26245939	0.194079	0
20	Gm20_26256974	26256974	0.161184	0
20	Gm20_26278984	26278984	0.161184	0
20	Gm20_26282278	26282278	0.154605	0
20	Gm20_26306544	26306544	0.157895	0
20	Gm20_26306728	26306728	0.157895	0
20	Gm20_26314217	26314217	0.161184	0
20	Gm20_26314555	26314555	0.197368	0
20	Gm20_26351522	26351522	0.157895	0
20	Gm20_26351569	26351569	0.157895	0
20	Gm20_26369337	26369337	0.154605	0
20	Gm20_26369729	26369729	0.157895	0
20	Gm20_26373334	26373334	0.161184	0
20	Gm20_26373339	26373339	0.161184	0
20	Gm20_26376082	26376082	0.161184	0
20	Gm20_26377116	26377116	0.197368	0
20	Gm20_26377161	26377161	0.200658	0
20	Gm20_26377186	26377186	0.197368	0
20	Gm20_26386786	26386786	0.161184	0
20	Gm20_26387530	26387530	0.161184	0
20	Gm20_26387851	26387851	0.197368	0
20	Gm20_26394392	26394392	0.197368	0
20	Gm20_26396526	26396526	0.157895	0
20	Gm20_26397064	26397064	0.161184	0
20	Gm20_26404588	26404588	0.157895	0
20	Gm20_26414248	26414248	0.157895	0
20	Gm20_26417368	26417368	0.161184	0
20	Gm20_26434140	26434140	0.200658	0
20	Gm20_26434162	26434162	0.200658	0
20	Gm20_26434199	26434199	0.200658	0
20	Gm20_26441207	26441207	0.161184	0
20	Gm20_26444383	26444383	0.157895	0
20	Gm20_26457046	26457046	0.157895	0
20	Gm20_26458647	26458647	0.194079	0
20	Gm20_26461050	26461050	0.164474	0
20	Gm20_26461343	26461343	0.197368	0
20	Gm20_26461358	26461358	0.161184	0
20	Gm20_26467568	26467568	0.161184	0
20	Gm20_26467780	26467780	0.197368	0
20	Gm20_26475519	26475519	0.157895	0
20	Gm20_26475590	26475590	0.157895	0
20	Gm20_26476938	26476938	0.157895	0
20	Gm20_26477182	26477182	0.157895	0
20	Gm20_26478930	26478930	0.161184	0
20	Gm20_26478953	26478953	0.161184	0
20	Gm20_26480607	26480607	0.194079	0
20	Gm20_26504423	26504423	0.190789	0
20	Gm20_26556348	26556348	0.200658	0
20	Gm20_26556710	26556710	0.154605	0
20	Gm20_26556897	26556897	0.154605	0
20	Gm20_26556934	26556934	0.190789	0
20	Gm20_26602805	26602805	0.0526316	0
20	Gm20_26609907	26609907	0.210526	0
20	Gm20_26617745	26617745	0.171053	0
20	Gm20_26643328	26643328	0.157895	0
20	Gm20_26729337	26729337	0.157895	0
20	Gm20_26729546	26729546	0.203947	0
20	Gm20_26729568	26729568	0.203947	0
20	Gm20_26734255	26734255	0.161184	0
20	Gm20_26734432	26734432	0.207237	0
20	Gm20_26734469	26734469	0.161184	0
20	Gm20_26734474	26734474	0.161184	0
20	Gm20_26759281	26759281	0.157895	0
20	Gm20_26783235	26783235	0.493421	0
20	Gm20_26783706	26783706	0.332237	0
20	Gm20_26792452	26792452	0.296053	0
20	Gm20_26795246	26795246	0.164474	0
20	Gm20_26802301	26802301	0.493421	0
20	Gm20_26845116	26845116	0.286184	0
20	Gm20_26845179	26845179	0.309211	0
20	Gm20_26846325	26846325	0.335526	0
20	Gm20_26846523	26846523	0.335526	0
20	Gm20_26854353	26854353	0.335526	0
20	Gm20_26860095	26860095	0.292763	0
20	Gm20_26860576	26860576	0.296053	0
20	Gm20_26860591	26860591	0.335526	0
20	Gm20_26860630	26860630	0.299342	0
20	Gm20_26882747	26882747	0.292763	0
20	Gm20_26882801	26882801	0.335526	0
20	Gm20_26882927	26882927	0.335526	0
20	Gm20_26888544	26888544	0.335526	0
20	Gm20_26888563	26888563	0.335526	0
20	Gm20_26899596	26899596	0.368421	0
20	Gm20_26914153	26914153	0.335526	0
20	Gm20_26915826	26915826	0.342105	0
20	Gm20_26915839	26915839	0.342105	0
20	Gm20_26923939	26923939	0.335526	0
20	Gm20_26923968	26923968	0.299342	0
20	Gm20_26923994	26923994	0.305921	0
20	Gm20_26959431	26959431	0.292763	0
20	Gm20_26962324	26962324	0.296053	0
20	Gm20_26985003	26985003	0.292763	0
20	Gm20_26985041	26985041	0.299342	0
20	Gm20_27002684	27002684	0.296053	0
20	Gm20_27002903	27002903	0.0592105	0
20	Gm20_27035169	27035169	0.299342	0
20	Gm20_27076620	27076620	0.299342	0
20	Gm20_27076805	27076805	0.338816	0
20	Gm20_27076816	27076816	0.299342	0
20	Gm20_27079489	27079489	0.335526	0
20	Gm20_27079522	27079522	0.296053	0
20	Gm20_27107384	27107384	0.292763	0
20	Gm20_27107389	27107389	0.335526	0
20	Gm20_27107412	27107412	0.299342	0
20	Gm20_27107437	27107437	0.368421	0
20	Gm20_27107774	27107774	0.368421	0
20	Gm20_27107822	27107822	0.299342	0
20	Gm20_27108037	27108037	0.332237	0
20	Gm20_27109902	27109902	0.299342	0
20	Gm20_27111387	27111387	0.404605	0
20	Gm20_27111613	27111613	0.299342	0
20	Gm20_27111623	27111623	0.299342	0
20	Gm20_27143690	27143690	0.342105	0
20	Gm20_27180916	27180916	0.292763	0
20	Gm20_27181078	27181078	0.299342	0
20	Gm20_27185348	27185348	0.299342	0
20	Gm20_27202336	27202336	0.299342	0
20	Gm20_27202555	27202555	0.296053	0
20	Gm20_27231189	27231189	0.296053	0
20	Gm20_27231605	27231605	0.299342	0
20	Gm20_27231921	27231921	0.342105	0
20	Gm20_27240856	27240856	0.296053	0
20	Gm20_27243910	27243910	0.299342	0
20	Gm20_27262352	27262352	0.296053	0
20	Gm20_27265994	27265994	0.296053	0
20	Gm20_27267244	27267244	0.335526	0
20	Gm20_27268887	27268887	0.335526	0
20	Gm20_27292232	27292232	0.404605	0
20	Gm20_27304915	27304915	0.368421	0
20	Gm20_27317930	27317930	0.371711	0
20	Gm20_27339469	27339469	0.361842	0
20	Gm20_27343119	27343119	0.335526	0
20	Gm20_27404854	27404854	0.335526	0
20	Gm20_27413064	27413064	0.335526	0
20	Gm20_27413354	27413354	0.335526	0
20	Gm20_27420489	27420489	0.328947	0
20	Gm20_27437471	27437471	0.348684	0
20	Gm20_27437802	27437802	0.345395	0
20	Gm20_27452978	27452978	0.365132	0
20	Gm20_27457343	27457343	0.338816	0
20	Gm20_27458884	27458884	0.111842	0
20	Gm20_27459020	27459020	0.342105	0
20	Gm20_27461672	27461672	0.335526	0
20	Gm20_27461979	27461979	0.335526	0
20	Gm20_27499953	27499953	0.335526	0
20	Gm20_27504251	27504251	0.296053	0
20	Gm20_27509552	27509552	0.332237	0
20	Gm20_27525736	27525736	0.342105	0
20	Gm20_27525759	27525759	0.342105	0
20	Gm20_27525814	27525814	0.302632	0
20	Gm20_27532931	27532931	0.332237	0
20	Gm20_27535107	27535107	0.328947	0
20	Gm20_27535639	27535639	0.335526	0
20	Gm20_27535727	27535727	0.328947	0
20	Gm20_27535768	27535768	0.328947	0
20	Gm20_27547900	27547900	0.328947	0
20	Gm20_27547938	27547938	0.332237	0
20	Gm20_27548271	27548271	0.332237	0
20	Gm20_27571393	27571393	0.335526	0
20	Gm20_27575398	27575398	0.328947	0
20	Gm20_27576005	27576005	0.332237	0
20	Gm20_27576403	27576403	0.361842	0
20	Gm20_27577498	27577498	0.345395	0
20	Gm20_27577522	27577522	0.345395	0
20	Gm20_27577532	27577532	0.338816	0
20	Gm20_27577837	27577837	0.351974	0
20	Gm20_27582312	27582312	0.335526	0
20	Gm20_27582922	27582922	0.365132	0
20	Gm20_27594930	27594930	0.253289	0
20	Gm20_27661161	27661161	0.296053	0
20	Gm20_27661205	27661205	0.328947	0
20	Gm20_27661217	27661217	0.328947	0
20	Gm20_27661415	27661415	0.296053	0
20	Gm20_27661474	27661474	0.296053	0
20	Gm20_27661757	27661757	0.335526	0
20	Gm20_27661763	27661763	0.296053	0
20	Gm20_27661947	27661947	0.365132	0
20	Gm20_27670553	27670553	0.368421	0
20	Gm20_27676854	27676854	0.302632	0
20	Gm20_27676877	27676877	0.342105	0
20	Gm20_27677045	27677045	0.338816	0
20	Gm20_27677317	27677317	0.296053	0
20	Gm20_27677562	27677562	0.296053	0
20	Gm20_27686237	27686237	0.335526	0
20	Gm20_27686487	27686487	0.292763	0
20	Gm20_27689125	27689125	0.332237	0
20	Gm20_27719139	27719139	0.299342	0
20	Gm20_27805795	27805795	0.335526	0
20	Gm20_27816185	27816185	0.299342	0
20	Gm20_27816207	27816207	0.365132	0
20	Gm20_27818391	27818391	0.302632	0
20	Gm20_27825250	27825250	0.296053	0
20	Gm20_27871090	27871090	0.338816	0
20	Gm20_27871118	27871118	0.299342	0
20	Gm20_27882506	27882506	0.338816	0
20	Gm20_27883102	27883102	0.299342	0
20	Gm20_27888789	27888789	0.302632	0
20	Gm20_27906552	27906552	0.299342	0
20	Gm20_27909248	27909248	0.338816	0
20	Gm20_27923446	27923446	0.335526	0
20	Gm20_27935044	27935044	0.342105	0
20	Gm20_27935069	27935069	0.342105	0
20	Gm20_27935287	27935287	0.365132	0
20	Gm20_27953188	27953188	0.335526	0
20	Gm20_27953499	27953499	0.299342	0
20	Gm20_27953529	27953529	0.335526	0
20	Gm20_27974549	27974549	0.25	0
20	Gm20_27974783	27974783	0.338816	0
20	Gm20_27984204	27984204	0.332237	0
20	Gm20_28019401	28019401	0.338816	0
20	Gm20_28057335	28057335	0.338816	0
20	Gm20_28057485	28057485	0.335526	0
20	Gm20_28057821	28057821	0.335526	0
20	Gm20_28062067	28062067	0.335526	0
20	Gm20_28062090	28062090	0.299342	0
20	Gm20_28062922	28062922	0.338816	0
20	Gm20_28065769	28065769	0.338816	0
20	Gm20_28069313	28069313	0.338816	0
20	Gm20_28070136	28070136	0.338816	0
20	Gm20_28075619	28075619	0.338816	0
20	Gm20_28097301	28097301	0.335526	0
20	Gm20_28127572	28127572	0.338816	0
20	Gm20_28127577	28127577	0.338816	0
20	Gm20_28134441	28134441	0.338816	0
20	Gm20_28135846	28135846	0.335526	0
20	Gm20_28135869	28135869	0.335526	0
20	Gm20_28136104	28136104	0.328947	0
20	Gm20_28149566	28149566	0.335526	0
20	Gm20_28149857	28149857	0.302632	0
20	Gm20_28179182	28179182	0.335526	0
20	Gm20_28208526	28208526	0.0559211	0
20	Gm20_28208546	28208546	0.299342	0
20	Gm20_28208680	28208680	0.302632	0
20	Gm20_28210410	28210410	0.296053	0
20	Gm20_28213777	28213777	0.342105	0
20	Gm20_28223713	28223713	0.299342	0
20	Gm20_28223796	28223796	0.332237	0
20	Gm20_28225410	28225410	0.335526	0
20	Gm20_28225428	28225428	0.335526	0
20	Gm20_28225641	28225641	0.335526	0
20	Gm20_28261599	28261599	0.335526	0
20	Gm20_28268457	28268457	0.332237	0
20	Gm20_28271487	28271487	0.342105	0
20	Gm20_28271524	28271524	0.299342	0
20	Gm20_28272314	28272314	0.335526	0
20	Gm20_28276781	28276781	0.338816	0
20	Gm20_28276802	28276802	0.335526	0
20	Gm20_28283843	28283843	0.338816	0
20	Gm20_28284046	28284046	0.338816	0
20	Gm20_28313368	28313368	0.342105	0
20	Gm20_28315270	28315270	0.292763	0
20	Gm20_28319239	28319239	0.345395	0
20	Gm20_28324745	28324745	0.328947	0
20	Gm20_28342159	28342159	0.296053	0
20	Gm20_28346193	28346193	0.332237	0
20	Gm20_28396919	28396919	0.342105	0
20	Gm20_28426070	28426070	0.335526	0
20	Gm20_28426299	28426299	0.335526	0
20	Gm20_28432592	28432592	0.338816	0
20	Gm20_28513147	28513147	0.332237	0
20	Gm20_28518391	28518391	0.338816	0
20	Gm20_28518430	28518430	0.338816	0
20	Gm20_28518711	28518711	0.338816	0
20	Gm20_28525417	28525417	0.338816	0
20	Gm20_28525436	28525436	0.338816	0
20	Gm20_28526661	28526661	0.335526	0
20	Gm20_28532257	28532257	0.338816	0
20	Gm20_28532488	28532488	0.338816	0
20	Gm20_28532526	28532526	0.338816	0
20	Gm20_28533311	28533311	0.296053	0
20	Gm20_28533359	28533359	0.335526	0
20	Gm20_28536829	28536829	0.338816	0
20	Gm20_28536882	28536882	0.338816	0
20	Gm20_28537032	28537032	0.338816	0
20	Gm20_28540714	28540714	0.342105	0
20	Gm20_28540982	28540982	0.342105	0
20	Gm20_28541051	28541051	0.342105	0
20	Gm20_28544801	28544801	0.345395	0
20	Gm20_28572993	28572993	0.332237	0
20	Gm20_28630287	28630287	0.338816	0
20	Gm20_28640831	28640831	0.296053	0
20	Gm20_28653499	28653499	0.338816	0
20	Gm20_28653509	28653509	0.302632	0
20	Gm20_28653528	28653528	0.338816	0
20	Gm20_28657172	28657172	0.335526	0
20	Gm20_28684337	28684337	0.296053	0
20	Gm20_28684351	28684351	0.276316	0
20	Gm20_28694175	28694175	0.332237	0
20	Gm20_28694431	28694431	0.328947	0
20	Gm20_28694447	28694447	0.332237	0
20	Gm20_28694458	28694458	0.325658	0
20	Gm20_28757618	28757618	0.335526	0
20	Gm20_28757665	28757665	0.335526	0
20	Gm20_28757886	28757886	0.302632	0
20	Gm20_28773876	28773876	0.345395	0
20	Gm20_28773916	28773916	0.348684	0
20	Gm20_28774122	28774122	0.342105	0
20	Gm20_28774182	28774182	0.342105	0
20	Gm20_28966180	28966180	0.338816	0
20	Gm20_28966368	28966368	0.338816	0
20	Gm20_28986854	28986854	0.335526	0
20	Gm20_28987416	28987416	0.338816	0
20	Gm20_28987652	28987652	0.338816	0
20	Gm20_28988523	28988523	0.338816	0
20	Gm20_28988725	28988725	0.338816	0
20	Gm20_28988733	28988733	0.342105	0
20	Gm20_29009143	29009143	0.342105	0
20	Gm20_29009271	29009271	0.338816	0
20	Gm20_29009291	29009291	0.342105	0
20	Gm20_29009343	29009343	0.302632	0
20	Gm20_29080959	29080959	0.338816	0
20	Gm20_29081152	29081152	0.299342	0
20	Gm20_29081601	29081601	0.335526	0
20	Gm20_29097602	29097602	0.335526	0
20	Gm20_29097652	29097652	0.335526	0
20	Gm20_29097911	29097911	0.335526	0
20	Gm20_29097924	29097924	0.335526	0
20	Gm20_29122021	29122021	0.299342	0
20	Gm20_29147503	29147503	0.338816	0
20	Gm20_29147510	29147510	0.338816	0
20	Gm20_29147767	29147767	0.338816	0
20	Gm20_29147828	29147828	0.345395	0
20	Gm20_29147875	29147875	0.345395	0
20	Gm20_29147888	29147888	0.345395	0
20	Gm20_29148251	29148251	0.338816	0
20	Gm20_29148271	29148271	0.335526	0
20	Gm20_29148563	29148563	0.338816	0
20	Gm20_29158986	29158986	0.299342	0
20	Gm20_29178789	29178789	0.338816	0
20	Gm20_29178813	29178813	0.292763	0
20	Gm20_29178982	29178982	0.335526	0
20	Gm20_29182623	29182623	0.335526	0
20	Gm20_29182822	29182822	0.299342	0
20	Gm20_29186665	29186665	0.299342	0
20	Gm20_29186852	29186852	0.338816	0
20	Gm20_29187180	29187180	0.342105	0
20	Gm20_29187943	29187943	0.299342	0
20	Gm20_29187964	29187964	0.342105	0
20	Gm20_29188630	29188630	0.338816	0
20	Gm20_29188747	29188747	0.338816	0
20	Gm20_29188816	29188816	0.338816	0
20	Gm20_29188872	29188872	0.338816	0
20	Gm20_29188879	29188879	0.338816	0
20	Gm20_29190068	29190068	0.335526	0
20	Gm20_29191208	29191208	0.345395	0
20	Gm20_29192083	29192083	0.345395	0
20	Gm20_29192281	29192281	0.345395	0
20	Gm20_29192295	29192295	0.345395	0
20	Gm20_29192313	29192313	0.345395	0
20	Gm20_29192336	29192336	0.345395	0
20	Gm20_29192555	29192555	0.345395	0
20	Gm20_29193282	29193282	0.338816	0
20	Gm20_29196042	29196042	0.342105	0
20	Gm20_29196083	29196083	0.342105	0
20	Gm20_29233324	29233324	0.338816	0
20	Gm20_29234368	29234368	0.338816	0
20	Gm20_29237311	29237311	0.296053	0
20	Gm20_29251254	29251254	0.335526	0
20	Gm20_29255581	29255581	0.335526	0
20	Gm20_29255754	29255754	0.338816	0
20	Gm20_29257228	29257228	0.342105	0
20	Gm20_29257248	29257248	0.342105	0
20	Gm20_29260413	29260413	0.299342	0
20	Gm20_29260593	29260593	0.338816	0
20	Gm20_29279078	29279078	0.335526	0
20	Gm20_29285965	29285965	0.335526	0
20	Gm20_29286125	29286125	0.299342	0
20	Gm20_29291360	29291360	0.338816	0
20	Gm20_29291712	29291712	0.342105	0
20	Gm20_29308570	29308570	0.335526	0
20	Gm20_29313315	29313315	0.328947	0
20	Gm20_29313320	29313320	0.335526	0
20	Gm20_29321114	29321114	0.342105	0
20	Gm20_29323906	29323906	0.338816	0
20	Gm20_29360658	29360658	0.296053	0
20	Gm20_29360866	29360866	0.335526	0
20	Gm20_29402989	29402989	0.335526	0
20	Gm20_33758717	33758717	0.0822368	0
20	Gm20_33759341	33759341	0.460526	0
20	Gm20_33759353	33759353	0.463816	0
20	Gm20_33759764	33759764	0.470395	0
20	Gm20_33761853	33761853	0.0822368	0
20	Gm20_33762316	33762316	0.0822368	0
20	Gm20_33765407	33765407	0.467105	0
20	Gm20_33765665	33765665	0.450658	0
20	Gm20_33765674	33765674	0.0822368	0
20	Gm20_33768428	33768428	0.467105	0
20	Gm20_33768485	33768485	0.463816	0
20	Gm20_33768591	33768591	0.131579	0
20	Gm20_33768610	33768610	0.463816	0
20	Gm20_33768618	33768618	0.463816	0
20	Gm20_33775954	33775954	0.154605	0
20	Gm20_33802605	33802605	0.279605	0
20	Gm20_33802635	33802635	0.190789	0
20	Gm20_33827426	33827426	0.0921053	0
20	Gm20_33827434	33827434	0.217105	0
20	Gm20_33827467	33827467	0.0855263	0
20	Gm20_33827612	33827612	0.0921053	0
20	Gm20_33845418	33845418	0.3125	0
20	Gm20_33862697	33862697	0.348684	0
20	Gm20_33862724	33862724	0.342105	0
20	Gm20_33872036	33872036	0.213816	0
20	Gm20_33872191	33872191	0.338816	0
20	Gm20_33872204	33872204	0.213816	0
20	Gm20_33872247	33872247	0.131579	0
20	Gm20_33872257	33872257	0.338816	0
20	Gm20_33872264	33872264	0.213816	0
20	Gm20_33905026	33905026	0.131579	0
20	Gm20_33910395	33910395	0.131579	0
20	Gm20_33910426	33910426	0.131579	0
20	Gm20_33910449	33910449	0.213816	0
20	Gm20_33927920	33927920	0.131579	0
20	Gm20_33941268	33941268	0.414474	0
20	Gm20_33974781	33974781	0.286184	0
20	Gm20_33980711	33980711	0.483553	0
20	Gm20_33993529	33993529	0.0855263	0
20	Gm20_34019023	34019023	0.266447	0
20	Gm20_34019163	34019163	0.128289	0
20	Gm20_34023558	34023558	0.131579	0
20	Gm20_34027194	34027194	0.213816	0
20	Gm20_34027473	34027473	0.5	0
20	Gm20_34037988	34037988	0.125	0
20	Gm20_34073704	34073704	0.230263	0
20	Gm20_34073910	34073910	0.273026	0
20	Gm20_34073926	34073926	0.496711	0
20	Gm20_34083917	34083917	0.384868	0
20	Gm20_34089183	34089183	0.138158	0
20	Gm20_34089509	34089509	0.411184	0
20	Gm20_34089551	34089551	0.266447	0
20	Gm20_34106658	34106658	0.128289	0
20	Gm20_34149672	34149672	0.128289	0
20	Gm20_34149830	34149830	0.128289	0
20	Gm20_34152894	34152894	0.128289	0
20	Gm20_34152914	34152914	0.375	0
20	Gm20_34154178	34154178	0.128289	0
20	Gm20_34154456	34154456	0.256579	0
20	Gm20_34154518	34154518	0.128289	0
20	Gm20_34176493	34176493	0.131579	0
20	Gm20_34181528	34181528	0.128289	0
20	Gm20_34194939	34194939	0.266447	0
20	Gm20_34205609	34205609	0.151316	0
20	Gm20_34208826	34208826	0.125	0
20	Gm20_34209723	34209723	0.138158	0
20	Gm20_34229665	34229665	0.125	0
20	Gm20_34239161	34239161	0.490132	0
20	Gm20_34239167	34239167	0.276316	0
20	Gm20_34239203	34239203	0.194079	0
20	Gm20_34264804	34264804	0.440789	0
20	Gm20_34264812	34264812	0.286184	0
20	Gm20_34280590	34280590	0.289474	0
20	Gm20_34286752	34286752	0.434211	0
20	Gm20_34289392	34289392	0.440789	0
20	Gm20_34363330	34363330	0.414474	0
20	Gm20_34371781	34371781	0.440789	0
20	Gm20_34375154	34375154	0.164474	0
20	Gm20_34416412	34416412	0.151316	0
20	Gm20_34459783	34459783	0.207237	0
20	Gm20_34480867	34480867	0.121711	0
20	Gm20_34481284	34481284	0.375	0
20	Gm20_34481479	34481479	0.476974	0
20	Gm20_34505479	34505479	0.338816	0
20	Gm20_34505732	34505732	0.0592105	0
20	Gm20_34544586	34544586	0.467105	0
20	Gm20_34555782	34555782	0.299342	0
20	Gm20_34565363	34565363	0.174342	0
20	Gm20_34565552	34565552	0.305921	0
20	Gm20_34567299	34567299	0.483553	0
20	Gm20_34567315	34567315	0.174342	0
20	Gm20_34571068	34571068	0.322368	0
20	Gm20_34581407	34581407	0.480263	0
20	Gm20_34582609	34582609	0.486842	0
20	Gm20_34685890	34685890	0.174342	0
20	Gm20_34698940	34698940	0.177632	0
20	Gm20_34720958	34720958	0.203947	0
20	Gm20_34771313	34771313	0.480263	0
20	Gm20_34771331	34771331	0.496711	0
20	Gm20_34806573	34806573	0.151316	0
20	Gm20_34809480	34809480	0.328947	0
20	Gm20_34809497	34809497	0.493421	0
20	Gm20_34809760	34809760	0.493421	0
20	Gm20_34832060	34832060	0.148026	0
20	Gm20_34832067	34832067	0.394737	0
20	Gm20_34851941	34851941	0.151316	0
20	Gm20_34853740	34853740	0.148026	0
20	Gm20_34895712	34895712	0.174342	0
20	Gm20_34897762	34897762	0.167763	0
20	Gm20_34898437	34898437	0.381579	0
20	Gm20_34900328	34900328	0.171053	0
20	Gm20_34911095	34911095	0.203947	0
20	Gm20_34914940	34914940	0.174342	0
20	Gm20_34914947	34914947	0.1875	0
20	Gm20_34959938	34959938	0.154605	0
20	Gm20_35013041	35013041	0.171053	0
20	Gm20_35013377	35013377	0.118421	0
20	Gm20_35056972	35056972	0.0690789	0
20	Gm20_43696794	43696794	0.154605	0
20	Gm20_43696827	43696827	0.101974	0
20	Gm20_43697003	43697003	0.154605	0
20	Gm20_43697043	43697043	0.101974	0
20	Gm20_43702991	43702991	0.398026	0
20	Gm20_43774715	43774715	0.493421	0
20	Gm20_43796054	43796054	0.5	0
20	Gm20_43861912	43861912	0.490132	0
20	Gm20_43895225	43895225	0.375	0
20	Gm20_43896909	43896909	0.375	0
20	Gm20_43913117	43913117	0.368421	0
20	Gm20_43913167	43913167	0.368421	0
20	Gm20_43923895	43923895	0.375	0
