chr	id	pos	gpos	p1	sL1	p2	sL2	xpnsl
20	Gm20_2315433	2315433	2.31543	0.123077	24.831	0.0789474	51.3467	-0.315518
20	Gm20_2337843	2337843	2.33784	0.0923077	25.4791	0.0526316	51.5906	-0.306386
20	Gm20_2391304	2391304	2.3913	0.384615	25.1142	0.0921053	51.3064	-0.310253
20	Gm20_2392152	2392152	2.39215	0.0461538	25.47	0.236842	49.8297	-0.291459
20	Gm20_2404965	2404965	2.40496	0.4	25.8093	0.0921053	56.9727	-0.34389
20	Gm20_2404972	2404972	2.40497	0.446154	28.6263	0.184211	56.8293	-0.297807
20	Gm20_2475256	2475256	2.47526	0.276923	37.4987	0.0921053	61.8308	-0.217189
20	Gm20_2487910	2487910	2.48791	0.276923	37.5464	0.0921053	61.8064	-0.216465
20	Gm20_2489422	2489422	2.48942	0.276923	37.5941	0.0921053	61.782	-0.215742
20	Gm20_2489498	2489498	2.4895	0.276923	37.6644	0.0921053	61.8634	-0.215502
20	Gm20_2489562	2489562	2.48956	0.276923	37.7121	0.0921053	61.839	-0.214781
20	Gm20_2518616	2518616	2.51862	0.307692	37.6737	0.144737	61.6088	-0.213605
20	Gm20_2518888	2518888	2.51889	0.307692	37.7214	0.144737	61.5844	-0.212883
20	Gm20_2534087	2534087	2.53409	0.307692	37.7847	0.157895	61.5053	-0.211597
20	Gm20_2534133	2534133	2.53413	0.307692	37.8522	0.144737	61.7881	-0.212814
20	Gm20_2551099	2551099	2.5511	0.307692	37.9268	0.144737	61.9048	-0.212778
20	Gm20_2568045	2568045	2.56805	0.292308	37.406	0.171053	60.1035	-0.205959
20	Gm20_2580083	2580083	2.58008	0.307692	37.7322	0.144737	62.1391	-0.216653
20	Gm20_2582734	2582734	2.58273	0.307692	37.7733	0.144737	62.1224	-0.216064
20	Gm20_2582747	2582747	2.58275	0.307692	37.8143	0.144737	62.1057	-0.215475
20	Gm20_2592002	2592002	2.592	0.307692	37.8317	0.144737	62.0361	-0.214789
20	Gm20_2592016	2592016	2.59202	0.307692	37.8727	0.144737	62.0194	-0.214201
20	Gm20_2592022	2592022	2.59202	0.307692	37.9137	0.144737	62.0027	-0.213614
20	Gm20_2594926	2594926	2.59493	0.307692	37.9548	0.171053	61.4028	-0.208922
20	Gm20_2595298	2595298	2.5953	0.307692	37.9958	0.157895	60.7152	-0.203562
20	Gm20_2597636	2597636	2.59764	0.307692	38.0368	0.144737	61.3357	-0.207509
20	Gm20_2735551	2735551	2.73555	0.307692	38.0778	0.171053	61.2617	-0.206517
20	Gm20_2758154	2758154	2.75815	0.323077	37.9157	0.157895	61.6289	-0.210965
20	Gm20_2758163	2758163	2.75816	0.323077	37.9568	0.157895	61.6073	-0.210343
20	Gm20_2770741	2770741	2.77074	0.276923	37.6845	0.0657895	61.7462	-0.214447
20	Gm20_2771026	2771026	2.77103	0.276923	37.7175	0.0657895	61.7063	-0.213787
20	Gm20_2771034	2771034	2.77103	0.0461538	38.3272	0.0789474	61.4973	-0.205349
20	Gm20_2771412	2771412	2.77141	0.0461538	38.3144	0.0789474	61.3588	-0.204515
20	Gm20_2772294	2772294	2.77229	0.323077	37.6203	0.157895	61.0406	-0.210196
20	Gm20_2772321	2772321	2.77232	0.276923	37.7563	0.0657895	61.4079	-0.211236
20	Gm20_2772467	2772467	2.77247	0.276923	37.8205	0.0657895	61.5028	-0.211167
20	Gm20_2773007	2773007	2.77301	0.0461538	38.1044	0.0789474	61.3195	-0.206623
20	Gm20_2780465	2780465	2.78046	0.276923	37.924	0.0657895	61.4449	-0.209572
20	Gm20_2787901	2787901	2.7879	0.0923077	35.1649	0.539474	51.4972	-0.165674
20	Gm20_2796258	2796258	2.79626	0.276923	37.0967	0.0657895	52.1442	-0.147871
20	Gm20_2836258	2836258	2.83626	0.292308	37.098	0.0657895	52.1202	-0.147655
20	Gm20_2846349	2846349	2.84635	0.353846	36.9468	0.684211	51.6115	-0.145169
20	Gm20_2846652	2846652	2.84665	0.0307692	37.4313	0.526316	51.3205	-0.137057
20	Gm20_2846943	2846943	2.84694	0.292308	37.1479	0.0657895	52.0947	-0.146859
20	Gm20_2848536	2848536	2.84854	0.292308	37.2094	0.0657895	52.1155	-0.146314
20	Gm20_2848876	2848876	2.84888	0.0307692	37.6101	0.526316	51.3037	-0.134844
20	Gm20_2850837	2850837	2.85084	0.353846	37.1828	0.684211	51.4845	-0.141335
20	Gm20_2861573	2861573	2.86157	0.323077	37.638	0.144737	52.3871	-0.143597
20	Gm20_2871375	2871375	2.87138	0.292308	37.9444	0.0789474	52.46	-0.140681
20	Gm20_2892878	2892878	2.89288	0.292308	37.9964	0.0657895	53.5866	-0.149314
20	Gm20_2895372	2895372	2.89537	0.0153846	38.3017	0.526316	52.0459	-0.133168
20	Gm20_2896041	2896041	2.89604	0.292308	38.4997	0.0657895	54.0632	-0.147445
20	Gm20_2896050	2896050	2.89605	0.292308	38.5565	0.0657895	54.0807	-0.146945
20	Gm20_2923538	2923538	2.92354	0.246154	31.2378	0.368421	52.3347	-0.224109
20	Gm20_2923863	2923863	2.92386	0.246154	31.3046	0.368421	52.3441	-0.22326
20	Gm20_2927033	2927033	2.92703	0.507692	31.0918	0.434211	52.2829	-0.225713
20	Gm20_2956829	2956829	2.95683	0.0923077	30.634	0.144737	58.0757	-0.27779
20	Gm20_2965557	2965557	2.96556	0.261538	34.1842	0.0657895	68.8109	-0.303831
20	Gm20_2965566	2965566	2.96557	0.261538	34.2249	0.0657895	68.8402	-0.3035
20	Gm20_2967001	2967001	2.967	0.0615385	33.7979	0.0526316	68.3824	-0.306055
20	Gm20_2984257	2984257	2.98426	0.261538	33.6466	0.0657895	68.9422	-0.311544
20	Gm20_2999980	2999980	2.99998	0.276923	33.2697	0.0921053	68.9348	-0.31639
20	Gm20_3025800	3025800	3.0258	0.307692	33.2715	0.118421	69.1121	-0.317481
20	Gm20_3025817	3025817	3.02582	0.307692	33.4209	0.118421	69.3749	-0.317185
20	Gm20_3063753	3063753	3.06375	0.276923	33.4854	0.0263158	74.2508	-0.345845
20	Gm20_3063770	3063770	3.06377	0.338462	33.443	0.0526316	74.2734	-0.346528
20	Gm20_3093293	3093293	3.09329	0.753846	32.0624	0.302632	70.6402	-0.343056
20	Gm20_3093306	3093306	3.09331	0.446154	42.7366	0.236842	74.4492	-0.24106
20	Gm20_3093491	3093491	3.09349	0.446154	42.9995	0.236842	74.8036	-0.24046
20	Gm20_3093501	3093501	3.0935	0.430769	42.9854	0.236842	75.1581	-0.242654
20	Gm20_3115463	3115463	3.11546	0.492308	43.3963	0.276316	75.4079	-0.239965
20	Gm20_3115869	3115869	3.11587	0.476923	45.0291	0.276316	75.7624	-0.22596
20	Gm20_3115901	3115901	3.1159	0.476923	45.3386	0.276316	76.2407	-0.225719
20	Gm20_3128362	3128362	3.12836	0.476923	45.6298	0.263158	76.638	-0.225195
20	Gm20_3141224	3141224	3.14122	0.0615385	45.7801	0.0394737	76.8573	-0.225009
20	Gm20_3141499	3141499	3.1415	0.446154	45.7095	0.25	76.9106	-0.22598
20	Gm20_3141732	3141732	3.14173	0.0307692	46.4545	0.0394737	77.5845	-0.222747
20	Gm20_3142873	3142873	3.14287	0.476923	46.2856	0.25	77.6762	-0.224842
20	Gm20_3143153	3143153	3.14315	0.446154	46.5377	0.236842	78.0456	-0.224543
20	Gm20_3144766	3144766	3.14477	0.507692	48.0677	0.276316	78.323	-0.212036
20	Gm20_3144917	3144917	3.14492	0.0307692	48.74	0.0394737	78.9657	-0.209554
20	Gm20_3170567	3170567	3.17057	0.476923	48.7222	0.25	79.269	-0.211377
20	Gm20_3172512	3172512	3.17251	0.476923	48.9946	0.236842	79.6614	-0.2111
20	Gm20_3172565	3172565	3.17257	0.461538	48.3653	0.236842	79.6449	-0.216624
20	Gm20_3183999	3183999	3.184	0.507692	49.3368	0.276316	79.8629	-0.209174
20	Gm20_3232408	3232408	3.23241	0.0307692	65.7284	0.0394737	84.5873	-0.109552
20	Gm20_3233092	3233092	3.23309	0.0307692	65.8087	0.0394737	84.6135	-0.109156
20	Gm20_3233319	3233319	3.23332	0.0307692	66.0916	0.0394737	84.9662	-0.1091
20	Gm20_3240926	3240926	3.24093	0.0307692	66.3789	0.0394737	85.3366	-0.109105
20	Gm20_3241156	3241156	3.24116	0.0307692	66.6614	0.0394737	85.689	-0.109051
20	Gm20_3241424	3241424	3.24142	0.0307692	66.9438	0.0263158	86.0617	-0.1091
20	Gm20_3245976	3245976	3.24598	0.0307692	67.2262	0.0394737	86.3907	-0.108929
20	Gm20_3246250	3246250	3.24625	0.0307692	67.547	0.0394737	86.8905	-0.109366
20	Gm20_3261803	3261803	3.2618	0.0307692	67.8108	0.0394737	87.2429	-0.109431
20	Gm20_3261899	3261899	3.2619	0.0307692	68.0894	0.0263158	87.6576	-0.10971
20	Gm20_3265532	3265532	3.26553	0.0307692	68.3532	0.0394737	87.9849	-0.109649
20	Gm20_3266539	3266539	3.26654	0.0307692	68.617	0.0394737	88.3362	-0.109707
20	Gm20_3273975	3273975	3.27398	0.0307692	68.8808	0.0263158	88.7284	-0.109965
20	Gm20_3276738	3276738	3.27674	0.215385	62.8004	0.236842	84.7183	-0.130014
20	Gm20_3303306	3303306	3.30331	0.0307692	66.8319	0.0394737	88.9377	-0.124102
20	Gm20_3304684	3304684	3.30468	0.0307692	67.0006	0.0394737	87.7737	-0.117286
20	Gm20_3310650	3310650	3.31065	0.0307692	67.2713	0.0394737	89.8826	-0.125846
20	Gm20_3336899	3336899	3.3369	0.0307692	67.5772	0.0394737	90.363	-0.126191
20	Gm20_3336997	3336997	3.337	0.0307692	67.8381	0.0263158	90.7713	-0.126475
20	Gm20_3344777	3344777	3.34478	0.0307692	68.0984	0.0263158	91.13	-0.126525
20	Gm20_3350714	3350714	3.35071	0.0307692	68.3514	0.0394737	91.4392	-0.126385
20	Gm20_3358825	3358825	3.35882	0.0307692	68.6577	0.0394737	91.936	-0.126796
20	Gm20_3359855	3359855	3.35986	0.0307692	68.8939	0.0263158	92.3372	-0.127196
20	Gm20_3361269	3361269	3.36127	0.0307692	69.13	0.0263158	92.6889	-0.127361
20	Gm20_3361300	3361300	3.3613	0.0307692	69.3662	0.0394737	92.9918	-0.127297
20	Gm20_3366640	3366640	3.36664	0.0307692	69.5197	0.0394737	93.206	-0.127336
20	Gm20_3366765	3366765	3.36677	0.215385	66.0239	0.236842	89.7312	-0.133242
20	Gm20_3381028	3381028	3.38103	0.0307692	67.8495	0.0263158	91.7866	-0.131233
20	Gm20_3381072	3381072	3.38107	0.0307692	67.9164	0.0263158	91.8564	-0.131135
20	Gm20_3399599	3399599	3.3996	0.0307692	68.1525	0.0263158	92.2081	-0.131287
20	Gm20_3410537	3410537	3.41054	0.0307692	68.3887	0.0394737	92.465	-0.130993
20	Gm20_3410808	3410808	3.41081	0.0307692	68.6248	0.0263158	92.9134	-0.131597
20	Gm20_3415422	3415422	3.41542	0.215385	67.1628	0.236842	91.3849	-0.133746
20	Gm20_3415832	3415832	3.41583	0.0307692	68.2534	0.0263158	92.6575	-0.132757
20	Gm20_3415843	3415843	3.41584	0.0307692	68.4568	0.0263158	92.9522	-0.132843
20	Gm20_3442326	3442326	3.44233	0.0307692	68.6281	0.0263158	93.2042	-0.132934
20	Gm20_3442355	3442355	3.44236	0.246154	67.911	0.276316	92.429	-0.133868
20	Gm20_3452885	3452885	3.45289	0.0307692	80.6867	0.0394737	98.0879	-0.0848135
20	Gm20_3453010	3453010	3.45301	0.0307692	80.951	0.0394737	98.3399	-0.0845077
20	Gm20_3453975	3453975	3.45397	0.0307692	81.2091	0.0263158	98.7684	-0.0850135
20	Gm20_3462824	3462824	3.46282	0.0307692	81.4609	0.0263158	99.0187	-0.0847676
20	Gm20_3463152	3463152	3.46315	0.0307692	81.7953	0.0263158	99.4546	-0.0848966
20	Gm20_3463904	3463904	3.4639	0.0307692	82.0583	0.0263158	99.7284	-0.0846963
20	Gm20_3464272	3464272	3.46427	0.0307692	82.3102	0.0263158	99.9769	-0.0844462
20	Gm20_3464548	3464548	3.46455	0.0307692	82.5621	0.0263158	100.225	-0.0841974
20	Gm20_3486366	3486366	3.48637	0.0307692	82.8139	0.0263158	100.474	-0.0839501
20	Gm20_3540820	3540820	3.54082	0.0307692	83.0658	0.0263158	100.722	-0.083704
20	Gm20_3583446	3583446	3.58345	0.0307692	83.2712	0.0394737	100.794	-0.0829383
20	Gm20_3588235	3588235	3.58824	0.0307692	83.43	0.0394737	101.042	-0.0831801
20	Gm20_3589573	3589573	3.58957	0.0307692	83.4158	0.0263158	101.023	-0.083173
20	Gm20_3589791	3589791	3.58979	0.0307692	83.3991	0.0263158	100.951	-0.0829491
20	Gm20_3603379	3603379	3.60338	0.0307692	83.546	0.0394737	101.133	-0.0829682
20	Gm20_3603385	3603385	3.60338	0.0307692	83.693	0.0394737	101.365	-0.0831993
20	Gm20_3607199	3607199	3.6072	0.0307692	83.8399	0.0263158	101.756	-0.0841093
20	Gm20_3628849	3628849	3.62885	0.476923	67.0344	0.25	94.8311	-0.150653
20	Gm20_25323018	25323018	25.323	0.446154	87.8713	0.0526316	162.944	-0.26819
20	Gm20_25326628	25326628	25.3266	0.430769	87.8481	0.0394737	162.94	-0.268295
20	Gm20_25327214	25327214	25.3272	0.446154	87.9316	0.0526316	162.897	-0.267768
20	Gm20_25339268	25339268	25.3393	0.446154	87.7101	0.0526316	162.431	-0.26762
20	Gm20_25339463	25339463	25.3395	0.446154	87.7445	0.0526316	162.408	-0.267388
20	Gm20_25342017	25342017	25.342	0.446154	87.429	0.0526316	161.78	-0.267269
20	Gm20_25348411	25348411	25.3484	0.430769	86.4367	0.0526316	161.757	-0.272165
20	Gm20_25348442	25348442	25.3484	0.415385	86.4347	0.0394737	161.754	-0.272166
20	Gm20_25348555	25348555	25.3486	0.430769	86.4877	0.0526316	161.708	-0.271777
20	Gm20_25351740	25351740	25.3517	0.446154	87.394	0.0526316	161.2	-0.265884
20	Gm20_25351785	25351785	25.3518	0.430769	87.4494	0.0394737	161.244	-0.265726
20	Gm20_25361466	25361466	25.3615	0.430769	87.4837	0.0394737	161.22	-0.265492
20	Gm20_25361492	25361492	25.3615	0.430769	87.5181	0.0394737	161.196	-0.265258
20	Gm20_25401344	25401344	25.4013	0.446154	87.5152	0.0657895	158.817	-0.258813
20	Gm20_25401354	25401354	25.4014	0.430769	87.5567	0.0526316	158.816	-0.258605
20	Gm20_25401633	25401633	25.4016	0.446154	87.6089	0.0526316	161.101	-0.264551
20	Gm20_25401652	25401652	25.4017	0.446154	87.6432	0.0526316	161.101	-0.264381
20	Gm20_25401659	25401659	25.4017	0.430769	87.7367	0.0394737	161.124	-0.26398
20	Gm20_25408302	25408302	25.4083	0.430769	88.0429	0.0526316	161.625	-0.263813
20	Gm20_25408321	25408321	25.4083	0.430769	88.0773	0.0526316	161.625	-0.263643
20	Gm20_25411546	25411546	25.4115	0.430769	88.1116	0.0394737	161.673	-0.263603
20	Gm20_25415780	25415780	25.4158	0.430769	88.1037	0.0394737	161.597	-0.26344
20	Gm20_25421578	25421578	25.4216	0.446154	88.1189	0.0526316	161.552	-0.263244
20	Gm20_25423485	25423485	25.4235	0.446154	88.0718	0.0526316	161.407	-0.263086
20	Gm20_25423511	25423511	25.4235	0.446154	88.1062	0.0526316	161.407	-0.262917
20	Gm20_25424603	25424603	25.4246	0.446154	88.1405	0.0526316	161.407	-0.262747
20	Gm20_25424632	25424632	25.4246	0.446154	88.1749	0.0526316	161.407	-0.262578
20	Gm20_25438387	25438387	25.4384	0.430769	88.0012	0.0526316	158.857	-0.256518
20	Gm20_25442222	25442222	25.4422	0.430769	88.0356	0.0394737	161.198	-0.262701
20	Gm20_25490844	25490844	25.4908	0.430769	88.064	0.0394737	161.246	-0.26269
20	Gm20_25495209	25495209	25.4952	0.430769	88.0864	0.0394737	161.294	-0.262708
20	Gm20_25495259	25495259	25.4953	0.430769	88.1088	0.0394737	161.341	-0.262726
20	Gm20_25535160	25535160	25.5352	0.446154	88.0698	0.0526316	161.286	-0.262769
20	Gm20_25540047	25540047	25.54	0.430769	88.1165	0.0394737	161.383	-0.2628
20	Gm20_25540254	25540254	25.5403	0.430769	88.1389	0.0394737	161.431	-0.262818
20	Gm20_25540277	25540277	25.5403	0.446154	88.4738	0.0526316	162.055	-0.262847
20	Gm20_25541303	25541303	25.5413	0.430769	88.489	0.0394737	162.126	-0.262964
20	Gm20_25545053	25545053	25.5451	0.446154	88.4967	0.0526316	162.15	-0.26299
20	Gm20_25545397	25545397	25.5454	0.430769	88.5119	0.0394737	162.317	-0.263362
20	Gm20_25555004	25555004	25.555	0.446154	88.5196	0.0394737	162.365	-0.263453
20	Gm20_25555331	25555331	25.5553	0.430769	88.5657	0.0394737	162.413	-0.263354
20	Gm20_25558382	25558382	25.5584	0.430769	88.5771	0.0394737	162.46	-0.263426
20	Gm20_25566777	25566777	25.5668	0.430769	88.5886	0.0394737	162.508	-0.263497
20	Gm20_25600704	25600704	25.6007	0.430769	87.4678	0.0526316	162.436	-0.268835
20	Gm20_25603178	25603178	25.6032	0.430769	88.7214	0.0394737	162.531	-0.262908
20	Gm20_25617458	25617458	25.6175	0.430769	88.7498	0.0394737	162.579	-0.262897
20	Gm20_25642074	25642074	25.6421	0.446154	88.7516	0.0526316	162.58	-0.26289
20	Gm20_25649765	25649765	25.6498	0.430769	88.7791	0.0394737	162.652	-0.262948
20	Gm20_25661988	25661988	25.662	0.446154	88.7977	0.0526316	162.675	-0.26292
20	Gm20_25664096	25664096	25.6641	0.430769	89.1062	0.0394737	163.251	-0.262949
20	Gm20_25664326	25664326	25.6643	0.430769	89.1286	0.0394737	163.299	-0.262967
20	Gm20_25668608	25668608	25.6686	0.430769	89.4412	0.0394737	163.889	-0.263013
20	Gm20_25752277	25752277	25.7523	0.430769	89.4636	0.0526316	161.67	-0.256982
20	Gm20_25754088	25754088	25.7541	0.430769	89.486	0.0394737	164.135	-0.263446
20	Gm20_25760322	25760322	25.7603	0.446154	89.449	0.0526316	164.126	-0.263603
20	Gm20_25760605	25760605	25.7606	0.430769	89.4753	0.0394737	164.246	-0.263791
20	Gm20_25760715	25760715	25.7607	0.446154	89.8517	0.0526316	164.965	-0.263864
20	Gm20_25762166	25762166	25.7622	0.430769	89.8952	0.0394737	165.086	-0.263974
20	Gm20_25762357	25762357	25.7624	0.430769	89.9176	0.0394737	165.158	-0.264055
20	Gm20_25762382	25762382	25.7624	0.446154	90.0467	0.0526316	165.372	-0.263994
20	Gm20_25764826	25764826	25.7648	0.446154	90.0691	0.0526316	165.444	-0.264075
20	Gm20_25764832	25764832	25.7648	0.446154	90.0915	0.0526316	165.516	-0.264157
20	Gm20_25765973	25765973	25.766	0.430769	90.2113	0.0394737	165.786	-0.264287
20	Gm20_25766011	25766011	25.766	0.430769	90.3051	0.0394737	165.992	-0.264374
20	Gm20_25771304	25771304	25.7713	0.430769	90.3275	0.0394737	166.064	-0.264455
20	Gm20_25771355	25771355	25.7714	0.430769	90.2776	0.0394737	165.996	-0.264517
20	Gm20_25775486	25775486	25.7755	0.430769	90.0225	0.0394737	165.531	-0.264528
20	Gm20_25775750	25775750	25.7757	0.430769	90.0449	0.0394737	165.603	-0.264609
20	Gm20_25787719	25787719	25.7877	0.430769	90.1665	0.0394737	165.86	-0.264697
20	Gm20_25789488	25789488	25.7895	0.430769	90.1889	0.0394737	165.932	-0.264778
20	Gm20_25790971	25790971	25.791	0.446154	89.8664	0.0526316	165.365	-0.264846
20	Gm20_25805902	25805902	25.8059	0.430769	89.927	0.0394737	165.514	-0.264943
20	Gm20_25806121	25806121	25.8061	0.430769	89.9494	0.0394737	165.538	-0.264898
20	Gm20_25808738	25808738	25.8087	0.430769	89.9425	0.0394737	165.562	-0.264995
20	Gm20_25821942	25821942	25.8219	0.446154	89.7824	0.0394737	165.405	-0.265359
20	Gm20_25825942	25825942	25.8259	0.430769	89.4485	0.0394737	164.796	-0.265373
20	Gm20_25827248	25827248	25.8272	0.446154	89.4218	0.0526316	164.696	-0.265241
20	Gm20_25843857	25843857	25.8439	0.446154	89.3855	0.0526316	164.721	-0.26548
20	Gm20_25859341	25859341	25.8593	0.430769	89.3569	0.0394737	164.793	-0.26581
20	Gm20_25859692	25859692	25.8597	0.430769	89.3207	0.0394737	164.817	-0.266049
20	Gm20_25877861	25877861	25.8779	0.446154	89.2896	0.0526316	164.794	-0.26614
20	Gm20_25884580	25884580	25.8846	0.446154	89.2533	0.0526316	164.818	-0.266379
20	Gm20_25884799	25884799	25.8848	0.446154	89.141	0.0526316	164.67	-0.266537
20	Gm20_25906558	25906558	25.9066	0.430769	89.1239	0.0394737	164.529	-0.266249
20	Gm20_25906887	25906887	25.9069	0.430769	89.0581	0.0526316	161.924	-0.259638
20	Gm20_25927860	25927860	25.9279	0.430769	88.9923	0.0394737	163.966	-0.265403
20	Gm20_25928024	25928024	25.928	0.430769	88.9264	0.0394737	163.695	-0.265005
20	Gm20_25928553	25928553	25.9286	0.430769	88.8606	0.0394737	163.423	-0.264605
20	Gm20_25928805	25928805	25.9288	0.430769	88.5724	0.0526316	162.746	-0.264211
20	Gm20_25928817	25928817	25.9288	0.430769	88.3775	0.0526316	162.452	-0.264383
20	Gm20_25929199	25929199	25.9292	0.430769	88.1772	0.0526316	162.158	-0.264582
20	Gm20_25931132	25931132	25.9311	0.446154	87.8543	0.0526316	161.864	-0.265387
20	Gm20_25935376	25935376	25.9354	0.430769	87.8747	0.0394737	161.974	-0.26558
20	Gm20_25936385	25936385	25.9364	0.430769	87.9121	0.0394737	162.117	-0.265781
20	Gm20_25936417	25936417	25.9364	0.430769	87.6962	0.0394737	161.823	-0.266059
20	Gm20_25937220	25937220	25.9372	0.446154	87.7179	0.0526316	161.952	-0.266297
20	Gm20_25937242	25937242	25.9372	0.430769	87.5877	0.0394737	161.807	-0.266554
20	Gm20_25937582	25937582	25.9376	0.430769	87.3456	0.0394737	161.464	-0.266835
20	Gm20_25957462	25957462	25.9575	0.430769	87.1197	0.0394737	161.17	-0.267167
20	Gm20_25962977	25962977	25.963	0.430769	86.8879	0.0394737	160.876	-0.267531
20	Gm20_25963017	25963017	25.963	0.430769	86.6561	0.0394737	160.582	-0.267897
20	Gm20_25963372	25963372	25.9634	0.430769	86.4242	0.0394737	160.287	-0.268264
20	Gm20_25973618	25973618	25.9736	0.446154	86.099	0.0526316	159.843	-0.268697
20	Gm20_26018273	26018273	26.0183	0.430769	85.8806	0.0394737	159.582	-0.269089
20	Gm20_26021903	26021903	26.0219	0.430769	85.6488	0.0394737	159.288	-0.269462
20	Gm20_26103554	26103554	26.1036	0.446154	85.4021	0.0526316	158.961	-0.269821
20	Gm20_26103726	26103726	26.1037	0.430769	85.1791	0.0394737	158.691	-0.270219
20	Gm20_26104904	26104904	26.1049	0.446154	84.9435	0.0526316	158.373	-0.270551
20	Gm20_26104920	26104920	26.1049	0.430769	84.7323	0.0394737	158.136	-0.270983
20	Gm20_26155416	26155416	26.1554	0.415385	83.1918	0.0394737	157.62	-0.27753
20	Gm20_26155547	26155547	26.1555	0.430769	84.077	0.0394737	157.323	-0.272116
20	Gm20_26173101	26173101	26.1731	0.446154	83.84	0.0526316	156.912	-0.272205
20	Gm20_26173886	26173886	26.1739	0.446154	83.6048	0.0526316	156.615	-0.272603
20	Gm20_26193242	26193242	26.1932	0.446154	83.6004	0.0526316	156.718	-0.272911
20	Gm20_26202031	26202031	26.202	0.446154	83.333	0.0526316	156.421	-0.273479
20	Gm20_26222827	26222827	26.2228	0.446154	83.0248	0.0526316	156.113	-0.274231
20	Gm20_26222847	26222847	26.2228	0.430769	82.6762	0.0394737	155.838	-0.275292
20	Gm20_26227568	26227568	26.2276	0.430769	82.2835	0.0394737	155.256	-0.275735
20	Gm20_26245616	26245616	26.2456	0.446154	81.9592	0.0526316	154.888	-0.276419
20	Gm20_26245939	26245939	26.2459	0.446154	81.6424	0.0526316	154.567	-0.277202
20	Gm20_26256974	26256974	26.257	0.430769	81.3974	0.0394737	154.389	-0.278005
20	Gm20_26278984	26278984	26.279	0.430769	81.0806	0.0394737	154.068	-0.278796
20	Gm20_26282278	26282278	26.2823	0.430769	80.7225	0.0394737	153.606	-0.279412
20	Gm20_26306544	26306544	26.3065	0.430769	80.4058	0.0394737	153.285	-0.280213
20	Gm20_26306728	26306728	26.3067	0.430769	80.089	0.0394737	152.965	-0.281019
20	Gm20_26314217	26314217	26.3142	0.430769	79.7722	0.0394737	152.645	-0.28183
20	Gm20_26314555	26314555	26.3146	0.446154	79.3673	0.0526316	152.181	-0.282719
20	Gm20_26351522	26351522	26.3515	0.430769	79.1566	0.0394737	152.055	-0.283514
20	Gm20_26351569	26351569	26.3516	0.430769	78.8398	0.0394737	151.723	-0.284305
20	Gm20_26369337	26369337	26.3693	0.415385	77.6349	0.0394737	151.878	-0.291439
20	Gm20_26369729	26369729	26.3697	0.430769	77.7527	0.0394737	151.534	-0.289795
20	Gm20_26373334	26373334	26.3733	0.430769	77.4479	0.0394737	151.19	-0.290513
20	Gm20_26373339	26373339	26.3733	0.430769	77.3682	0.0394737	151.269	-0.291187
20	Gm20_26376082	26376082	26.3761	0.430769	77.0082	0.0394737	150.735	-0.291676
20	Gm20_26377116	26377116	26.3771	0.446154	76.5593	0.0394737	150.156	-0.292546
20	Gm20_26377161	26377161	26.3772	0.446154	76.2545	0.0526316	149.618	-0.292719
20	Gm20_26377186	26377186	26.3772	0.446154	75.9497	0.0394737	149.298	-0.293527
20	Gm20_26386786	26386786	26.3868	0.430769	75.6391	0.0526316	148.929	-0.294234
20	Gm20_26387530	26387530	26.3875	0.430769	75.3343	0.0394737	148.609	-0.295053
20	Gm20_26387851	26387851	26.3879	0.446154	74.9776	0.0526316	148.089	-0.295592
20	Gm20_26394392	26394392	26.3944	0.446154	74.6728	0.0526316	147.745	-0.29635
20	Gm20_26396526	26396526	26.3965	0.430769	74.4271	0.0394737	147.524	-0.297132
20	Gm20_26397064	26397064	26.3971	0.430769	74.1223	0.0394737	147.18	-0.297899
20	Gm20_26404588	26404588	26.4046	0.430769	74.0028	0.0394737	147.184	-0.298613
20	Gm20_26414248	26414248	26.4142	0.430769	73.692	0.0394737	146.84	-0.299423
20	Gm20_26417368	26417368	26.4174	0.415385	72.2289	0.0394737	146.495	-0.307112
20	Gm20_26434140	26434140	26.4341	0.446154	72.924	0.0526316	146.188	-0.302041
20	Gm20_26434162	26434162	26.4342	0.446154	72.6258	0.0526316	145.843	-0.302796
20	Gm20_26434199	26434199	26.4342	0.446154	72.3057	0.0526316	145.427	-0.303471
20	Gm20_26441207	26441207	26.4412	0.430769	72.0186	0.0394737	145.154	-0.304386
20	Gm20_26444383	26444383	26.4444	0.430769	71.7204	0.0394737	144.81	-0.305156
20	Gm20_26457046	26457046	26.457	0.430769	71.4113	0.0394737	144.43	-0.305889
20	Gm20_26458647	26458647	26.4586	0.446154	71.4185	0.0526316	144.657	-0.30653
20	Gm20_26461050	26461050	26.4611	0.430769	71.0205	0.0394737	143.983	-0.306929
20	Gm20_26461343	26461343	26.4613	0.446154	70.7186	0.0526316	143.591	-0.307593
20	Gm20_26461358	26461358	26.4614	0.430769	70.4414	0.0394737	143.271	-0.30833
20	Gm20_26467568	26467568	26.4676	0.430769	70.1433	0.0394737	142.901	-0.30905
20	Gm20_26467780	26467780	26.4678	0.446154	69.8241	0.0526316	142.48	-0.309749
20	Gm20_26475519	26475519	26.4755	0.430769	69.6157	0.0394737	142.257	-0.310368
20	Gm20_26475590	26475590	26.4756	0.430769	69.3175	0.0394737	141.885	-0.311093
20	Gm20_26476938	26476938	26.4769	0.430769	69.0194	0.0394737	141.512	-0.311823
20	Gm20_26477182	26477182	26.4772	0.430769	68.7064	0.0394737	141.121	-0.312593
20	Gm20_26478930	26478930	26.4789	0.430769	68.3787	0.0394737	140.71	-0.313405
20	Gm20_26478953	26478953	26.479	0.430769	68.051	0.0394737	140.3	-0.314224
20	Gm20_26480607	26480607	26.4806	0.446154	67.6493	0.0526316	139.742	-0.315063
20	Gm20_26504423	26504423	26.5044	0.430769	66.831	0.0526316	139.112	-0.318387
20	Gm20_26556348	26556348	26.5563	0.446154	66.5029	0.0526316	138.702	-0.319241
20	Gm20_26556710	26556710	26.5567	0.415385	66.2494	0.0394737	138.339	-0.319764
20	Gm20_26556897	26556897	26.5569	0.415385	65.9217	0.0394737	137.929	-0.320628
20	Gm20_26556934	26556934	26.5569	0.430769	65.5681	0.0526316	137.469	-0.321514
20	Gm20_26596099	26596099	26.5961	0.0153846	66.7736	0.0394737	132.537	-0.297731
20	Gm20_26602805	26602805	26.6028	0.0153846	66.4502	0.0394737	132.175	-0.298652
20	Gm20_26609907	26609907	26.6099	0.446154	65.2492	0.0789474	131.687	-0.304968
20	Gm20_26617745	26617745	26.6177	0.461538	59.7461	0.0394737	131.469	-0.342513
20	Gm20_26643328	26643328	26.6433	0.430769	62.5433	0.0394737	131.106	-0.321442
20	Gm20_26729337	26729337	26.7293	0.430769	62.3015	0.0394737	130.743	-0.321921
20	Gm20_26729546	26729546	26.7295	0.430769	62.0596	0.0789474	130.239	-0.321933
20	Gm20_26729568	26729568	26.7296	0.430769	61.8178	0.0789474	129.876	-0.322417
20	Gm20_26734255	26734255	26.7343	0.430769	61.5759	0.0394737	129.58	-0.323129
20	Gm20_26734432	26734432	26.7344	0.430769	61.3137	0.0789474	129.085	-0.323319
20	Gm20_26734469	26734469	26.7345	0.430769	61.0718	0.0394737	129.009	-0.324778
20	Gm20_26734474	26734474	26.7345	0.430769	60.8299	0.0394737	128.646	-0.325278
20	Gm20_26759281	26759281	26.7593	0.430769	60.5881	0.0394737	128.283	-0.325782
20	Gm20_26783235	26783235	26.7832	0.538462	57.584	0.210526	99.6246	-0.238064
20	Gm20_26783706	26783706	26.7837	0.0307692	58.2823	0.723684	97.7535	-0.224596
20	Gm20_26792452	26792452	26.7925	0.0307692	58.0868	0.697368	97.5821	-0.225293
20	Gm20_26795246	26795246	26.7952	0.430769	56.9729	0.0394737	98.2079	-0.236478
20	Gm20_26802301	26802301	26.8023	0.538462	56.7475	0.210526	97.833	-0.236539
20	Gm20_26845116	26845116	26.8451	0.630769	52.8956	0.144737	96.6225	-0.261658
20	Gm20_26845179	26845179	26.8452	0.0307692	54.9582	0.710526	96.4866	-0.244435
20	Gm20_26846325	26846325	26.8463	0.0307692	54.769	0.723684	96.1868	-0.24458
20	Gm20_26846523	26846523	26.8465	0.0307692	54.6965	0.723684	96.1276	-0.244888
20	Gm20_26854353	26854353	26.8544	0.0307692	54.624	0.723684	96.0683	-0.245197
20	Gm20_26860095	26860095	26.8601	0.646154	52.9003	0.144737	96.2391	-0.259894
20	Gm20_26860576	26860576	26.8606	0.661538	52.0997	0.144737	96.1799	-0.266249
20	Gm20_26860591	26860591	26.8606	0.0307692	52.9386	0.723684	95.812	-0.257648
20	Gm20_26860630	26860630	26.8606	0.0307692	52.8742	0.710526	95.6501	-0.257442
20	Gm20_26882747	26882747	26.8827	0.646154	51.9874	0.144737	95.8775	-0.265818
20	Gm20_26882801	26882801	26.8828	0.0307692	53.587	0.723684	95.8118	-0.25236
20	Gm20_26882927	26882927	26.8829	0.0307692	53.5226	0.723684	95.7525	-0.252613
20	Gm20_26888544	26888544	26.8885	0.0307692	53.4582	0.723684	95.6933	-0.252867
20	Gm20_26888563	26888563	26.8886	0.0307692	53.3938	0.723684	95.634	-0.253122
20	Gm20_26899596	26899596	26.8996	0.323077	51.6864	0.118421	95.6272	-0.267205
20	Gm20_26914153	26914153	26.9142	0.0307692	53.8605	0.710526	95.5214	-0.24883
20	Gm20_26915826	26915826	26.9158	0.0307692	53.7961	0.723684	95.5545	-0.2495
20	Gm20_26915839	26915839	26.9158	0.0307692	53.9065	0.723684	95.8784	-0.25008
20	Gm20_26923939	26923939	26.9239	0.0307692	53.8421	0.723684	95.8191	-0.25033
20	Gm20_26923968	26923968	26.924	0.0307692	53.722	0.710526	95.4425	-0.24959
20	Gm20_26923994	26923994	26.924	0.276923	50.0568	0.0921053	94.8925	-0.277769
20	Gm20_26959431	26959431	26.9594	0.646154	51.8232	0.144737	95.3239	-0.264677
20	Gm20_26962324	26962324	26.9623	0.0307692	52.1642	0.697368	94.9922	-0.260315
20	Gm20_26985003	26985003	26.985	0.646154	51.7447	0.144737	95.3829	-0.265604
20	Gm20_26985041	26985041	26.985	0.0307692	52.2022	0.710526	95.1672	-0.260798
20	Gm20_27002684	27002684	27.0027	0.661538	51.5657	0.144737	95.4184	-0.267271
20	Gm20_27002903	27002903	27.0029	0.276923	42.3243	0	95.9292	-0.355362
20	Gm20_27017520	27017520	27.0175	0.0615385	55.1188	0.0131579	95.83	-0.240202
20	Gm20_27035169	27035169	27.0352	0.0307692	60.3782	0.710526	94.8151	-0.195998
20	Gm20_27076620	27076620	27.0766	0.0307692	60.5871	0.710526	94.7597	-0.194243
20	Gm20_27076805	27076805	27.0768	0.661538	59.6154	0.171053	94.7193	-0.20108
20	Gm20_27076816	27076816	27.0768	0.0307692	61.0855	0.710526	94.6142	-0.190018
20	Gm20_27079489	27079489	27.0795	0.0307692	61.2945	0.723684	94.5599	-0.188286
20	Gm20_27079522	27079522	27.0795	0.0307692	61.5168	0.710526	94.541	-0.186627
20	Gm20_27107384	27107384	27.1074	0.646154	60.4407	0.144737	94.5522	-0.194342
20	Gm20_27107389	27107389	27.1074	0.0307692	61.4997	0.723684	94.4984	-0.186551
20	Gm20_27107412	27107412	27.1074	0.0307692	61.7086	0.710526	94.4272	-0.184751
20	Gm20_27107437	27107437	27.1074	0.323077	61.1562	0.118421	94.7522	-0.190149
20	Gm20_27107774	27107774	27.1078	0.323077	61.3652	0.131579	94.6783	-0.188329
20	Gm20_27107822	27107822	27.1078	0.0307692	62.8062	0.710526	94.4754	-0.177316
20	Gm20_27108037	27108037	27.108	0.0307692	63.0152	0.710526	94.0503	-0.173915
20	Gm20_27109902	27109902	27.1099	0.0307692	63.2241	0.710526	94.5273	-0.174674
20	Gm20_27111387	27111387	27.1114	0.323077	62.0574	0.131579	94.3388	-0.181897
20	Gm20_27111613	27111613	27.1116	0.0307692	63.321	0.710526	93.9215	-0.171218
20	Gm20_27111623	27111623	27.1116	0.0307692	63.5299	0.710526	93.7877	-0.169168
20	Gm20_27143690	27143690	27.1437	0.0461538	63.3945	0.723684	93.6597	-0.169501
20	Gm20_27180916	27180916	27.1809	0.661538	63.2868	0.144737	93.5881	-0.169907
20	Gm20_27181078	27181078	27.1811	0.0307692	67.46	0.710526	93.6625	-0.14252
20	Gm20_27185348	27185348	27.1853	0.0307692	67.6689	0.710526	93.5287	-0.140556
20	Gm20_27202336	27202336	27.2023	0.0307692	67.8779	0.710526	93.3949	-0.138595
20	Gm20_27202555	27202555	27.2026	0.0307692	68.0868	0.710526	93.261	-0.136637
20	Gm20_27231189	27231189	27.2312	0.0307692	68.2958	0.710526	93.1272	-0.134683
20	Gm20_27231605	27231605	27.2316	0.0307692	68.5047	0.710526	92.9933	-0.132731
20	Gm20_27231921	27231921	27.2319	0.0307692	68.6861	0.736842	92.7766	-0.13057
20	Gm20_27240856	27240856	27.2409	0.0307692	68.7744	0.710526	92.5272	-0.128843
20	Gm20_27243910	27243910	27.2439	0.0307692	68.9833	0.710526	92.3934	-0.126897
20	Gm20_27262352	27262352	27.2624	0.0307692	69.1923	0.710526	92.2595	-0.124954
20	Gm20_27265994	27265994	27.266	0.661538	65.4414	0.144737	92.0302	-0.148077
20	Gm20_27267244	27267244	27.2672	0.0307692	66.4467	0.736842	91.7684	-0.14022
20	Gm20_27268887	27268887	27.2689	0.0307692	66.649	0.723684	91.6019	-0.138111
20	Gm20_27292232	27292232	27.2922	0.323077	65.9179	0.144737	92.1459	-0.145473
20	Gm20_27304915	27304915	27.3049	0.323077	66.1201	0.118421	92.1734	-0.144272
20	Gm20_27317930	27317930	27.3179	0.323077	66.2094	0.118421	91.9215	-0.142498
20	Gm20_27339469	27339469	27.3395	0.307692	66.2748	0.118421	91.6694	-0.140876
20	Gm20_27343119	27343119	27.3431	0.0307692	66.5216	0.736842	90.7375	-0.134824
20	Gm20_27404854	27404854	27.4049	0.661538	66.4888	0.157895	91.4225	-0.138305
20	Gm20_27413064	27413064	27.4131	0.646154	66.6051	0.171053	91.2149	-0.136558
20	Gm20_27413354	27413354	27.4134	0.646154	66.7358	0.171053	91.0811	-0.135069
20	Gm20_27420489	27420489	27.4205	0.646154	66.8665	0.171053	90.6901	-0.132351
20	Gm20_27437471	27437471	27.4375	0.661538	67.0058	0.184211	90.3606	-0.129867
20	Gm20_27437802	27437802	27.4378	0.661538	67.1366	0.171053	90.2662	-0.128566
20	Gm20_27452978	27452978	27.453	0.323077	67.1936	0.118421	89.7274	-0.125597
20	Gm20_27457343	27457343	27.4573	0.646154	67.3753	0.171053	90.0048	-0.125765
20	Gm20_27458884	27458884	27.4589	0.0923077	62.8573	0.0657895	86.2895	-0.137602
20	Gm20_27459020	27459020	27.459	0.646154	68.804	0.171053	89.8793	-0.116046
20	Gm20_27461672	27461672	27.4617	0.661538	69.0235	0.157895	89.8472	-0.114508
20	Gm20_27461979	27461979	27.462	0.661538	69.2429	0.157895	89.7928	-0.112866
20	Gm20_27499953	27499953	27.5	0.646154	69.4739	0.171053	89.1457	-0.108279
20	Gm20_27504251	27504251	27.5043	0.0307692	70.0916	0.710526	88.7958	-0.102727
20	Gm20_27509552	27509552	27.5096	0.646154	70.1749	0.157895	91.2128	-0.113874
20	Gm20_27525736	27525736	27.5257	0.661538	70.4472	0.171053	91.1455	-0.111872
20	Gm20_27525759	27525759	27.5258	0.661538	70.6666	0.171053	91.0912	-0.110262
20	Gm20_27525814	27525814	27.5258	0.661538	70.8364	0.157895	91.1395	-0.10945
20	Gm20_27532931	27532931	27.5329	0.661538	71.0515	0.157895	91.159	-0.108226
20	Gm20_27535107	27535107	27.5351	0.646154	71.197	0.157895	91.1046	-0.107078
20	Gm20_27535639	27535639	27.5356	0.661538	71.4603	0.157895	90.7485	-0.103774
20	Gm20_27535727	27535727	27.5357	0.646154	70.9947	0.171053	91.0837	-0.108215
20	Gm20_27535768	27535768	27.5358	0.646154	71.3027	0.171053	91.3884	-0.107785
20	Gm20_27547900	27547900	27.5479	0.646154	72.8556	0.171053	90.9386	-0.0962853
20	Gm20_27547938	27547938	27.5479	0.661538	72.9975	0.171053	90.7586	-0.0945798
20	Gm20_27548271	27548271	27.5483	0.661538	73.205	0.171053	90.708	-0.093105
20	Gm20_27571393	27571393	27.5714	0.661538	73.4125	0.171053	90.6861	-0.0917705
20	Gm20_27575398	27575398	27.5754	0.646154	73.3152	0.157895	90.3844	-0.0908997
20	Gm20_27576005	27576005	27.576	0.646154	73.5227	0.157895	90.3339	-0.0894293
20	Gm20_27576403	27576403	27.5764	0.307692	73.597	0.118421	88.1203	-0.0782163
20	Gm20_27577498	27577498	27.5775	0.661538	73.8818	0.184211	88.5578	-0.0786891
20	Gm20_27577522	27577522	27.5775	0.661538	74.0894	0.184211	88.4517	-0.0769503
20	Gm20_27577532	27577532	27.5775	0.661538	74.2969	0.171053	88.4186	-0.075573
20	Gm20_27577837	27577837	27.5778	0.661538	74.5044	0.197368	88.3243	-0.0738985
20	Gm20_27582312	27582312	27.5823	0.646154	75.5066	0.171053	88.8308	-0.0705784
20	Gm20_27582922	27582922	27.5829	0.323077	75.7391	0.118421	88.5526	-0.0678813
20	Gm20_27594930	27594930	27.5949	0.584615	70.5634	0.131579	88.1031	-0.0964113
20	Gm20_27661161	27661161	27.6612	0.0307692	79.7439	0.697368	86.7474	-0.036559
20	Gm20_27661205	27661205	27.6612	0.0307692	80.0077	0.710526	86.7394	-0.0350845
20	Gm20_27661217	27661217	27.6612	0.0307692	80.2715	0.710526	86.7098	-0.0335065
20	Gm20_27661415	27661415	27.6614	0.0307692	80.5354	0.697368	86.66	-0.0318319
20	Gm20_27661474	27661474	27.6615	0.0307692	80.7992	0.697368	86.6303	-0.0302631
20	Gm20_27661757	27661757	27.6618	0.0307692	81.063	0.736842	88.1553	-0.0364257
20	Gm20_27661763	27661763	27.6618	0.0307692	81.3268	0.710526	88.1307	-0.034894
20	Gm20_27661947	27661947	27.6619	0.323077	78.8622	0.118421	88.3931	-0.0495496
20	Gm20_27670553	27670553	27.6706	0.323077	79.126	0.131579	88.3579	-0.0479263
20	Gm20_27676854	27676854	27.6769	0.0307692	83.3426	0.710526	88.112	-0.0241678
20	Gm20_27676877	27676877	27.6769	0.0307692	83.3199	0.736842	87.8566	-0.0230252
20	Gm20_27677045	27677045	27.677	0.0307692	83.5666	0.736842	87.8189	-0.0215555
20	Gm20_27677317	27677317	27.6773	0.0307692	83.8132	0.710526	87.7259	-0.0198151
20	Gm20_27677562	27677562	27.6776	0.0307692	84.0598	0.710526	87.6802	-0.0183129
20	Gm20_27686237	27686237	27.6862	0.0307692	84.3065	0.723684	87.383	-0.0155659
20	Gm20_27686487	27686487	27.6865	0.0307692	84.5531	0.697368	87.315	-0.0139593
20	Gm20_27689125	27689125	27.6891	0.0307692	84.6906	0.723684	87.2323	-0.0128421
20	Gm20_27719139	27719139	27.7191	0.0307692	84.9372	0.710526	87.1112	-0.0109756
20	Gm20_27805795	27805795	27.8058	0.0307692	85.1839	0.723684	87.0124	-0.00922399
20	Gm20_27816185	27816185	27.8162	0.0307692	85.498	0.710526	87.0997	-0.00806035
20	Gm20_27816207	27816207	27.8162	0.323077	81.6019	0.118421	86.9439	-0.0275391
20	Gm20_27818391	27818391	27.8184	0.0307692	86.6236	0.723684	87.0252	-0.00200878
20	Gm20_27825250	27825250	27.8253	0.0307692	86.5689	0.710526	86.5942	-0.00012647
20	Gm20_27871090	27871090	27.8711	0.0307692	86.797	0.736842	86.4738	0.00161978
20	Gm20_27871118	27871118	27.8711	0.0307692	87.025	0.710526	86.3381	0.0034417
20	Gm20_27882506	27882506	27.8825	0.0307692	87.1827	0.736842	86.4823	0.00350289
20	Gm20_27883102	27883102	27.8831	0.0307692	87.2471	0.710526	86.267	0.00490587
20	Gm20_27888789	27888789	27.8888	0.0307692	87.4725	0.723684	86.5902	0.00440305
20	Gm20_27906552	27906552	27.9066	0.0307692	87.514	0.723684	86.4675	0.00522486
20	Gm20_27909248	27909248	27.9092	0.0307692	87.1999	0.736842	86.146	0.00528064
20	Gm20_27923446	27923446	27.9234	0.0307692	87.2414	0.736842	86.0233	0.00610626
20	Gm20_27935044	27935044	27.935	0.0307692	87.2735	0.736842	85.8929	0.00692502
20	Gm20_27935069	27935069	27.9351	0.0307692	87.4153	0.736842	85.8971	0.00760902
20	Gm20_27935287	27935287	27.9353	0.323077	82.685	0.118421	85.5945	-0.0150188
20	Gm20_27953188	27953188	27.9532	0.0307692	118.197	0.736842	88.4749	0.125785
20	Gm20_27953499	27953499	27.9535	0.0307692	118.589	0.723684	88.2787	0.128188
20	Gm20_27953529	27953529	27.9535	0.0307692	118.968	0.736842	88.217	0.129877
20	Gm20_27974549	27974549	27.9745	0	119.365	0.644737	80.2535	0.172414
20	Gm20_27974783	27974783	27.9748	0.0307692	119.647	0.736842	87.923	0.133799
20	Gm20_27984204	27984204	27.9842	0.0307692	119.987	0.723684	87.7741	0.135767
20	Gm20_28019401	28019401	28.0194	0.0307692	120.327	0.736842	88.1174	0.135301
20	Gm20_28057335	28057335	28.0573	0.0307692	120.166	0.736842	87.8633	0.135973
20	Gm20_28057485	28057485	28.0575	0.0307692	120.506	0.736842	87.9114	0.136963
20	Gm20_28057821	28057821	28.0578	0.0307692	120.98	0.736842	88.0992	0.137741
20	Gm20_28062067	28062067	28.0621	0.0307692	121.484	0.736842	88.3191	0.138466
20	Gm20_28062090	28062090	28.0621	0.0307692	121.825	0.723684	88.2539	0.140001
20	Gm20_28062922	28062922	28.0629	0.0307692	122.165	0.736842	88.5355	0.139828
20	Gm20_28065769	28065769	28.0658	0.0307692	122.505	0.736842	88.5836	0.1408
20	Gm20_28069313	28069313	28.0693	0.0307692	122.727	0.736842	88.5604	0.1417
20	Gm20_28070136	28070136	28.0701	0.0307692	123.024	0.736842	88.6302	0.142409
20	Gm20_28075619	28075619	28.0756	0.0307692	123.365	0.736842	88.6783	0.143373
20	Gm20_28097301	28097301	28.0973	0.0307692	123.705	0.736842	88.7264	0.144333
20	Gm20_28127572	28127572	28.1276	0.0307692	124.032	0.736842	88.7745	0.145246
20	Gm20_28127577	28127577	28.1276	0.0307692	124.347	0.736842	88.8226	0.146112
20	Gm20_28134441	28134441	28.1344	0.0307692	124.662	0.736842	88.8707	0.146975
20	Gm20_28135846	28135846	28.1358	0.0307692	124.977	0.736842	88.9188	0.147835
20	Gm20_28135869	28135869	28.1359	0.0307692	125.292	0.736842	88.9669	0.148693
20	Gm20_28136104	28136104	28.1361	0.0307692	125.606	0.723684	88.7192	0.150994
20	Gm20_28149566	28149566	28.1496	0.0307692	125.972	0.736842	88.9695	0.151033
20	Gm20_28149857	28149857	28.1499	0.0307692	126.287	0.723684	88.7863	0.153013
20	Gm20_28179182	28179182	28.1792	0.0307692	126.602	0.736842	88.8581	0.153743
20	Gm20_28208526	28208526	28.2085	0.0769231	117.887	0	89.2888	0.120669
20	Gm20_28208546	28208546	28.2085	0.0307692	130.903	0.710526	88.5608	0.169706
20	Gm20_28208680	28208680	28.2087	0.0307692	131.607	0.723684	88.865	0.170549
20	Gm20_28210410	28210410	28.2104	0.0307692	132.12	0.710526	88.9019	0.172058
20	Gm20_28213777	28213777	28.2138	0.0307692	132.633	0.736842	89.0938	0.172804
20	Gm20_28223713	28223713	28.2237	0.0307692	133.146	0.723684	89.1294	0.174306
20	Gm20_28223796	28223796	28.2238	0.0307692	133.659	0.723684	89.1491	0.17588
20	Gm20_28225410	28225410	28.2254	0.0307692	134.171	0.736842	89.2435	0.177084
20	Gm20_28225428	28225428	28.2254	0.0307692	134.684	0.736842	89.2909	0.17851
20	Gm20_28225641	28225641	28.2256	0.0307692	135.197	0.736842	89.3376	0.179933
20	Gm20_28261599	28261599	28.2616	0.0307692	135.71	0.723684	89.3434	0.181549
20	Gm20_28268457	28268457	28.2685	0.0307692	136.193	0.723684	89.3718	0.182955
20	Gm20_28271487	28271487	28.2715	0.0307692	136.647	0.736842	89.4072	0.184227
20	Gm20_28271524	28271524	28.2715	0.0307692	137.1	0.710526	89.1513	0.186911
20	Gm20_28272314	28272314	28.2723	0.0307692	137.717	0.723684	89.5479	0.18693
20	Gm20_28276781	28276781	28.2768	0.0307692	138.157	0.723684	89.558	0.188267
20	Gm20_28276802	28276802	28.2768	0.0307692	138.583	0.723684	89.5681	0.189557
20	Gm20_28283843	28283843	28.2838	0.0307692	139.01	0.723684	89.5783	0.190842
20	Gm20_28284046	28284046	28.284	0.0307692	139.436	0.723684	89.5884	0.192123
20	Gm20_28313368	28313368	28.3134	0.0307692	139.862	0.736842	89.5822	0.193479
20	Gm20_28315270	28315270	28.3153	0.0307692	140.289	0.697368	89.3878	0.195745
20	Gm20_28319239	28319239	28.3192	0.0307692	140.715	0.736842	89.7341	0.195384
20	Gm20_28324745	28324745	28.3247	0.0307692	141.142	0.723684	89.7376	0.196681
20	Gm20_28342159	28342159	28.3422	0.0307692	141.568	0.710526	89.7113	0.198119
20	Gm20_28346193	28346193	28.3462	0.0307692	141.639	0.736842	89.7816	0.197994
20	Gm20_28396919	28396919	28.3969	0.0307692	142.057	0.736842	89.7886	0.199243
20	Gm20_28426070	28426070	28.4261	0.0307692	142.469	0.723684	89.7844	0.200519
20	Gm20_28426299	28426299	28.4263	0.0307692	142.88	0.723684	89.7913	0.201737
20	Gm20_28432592	28432592	28.4326	0.0307692	143.339	0.736842	89.8531	0.202833
20	Gm20_28513147	28513147	28.5131	0.0307692	143.751	0.723684	89.8524	0.20408
20	Gm20_28518391	28518391	28.5184	0.0307692	144.162	0.736842	90.2841	0.203239
20	Gm20_28518430	28518430	28.5184	0.0307692	144.573	0.736842	90.2911	0.204443
20	Gm20_28518711	28518711	28.5187	0.0307692	144.984	0.736842	90.298	0.205643
20	Gm20_28525417	28525417	28.5254	0.0307692	145.395	0.736842	90.305	0.206839
20	Gm20_28525436	28525436	28.5254	0.0307692	145.807	0.736842	90.312	0.208032
20	Gm20_28526661	28526661	28.5267	0.0307692	146.218	0.736842	90.319	0.209222
20	Gm20_28532257	28532257	28.5323	0.0307692	146.624	0.736842	90.3245	0.2104
20	Gm20_28532488	28532488	28.5325	0.0307692	147.026	0.736842	90.3287	0.211568
20	Gm20_28532526	28532526	28.5325	0.0307692	147.428	0.736842	90.3329	0.212733
20	Gm20_28533311	28533311	28.5333	0.0307692	148.077	0.710526	90.0861	0.215829
20	Gm20_28533359	28533359	28.5334	0.0307692	148.415	0.736842	90.4154	0.215236
20	Gm20_28536829	28536829	28.5368	0.0307692	148.754	0.736842	90.4161	0.216223
20	Gm20_28536882	28536882	28.5369	0.0307692	149.093	0.736842	90.4168	0.217207
20	Gm20_28537032	28537032	28.537	0.0307692	149.431	0.736842	90.4175	0.21819
20	Gm20_28540714	28540714	28.5407	0.0307692	149.419	0.736842	90.2189	0.219109
20	Gm20_28540982	28540982	28.541	0.0307692	149.758	0.736842	90.2032	0.220168
20	Gm20_28541051	28541051	28.5411	0.0307692	149.693	0.736842	89.9673	0.221116
20	Gm20_28544801	28544801	28.5448	0.0307692	149.547	0.736842	89.6876	0.222045
20	Gm20_28572993	28572993	28.573	0.0461538	147.473	0.723684	88.0205	0.224129
20	Gm20_28630287	28630287	28.6303	0.0307692	150.493	0.736842	89.5242	0.225575
20	Gm20_28640831	28640831	28.6408	0.0307692	150.656	0.697368	87.5053	0.235951
20	Gm20_28653499	28653499	28.6535	0.0307692	151.039	0.736842	89.1629	0.228904
20	Gm20_28653509	28653509	28.6535	0.0307692	150.99	0.723684	88.9395	0.229853
20	Gm20_28653528	28653528	28.6535	0.0307692	151.373	0.736842	89.0244	0.230539
20	Gm20_28657172	28657172	28.6572	0.0307692	151.693	0.723684	88.6437	0.233317
20	Gm20_28684337	28684337	28.6843	0.0307692	151.949	0.657895	81.7057	0.269446
20	Gm20_28684351	28684351	28.6844	0.0307692	152.211	0.671053	84.6905	0.254611
20	Gm20_28694175	28694175	28.6942	0.0307692	152.786	0.736842	90.2976	0.228407
20	Gm20_28694431	28694431	28.6944	0.0307692	153.042	0.723684	89.0147	0.23535
20	Gm20_28694447	28694447	28.6944	0.0307692	153.299	0.736842	90.8948	0.227
20	Gm20_28694458	28694458	28.6945	0.0307692	153.556	0.723684	90.9835	0.227303
20	Gm20_28757618	28757618	28.7576	0.0307692	153.812	0.736842	91.4782	0.225674
20	Gm20_28757665	28757665	28.7577	0.0307692	154.302	0.736842	91.8346	0.225366
20	Gm20_28757886	28757886	28.7579	0.0307692	154.258	0.723684	91.6881	0.225933
20	Gm20_28773876	28773876	28.7739	0.0461538	151.965	0.736842	92.1408	0.217291
20	Gm20_28773916	28773916	28.7739	0.0307692	154.881	0.736842	92.313	0.224735
20	Gm20_28774122	28774122	28.7741	0.0307692	155.179	0.736842	92.4852	0.224762
20	Gm20_28774182	28774182	28.7742	0.0307692	155.478	0.736842	92.6573	0.224789
20	Gm20_28966180	28966180	28.9662	0.0307692	155.777	0.736842	92.8295	0.224816
20	Gm20_28966368	28966368	28.9664	0.0307692	156.075	0.736842	93.0017	0.224843
20	Gm20_28986854	28986854	28.9869	0.0307692	156.374	0.736842	93.1739	0.22487
20	Gm20_28987416	28987416	28.9874	0.0307692	156.119	0.736842	92.9489	0.225212
20	Gm20_28987652	28987652	28.9877	0.0307692	156.141	0.736842	92.9222	0.225396
20	Gm20_28988523	28988523	28.9885	0.0307692	156.264	0.736842	93.0771	0.225015
20	Gm20_28988725	28988725	28.9887	0.0307692	156.212	0.736842	93.2148	0.224229
20	Gm20_28988733	28988733	28.9887	0.0461538	153.551	0.736842	93.3459	0.216159
20	Gm20_29009143	29009143	29.0091	0.0461538	153.639	0.736842	93.5011	0.215685
20	Gm20_29009271	29009271	29.0093	0.0307692	153.694	0.736842	93.6099	0.215334
20	Gm20_29009291	29009291	29.0093	0.0461538	153.349	0.736842	93.4525	0.215089
20	Gm20_29009343	29009343	29.0093	0.0461538	153.427	0.710526	92.8984	0.217892
20	Gm20_29080959	29080959	29.081	0.0307692	156.44	0.723684	92.8819	0.226416
20	Gm20_29081152	29081152	29.0812	0.0307692	156.082	0.697368	92.6824	0.226355
20	Gm20_29081601	29081601	29.0816	0.0307692	155.791	0.736842	92.9782	0.224162
20	Gm20_29097602	29097602	29.0976	0.0307692	155.843	0.736842	93.0581	0.223934
20	Gm20_29097652	29097652	29.0977	0.0307692	155.895	0.736842	93.1379	0.223707
20	Gm20_29097911	29097911	29.0979	0.0307692	155.947	0.736842	93.2177	0.22348
20	Gm20_29097924	29097924	29.0979	0.0307692	155.999	0.736842	93.2975	0.223253
20	Gm20_29122021	29122021	29.122	0.0307692	156.051	0.710526	93.2029	0.223838
20	Gm20_29147503	29147503	29.1475	0.0307692	156.103	0.736842	93.6062	0.222108
20	Gm20_29147510	29147510	29.1475	0.0307692	156.155	0.736842	93.686	0.221882
20	Gm20_29147767	29147767	29.1478	0.0307692	156.261	0.736842	93.7984	0.221656
20	Gm20_29147828	29147828	29.1478	0.0461538	153.973	0.736842	94.0204	0.214221
20	Gm20_29147875	29147875	29.1479	0.0461538	154.05	0.736842	94.1003	0.214071
20	Gm20_29147888	29147888	29.1479	0.0461538	154.127	0.736842	94.1801	0.21392
20	Gm20_29148251	29148251	29.1483	0.0307692	156.857	0.736842	94.2599	0.221177
20	Gm20_29148271	29148271	29.1483	0.0307692	156.961	0.736842	94.3397	0.221098
20	Gm20_29148563	29148563	29.1486	0.0307692	157.065	0.736842	94.4195	0.221018
20	Gm20_29158986	29158986	29.159	0.0307692	157.169	0.710526	94.1786	0.222415
20	Gm20_29178789	29178789	29.1788	0.0307692	157.273	0.723684	94.0138	0.223463
20	Gm20_29178813	29178813	29.1788	0.0307692	157.59	0.697368	94.2047	0.223457
20	Gm20_29178982	29178982	29.179	0.0307692	157.908	0.723684	94.4773	0.223076
20	Gm20_29182623	29182623	29.1826	0.0307692	157.949	0.736842	95.2303	0.21974
20	Gm20_29182822	29182822	29.1828	0.0307692	157.539	0.710526	95.0096	0.219621
20	Gm20_29186665	29186665	29.1867	0.0307692	157.517	0.710526	95.0716	0.219276
20	Gm20_29186852	29186852	29.1869	0.0307692	157.494	0.736842	95.181	0.218714
20	Gm20_29187180	29187180	29.1872	0.0307692	157.472	0.736842	95.2344	0.218409
20	Gm20_29187943	29187943	29.1879	0.0307692	157.449	0.710526	95.2176	0.218424
20	Gm20_29187964	29187964	29.188	0.0307692	157.427	0.736842	95.9461	0.215052
20	Gm20_29188630	29188630	29.1886	0.0307692	157.405	0.736842	95.9907	0.214788
20	Gm20_29188747	29188747	29.1887	0.0307692	157.382	0.736842	96.0353	0.214524
20	Gm20_29188816	29188816	29.1888	0.0307692	157.571	0.736842	96.1806	0.214388
20	Gm20_29188872	29188872	29.1889	0.0307692	157.548	0.736842	96.2252	0.214125
20	Gm20_29188879	29188879	29.1889	0.0307692	157.279	0.736842	96.2211	0.2134
20	Gm20_29190068	29190068	29.1901	0.0307692	156.872	0.736842	96.2545	0.212124
20	Gm20_29191208	29191208	29.1912	0.0307692	156.404	0.736842	96.2095	0.211029
20	Gm20_29192083	29192083	29.1921	0.0461538	153.361	0.736842	96.2259	0.202422
20	Gm20_29192281	29192281	29.1923	0.0461538	152.874	0.736842	96.1227	0.201508
20	Gm20_29192295	29192295	29.1923	0.0461538	152.494	0.736842	96.1391	0.200353
20	Gm20_29192313	29192313	29.1923	0.0461538	152.115	0.736842	96.1555	0.199197
20	Gm20_29192336	29192336	29.1923	0.0461538	151.979	0.736842	96.3052	0.198135
20	Gm20_29192555	29192555	29.1926	0.0461538	151.6	0.736842	96.3216	0.196975
20	Gm20_29193282	29193282	29.1933	0.0307692	153.695	0.736842	96.338	0.202863
20	Gm20_29196042	29196042	29.196	0.0307692	153.33	0.736842	96.3543	0.201757
20	Gm20_29196083	29196083	29.1961	0.0307692	152.965	0.736842	96.3707	0.200648
20	Gm20_29233324	29233324	29.2333	0.0307692	152.601	0.736842	96.3871	0.199537
20	Gm20_29234368	29234368	29.2344	0.0307692	152.617	0.736842	96.5664	0.198777
20	Gm20_29237311	29237311	29.2373	0.0307692	152.494	0.710526	96.0306	0.200843
20	Gm20_29251254	29251254	29.2513	0.0307692	152.129	0.736842	96.2965	0.198601
20	Gm20_29255581	29255581	29.2556	0.0307692	151.764	0.736842	96.3129	0.197484
20	Gm20_29255754	29255754	29.2558	0.0307692	151.978	0.736842	96.6445	0.196602
20	Gm20_29257228	29257228	29.2572	0.0307692	151.613	0.736842	96.6609	0.195485
20	Gm20_29257248	29257248	29.2572	0.0307692	151.248	0.736842	96.6773	0.194364
20	Gm20_29260413	29260413	29.2604	0.0307692	150.883	0.723684	96.5837	0.193736
20	Gm20_29260593	29260593	29.2606	0.0307692	150.518	0.736842	96.659	0.192346
20	Gm20_29279078	29279078	29.2791	0.0307692	150.153	0.736842	96.6754	0.191218
20	Gm20_29285965	29285965	29.286	0.0307692	149.788	0.736842	96.6834	0.190125
20	Gm20_29286125	29286125	29.2861	0.0307692	149.423	0.710526	96.4711	0.19002
20	Gm20_29291360	29291360	29.2914	0.0307692	149.058	0.736842	96.7084	0.187891
20	Gm20_29291712	29291712	29.2917	0.0307692	148.693	0.736842	96.7081	0.186828
20	Gm20_29308570	29308570	29.3086	0.0307692	148.328	0.723684	96.0269	0.188831
20	Gm20_29313315	29313315	29.3133	0.0307692	147.68	0.723684	95.7398	0.188229
20	Gm20_29313320	29313320	29.3133	0.0307692	147.273	0.736842	95.9724	0.185977
20	Gm20_29321114	29321114	29.3211	0.0307692	146.866	0.736842	95.97	0.184785
20	Gm20_29323906	29323906	29.3239	0.0307692	146.458	0.736842	95.9675	0.18359
20	Gm20_29360658	29360658	29.3607	0.0307692	146.051	0.710526	95.7237	0.183485
20	Gm20_29360866	29360866	29.3609	0.0307692	145.644	0.736842	95.9099	0.181428
20	Gm20_29402989	29402989	29.403	0.0307692	145.236	0.736842	95.9075	0.180222
20	Gm20_29456978	29456978	29.457	0.0307692	144.829	0.736842	95.905	0.179013
20	Gm20_29457124	29457124	29.4571	0.0307692	144.645	0.736842	96.0244	0.177922
20	Gm20_29457253	29457253	29.4573	0.0307692	144.734	0.736842	96.2922	0.176979
20	Gm20_29484890	29484890	29.4849	0.0307692	144.299	0.736842	96.2741	0.175755
20	Gm20_29484913	29484913	29.4849	0.0307692	143.865	0.75	95.6405	0.177312
20	Gm20_29528607	29528607	29.5286	0.0307692	143.43	0.710526	95.7758	0.175385
20	Gm20_29529036	29529036	29.529	0.0307692	142.995	0.710526	95.751	0.174179
20	Gm20_29534801	29534801	29.5348	0.0769231	130.029	0.0921053	93.325	0.144042
20	Gm20_29551283	29551283	29.5513	0.0307692	140.148	0.736842	95.1516	0.168172
20	Gm20_29576238	29576238	29.5762	0.0307692	139.909	0.736842	95.1481	0.167447
20	Gm20_29578420	29578420	29.5784	0.0307692	139.67	0.697368	94.773	0.16842
20	Gm20_29578981	29578981	29.579	0.0307692	139.431	0.736842	94.7381	0.167836
20	Gm20_29598880	29598880	29.5989	0.0307692	138.88	0.684211	92.6434	0.175826
20	Gm20_29604358	29604358	29.6044	0.0307692	138.641	0.723684	92.9137	0.173813
20	Gm20_29604368	29604368	29.6044	0.0307692	138.664	0.697368	92.9972	0.173492
20	Gm20_29604406	29604406	29.6044	0.0307692	138.21	0.697368	92.7132	0.173398
20	Gm20_29640736	29640736	29.6407	0.0307692	137.671	0.723684	93.7479	0.166881
20	Gm20_29641146	29641146	29.6411	0.0307692	137.141	0.723684	93.4094	0.166777
20	Gm20_29655611	29655611	29.6556	0.0307692	136.615	0.723684	93.0895	0.166596
20	Gm20_33525227	33525227	33.5252	0.246154	37.872	0.710526	56.7458	-0.175616
20	Gm20_33550332	33550332	33.5503	0.538462	38.0426	0.223684	58.3238	-0.185576
20	Gm20_33550385	33550385	33.5504	0.123077	39.5671	0.157895	66.3873	-0.224751
20	Gm20_33553992	33553992	33.554	0.123077	39.6144	0.157895	66.4103	-0.224383
20	Gm20_33554002	33554002	33.554	0.123077	39.6616	0.157895	66.4333	-0.224016
20	Gm20_33590871	33590871	33.5909	0.123077	39.6764	0.131579	66.3169	-0.223092
20	Gm20_33591018	33591018	33.591	0.123077	39.7127	0.131579	66.3399	-0.222846
20	Gm20_33630381	33630381	33.6304	0.384615	39.6482	0.223684	65.8468	-0.220311
20	Gm20_33630462	33630462	33.6305	0.215385	39.8161	0.0526316	66.3034	-0.221476
20	Gm20_33630516	33630516	33.6305	0.369231	39.955	0.0921053	66.2274	-0.219466
20	Gm20_33630524	33630524	33.6305	0	40.4287	0.131579	65.9687	-0.212648
20	Gm20_33630532	33630532	33.6305	0.369231	39.9636	0.0921053	66.0391	-0.218137
20	Gm20_33630697	33630697	33.6307	0.369231	39.9679	0.223684	65.8666	-0.216954
20	Gm20_33630716	33630716	33.6307	0.369231	39.9722	0.0921053	66.1852	-0.219003
20	Gm20_33630745	33630745	33.6307	0.215385	40.2965	0.0526316	66.473	-0.217378
20	Gm20_33710525	33710525	33.7105	0.107692	41.5443	0.144737	66.9822	-0.207447
20	Gm20_33727851	33727851	33.7279	0.107692	41.4512	0.0263158	67.5486	-0.212079
20	Gm20_33749159	33749159	33.7492	0.153846	37.7292	0.671053	64.8742	-0.235395
20	Gm20_33749170	33749170	33.7492	0.553846	36.9864	0.276316	64.945	-0.244503
20	Gm20_33749209	33749209	33.7492	0.553846	36.918	0.276316	64.7967	-0.244314
20	Gm20_33749225	33749225	33.7492	0.153846	37.1875	0.671053	64.6952	-0.240475
20	Gm20_33749384	33749384	33.7494	0.184615	37.1485	0.0394737	65.3351	-0.245205
20	Gm20_33758717	33758717	33.7587	0.107692	39.3658	0.0131579	65.6404	-0.222052
20	Gm20_33759341	33759341	33.7593	0.153846	39.4733	0.657895	63.6194	-0.207286
20	Gm20_33759353	33759353	33.7594	0.153846	39.4685	0.671053	65.0018	-0.216674
20	Gm20_33759764	33759764	33.7598	0.153846	39.4522	0.671053	64.9923	-0.216791
20	Gm20_33761853	33761853	33.7619	0.107692	39.4245	0.0131579	65.8372	-0.222705
20	Gm20_33762316	33762316	33.7623	0.107692	39.4198	0.0131579	65.8476	-0.222826
20	Gm20_33765407	33765407	33.7654	0.153846	39.1173	0.671053	65.0069	-0.220591
20	Gm20_33765665	33765665	33.7657	0.738462	38.9269	0.315789	64.8875	-0.221911
20	Gm20_33765674	33765674	33.7657	0.107692	39.1177	0.0131579	65.3005	-0.222543
20	Gm20_33768428	33768428	33.7684	0.153846	39.7107	0.671053	64.9155	-0.213441
20	Gm20_33768485	33768485	33.7685	0.153846	39.7083	0.671053	64.9196	-0.213495
20	Gm20_33768591	33768591	33.7686	0.4	35.298	0.118421	64.4599	-0.26154
20	Gm20_33768610	33768610	33.7686	0.153846	36.7405	0.671053	64.3516	-0.243414
20	Gm20_33768618	33768618	33.7686	0.153846	36.7382	0.671053	64.3558	-0.243471
20	Gm20_33775954	33775954	33.776	0.184615	35.6666	0.0394737	64.3925	-0.256574
20	Gm20_33802605	33802605	33.8026	0.523077	35.8174	0.263158	65.0683	-0.259275
20	Gm20_33802635	33802635	33.8026	0.123077	37.264	0.157895	65.6718	-0.24609
20	Gm20_33827426	33827426	33.8274	0	37.4118	0.131579	65.5762	-0.243738
20	Gm20_33827434	33827434	33.8274	0.184615	36.8117	0.171053	65.3546	-0.249291
20	Gm20_33827467	33827467	33.8275	0.123077	37.1335	0.0131579	65.7723	-0.248277
20	Gm20_33827612	33827612	33.8276	0	37.4193	0.131579	65.5852	-0.243711
20	Gm20_33845418	33845418	33.8454	0.584615	35.2603	0.276316	64.7978	-0.264273
20	Gm20_33862697	33862697	33.8627	0.615385	36.2205	0.263158	65.0592	-0.254354
20	Gm20_33862724	33862724	33.8627	0.615385	36.2163	0.263158	65.062	-0.254424
20	Gm20_33872036	33872036	33.872	0.523077	36.2536	0.131579	65.2987	-0.255553
20	Gm20_33872191	33872191	33.8722	0.553846	36.1905	0.276316	65.0764	-0.254828
20	Gm20_33872204	33872204	33.8722	0.523077	36.206	0.131579	65.45	-0.257129
20	Gm20_33872247	33872247	33.8722	0.4	35.8282	0.118421	65.4514	-0.261694
20	Gm20_33872257	33872257	33.8723	0.553846	35.7793	0.276316	64.8716	-0.258423
20	Gm20_33872264	33872264	33.8723	0.523077	35.8425	0.131579	65.9696	-0.264946
20	Gm20_33905026	33905026	33.905	0.4	35.9866	0.118421	66.018	-0.263521
20	Gm20_33910395	33910395	33.9104	0.4	35.9781	0.118421	66.0004	-0.263509
20	Gm20_33910426	33910426	33.9104	0.4	36.0144	0.118421	66.0814	-0.263603
20	Gm20_33910449	33910449	33.9104	0.523077	35.6904	0.131579	65.8409	-0.265945
20	Gm20_33927920	33927920	33.9279	0.4	36.0719	0.118421	65.9693	-0.262172
20	Gm20_33941268	33941268	33.9413	0.2	34.6411	0.565789	56.9669	-0.216031
20	Gm20_33974781	33974781	33.9748	0.584615	34.7468	0.171053	57.1662	-0.216224
20	Gm20_33980711	33980711	33.9807	0.876923	34.7077	0.276316	57.0863	-0.216106
20	Gm20_33993529	33993529	33.9935	0.138462	34.6035	0.0131579	57.6645	-0.221788
20	Gm20_34019023	34019023	34.019	0.338462	34.3325	0.144737	57.5891	-0.224634
20	Gm20_34019163	34019163	34.0192	0.0307692	34.9144	0.157895	57.4326	-0.216154
20	Gm20_34023558	34023558	34.0236	0.4	34.2743	0.118421	57.2703	-0.222961
20	Gm20_34027194	34027194	34.0272	0.184615	34.268	0.171053	57.3247	-0.223453
20	Gm20_34027473	34027473	34.0275	0.492308	33.9711	0.657895	56.4685	-0.220697
20	Gm20_34037988	34037988	34.038	0.0307692	34.7696	0.157895	56.7604	-0.212847
20	Gm20_34073704	34073704	34.0737	0.553846	34.1962	0.131579	58.1121	-0.230289
20	Gm20_34073910	34073910	34.0739	0.323077	34.1831	0.171053	56.6191	-0.219151
20	Gm20_34073926	34073926	34.0739	0.123077	34.802	0.697368	56.4616	-0.210148
20	Gm20_34083917	34083917	34.0839	0.738462	32.6417	0.197368	56.2263	-0.236167
20	Gm20_34089183	34089183	34.0892	0.4	33.2887	0.105263	56.5509	-0.230143
20	Gm20_34089509	34089509	34.0895	0.707692	33.0505	0.289474	56.3431	-0.231662
20	Gm20_34089551	34089551	34.0896	0.307692	33.0339	0.171053	56.4232	-0.232499
20	Gm20_34106658	34106658	34.1067	0.384615	34.603	0.118421	57.3416	-0.219356
20	Gm20_34149672	34149672	34.1497	0.384615	34.5238	0.118421	57.3011	-0.220045
20	Gm20_34149830	34149830	34.1498	0.384615	34.4446	0.118421	57.2607	-0.220736
20	Gm20_34152894	34152894	34.1529	0.384615	34.3654	0.118421	57.2203	-0.221428
20	Gm20_34152914	34152914	34.1529	0.0923077	34.2122	0.552632	54.7609	-0.20429
20	Gm20_34154178	34154178	34.1542	0.384615	34.231	0.118421	55.6739	-0.211233
20	Gm20_34154456	34154456	34.1545	0.430769	33.8893	0.276316	55.1857	-0.211764
20	Gm20_34154518	34154518	34.1545	0.384615	33.8212	0.118421	55.4131	-0.214423
20	Gm20_34176493	34176493	34.1765	0.0307692	34.1378	0.157895	54.9963	-0.207097
20	Gm20_34181528	34181528	34.1815	0.4	33.757	0.118421	56.1058	-0.220644
20	Gm20_34194939	34194939	34.1949	0.338462	32.7235	0.144737	55.3736	-0.228443
20	Gm20_34205609	34205609	34.2056	0.415385	32.653	0.131579	55.9538	-0.233906
20	Gm20_34208826	34208826	34.2088	0.384615	32.6948	0.118421	55.9301	-0.233167
20	Gm20_34209723	34209723	34.2097	0.384615	32.597	0.118421	55.8007	-0.233462
20	Gm20_34229665	34229665	34.2297	0.384615	32.5937	0.118421	56.0436	-0.235392
20	Gm20_34239161	34239161	34.2392	0.523077	32.299	0.328947	54.7432	-0.229142
20	Gm20_34239167	34239167	34.2392	0.338462	31.7952	0.157895	54.5632	-0.234537
20	Gm20_34239203	34239203	34.2392	0.169231	31.9725	0.157895	54.5253	-0.231822
20	Gm20_34264804	34264804	34.2648	0.446154	31.6008	0.328947	54.2856	-0.234986
20	Gm20_34264812	34264812	34.2648	0.338462	31.1848	0.171053	54.6929	-0.243987
20	Gm20_34280590	34280590	34.2806	0.338462	31.0911	0.171053	54.645	-0.244914
20	Gm20_34286752	34286752	34.2868	0.169231	33.7956	0.565789	53.9138	-0.20284
20	Gm20_34289392	34289392	34.2894	0.2	33.5797	0.565789	53.865	-0.20523
20	Gm20_34363330	34363330	34.3633	0.723077	32.9461	0.276316	56.0556	-0.230816
20	Gm20_34371781	34371781	34.3718	0.753846	32.8436	0.289474	56.0244	-0.231927
20	Gm20_34375154	34375154	34.3752	0.2	31.715	0.171053	53.9876	-0.231029
20	Gm20_34416412	34416412	34.4164	0.184615	31.95	0.157895	54.0733	-0.228511
20	Gm20_34459783	34459783	34.4598	0.184615	31.9392	0.157895	53.5415	-0.224366
20	Gm20_34480867	34480867	34.4809	0.0923077	32.139	0.118421	53.6266	-0.222347
20	Gm20_34481284	34481284	34.4813	0.0461538	32.145	0.578947	52.9227	-0.216529
20	Gm20_34481479	34481479	34.4815	0.784615	31.5897	0.263158	53.1248	-0.225752
20	Gm20_34505479	34505479	34.5055	0.661538	30.2206	0.144737	53.2996	-0.246421
20	Gm20_34505732	34505732	34.5057	0.0923077	31.6041	0.118421	53.512	-0.228708
20	Gm20_34544586	34544586	34.5446	0.123077	30.7485	0.736842	60.946	-0.297122
20	Gm20_34555782	34555782	34.5558	0.615385	31.0006	0.105263	61.4342	-0.29704
20	Gm20_34565363	34565363	34.5654	0.338462	27.2217	0.118421	63.8858	-0.370489
20	Gm20_34565552	34565552	34.5656	0.261538	27.1053	0.105263	63.6477	-0.370728
20	Gm20_34567299	34567299	34.5673	0.338462	26.978	0.763158	63.2764	-0.370232
20	Gm20_34567315	34567315	34.5673	0.338462	26.891	0.118421	63.3599	-0.372208
20	Gm20_34571068	34571068	34.5711	0.276923	26.9099	0.118421	63.4498	-0.372518
20	Gm20_34581407	34581407	34.5814	0.338462	26.9414	0.75	63.1418	-0.369897
20	Gm20_34582609	34582609	34.5826	0.353846	26.9641	0.763158	63.4675	-0.371766
20	Gm20_34685890	34685890	34.6859	0.338462	28.1602	0.118421	63.9138	-0.355959
20	Gm20_34698940	34698940	34.6989	0.353846	28.1345	0.118421	64.0161	-0.35705
20	Gm20_34720958	34720958	34.721	0.369231	28.0366	0.131579	64.0566	-0.358839
20	Gm20_34771313	34771313	34.7713	0.646154	27.0272	0.210526	63.8969	-0.373679
20	Gm20_34771331	34771331	34.7713	0.338462	27.0091	0.776316	63.9789	-0.374527
20	Gm20_34806573	34806573	34.8066	0.323077	26.0103	0.0921053	64.2161	-0.392499
20	Gm20_34809480	34809480	34.8095	0.307692	26.8278	0.118421	64.3071	-0.379674
20	Gm20_34809497	34809497	34.8095	0.646154	26.9683	0.223684	64.2942	-0.377318
20	Gm20_34809760	34809760	34.8098	0.338462	26.9755	0.763158	63.0957	-0.36903
20	Gm20_34832060	34832060	34.8321	0.338462	27.3343	0.0789474	64.8064	-0.374909
20	Gm20_34832067	34832067	34.8321	0.261538	26.7891	0.776316	64.4059	-0.380968
20	Gm20_34851941	34851941	34.8519	0.338462	27.2029	0.0789474	65.3361	-0.380538
20	Gm20_34853740	34853740	34.8537	0.338462	27.1848	0.0789474	65.4414	-0.381526
20	Gm20_34895712	34895712	34.8957	0.369231	27.0781	0.0921053	65.5051	-0.383658
20	Gm20_34897762	34897762	34.8978	0.353846	27.094	0.0921053	65.6104	-0.3841
20	Gm20_34898437	34898437	34.8984	0.261538	26.6642	0.736842	64.1703	-0.381406
20	Gm20_34900328	34900328	34.9003	0.353846	26.715	0.105263	66.7389	-0.397624
20	Gm20_34911095	34911095	34.9111	0.307692	26.4147	0.105263	64.7124	-0.389141
20	Gm20_34914940	34914940	34.9149	0.353846	26.3324	0.105263	64.6298	-0.389942
20	Gm20_34914947	34914947	34.9149	0.292308	26.258	0.105263	64.709	-0.391703
20	Gm20_34959938	34959938	34.9599	0.353846	26.5318	0.0789474	64.891	-0.388418
20	Gm20_35013041	35013041	35.013	0.307692	25.0751	0.118421	65.1328	-0.414557
