chr	pdist	gdist	ehh2	ehh0	cehh	ehh
2	0	0.000000	1.000000	1.000000	0.000000	0.000000
2	36	0.000036	1.000000	1.000000	0.000000	0.674223
2	53	0.000053	1.000000	1.000000	0.000000	0.674223
2	22841	0.022841	1.000000	0.555571	0.000000	0.392826
2	28067	0.028067	1.000000	0.417955	0.000000	0.305693
2	28794	0.028794	1.000000	0.414355	0.000000	0.303413
2	29373	0.029373	1.000000	0.414355	0.000000	0.303413
2	30705	0.030705	1.000000	0.413429	0.000000	0.302827
2	32495	0.032495	1.000000	0.413429	0.000000	0.302827
2	32501	0.032501	1.000000	0.405782	0.000000	0.297985
2	33911	0.033911	1.000000	0.401255	0.000000	0.295119
2	34506	0.034506	1.000000	0.401255	0.000000	0.295119
2	34551	0.034551	1.000000	0.401255	0.000000	0.295119
2	35703	0.035703	1.000000	0.401255	0.000000	0.295119
2	35980	0.035980	1.000000	0.398100	0.000000	0.293121
2	36014	0.036014	1.000000	0.398100	0.000000	0.293121
2	36034	0.036034	1.000000	0.398100	0.000000	0.293121
2	55220	0.055220	1.000000	0.393608	0.000000	0.290277
2	55233	0.055233	1.000000	0.393608	0.000000	0.290277
2	74291	0.074291	1.000000	0.393608	0.000000	0.290277
2	76233	0.076233	1.000000	0.393608	0.000000	0.290277
2	83372	0.083372	1.000000	0.393608	0.000000	0.290277
2	83628	0.083628	1.000000	0.393608	0.000000	0.290277
