chr	id	pos	freq	ihh1	ihh0	nsl
3	Gm03_9620727	9620727	0.256579	0.228936	-0.228936	0.228936
3	Gm03_9630203	9630203	0.296053	0.070033	-0.070033	0.070033
3	Gm03_9789694	9789694	0.203947	0.29767	-0.29767	0.29767
3	Gm03_9789939	9789939	0.246711	0.116564	-0.116564	0.116564
3	Gm03_9806295	9806295	0.253289	0.0905248	-0.0905248	0.0905248
3	Gm03_9806428	9806428	0.200658	0.325422	-0.325422	0.325422
3	Gm03_9824604	9824604	0.256579	0.111464	-0.111464	0.111464
3	Gm03_9824682	9824682	0.263158	0.24987	-0.24987	0.24987
3	Gm03_9825889	9825889	0.263158	0.251556	-0.251556	0.251556
3	Gm03_9835496	9835496	0.25	0.297697	-0.297697	0.297697
3	Gm03_9883450	9883450	0.25	0.157698	-0.157698	0.157698
3	Gm03_9884381	9884381	0.25	0.299704	-0.299704	0.299704
3	Gm03_9897091	9897091	0.25	0.299204	-0.299204	0.299204
3	Gm03_9908815	9908815	0.490132	0.352978	-0.352978	0.352978
3	Gm03_9913107	9913107	0.138158	0.548952	-0.548952	0.548952
3	Gm03_9944773	9944773	0.259868	0.292724	-0.292724	0.292724
3	Gm03_9997930	9997930	0.25	0.148979	-0.148979	0.148979
3	Gm03_9998227	9998227	0.259868	0.10695	-0.10695	0.10695
3	Gm03_9999513	9999513	0.486842	0.3439	-0.3439	0.3439
3	Gm03_10024955	10024955	0.246711	0.153523	-0.153523	0.153523
3	Gm03_10029385	10029385	0.253289	0.13386	-0.13386	0.13386
3	Gm03_10191299	10191299	0.25	0.150027	-0.150027	0.150027
3	Gm03_10191360	10191360	0.25	0.150914	-0.150914	0.150914
3	Gm03_10191643	10191643	0.246711	0.163578	-0.163578	0.163578
3	Gm03_10202120	10202120	0.253289	0.144262	-0.144262	0.144262
3	Gm03_10206280	10206280	0.476974	0.371444	-0.371444	0.371444
3	Gm03_10208499	10208499	0.256579	0.297227	-0.297227	0.297227
3	Gm03_10208527	10208527	0.266447	0.25328	-0.25328	0.25328
3	Gm03_10246625	10246625	0.253289	0.167414	-0.167414	0.167414
3	Gm03_10246917	10246917	0.25	0.183375	-0.183375	0.183375
3	Gm03_10248900	10248900	0.253289	0.308446	-0.308446	0.308446
3	Gm03_10248926	10248926	0.483553	0.347913	-0.347913	0.347913
3	Gm03_10292809	10292809	0.210526	0.334176	-0.334176	0.334176
3	Gm03_10292873	10292873	0.256579	0.133723	-0.133723	0.133723
3	Gm03_10293065	10293065	0.486842	0.345877	-0.345877	0.345877
3	Gm03_10300855	10300855	0.253289	0.152664	-0.152664	0.152664
3	Gm03_10309846	10309846	0.496711	0.3125	-0.3125	0.3125
3	Gm03_10310161	10310161	0.210526	0.346293	-0.346293	0.346293
3	Gm03_10349895	10349895	0.256579	0.290043	-0.290043	0.290043
3	Gm03_10350123	10350123	0.253289	0.167284	-0.167284	0.167284
3	Gm03_10350135	10350135	0.253289	0.16819	-0.16819	0.16819
3	Gm03_10383300	10383300	0.276316	0.201672	-0.201672	0.201672
3	Gm03_10383309	10383309	0.269737	0.229044	-0.229044	0.229044
3	Gm03_10387060	10387060	0.473684	0.383744	-0.383744	0.383744
3	Gm03_10387823	10387823	0.253289	0.26676	-0.26676	0.26676
3	Gm03_10389635	10389635	0.25	0.276139	-0.276139	0.276139
3	Gm03_10392083	10392083	0.276316	0.168573	-0.168573	0.168573
3	Gm03_10394788	10394788	0.0789474	0.562715	-0.562715	0.562715
3	Gm03_10395034	10395034	0.256579	0.250017	-0.250017	0.250017
3	Gm03_10395065	10395065	0.286184	0.126949	-0.126949	0.126949
3	Gm03_10412364	10412364	0.282895	0.139911	-0.139911	0.139911
3	Gm03_10412376	10412376	0.319079	0.0043993	-0.0043993	0.0043993
3	Gm03_10414198	10414198	0.289474	0.11429	-0.11429	0.11429
3	Gm03_10429478	10429478	0.273026	0.18102	-0.18102	0.18102
3	Gm03_10432094	10432094	0.319079	0.00275563	-0.00275563	0.00275563
3	Gm03_10433208	10433208	0.273026	0.180517	-0.180517	0.180517
3	Gm03_10467477	10467477	0.305921	0.0491634	-0.0491634	0.0491634
3	Gm03_10467515	10467515	0.263158	0.218463	-0.218463	0.218463
3	Gm03_10467832	10467832	0.279605	0.150483	-0.150483	0.150483
3	Gm03_10491808	10491808	0.279605	0.149605	-0.149605	0.149605
3	Gm03_10496078	10496078	0.203947	0.386525	-0.386525	0.386525
3	Gm03_10516464	10516464	0.279605	0.181177	-0.181177	0.181177
3	Gm03_10526967	10526967	0.207237	0.380268	-0.380268	0.380268
3	Gm03_10533118	10533118	0.279605	0.168593	-0.168593	0.168593
3	Gm03_10546906	10546906	0.0756579	0.587643	-0.587643	0.587643
3	Gm03_10549363	10549363	0.309211	0.0366355	-0.0366355	0.0366355
3	Gm03_10549414	10549414	0.25	0.268674	-0.268674	0.268674
3	Gm03_10552078	10552078	0.279605	0.14521	-0.14521	0.14521
3	Gm03_10564986	10564986	0.279605	0.145689	-0.145689	0.145689
3	Gm03_10564992	10564992	0.207237	0.360263	-0.360263	0.360263
3	Gm03_10565015	10565015	0.276316	0.154418	-0.154418	0.154418
3	Gm03_10570029	10570029	0.273026	0.166589	-0.166589	0.166589
3	Gm03_10570046	10570046	0.273026	0.165112	-0.165112	0.165112
3	Gm03_10574379	10574379	0.259868	0.218763	-0.218763	0.218763
3	Gm03_10578229	10578229	0.279605	0.132693	-0.132693	0.132693
3	Gm03_10595352	10595352	0.473684	0.417506	-0.417506	0.417506
3	Gm03_10740120	10740120	0.305921	0.05177	-0.05177	0.05177
3	Gm03_10745022	10745022	0.296053	0.0834847	-0.0834847	0.0834847
3	Gm03_10753751	10753751	0.289474	0.113086	-0.113086	0.113086
3	Gm03_10764682	10764682	0.200658	0.378469	-0.378469	0.378469
3	Gm03_10780472	10780472	0.473684	0.425919	-0.425919	0.425919
3	Gm03_10780686	10780686	0.309211	0.0346859	-0.0346859	0.0346859
3	Gm03_10780693	10780693	0.3125	0.0201866	-0.0201866	0.0201866
3	Gm03_10799435	10799435	0.309211	0.0315256	-0.0315256	0.0315256
3	Gm03_10804315	10804315	0.299342	0.0691708	-0.0691708	0.0691708
3	Gm03_10833891	10833891	0.200658	0.378093	-0.378093	0.378093
3	Gm03_10834794	10834794	0.302632	0.0185582	-0.0185582	0.0185582
3	Gm03_10834815	10834815	0.315789	-0.0350636	0.0350636	-0.0350636
3	Gm03_10835075	10835075	0.305921	0.00296279	-0.00296279	0.00296279
3	Gm03_10835114	10835114	0.3125	-0.0249624	0.0249624	-0.0249624
3	Gm03_10854182	10854182	0.305921	8.11955e-05	-8.11955e-05	8.11955e-05
3	Gm03_10855333	10855333	0.302632	0.0130975	-0.0130975	0.0130975
3	Gm03_10855584	10855584	0.315789	-0.0408428	0.0408428	-0.0408428
3	Gm03_10856244	10856244	0.309211	-0.0125675	0.0125675	-0.0125675
3	Gm03_10856499	10856499	0.299342	0.0223204	-0.0223204	0.0223204
3	Gm03_10867410	10867410	0.299342	0.0132972	-0.0132972	0.0132972
3	Gm03_10871472	10871472	0.299342	0.0147537	-0.0147537	0.0147537
3	Gm03_10871696	10871696	0.246711	0.212116	-0.212116	0.212116
3	Gm03_10899106	10899106	0.309211	-0.0372993	0.0372993	-0.0372993
3	Gm03_10899149	10899149	0.309211	-0.0382274	0.0382274	-0.0382274
3	Gm03_10903753	10903753	0.296053	0.0148801	-0.0148801	0.0148801
3	Gm03_10903781	10903781	0.305921	-0.02397	0.02397	-0.02397
3	Gm03_10911738	10911738	0.328947	-0.109779	0.109779	-0.109779
3	Gm03_10911761	10911761	0.292763	0.0273418	-0.0273418	0.0273418
3	Gm03_16412189	16412189	0.1875	0.426377	-0.426377	0.426377
3	Gm03_16412223	16412223	0.430921	0.383044	-0.383044	0.383044
3	Gm03_16413650	16413650	0.430921	0.384739	-0.384739	0.384739
3	Gm03_16442179	16442179	0.421053	0.419501	-0.419501	0.419501
3	Gm03_16444941	16444941	0.427632	0.39862	-0.39862	0.39862
3	Gm03_16446808	16446808	0.427632	0.400279	-0.400279	0.400279
3	Gm03_16446855	16446855	0.424342	0.411109	-0.411109	0.411109
3	Gm03_16447598	16447598	0.427632	0.405913	-0.405913	0.405913
3	Gm03_16447620	16447620	0.184211	0.413989	-0.413989	0.413989
3	Gm03_16447627	16447627	0.427632	0.442452	-0.442452	0.442452
3	Gm03_16447860	16447860	0.427632	0.443374	-0.443374	0.443374
3	Gm03_16447898	16447898	0.177632	0.487229	-0.487229	0.487229
3	Gm03_16448334	16448334	0.424342	0.404124	-0.404124	0.404124
3	Gm03_16464933	16464933	0.421053	0.416157	-0.416157	0.416157
3	Gm03_16513999	16513999	0.421053	0.417647	-0.417647	0.417647
3	Gm03_16514352	16514352	0.421053	0.419126	-0.419126	0.419126
3	Gm03_16515293	16515293	0.421053	0.420606	-0.420606	0.420606
3	Gm03_16534571	16534571	0.417763	0.432527	-0.432527	0.432527
3	Gm03_16536382	16536382	0.332237	0.156092	-0.156092	0.156092
3	Gm03_16559192	16559192	0.421053	0.432171	-0.432171	0.432171
3	Gm03_16559547	16559547	0.414474	0.457949	-0.457949	0.457949
3	Gm03_16559810	16559810	0.417763	0.452149	-0.452149	0.452149
3	Gm03_16560280	16560280	0.407895	0.485331	-0.485331	0.485331
3	Gm03_16560311	16560311	0.414474	0.468238	-0.468238	0.468238
3	Gm03_16560653	16560653	0.414474	0.46972	-0.46972	0.46972
3	Gm03_16563975	16563975	0.325658	0.170005	-0.170005	0.170005
3	Gm03_16599549	16599549	0.430921	0.422838	-0.422838	0.422838
3	Gm03_16599581	16599581	0.148026	0.45928	-0.45928	0.45928
3	Gm03_16602118	16602118	0.414474	0.470039	-0.470039	0.470039
3	Gm03_16602157	16602157	0.414474	0.471098	-0.471098	0.471098
3	Gm03_16622250	16622250	0.421053	0.449836	-0.449836	0.449836
3	Gm03_16622272	16622272	0.421053	0.450721	-0.450721	0.450721
3	Gm03_16623325	16623325	0.421053	0.44969	-0.44969	0.44969
3	Gm03_16623591	16623591	0.421053	0.450724	-0.450724	0.450724
3	Gm03_16623643	16623643	0.190789	0.354693	-0.354693	0.354693
3	Gm03_16632811	16632811	0.424342	0.465037	-0.465037	0.465037
3	Gm03_16633115	16633115	0.184211	0.389266	-0.389266	0.389266
3	Gm03_16667335	16667335	0.417763	0.482578	-0.482578	0.482578
3	Gm03_16710604	16710604	0.424342	0.460564	-0.460564	0.460564
3	Gm03_16710634	16710634	0.424342	0.461538	-0.461538	0.461538
3	Gm03_16742262	16742262	0.322368	0.165157	-0.165157	0.165157
3	Gm03_16742564	16742564	0.424342	0.468749	-0.468749	0.468749
3	Gm03_16772652	16772652	0.417763	0.492829	-0.492829	0.492829
3	Gm03_16823017	16823017	0.424342	0.470425	-0.470425	0.470425
3	Gm03_16876823	16876823	0.417763	0.495377	-0.495377	0.495377
3	Gm03_16880027	16880027	0.430921	0.450703	-0.450703	0.450703
3	Gm03_16886336	16886336	0.3125	0.18355	-0.18355	0.18355
3	Gm03_16890200	16890200	0.1875	0.379773	-0.379773	0.379773
3	Gm03_16890208	16890208	0.3125	0.181659	-0.181659	0.181659
3	Gm03_16902373	16902373	0.421053	0.485972	-0.485972	0.485972
3	Gm03_16907451	16907451	0.417763	0.49526	-0.49526	0.49526
3	Gm03_16907707	16907707	0.417763	0.4959	-0.4959	0.4959
3	Gm03_16960505	16960505	0.434211	0.441698	-0.441698	0.441698
3	Gm03_16963699	16963699	0.322368	0.157787	-0.157787	0.157787
3	Gm03_16966771	16966771	0.430921	0.452998	-0.452998	0.452998
3	Gm03_16966831	16966831	0.184211	0.381032	-0.381032	0.381032
3	Gm03_16967031	16967031	0.184211	0.380928	-0.380928	0.380928
3	Gm03_16970315	16970315	0.184211	0.380825	-0.380825	0.380825
3	Gm03_16974120	16974120	0.414474	0.502969	-0.502969	0.502969
3	Gm03_16978397	16978397	0.417763	0.491874	-0.491874	0.491874
3	Gm03_16978641	16978641	0.414474	0.500783	-0.500783	0.500783
3	Gm03_16979934	16979934	0.184211	0.39346	-0.39346	0.39346
3	Gm03_17000609	17000609	0.134868	0.471911	-0.471911	0.471911
3	Gm03_17001254	17001254	0.411184	0.468866	-0.468866	0.468866
3	Gm03_17026141	17026141	0.414474	0.461573	-0.461573	0.461573
3	Gm03_17046622	17046622	0.184211	0.368986	-0.368986	0.368986
3	Gm03_17060052	17060052	0.424342	0.405543	-0.405543	0.405543
3	Gm03_17060059	17060059	0.424342	0.405515	-0.405515	0.405515
3	Gm03_17061568	17061568	0.430921	0.383777	-0.383777	0.383777
3	Gm03_17061816	17061816	0.430921	0.383765	-0.383765	0.383765
3	Gm03_17061848	17061848	0.319079	0.227828	-0.227828	0.227828
3	Gm03_17063758	17063758	0.322368	0.21607	-0.21607	0.21607
3	Gm03_17071932	17071932	0.427632	0.389854	-0.389854	0.389854
3	Gm03_17071939	17071939	0.427632	0.38955	-0.38955	0.38955
3	Gm03_17072714	17072714	0.414474	0.433758	-0.433758	0.433758
3	Gm03_17073801	17073801	0.411184	0.444603	-0.444603	0.444603
3	Gm03_17075876	17075876	0.417763	0.421198	-0.421198	0.421198
3	Gm03_17079615	17079615	0.411184	0.444273	-0.444273	0.444273
3	Gm03_17091161	17091161	0.421053	0.409097	-0.409097	0.409097
3	Gm03_17152683	17152683	0.414474	0.432131	-0.432131	0.432131
3	Gm03_17159588	17159588	0.322368	0.22615	-0.22615	0.22615
3	Gm03_17184716	17184716	0.414474	0.407777	-0.407777	0.407777
3	Gm03_17202575	17202575	0.424342	0.368979	-0.368979	0.368979
3	Gm03_17210300	17210300	0.417763	0.396755	-0.396755	0.396755
3	Gm03_17210503	17210503	0.414474	0.403885	-0.403885	0.403885
3	Gm03_17215764	17215764	0.411184	0.414828	-0.414828	0.414828
3	Gm03_17229505	17229505	0.421053	0.376275	-0.376275	0.376275
3	Gm03_17231262	17231262	0.421053	0.378917	-0.378917	0.378917
3	Gm03_17231280	17231280	0.421053	0.378948	-0.378948	0.378948
3	Gm03_17231401	17231401	0.421053	0.378458	-0.378458	0.378458
3	Gm03_17231692	17231692	0.424342	0.370245	-0.370245	0.370245
3	Gm03_17231791	17231791	0.424342	0.369948	-0.369948	0.369948
3	Gm03_17247485	17247485	0.417763	0.392925	-0.392925	0.392925
3	Gm03_17256544	17256544	0.414474	0.4006	-0.4006	0.4006
3	Gm03_17327384	17327384	0.417763	0.388736	-0.388736	0.388736
3	Gm03_17327403	17327403	0.417763	0.388404	-0.388404	0.388404
3	Gm03_17339425	17339425	0.414474	0.39787	-0.39787	0.39787
3	Gm03_17356901	17356901	0.328947	0.219734	-0.219734	0.219734
3	Gm03_17367787	17367787	0.427632	0.378611	-0.378611	0.378611
3	Gm03_17367802	17367802	0.427632	0.378239	-0.378239	0.378239
3	Gm03_17367972	17367972	0.424342	0.389452	-0.389452	0.389452
3	Gm03_17372575	17372575	0.421053	0.401103	-0.401103	0.401103
3	Gm03_17376160	17376160	0.427632	0.380078	-0.380078	0.380078
3	Gm03_17399184	17399184	0.417763	0.408669	-0.408669	0.408669
3	Gm03_17404156	17404156	0.194079	0.316282	-0.316282	0.316282
3	Gm03_17404338	17404338	0.325658	0.242224	-0.242224	0.242224
3	Gm03_17404472	17404472	0.421053	0.390275	-0.390275	0.390275
3	Gm03_17428212	17428212	0.421053	0.390596	-0.390596	0.390596
3	Gm03_17441640	17441640	0.421053	0.390899	-0.390899	0.390899
3	Gm03_17484843	17484843	0.417763	0.402607	-0.402607	0.402607
3	Gm03_17492937	17492937	0.417763	0.40291	-0.40291	0.40291
3	Gm03_17507281	17507281	0.421053	0.391979	-0.391979	0.391979
3	Gm03_17507615	17507615	0.427632	0.369501	-0.369501	0.369501
3	Gm03_17528537	17528537	0.421053	0.392848	-0.392848	0.392848
3	Gm03_17528783	17528783	0.417763	0.405187	-0.405187	0.405187
3	Gm03_17530118	17530118	0.1875	0.333349	-0.333349	0.333349
3	Gm03_17535371	17535371	0.421053	0.369839	-0.369839	0.369839
3	Gm03_17535650	17535650	0.427632	0.345034	-0.345034	0.345034
3	Gm03_17536644	17536644	0.421053	0.364793	-0.364793	0.364793
3	Gm03_17536689	17536689	0.421053	0.365213	-0.365213	0.365213
3	Gm03_17539797	17539797	0.414474	0.391275	-0.391275	0.391275
3	Gm03_17563721	17563721	0.421053	0.368435	-0.368435	0.368435
3	Gm03_17563775	17563775	0.417763	0.380371	-0.380371	0.380371
3	Gm03_17564008	17564008	0.421053	0.368955	-0.368955	0.368955
3	Gm03_17564584	17564584	0.424342	0.357745	-0.357745	0.357745
3	Gm03_17564826	17564826	0.421053	0.36936	-0.36936	0.36936
3	Gm03_17565842	17565842	0.417763	0.381175	-0.381175	0.381175
3	Gm03_17565886	17565886	0.417763	0.381406	-0.381406	0.381406
3	Gm03_17579787	17579787	0.414474	0.392507	-0.392507	0.392507
3	Gm03_17579805	17579805	0.414474	0.392911	-0.392911	0.392911
3	Gm03_17629812	17629812	0.424342	0.362259	-0.362259	0.362259
3	Gm03_17630107	17630107	0.427632	0.351522	-0.351522	0.351522
3	Gm03_17630666	17630666	0.414474	0.395029	-0.395029	0.395029
3	Gm03_17630695	17630695	0.3125	0.26882	-0.26882	0.26882
3	Gm03_17634795	17634795	0.421053	0.383679	-0.383679	0.383679
3	Gm03_17644864	17644864	0.411184	0.417008	-0.417008	0.417008
3	Gm03_17645116	17645116	0.414474	0.407757	-0.407757	0.407757
3	Gm03_17649176	17649176	0.417763	0.395245	-0.395245	0.395245
3	Gm03_17668450	17668450	0.414474	0.407587	-0.407587	0.407587
3	Gm03_17668861	17668861	0.417763	0.396376	-0.396376	0.396376
3	Gm03_17671341	17671341	0.414474	0.408287	-0.408287	0.408287
3	Gm03_17671569	17671569	0.417763	0.400215	-0.400215	0.400215
3	Gm03_17671641	17671641	0.417763	0.400387	-0.400387	0.400387
3	Gm03_17672811	17672811	0.414474	0.409613	-0.409613	0.409613
3	Gm03_17672834	17672834	0.414474	0.410394	-0.410394	0.410394
3	Gm03_17687104	17687104	0.414474	0.410879	-0.410879	0.410879
3	Gm03_17703631	17703631	0.417763	0.400115	-0.400115	0.400115
3	Gm03_17704004	17704004	0.190789	0.293327	-0.293327	0.293327
3	Gm03_17723941	17723941	0.407895	0.460055	-0.460055	0.460055
3	Gm03_17724198	17724198	0.414474	0.446755	-0.446755	0.446755
3	Gm03_17724271	17724271	0.427632	0.403967	-0.403967	0.403967
3	Gm03_17724304	17724304	0.414474	0.450972	-0.450972	0.450972
3	Gm03_17724474	17724474	0.427632	0.405373	-0.405373	0.405373
3	Gm03_17724490	17724490	0.190789	0.282392	-0.282392	0.282392
3	Gm03_17790253	17790253	0.417763	0.439131	-0.439131	0.439131
3	Gm03_17792736	17792736	0.421053	0.428237	-0.428237	0.428237
3	Gm03_17796965	17796965	0.421053	0.428212	-0.428212	0.428212
3	Gm03_17798488	17798488	0.414474	0.451625	-0.451625	0.451625
3	Gm03_17815387	17815387	0.332237	0.210661	-0.210661	0.210661
3	Gm03_17815403	17815403	0.414474	0.456558	-0.456558	0.456558
3	Gm03_17815631	17815631	0.417763	0.445465	-0.445465	0.445465
3	Gm03_17818015	17818015	0.421053	0.434678	-0.434678	0.434678
3	Gm03_17818297	17818297	0.417763	0.446198	-0.446198	0.446198
3	Gm03_17818546	17818546	0.417763	0.447047	-0.447047	0.447047
3	Gm03_17818607	17818607	0.417763	0.448267	-0.448267	0.448267
3	Gm03_17845049	17845049	0.411184	0.472544	-0.472544	0.472544
3	Gm03_17845221	17845221	0.335526	0.193722	-0.193722	0.193722
3	Gm03_17845228	17845228	0.184211	0.305442	-0.305442	0.305442
3	Gm03_17897956	17897956	0.417763	0.456309	-0.456309	0.456309
3	Gm03_17927593	17927593	0.411184	0.480638	-0.480638	0.480638
3	Gm03_17964718	17964718	0.424342	0.436642	-0.436642	0.436642
3	Gm03_17964756	17964756	0.424342	0.437911	-0.437911	0.437911
3	Gm03_17964792	17964792	0.424342	0.439183	-0.439183	0.439183
3	Gm03_17968049	17968049	0.332237	0.195513	-0.195513	0.195513
3	Gm03_17968088	17968088	0.414474	0.445938	-0.445938	0.445938
3	Gm03_17968105	17968105	0.414474	0.447206	-0.447206	0.447206
3	Gm03_17991646	17991646	0.417763	0.436977	-0.436977	0.436977
3	Gm03_17992507	17992507	0.427632	0.404299	-0.404299	0.404299
3	Gm03_17992732	17992732	0.427632	0.40558	-0.40558	0.40558
3	Gm03_18010111	18010111	0.414474	0.452482	-0.452482	0.452482
3	Gm03_18027158	18027158	0.424342	0.418914	-0.418914	0.418914
3	Gm03_18027171	18027171	0.424342	0.420163	-0.420163	0.420163
3	Gm03_18061551	18061551	0.407895	0.473909	-0.473909	0.473909
3	Gm03_18092645	18092645	0.411184	0.467168	-0.467168	0.467168
3	Gm03_18112914	18112914	0.414474	0.456921	-0.456921	0.456921
3	Gm03_18112935	18112935	0.411184	0.469833	-0.469833	0.469833
3	Gm03_18113092	18113092	0.174342	0.249462	-0.249462	0.249462
3	Gm03_18113132	18113132	0.411184	0.506249	-0.506249	0.506249
3	Gm03_18127784	18127784	0.414474	0.49602	-0.49602	0.49602
3	Gm03_18127822	18127822	0.414474	0.497148	-0.497148	0.497148
3	Gm03_18162708	18162708	0.289474	0.273915	-0.273915	0.273915
3	Gm03_18169246	18169246	0.414474	0.496869	-0.496869	0.496869
3	Gm03_18171607	18171607	0.414474	0.495075	-0.495075	0.495075
3	Gm03_18174404	18174404	0.421053	0.474133	-0.474133	0.474133
3	Gm03_18174533	18174533	0.421053	0.475038	-0.475038	0.475038
3	Gm03_18174549	18174549	0.421053	0.475852	-0.475852	0.475852
3	Gm03_18174566	18174566	0.421053	0.476676	-0.476676	0.476676
3	Gm03_18184967	18184967	0.414474	-0.0872699	0.0872699	-0.0872699
3	Gm03_18194057	18194057	0.417763	0.470525	-0.470525	0.470525
3	Gm03_18196903	18196903	0.414474	0.489952	-0.489952	0.489952
3	Gm03_18223898	18223898	0.411184	0.502748	-0.502748	0.502748
3	Gm03_18240845	18240845	0.421053	-0.227989	0.227989	-0.227989
3	Gm03_18240861	18240861	0.414474	-0.204939	0.204939	-0.204939
3	Gm03_18247896	18247896	0.414474	-0.202303	0.202303	-0.202303
3	Gm03_18248349	18248349	0.417763	-0.215193	0.215193	-0.215193
3	Gm03_18248369	18248369	0.417763	-0.215056	0.215056	-0.215056
3	Gm03_18273310	18273310	0.161184	0.455688	-0.455688	0.455688
3	Gm03_18273366	18273366	0.414474	-0.205815	0.205815	-0.205815
3	Gm03_18273528	18273528	0.414474	-0.205649	0.205649	-0.205649
3	Gm03_18273541	18273541	0.417763	-0.216162	0.216162	-0.216162
3	Gm03_18277587	18277587	0.417763	-0.216006	0.216006	-0.216006
3	Gm03_18277972	18277972	0.414474	-0.206062	0.206062	-0.206062
3	Gm03_18277988	18277988	0.421053	-0.227465	0.227465	-0.227465
3	Gm03_18278722	18278722	0.421053	-0.22736	0.22736	-0.22736
3	Gm03_18278778	18278778	0.417763	-0.215762	0.215762	-0.215762
3	Gm03_18278902	18278902	0.417763	-0.215216	0.215216	-0.215216
3	Gm03_18323369	18323369	0.161184	0.454965	-0.454965	0.454965
3	Gm03_18323408	18323408	0.421053	-0.213379	0.213379	-0.213379
3	Gm03_18323570	18323570	0.161184	0.453397	-0.453397	0.453397
3	Gm03_18323635	18323635	0.417763	-0.204915	0.204915	-0.204915
3	Gm03_18323644	18323644	0.151316	0.430811	-0.430811	0.430811
3	Gm03_18323772	18323772	0.417763	-0.196347	0.196347	-0.196347
3	Gm03_18323799	18323799	0.161184	0.450619	-0.450619	0.450619
3	Gm03_18325337	18325337	0.417763	0.567231	-0.567231	0.567231
3	Gm03_18325539	18325539	0.164474	0.43133	-0.43133	0.43133
3	Gm03_18325772	18325772	0.414474	0.576535	-0.576535	0.576535
3	Gm03_18325780	18325780	0.411184	-0.172592	0.172592	-0.172592
3	Gm03_18325840	18325840	0.411184	-0.172007	0.172007	-0.172007
3	Gm03_18329792	18329792	0.411184	-0.171409	0.171409	-0.171409
3	Gm03_18329826	18329826	0.411184	-0.170796	0.170796	-0.170796
3	Gm03_18359761	18359761	0.411184	0.586179	-0.586179	0.586179
3	Gm03_18374571	18374571	0.417763	-0.187588	0.187588	-0.187588
3	Gm03_18379652	18379652	0.411184	0.584946	-0.584946	0.584946
3	Gm03_18380042	18380042	0.417763	-0.183554	0.183554	-0.183554
3	Gm03_18380081	18380081	0.417763	-0.182959	0.182959	-0.182959
3	Gm03_18380347	18380347	0.414474	0.560595	-0.560595	0.560595
3	Gm03_18380362	18380362	0.411184	0.571846	-0.571846	0.571846
3	Gm03_18380405	18380405	0.414474	0.559654	-0.559654	0.559654
3	Gm03_18380664	18380664	0.164474	0.429567	-0.429567	0.429567
3	Gm03_18395187	18395187	0.417763	0.551795	-0.551795	0.551795
3	Gm03_18413900	18413900	0.460526	0.446968	-0.446968	0.446968
3	Gm03_18414091	18414091	0.414474	0.593149	-0.593149	0.593149
3	Gm03_18443872	18443872	0.266447	0.0233096	-0.0233096	0.0233096
3	Gm03_18443936	18443936	0.414474	-0.310593	0.310593	-0.310593
3	Gm03_18444007	18444007	0.217105	0.217203	-0.217203	0.217203
3	Gm03_18444034	18444034	0.148026	0.412665	-0.412665	0.412665
3	Gm03_18444273	18444273	0.200658	0.28548	-0.28548	0.28548
3	Gm03_18444317	18444317	0.144737	0.42194	-0.42194	0.42194
3	Gm03_18457374	18457374	0.171053	0.405296	-0.405296	0.405296
3	Gm03_18457427	18457427	0.411184	0.61748	-0.61748	0.61748
3	Gm03_18486126	18486126	0.421053	0.588432	-0.588432	0.588432
3	Gm03_18495508	18495508	0.417763	0.599128	-0.599128	0.599128
3	Gm03_18495718	18495718	0.138158	0.451132	-0.451132	0.451132
3	Gm03_18495776	18495776	0.213816	0.301848	-0.301848	0.301848
3	Gm03_18495805	18495805	0.134868	0.466221	-0.466221	0.466221
3	Gm03_18496100	18496100	0.194079	0.292824	-0.292824	0.292824
3	Gm03_18496142	18496142	0.194079	0.2926	-0.2926	0.2926
3	Gm03_18496147	18496147	0.411184	0.639585	-0.639585	0.639585
3	Gm03_18496153	18496153	0.207237	0.334259	-0.334259	0.334259
3	Gm03_18496208	18496208	0.207237	0.334824	-0.334824	0.334824
3	Gm03_18496475	18496475	0.319079	-0.0200605	0.0200605	-0.0200605
3	Gm03_18496489	18496489	0.207237	0.336558	-0.336558	0.336558
3	Gm03_18502729	18502729	0.148026	0.376964	-0.376964	0.376964
3	Gm03_18513109	18513109	0.148026	0.376812	-0.376812	0.376812
3	Gm03_18532286	18532286	0.414474	0.620242	-0.620242	0.620242
3	Gm03_18538157	18538157	0.414474	0.620117	-0.620117	0.620117
3	Gm03_18538177	18538177	0.174342	0.397454	-0.397454	0.397454
3	Gm03_18538346	18538346	0.414474	0.62595	-0.62595	0.62595
3	Gm03_18538414	18538414	0.134868	0.466082	-0.466082	0.466082
3	Gm03_18538678	18538678	0.210526	0.321293	-0.321293	0.321293
3	Gm03_18546281	18546281	0.210526	0.321362	-0.321362	0.321362
3	Gm03_18546982	18546982	0.144737	0.381208	-0.381208	0.381208
3	Gm03_18563947	18563947	0.296053	0.0577366	-0.0577366	0.0577366
3	Gm03_18564004	18564004	0.305921	0.0176616	-0.0176616	0.0176616
3	Gm03_18565541	18565541	0.335526	-0.0896334	0.0896334	-0.0896334
3	Gm03_18565815	18565815	0.335526	-0.0901162	0.0901162	-0.0901162
3	Gm03_18566193	18566193	0.424342	0.557837	-0.557837	0.557837
3	Gm03_18572516	18572516	0.309211	0.00867369	-0.00867369	0.00867369
3	Gm03_18572552	18572552	0.309211	0.00858441	-0.00858441	0.00858441
3	Gm03_18574859	18574859	0.328947	-0.066374	0.066374	-0.066374
3	Gm03_18575877	18575877	0.299342	0.0459377	-0.0459377	0.0459377
3	Gm03_18576528	18576528	0.25	0.238915	-0.238915	0.238915
3	Gm03_18639318	18639318	0.144737	0.360286	-0.360286	0.360286
3	Gm03_18644161	18644161	0.144737	0.36015	-0.36015	0.36015
3	Gm03_18649482	18649482	0.430921	-0.0516083	0.0516083	-0.0516083
3	Gm03_18650838	18650838	0.417763	0.460755	-0.460755	0.460755
3	Gm03_18651035	18651035	0.138158	0.399503	-0.399503	0.399503
3	Gm03_18651051	18651051	0.148026	0.333284	-0.333284	0.333284
3	Gm03_18651098	18651098	0.404605	0.043632	-0.043632	0.043632
3	Gm03_18651297	18651297	0.407895	0.478606	-0.478606	0.478606
3	Gm03_18651448	18651448	0.138158	0.369519	-0.369519	0.369519
3	Gm03_18677348	18677348	0.144737	0.344495	-0.344495	0.344495
3	Gm03_18677590	18677590	0.144737	0.344558	-0.344558	0.344558
3	Gm03_18677617	18677617	0.134868	0.411687	-0.411687	0.411687
3	Gm03_18692250	18692250	0.138158	0.388407	-0.388407	0.388407
3	Gm03_18693073	18693073	0.148026	0.307922	-0.307922	0.307922
3	Gm03_18703871	18703871	0.411184	0.459581	-0.459581	0.459581
3	Gm03_18722521	18722521	0.157895	0.272805	-0.272805	0.272805
3	Gm03_18722562	18722562	0.157895	0.272767	-0.272767	0.272767
3	Gm03_18722592	18722592	0.157895	0.272755	-0.272755	0.272755
3	Gm03_18725662	18725662	0.157895	0.25255	-0.25255	0.25255
3	Gm03_18727606	18727606	0.427632	0.393106	-0.393106	0.393106
3	Gm03_18727664	18727664	0.427632	0.391852	-0.391852	0.391852
3	Gm03_18806885	18806885	0.177632	0.176004	-0.176004	0.176004
3	Gm03_18841285	18841285	0.424342	0.407063	-0.407063	0.407063
3	Gm03_18852683	18852683	0.430921	0.383476	-0.383476	0.383476
3	Gm03_18860407	18860407	0.180921	0.138643	-0.138643	0.138643
3	Gm03_18860751	18860751	0.180921	0.138556	-0.138556	0.138556
3	Gm03_18860762	18860762	0.1875	0.101978	-0.101978	0.101978
3	Gm03_18860789	18860789	0.180921	0.137547	-0.137547	0.137547
3	Gm03_18862150	18862150	0.177632	0.145854	-0.145854	0.145854
3	Gm03_18862177	18862177	0.177632	0.145902	-0.145902	0.145902
3	Gm03_18869052	18869052	0.141447	0.357822	-0.357822	0.357822
3	Gm03_18888776	18888776	0.427632	0.364819	-0.364819	0.364819
3	Gm03_18890975	18890975	0.427632	0.363513	-0.363513	0.363513
3	Gm03_18938362	18938362	0.411184	0.409351	-0.409351	0.409351
3	Gm03_18938372	18938372	0.411184	0.408764	-0.408764	0.408764
3	Gm03_18948497	18948497	0.427632	0.363426	-0.363426	0.363426
3	Gm03_18948769	18948769	0.427632	0.362257	-0.362257	0.362257
3	Gm03_19003884	19003884	0.141447	0.199706	-0.199706	0.199706
3	Gm03_19003895	19003895	0.141447	0.198115	-0.198115	0.198115
3	Gm03_19004041	19004041	0.141447	0.196784	-0.196784	0.196784
3	Gm03_19008757	19008757	0.217105	-0.160999	0.160999	-0.160999
3	Gm03_19008778	19008778	0.240132	-0.222954	0.222954	-0.222954
3	Gm03_19021896	19021896	0.134868	0.198964	-0.198964	0.198964
3	Gm03_19045127	19045127	0.144737	0.12717	-0.12717	0.12717
3	Gm03_19047995	19047995	0.167763	-0.0192421	0.0192421	-0.0192421
3	Gm03_19049448	19049448	0.138158	0.171749	-0.171749	0.171749
3	Gm03_19049765	19049765	0.141447	0.147212	-0.147212	0.147212
3	Gm03_19049770	19049770	0.164474	-0.0058922	0.0058922	-0.0058922
3	Gm03_19068173	19068173	0.141447	0.140565	-0.140565	0.140565
3	Gm03_19072532	19072532	0.138158	0.162067	-0.162067	0.162067
3	Gm03_19081728	19081728	0.134868	0.183499	-0.183499	0.183499
3	Gm03_19120977	19120977	0.161184	0.00816619	-0.00816619	0.00816619
3	Gm03_19120994	19120994	0.161184	0.00623404	-0.00623404	0.00623404
3	Gm03_19154378	19154378	0.161184	0.00482073	-0.00482073	0.00482073
3	Gm03_19154641	19154641	0.157895	0.0237202	-0.0237202	0.0237202
3	Gm03_19198346	19198346	0.148026	0.0733485	-0.0733485	0.0733485
3	Gm03_19198387	19198387	0.134868	0.163389	-0.163389	0.163389
3	Gm03_19198407	19198407	0.148026	0.0688665	-0.0688665	0.0688665
3	Gm03_19198626	19198626	0.134868	0.151905	-0.151905	0.151905
3	Gm03_19209281	19209281	0.138158	0.126251	-0.126251	0.126251
3	Gm03_19218667	19218667	0.138158	0.124531	-0.124531	0.124531
3	Gm03_19218675	19218675	0.138158	0.123359	-0.123359	0.123359
3	Gm03_19225293	19225293	0.151316	0.0326545	-0.0326545	0.0326545
3	Gm03_19248966	19248966	0.0690789	0.209991	-0.209991	0.209991
3	Gm03_19261159	19261159	0.148026	0.0262413	-0.0262413	0.0262413
3	Gm03_19300267	19300267	0.138158	0.0908408	-0.0908408	0.0908408
3	Gm03_19300427	19300427	0.138158	0.0883632	-0.0883632	0.0883632
3	Gm03_19334763	19334763	0.138158	0.0859436	-0.0859436	0.0859436
3	Gm03_19343152	19343152	0.134868	0.107631	-0.107631	0.107631
3	Gm03_19343183	19343183	0.141447	0.0584086	-0.0584086	0.0584086
3	Gm03_19343207	19343207	0.141447	0.0558916	-0.0558916	0.0558916
3	Gm03_19417883	19417883	0.141447	0.0533875	-0.0533875	0.0533875
3	Gm03_19447240	19447240	0.138158	0.0745813	-0.0745813	0.0745813
3	Gm03_19447258	19447258	0.141447	0.0495205	-0.0495205	0.0495205
3	Gm03_19447430	19447430	0.141447	0.0479596	-0.0479596	0.0479596
3	Gm03_19447441	19447441	0.141447	0.0454984	-0.0454984	0.0454984
3	Gm03_19447475	19447475	0.141447	0.0430634	-0.0430634	0.0430634
3	Gm03_19447517	19447517	0.141447	0.0406543	-0.0406543	0.0406543
3	Gm03_19447531	19447531	0.151316	-0.0284142	0.0284142	-0.0284142
3	Gm03_19447704	19447704	0.141447	0.0365992	-0.0365992	0.0365992
3	Gm03_19450632	19450632	0.148026	-0.0116624	0.0116624	-0.0116624
3	Gm03_19450672	19450672	0.151316	-0.0365929	0.0365929	-0.0365929
3	Gm03_19450692	19450692	0.138158	0.051685	-0.051685	0.051685
3	Gm03_19450755	19450755	0.141447	0.0250793	-0.0250793	0.0250793
3	Gm03_19450774	19450774	0.144737	-8.19854e-05	8.19854e-05	-8.19854e-05
3	Gm03_19457863	19457863	0.151316	-0.0463921	0.0463921	-0.0463921
3	Gm03_19500722	19500722	0.138158	0.0422442	-0.0422442	0.0422442
3	Gm03_19501664	19501664	0.141447	0.0163008	-0.0163008	0.0163008
3	Gm03_19509924	19509924	0.148026	-0.0304242	0.0304242	-0.0304242
3	Gm03_19513770	19513770	0.151316	-0.0559478	0.0559478	-0.0559478
3	Gm03_19520683	19520683	0.138158	0.0318781	-0.0318781	0.0318781
3	Gm03_19520908	19520908	0.138158	0.0299093	-0.0299093	0.0299093
3	Gm03_19533033	19533033	0.138158	0.0280126	-0.0280126	0.0280126
3	Gm03_19536640	19536640	0.148026	-0.0419062	0.0419062	-0.0419062
3	Gm03_19549652	19549652	0.141447	0.00167399	-0.00167399	0.00167399
3	Gm03_19549686	19549686	0.138158	0.0239393	-0.0239393	0.0239393
3	Gm03_19593382	19593382	0.151316	-0.0680931	0.0680931	-0.0680931
3	Gm03_19646081	19646081	0.138158	0.0214279	-0.0214279	0.0214279
3	Gm03_19646471	19646471	0.138158	0.020011	-0.020011	0.020011
3	Gm03_19647668	19647668	0.138158	0.018642	-0.018642	0.018642
3	Gm03_19647693	19647693	0.138158	0.0182444	-0.0182444	0.0182444
3	Gm03_19653604	19653604	0.151316	-0.0737266	0.0737266	-0.0737266
3	Gm03_19654673	19654673	0.138158	0.0146495	-0.0146495	0.0146495
3	Gm03_19655011	19655011	0.134868	0.027416	-0.027416	0.027416
3	Gm03_19655016	19655016	0.134868	0.0364993	-0.0364993	0.0364993
3	Gm03_19668260	19668260	0.138158	0.0111284	-0.0111284	0.0111284
3	Gm03_19668316	19668316	0.134868	0.0344398	-0.0344398	0.0344398
3	Gm03_19672498	19672498	0.157895	-0.122806	0.122806	-0.122806
3	Gm03_19672789	19672789	0.148026	-0.058776	0.058776	-0.058776
3	Gm03_19689769	19689769	0.151316	-0.0836565	0.0836565	-0.0836565
3	Gm03_19689777	19689777	0.141447	-0.0171285	0.0171285	-0.0171285
3	Gm03_19785930	19785930	0.131579	0.0437827	-0.0437827	0.0437827
3	Gm03_19786536	19786536	0.144737	-0.0567664	0.0567664	-0.0567664
3	Gm03_19821656	19821656	0.138158	-0.000185231	0.000185231	-0.000185231
3	Gm03_19821663	19821663	0.148026	-0.0705675	0.0705675	-0.0705675
3	Gm03_19896278	19896278	0.134868	0.0219488	-0.0219488	0.0219488
3	Gm03_19896303	19896303	0.134868	0.0213526	-0.0213526	0.0213526
3	Gm03_19896324	19896324	0.134868	0.0204993	-0.0204993	0.0204993
3	Gm03_19902011	19902011	0.138158	-0.00402632	0.00402632	-0.00402632
3	Gm03_19902026	19902026	0.148026	-0.0741724	0.0741724	-0.0741724
3	Gm03_19913390	19913390	0.144737	-0.0528486	0.0528486	-0.0528486
3	Gm03_19918538	19918538	0.134868	0.0188292	-0.0188292	0.0188292
3	Gm03_19925011	19925011	0.144737	-0.0505784	0.0505784	-0.0505784
3	Gm03_19926206	19926206	0.141447	-0.0295141	0.0295141	-0.0295141
3	Gm03_19926661	19926661	0.144737	-0.0533166	0.0533166	-0.0533166
3	Gm03_19957899	19957899	0.154605	-0.119242	0.119242	-0.119242
3	Gm03_19957920	19957920	0.154605	-0.120179	0.120179	-0.120179
3	Gm03_19957941	19957941	0.154605	-0.120751	0.120751	-0.120751
3	Gm03_19961831	19961831	0.134868	0.0138071	-0.0138071	0.0138071
3	Gm03_19963658	19963658	0.141447	-0.0353018	0.0353018	-0.0353018
3	Gm03_19963675	19963675	0.141447	-0.0599251	0.0599251	-0.0599251
3	Gm03_19963717	19963717	0.128289	0.0360623	-0.0360623	0.0360623
3	Gm03_19963951	19963951	0.141447	-0.0610651	0.0610651	-0.0610651
3	Gm03_19963959	19963959	0.151316	-0.128106	0.128106	-0.128106
3	Gm03_19963975	19963975	0.128289	0.0356015	-0.0356015	0.0356015
3	Gm03_19964008	19964008	0.141447	-0.0376935	0.0376935	-0.0376935
3	Gm03_19981655	19981655	0.144737	-0.0599442	0.0599442	-0.0599442
3	Gm03_19981682	19981682	0.154605	-0.126388	0.126388	-0.126388
3	Gm03_19981729	19981729	0.144737	-0.05971	0.05971	-0.05971
3	Gm03_20009836	20009836	0.141447	-0.0354569	0.0354569	-0.0354569
3	Gm03_20009996	20009996	0.144737	-0.0571981	0.0571981	-0.0571981
3	Gm03_20010025	20010025	0.144737	-0.0557574	0.0557574	-0.0557574
3	Gm03_20039457	20039457	0.154605	-0.119917	0.119917	-0.119917
3	Gm03_20082248	20082248	0.151316	-0.0962301	0.0962301	-0.0962301
3	Gm03_20082462	20082462	0.154605	-0.116393	0.116393	-0.116393
3	Gm03_20121932	20121932	0.141447	-0.0263035	0.0263035	-0.0263035
3	Gm03_20122105	20122105	0.141447	-0.0245414	0.0245414	-0.0245414
3	Gm03_20122113	20122113	0.141447	-0.0226667	0.0226667	-0.0226667
3	Gm03_20127830	20127830	0.141447	-0.0308682	0.0308682	-0.0308682
3	Gm03_20127882	20127882	0.151316	-0.0883182	0.0883182	-0.0883182
3	Gm03_20135166	20135166	0.138158	0.00329986	-0.00329986	0.00329986
3	Gm03_20135175	20135175	0.138158	0.00524377	-0.00524377	0.00524377
3	Gm03_20157833	20157833	0.138158	0.00572013	-0.00572013	0.00572013
3	Gm03_20165721	20165721	0.138158	0.00777756	-0.00777756	0.00777756
3	Gm03_20167143	20167143	0.141447	-0.012238	0.012238	-0.012238
3	Gm03_20196454	20196454	0.138158	0.0132648	-0.0132648	0.0132648
3	Gm03_20271393	20271393	0.141447	-0.00808368	0.00808368	-0.00808368
3	Gm03_20278252	20278252	0.141447	-0.00652559	0.00652559	-0.00652559
3	Gm03_20278278	20278278	0.148026	-0.0488063	0.0488063	-0.0488063
3	Gm03_20278545	20278545	0.148026	-0.0473811	0.0473811	-0.0473811
3	Gm03_20279168	20279168	0.148026	-0.0449777	0.0449777	-0.0449777
3	Gm03_20432793	20432793	0.148026	-0.0428778	0.0428778	-0.0428778
3	Gm03_20432820	20432820	0.148026	-0.0407664	0.0407664	-0.0407664
3	Gm03_20486918	20486918	0.138158	0.0274749	-0.0274749	0.0274749
3	Gm03_20496564	20496564	0.134868	0.0541926	-0.0541926	0.0541926
3	Gm03_20496855	20496855	0.138158	0.0311342	-0.0311342	0.0311342
3	Gm03_20497673	20497673	0.128289	0.0832065	-0.0832065	0.0832065
3	Gm03_20500188	20500188	0.138158	0.0342383	-0.0342383	0.0342383
3	Gm03_20514556	20514556	0.134868	0.0616871	-0.0616871	0.0616871
3	Gm03_20524022	20524022	0.134868	0.0649178	-0.0649178	0.0649178
3	Gm03_20524044	20524044	0.134868	0.0681694	-0.0681694	0.0681694
3	Gm03_20524272	20524272	0.134868	0.0704061	-0.0704061	0.0704061
3	Gm03_20525988	20525988	0.141447	0.0260444	-0.0260444	0.0260444
3	Gm03_20537288	20537288	0.141447	0.0290899	-0.0290899	0.0290899
3	Gm03_20599540	20599540	0.138158	0.0558544	-0.0558544	0.0558544
3	Gm03_20599546	20599546	0.138158	0.0589396	-0.0589396	0.0589396
3	Gm03_20605444	20605444	0.144737	0.0176159	-0.0176159	0.0176159
3	Gm03_20605454	20605454	0.144737	0.0207327	-0.0207327	0.0207327
3	Gm03_20607455	20607455	0.148026	0.00174237	-0.00174237	0.00174237
3	Gm03_20619973	20619973	0.131579	0.110423	-0.110423	0.110423
3	Gm03_20632478	20632478	0.141447	0.0569316	-0.0569316	0.0569316
3	Gm03_20632664	20632664	0.138158	0.0836395	-0.0836395	0.0836395
3	Gm03_20632897	20632897	0.144737	0.0329515	-0.0329515	0.0329515
3	Gm03_20634176	20634176	0.138158	0.0945335	-0.0945335	0.0945335
3	Gm03_20634187	20634187	0.138158	0.0981529	-0.0981529	0.0981529
3	Gm03_20782310	20782310	0.148026	0.0326077	-0.0326077	0.0326077
3	Gm03_20782836	20782836	0.138158	0.104506	-0.104506	0.104506
3	Gm03_20783026	20783026	0.138158	0.108181	-0.108181	0.108181
3	Gm03_20783335	20783335	0.148026	0.042975	-0.042975	0.042975
3	Gm03_20790557	20790557	0.148026	0.0467136	-0.0467136	0.0467136
3	Gm03_20793932	20793932	0.138158	0.118883	-0.118883	0.118883
3	Gm03_20797210	20797210	0.1875	0.181347	-0.181347	0.181347
3	Gm03_20797220	20797220	0.138158	0.198535	-0.198535	0.198535
3	Gm03_20803943	20803943	0.138158	0.201372	-0.201372	0.201372
3	Gm03_20813201	20813201	0.148026	0.135046	-0.135046	0.135046
3	Gm03_20825906	20825906	0.138158	0.20601	-0.20601	0.20601
3	Gm03_20832504	20832504	0.141447	0.186991	-0.186991	0.186991
3	Gm03_20846568	20846568	0.141447	0.187573	-0.187573	0.187573
3	Gm03_20846756	20846756	0.151316	0.127701	-0.127701	0.127701
3	Gm03_20850934	20850934	0.171053	0.0234956	-0.0234956	0.0234956
3	Gm03_20851667	20851667	0.151316	0.145918	-0.145918	0.145918
3	Gm03_20851710	20851710	0.148026	0.17054	-0.17054	0.17054
3	Gm03_20868955	20868955	0.164474	0.0766848	-0.0766848	0.0766848
3	Gm03_20868961	20868961	0.164474	0.0817204	-0.0817204	0.0817204
3	Gm03_20869192	20869192	0.151316	0.166814	-0.166814	0.166814
3	Gm03_20869217	20869217	0.148026	0.19072	-0.19072	0.19072
3	Gm03_20869237	20869237	0.148026	0.193424	-0.193424	0.193424
3	Gm03_20876854	20876854	0.151316	0.174104	-0.174104	0.174104
3	Gm03_20876871	20876871	0.167763	0.0753616	-0.0753616	0.0753616
3	Gm03_20877045	20877045	0.167763	0.0779489	-0.0779489	0.0779489
3	Gm03_20877385	20877385	0.138158	0.265233	-0.265233	0.265233
3	Gm03_20937873	20937873	0.164474	0.100846	-0.100846	0.100846
3	Gm03_20938126	20938126	0.167763	0.0860209	-0.0860209	0.0860209
3	Gm03_21000657	21000657	0.171053	0.187942	-0.187942	0.187942
3	Gm03_21057749	21057749	0.134868	0.372546	-0.372546	0.372546
3	Gm03_21057993	21057993	0.184211	0.135717	-0.135717	0.135717
3	Gm03_21060025	21060025	0.184211	0.138527	-0.138527	0.138527
3	Gm03_21088671	21088671	0.144737	0.321396	-0.321396	0.321396
3	Gm03_21088726	21088726	0.144737	0.321823	-0.321823	0.321823
3	Gm03_21155733	21155733	0.282895	-0.063343	0.063343	-0.063343
3	Gm03_21166903	21166903	0.134868	0.435191	-0.435191	0.435191
3	Gm03_21183689	21183689	0.351974	-0.278319	0.278319	-0.278319
3	Gm03_21196446	21196446	0.351974	-0.277054	0.277054	-0.277054
3	Gm03_21204583	21204583	0.282895	-0.0259806	0.0259806	-0.0259806
3	Gm03_21234640	21234640	0.0723684	-0.0615063	0.0615063	-0.0615063
3	Gm03_21235679	21235679	0.138158	0.414828	-0.414828	0.414828
3	Gm03_21268602	21268602	0.0657895	0.00345309	-0.00345309	0.00345309
3	Gm03_21270934	21270934	0.0657895	-0.0012866	0.0012866	-0.0012866
3	Gm03_21274353	21274353	0.138158	0.419615	-0.419615	0.419615
3	Gm03_21335644	21335644	0.309211	-0.228841	0.228841	-0.228841
3	Gm03_21368609	21368609	0.0657895	0.0160365	-0.0160365	0.0160365
3	Gm03_21445965	21445965	0.0921053	0.538715	-0.538715	0.538715
3	Gm03_21447518	21447518	0.0657895	0.0174046	-0.0174046	0.0174046
3	Gm03_21462105	21462105	0.289474	-0.144442	0.144442	-0.144442
3	Gm03_21494132	21494132	0.0657895	0.0427364	-0.0427364	0.0427364
3	Gm03_21520477	21520477	0.0921053	0.537007	-0.537007	0.537007
3	Gm03_21635528	21635528	0.0953947	0.523419	-0.523419	0.523419
3	Gm03_21787169	21787169	0.0756579	0.552669	-0.552669	0.552669
3	Gm03_21829258	21829258	0.111842	0.596435	-0.596435	0.596435
3	Gm03_21829299	21829299	0.108553	0.482741	-0.482741	0.482741
3	Gm03_21830788	21830788	0.138158	0.482994	-0.482994	0.482994
3	Gm03_21830809	21830809	0.0855263	0.0217626	-0.0217626	0.0217626
3	Gm03_21832211	21832211	0.134868	0.516219	-0.516219	0.516219
3	Gm03_21849320	21849320	0.134868	0.515999	-0.515999	0.515999
3	Gm03_21849363	21849363	0.328947	-0.201685	0.201685	-0.201685
3	Gm03_21883229	21883229	0.0888158	-0.0431015	0.0431015	-0.0431015
3	Gm03_21904312	21904312	0.0953947	-0.0944428	0.0944428	-0.0944428
3	Gm03_21907077	21907077	0.0756579	0.0244991	-0.0244991	0.0244991
3	Gm03_21962996	21962996	0.0888158	0.0210762	-0.0210762	0.0210762
3	Gm03_21963146	21963146	0.0921053	0.576177	-0.576177	0.576177
3	Gm03_21963160	21963160	0.0888158	0.00710628	-0.00710628	0.00710628
3	Gm03_21984112	21984112	0.0953947	-0.0565489	0.0565489	-0.0565489
3	Gm03_21986712	21986712	0.0953947	-0.0568007	0.0568007	-0.0568007
3	Gm03_21988648	21988648	0.0986842	-0.0873729	0.0873729	-0.0873729
3	Gm03_22014118	22014118	0.0953947	-0.0571364	0.0571364	-0.0571364
3	Gm03_22015310	22015310	0.134868	0.496889	-0.496889	0.496889
3	Gm03_22015634	22015634	0.0855263	0.0256237	-0.0256237	0.0256237
3	Gm03_22044487	22044487	0.0921053	-0.0282698	0.0282698	-0.0282698
3	Gm03_22048481	22048481	0.0953947	-0.0634737	0.0634737	-0.0634737
3	Gm03_22082458	22082458	0.0953947	-0.0634811	0.0634811	-0.0634811
3	Gm03_22084627	22084627	0.0888158	0.00284592	-0.00284592	0.00284592
3	Gm03_22084781	22084781	0.0986842	-0.0940901	0.0940901	-0.0940901
3	Gm03_22091474	22091474	0.0953947	-0.065146	0.065146	-0.065146
3	Gm03_22091520	22091520	0.0953947	-0.065413	0.065413	-0.065413
3	Gm03_22106424	22106424	0.322368	-0.185362	0.185362	-0.185362
3	Gm03_22147965	22147965	0.0921053	-0.023523	0.023523	-0.023523
3	Gm03_22181339	22181339	0.131579	0.3788	-0.3788	0.3788
3	Gm03_22246044	22246044	0.138158	0.494876	-0.494876	0.494876
3	Gm03_22246097	22246097	0.144737	0.291817	-0.291817	0.291817
3	Gm03_22265413	22265413	0.325658	-0.178277	0.178277	-0.178277
3	Gm03_22265563	22265563	0.138158	0.319969	-0.319969	0.319969
3	Gm03_22273539	22273539	0.184211	0.0557983	-0.0557983	0.0557983
3	Gm03_22281699	22281699	0.167763	0.144637	-0.144637	0.144637
3	Gm03_22281725	22281725	0.138158	0.316506	-0.316506	0.316506
3	Gm03_22281732	22281732	0.128289	0.386738	-0.386738	0.386738
3	Gm03_22281754	22281754	0.171053	0.129707	-0.129707	0.129707
3	Gm03_22281991	22281991	0.171053	0.128889	-0.128889	0.128889
3	Gm03_22299313	22299313	0.174342	0.108436	-0.108436	0.108436
3	Gm03_22299398	22299398	0.394737	-0.279696	0.279696	-0.279696
3	Gm03_22299430	22299430	0.141447	0.270602	-0.270602	0.270602
3	Gm03_22303176	22303176	0.174342	0.0868827	-0.0868827	0.0868827
3	Gm03_22309739	22309739	0.180921	0.045695	-0.045695	0.045695
3	Gm03_22312161	22312161	0.328947	-0.234144	0.234144	-0.234144
3	Gm03_22322835	22322835	0.1875	0.0152815	-0.0152815	0.0152815
3	Gm03_22342661	22342661	0.463816	0.508422	-0.508422	0.508422
3	Gm03_22342699	22342699	0.210526	0.359471	-0.359471	0.359471
3	Gm03_22354307	22354307	0.138158	0.2811	-0.2811	0.2811
3	Gm03_22371369	22371369	0.161184	0.155378	-0.155378	0.155378
3	Gm03_22396418	22396418	0.141447	0.27111	-0.27111	0.27111
3	Gm03_22396444	22396444	0.207237	0.368562	-0.368562	0.368562
3	Gm03_22396606	22396606	0.167763	0.0614929	-0.0614929	0.0614929
3	Gm03_22404589	22404589	0.174342	0.0210166	-0.0210166	0.0210166
3	Gm03_22420301	22420301	0.174342	0.0205512	-0.0205512	0.0205512
3	Gm03_22420512	22420512	0.144737	0.182995	-0.182995	0.182995
3	Gm03_22494731	22494731	0.148026	0.163656	-0.163656	0.163656
3	Gm03_22498703	22498703	0.1875	-0.0566785	0.0566785	-0.0566785
3	Gm03_22508938	22508938	0.134868	0.247368	-0.247368	0.247368
3	Gm03_22553387	22553387	0.144737	0.17577	-0.17577	0.17577
3	Gm03_22553508	22553508	0.144737	0.175769	-0.175769	0.175769
3	Gm03_22556395	22556395	0.141447	0.202134	-0.202134	0.202134
3	Gm03_22556426	22556426	0.144737	0.17882	-0.17882	0.17882
3	Gm03_22556431	22556431	0.141447	0.201975	-0.201975	0.201975
3	Gm03_22556608	22556608	0.141447	0.201962	-0.201962	0.201962
3	Gm03_22556715	22556715	0.134868	0.242641	-0.242641	0.242641
3	Gm03_22556747	22556747	0.194079	-0.0838934	0.0838934	-0.0838934
3	Gm03_22557091	22557091	0.190789	-0.066334	0.066334	-0.066334
3	Gm03_22557116	22557116	0.148026	0.164656	-0.164656	0.164656
3	Gm03_22568768	22568768	0.0657895	-0.0963338	0.0963338	-0.0963338
3	Gm03_22591868	22591868	0.177632	-0.00237726	0.00237726	-0.00237726
3	Gm03_22591898	22591898	0.141447	0.20743	-0.20743	0.20743
3	Gm03_22592102	22592102	0.177632	0.00544284	-0.00544284	0.00544284
3	Gm03_22603961	22603961	0.3125	-0.204254	0.204254	-0.204254
3	Gm03_22604010	22604010	0.161184	0.0948014	-0.0948014	0.0948014
3	Gm03_22604191	22604191	0.164474	0.08717	-0.08717	0.08717
3	Gm03_22619033	22619033	0.1875	-0.0410334	0.0410334	-0.0410334
3	Gm03_22621530	22621530	0.177632	0.0091815	-0.0091815	0.0091815
3	Gm03_22622075	22622075	0.171053	0.0477442	-0.0477442	0.0477442
3	Gm03_22622339	22622339	0.171053	0.0478276	-0.0478276	0.0478276
3	Gm03_22622388	22622388	0.138158	0.232819	-0.232819	0.232819
3	Gm03_22624170	22624170	0.138158	0.23171	-0.23171	0.23171
3	Gm03_22624179	22624179	0.167763	0.0602482	-0.0602482	0.0602482
3	Gm03_22624454	22624454	0.171053	0.0431034	-0.0431034	0.0431034
3	Gm03_22629437	22629437	0.457237	0.465855	-0.465855	0.465855
3	Gm03_22629683	22629683	0.171053	0.0252325	-0.0252325	0.0252325
3	Gm03_22635080	22635080	0.138158	0.213653	-0.213653	0.213653
3	Gm03_22655292	22655292	0.171053	0.0190843	-0.0190843	0.0190843
3	Gm03_22668782	22668782	0.125	0.302596	-0.302596	0.302596
3	Gm03_22668798	22668798	0.164474	0.0607752	-0.0607752	0.0607752
3	Gm03_22683740	22683740	0.167763	0.033622	-0.033622	0.033622
3	Gm03_22684018	22684018	0.141447	0.196145	-0.196145	0.196145
3	Gm03_22692999	22692999	0.144737	0.173611	-0.173611	0.173611
3	Gm03_22693004	22693004	0.1875	-0.0575474	0.0575474	-0.0575474
3	Gm03_22693084	22693084	0.167763	0.0527034	-0.0527034	0.0527034
3	Gm03_22693108	22693108	0.167763	0.0526892	-0.0526892	0.0526892
3	Gm03_22693249	22693249	0.167763	0.0529854	-0.0529854	0.0529854
3	Gm03_22738254	22738254	0.190789	-0.0756884	0.0756884	-0.0756884
3	Gm03_22744423	22744423	0.134868	0.245127	-0.245127	0.245127
3	Gm03_24883277	24883277	0.1875	0.346246	-0.346246	0.346246
3	Gm03_24899183	24899183	0.322368	0.305021	-0.305021	0.305021
3	Gm03_24903329	24903329	0.440789	0.318736	-0.318736	0.318736
3	Gm03_24903342	24903342	0.440789	0.317895	-0.317895	0.317895
3	Gm03_24907544	24907544	0.184211	0.363606	-0.363606	0.363606
3	Gm03_24907571	24907571	0.434211	0.322898	-0.322898	0.322898
3	Gm03_24909063	24909063	0.414474	0.383499	-0.383499	0.383499
3	Gm03_24909083	24909083	0.414474	0.382491	-0.382491	0.382491
3	Gm03_24930399	24930399	0.417763	0.36611	-0.36611	0.36611
3	Gm03_24930404	24930404	0.417763	0.365048	-0.365048	0.365048
3	Gm03_24930476	24930476	0.417763	0.363999	-0.363999	0.363999
3	Gm03_24930708	24930708	0.411184	0.384193	-0.384193	0.384193
3	Gm03_24943164	24943164	0.319079	0.324687	-0.324687	0.324687
3	Gm03_24943361	24943361	0.427632	0.333455	-0.333455	0.333455
3	Gm03_24956497	24956497	0.421053	0.368814	-0.368814	0.368814
3	Gm03_24984737	24984737	0.427632	0.344277	-0.344277	0.344277
3	Gm03_25010654	25010654	0.417763	0.377931	-0.377931	0.377931
3	Gm03_25018572	25018572	0.421053	0.365294	-0.365294	0.365294
3	Gm03_25047221	25047221	0.424342	0.352709	-0.352709	0.352709
3	Gm03_25049149	25049149	0.421053	0.363129	-0.363129	0.363129
3	Gm03_25052137	25052137	0.190789	0.338042	-0.338042	0.338042
3	Gm03_25052171	25052171	0.424342	0.341492	-0.341492	0.341492
3	Gm03_25055388	25055388	0.427632	0.329022	-0.329022	0.329022
3	Gm03_25092026	25092026	0.4375	0.297084	-0.297084	0.297084
3	Gm03_25092053	25092053	0.154605	0.4511	-0.4511	0.4511
3	Gm03_25112944	25112944	0.345395	0.268248	-0.268248	0.268248
3	Gm03_25124558	25124558	0.417763	0.340582	-0.340582	0.340582
3	Gm03_25124574	25124574	0.417763	0.3393	-0.3393	0.3393
3	Gm03_25125182	25125182	0.417763	0.338022	-0.338022	0.338022
3	Gm03_25185887	25185887	0.4375	0.268953	-0.268953	0.268953
3	Gm03_25185944	25185944	0.430921	0.290411	-0.290411	0.290411
3	Gm03_25185977	25185977	0.427632	0.300793	-0.300793	0.300793
3	Gm03_25186029	25186029	0.427632	0.300231	-0.300231	0.300231
3	Gm03_25204058	25204058	0.157895	0.422615	-0.422615	0.422615
3	Gm03_25211469	25211469	0.424342	0.303033	-0.303033	0.303033
3	Gm03_25233257	25233257	0.424342	0.302392	-0.302392	0.302392
3	Gm03_25266549	25266549	0.430921	0.278675	-0.278675	0.278675
3	Gm03_25269370	25269370	0.417763	0.324399	-0.324399	0.324399
3	Gm03_25272660	25272660	0.4375	0.254948	-0.254948	0.254948
3	Gm03_25278931	25278931	0.417763	0.32313	-0.32313	0.32313
3	Gm03_25305341	25305341	0.421053	0.310916	-0.310916	0.310916
3	Gm03_25337360	25337360	0.417763	0.318166	-0.318166	0.318166
3	Gm03_25337524	25337524	0.424342	0.297287	-0.297287	0.297287
3	Gm03_25350996	25350996	0.4375	0.251465	-0.251465	0.251465
3	Gm03_25353017	25353017	0.427632	0.285427	-0.285427	0.285427
3	Gm03_25414349	25414349	0.157895	0.428728	-0.428728	0.428728
3	Gm03_25414372	25414372	0.424342	0.297774	-0.297774	0.297774
3	Gm03_25419124	25419124	0.430921	0.274647	-0.274647	0.274647
3	Gm03_25419136	25419136	0.427632	0.285657	-0.285657	0.285657
3	Gm03_25424412	25424412	0.424342	0.29607	-0.29607	0.29607
3	Gm03_25424655	25424655	0.427632	0.284227	-0.284227	0.284227
3	Gm03_25424675	25424675	0.427632	0.283771	-0.283771	0.283771
3	Gm03_25454465	25454465	0.430921	0.272175	-0.272175	0.272175
3	Gm03_25454491	25454491	0.430921	0.272014	-0.272014	0.272014
3	Gm03_25480039	25480039	0.414474	0.325093	-0.325093	0.325093
3	Gm03_25480269	25480269	0.157895	0.427952	-0.427952	0.427952
3	Gm03_25508620	25508620	0.424342	0.308685	-0.308685	0.308685
3	Gm03_25508634	25508634	0.421053	0.315261	-0.315261	0.315261
3	Gm03_25522746	25522746	0.421053	0.317284	-0.317284	0.317284
3	Gm03_25562208	25562208	0.358553	0.253042	-0.253042	0.253042
3	Gm03_25562231	25562231	0.157895	0.436687	-0.436687	0.436687
3	Gm03_25579269	25579269	0.417763	0.325397	-0.325397	0.325397
3	Gm03_25579490	25579490	0.105263	0.557754	-0.557754	0.557754
3	Gm03_25594852	25594852	0.421053	0.304049	-0.304049	0.304049
3	Gm03_25605733	25605733	0.421053	0.305816	-0.305816	0.305816
3	Gm03_25606054	25606054	0.417763	0.318802	-0.318802	0.318802
3	Gm03_25608571	25608571	0.0526316	-0.123979	0.123979	-0.123979
3	Gm03_25608578	25608578	0.0526316	-0.124013	0.124013	-0.124013
3	Gm03_25608968	25608968	0.421053	0.329213	-0.329213	0.329213
3	Gm03_25639045	25639045	0.355263	0.250372	-0.250372	0.250372
3	Gm03_25647494	25647494	0.417763	0.339271	-0.339271	0.339271
3	Gm03_25647507	25647507	0.134868	0.57108	-0.57108	0.57108
3	Gm03_25685158	25685158	0.421053	0.367948	-0.367948	0.367948
3	Gm03_25685450	25685450	0.430921	0.335258	-0.335258	0.335258
3	Gm03_25685492	25685492	0.427632	0.347058	-0.347058	0.347058
3	Gm03_25686627	25686627	0.421053	0.370266	-0.370266	0.370266
3	Gm03_25686851	25686851	0.164474	0.404036	-0.404036	0.404036
3	Gm03_25686873	25686873	0.424342	0.356344	-0.356344	0.356344
3	Gm03_25699926	25699926	0.421053	0.368644	-0.368644	0.368644
3	Gm03_25699955	25699955	0.421053	0.369478	-0.369478	0.369478
3	Gm03_25701375	25701375	0.421053	0.370294	-0.370294	0.370294
3	Gm03_25701556	25701556	0.421053	0.371109	-0.371109	0.371109
3	Gm03_25731872	25731872	0.427632	0.349059	-0.349059	0.349059
3	Gm03_25733541	25733541	0.424342	0.361026	-0.361026	0.361026
3	Gm03_25733828	25733828	0.157895	0.430558	-0.430558	0.430558
3	Gm03_25742852	25742852	0.430921	0.345559	-0.345559	0.345559
3	Gm03_25745924	25745924	0.414474	0.400039	-0.400039	0.400039
3	Gm03_25790881	25790881	0.417763	0.388184	-0.388184	0.388184
3	Gm03_25816602	25816602	0.427632	0.362375	-0.362375	0.362375
3	Gm03_25816900	25816900	0.427632	0.363298	-0.363298	0.363298
3	Gm03_25816913	25816913	0.424342	0.373781	-0.373781	0.373781
3	Gm03_25863501	25863501	0.157895	0.419085	-0.419085	0.419085
3	Gm03_25863542	25863542	0.427632	0.363492	-0.363492	0.363492
3	Gm03_25864123	25864123	0.4375	0.331481	-0.331481	0.331481
3	Gm03_25869157	25869157	0.4375	0.332112	-0.332112	0.332112
3	Gm03_25869177	25869177	0.4375	0.333005	-0.333005	0.333005
3	Gm03_25869224	25869224	0.440789	0.324486	-0.324486	0.324486
3	Gm03_25878771	25878771	0.434211	0.345133	-0.345133	0.345133
3	Gm03_25878783	25878783	0.434211	0.345951	-0.345951	0.345951
3	Gm03_25882595	25882595	0.157895	0.409784	-0.409784	0.409784
3	Gm03_25890013	25890013	0.421053	0.387674	-0.387674	0.387674
3	Gm03_25890025	25890025	0.421053	0.388283	-0.388283	0.388283
3	Gm03_25895398	25895398	0.424342	0.384032	-0.384032	0.384032
3	Gm03_25895619	25895619	0.424342	0.384925	-0.384925	0.384925
3	Gm03_25895646	25895646	0.424342	0.385416	-0.385416	0.385416
3	Gm03_25897286	25897286	0.421053	0.395938	-0.395938	0.395938
3	Gm03_25904705	25904705	0.355263	0.158473	-0.158473	0.158473
3	Gm03_25904975	25904975	0.427632	0.418938	-0.418938	0.418938
3	Gm03_25925368	25925368	0.157895	0.412924	-0.412924	0.412924
3	Gm03_25948534	25948534	0.4375	0.38542	-0.38542	0.38542
3	Gm03_25954226	25954226	0.4375	0.385591	-0.385591	0.385591
3	Gm03_25959189	25959189	0.430921	0.408121	-0.408121	0.408121
3	Gm03_25959344	25959344	0.355263	0.157637	-0.157637	0.157637
3	Gm03_25959444	25959444	0.434211	0.395564	-0.395564	0.395564
3	Gm03_25965016	25965016	0.421053	0.438318	-0.438318	0.438318
3	Gm03_25965041	25965041	0.164474	0.360075	-0.360075	0.360075
3	Gm03_25965306	25965306	0.427632	0.407338	-0.407338	0.407338
3	Gm03_25967411	25967411	0.203947	0.468897	-0.468897	0.468897
3	Gm03_25967446	25967446	0.427632	0.441038	-0.441038	0.441038
3	Gm03_25995840	25995840	0.434211	0.418465	-0.418465	0.418465
3	Gm03_25995871	25995871	0.430921	0.42974	-0.42974	0.42974
3	Gm03_25995900	25995900	0.430921	0.42999	-0.42999	0.42999
3	Gm03_25996127	25996127	0.430921	0.430362	-0.430362	0.430362
3	Gm03_25997894	25997894	0.434211	0.421641	-0.421641	0.421641
3	Gm03_26020340	26020340	0.157895	0.413467	-0.413467	0.413467
3	Gm03_26023982	26023982	0.424342	0.473012	-0.473012	0.473012
3	Gm03_26036844	26036844	0.157895	0.408	-0.408	0.408
3	Gm03_26048912	26048912	0.154605	0.418326	-0.418326	0.418326
3	Gm03_26048986	26048986	0.348684	0.124993	-0.124993	0.124993
3	Gm03_26114124	26114124	0.424342	0.472431	-0.472431	0.472431
3	Gm03_26114573	26114573	0.421053	0.483181	-0.483181	0.483181
3	Gm03_26114793	26114793	0.421053	0.483536	-0.483536	0.483536
3	Gm03_26115526	26115526	0.434211	0.439859	-0.439859	0.439859
3	Gm03_26117566	26117566	0.157895	0.407196	-0.407196	0.407196
3	Gm03_26138048	26138048	0.434211	0.448127	-0.448127	0.448127
3	Gm03_26168228	26168228	0.0789474	0.0345588	-0.0345588	0.0345588
3	Gm03_26177560	26177560	0.358553	0.0776945	-0.0776945	0.0776945
3	Gm03_26177583	26177583	0.138158	0.54091	-0.54091	0.54091
3	Gm03_26227258	26227258	0.434211	0.362043	-0.362043	0.362043
3	Gm03_26243695	26243695	0.161184	0.334856	-0.334856	0.334856
3	Gm03_26248757	26248757	0.177632	0.251867	-0.251867	0.251867
3	Gm03_26294977	26294977	0.430921	0.343929	-0.343929	0.343929
3	Gm03_26307779	26307779	0.430921	0.343415	-0.343415	0.343415
3	Gm03_26325941	26325941	0.434211	0.331727	-0.331727	0.331727
3	Gm03_26350886	26350886	0.430921	0.342558	-0.342558	0.342558
3	Gm03_26354761	26354761	0.421053	0.375566	-0.375566	0.375566
3	Gm03_26444840	26444840	0.424342	0.363264	-0.363264	0.363264
3	Gm03_26445201	26445201	0.424342	0.363114	-0.363114	0.363114
3	Gm03_26451820	26451820	0.4375	0.316973	-0.316973	0.316973
3	Gm03_26467013	26467013	0.421053	0.3733	-0.3733	0.3733
3	Gm03_26468020	26468020	0.424342	0.361071	-0.361071	0.361071
3	Gm03_26484951	26484951	0.421053	0.371978	-0.371978	0.371978
3	Gm03_26484986	26484986	0.355263	0.231056	-0.231056	0.231056
3	Gm03_26507185	26507185	0.4375	0.343525	-0.343525	0.343525
3	Gm03_26512077	26512077	0.157895	0.353589	-0.353589	0.353589
3	Gm03_26519374	26519374	0.424342	0.386897	-0.386897	0.386897
3	Gm03_26536936	26536936	0.4375	0.338107	-0.338107	0.338107
3	Gm03_26578660	26578660	0.157895	0.343734	-0.343734	0.343734
3	Gm03_26578914	26578914	0.351974	0.255451	-0.255451	0.255451
3	Gm03_26582307	26582307	0.444079	0.293351	-0.293351	0.293351
3	Gm03_26593765	26593765	0.430921	0.335261	-0.335261	0.335261
3	Gm03_26611016	26611016	0.424342	0.353312	-0.353312	0.353312
3	Gm03_26611285	26611285	0.424342	0.352619	-0.352619	0.352619
3	Gm03_26611320	26611320	0.424342	0.35153	-0.35153	0.35153
3	Gm03_26611348	26611348	0.434211	0.31998	-0.31998	0.31998
3	Gm03_26618632	26618632	0.427632	0.340743	-0.340743	0.340743
3	Gm03_26657580	26657580	0.430921	0.331233	-0.331233	0.331233
3	Gm03_26657796	26657796	0.157895	0.334224	-0.334224	0.334224
3	Gm03_26657866	26657866	0.4375	0.325868	-0.325868	0.325868
3	Gm03_26658176	26658176	0.157895	0.331873	-0.331873	0.331873
3	Gm03_26659035	26659035	0.361842	0.235416	-0.235416	0.235416
3	Gm03_26659194	26659194	0.141447	0.402282	-0.402282	0.402282
3	Gm03_26668125	26668125	0.157895	0.333027	-0.333027	0.333027
3	Gm03_26668167	26668167	0.0526316	0.0330683	-0.0330683	0.0330683
3	Gm03_26677253	26677253	0.427632	0.311063	-0.311063	0.311063
3	Gm03_26678015	26678015	0.430921	0.298513	-0.298513	0.298513
3	Gm03_26679347	26679347	0.427632	0.308378	-0.308378	0.308378
3	Gm03_26679597	26679597	0.427632	0.306785	-0.306785	0.306785
3	Gm03_26698328	26698328	0.444079	0.252452	-0.252452	0.252452
3	Gm03_26698545	26698545	0.4375	0.270134	-0.270134	0.270134
3	Gm03_26700359	26700359	0.157895	0.344699	-0.344699	0.344699
3	Gm03_26700406	26700406	0.424342	0.317372	-0.317372	0.317372
3	Gm03_26729993	26729993	0.430921	0.292723	-0.292723	0.292723
3	Gm03_26788524	26788524	0.430921	0.291854	-0.291854	0.291854
3	Gm03_26792937	26792937	0.4375	0.267633	-0.267633	0.267633
3	Gm03_26793217	26793217	0.4375	0.26652	-0.26652	0.26652
3	Gm03_26798107	26798107	0.348684	0.32625	-0.32625	0.32625
3	Gm03_26821052	26821052	0.434211	0.288378	-0.288378	0.288378
3	Gm03_26870107	26870107	0.424342	0.321097	-0.321097	0.321097
3	Gm03_26870178	26870178	0.424342	0.319654	-0.319654	0.319654
3	Gm03_26870378	26870378	0.355263	0.306804	-0.306804	0.306804
3	Gm03_26885951	26885951	0.157895	0.341115	-0.341115	0.341115
3	Gm03_26889044	26889044	0.430921	0.283338	-0.283338	0.283338
3	Gm03_26889379	26889379	0.434211	0.266675	-0.266675	0.266675
3	Gm03_26898267	26898267	0.430921	0.280482	-0.280482	0.280482
3	Gm03_26914847	26914847	0.151316	0.368943	-0.368943	0.368943
3	Gm03_26938602	26938602	0.434211	0.254634	-0.254634	0.254634
3	Gm03_26939473	26939473	0.4375	0.24181	-0.24181	0.24181
3	Gm03_26940348	26940348	0.417763	0.302997	-0.302997	0.302997
3	Gm03_26940375	26940375	0.417763	0.301665	-0.301665	0.301665
3	Gm03_26940561	26940561	0.424342	0.280891	-0.280891	0.280891
3	Gm03_26969304	26969304	0.424342	0.279603	-0.279603	0.279603
3	Gm03_26969575	26969575	0.421053	0.289889	-0.289889	0.289889
3	Gm03_26969581	26969581	0.424342	0.276956	-0.276956	0.276956
3	Gm03_27008540	27008540	0.157895	0.354784	-0.354784	0.354784
3	Gm03_27008713	27008713	0.427632	0.274675	-0.274675	0.274675
3	Gm03_27010504	27010504	0.427632	0.268092	-0.268092	0.268092
3	Gm03_27027601	27027601	0.358553	0.321338	-0.321338	0.321338
3	Gm03_27027881	27027881	0.434211	0.245526	-0.245526	0.245526
3	Gm03_27028066	27028066	0.434211	0.244394	-0.244394	0.244394
3	Gm03_27028392	27028392	0.0822368	0.513148	-0.513148	0.513148
3	Gm03_27028631	27028631	0.427632	0.234559	-0.234559	0.234559
3	Gm03_27043692	27043692	0.424342	0.245523	-0.245523	0.245523
3	Gm03_27043722	27043722	0.161184	0.351546	-0.351546	0.351546
3	Gm03_27043909	27043909	0.417763	0.266528	-0.266528	0.266528
3	Gm03_27046850	27046850	0.424342	0.243543	-0.243543	0.243543
3	Gm03_27059180	27059180	0.424342	0.243033	-0.243033	0.243033
3	Gm03_27059228	27059228	0.361842	0.343944	-0.343944	0.343944
3	Gm03_27059430	27059430	0.424342	0.246341	-0.246341	0.246341
3	Gm03_27070385	27070385	0.424342	0.246054	-0.246054	0.246054
3	Gm03_27075528	27075528	0.424342	0.242413	-0.242413	0.242413
3	Gm03_27078180	27078180	0.351974	0.380943	-0.380943	0.380943
3	Gm03_27079909	27079909	0.417763	0.252503	-0.252503	0.252503
3	Gm03_27079943	27079943	0.417763	0.252208	-0.252208	0.252208
3	Gm03_27080068	27080068	0.417763	0.251976	-0.251976	0.251976
3	Gm03_27080620	27080620	0.417763	0.251696	-0.251696	0.251696
3	Gm03_27134058	27134058	0.430921	0.207475	-0.207475	0.207475
3	Gm03_27134534	27134534	0.421053	0.238464	-0.238464	0.238464
3	Gm03_27165449	27165449	0.424342	0.229846	-0.229846	0.229846
3	Gm03_27175698	27175698	0.424342	0.226771	-0.226771	0.226771
3	Gm03_27193669	27193669	0.427632	0.215433	-0.215433	0.215433
3	Gm03_27208989	27208989	0.424342	0.226496	-0.226496	0.226496
3	Gm03_27243996	27243996	0.358553	0.365143	-0.365143	0.365143
3	Gm03_27291212	27291212	0.430921	0.222592	-0.222592	0.222592
3	Gm03_27304126	27304126	0.493421	0.0311386	-0.0311386	0.0311386
3	Gm03_27304404	27304404	0.493421	0.0308594	-0.0308594	0.0308594
3	Gm03_27313775	27313775	0.351974	0.388126	-0.388126	0.388126
3	Gm03_27313781	27313781	0.157895	0.363931	-0.363931	0.363931
3	Gm03_27314739	27314739	0.355263	0.374618	-0.374618	0.374618
3	Gm03_27323102	27323102	0.351974	0.3859	-0.3859	0.3859
3	Gm03_27329358	27329358	0.157895	0.355699	-0.355699	0.355699
3	Gm03_27329575	27329575	0.430921	0.22794	-0.22794	0.22794
3	Gm03_27344445	27344445	0.157895	0.365405	-0.365405	0.365405
3	Gm03_27399701	27399701	0.157895	0.365577	-0.365577	0.365577
3	Gm03_27399949	27399949	0.358553	0.367104	-0.367104	0.367104
3	Gm03_27400018	27400018	0.157895	0.358788	-0.358788	0.358788
3	Gm03_27407058	27407058	0.161184	0.338767	-0.338767	0.338767
3	Gm03_27442532	27442532	0.161184	0.331437	-0.331437	0.331437
3	Gm03_27461990	27461990	0.164474	0.318224	-0.318224	0.318224
3	Gm03_27462382	27462382	0.430921	0.230627	-0.230627	0.230627
3	Gm03_27462389	27462389	0.348684	0.399562	-0.399562	0.399562
3	Gm03_27481974	27481974	0.417763	0.272979	-0.272979	0.272979
3	Gm03_27505125	27505125	0.164474	0.329144	-0.329144	0.329144
3	Gm03_27506440	27506440	0.358553	0.359636	-0.359636	0.359636
3	Gm03_27511605	27511605	0.361842	0.349169	-0.349169	0.349169
3	Gm03_27521983	27521983	0.190789	0.185746	-0.185746	0.185746
3	Gm03_27522273	27522273	0.157895	0.360597	-0.360597	0.360597
3	Gm03_27527946	27527946	0.157895	0.361006	-0.361006	0.361006
3	Gm03_27527956	27527956	0.427632	0.238818	-0.238818	0.238818
3	Gm03_27532289	27532289	0.157895	0.359978	-0.359978	0.359978
3	Gm03_27605374	27605374	0.174342	0.228362	-0.228362	0.228362
3	Gm03_27605391	27605391	0.141447	0.421796	-0.421796	0.421796
3	Gm03_27607640	27607640	0.177632	0.214916	-0.214916	0.214916
3	Gm03_27607887	27607887	0.0756579	0.508762	-0.508762	0.508762
3	Gm03_27608266	27608266	0.424342	0.289811	-0.289811	0.289811
3	Gm03_27608273	27608273	0.391447	0.22744	-0.22744	0.22744
3	Gm03_27611420	27611420	0.144737	0.390081	-0.390081	0.390081
3	Gm03_27615257	27615257	0.4375	0.24935	-0.24935	0.24935
3	Gm03_27615299	27615299	0.424342	0.295827	-0.295827	0.295827
3	Gm03_27625176	27625176	0.144737	0.391057	-0.391057	0.391057
3	Gm03_27625223	27625223	0.430921	0.275558	-0.275558	0.275558
3	Gm03_27625389	27625389	0.417763	0.322271	-0.322271	0.322271
3	Gm03_27628414	27628414	0.177632	0.206307	-0.206307	0.206307
3	Gm03_27629960	27629960	0.391447	0.207608	-0.207608	0.207608
3	Gm03_27630293	27630293	0.144737	0.390541	-0.390541	0.390541
3	Gm03_27630367	27630367	0.388158	0.215264	-0.215264	0.215264
3	Gm03_27630649	27630649	0.388158	0.21353	-0.21353	0.21353
3	Gm03_27651483	27651483	0.391447	0.200067	-0.200067	0.200067
3	Gm03_27651773	27651773	0.427632	0.305827	-0.305827	0.305827
3	Gm03_27651808	27651808	0.394737	0.188877	-0.188877	0.188877
3	Gm03_27664485	27664485	0.490132	0.0923202	-0.0923202	0.0923202
3	Gm03_27680817	27680817	0.434211	0.277893	-0.277893	0.277893
3	Gm03_27680826	27680826	0.434211	0.279205	-0.279205	0.279205
3	Gm03_27680948	27680948	0.493421	-0.0644931	0.0644931	-0.0644931
3	Gm03_27680995	27680995	0.434211	0.299945	-0.299945	0.299945
3	Gm03_27743251	27743251	0.424342	0.334105	-0.334105	0.334105
3	Gm03_27754396	27754396	0.164474	0.34453	-0.34453	0.34453
3	Gm03_27754401	27754401	0.164474	0.345159	-0.345159	0.345159
3	Gm03_27754499	27754499	0.434211	0.317789	-0.317789	0.317789
3	Gm03_27754710	27754710	0.358553	0.25976	-0.25976	0.25976
3	Gm03_27757578	27757578	0.164474	0.350855	-0.350855	0.350855
3	Gm03_27759210	27759210	0.358553	0.255302	-0.255302	0.255302
3	Gm03_27776921	27776921	0.424342	0.353627	-0.353627	0.353627
3	Gm03_27803061	27803061	0.434211	0.320517	-0.320517	0.320517
3	Gm03_27830955	27830955	0.453947	0.256095	-0.256095	0.256095
3	Gm03_27857140	27857140	0.335526	0.326572	-0.326572	0.326572
3	Gm03_27865472	27865472	0.203947	0.153796	-0.153796	0.153796
3	Gm03_27877169	27877169	0.467105	0.220648	-0.220648	0.220648
3	Gm03_27904350	27904350	0.421053	0.373838	-0.373838	0.373838
3	Gm03_27914206	27914206	0.427632	0.352205	-0.352205	0.352205
3	Gm03_27928516	27928516	0.161184	0.375395	-0.375395	0.375395
3	Gm03_27935723	27935723	0.338816	0.305263	-0.305263	0.305263
3	Gm03_27941025	27941025	0.421053	0.381366	-0.381366	0.381366
3	Gm03_27958859	27958859	0.203947	0.152714	-0.152714	0.152714
3	Gm03_27958864	27958864	0.4375	0.327748	-0.327748	0.327748
3	Gm03_27959081	27959081	0.203947	0.127026	-0.127026	0.127026
3	Gm03_27962694	27962694	0.164474	0.326571	-0.326571	0.326571
3	Gm03_27962894	27962894	0.161184	0.338127	-0.338127	0.338127
3	Gm03_27962912	27962912	0.164474	0.32252	-0.32252	0.32252
3	Gm03_27962931	27962931	0.164474	0.323161	-0.323161	0.323161
3	Gm03_27962949	27962949	0.207237	0.103022	-0.103022	0.103022
3	Gm03_27962984	27962984	0.174342	0.267937	-0.267937	0.267937
3	Gm03_27965719	27965719	0.197368	0.154441	-0.154441	0.154441
3	Gm03_27965742	27965742	0.161184	0.347963	-0.347963	0.347963
3	Gm03_27965900	27965900	0.161184	0.348646	-0.348646	0.348646
3	Gm03_27969356	27969356	0.457237	0.289194	-0.289194	0.289194
3	Gm03_28016808	28016808	0.328947	0.312053	-0.312053	0.312053
3	Gm03_28164547	28164547	0.417763	0.416086	-0.416086	0.416086
3	Gm03_28164563	28164563	0.417763	0.417084	-0.417084	0.417084
3	Gm03_28213650	28213650	0.424342	0.395861	-0.395861	0.395861
3	Gm03_28257284	28257284	0.335526	0.258945	-0.258945	0.258945
3	Gm03_28257467	28257467	0.368421	0.139656	-0.139656	0.139656
3	Gm03_28257487	28257487	0.335526	0.255265	-0.255265	0.255265
3	Gm03_28257498	28257498	0.368421	0.136312	-0.136312	0.136312
3	Gm03_28257504	28257504	0.368421	0.134312	-0.134312	0.134312
3	Gm03_28257525	28257525	0.335526	0.249211	-0.249211	0.249211
3	Gm03_28261852	28261852	0.358553	0.160305	-0.160305	0.160305
3	Gm03_28298564	28298564	0.319079	0.302696	-0.302696	0.302696
3	Gm03_28298583	28298583	0.174342	0.304896	-0.304896	0.304896
3	Gm03_28301599	28301599	0.417763	0.45304	-0.45304	0.45304
3	Gm03_28314675	28314675	0.361842	0.158211	-0.158211	0.158211
3	Gm03_28365400	28365400	0.203947	0.162789	-0.162789	0.162789
3	Gm03_28379236	28379236	0.434211	0.396109	-0.396109	0.396109
3	Gm03_28379559	28379559	0.157895	0.404894	-0.404894	0.404894
3	Gm03_28379737	28379737	0.368421	0.129468	-0.129468	0.129468
3	Gm03_28379783	28379783	0.424342	0.429668	-0.429668	0.429668
3	Gm03_28433748	28433748	0.430921	0.409296	-0.409296	0.409296
3	Gm03_28433758	28433758	0.430921	0.411159	-0.411159	0.411159
3	Gm03_28434218	28434218	0.207237	0.149764	-0.149764	0.149764
3	Gm03_28447296	28447296	0.470395	0.250145	-0.250145	0.250145
3	Gm03_28447918	28447918	0.470395	0.251893	-0.251893	0.251893
3	Gm03_28454538	28454538	0.5	0.160419	-0.160419	0.160419
3	Gm03_28454730	28454730	0.496711	-0.150956	0.150956	-0.150956
3	Gm03_28478932	28478932	0.486842	-0.12675	0.12675	-0.12675
3	Gm03_28479033	28479033	0.430921	0.390119	-0.390119	0.390119
3	Gm03_28490142	28490142	0.427632	0.406868	-0.406868	0.406868
3	Gm03_28490410	28490410	0.483553	0.224321	-0.224321	0.224321
3	Gm03_28505147	28505147	0.493421	-0.153754	0.153754	-0.153754
3	Gm03_28525650	28525650	0.486842	-0.131982	0.131982	-0.131982
3	Gm03_28525835	28525835	0.434211	0.371344	-0.371344	0.371344
3	Gm03_28535350	28535350	0.430921	0.388043	-0.388043	0.388043
3	Gm03_28594537	28594537	0.453947	0.312129	-0.312129	0.312129
3	Gm03_30994025	30994025	0.0855263	0.322393	-0.322393	0.322393
3	Gm03_31013575	31013575	0.0953947	0.235749	-0.235749	0.235749
3	Gm03_31013711	31013711	0.292763	0.0785783	-0.0785783	0.0785783
3	Gm03_31088043	31088043	0.411184	-0.286536	0.286536	-0.286536
3	Gm03_31088069	31088069	0.111842	0.153718	-0.153718	0.153718
3	Gm03_31090477	31090477	0.401316	-0.255505	0.255505	-0.255505
3	Gm03_31092544	31092544	0.286184	0.122081	-0.122081	0.122081
3	Gm03_31123028	31123028	0.269737	0.187906	-0.187906	0.187906
3	Gm03_31123892	31123892	0.3125	0.0200394	-0.0200394	0.0200394
3	Gm03_31137255	31137255	0.411184	-0.288222	0.288222	-0.288222
3	Gm03_31141760	31141760	0.276316	0.167121	-0.167121	0.167121
3	Gm03_31145833	31145833	0.3125	0.0317653	-0.0317653	0.0317653
3	Gm03_31145863	31145863	0.414474	-0.289713	0.289713	-0.289713
3	Gm03_31145876	31145876	0.3125	0.0302069	-0.0302069	0.0302069
3	Gm03_31147017	31147017	0.309211	0.0451162	-0.0451162	0.0451162
3	Gm03_31148326	31148326	0.319079	0.00764063	-0.00764063	0.00764063
3	Gm03_31148661	31148661	0.302632	0.0640493	-0.0640493	0.0640493
3	Gm03_31158848	31158848	0.3125	0.0379388	-0.0379388	0.0379388
3	Gm03_31173558	31173558	0.276316	0.181209	-0.181209	0.181209
3	Gm03_31179044	31179044	0.273026	0.197462	-0.197462	0.197462
3	Gm03_31203068	31203068	0.414474	-0.275155	0.275155	-0.275155
3	Gm03_31203073	31203073	0.414474	-0.273282	0.273282	-0.273282
3	Gm03_31203100	31203100	0.289474	0.13285	-0.13285	0.13285
3	Gm03_31211891	31211891	0.286184	0.147968	-0.147968	0.147968
3	Gm03_31231336	31231336	0.309211	0.0903734	-0.0903734	0.0903734
3	Gm03_31231558	31231558	0.302632	0.11386	-0.11386	0.11386
3	Gm03_31231770	31231770	0.322368	0.049643	-0.049643	0.049643
3	Gm03_31233111	31233111	0.305921	0.11593	-0.11593	0.11593
3	Gm03_31235195	31235195	0.302632	0.12605	-0.12605	0.12605
3	Gm03_31235405	31235405	0.302632	0.127041	-0.127041	0.127041
3	Gm03_31307813	31307813	0.309211	0.107727	-0.107727	0.107727
3	Gm03_31330571	31330571	0.0953947	0.274188	-0.274188	0.274188
3	Gm03_31330615	31330615	0.3125	0.102728	-0.102728	0.102728
3	Gm03_31350102	31350102	0.299342	0.162521	-0.162521	0.162521
3	Gm03_31350283	31350283	0.407895	-0.196212	0.196212	-0.196212
3	Gm03_31350291	31350291	0.315789	0.0983052	-0.0983052	0.0983052
3	Gm03_31356710	31356710	0.322368	0.0746942	-0.0746942	0.0746942
3	Gm03_31361833	31361833	0.309211	0.127782	-0.127782	0.127782
3	Gm03_31361880	31361880	0.0625	0.152626	-0.152626	0.152626
3	Gm03_31361901	31361901	0.101974	0.201678	-0.201678	0.201678
3	Gm03_31385086	31385086	0.305921	0.14782	-0.14782	0.14782
3	Gm03_31385407	31385407	0.407895	-0.188931	0.188931	-0.188931
3	Gm03_31399584	31399584	0.309211	0.128625	-0.128625	0.128625
3	Gm03_31399791	31399791	0.302632	0.155339	-0.155339	0.155339
3	Gm03_31420570	31420570	0.319079	0.0903012	-0.0903012	0.0903012
3	Gm03_31442313	31442313	0.315789	0.106153	-0.106153	0.106153
3	Gm03_31442562	31442562	0.315789	0.106457	-0.106457	0.106457
3	Gm03_31445718	31445718	0.309211	0.131093	-0.131093	0.131093
3	Gm03_31474364	31474364	0.296053	0.178506	-0.178506	0.178506
3	Gm03_31475671	31475671	0.302632	0.154141	-0.154141	0.154141
3	Gm03_31481294	31481294	0.407895	-0.181883	0.181883	-0.181883
3	Gm03_31489312	31489312	0.407895	-0.181192	0.181192	-0.181192
3	Gm03_31498793	31498793	0.411184	-0.190514	0.190514	-0.190514
3	Gm03_31499210	31499210	0.407895	-0.18183	0.18183	-0.18183
3	Gm03_31505187	31505187	0.305921	0.14614	-0.14614	0.14614
3	Gm03_31505217	31505217	0.299342	0.172719	-0.172719	0.172719
3	Gm03_31505472	31505472	0.309211	0.133003	-0.133003	0.133003
3	Gm03_31513190	31513190	0.407895	-0.180049	0.180049	-0.180049
3	Gm03_31523423	31523423	0.391447	-0.133589	0.133589	-0.133589
3	Gm03_31551452	31551452	0.401316	-0.161008	0.161008	-0.161008
3	Gm03_31551502	31551502	0.401316	-0.160803	0.160803	-0.160803
3	Gm03_31551600	31551600	0.305921	0.141163	-0.141163	0.141163
3	Gm03_31551856	31551856	0.315789	0.113106	-0.113106	0.113106
3	Gm03_31564737	31564737	0.0921053	0.281722	-0.281722	0.281722
3	Gm03_31590351	31590351	0.384868	-0.151194	0.151194	-0.151194
3	Gm03_31590423	31590423	0.0921053	0.291929	-0.291929	0.291929
3	Gm03_31590489	31590489	0.378289	-0.122687	0.122687	-0.122687
3	Gm03_31590661	31590661	0.381579	-0.133856	0.133856	-0.133856
3	Gm03_31590681	31590681	0.384868	-0.14205	0.14205	-0.14205
3	Gm03_31590712	31590712	0.276316	0.226352	-0.226352	0.226352
3	Gm03_31728605	31728605	0.296053	0.178138	-0.178138	0.178138
3	Gm03_31728667	31728667	0.0953947	0.267305	-0.267305	0.267305
3	Gm03_31728802	31728802	0.296053	0.177045	-0.177045	0.177045
3	Gm03_31728840	31728840	0.296053	0.177926	-0.177926	0.177926
3	Gm03_31756354	31756354	0.286184	0.22	-0.22	0.22
3	Gm03_31756526	31756526	0.0888158	0.33103	-0.33103	0.33103
3	Gm03_31756532	31756532	0.384868	-0.0309931	0.0309931	-0.0309931
3	Gm03_31783395	31783395	0.391447	-0.047598	0.047598	-0.047598
3	Gm03_31783794	31783794	0.384868	-0.0211605	0.0211605	-0.0211605
3	Gm03_31789973	31789973	0.378289	0.00139555	-0.00139555	0.00139555
3	Gm03_31790306	31790306	0.378289	0.00241705	-0.00241705	0.00241705
3	Gm03_31791902	31791902	0.378289	0.00353933	-0.00353933	0.00353933
3	Gm03_31846894	31846894	0.450658	-0.115977	0.115977	-0.115977
3	Gm03_31944702	31944702	0.411184	0.232756	-0.232756	0.232756
3	Gm03_31958058	31958058	0.411184	0.229823	-0.229823	0.229823
3	Gm03_31958279	31958279	0.427632	0.173408	-0.173408	0.173408
3	Gm03_31998660	31998660	0.411184	0.229794	-0.229794	0.229794
3	Gm03_32022018	32022018	0.411184	0.228898	-0.228898	0.228898
3	Gm03_32044805	32044805	0.414474	0.213122	-0.213122	0.213122
3	Gm03_32073826	32073826	0.417763	0.20448	-0.20448	0.20448
3	Gm03_32094220	32094220	0.414474	0.216777	-0.216777	0.216777
3	Gm03_32094842	32094842	0.417763	0.200515	-0.200515	0.200515
3	Gm03_32094857	32094857	0.414474	0.211069	-0.211069	0.211069
3	Gm03_32105619	32105619	0.430921	0.153516	-0.153516	0.153516
3	Gm03_32119869	32119869	0.427632	0.160276	-0.160276	0.160276
3	Gm03_32150933	32150933	0.411184	0.216703	-0.216703	0.216703
3	Gm03_32155068	32155068	0.407895	0.227593	-0.227593	0.227593
3	Gm03_32196950	32196950	0.407895	0.226753	-0.226753	0.226753
3	Gm03_32198835	32198835	0.411184	0.213728	-0.213728	0.213728
3	Gm03_32200399	32200399	0.407895	0.224749	-0.224749	0.224749
3	Gm03_32247153	32247153	0.430921	0.145809	-0.145809	0.145809
3	Gm03_32247314	32247314	0.427632	0.152956	-0.152956	0.152956
3	Gm03_32269370	32269370	0.430921	0.142822	-0.142822	0.142822
3	Gm03_32269671	32269671	0.427632	0.150943	-0.150943	0.150943
3	Gm03_32294575	32294575	0.417763	0.18441	-0.18441	0.18441
3	Gm03_32294588	32294588	0.417763	0.183854	-0.183854	0.183854
3	Gm03_32294774	32294774	0.407895	0.214337	-0.214337	0.214337
3	Gm03_32326465	32326465	0.404605	0.227595	-0.227595	0.227595
3	Gm03_32326525	32326525	0.404605	0.227122	-0.227122	0.227122
3	Gm03_32371027	32371027	0.424342	0.155724	-0.155724	0.155724
3	Gm03_32371911	32371911	0.421053	0.168626	-0.168626	0.168626
3	Gm03_32371944	32371944	0.421053	0.168199	-0.168199	0.168199
3	Gm03_32371961	32371961	0.417763	0.179306	-0.179306	0.179306
3	Gm03_32372240	32372240	0.417763	0.17889	-0.17889	0.17889
3	Gm03_32372255	32372255	0.421053	0.167034	-0.167034	0.167034
3	Gm03_32380027	32380027	0.430921	0.13246	-0.13246	0.13246
3	Gm03_32389765	32389765	0.427632	0.143551	-0.143551	0.143551
3	Gm03_32434475	32434475	0.427632	0.144824	-0.144824	0.144824
3	Gm03_32437120	32437120	0.421053	0.165844	-0.165844	0.165844
3	Gm03_32443073	32443073	0.430921	0.130631	-0.130631	0.130631
3	Gm03_32480032	32480032	0.411184	0.196177	-0.196177	0.196177
3	Gm03_32482352	32482352	0.0625	0.351737	-0.351737	0.351737
3	Gm03_32488591	32488591	0.411184	0.161662	-0.161662	0.161662
3	Gm03_32492329	32492329	0.411184	0.160891	-0.160891	0.160891
3	Gm03_32540392	32540392	0.411184	0.160196	-0.160196	0.160196
3	Gm03_32540443	32540443	0.414474	0.149984	-0.149984	0.149984
3	Gm03_32545732	32545732	0.411184	0.157552	-0.157552	0.157552
3	Gm03_32545741	32545741	0.417763	0.133887	-0.133887	0.133887
3	Gm03_32546048	32546048	0.411184	0.155104	-0.155104	0.155104
3	Gm03_32556849	32556849	0.411184	0.154622	-0.154622	0.154622
3	Gm03_32556901	32556901	0.404605	0.174576	-0.174576	0.174576
3	Gm03_32557079	32557079	0.411184	0.154533	-0.154533	0.154533
3	Gm03_32567486	32567486	0.414474	0.142528	-0.142528	0.142528
3	Gm03_32567550	32567550	0.414474	0.141626	-0.141626	0.141626
3	Gm03_32567703	32567703	0.414474	0.141182	-0.141182	0.141182
3	Gm03_32567722	32567722	0.414474	0.140739	-0.140739	0.140739
3	Gm03_32583841	32583841	0.411184	0.153376	-0.153376	0.153376
3	Gm03_32583876	32583876	0.411184	0.152871	-0.152871	0.152871
3	Gm03_32584202	32584202	0.404605	0.175505	-0.175505	0.175505
3	Gm03_32584238	32584238	0.404605	0.174905	-0.174905	0.174905
3	Gm03_32584465	32584465	0.404605	0.17431	-0.17431	0.17431
3	Gm03_32588118	32588118	0.404605	0.173493	-0.173493	0.173493
3	Gm03_32598407	32598407	0.414474	0.137811	-0.137811	0.137811
3	Gm03_32610098	32610098	0.404605	0.168268	-0.168268	0.168268
3	Gm03_36409803	36409803	0.365132	0.0186959	-0.0186959	0.0186959
3	Gm03_36409995	36409995	0.328947	0.138298	-0.138298	0.138298
3	Gm03_36410035	36410035	0.394737	-0.0803397	0.0803397	-0.0803397
3	Gm03_36414446	36414446	0.361842	0.0288944	-0.0288944	0.0288944
3	Gm03_36426033	36426033	0.404605	0.132815	-0.132815	0.132815
3	Gm03_36451718	36451718	0.411184	0.324443	-0.324443	0.324443
3	Gm03_36469063	36469063	0.414474	0.0777537	-0.0777537	0.0777537
3	Gm03_36469336	36469336	0.414474	0.0782937	-0.0782937	0.0782937
3	Gm03_36603803	36603803	0.332237	0.220377	-0.220377	0.220377
3	Gm03_36603835	36603835	0.243421	0.542658	-0.542658	0.542658
3	Gm03_36655715	36655715	0.0723684	0.172837	-0.172837	0.172837
3	Gm03_36657388	36657388	0.0690789	0.207241	-0.207241	0.207241
3	Gm03_36665800	36665800	0.0723684	0.170985	-0.170985	0.170985
3	Gm03_36705560	36705560	0.0723684	0.202453	-0.202453	0.202453
3	Gm03_36705623	36705623	0.0690789	0.242867	-0.242867	0.242867
3	Gm03_36705923	36705923	0.0657895	0.286006	-0.286006	0.286006
3	Gm03_36725022	36725022	0.434211	0.116715	-0.116715	0.116715
3	Gm03_36725164	36725164	0.434211	0.116358	-0.116358	0.116358
3	Gm03_36725191	36725191	0.434211	0.116017	-0.116017	0.116017
3	Gm03_36762935	36762935	0.0690789	0.274791	-0.274791	0.274791
3	Gm03_36763002	36763002	0.0690789	0.274753	-0.274753	0.274753
3	Gm03_36808928	36808928	0.302632	0.395282	-0.395282	0.395282
3	Gm03_36825665	36825665	0.0657895	0.337827	-0.337827	0.337827
3	Gm03_36827453	36827453	0.296053	0.412817	-0.412817	0.412817
3	Gm03_36831144	36831144	0.0855263	0.0409238	-0.0409238	0.0409238
3	Gm03_36836099	36836099	0.0855263	0.0399887	-0.0399887	0.0399887
3	Gm03_36839949	36839949	0.0855263	0.0397118	-0.0397118	0.0397118
3	Gm03_36839959	36839959	0.0822368	0.0725348	-0.0725348	0.0725348
3	Gm03_36879213	36879213	0.0855263	0.0958867	-0.0958867	0.0958867
3	Gm03_36890198	36890198	0.0756579	0.203647	-0.203647	0.203647
3	Gm03_36890545	36890545	0.0756579	0.203546	-0.203546	0.203546
3	Gm03_36896473	36896473	0.0822368	0.128399	-0.128399	0.128399
3	Gm03_36896712	36896712	0.0822368	0.128209	-0.128209	0.128209
3	Gm03_36897225	36897225	0.0789474	0.165443	-0.165443	0.165443
3	Gm03_36898050	36898050	0.0855263	0.0937093	-0.0937093	0.0937093
3	Gm03_36898080	36898080	0.0756579	0.200615	-0.200615	0.200615
3	Gm03_36963919	36963919	0.190789	0.535698	-0.535698	0.535698
3	Gm03_36987002	36987002	0.0625	0.249417	-0.249417	0.249417
