chr	id	pos	gpos	p1	sL1	p2	sL2	xpnsl
3	Gm03_2037253	2037253	2.03725	0.538462	15.4613	0.789474	27.6966	-0.25318
3	Gm03_2037265	2037265	2.03727	0.538462	15.5659	0.789474	27.8664	-0.252905
3	Gm03_2089891	2089891	2.08989	0.538462	15.3515	0.75	26.7367	-0.240958
3	Gm03_2120330	2120330	2.12033	0.415385	15.4545	0.776316	26.2265	-0.229684
3	Gm03_2170161	2170161	2.17016	0.107692	16.1261	0.0526316	26.7917	-0.220472
3	Gm03_2170172	2170172	2.17017	0.107692	16.214	0.0526316	26.9324	-0.220386
3	Gm03_2170187	2170187	2.17019	0.384615	15.6991	0.697368	25.9237	-0.217821
3	Gm03_2174279	2174279	2.17428	0.107692	16.641	0.0921053	27.1967	-0.213339
3	Gm03_2174342	2174342	2.17434	0.292308	15.6021	0.131579	27.2745	-0.242574
3	Gm03_2223619	2223619	2.22362	0.169231	17.1026	0	28.1157	-0.215888
3	Gm03_2241811	2241811	2.24181	0.0923077	17.0946	0.157895	27.049	-0.199292
3	Gm03_2256807	2256807	2.25681	0.492308	16.3053	0.578947	25.9021	-0.201006
3	Gm03_2256846	2256846	2.25685	0.569231	16.7331	0.736842	26.7577	-0.203872
3	Gm03_2279383	2279383	2.27938	0.215385	18.0881	0.157895	26.8442	-0.171458
3	Gm03_2287037	2287037	2.28704	0.230769	18.0671	0.263158	27.1682	-0.177173
3	Gm03_2306160	2306160	2.30616	0.292308	17.5362	0.815789	26.9611	-0.186803
3	Gm03_2306200	2306200	2.3062	0.215385	18.0429	0.197368	29.2475	-0.209783
3	Gm03_2308244	2308244	2.30824	0.2	18.1223	0.197368	29.3135	-0.208854
3	Gm03_2308291	2308291	2.30829	0.384615	17.0329	0.618421	28.7142	-0.226809
3	Gm03_2308307	2308307	2.30831	0.2	17.3297	0.197368	29.1663	-0.22609
3	Gm03_2308427	2308427	2.30843	0.369231	17.7346	0.0657895	29.618	-0.222733
3	Gm03_2308434	2308434	2.30843	0.0461538	19.4101	0.118421	29.5784	-0.182947
3	Gm03_2383288	2383288	2.38329	0.2	18.4235	0.671053	29.6038	-0.205976
3	Gm03_2393002	2393002	2.393	0.0461538	19.2859	0.0921053	30.62	-0.200765
3	Gm03_2393015	2393015	2.39302	0.0461538	19.3934	0.0921053	30.7684	-0.200453
3	Gm03_2393258	2393258	2.39326	0.0461538	19.5008	0.0921053	30.9161	-0.200131
3	Gm03_2396011	2396011	2.39601	0.446154	17.9558	0.223684	30.4949	-0.230023
3	Gm03_2399482	2399482	2.39948	0.476923	18.2408	0.157895	30.72	-0.226377
3	Gm03_2456699	2456699	2.4567	0.184615	22.7712	0.184211	39.8737	-0.243301
3	Gm03_2469885	2469885	2.46989	0.184615	22.8028	0.184211	39.927	-0.243278
3	Gm03_2505268	2505268	2.50527	0.169231	22.856	0.0394737	40.6777	-0.250355
3	Gm03_2505332	2505332	2.50533	0.169231	22.881	0.0394737	40.7237	-0.250373
3	Gm03_9620727	9620727	9.62073	0.153846	33.1293	0.434211	57.0391	-0.23596
3	Gm03_9630203	9630203	9.6302	0.2	33.1931	0.473684	57.159	-0.236037
3	Gm03_9789694	9789694	9.78969	0.276923	32.0024	0.0131579	59.5145	-0.26944
3	Gm03_9789939	9789939	9.78994	0.353846	31.8834	0.0526316	57.6326	-0.257104
3	Gm03_9806295	9806295	9.8063	0.353846	32.0026	0.0526316	57.6573	-0.255669
3	Gm03_9806428	9806428	9.80643	0.276923	32.1786	0.0131579	57.9069	-0.255163
3	Gm03_9824604	9824604	9.8246	0.353846	33.1209	0.0657895	57.7826	-0.241695
3	Gm03_9824682	9824682	9.82468	0.169231	33.2881	0.447368	56.0185	-0.226043
3	Gm03_9825889	9825889	9.82589	0.184615	32.9665	0.434211	56.1136	-0.230996
3	Gm03_9835496	9835496	9.8355	0.138462	34.2303	0.447368	56.1401	-0.214862
3	Gm03_9883450	9883450	9.88345	0.353846	33.3848	0.0526316	56.1824	-0.226051
3	Gm03_9884381	9884381	9.88438	0.138462	34.1466	0.434211	55.9222	-0.214236
3	Gm03_9897091	9897091	9.89709	0.138462	34.144	0.434211	55.8218	-0.21349
3	Gm03_9908815	9908815	9.90882	0.461538	33.4015	0.513158	55.7748	-0.222672
3	Gm03_9913107	9913107	9.91311	0.0461538	33.7899	0.434211	54.8494	-0.210385
3	Gm03_9944773	9944773	9.94477	0.169231	34.4071	0.434211	55.8778	-0.210592
3	Gm03_9997930	9997930	9.99793	0.353846	34.2587	0.0526316	56.7376	-0.219099
3	Gm03_9998227	9998227	9.99823	0.353846	34.3875	0.0921053	56.3222	-0.214278
3	Gm03_9999513	9999513	9.99951	0.476923	34.3528	0.5	55.8901	-0.211374
3	Gm03_10024955	10024955	10.025	0.338462	34.6971	0.0526316	58.1571	-0.224309
3	Gm03_10029385	10029385	10.0294	0.353846	35.5358	0.0526316	58.1718	-0.214046
3	Gm03_10191299	10191299	10.1913	0.353846	35.6836	0.0526316	58.23	-0.212679
3	Gm03_10191360	10191360	10.1914	0.353846	35.7687	0.0526316	58.1826	-0.211289
3	Gm03_10191643	10191643	10.1916	0.338462	35.5072	0.0526316	58.1972	-0.214586
3	Gm03_10202120	10202120	10.2021	0.353846	36.3963	0.0526316	58.2118	-0.203954
3	Gm03_10206280	10206280	10.2063	0.492308	35.89	0.460526	56.0669	-0.193733
3	Gm03_10208499	10208499	10.2085	0.138462	36.4608	0.447368	55.9702	-0.186131
3	Gm03_10208527	10208527	10.2085	0.169231	36.5229	0.447368	56.1729	-0.186962
3	Gm03_10246625	10246625	10.2466	0.353846	36.5104	0.0657895	56.8325	-0.19218
3	Gm03_10246917	10246917	10.2469	0.353846	36.6559	0.0526316	56.9223	-0.191138
3	Gm03_10248900	10248900	10.2489	0.138462	36.9169	0.447368	56.2105	-0.182592
3	Gm03_10248926	10248926	10.2489	0.492308	36.8073	0.460526	56.4288	-0.185567
3	Gm03_10292809	10292809	10.2928	0.276923	36.3916	0.0131579	57.216	-0.196516
3	Gm03_10292873	10292873	10.2929	0.353846	36.6148	0.0526316	57.1487	-0.19335
3	Gm03_10293065	10293065	10.2931	0.507692	36.6096	0.460526	56.435	-0.187953
3	Gm03_10300855	10300855	10.3009	0.353846	36.7727	0.0526316	57.0338	-0.190607
3	Gm03_10309846	10309846	10.3098	0.507692	36.9298	0.513158	56.5193	-0.18482
3	Gm03_10310161	10310161	10.3102	0.323077	35.1795	0.0131579	57.0934	-0.210297
3	Gm03_10349895	10349895	10.3499	0.138462	38.9942	0.447368	56.699	-0.162575
3	Gm03_10350123	10350123	10.3501	0.353846	39.0905	0.0526316	57.5611	-0.168058
3	Gm03_10350135	10350135	10.3501	0.353846	39.2107	0.0526316	57.5271	-0.166468
3	Gm03_10383300	10383300	10.3833	0.184615	39.1773	0.486842	56.6882	-0.160458
3	Gm03_10383309	10383309	10.3833	0.153846	39.4266	0.486842	56.6753	-0.157605
3	Gm03_10387060	10387060	10.3871	0.461538	39.1131	0.460526	56.6097	-0.160568
3	Gm03_10387823	10387823	10.3878	0.138462	43.4103	0.434211	56.8098	-0.11683
3	Gm03_10389635	10389635	10.3896	0.138462	43.5658	0.434211	56.7693	-0.114968
3	Gm03_10392083	10392083	10.3921	0.184615	43.47	0.486842	56.7679	-0.115913
3	Gm03_10394788	10394788	10.3948	0.0307692	42.3478	0.118421	50.5344	-0.0767564
3	Gm03_10395034	10395034	10.395	0.169231	44.6996	0.434211	55.0761	-0.0906601
3	Gm03_10395065	10395065	10.3951	0.2	44.5958	0.526316	55.2059	-0.0926918
3	Gm03_10412364	10412364	10.4124	0.184615	44.7948	0.513158	55.2537	-0.0911341
3	Gm03_10412376	10412376	10.4124	0.246154	44.0753	0.513158	55.1825	-0.097606
3	Gm03_10414198	10414198	10.4142	0.2	44.3582	0.526316	55.2536	-0.0953871
3	Gm03_10429478	10429478	10.4295	0.169231	44.5142	0.486842	55.1714	-0.0932155
3	Gm03_10432094	10432094	10.4321	0.246154	44.6443	0.526316	55.5596	-0.094993
3	Gm03_10433208	10433208	10.4332	0.169231	44.8378	0.486842	55.3897	-0.0917851
3	Gm03_10467477	10467477	10.4675	0.230769	44.8786	0.513158	55.3688	-0.0912254
3	Gm03_10467515	10467515	10.4675	0.169231	45.4532	0.473684	55.2702	-0.0849267
3	Gm03_10467832	10467832	10.4678	0.184615	45.5895	0.513158	55.3361	-0.0841438
3	Gm03_10491808	10491808	10.4918	0.184615	45.7412	0.513158	55.333	-0.0826764
3	Gm03_10496078	10496078	10.4961	0.276923	42.1529	0.0131579	55.7744	-0.121608
3	Gm03_10516464	10516464	10.5165	0.184615	42.3304	0.473684	55.3576	-0.116525
3	Gm03_10526967	10526967	10.527	0.276923	42.3508	0.0131579	55.834	-0.120038
3	Gm03_10533118	10533118	10.5331	0.184615	43.8205	0.486842	55.3265	-0.101255
3	Gm03_10546906	10546906	10.5469	0.0307692	42.5401	0.144737	50.1943	-0.0718562
3	Gm03_10549363	10549363	10.5494	0.230769	44.2552	0.513158	58.2404	-0.11926
3	Gm03_10549414	10549414	10.5494	0.153846	45.0455	0.434211	58.1694	-0.111043
3	Gm03_10552078	10552078	10.5521	0.184615	45.1499	0.486842	58.4618	-0.112215
3	Gm03_10564986	10564986	10.565	0.2	44.4528	0.486842	58.6533	-0.120394
3	Gm03_10564992	10564992	10.565	0.276923	44.4756	0.0131579	59.196	-0.12417
3	Gm03_10565015	10565015	10.565	0.184615	45.999	0.486842	59.0164	-0.108225
3	Gm03_10570029	10570029	10.57	0.169231	46.2571	0.473684	59.1137	-0.10651
3	Gm03_10570046	10570046	10.57	0.169231	46.442	0.473684	59.2909	-0.106077
3	Gm03_10574379	10574379	10.5744	0.153846	46.6095	0.447368	59.2452	-0.104179
3	Gm03_10578229	10578229	10.5782	0.169231	46.7566	0.486842	59.4369	-0.104213
3	Gm03_10595352	10595352	10.5954	0.476923	45.2998	0.460526	59.1618	-0.115944
3	Gm03_10740120	10740120	10.7401	0.246154	45.812	0.513158	59.3762	-0.112633
3	Gm03_10745022	10745022	10.745	0.215385	45.9642	0.5	58.5134	-0.104835
3	Gm03_10753751	10753751	10.7538	0.230769	46.1421	0.434211	59.6484	-0.111502
3	Gm03_10764682	10764682	10.7647	0.276923	45.9435	0.0131579	60.9447	-0.122712
3	Gm03_10780472	10780472	10.7805	0.461538	45.9793	0.473684	60.5299	-0.119408
3	Gm03_10780686	10780686	10.7807	0.230769	47.0838	0.513158	60.7377	-0.110587
3	Gm03_10780693	10780693	10.7807	0.246154	47.2073	0.513158	60.8739	-0.110422
3	Gm03_10799435	10799435	10.7994	0.230769	47.3399	0.513158	61.0102	-0.110175
3	Gm03_10804315	10804315	10.8043	0.230769	47.5424	0.473684	61.049	-0.108597
3	Gm03_10833891	10833891	10.8339	0.276923	46.8896	0.0131579	61.5841	-0.118392
3	Gm03_10834794	10834794	10.8348	0.246154	51.9297	0.486842	61.4479	-0.073091
3	Gm03_10834815	10834815	10.8348	0.246154	52.0659	0.526316	61.5239	-0.0724902
3	Gm03_10835075	10835075	10.8351	0.246154	52.1957	0.486842	61.6591	-0.0723628
3	Gm03_10835114	10835114	10.8351	0.261538	52.2579	0.513158	61.9158	-0.0736497
3	Gm03_10854182	10854182	10.8542	0.246154	52.4907	0.486842	62.2198	-0.073846
3	Gm03_10855333	10855333	10.8553	0.246154	52.6889	0.513158	62.6872	-0.0754599
3	Gm03_10855584	10855584	10.8556	0.261538	52.7194	0.526316	62.829	-0.07619
3	Gm03_10856244	10856244	10.8562	0.230769	52.8783	0.526316	62.8036	-0.074707
3	Gm03_10856499	10856499	10.8565	0.215385	52.9099	0.513158	62.9756	-0.0756348
3	Gm03_10867410	10867410	10.8674	0.246154	52.8671	0.473684	61.8943	-0.0684653
3	Gm03_10871472	10871472	10.8715	0.2	52.8286	0.513158	63.0321	-0.0766926
3	Gm03_10871696	10871696	10.8717	0.138462	52.651	0.434211	62.343	-0.0733808
3	Gm03_10899106	10899106	10.8991	0.246154	52.7568	0.513158	62.7186	-0.0751177
3	Gm03_10899149	10899149	10.8991	0.246154	52.8041	0.513158	62.8451	-0.0756043
3	Gm03_10903753	10903753	10.9038	0.215385	52.836	0.486842	62.9391	-0.075991
3	Gm03_10903781	10903781	10.9038	0.246154	52.8557	0.486842	63.0228	-0.0764052
3	Gm03_10911738	10911738	10.9117	0.261538	52.8031	0.526316	63.2723	-0.0785547
3	Gm03_10911761	10911761	10.9118	0.230769	52.7663	0.447368	63.075	-0.0775002
3	Gm03_16412189	16412189	16.4122	0.323077	41.5798	0.157895	47.5526	-0.0582914
3	Gm03_16412223	16412223	16.4122	0.153846	44.0739	0.368421	49.9677	-0.0545076
3	Gm03_16413650	16413650	16.4137	0.153846	44.1713	0.368421	50.042	-0.0541945
3	Gm03_16442179	16442179	16.4422	0.138462	44.2526	0.355263	50.0069	-0.0530914
3	Gm03_16444941	16444941	16.4449	0.138462	44.3629	0.368421	50.0951	-0.0527759
3	Gm03_16446808	16446808	16.4468	0.153846	44.4178	0.355263	50.1934	-0.0530894
3	Gm03_16446855	16446855	16.4469	0.153846	44.5128	0.355263	50.2677	-0.0528041
3	Gm03_16447598	16447598	16.4476	0.138462	44.6179	0.368421	50.2969	-0.0520325
3	Gm03_16447620	16447620	16.4476	0.384615	39.2469	0.0526316	49.9601	-0.104817
3	Gm03_16447627	16447627	16.4476	0.138462	41.1859	0.368421	49.8958	-0.0833155
3	Gm03_16447860	16447860	16.4479	0.153846	41.2767	0.355263	50.0541	-0.0837351
3	Gm03_16447898	16447898	16.4479	0.323077	40.1792	0.131579	49.1738	-0.0877327
3	Gm03_16448334	16448334	16.4483	0.153846	43.1742	0.355263	54.1001	-0.0979737
3	Gm03_16464933	16464933	16.4649	0.138462	43.3602	0.355263	54.1636	-0.0966167
3	Gm03_16513999	16513999	16.514	0.138462	43.4761	0.355263	54.2382	-0.0960548
3	Gm03_16514352	16514352	16.5144	0.138462	43.592	0.355263	54.3128	-0.0954953
3	Gm03_16515293	16515293	16.5153	0.138462	43.7079	0.355263	54.3874	-0.0949379
3	Gm03_16534571	16534571	16.5346	0.138462	43.8239	0.355263	54.462	-0.0943828
3	Gm03_16536382	16536382	16.5364	0.384615	41.792	0.578947	53.9961	-0.111269
3	Gm03_16559192	16559192	16.5592	0.153846	43.8834	0.355263	54.5634	-0.0946007
3	Gm03_16559547	16559547	16.5595	0.138462	44.1318	0.342105	54.0756	-0.0882492
3	Gm03_16559810	16559810	16.5598	0.138462	44.2102	0.355263	54.8827	-0.0939134
3	Gm03_16560280	16560280	16.5603	0.123077	44.4831	0.342105	54.5415	-0.088532
3	Gm03_16560311	16560311	16.5603	0.123077	44.5991	0.355263	55.4301	-0.0944202
3	Gm03_16560653	16560653	16.5607	0.123077	44.715	0.355263	55.5183	-0.0939833
3	Gm03_16563975	16563975	16.564	0.384615	42.7157	0.578947	55.2046	-0.111388
3	Gm03_16599549	16599549	16.5995	0.153846	43.9588	0.368421	55.6143	-0.102141
3	Gm03_16599581	16599581	16.5996	0.338462	41.0595	0.0131579	56.1607	-0.136019
3	Gm03_16602118	16602118	16.6021	0.123077	45.8078	0.355263	55.9749	-0.0870539
3	Gm03_16602157	16602157	16.6022	0.123077	45.9652	0.355263	56.0641	-0.0862557
3	Gm03_16622250	16622250	16.6223	0.138462	45.2325	0.355263	56.1258	-0.0937124
3	Gm03_16622272	16622272	16.6223	0.138462	45.436	0.355263	56.3043	-0.0931418
3	Gm03_16623325	16623325	16.6233	0.138462	46.5971	0.368421	56.3554	-0.0825763
3	Gm03_16623591	16623591	16.6236	0.138462	46.7632	0.368421	56.439	-0.0816749
3	Gm03_16623643	16623643	16.6236	0.384615	44.7188	0.0657895	55.4642	-0.0935225
3	Gm03_16632811	16632811	16.6328	0.153846	44.9989	0.368421	55.9148	-0.0943249
3	Gm03_16633115	16633115	16.6331	0.384615	44.9143	0.0526316	56.2751	-0.0979317
3	Gm03_16667335	16667335	16.6673	0.153846	46.0715	0.355263	56.1148	-0.0856448
3	Gm03_16710604	16710604	16.7106	0.153846	46.2256	0.368421	56.209	-0.0849234
3	Gm03_16710634	16710634	16.7106	0.153846	46.3797	0.368421	56.2941	-0.0841347
3	Gm03_16742262	16742262	16.7423	0.369231	45.1936	0.578947	56.2839	-0.095308
3	Gm03_16742564	16742564	16.7426	0.153846	46.441	0.368421	56.5519	-0.0855456
3	Gm03_16772652	16772652	16.7727	0.153846	46.5861	0.355263	56.6158	-0.0846817
3	Gm03_16823017	16823017	16.823	0.153846	46.7311	0.368421	56.6956	-0.0839434
3	Gm03_16876823	16876823	16.8768	0.123077	46.8478	0.355263	56.7885	-0.0835713
3	Gm03_16880027	16880027	16.88	0.153846	47.0231	0.368421	56.8715	-0.0825829
3	Gm03_16886336	16886336	16.8863	0.369231	46.1547	0.552632	55.1383	-0.0772382
3	Gm03_16890200	16890200	16.8902	0.384615	45.8398	0.0526316	55.6064	-0.0838821
3	Gm03_16890208	16890208	16.8902	0.369231	46.384	0.552632	55.3175	-0.0764945
3	Gm03_16902373	16902373	16.9024	0.153846	47.5289	0.355263	56.7813	-0.0772475
3	Gm03_16907451	16907451	16.9075	0.138462	47.7179	0.368421	56.8814	-0.0762889
3	Gm03_16907707	16907707	16.9077	0.138462	47.9095	0.368421	57.0463	-0.0758065
3	Gm03_16960505	16960505	16.9605	0.153846	48.0245	0.368421	57.1122	-0.0752657
3	Gm03_16963699	16963699	16.9637	0.369231	47.1058	0.578947	57.0071	-0.0828539
3	Gm03_16966771	16966771	16.9668	0.153846	48.2321	0.355263	56.9666	-0.0722837
3	Gm03_16966831	16966831	16.9668	0.384615	48.0801	0.0526316	58.2845	-0.0835883
3	Gm03_16967031	16967031	16.967	0.384615	48.2127	0.0526316	58.3504	-0.0828827
3	Gm03_16970315	16970315	16.9703	0.384615	48.3451	0.0526316	58.4163	-0.0821819
3	Gm03_16974120	16974120	16.9741	0.123077	49.2128	0.368421	57.4421	-0.0671521
3	Gm03_16978397	16978397	16.9784	0.153846	49.2404	0.368421	57.4836	-0.0672228
3	Gm03_16978641	16978641	16.9786	0.153846	49.3725	0.355263	56.787	-0.0607635
3	Gm03_16979934	16979934	16.9799	0.384615	48.7346	0.0526316	58.0259	-0.0757845
3	Gm03_17000609	17000609	17.0006	0.0461538	48.4546	0.407895	52.641	-0.0359892
3	Gm03_17001254	17001254	17.0013	0.138462	51.1772	0.355263	64.0877	-0.0976979
3	Gm03_17026141	17026141	17.0261	0.123077	51.3587	0.368421	64.3146	-0.0976949
3	Gm03_17046622	17046622	17.0466	0.384615	50.619	0.0526316	64.6596	-0.106319
3	Gm03_17060052	17060052	17.0601	0.153846	54.4255	0.368421	64.5888	-0.0743551
3	Gm03_17060059	17060059	17.0601	0.153846	54.5743	0.368421	64.6965	-0.0738927
3	Gm03_17061568	17061568	17.0616	0.153846	54.5638	0.368421	64.5987	-0.0733193
3	Gm03_17061816	17061816	17.0618	0.153846	54.6291	0.368421	64.5987	-0.0727998
3	Gm03_17061848	17061848	17.0618	0.369231	52.7908	0.578947	64.3864	-0.0862355
3	Gm03_17063758	17063758	17.0638	0.384615	52.9616	0.578947	64.4941	-0.0855586
3	Gm03_17071932	17071932	17.0719	0.138462	55.698	0.368421	65.0579	-0.0674604
3	Gm03_17071939	17071939	17.0719	0.138462	55.7819	0.368421	65.1656	-0.0675246
3	Gm03_17072714	17072714	17.0727	0.123077	55.885	0.368421	65.2733	-0.0674399
3	Gm03_17073801	17073801	17.0738	0.123077	55.969	0.355263	65.3288	-0.0671572
3	Gm03_17075876	17075876	17.0759	0.138462	56.0373	0.355263	65.4805	-0.067635
3	Gm03_17079615	17079615	17.0796	0.123077	56.1441	0.355263	65.5882	-0.0675214
3	Gm03_17091161	17091161	17.0912	0.138462	56.1912	0.368421	65.6493	-0.0675623
3	Gm03_17152683	17152683	17.1527	0.138462	56.3628	0.355263	65.8933	-0.0678484
3	Gm03_17159588	17159588	17.1596	0.384615	53.8102	0.578947	65.5555	-0.0857441
3	Gm03_17184716	17184716	17.1847	0.138462	59.2225	0.355263	66.5132	-0.0504213
3	Gm03_17202575	17202575	17.2026	0.138462	59.1428	0.368421	66.4442	-0.0505553
3	Gm03_17210300	17210300	17.2103	0.138462	59.2033	0.368421	65.5601	-0.0442938
3	Gm03_17210503	17210503	17.2105	0.138462	59.2275	0.355263	66.9426	-0.0531794
3	Gm03_17215764	17215764	17.2158	0.123077	59.2972	0.355263	67.0686	-0.0534855
3	Gm03_17229505	17229505	17.2295	0.138462	59.2991	0.368421	67.115	-0.0537716
3	Gm03_17231262	17231262	17.2313	0.138462	59.2981	0.355263	67.2352	-0.054556
3	Gm03_17231280	17231280	17.2313	0.138462	59.4437	0.355263	67.4696	-0.0550026
3	Gm03_17231401	17231401	17.2314	0.138462	59.4427	0.355263	67.5491	-0.0555209
3	Gm03_17231692	17231692	17.2317	0.138462	59.1559	0.368421	67.4599	-0.057048
3	Gm03_17231791	17231791	17.2318	0.138462	59.1358	0.368421	67.5331	-0.0576661
3	Gm03_17247485	17247485	17.2475	0.123077	59.152	0.368421	66.5404	-0.0511157
3	Gm03_17256544	17256544	17.2565	0.123077	59.132	0.368421	67.904	-0.0600731
3	Gm03_17327384	17327384	17.3274	0.138462	59.0732	0.355263	68.014	-0.0612079
3	Gm03_17327403	17327403	17.3274	0.138462	59.0507	0.355263	68.1025	-0.0619377
3	Gm03_17339425	17339425	17.3394	0.123077	59.0602	0.368421	68.2012	-0.0624971
3	Gm03_17356901	17356901	17.3569	0.384615	53.6954	0.578947	67.4182	-0.0988396
3	Gm03_17367787	17367787	17.3678	0.153846	55.5762	0.368421	67.8251	-0.0865017
3	Gm03_17367802	17367802	17.3678	0.153846	55.5518	0.368421	67.9091	-0.0872294
3	Gm03_17367972	17367972	17.368	0.153846	55.5317	0.355263	67.9448	-0.0876155
3	Gm03_17372575	17372575	17.3726	0.123077	55.6198	0.368421	68.0042	-0.0873067
3	Gm03_17376160	17376160	17.3762	0.123077	55.5711	0.381579	67.2099	-0.0825845
3	Gm03_17399184	17399184	17.3992	0.138462	55.6003	0.368421	68.5713	-0.0910647
3	Gm03_17404156	17404156	17.4042	0.4	51.5346	0.0526316	68.6385	-0.124469
3	Gm03_17404338	17404338	17.4043	0.384615	51.8642	0.578947	68.245	-0.119204
3	Gm03_17404472	17404472	17.4045	0.153846	55.6916	0.355263	68.6771	-0.0910226
3	Gm03_17428212	17428212	17.4282	0.153846	55.6463	0.355263	68.6681	-0.0913188
3	Gm03_17441640	17441640	17.4416	0.153846	55.601	0.355263	68.659	-0.0916154
3	Gm03_17484843	17484843	17.4848	0.138462	55.6419	0.355263	68.65	-0.0912382
3	Gm03_17492937	17492937	17.4929	0.138462	55.5966	0.355263	68.6409	-0.0915348
3	Gm03_17507281	17507281	17.5073	0.138462	55.5513	0.368421	68.577	-0.0914846
3	Gm03_17507615	17507615	17.5076	0.138462	55.506	0.368421	68.568	-0.0917817
3	Gm03_17528537	17528537	17.5285	0.153846	55.3937	0.355263	68.6041	-0.0928893
3	Gm03_17528783	17528783	17.5288	0.153846	55.4841	0.355263	68.7445	-0.0930692
3	Gm03_17530118	17530118	17.5301	0.384615	52.1101	0.0526316	68.6494	-0.119715
3	Gm03_17535371	17535371	17.5354	0.153846	58.5676	0.355263	69.1584	-0.0721879
3	Gm03_17535650	17535650	17.5357	0.153846	58.5222	0.368421	69.101	-0.0721632
3	Gm03_17536644	17536644	17.5366	0.153846	58.4769	0.342105	68.3254	-0.0675975
3	Gm03_17536689	17536689	17.5367	0.153846	58.4598	0.342105	68.3544	-0.0679092
3	Gm03_17539797	17539797	17.5398	0.123077	58.6016	0.368421	69.1658	-0.0719815
3	Gm03_17563721	17563721	17.5637	0.138462	58.532	0.368421	69.1684	-0.0725145
3	Gm03_17563775	17563775	17.5638	0.123077	58.5099	0.368421	69.167	-0.0726698
3	Gm03_17564008	17564008	17.564	0.138462	58.4416	0.368421	69.1614	-0.0731414
3	Gm03_17564584	17564584	17.5646	0.123077	58.5628	0.368421	69.1516	-0.0721806
3	Gm03_17564826	17564826	17.5648	0.123077	58.5175	0.368421	69.1419	-0.0724556
3	Gm03_17565842	17565842	17.5658	0.123077	58.5725	0.368421	69.2463	-0.0727029
3	Gm03_17565886	17565886	17.5659	0.123077	58.5271	0.368421	69.2365	-0.0729778
3	Gm03_17579787	17579787	17.5798	0.123077	58.4668	0.368421	69.2262	-0.0733613
3	Gm03_17579805	17579805	17.5798	0.123077	58.3914	0.368421	69.2154	-0.0738538
3	Gm03_17629812	17629812	17.6298	0.153846	56.8146	0.368421	69.1225	-0.0851595
3	Gm03_17630107	17630107	17.6301	0.169231	56.6001	0.368421	69.1117	-0.0867342
3	Gm03_17630666	17630666	17.6307	0.138462	57.4934	0.355263	69.0137	-0.0793169
3	Gm03_17630695	17630695	17.6307	0.369231	51.4025	0.526316	64.1552	-0.0962472
3	Gm03_17634795	17634795	17.6348	0.153846	56.2478	0.368421	68.0925	-0.0829937
3	Gm03_17644864	17644864	17.6449	0.123077	56.5374	0.355263	68.3362	-0.0823148
3	Gm03_17645116	17645116	17.6451	0.138462	55.3307	0.355263	68.3519	-0.0917844
3	Gm03_17649176	17649176	17.6492	0.123077	56.4963	0.355263	68.4708	-0.0834851
3	Gm03_17668450	17668450	17.6684	0.123077	56.5791	0.355263	68.6201	-0.0837959
3	Gm03_17668861	17668861	17.6689	0.138462	56.4245	0.355263	68.6358	-0.0850832
3	Gm03_17671341	17671341	17.6713	0.123077	56.5401	0.355263	68.7429	-0.084871
3	Gm03_17671569	17671569	17.6716	0.138462	55.4294	0.355263	68.7586	-0.0935868
3	Gm03_17671641	17671641	17.6716	0.138462	55.4025	0.355263	68.7708	-0.0938746
3	Gm03_17672811	17672811	17.6728	0.138462	56.452	0.355263	68.9363	-0.0867684
3	Gm03_17672834	17672834	17.6728	0.138462	56.5645	0.355263	69.1081	-0.086985
3	Gm03_17687104	17687104	17.6871	0.123077	56.5412	0.355263	69.1238	-0.087263
3	Gm03_17703631	17703631	17.7036	0.153846	56.2068	0.355263	69.1395	-0.0899378
3	Gm03_17704004	17704004	17.704	0.384615	50.6488	0.0526316	68.7154	-0.132485
3	Gm03_17723941	17723941	17.7239	0.153846	51.1618	0.315789	66.358	-0.112948
3	Gm03_17724198	17724198	17.7242	0.123077	52.292	0.355263	68.6158	-0.117989
3	Gm03_17724271	17724271	17.7243	0.138462	52.1432	0.368421	68.3639	-0.11763
3	Gm03_17724304	17724304	17.7243	0.123077	52.1427	0.355263	68.4302	-0.118054
3	Gm03_17724474	17724474	17.7245	0.138462	52.2415	0.368421	68.6304	-0.1185
3	Gm03_17724490	17724490	17.7245	0.384615	50.5061	0.0526316	68.7185	-0.13373
3	Gm03_17790253	17790253	17.7903	0.123077	52.36	0.355263	68.7224	-0.118099
3	Gm03_17792736	17792736	17.7927	0.138462	52.2637	0.355263	68.7813	-0.11927
3	Gm03_17796965	17796965	17.797	0.153846	52.192	0.355263	68.8402	-0.120239
3	Gm03_17798488	17798488	17.7985	0.138462	52.2349	0.355263	68.8991	-0.120253
3	Gm03_17815387	17815387	17.8154	0.384615	49.7985	0.578947	68.7339	-0.139954
3	Gm03_17815403	17815403	17.8154	0.123077	52.1747	0.368421	69.1645	-0.122423
3	Gm03_17815631	17815631	17.8156	0.123077	52.1514	0.368421	69.2234	-0.122987
3	Gm03_17818015	17818015	17.818	0.138462	52.0598	0.355263	69.267	-0.124024
3	Gm03_17818297	17818297	17.8183	0.138462	52.0439	0.368421	69.3363	-0.124591
3	Gm03_17818546	17818546	17.8185	0.138462	52.0069	0.368421	69.34	-0.124922
3	Gm03_17818607	17818607	17.8186	0.138462	52.0068	0.368421	69.3613	-0.125057
3	Gm03_17845049	17845049	17.845	0.123077	52.0041	0.355263	69.3152	-0.124791
3	Gm03_17845221	17845221	17.8452	0.4	49.5767	0.565789	68.3897	-0.139713
3	Gm03_17845228	17845228	17.8452	0.384615	48.936	0.0526316	68.8878	-0.148514
3	Gm03_17897956	17897956	17.898	0.138462	51.3315	0.355263	68.7754	-0.127049
3	Gm03_17927593	17927593	17.9276	0.123077	51.2939	0.355263	68.7329	-0.127099
3	Gm03_17964718	17964718	17.9647	0.153846	51.2204	0.368421	68.6956	-0.127486
3	Gm03_17964756	17964756	17.9648	0.153846	51.1698	0.368421	68.6531	-0.127646
3	Gm03_17964792	17964792	17.9648	0.153846	51.1192	0.368421	68.6106	-0.127807
3	Gm03_17968049	17968049	17.968	0.384615	49.9458	0.578947	68.3716	-0.136377
3	Gm03_17968088	17968088	17.9681	0.138462	54.3778	0.355263	69.1516	-0.104381
3	Gm03_17968105	17968105	17.9681	0.138462	54.3272	0.355263	69.1091	-0.104518
3	Gm03_17991646	17991646	17.9916	0.138462	54.2766	0.355263	69.0666	-0.104655
3	Gm03_17992507	17992507	17.9925	0.138462	54.2261	0.368421	68.9938	-0.104602
3	Gm03_17992732	17992732	17.9927	0.138462	54.1755	0.368421	68.9513	-0.10474
3	Gm03_18010111	18010111	18.0101	0.138462	54.2982	0.355263	69.1302	-0.104882
3	Gm03_18027158	18027158	18.0272	0.138462	54.2476	0.368421	69.088	-0.105022
3	Gm03_18027171	18027171	18.0272	0.138462	54.2495	0.368421	69.113	-0.105164
3	Gm03_18061551	18061551	18.0616	0.123077	54.135	0.342105	68.115	-0.0997641
3	Gm03_18092645	18092645	18.0926	0.123077	54.0616	0.355263	68.947	-0.105627
3	Gm03_18112914	18112914	18.1129	0.123077	53.9881	0.368421	68.8971	-0.105903
3	Gm03_18112935	18112935	18.1129	0.123077	53.9146	0.355263	68.9344	-0.106729
3	Gm03_18113092	18113092	18.1131	0.338462	47.2311	0.0526316	66.756	-0.150262
3	Gm03_18113132	18113132	18.1131	0.123077	49.8139	0.355263	66.6098	-0.126187
3	Gm03_18127784	18127784	18.1278	0.138462	49.6905	0.355263	66.5826	-0.127087
3	Gm03_18127822	18127822	18.1278	0.138462	49.6557	0.355263	66.5554	-0.127214
3	Gm03_18162708	18162708	18.1627	0.338462	45.6755	0.552632	65.7703	-0.158347
3	Gm03_18169246	18169246	18.1692	0.123077	49.5754	0.381579	67.5502	-0.13436
3	Gm03_18171607	18171607	18.1716	0.123077	49.5673	0.355263	68.7538	-0.142101
3	Gm03_18174404	18174404	18.1744	0.138462	49.5121	0.355263	68.7329	-0.142453
3	Gm03_18174533	18174533	18.1745	0.138462	49.6541	0.355263	68.9366	-0.142495
3	Gm03_18174549	18174549	18.1745	0.138462	49.6459	0.355263	68.9044	-0.142363
3	Gm03_18174566	18174566	18.1746	0.138462	49.6378	0.355263	68.8671	-0.142199
3	Gm03_18184967	18184967	18.185	0.507692	46.9005	0.631579	68.7104	-0.165845
3	Gm03_18194057	18194057	18.1941	0.138462	49.6252	0.368421	68.8317	-0.142086
3	Gm03_18196903	18196903	18.1969	0.123077	49.7004	0.355263	68.8092	-0.141287
3	Gm03_18223898	18223898	18.2239	0.138462	49.711	0.355263	68.7402	-0.140759
3	Gm03_18240845	18240845	18.2408	0.523077	46.1759	0.513158	59.4642	-0.10984
3	Gm03_18240861	18240861	18.2409	0.523077	46.1745	0.5	59.4592	-0.109817
3	Gm03_18247896	18247896	18.2479	0.523077	46.0615	0.5	59.3125	-0.109808
3	Gm03_18248349	18248349	18.2483	0.507692	45.8152	0.513158	59.2195	-0.111456
3	Gm03_18248369	18248369	18.2484	0.507692	45.8138	0.513158	59.2154	-0.111438
3	Gm03_18273310	18273310	18.2733	0.323077	45.795	0.131579	59.1277	-0.110973
3	Gm03_18273366	18273366	18.2734	0.523077	46.5414	0.5	59.641	-0.107706
3	Gm03_18273528	18273528	18.2735	0.523077	46.5361	0.5	59.6369	-0.107725
3	Gm03_18273541	18273541	18.2735	0.523077	46.6258	0.5	59.7633	-0.107809
3	Gm03_18277587	18277587	18.2776	0.523077	46.6167	0.5	59.7546	-0.10783
3	Gm03_18277972	18277972	18.278	0.523077	46.6076	0.486842	59.4764	-0.105887
3	Gm03_18277988	18277988	18.278	0.523077	46.5986	0.513158	59.633	-0.107114
3	Gm03_18278722	18278722	18.2787	0.523077	46.5976	0.513158	59.6305	-0.107105
3	Gm03_18278778	18278778	18.2788	0.523077	46.5885	0.5	59.6195	-0.107109
3	Gm03_18278902	18278902	18.2789	0.523077	46.4785	0.5	59.4716	-0.107057
3	Gm03_18323369	18323369	18.3234	0.323077	45.713	0.131579	58.9185	-0.110213
3	Gm03_18323408	18323408	18.3234	0.523077	45.6865	0.513158	58.7091	-0.108917
3	Gm03_18323570	18323570	18.3236	0.323077	45.7394	0.131579	59.0627	-0.111022
3	Gm03_18323635	18323635	18.3236	0.523077	45.7574	0.5	58.799	-0.108909
3	Gm03_18323644	18323644	18.3236	0.353846	43.4612	0.0131579	58.998	-0.132735
3	Gm03_18323772	18323772	18.3238	0.523077	46.2909	0.5	58.7789	-0.103725
3	Gm03_18323799	18323799	18.3238	0.323077	46.1524	0.131579	58.8221	-0.105347
3	Gm03_18325337	18325337	18.3253	0.138462	46.3886	0.368421	58.5417	-0.101054
3	Gm03_18325539	18325539	18.3255	0.338462	46.1534	0.131579	58.7369	-0.104707
3	Gm03_18325772	18325772	18.3258	0.123077	46.3434	0.368421	58.4264	-0.100621
3	Gm03_18325780	18325780	18.3258	0.523077	46.2664	0.5	58.6278	-0.102838
3	Gm03_18325840	18325840	18.3258	0.523077	46.242	0.5	58.5846	-0.102746
3	Gm03_18329792	18329792	18.3298	0.523077	46.2177	0.5	58.5414	-0.102654
3	Gm03_18329826	18329826	18.3298	0.523077	46.1934	0.5	58.4981	-0.102562
3	Gm03_18359761	18359761	18.3598	0.123077	46.2539	0.355263	58.2747	-0.100331
3	Gm03_18374571	18374571	18.3746	0.523077	46.0062	0.5	57.9802	-0.100463
3	Gm03_18379652	18379652	18.3797	0.123077	46.2631	0.368421	58.2706	-0.100214
3	Gm03_18380042	18380042	18.38	0.538462	45.7183	0.5	58.1818	-0.104697
3	Gm03_18380081	18380081	18.3801	0.538462	45.6892	0.5	58.132	-0.104601
3	Gm03_18380347	18380347	18.3803	0.123077	46.4498	0.368421	58.1944	-0.0978976
3	Gm03_18380362	18380362	18.3804	0.107692	46.4378	0.368421	58.1379	-0.0975875
3	Gm03_18380405	18380405	18.3804	0.123077	46.297	0.368421	57.9688	-0.0976416
3	Gm03_18380664	18380664	18.3807	0.338462	45.6014	0.131579	57.9788	-0.104291
3	Gm03_18395187	18395187	18.3952	0.138462	46.2439	0.355263	57.9671	-0.098127
3	Gm03_18413900	18413900	18.4139	0.184615	44.9002	0.394737	56.2473	-0.0978533
3	Gm03_18414091	18414091	18.4141	0.123077	45.2933	0.355263	56.2048	-0.0937393
3	Gm03_18443872	18443872	18.4439	0.476923	43.8957	0.0526316	56.683	-0.11103
3	Gm03_18443936	18443936	18.4439	0.523077	43.7739	0.513158	55.9887	-0.106885
3	Gm03_18444007	18444007	18.444	0.415385	42.8342	0.0131579	56.5516	-0.120655
3	Gm03_18444034	18444034	18.444	0.0461538	44.1015	0.460526	55.9523	-0.103365
3	Gm03_18444273	18444273	18.4443	0.430769	43.6039	0.0131579	56.396	-0.111723
3	Gm03_18444317	18444317	18.4443	0.0461538	46.5711	0.447368	55.7665	-0.0782569
3	Gm03_18457374	18457374	18.4574	0.338462	45.2197	0.131579	55.6357	-0.0900265
3	Gm03_18457427	18457427	18.4574	0.123077	46.7561	0.355263	55.3494	-0.0732745
3	Gm03_18486126	18486126	18.4861	0.123077	46.6784	0.355263	55.2689	-0.0733651
3	Gm03_18495508	18495508	18.4955	0.138462	46.4746	0.368421	55.2008	-0.0747294
3	Gm03_18495718	18495718	18.4957	0.0461538	46.8229	0.447368	54.9572	-0.0695661
3	Gm03_18495776	18495776	18.4958	0.4	43.8654	0.0526316	55.1879	-0.0997215
3	Gm03_18495805	18495805	18.4958	0.0461538	44.6697	0.407895	53.4313	-0.0777826
3	Gm03_18496100	18496100	18.4961	0.353846	43.8989	0.131579	54.2117	-0.0916387
3	Gm03_18496142	18496142	18.4961	0.353846	43.8212	0.131579	54.1312	-0.0917632
3	Gm03_18496147	18496147	18.4961	0.123077	43.9419	0.355263	53.8122	-0.0880024
3	Gm03_18496153	18496153	18.4962	0.4	43.5321	0.0526316	54.4128	-0.0968914
3	Gm03_18496208	18496208	18.4962	0.4	43.4543	0.0526316	54.3323	-0.0970247
3	Gm03_18496475	18496475	18.4965	0.4	43.139	0.592105	53.4424	-0.0930159
3	Gm03_18496489	18496489	18.4965	0.4	43.4562	0.0526316	53.9454	-0.093902
3	Gm03_18502729	18502729	18.5027	0.0461538	44.9689	0.447368	52.9998	-0.0713611
3	Gm03_18513109	18513109	18.5131	0.0461538	44.8912	0.460526	52.89	-0.0712121
3	Gm03_18532286	18532286	18.5323	0.123077	44.4805	0.368421	52.9534	-0.0757246
3	Gm03_18538157	18538157	18.5382	0.123077	44.4529	0.368421	52.9431	-0.075909
3	Gm03_18538177	18538177	18.5382	0.353846	43.0237	0.144737	52.793	-0.0888682
3	Gm03_18538346	18538346	18.5383	0.123077	43.7011	0.368421	52.5314	-0.0799263
3	Gm03_18538414	18538414	18.5384	0.0461538	44.0869	0.407895	52.4896	-0.0757635
3	Gm03_18538678	18538678	18.5387	0.4	43.0754	0.0526316	53.3373	-0.0928025
3	Gm03_18546281	18546281	18.5463	0.4	43.0927	0.0526316	53.3858	-0.0930217
3	Gm03_18546982	18546982	18.547	0.0461538	47.843	0.447368	52.5179	-0.0404883
3	Gm03_18563947	18563947	18.5639	0.369231	46.7546	0.539474	53.8441	-0.0613135
3	Gm03_18564004	18564004	18.564	0.384615	46.6358	0.552632	53.7646	-0.0617768
3	Gm03_18565541	18565541	18.5655	0.384615	46.5609	0.578947	53.8354	-0.063046
3	Gm03_18565815	18565815	18.5658	0.384615	46.4989	0.592105	53.7761	-0.0631465
3	Gm03_18566193	18566193	18.5662	0.138462	46.3119	0.355263	53.6205	-0.0636386
3	Gm03_18572516	18572516	18.5725	0.384615	46.4052	0.578947	53.6688	-0.0631551
3	Gm03_18572552	18572552	18.5726	0.384615	46.265	0.578947	53.4761	-0.0629069
3	Gm03_18574859	18574859	18.5749	0.384615	46.1135	0.578947	53.267	-0.0626297
3	Gm03_18575877	18575877	18.5759	0.384615	46.0515	0.539474	53.032	-0.0612939
3	Gm03_18576528	18576528	18.5765	0.492308	45.688	0.0526316	53.4177	-0.0678826
3	Gm03_18639318	18639318	18.6393	0.0923077	59.8913	0.421053	52.8485	0.0543312
3	Gm03_18644161	18644161	18.6442	0.0923077	60.0072	0.421053	52.8759	0.0549455
3	Gm03_18649482	18649482	18.6495	0.769231	59.6459	0.210526	52.8018	0.0529323
3	Gm03_18650838	18650838	18.6508	0.123077	59.9504	0.355263	52.5348	0.0573454
3	Gm03_18651035	18651035	18.651	0.0461538	60.2749	0.434211	52.5707	0.0593927
3	Gm03_18651051	18651051	18.6511	0.0923077	60.1835	0.434211	52.4895	0.0594053
3	Gm03_18651098	18651098	18.6511	0.753846	59.5954	0.210526	52.4177	0.0557353
3	Gm03_18651297	18651297	18.6513	0.123077	60.5137	0.355263	52.2415	0.063838
3	Gm03_18651448	18651448	18.6514	0.0923077	61.6056	0.407895	51.9524	0.0740145
3	Gm03_18677348	18677348	18.6773	0.0923077	61.6395	0.421053	52.7231	0.067858
3	Gm03_18677590	18677590	18.6776	0.0923077	61.6695	0.421053	52.656	0.0686227
3	Gm03_18677617	18677617	18.6776	0.0461538	61.6607	0.421053	52.4077	0.0706132
3	Gm03_18692250	18692250	18.6923	0.0461538	61.6908	0.421053	52.331	0.0714607
3	Gm03_18693073	18693073	18.6931	0.0923077	61.4611	0.421053	51.1384	0.0798528
3	Gm03_18703871	18703871	18.7039	0.123077	60.7364	0.355263	51.2987	0.0733421
3	Gm03_18722521	18722521	18.7225	0.0615385	60.1043	0.460526	49.6873	0.0826597
3	Gm03_18722562	18722562	18.7226	0.0615385	60.1443	0.460526	49.6434	0.0833332
3	Gm03_18722592	18722592	18.7226	0.0615385	60.1844	0.460526	49.5995	0.0840068
3	Gm03_18725662	18725662	18.7257	0.107692	58.8561	0.407895	48.1355	0.0873263
3	Gm03_18727606	18727606	18.7276	0.138462	59.269	0.368421	50.4808	0.0697013
3	Gm03_18727664	18727664	18.7277	0.138462	59.3243	0.368421	50.4923	0.0700076
3	Gm03_18806885	18806885	18.8069	0.0923077	59.2278	0.473684	50.0118	0.0734534
3	Gm03_18841285	18841285	18.8413	0.138462	59.4852	0.355263	50.2599	0.0731878
3	Gm03_18852683	18852683	18.8527	0.138462	59.5405	0.368421	50.2625	0.0735691
3	Gm03_18860407	18860407	18.8604	0.107692	60.7586	0.473684	51.0046	0.0759982
3	Gm03_18860751	18860751	18.8608	0.107692	60.7278	0.473684	50.9259	0.0764484
3	Gm03_18860762	18860762	18.8608	0.123077	59.671	0.473684	50.9374	0.0687261
3	Gm03_18860789	18860789	18.8608	0.107692	61.222	0.473684	50.9489	0.0797723
3	Gm03_18862150	18862150	18.8621	0.107692	61.2974	0.460526	50.0809	0.0877695
3	Gm03_18862177	18862177	18.8622	0.107692	61.3727	0.460526	50.1015	0.0881248
3	Gm03_18869052	18869052	18.8691	0.0461538	63.7413	0.434211	50.7119	0.0993113
3	Gm03_18888776	18888776	18.8888	0.153846	62.2574	0.355263	50.7777	0.0885186
3	Gm03_18890975	18890975	18.891	0.153846	62.3457	0.355263	50.7982	0.0889579
3	Gm03_18938362	18938362	18.9384	0.123077	62.4274	0.342105	50.0682	0.0958128
3	Gm03_18938372	18938372	18.9384	0.123077	62.6117	0.342105	50.219	0.095788
3	Gm03_18948497	18948497	18.9485	0.153846	63.0722	0.368421	50.8902	0.0932032
3	Gm03_18948769	18948769	18.9488	0.153846	63.1633	0.368421	50.9272	0.093515
3	Gm03_19003884	19003884	19.0039	0.0461538	74.8108	0.434211	58.7045	0.105293
3	Gm03_19003895	19003895	19.0039	0.0461538	75.004	0.434211	58.829	0.105493
3	Gm03_19004041	19004041	19.004	0.0461538	75.0911	0.434211	58.8535	0.105816
3	Gm03_19008757	19008757	19.0088	0.123077	70.3103	0.473684	57.5125	0.0872566
3	Gm03_19008778	19008778	19.0088	0.153846	69.4061	0.486842	57.431	0.0822515
3	Gm03_19021896	19021896	19.0219	0.0461538	81.1587	0.421053	62.4293	0.113946
3	Gm03_19045127	19045127	19.0451	0.0461538	81.2254	0.434211	62.3873	0.114596
3	Gm03_19047995	19047995	19.048	0.0923077	80.6531	0.434211	62.5731	0.110233
3	Gm03_19049448	19049448	19.0494	0.0461538	80.9034	0.421053	62.5882	0.111474
3	Gm03_19049765	19049765	19.0498	0.0461538	81.2278	0.421053	62.774	0.111925
3	Gm03_19049770	19049770	19.0498	0.0923077	81.3876	0.421053	62.9597	0.111495
3	Gm03_19068173	19068173	19.0682	0.0461538	81.9832	0.434211	63.1758	0.113174
3	Gm03_19072532	19072532	19.0725	0.0461538	82.2875	0.421053	63.469	0.112772
3	Gm03_19081728	19081728	19.0817	0.0461538	82.5919	0.421053	63.645	0.113173
3	Gm03_19120977	19120977	19.121	0.0923077	82.68	0.421053	63.8211	0.112436
3	Gm03_19120994	19120994	19.121	0.0923077	82.9299	0.421053	63.9521	0.112857
3	Gm03_19154378	19154378	19.1544	0.0923077	83.2343	0.421053	64.1281	0.113254
3	Gm03_19154641	19154641	19.1546	0.0923077	83.5386	0.421053	64.3041	0.113649
3	Gm03_19198346	19198346	19.1983	0.0923077	83.6957	0.421053	64.3582	0.114099
3	Gm03_19198387	19198387	19.1984	0.0461538	83.7281	0.421053	64.2529	0.114978
3	Gm03_19198407	19198407	19.1984	0.0923077	83.9523	0.421053	64.4289	0.114952
3	Gm03_19198626	19198626	19.1986	0.0461538	90.0447	0.421053	64.6049	0.144192
3	Gm03_19209281	19209281	19.2093	0.0461538	90.4091	0.434211	64.7066	0.145264
3	Gm03_19218667	19218667	19.2187	0.0461538	90.826	0.434211	64.9509	0.145625
3	Gm03_19218675	19218675	19.2187	0.0461538	90.7347	0.434211	64.7931	0.146245
3	Gm03_19225293	19225293	19.2253	0.0461538	91.0992	0.473684	64.2701	0.151506
3	Gm03_19248966	19248966	19.249	0.230769	75.4081	0.0131579	64.2065	0.0698391
3	Gm03_19261159	19261159	19.2612	0.0461538	104.383	0.460526	65.0905	0.205111
3	Gm03_19300267	19300267	19.3003	0.0461538	105.08	0.434211	65.659	0.204228
3	Gm03_19300427	19300427	19.3004	0.0461538	105.776	0.434211	65.8392	0.205904
3	Gm03_19334763	19334763	19.3348	0.0461538	106.472	0.421053	66.02	0.207562
3	Gm03_19343152	19343152	19.3432	0.0461538	107.207	0.421053	66.2541	0.209012
3	Gm03_19343183	19343183	19.3432	0.0461538	107.903	0.434211	66.5093	0.210153
3	Gm03_19343207	19343207	19.3432	0.0461538	108.599	0.434211	66.6805	0.211829
3	Gm03_19417883	19417883	19.4179	0.0461538	109.295	0.434211	66.8516	0.21349
3	Gm03_19447240	19447240	19.4472	0.0461538	109.991	0.434211	67.0228	0.215137
3	Gm03_19447258	19447258	19.4473	0.0461538	110.687	0.434211	67.1939	0.216769
3	Gm03_19447430	19447430	19.4474	0.0461538	110.824	0.434211	67.1079	0.21786
3	Gm03_19447441	19447441	19.4474	0.0461538	111.52	0.434211	67.279	0.219473
3	Gm03_19447475	19447475	19.4475	0.0461538	112.216	0.434211	67.4435	0.221114
3	Gm03_19447517	19447517	19.4475	0.0461538	112.912	0.434211	67.6014	0.222784
3	Gm03_19447531	19447531	19.4475	0.0461538	113.608	0.473684	67.3217	0.227253
3	Gm03_19447704	19447704	19.4477	0.0461538	114.304	0.434211	67.4826	0.228869
3	Gm03_19450632	19450632	19.4506	0.0461538	115	0.460526	67.5534	0.23105
3	Gm03_19450672	19450672	19.4507	0.0461538	115.696	0.473684	67.689	0.2328
3	Gm03_19450692	19450692	19.4507	0.0461538	116.392	0.421053	67.8866	0.234139
3	Gm03_19450755	19450755	19.4508	0.0461538	117.088	0.434211	68.0373	0.235765
3	Gm03_19450774	19450774	19.4508	0.0461538	117.784	0.434211	68.1736	0.23747
3	Gm03_19457863	19457863	19.4579	0.0461538	117.767	0.473684	67.9129	0.23907
3	Gm03_19500722	19500722	19.5007	0.0461538	118.463	0.421053	68.1177	0.240322
3	Gm03_19501664	19501664	19.5017	0.0461538	119.159	0.434211	68.2757	0.24186
3	Gm03_19509924	19509924	19.5099	0.0461538	119.855	0.447368	67.4425	0.249722
3	Gm03_19513770	19513770	19.5138	0.0461538	120.543	0.473684	68.7321	0.243982
3	Gm03_19520683	19520683	19.5207	0.0461538	121.223	0.421053	68.9707	0.244921
3	Gm03_19520908	19520908	19.5209	0.0461538	121.828	0.421053	69.0595	0.246522
3	Gm03_19533033	19533033	19.533	0.0461538	122.356	0.434211	69.07	0.248337
3	Gm03_19536640	19536640	19.5366	0.0461538	122.885	0.460526	69.0111	0.250579
3	Gm03_19549652	19549652	19.5497	0.0461538	123.413	0.434211	69.0863	0.25197
3	Gm03_19549686	19549686	19.5497	0.0461538	123.942	0.434211	69.1086	0.253686
3	Gm03_19593382	19593382	19.5934	0.0461538	124.458	0.473684	69.0817	0.25566
3	Gm03_19646081	19646081	19.6461	0.0461538	124.962	0.421053	69.3555	0.255696
3	Gm03_19646471	19646471	19.6465	0.0461538	125.466	0.421053	69.3778	0.257304
3	Gm03_19647668	19647668	19.6477	0.0461538	125.969	0.421053	69.4001	0.258904
3	Gm03_19647693	19647693	19.6477	0.0461538	126.557	0.421053	69.5644	0.259898
3	Gm03_19653604	19653604	19.6536	0.0615385	125.637	0.460526	69.3958	0.257784
3	Gm03_19654673	19654673	19.6547	0.0461538	128.638	0.421053	69.6271	0.266589
3	Gm03_19655011	19655011	19.655	0.0461538	129.067	0.407895	68.8421	0.272961
3	Gm03_19655016	19655016	19.655	0.0461538	129.484	0.421053	69.7308	0.268791
3	Gm03_19668260	19668260	19.6683	0.0461538	129.901	0.421053	69.758	0.270018
3	Gm03_19668316	19668316	19.6683	0.0461538	130.318	0.421053	69.7852	0.27124
3	Gm03_19672498	19672498	19.6725	0.0615385	129.092	0.473684	69.524	0.268763
3	Gm03_19672789	19672789	19.6728	0.0615385	129.508	0.434211	69.5497	0.270003
3	Gm03_19689769	19689769	19.6898	0.0461538	132.572	0.460526	69.7174	0.279112
3	Gm03_19689777	19689777	19.6898	0.0461538	133.014	0.421053	69.7538	0.28033
3	Gm03_19785930	19785930	19.7859	0.0461538	133.005	0.407895	68.8472	0.285981
3	Gm03_19786536	19786536	19.7865	0.0461538	133.442	0.447368	68.564	0.289197
3	Gm03_19821656	19821656	19.8217	0.0461538	133.373	0.421053	69.3379	0.284097
3	Gm03_19821663	19821663	19.8217	0.0461538	133.26	0.460526	69.1846	0.284692
3	Gm03_19896278	19896278	19.8963	0.0461538	133.363	0.421053	69.3164	0.284198
3	Gm03_19896303	19896303	19.8963	0.0461538	133.465	0.421053	69.3136	0.284548
3	Gm03_19896324	19896324	19.8963	0.0461538	133.466	0.421053	69.2445	0.284986
3	Gm03_19902011	19902011	19.902	0.0461538	133.568	0.421053	69.2363	0.285369
3	Gm03_19902026	19902026	19.902	0.0461538	133.434	0.460526	68.9376	0.286809
3	Gm03_19913390	19913390	19.9134	0.0461538	133.53	0.434211	68.9598	0.286983
3	Gm03_19918538	19918538	19.9185	0.0461538	133.796	0.421053	69.1111	0.286897
3	Gm03_19925011	19925011	19.925	0.0461538	133.978	0.434211	69.2151	0.286831
3	Gm03_19926206	19926206	19.9262	0.0461538	134.06	0.434211	69.1663	0.287403
3	Gm03_19926661	19926661	19.9267	0.0461538	134.035	0.434211	69.05	0.288054
3	Gm03_19957899	19957899	19.9579	0.0461538	134.117	0.473684	68.8979	0.289278
3	Gm03_19957920	19957920	19.9579	0.0461538	134.074	0.473684	68.7697	0.289947
3	Gm03_19957941	19957941	19.9579	0.0461538	134.149	0.473684	68.7202	0.290504
3	Gm03_19961831	19961831	19.9618	0.0461538	134.218	0.421053	68.611	0.291417
3	Gm03_19963658	19963658	19.9637	0.0461538	134.066	0.434211	68.4192	0.29214
3	Gm03_19963675	19963675	19.9637	0.0307692	133.952	0.460526	68.2567	0.292803
3	Gm03_19963717	19963717	19.9637	0.0307692	133.761	0.421053	68.1091	0.293125
3	Gm03_19963951	19963951	19.964	0.0461538	133.722	0.434211	68.0523	0.293359
3	Gm03_19963959	19963959	19.964	0.0461538	133.891	0.473684	68.0989	0.293612
3	Gm03_19963975	19963975	19.964	0.0307692	133.831	0.421053	68.0571	0.293684
3	Gm03_19964008	19964008	19.964	0.0461538	133.835	0.434211	68.0655	0.293642
3	Gm03_19981655	19981655	19.9817	0.0461538	133.618	0.434211	67.8414	0.29437
3	Gm03_19981682	19981682	19.9817	0.0461538	133.538	0.473684	67.6653	0.295239
3	Gm03_19981729	19981729	19.9817	0.0461538	133.283	0.434211	67.5162	0.295366
3	Gm03_20009836	20009836	20.0098	0.0461538	133.128	0.434211	67.3355	0.296025
3	Gm03_20009996	20009996	20.01	0.0461538	132.967	0.434211	67.1452	0.296728
3	Gm03_20010025	20010025	20.01	0.0461538	132.793	0.434211	66.9535	0.297402
3	Gm03_20039457	20039457	20.0395	0.0461538	132.551	0.473684	66.6597	0.298519
3	Gm03_20082248	20082248	20.0822	0.0461538	132.32	0.473684	66.475	0.298967
3	Gm03_20082462	20082462	20.0825	0.0461538	132.022	0.473684	66.2343	0.299563
3	Gm03_20121932	20121932	20.1219	0.0461538	131.648	0.434211	66.0163	0.299762
3	Gm03_20122105	20122105	20.1221	0.0461538	131.34	0.434211	65.7666	0.300392
3	Gm03_20122113	20122113	20.1221	0.0461538	131.042	0.434211	65.5247	0.301005
3	Gm03_20127830	20127830	20.1278	0.0615385	128.152	0.407895	64.2167	0.300077
3	Gm03_20127882	20127882	20.1279	0.0461538	129.879	0.460526	64.6768	0.302789
3	Gm03_20135166	20135166	20.1352	0.0461538	129.611	0.421053	64.7346	0.301506
3	Gm03_20135175	20135175	20.1352	0.0461538	129.562	0.421053	64.6921	0.301626
3	Gm03_20157833	20157833	20.1578	0.0461538	129.294	0.434211	64.4427	0.302406
3	Gm03_20165721	20165721	20.1657	0.0461538	129.213	0.434211	64.3731	0.3026
3	Gm03_20167143	20167143	20.1671	0.0461538	128.903	0.434211	64.1153	0.303301
3	Gm03_20196454	20196454	20.1965	0.0461538	128.887	0.421053	64.0716	0.303543
3	Gm03_20271393	20271393	20.2714	0.0461538	128.619	0.434211	63.8725	0.303992
3	Gm03_20278252	20278252	20.2783	0.0461538	128.291	0.434211	63.5936	0.304784
3	Gm03_20278278	20278278	20.2783	0.0461538	127.994	0.460526	63.2216	0.306323
3	Gm03_20278545	20278545	20.2785	0.0461538	127.585	0.460526	62.9269	0.306964
3	Gm03_20279168	20279168	20.2792	0.0461538	127.258	0.460526	62.6152	0.308004
3	Gm03_20432793	20432793	20.4328	0.0461538	126.93	0.460526	62.3827	0.3085
3	Gm03_20432820	20432820	20.4328	0.0461538	126.602	0.460526	62.1502	0.308998
3	Gm03_20486918	20486918	20.4869	0.0461538	126.356	0.434211	62.438	0.306146
3	Gm03_20496564	20496564	20.4966	0.0461538	125.878	0.421053	62.2062	0.306115
3	Gm03_20496855	20496855	20.4969	0.0461538	125.551	0.434211	62.0729	0.305916
3	Gm03_20497673	20497673	20.4977	0.0461538	124.833	0.394737	60.1347	0.317204
3	Gm03_20500188	20500188	20.5002	0.0461538	124.402	0.421053	61.605	0.305212
3	Gm03_20514556	20514556	20.5146	0.0461538	123.733	0.421053	61.3955	0.30435
3	Gm03_20524022	20524022	20.524	0.0461538	123.056	0.421053	61.186	0.303451
3	Gm03_20524044	20524044	20.524	0.0461538	122.375	0.421053	60.9765	0.302529
3	Gm03_20524272	20524272	20.5243	0.0461538	122.297	0.421053	61.0354	0.301833
3	Gm03_20525988	20525988	20.526	0.0461538	121.877	0.434211	60.8571	0.301612
3	Gm03_20537288	20537288	20.5373	0.0461538	121.195	0.434211	60.6295	0.300801
3	Gm03_20599540	20599540	20.5995	0.0461538	120.513	0.421053	60.4132	0.299902
3	Gm03_20599546	20599546	20.5995	0.0461538	119.831	0.421053	60.1856	0.299076
3	Gm03_20605444	20605444	20.6054	0.0461538	119.149	0.447368	58.7396	0.307158
3	Gm03_20605454	20605454	20.6055	0.0461538	118.467	0.447368	58.5252	0.306252
3	Gm03_20607455	20607455	20.6075	0.0461538	117.784	0.460526	58.3832	0.3048
3	Gm03_20619973	20619973	20.62	0.0461538	117.102	0.407895	57.4069	0.309601
3	Gm03_20632478	20632478	20.6325	0.0461538	116.42	0.434211	56.8799	0.311069
3	Gm03_20632664	20632664	20.6327	0.0461538	115.738	0.421053	57.1309	0.306604
3	Gm03_20632897	20632897	20.6329	0.0461538	115.056	0.447368	56.2526	0.310765
3	Gm03_20634176	20634176	20.6342	0.0461538	114.373	0.421053	57.0001	0.30245
3	Gm03_20634187	20634187	20.6342	0.0461538	113.691	0.421053	56.8293	0.301155
3	Gm03_20782310	20782310	20.7823	0.0461538	113.009	0.460526	56.6103	0.300218
3	Gm03_20782836	20782836	20.7828	0.0461538	112.767	0.421053	56.6897	0.298677
3	Gm03_20783026	20783026	20.783	0.0461538	112.085	0.421053	56.5189	0.297352
3	Gm03_20783335	20783335	20.7833	0.0461538	111.374	0.460526	56.2944	0.296317
3	Gm03_20790557	20790557	20.7906	0.0461538	110.688	0.460526	56.1172	0.295005
3	Gm03_20793932	20793932	20.7939	0.0461538	109.999	0.421053	55.992	0.293261
3	Gm03_20797210	20797210	20.7972	0.0923077	95.1588	0.210526	45.2972	0.322378
3	Gm03_20797220	20797220	20.7972	0.0461538	99.3619	0.421053	50.4199	0.294618
3	Gm03_20803943	20803943	20.8039	0.0461538	98.8405	0.421053	50.3739	0.29273
3	Gm03_20813201	20813201	20.8132	0.0461538	98.2085	0.473684	49.3577	0.298794
3	Gm03_20825906	20825906	20.8259	0.0461538	97.6871	0.421053	50.0058	0.290816
3	Gm03_20832504	20832504	20.8325	0.0615385	95.1712	0.421053	50.0967	0.278696
3	Gm03_20846568	20846568	20.8466	0.0461538	96.2811	0.434211	49.9659	0.284867
3	Gm03_20846756	20846756	20.8468	0.0461538	95.7935	0.473684	50.205	0.280589
3	Gm03_20850934	20850934	20.8509	0.0461538	95.306	0.473684	50.1701	0.278675
3	Gm03_20851667	20851667	20.8517	0.0461538	94.8185	0.473684	50.1353	0.276749
3	Gm03_20851710	20851710	20.8517	0.0461538	94.3309	0.460526	50.1363	0.274502
3	Gm03_20868955	20868955	20.869	0.0461538	93.831	0.460526	50.1015	0.272496
3	Gm03_20868961	20868961	20.869	0.0615385	90.9553	0.460526	50.0666	0.25928
3	Gm03_20869192	20869192	20.8692	0.0461538	91.6572	0.460526	50.0258	0.262972
3	Gm03_20869217	20869217	20.8692	0.0461538	91.1792	0.460526	49.9791	0.261107
3	Gm03_20869237	20869237	20.8692	0.0461538	90.7012	0.460526	49.9324	0.25923
3	Gm03_20876854	20876854	20.8769	0.0461538	90.2179	0.473684	49.8326	0.25778
3	Gm03_20876871	20876871	20.8769	0.0461538	89.708	0.473684	49.7439	0.256092
3	Gm03_20877045	20877045	20.877	0.0461538	89.2071	0.473684	49.6787	0.25423
3	Gm03_20877385	20877385	20.8774	0.0461538	88.6938	0.421053	49.4132	0.254051
3	Gm03_20937873	20937873	20.9379	0.0923077	86.8534	0.407895	49.2358	0.246506
3	Gm03_20938126	20938126	20.9381	0.0923077	86.3444	0.407895	49.1838	0.244412
3	Gm03_21000657	21000657	21.0007	0.384615	54.9092	0.0394737	47.4543	0.0633694
3	Gm03_21057749	21057749	21.0577	0.323077	54.9462	0.0394737	47.4145	0.0640263
3	Gm03_21057993	21057993	21.058	0.0923077	55.6382	0.421053	47.1501	0.0718906
3	Gm03_21060025	21060025	21.06	0.0923077	55.4741	0.421053	47.1103	0.070974
3	Gm03_21088671	21088671	21.0887	0.323077	54.8723	0.0789474	47.4402	0.0632068
3	Gm03_21088726	21088726	21.0887	0.323077	54.7082	0.0789474	47.4004	0.0622699
3	Gm03_21155733	21155733	21.1557	0.369231	54.4648	0.5	46.7786	0.0660693
3	Gm03_21166903	21166903	21.1669	0.0461538	54.7721	0.407895	46.75	0.0687778
3	Gm03_21183689	21183689	21.1837	0.430769	52.8126	0.539474	44.9939	0.0695839
3	Gm03_21196446	21196446	21.1964	0.430769	52.6628	0.539474	44.9719	0.0685623
3	Gm03_21204583	21204583	21.2046	0.369231	52.4401	0.5	44.8937	0.0674788
3	Gm03_21234640	21234640	21.2346	0.0615385	58.8189	0.0526316	45.8413	0.10826
3	Gm03_21235679	21235679	21.2357	0.0461538	58.7663	0.421053	45.4766	0.111341
3	Gm03_21268602	21268602	21.2686	0.0615385	58.7274	0.0263158	46.2069	0.104133
3	Gm03_21270934	21270934	21.2709	0.0615385	58.6277	0.0394737	46.2215	0.103259
3	Gm03_21274353	21274353	21.2744	0.0461538	58.4659	0.421053	45.4118	0.109734
3	Gm03_21335644	21335644	21.3356	0.353846	53.7585	0.526316	45.3229	0.0741298
3	Gm03_21368609	21368609	21.3686	0.0615385	53.9225	0.0394737	46.2028	0.0671015
3	Gm03_21445965	21445965	21.446	0.246154	53.7557	0.0263158	46.1828	0.065944
3	Gm03_21447518	21447518	21.4475	0.0615385	54.018	0.0394737	46.2073	0.0678281
3	Gm03_21462105	21462105	21.4621	0.338462	53.5323	0.486842	45.2922	0.0725919
3	Gm03_21494132	21494132	21.4941	0.0615385	53.8834	0.0394737	46.6218	0.062866
3	Gm03_21520477	21520477	21.5205	0.246154	53.7789	0.0263158	46.6414	0.0618404
3	Gm03_21635528	21635528	21.6355	0.246154	53.7164	0.0263158	46.6264	0.061475
3	Gm03_21787169	21787169	21.7872	0.0307692	52.7803	0.131579	42.1668	0.0975009
3	Gm03_21829258	21829258	21.8293	0.0461538	51.8753	0	47.8273	0.0352847
3	Gm03_21829299	21829299	21.8293	0.0307692	52.0984	0.0921053	45.0756	0.0628828
3	Gm03_21830788	21830788	21.8308	0.0461538	52.9621	0.407895	46.6998	0.0546496
3	Gm03_21830809	21830809	21.8308	0.0923077	50.5843	0.0526316	46.7485	0.0342478
3	Gm03_21832211	21832211	21.8322	0.0461538	50.9784	0.407895	46.5627	0.0393482
3	Gm03_21849320	21849320	21.8493	0.0461538	51.135	0.407895	46.7315	0.0391085
3	Gm03_21849363	21849363	21.8494	0.384615	49.275	0.539474	47.1319	0.0193117
3	Gm03_21883229	21883229	21.8832	0.0923077	50.7426	0.0526316	51.8194	-0.00911959
3	Gm03_21904312	21904312	21.9043	0.0923077	50.8003	0.0921053	51.8605	-0.00897079
3	Gm03_21907077	21907077	21.9071	0.0923077	50.7459	0.0921053	51.8486	-0.00933615
3	Gm03_21962996	21962996	21.963	0.0923077	50.6314	0.0921053	51.7727	-0.0096811
3	Gm03_21963146	21963146	21.9631	0.246154	49.7708	0.0131579	51.9281	-0.0184283
3	Gm03_21963160	21963160	21.9632	0.0923077	53.779	0.0921053	52.0806	0.013937
3	Gm03_21984112	21984112	21.9841	0.0923077	53.8198	0.0921053	52.1792	0.0134445
3	Gm03_21986712	21986712	21.9867	0.0923077	53.6866	0.0921053	52.0826	0.0131733
3	Gm03_21988648	21988648	21.9886	0.0923077	53.721	0.0921053	52.1813	0.0126293
3	Gm03_22014118	22014118	22.0141	0.0923077	53.7137	0.0921053	52.2331	0.0121389
3	Gm03_22015310	22015310	22.0153	0.0461538	53.356	0.407895	48.128	0.0447849
3	Gm03_22015634	22015634	22.0156	0.0923077	53.9972	0.0526316	52.154	0.0150838
3	Gm03_22044487	22044487	22.0445	0.0923077	54.0315	0.0921053	52.2064	0.0149238
3	Gm03_22048481	22048481	22.0485	0.0923077	54.0659	0.0921053	52.3238	0.0142237
3	Gm03_22082458	22082458	22.0825	0.0923077	54.1002	0.0921053	52.4413	0.0135257
3	Gm03_22084627	22084627	22.0846	0.0923077	54.1346	0.0921053	52.5587	0.0128296
3	Gm03_22084781	22084781	22.0848	0.0923077	54.3396	0.0921053	52.8078	0.0124181
3	Gm03_22091474	22091474	22.0915	0.0923077	54.3739	0.0921053	52.9252	0.0117276
3	Gm03_22091520	22091520	22.0915	0.0923077	54.3689	0.0921053	52.948	0.0115007
3	Gm03_22106424	22106424	22.1064	0.384615	50.0511	0.526316	49.9141	0.00119041
3	Gm03_22147965	22147965	22.148	0.107692	55.2431	0.0921053	50.5928	0.0381895
3	Gm03_22181339	22181339	22.1813	0.0923077	51.4731	0.0131579	50.8276	0.00548072
3	Gm03_22246044	22246044	22.246	0.0461538	51.4124	0.434211	50.1151	0.0110994
3	Gm03_22246097	22246097	22.2461	0.107692	50.4583	0.0526316	51.1629	-0.00602228
3	Gm03_22265413	22265413	22.2654	0.246154	49.1793	0.513158	50.7245	-0.013436
3	Gm03_22265563	22265563	22.2656	0.107692	50.1713	0.0394737	54.5934	-0.0366849
3	Gm03_22273539	22273539	22.2735	0.184615	49.7424	0.0789474	52.9689	-0.0272939
3	Gm03_22281699	22281699	22.2817	0.153846	50.5015	0.0526316	55.217	-0.0387685
3	Gm03_22281725	22281725	22.2817	0.0923077	50.8002	0.0526316	55.3568	-0.0373059
3	Gm03_22281732	22281732	22.2817	0.0923077	51.0026	0.0131579	55.6688	-0.0380196
3	Gm03_22281754	22281754	22.2818	0.169231	50.8786	0.0526316	55.7459	-0.0396776
3	Gm03_22281991	22281991	22.282	0.169231	50.9373	0.0526316	55.8302	-0.0398339
3	Gm03_22299313	22299313	22.2993	0.184615	50.9077	0.0526316	55.97	-0.0411721
3	Gm03_22299398	22299398	22.2994	0.230769	49.9064	0.565789	50.8385	-0.00803683
3	Gm03_22299430	22299430	22.2994	0.107692	51.5755	0.0526316	58.2285	-0.0526927
3	Gm03_22303176	22303176	22.3032	0.184615	51.4915	0.0526316	58.2568	-0.053611
3	Gm03_22309739	22309739	22.3097	0.184615	51.3116	0.0921053	57.9246	-0.0526469
3	Gm03_22312161	22312161	22.3122	0.246154	51.2086	0.513158	56.2623	-0.0408747
3	Gm03_22322835	22322835	22.3228	0.169231	51.5539	0.0921053	56.794	-0.0420407
3	Gm03_22342661	22342661	22.3427	0.476923	46.5052	0.473684	56.7905	-0.0867735
3	Gm03_22342699	22342699	22.3427	0.292308	47.9201	0.0131579	67.0507	-0.145886
3	Gm03_22354307	22354307	22.3543	0.107692	49.2234	0.0526316	67.1409	-0.134815
3	Gm03_22371369	22371369	22.3714	0.169231	49.1747	0.0131579	67.3773	-0.136772
3	Gm03_22396418	22396418	22.3964	0.0923077	49.4909	0.0526316	67.5051	-0.134811
3	Gm03_22396444	22396444	22.3964	0.276923	48.1595	0.0131579	67.6229	-0.147412
3	Gm03_22396606	22396606	22.3966	0.153846	56.8317	0.0526316	68.2933	-0.0797874
3	Gm03_22404589	22404589	22.4046	0.169231	56.8074	0.0526316	68.3433	-0.0802912
3	Gm03_22420301	22420301	22.4203	0.169231	56.7246	0.0526316	68.3146	-0.0807421
3	Gm03_22420512	22420512	22.4205	0.107692	56.6971	0.0526316	68.1743	-0.0800598
3	Gm03_22494731	22494731	22.4947	0.107692	56.7148	0.0921053	67.6833	-0.0767856
3	Gm03_22498703	22498703	22.4987	0.169231	56.7282	0.0921053	67.8208	-0.0775643
3	Gm03_22508938	22508938	22.5089	0.0923077	57.751	0.0526316	68.4885	-0.0740582
3	Gm03_22553387	22553387	22.5534	0.107692	57.5316	0.0526316	68.3362	-0.0747439
3	Gm03_22553508	22553508	22.5535	0.107692	57.5073	0.0526316	68.4087	-0.0753881
3	Gm03_22556395	22556395	22.5564	0.107692	57.6228	0.0526316	68.4791	-0.0749632
3	Gm03_22556426	22556426	22.5564	0.107692	57.599	0.0526316	68.5495	-0.0755893
3	Gm03_22556431	22556431	22.5564	0.107692	57.5751	0.0526316	68.6199	-0.0762151
3	Gm03_22556608	22556608	22.5566	0.107692	57.5391	0.0526316	68.6903	-0.0769322
3	Gm03_22556715	22556715	22.5567	0.123077	57.3986	0.0131579	68.8291	-0.0788703
3	Gm03_22556747	22556747	22.5567	0.2	56.4598	0.105263	67.394	-0.0768819
3	Gm03_22557091	22557091	22.5571	0.2	56.4021	0.0921053	67.5613	-0.0784026
3	Gm03_22557116	22557116	22.5571	0.123077	56.5289	0.0526316	68.0474	-0.0805415
3	Gm03_22568768	22568768	22.5688	0.0923077	54.8953	0.0526316	65.0889	-0.0739719
3	Gm03_22591868	22591868	22.5919	0.169231	56.1575	0.0526316	69.2638	-0.0910983
3	Gm03_22591898	22591898	22.5919	0.107692	56.2047	0.0526316	69.3764	-0.091439
3	Gm03_22592102	22592102	22.5921	0.169231	56.1623	0.0526316	69.489	-0.0924714
3	Gm03_22603961	22603961	22.604	0.230769	55.0091	0.513158	60.5552	-0.0417176
3	Gm03_22604010	22604010	22.604	0.169231	56.3059	0.0394737	65.0054	-0.0623955
3	Gm03_22604191	22604191	22.6042	0.169231	56.3681	0.0394737	65.2358	-0.0634526
3	Gm03_22619033	22619033	22.619	0.2	56.2195	0.0921053	65.0851	-0.0635949
3	Gm03_22621530	22621530	22.6215	0.184615	56.406	0.0526316	65.9626	-0.0679722
3	Gm03_22622075	22622075	22.6221	0.169231	56.4408	0.0526316	66.0706	-0.068415
3	Gm03_22622339	22622339	22.6223	0.169231	56.436	0.0526316	66.233	-0.0695177
3	Gm03_22622388	22622388	22.6224	0.107692	56.4852	0.0526316	66.341	-0.0698477
3	Gm03_22624170	22624170	22.6242	0.0923077	56.6431	0.0526316	66.5752	-0.0701656
3	Gm03_22624179	22624179	22.6242	0.169231	56.3359	0.0526316	66.6833	-0.0732318
3	Gm03_22624454	22624454	22.6245	0.169231	56.2801	0.0526316	66.7913	-0.0743655
3	Gm03_22629437	22629437	22.6294	0.461538	47.5881	0.473684	62.3044	-0.11702
3	Gm03_22629683	22629683	22.6297	0.169231	56.4318	0.0526316	72.7736	-0.11045
3	Gm03_22635080	22635080	22.6351	0.0923077	57.4911	0.0526316	72.9402	-0.103366
3	Gm03_22655292	22655292	22.6553	0.169231	57.2379	0.0526316	73.0434	-0.105897
3	Gm03_22668782	22668782	22.6688	0.0923077	57.3411	0.0131579	73.095	-0.105421
3	Gm03_22668798	22668798	22.6688	0.153846	57.1561	0.0526316	73.1418	-0.107103
3	Gm03_22683740	22683740	22.6837	0.153846	57.0568	0.0526316	73.2443	-0.108466
3	Gm03_22684018	22684018	22.684	0.107692	57.095	0.0526316	73.4535	-0.109414
3	Gm03_22692999	22692999	22.693	0.123077	56.9887	0.0526316	73.6289	-0.11126
3	Gm03_22693004	22693004	22.693	0.2	56.6316	0.0921053	72.9986	-0.110256
3	Gm03_22693084	22693084	22.6931	0.153846	56.6892	0.0526316	73.2475	-0.111293
3	Gm03_22693108	22693108	22.6931	0.153846	56.5594	0.0526316	73.2734	-0.112441
3	Gm03_22693249	22693249	22.6932	0.153846	56.5425	0.0526316	73.4368	-0.113539
3	Gm03_22738254	22738254	22.7383	0.2	56.3124	0.0921053	73.385	-0.115003
3	Gm03_22744423	22744423	22.7444	0.0923077	56.9559	0.0394737	73.9366	-0.113321
3	Gm03_24879586	24879586	24.8796	0.153846	61.1054	0.355263	69.3911	-0.0552238
3	Gm03_24883277	24883277	24.8833	0.384615	51.1992	0.0526316	68.2322	-0.124727
3	Gm03_24899183	24899183	24.8992	0.369231	49.8634	0.578947	67.7422	-0.133077
3	Gm03_24903329	24903329	24.9033	0.138462	51.053	0.368421	67.84	-0.123465
3	Gm03_24903342	24903342	24.9033	0.138462	51.0821	0.368421	67.817	-0.12307
3	Gm03_24907544	24907544	24.9075	0.384615	50.4214	0.0526316	68.1918	-0.131117
3	Gm03_24907571	24907571	24.9076	0.138462	53.4385	0.355263	68.3334	-0.106779
3	Gm03_24909063	24909063	24.9091	0.138462	53.4322	0.355263	68.3104	-0.106684
3	Gm03_24909083	24909083	24.9091	0.138462	53.4613	0.355263	68.2874	-0.106301
3	Gm03_24930399	24930399	24.9304	0.153846	53.4504	0.355263	68.2598	-0.106214
3	Gm03_24930404	24930404	24.9304	0.153846	53.446	0.355263	68.2039	-0.105894
3	Gm03_24930476	24930476	24.9305	0.153846	53.4651	0.355263	68.1809	-0.105592
3	Gm03_24930708	24930708	24.9307	0.123077	53.5361	0.368421	68.0714	-0.104319
3	Gm03_24943164	24943164	24.9432	0.369231	50.9972	0.539474	66.0508	-0.112332
3	Gm03_24943361	24943361	24.9434	0.153846	53.3423	0.368421	66.7367	-0.0972928
3	Gm03_24956497	24956497	24.9565	0.123077	53.391	0.381579	65.9976	-0.0920604
3	Gm03_24984737	24984737	24.9847	0.153846	53.386	0.394737	66.0105	-0.0921854
3	Gm03_25010654	25010654	25.0107	0.123077	53.5676	0.381579	66.0151	-0.090741
3	Gm03_25018572	25018572	25.0186	0.123077	53.5867	0.394737	66.016	-0.0905921
3	Gm03_25047221	25047221	25.0472	0.138462	53.5591	0.394737	66.0139	-0.0908023
3	Gm03_25049149	25049149	25.0491	0.123077	53.5523	0.381579	66.0508	-0.0911004
3	Gm03_25052137	25052137	25.0521	0.384615	50.8683	0.0526316	66.083	-0.113643
3	Gm03_25052171	25052171	25.0522	0.138462	52.5747	0.381579	67.2248	-0.106753
3	Gm03_25055388	25055388	25.0554	0.153846	52.5114	0.381579	67.2203	-0.107247
3	Gm03_25092026	25092026	25.092	0.153846	52.529	0.381579	67.2157	-0.107072
3	Gm03_25092053	25092053	25.0921	0.369231	50.9025	0.0263158	67.4564	-0.122284
3	Gm03_25112944	25112944	25.1129	0.4	50.6905	0.552632	66.6225	-0.118695
3	Gm03_25124558	25124558	25.1246	0.123077	54.5455	0.381579	68.93	-0.101649
3	Gm03_25124574	25124574	25.1246	0.123077	54.5641	0.381579	68.9262	-0.101477
3	Gm03_25125182	25125182	25.1252	0.123077	54.5827	0.381579	68.9223	-0.101305
3	Gm03_25185887	25185887	25.1859	0.153846	54.283	0.394737	68.6098	-0.101722
3	Gm03_25185944	25185944	25.1859	0.138462	54.4345	0.381579	68.5734	-0.100282
3	Gm03_25185977	25185977	25.186	0.123077	54.4982	0.394737	68.5003	-0.0993097
3	Gm03_25186029	25186029	25.186	0.123077	54.4949	0.394737	68.4128	-0.0987813
3	Gm03_25204058	25204058	25.2041	0.369231	52.2514	0.0263158	68.6431	-0.118499
3	Gm03_25211469	25211469	25.2115	0.138462	55.505	0.381579	68.3702	-0.0905349
3	Gm03_25233257	25233257	25.2333	0.138462	55.4221	0.381579	68.1868	-0.0900176
3	Gm03_25266549	25266549	25.2665	0.138462	55.3944	0.381579	68.0758	-0.0895268
3	Gm03_25269370	25269370	25.2694	0.123077	55.3716	0.381579	67.9646	-0.0889956
3	Gm03_25272660	25272660	25.2727	0.153846	55.0427	0.394737	67.6496	-0.0895655
3	Gm03_25278931	25278931	25.2789	0.123077	55.1486	0.381579	67.5825	-0.0882999
3	Gm03_25305341	25305341	25.3053	0.123077	55.1109	0.381579	67.4713	-0.0878817
3	Gm03_25337360	25337360	25.3374	0.123077	55.0524	0.381579	67.362	-0.0876384
3	Gm03_25337524	25337524	25.3375	0.138462	54.9524	0.381579	67.2508	-0.0877112
3	Gm03_25350996	25350996	25.351	0.153846	54.9999	0.394737	67.3501	-0.0879764
3	Gm03_25353017	25353017	25.353	0.138462	55.0549	0.381579	67.2178	-0.0866882
3	Gm03_25414349	25414349	25.4143	0.369231	51.7611	0.0263158	67.1144	-0.112812
3	Gm03_25414372	25414372	25.4144	0.123077	54.6018	0.381579	66.7764	-0.0874163
3	Gm03_25419124	25419124	25.4191	0.123077	54.5298	0.394737	66.6491	-0.0871606
3	Gm03_25419136	25419136	25.4191	0.123077	54.5241	0.394737	66.6222	-0.0870306
3	Gm03_25424412	25424412	25.4244	0.123077	54.4521	0.381579	66.6889	-0.088039
3	Gm03_25424655	25424655	25.4247	0.123077	54.38	0.381579	66.5777	-0.0878892
3	Gm03_25424675	25424675	25.4247	0.123077	54.308	0.381579	66.4665	-0.087739
3	Gm03_25454465	25454465	25.4545	0.138462	54.0765	0.381579	66.3553	-0.0888668
3	Gm03_25454491	25454491	25.4545	0.138462	54.143	0.381579	66.422	-0.0887698
3	Gm03_25480039	25480039	25.48	0.123077	54.1021	0.368421	65.8449	-0.0853086
3	Gm03_25480269	25480269	25.4803	0.369231	51.2038	0.0263158	66.8138	-0.115564
3	Gm03_25508620	25508620	25.5086	0.153846	51.8237	0.381579	66.3904	-0.107577
3	Gm03_25508634	25508634	25.5086	0.153846	51.6455	0.368421	65.3402	-0.102147
3	Gm03_25522746	25522746	25.5227	0.138462	51.7743	0.381579	66.0414	-0.105702
3	Gm03_25562208	25562208	25.5622	0.4	48.9575	0.592105	65.8878	-0.128986
3	Gm03_25562231	25562231	25.5622	0.369231	49.3264	0.0263158	66.2336	-0.127999
3	Gm03_25579269	25579269	25.5793	0.138462	52.2801	0.381579	65.9139	-0.100641
3	Gm03_25579490	25579490	25.5795	0.0153846	52.3168	0.0131579	65.4661	-0.097375
3	Gm03_25594852	25594852	25.5949	0.123077	52.2688	0.394737	65.5639	-0.0984224
3	Gm03_25605733	25605733	25.6057	0.123077	52.1986	0.381579	65.5284	-0.0987701
3	Gm03_25606054	25606054	25.6061	0.123077	52.1285	0.381579	65.4353	-0.0987367
3	Gm03_25608571	25608571	25.6086	0.0615385	48.8292	0.0131579	64.8336	-0.123121
3	Gm03_25608578	25608578	25.6086	0.0615385	48.7924	0.0131579	64.7534	-0.12291
3	Gm03_25608968	25608968	25.609	0.123077	51.1919	0.381579	64.6898	-0.101635
3	Gm03_25639045	25639045	25.639	0.4	48.5763	0.592105	63.8417	-0.11868
3	Gm03_25647494	25647494	25.6475	0.123077	52.1357	0.381579	63.933	-0.0885896
3	Gm03_25647507	25647507	25.6475	0.0461538	49.6094	0.407895	54.7539	-0.0428514
3	Gm03_25685158	25685158	25.6852	0.123077	51.2004	0.394737	61.1844	-0.0773674
3	Gm03_25685450	25685450	25.6854	0.138462	51.0103	0.394737	61.2076	-0.079147
3	Gm03_25685492	25685492	25.6855	0.138462	50.9755	0.394737	61.2156	-0.0795004
3	Gm03_25686627	25686627	25.6866	0.123077	51.0469	0.394737	61.2236	-0.0789492
3	Gm03_25686851	25686851	25.6869	0.369231	48.5856	0.0394737	60.5873	-0.0958742
3	Gm03_25686873	25686873	25.6869	0.123077	50.8552	0.394737	61.5133	-0.0826337
3	Gm03_25699926	25699926	25.6999	0.138462	50.6006	0.381579	61.5187	-0.0848514
3	Gm03_25699955	25699955	25.7	0.138462	50.5567	0.381579	61.5425	-0.0853968
3	Gm03_25701375	25701375	25.7014	0.138462	50.5128	0.381579	61.5628	-0.0859166
3	Gm03_25701556	25701556	25.7016	0.138462	50.4689	0.381579	61.583	-0.0864367
3	Gm03_25731872	25731872	25.7319	0.138462	50.3637	0.394737	61.496	-0.0867294
3	Gm03_25733541	25733541	25.7335	0.123077	50.2474	0.394737	61.3446	-0.086663
3	Gm03_25733828	25733828	25.7338	0.369231	47.9372	0.0263158	61.6173	-0.10903
3	Gm03_25742852	25742852	25.7429	0.138462	49.5494	0.394737	61.3289	-0.0926264
3	Gm03_25745924	25745924	25.7459	0.123077	49.5335	0.381579	61.3998	-0.0932676
3	Gm03_25790881	25790881	25.7909	0.107692	49.2551	0.381579	61.3866	-0.0956216
3	Gm03_25816602	25816602	25.8166	0.138462	49.417	0.381579	61.2523	-0.0932464
3	Gm03_25816900	25816900	25.8169	0.138462	49.3784	0.381579	61.2726	-0.0937295
3	Gm03_25816913	25816913	25.8169	0.138462	49.3397	0.381579	61.2928	-0.0942127
3	Gm03_25863501	25863501	25.8635	0.369231	47.5905	0.0263158	61.4839	-0.111241
3	Gm03_25863542	25863542	25.8635	0.138462	49.9495	0.381579	61.3944	-0.0895977
3	Gm03_25864123	25864123	25.8641	0.153846	49.7635	0.394737	61.398	-0.0912435
3	Gm03_25869157	25869157	25.8692	0.138462	49.9569	0.394737	61.4183	-0.0897016
3	Gm03_25869177	25869177	25.8692	0.138462	49.9159	0.394737	61.4385	-0.0902013
3	Gm03_25869224	25869224	25.8692	0.138462	49.8747	0.394737	61.4467	-0.0906183
3	Gm03_25878771	25878771	25.8788	0.138462	49.8162	0.394737	61.4195	-0.0909355
3	Gm03_25878783	25878783	25.8788	0.138462	49.7737	0.394737	61.4156	-0.0912787
3	Gm03_25882595	25882595	25.8826	0.369231	47.3217	0.0263158	61.7939	-0.115885
3	Gm03_25890013	25890013	25.89	0.138462	49.4115	0.381579	61.4628	-0.0947838
3	Gm03_25890025	25890025	25.89	0.138462	49.3595	0.381579	61.4589	-0.095214
3	Gm03_25895398	25895398	25.8954	0.138462	48.3457	0.381579	61.3831	-0.103691
3	Gm03_25895619	25895619	25.8956	0.138462	48.3042	0.381579	61.3793	-0.104036
3	Gm03_25895646	25895646	25.8956	0.138462	48.2627	0.381579	61.3754	-0.104383
3	Gm03_25897286	25897286	25.8973	0.123077	49.0841	0.381579	61.2564	-0.0962106
3	Gm03_25904705	25904705	25.9047	0.4	44.9122	0.592105	61.0846	-0.133567
3	Gm03_25904975	25904975	25.905	0.138462	45.2972	0.381579	61.0916	-0.12991
3	Gm03_25925368	25925368	25.9254	0.369231	44.6079	0.0263158	61.5105	-0.139538
3	Gm03_25948534	25948534	25.9485	0.153846	44.6357	0.394737	61.0345	-0.135893
3	Gm03_25954226	25954226	25.9542	0.153846	44.7535	0.394737	61.0306	-0.134721
3	Gm03_25959189	25959189	25.9592	0.138462	44.7632	0.381579	61.1967	-0.135806
3	Gm03_25959344	25959344	25.9593	0.4	43.6773	0.592105	61.0834	-0.145667
3	Gm03_25959444	25959444	25.9594	0.153846	44.4543	0.381579	61.0831	-0.138007
3	Gm03_25965016	25965016	25.965	0.123077	44.4844	0.381579	61.0325	-0.137353
3	Gm03_25965041	25965041	25.965	0.369231	43.6618	0.0263158	61.4411	-0.148358
3	Gm03_25965306	25965306	25.9653	0.153846	44.541	0.381579	61.1801	-0.13785
3	Gm03_25967411	25967411	25.9674	0.353846	42.8117	0.131579	55.9625	-0.116335
3	Gm03_25967446	25967446	25.9674	0.138462	45.2835	0.381579	58.3	-0.109729
3	Gm03_25995840	25995840	25.9958	0.153846	45.24	0.381579	58.2491	-0.109767
3	Gm03_25995871	25995871	25.9959	0.138462	45.2751	0.381579	58.1982	-0.109051
3	Gm03_25995900	25995900	25.9959	0.138462	45.2448	0.381579	58.142	-0.108921
3	Gm03_25996127	25996127	25.9961	0.138462	45.2099	0.381579	58.0803	-0.108795
3	Gm03_25997894	25997894	25.9979	0.153846	45.0755	0.381579	58.1373	-0.110515
3	Gm03_26020340	26020340	26.0203	0.369231	44.0492	0.0263158	58.2796	-0.121578
3	Gm03_26023982	26023982	26.024	0.123077	44.2882	0.381579	57.8304	-0.115868
3	Gm03_26036844	26036844	26.0368	0.369231	44.1569	0.0263158	58.6536	-0.123297
3	Gm03_26048912	26048912	26.0489	0.369231	44.0145	0.0263158	58.467	-0.123315
3	Gm03_26048986	26048986	26.049	0.384615	43.4064	0.578947	57.3012	-0.12061
3	Gm03_26114124	26114124	26.1141	0.123077	44.9314	0.381579	57.456	-0.106785
3	Gm03_26114573	26114573	26.1146	0.123077	44.9061	0.381579	57.3911	-0.106539
3	Gm03_26114793	26114793	26.1148	0.123077	44.8808	0.381579	57.3263	-0.106293
3	Gm03_26115526	26115526	26.1155	0.138462	44.7757	0.394737	57.3295	-0.107336
3	Gm03_26117566	26117566	26.1176	0.369231	43.4151	0.0263158	57.523	-0.122201
3	Gm03_26138048	26138048	26.138	0.138462	43.897	0.394737	56.9391	-0.112976
3	Gm03_26168228	26168228	26.1682	0.0307692	42.7068	0.0526316	54.5022	-0.105917
3	Gm03_26177560	26177560	26.1776	0.415385	43.0548	0.578947	56.5429	-0.118357
3	Gm03_26177583	26177583	26.1776	0.0461538	43.7988	0.407895	53.2033	-0.0844763
3	Gm03_26227258	26227258	26.2273	0.153846	45.3301	0.394737	64.9009	-0.155864
3	Gm03_26243695	26243695	26.2437	0.369231	45.013	0.0263158	65.7544	-0.164587
3	Gm03_26248757	26248757	26.2488	0.369231	45.0622	0.0263158	65.9039	-0.165098
3	Gm03_26294977	26294977	26.295	0.138462	48.549	0.394737	65.594	-0.130684
3	Gm03_26307779	26307779	26.3078	0.138462	48.549	0.394737	65.6856	-0.13129
3	Gm03_26325941	26325941	26.3259	0.138462	48.549	0.394737	65.7773	-0.131896
3	Gm03_26350886	26350886	26.3509	0.138462	48.4195	0.394737	65.6586	-0.132271
3	Gm03_26354761	26354761	26.3548	0.123077	48.5472	0.381579	65.8336	-0.132283
3	Gm03_26444840	26444840	26.4448	0.138462	48.5332	0.381579	65.9253	-0.133013
3	Gm03_26445201	26445201	26.4452	0.123077	48.5609	0.381579	66.017	-0.133369
3	Gm03_26451820	26451820	26.4518	0.153846	48.2778	0.394737	65.9393	-0.135396
3	Gm03_26467013	26467013	26.467	0.123077	48.4503	0.381579	66.0696	-0.134705
3	Gm03_26468020	26468020	26.468	0.123077	48.4503	0.381579	66.1613	-0.135307
3	Gm03_26484951	26484951	26.485	0.123077	48.4503	0.381579	66.2529	-0.135909
3	Gm03_26484986	26484986	26.485	0.415385	44.8379	0.578947	66.1266	-0.168731
3	Gm03_26507185	26507185	26.5072	0.153846	45.2079	0.394737	66.1806	-0.165516
3	Gm03_26512077	26512077	26.5121	0.369231	44.3474	0.0263158	66.7702	-0.177715
3	Gm03_26519374	26519374	26.5194	0.153846	44.5641	0.381579	66.4268	-0.173358
3	Gm03_26536936	26536936	26.5369	0.138462	45.5531	0.407895	66.5368	-0.164544
3	Gm03_26578660	26578660	26.5787	0.369231	45.0946	0.0263158	66.931	-0.171502
3	Gm03_26578914	26578914	26.5789	0.384615	45.3233	0.578947	66.6966	-0.167782
3	Gm03_26582307	26582307	26.5823	0.153846	47.8324	0.381579	67.3186	-0.148413
3	Gm03_26593765	26593765	26.5938	0.153846	48.1785	0.381579	67.3942	-0.14577
3	Gm03_26611016	26611016	26.611	0.138462	48.1011	0.368421	66.4066	-0.140056
3	Gm03_26611285	26611285	26.6113	0.138462	48.1139	0.368421	66.4906	-0.140489
3	Gm03_26611320	26611320	26.6113	0.138462	48.1256	0.368421	66.5704	-0.140905
3	Gm03_26611348	26611348	26.6113	0.153846	48.0793	0.381579	67.2784	-0.145918
3	Gm03_26618632	26618632	26.6186	0.153846	48.0898	0.381579	67.3596	-0.146347
3	Gm03_26657580	26657580	26.6576	0.138462	48.1169	0.381579	67.4408	-0.146625
3	Gm03_26657796	26657796	26.6578	0.369231	45.5646	0.0263158	67.7405	-0.172221
3	Gm03_26657866	26657866	26.6579	0.169231	44.8358	0.381579	67.3934	-0.176992
3	Gm03_26658176	26658176	26.6582	0.369231	45.8845	0.0263158	67.9767	-0.170694
3	Gm03_26659035	26659035	26.659	0.415385	45.2104	0.592105	67.6193	-0.174832
3	Gm03_26659194	26659194	26.6592	0.338462	44.4005	0.0131579	68.9991	-0.191456
3	Gm03_26668125	26668125	26.6681	0.369231	46.1086	0.0263158	69.1493	-0.176005
3	Gm03_26668167	26668167	26.6682	0.0461538	46.6058	0.0657895	65.6313	-0.148671
3	Gm03_26677253	26677253	26.6773	0.138462	48.6954	0.381579	69.2566	-0.152974
3	Gm03_26678015	26678015	26.678	0.138462	48.7516	0.394737	69.1747	-0.151958
3	Gm03_26679347	26679347	26.6793	0.138462	48.8079	0.381579	69.3284	-0.152421
3	Gm03_26679597	26679597	26.6796	0.138462	48.8642	0.381579	69.4555	-0.152715
3	Gm03_26698328	26698328	26.6983	0.169231	47.7745	0.394737	69.5607	-0.163168
3	Gm03_26698545	26698545	26.6985	0.153846	48.8407	0.394737	69.6831	-0.154345
3	Gm03_26700359	26700359	26.7004	0.369231	46.7429	0.0263158	70.079	-0.175872
3	Gm03_26700406	26700406	26.7004	0.123077	48.4025	0.381579	69.8501	-0.159299
3	Gm03_26729993	26729993	26.73	0.138462	48.5144	0.394737	70.0375	-0.15946
3	Gm03_26788524	26788524	26.7885	0.138462	48.5893	0.381579	70.1654	-0.159582
3	Gm03_26792937	26792937	26.7929	0.153846	48.6051	0.394737	70.3067	-0.160315
3	Gm03_26793217	26793217	26.7932	0.153846	48.68	0.394737	70.429	-0.160401
3	Gm03_26798107	26798107	26.7981	0.4	46.6067	0.578947	70.1894	-0.177823
3	Gm03_26821052	26821052	26.8211	0.153846	47.4857	0.381579	70.5463	-0.171912
3	Gm03_26870107	26870107	26.8701	0.123077	47.7096	0.381579	70.7267	-0.170977
3	Gm03_26870178	26870178	26.8702	0.123077	47.7812	0.381579	70.849	-0.171077
3	Gm03_26870378	26870378	26.8704	0.4	47.1134	0.592105	70.9174	-0.177608
3	Gm03_26885951	26885951	26.886	0.369231	47.8459	0.0263158	71.6722	-0.175506
3	Gm03_26889044	26889044	26.889	0.138462	48.7973	0.394737	71.3752	-0.165152
3	Gm03_26889379	26889379	26.8894	0.153846	48.8258	0.394737	71.4976	-0.165642
3	Gm03_26898267	26898267	26.8983	0.123077	48.9477	0.394737	71.5299	-0.164756
3	Gm03_26914847	26914847	26.9148	0.369231	48.112	0.0263158	72.4767	-0.177945
3	Gm03_26916413	26916413	26.9164	0.0153846	50.5041	0.0394737	70.3916	-0.144194
3	Gm03_26938602	26938602	26.9386	0.138462	51.3863	0.381579	71.5838	-0.143967
3	Gm03_26939473	26939473	26.9395	0.153846	51.3965	0.381579	71.749	-0.144882
3	Gm03_26940348	26940348	26.9403	0.123077	51.615	0.381579	71.8081	-0.143397
3	Gm03_26940375	26940375	26.9404	0.123077	51.698	0.381579	71.9733	-0.143698
3	Gm03_26940561	26940561	26.9406	0.138462	51.7336	0.381579	72.1385	-0.144395
3	Gm03_26969304	26969304	26.9693	0.138462	51.8166	0.381579	72.3037	-0.144692
3	Gm03_26969575	26969575	26.9696	0.123077	51.9198	0.381579	72.4689	-0.144819
3	Gm03_26969581	26969581	26.9696	0.138462	51.9819	0.381579	72.6331	-0.145282
3	Gm03_27008540	27008540	27.0085	0.369231	49.1636	0.0263158	72.8783	-0.170955
3	Gm03_27008713	27008713	27.0087	0.123077	50.2842	0.381579	72.76	-0.160461
3	Gm03_27010504	27010504	27.0105	0.153846	50.2251	0.381579	72.9231	-0.161944
3	Gm03_27027601	27027601	27.0276	0.4	48.7299	0.592105	73.0483	-0.175815
3	Gm03_27027881	27027881	27.0279	0.153846	50.7773	0.394737	73.2267	-0.159
3	Gm03_27028066	27028066	27.0281	0.153846	50.8512	0.394737	73.3899	-0.159335
3	Gm03_27028392	27028392	27.0284	0.0153846	51.0919	0.0921053	69.8613	-0.135884
3	Gm03_27028631	27028631	27.0286	0.123077	51.1194	0.394737	72.1874	-0.149876
3	Gm03_27043692	27043692	27.0437	0.123077	51.1967	0.394737	72.3896	-0.150434
3	Gm03_27043722	27043722	27.0437	0.369231	49.3505	0.0263158	72.9752	-0.169883
3	Gm03_27043909	27043909	27.0439	0.123077	51.4525	0.381579	72.7734	-0.150566
3	Gm03_27046850	27046850	27.0468	0.138462	51.4563	0.381579	72.9755	-0.151738
3	Gm03_27059180	27059180	27.0592	0.138462	51.3862	0.381579	72.9464	-0.152157
3	Gm03_27059228	27059228	27.0592	0.4	49.8148	0.592105	72.7253	-0.164327
3	Gm03_27059430	27059430	27.0594	0.138462	50.9992	0.381579	73.0533	-0.156076
3	Gm03_27070385	27070385	27.0704	0.123077	50.9369	0.394737	72.9293	-0.15587
3	Gm03_27075528	27075528	27.0755	0.138462	50.857	0.368421	72.3373	-0.153011
3	Gm03_27078180	27078180	27.0782	0.384615	49.9181	0.578947	73.1836	-0.166156
3	Gm03_27079909	27079909	27.0799	0.123077	53.1083	0.381579	73.6904	-0.142248
3	Gm03_27079943	27079943	27.0799	0.123077	53.2007	0.381579	73.8909	-0.142674
3	Gm03_27080068	27080068	27.0801	0.123077	53.2685	0.381579	74.0698	-0.143171
3	Gm03_27080620	27080620	27.0806	0.123077	53.3362	0.381579	74.2486	-0.143666
3	Gm03_27134058	27134058	27.1341	0.153846	53.1442	0.381579	74.4204	-0.146236
3	Gm03_27134534	27134534	27.1345	0.123077	53.1817	0.381579	74.4193	-0.145923
3	Gm03_27165449	27165449	27.1654	0.138462	53.3653	0.394737	73.4654	-0.138824
3	Gm03_27175698	27175698	27.1757	0.138462	53.433	0.394737	74.9248	-0.146816
3	Gm03_27193669	27193669	27.1937	0.153846	53.4623	0.381579	75.1329	-0.147782
3	Gm03_27208989	27208989	27.209	0.138462	53.391	0.381579	75.0856	-0.148089
3	Gm03_27243996	27243996	27.244	0.4	50.3606	0.592105	75.0104	-0.17303
3	Gm03_27291212	27291212	27.2912	0.153846	51.1769	0.394737	75.4033	-0.168316
3	Gm03_27304126	27304126	27.3041	0.261538	49.3077	0.394737	75.6515	-0.185903
3	Gm03_27304404	27304404	27.3044	0.261538	49.3809	0.394737	75.8228	-0.186241
3	Gm03_27313775	27313775	27.3138	0.384615	49.67	0.578947	75.683	-0.182904
3	Gm03_27313781	27313781	27.3138	0.369231	49.8333	0.0263158	76.3905	-0.18552
3	Gm03_27314739	27314739	27.3147	0.4	50.0167	0.578947	76.021	-0.181818
3	Gm03_27323102	27323102	27.3231	0.415385	50.0506	0.578947	76.0698	-0.181803
3	Gm03_27329358	27329358	27.3294	0.369231	50.317	0.0263158	76.7239	-0.183216
3	Gm03_27329575	27329575	27.3296	0.153846	50.4009	0.394737	76.3433	-0.180333
3	Gm03_27344445	27344445	27.3444	0.369231	50.4429	0.0263158	76.988	-0.183623
3	Gm03_27399701	27399701	27.3997	0.369231	50.4992	0.0263158	77.0365	-0.183412
3	Gm03_27399949	27399949	27.3999	0.384615	50.3414	0.578947	76.4796	-0.181621
3	Gm03_27400018	27400018	27.4	0.369231	51.334	0.0263158	78.4037	-0.183931
3	Gm03_27407058	27407058	27.4071	0.369231	51.395	0.0263158	78.4525	-0.183685
3	Gm03_27442532	27442532	27.4425	0.369231	51.4551	0.0263158	78.5012	-0.183448
3	Gm03_27461990	27461990	27.462	0.369231	51.5088	0.0263158	78.5408	-0.183214
3	Gm03_27462382	27462382	27.4624	0.138462	51.4969	0.394737	76.9806	-0.1746
3	Gm03_27462389	27462389	27.4624	0.4	51.0549	0.578947	77.0203	-0.178568
3	Gm03_27481974	27481974	27.482	0.123077	51.2392	0.381579	76.8448	-0.176012
3	Gm03_27505125	27505125	27.5051	0.369231	50.8186	0.0263158	77.0704	-0.180865
3	Gm03_27506440	27506440	27.5064	0.415385	51.0107	0.592105	76.7358	-0.177337
3	Gm03_27511605	27511605	27.5116	0.4	51.0964	0.592105	76.7846	-0.176883
3	Gm03_27521983	27521983	27.522	0.446154	51.3523	0.0263158	78.1575	-0.18241
3	Gm03_27522273	27522273	27.5223	0.369231	51.4855	0.0263158	78.1817	-0.18142
3	Gm03_27527946	27527946	27.5279	0.369231	51.5332	0.0263158	78.2054	-0.18115
3	Gm03_27527956	27527956	27.528	0.138462	51.5299	0.381579	76.8419	-0.173539
3	Gm03_27532289	27532289	27.5323	0.369231	51.6774	0.0263158	78.591	-0.182072
3	Gm03_27605374	27605374	27.6054	0.415385	50.513	0.0131579	78.8962	-0.193653
3	Gm03_27605391	27605391	27.6054	0.338462	50.5888	0.0131579	78.8118	-0.192537
3	Gm03_27607640	27607640	27.6076	0.415385	50.6484	0.0131579	78.6444	-0.191102
3	Gm03_27607887	27607887	27.6079	0.0153846	51.308	0.0921053	75.6744	-0.168764
3	Gm03_27608266	27608266	27.6083	0.138462	50.8575	0.394737	78.145	-0.186547
3	Gm03_27608273	27608273	27.6083	0.446154	50.3626	0.592105	78.235	-0.191293
3	Gm03_27611420	27611420	27.6114	0.338462	50.6025	0.0131579	78.6428	-0.191486
3	Gm03_27615257	27615257	27.6153	0.153846	50.8825	0.394737	78.1513	-0.186368
3	Gm03_27615299	27615299	27.6153	0.123077	50.9649	0.381579	78.0535	-0.185122
3	Gm03_27625176	27625176	27.6252	0.338462	50.39	0.0131579	78.4328	-0.192153
3	Gm03_27625223	27625223	27.6252	0.138462	51.0469	0.394737	77.9099	-0.183623
3	Gm03_27625389	27625389	27.6254	0.123077	51.0853	0.381579	77.9367	-0.183446
3	Gm03_27628414	27628414	27.6284	0.415385	50.2213	0.0131579	78.302	-0.192884
3	Gm03_27629960	27629960	27.63	0.430769	49.1793	0.605263	77.7553	-0.198947
3	Gm03_27630293	27630293	27.6303	0.338462	49.8359	0.0131579	78.0944	-0.195078
3	Gm03_27630367	27630367	27.6304	0.430769	50.1342	0.605263	77.5436	-0.189412
3	Gm03_27630649	27630649	27.6306	0.430769	50.1237	0.605263	77.4279	-0.188855
3	Gm03_27651483	27651483	27.6515	0.446154	50.1123	0.605263	77.3122	-0.188304
3	Gm03_27651773	27651773	27.6518	0.138462	50.0845	0.381579	77.1826	-0.187816
3	Gm03_27651808	27651808	27.6518	0.446154	49.8283	0.605263	77.0609	-0.189358
3	Gm03_27664485	27664485	27.6645	0.230769	53.7069	0.394737	76.9181	-0.155998
3	Gm03_27680817	27680817	27.6808	0.153846	53.9892	0.381579	77.032	-0.154365
3	Gm03_27680826	27680826	27.6808	0.153846	54.1597	0.381579	77.1688	-0.153765
3	Gm03_27680948	27680948	27.6809	0.769231	53.9551	0.618421	77.0498	-0.154739
3	Gm03_27680995	27680995	27.681	0.153846	54.4963	0.381579	76.8689	-0.149384
3	Gm03_27743251	27743251	27.7433	0.138462	54.5009	0.381579	76.7462	-0.148653
3	Gm03_27754396	27754396	27.7544	0.384615	52.2492	0.0263158	76.9428	-0.168088
3	Gm03_27754401	27754401	27.7544	0.384615	52.4027	0.0263158	77.0469	-0.167402
3	Gm03_27754499	27754499	27.7545	0.153846	52.4739	0.381579	76.0466	-0.161137
3	Gm03_27754710	27754710	27.7547	0.461538	52.2444	0.578947	75.8315	-0.16181
3	Gm03_27757578	27757578	27.7576	0.384615	52.2773	0.0263158	76.1473	-0.163341
3	Gm03_27759210	27759210	27.7592	0.461538	52.3118	0.578947	75.586	-0.159842
3	Gm03_27776921	27776921	27.7769	0.123077	53.0057	0.381579	75.4988	-0.153618
3	Gm03_27803061	27803061	27.8031	0.138462	52.982	0.394737	75.4041	-0.153266
3	Gm03_27830955	27830955	27.831	0.215385	52.4254	0.394737	75.2814	-0.157146
3	Gm03_27857140	27857140	27.8571	0.4	51.8649	0.578947	75.1046	-0.160793
3	Gm03_27865472	27865472	27.8655	0.384615	51.8326	0.0263158	75.3415	-0.162431
3	Gm03_27877169	27877169	27.8772	0.215385	52.4894	0.394737	74.8238	-0.153968
3	Gm03_27904350	27904350	27.9044	0.123077	52.7736	0.381579	74.7308	-0.151083
3	Gm03_27914206	27914206	27.9142	0.123077	52.7717	0.381579	74.5893	-0.150276
3	Gm03_27928516	27928516	27.9285	0.384615	51.9366	0.0263158	74.8174	-0.158529
3	Gm03_27935723	27935723	27.9357	0.384615	52.0964	0.592105	74.3635	-0.154552
3	Gm03_27941025	27941025	27.941	0.123077	52.3511	0.381579	74.2331	-0.151672
3	Gm03_27958859	27958859	27.9589	0.461538	51.9423	0.0394737	73.961	-0.153482
3	Gm03_27958864	27958864	27.9589	0.153846	52.2791	0.394737	73.5368	-0.148177
3	Gm03_27959081	27959081	27.9591	0.461538	53.1289	0.0394737	77.8157	-0.165736
3	Gm03_27962694	27962694	27.9627	0.384615	53.1628	0.0263158	78.6065	-0.16985
3	Gm03_27962894	27962894	27.9629	0.384615	53.1609	0.0263158	78.4744	-0.169136
3	Gm03_27962912	27962912	27.9629	0.384615	53.1327	0.0263158	78.3395	-0.168618
3	Gm03_27962931	27962931	27.9629	0.384615	53.0784	0.0263158	78.2018	-0.168299
3	Gm03_27962949	27962949	27.9629	0.461538	52.6783	0.0263158	77.9708	-0.1703
3	Gm03_27962984	27962984	27.963	0.384615	52.6478	0.0263158	77.8331	-0.169784
3	Gm03_27965719	27965719	27.9657	0.461538	52.5689	0.0263158	77.6947	-0.169662
3	Gm03_27965742	27965742	27.9657	0.384615	52.6789	0.0263158	77.557	-0.167985
3	Gm03_27965900	27965900	27.9659	0.384615	52.6245	0.0263158	77.4193	-0.167661
3	Gm03_27969356	27969356	27.9694	0.123077	52.0533	0.381579	72.7529	-0.145402
3	Gm03_28016808	28016808	28.0168	0.384615	51.4039	0.578947	72.4376	-0.148968
3	Gm03_28164547	28164547	28.1645	0.123077	52.0342	0.381579	72.481	-0.143935
3	Gm03_28164563	28164563	28.1646	0.123077	51.8441	0.381579	72.1658	-0.143633
3	Gm03_28213650	28213650	28.2137	0.123077	51.7897	0.381579	72.0282	-0.143259
3	Gm03_28257284	28257284	28.2573	0.4	51.792	0.565789	69.4568	-0.127452
3	Gm03_28257467	28257467	28.2575	0.476923	51.5687	0.565789	69.3441	-0.128623
3	Gm03_28257487	28257487	28.2575	0.4	51.5334	0.565789	69.2277	-0.128191
3	Gm03_28257498	28257498	28.2575	0.476923	51.522	0.565789	69.1112	-0.127556
3	Gm03_28257504	28257504	28.2575	0.476923	51.4676	0.565789	68.9948	-0.127283
3	Gm03_28257525	28257525	28.2575	0.4	51.3703	0.565789	68.8784	-0.127371
3	Gm03_28261852	28261852	28.2619	0.461538	51.246	0.552632	67.5492	-0.119961
3	Gm03_28298564	28298564	28.2986	0.384615	51.2419	0.539474	67.3488	-0.118704
3	Gm03_28298583	28298583	28.2986	0.384615	50.86	0.0657895	67.5269	-0.1231
3	Gm03_28301599	28301599	28.3016	0.123077	51.0168	0.381579	67.0583	-0.118739
3	Gm03_28314675	28314675	28.3147	0.492308	50.6473	0.552632	66.9039	-0.120895
3	Gm03_28365400	28365400	28.3654	0.461538	50.496	0.0657895	67.0244	-0.122976
3	Gm03_28379236	28379236	28.3792	0.138462	50.8579	0.394737	66.847	-0.118723
3	Gm03_28379559	28379559	28.3796	0.384615	50.6822	0.0263158	67.4115	-0.123879
3	Gm03_28379737	28379737	28.3797	0.415385	50.8371	0.552632	66.8141	-0.118687
3	Gm03_28379783	28379783	28.3798	0.123077	51.511	0.381579	66.787	-0.112792
3	Gm03_28433748	28433748	28.4337	0.138462	51.3963	0.394737	66.6781	-0.113051
3	Gm03_28433758	28433758	28.4338	0.138462	51.3019	0.394737	66.5613	-0.113089
3	Gm03_28434218	28434218	28.4342	0.461538	50.4369	0.0657895	66.7039	-0.121402
3	Gm03_28447296	28447296	28.4473	0.138462	55.3902	0.394737	67.0431	-0.0829212
3	Gm03_28447918	28447918	28.4479	0.138462	55.2958	0.394737	66.9264	-0.0829054
3	Gm03_28454538	28454538	28.4545	0.2	54.7578	0.381579	66.7929	-0.0862846
3	Gm03_28454730	28454730	28.4547	0.784615	54.6541	0.618421	66.6761	-0.0863475
3	Gm03_28478932	28478932	28.4789	0.769231	54.5297	0.605263	66.7794	-0.0880093
3	Gm03_28479033	28479033	28.479	0.153846	55.5012	0.381579	66.6855	-0.0797294
3	Gm03_28490142	28490142	28.4901	0.123077	55.4784	0.381579	66.5688	-0.0791468
3	Gm03_28490410	28490410	28.4904	0.2	54.9794	0.394737	66.3247	-0.0814758
3	Gm03_28505147	28505147	28.5051	0.769231	54.1216	0.618421	66.3786	-0.0886577
3	Gm03_28525650	28525650	28.5256	0.815385	55.3039	0.565789	65.8892	-0.0760583
3	Gm03_28525835	28525835	28.5258	0.107692	55.7202	0.394737	65.9001	-0.0728737
3	Gm03_28535350	28535350	28.5354	0.123077	55.9172	0.381579	65.777	-0.0705285
3	Gm03_28594537	28594537	28.5945	0.123077	55.8408	0.381579	65.6577	-0.070334
3	Gm03_30994025	30994025	30.994	0.153846	62.7491	0.0394737	87.3351	-0.143581
3	Gm03_31013575	31013575	31.0136	0.153846	62.9499	0.0394737	87.4707	-0.142867
3	Gm03_31013711	31013711	31.0137	0.615385	58.0242	0.157895	81.6518	-0.148356
3	Gm03_31088043	31088043	31.088	0.815385	61.4174	0.197368	81.7691	-0.124298
3	Gm03_31088069	31088069	31.0881	0.184615	61.1524	0.0526316	81.9911	-0.127353
3	Gm03_31090477	31090477	31.0905	0.815385	61.4149	0.197368	82.1065	-0.126104
3	Gm03_31092544	31092544	31.0925	0.615385	61.5882	0.118421	82.3989	-0.126424
3	Gm03_31123028	31123028	31.123	0.615385	61.7111	0.105263	82.3638	-0.125373
3	Gm03_31123892	31123892	31.1239	0.661538	61.983	0.157895	82.398	-0.123644
3	Gm03_31137255	31137255	31.1373	0.815385	62.127	0.197368	82.1488	-0.121321
3	Gm03_31141760	31141760	31.1418	0.615385	62.2028	0.105263	82.4768	-0.122522
3	Gm03_31145833	31145833	31.1458	0.661538	62.7078	0.157895	82.6075	-0.119698
3	Gm03_31145863	31145863	31.1459	0.830769	63.0641	0.197368	82.6385	-0.1174
3	Gm03_31145876	31145876	31.1459	0.661538	63.458	0.157895	83.2132	-0.117706
3	Gm03_31147017	31147017	31.147	0.646154	63.6546	0.157895	83.3592	-0.117124
3	Gm03_31148326	31148326	31.1483	0.676923	63.8931	0.157895	83.5053	-0.11626
3	Gm03_31148661	31148661	31.1487	0.630769	62.7659	0.157895	83.6513	-0.124749
3	Gm03_31158848	31158848	31.1588	0.661538	64.4475	0.157895	83.5539	-0.11276
3	Gm03_31173558	31173558	31.1736	0.615385	64.5465	0.105263	83.8071	-0.113409
3	Gm03_31179044	31179044	31.179	0.615385	64.8136	0.105263	83.9532	-0.112371
3	Gm03_31203068	31203068	31.2031	0.830769	65.1247	0.197368	83.44	-0.107629
3	Gm03_31203073	31203073	31.2031	0.830769	65.3902	0.197368	83.586	-0.106621
3	Gm03_31203100	31203100	31.2031	0.646154	65.6129	0.118421	84.3323	-0.109005
3	Gm03_31211891	31211891	31.2119	0.646154	65.9168	0.105263	84.6455	-0.108608
3	Gm03_31231336	31231336	31.2313	0.646154	69.0573	0.144737	84.4512	-0.0873964
3	Gm03_31231558	31231558	31.2316	0.630769	67.8763	0.144737	84.5977	-0.0956405
3	Gm03_31231770	31231770	31.2318	0.676923	69.2849	0.157895	84.8773	-0.0881533
3	Gm03_31233111	31233111	31.2331	0.646154	69.648	0.157895	85.1668	-0.0873614
3	Gm03_31235195	31235195	31.2352	0.646154	69.945	0.157895	85.3138	-0.0862631
3	Gm03_31235405	31235405	31.2354	0.646154	70.3097	0.157895	85.6941	-0.0859356
3	Gm03_31307813	31307813	31.3078	0.661538	70.6231	0.131579	85.9405	-0.0852511
3	Gm03_31330571	31330571	31.3306	0.153846	70.7935	0.0394737	86.0045	-0.0845277
3	Gm03_31330615	31330615	31.3306	0.676923	70.917	0.131579	86.0791	-0.0841473
3	Gm03_31350102	31350102	31.3501	0.646154	71.1097	0.131579	86.2262	-0.0837106
3	Gm03_31350283	31350283	31.3503	0.830769	71.653	0.197368	86.3686	-0.0811215
3	Gm03_31350291	31350291	31.3503	0.676923	71.7885	0.157895	86.7499	-0.0822143
3	Gm03_31356710	31356710	31.3567	0.676923	71.944	0.157895	86.897	-0.0820102
3	Gm03_31361833	31361833	31.3618	0.646154	72.046	0.157895	87.0441	-0.0821296
3	Gm03_31361880	31361880	31.3619	0.0307692	72.102	0.0526316	82.639	-0.0592377
3	Gm03_31361901	31361901	31.3619	0.153846	72.4853	0.0394737	89.3009	-0.0906062
3	Gm03_31385086	31385086	31.3851	0.646154	72.1773	0.131579	89.1835	-0.0918841
3	Gm03_31385407	31385407	31.3854	0.815385	72.5644	0.197368	89.4094	-0.0906599
3	Gm03_31399584	31399584	31.3996	0.646154	72.8584	0.131579	90.2128	-0.0927886
3	Gm03_31399791	31399791	31.3998	0.646154	73.0687	0.131579	90.5686	-0.0932465
3	Gm03_31420570	31420570	31.4206	0.676923	73.2202	0.157895	90.7358	-0.0931476
3	Gm03_31442313	31442313	31.4423	0.661538	73.3141	0.131579	91.2125	-0.0948671
3	Gm03_31442562	31442562	31.4426	0.661538	73.4085	0.131579	91.4655	-0.0955111
3	Gm03_31445718	31445718	31.4457	0.676923	73.5007	0.118421	91.7472	-0.0963011
3	Gm03_31474364	31474364	31.4744	0.661538	73.6011	0.105263	91.8278	-0.0960901
3	Gm03_31475671	31475671	31.4757	0.661538	73.6953	0.118421	92.1303	-0.0969626
3	Gm03_31481294	31481294	31.4813	0.815385	74.0806	0.197368	91.7203	-0.0927613
3	Gm03_31489312	31489312	31.4893	0.815385	74.2239	0.197368	91.9741	-0.0931215
3	Gm03_31498793	31498793	31.4988	0.830769	74.3523	0.210526	90.7988	-0.0867858
3	Gm03_31499210	31499210	31.4992	0.830769	74.3985	0.197368	92.8177	-0.0960666
3	Gm03_31505187	31505187	31.5052	0.676923	73.7931	0.118421	93.4074	-0.102366
3	Gm03_31505217	31505217	31.5052	0.661538	73.8041	0.118421	93.6898	-0.103612
3	Gm03_31505472	31505472	31.5055	0.661538	73.8312	0.118421	93.9721	-0.104759
3	Gm03_31513190	31513190	31.5132	0.815385	74.1716	0.197368	93.5637	-0.10087
3	Gm03_31523423	31523423	31.5234	0.8	74.2114	0.184211	93.676	-0.101157
3	Gm03_31551452	31551452	31.5515	0.8	74.2739	0.197368	94.1111	-0.102805
3	Gm03_31551502	31551502	31.5515	0.8	74.3364	0.197368	94.3959	-0.103751
3	Gm03_31551600	31551600	31.5516	0.646154	73.7694	0.157895	94.7291	-0.108607
3	Gm03_31551856	31551856	31.5519	0.676923	75.5329	0.157895	95.0095	-0.0996308
3	Gm03_31564737	31564737	31.5647	0.153846	76.2048	0.0394737	96.2919	-0.101607
3	Gm03_31590351	31590351	31.5904	0.784615	73.0295	0.171053	96.2142	-0.119741
3	Gm03_31590423	31590423	31.5904	0.153846	73.2294	0.0394737	96.7034	-0.120756
3	Gm03_31590489	31590489	31.5905	0.784615	73.6425	0.171053	96.7958	-0.118728
3	Gm03_31590661	31590661	31.5907	0.784615	73.7427	0.171053	97.0746	-0.119387
3	Gm03_31590681	31590681	31.5907	0.784615	73.8429	0.171053	97.3535	-0.120043
3	Gm03_31590712	31590712	31.5907	0.630769	73.4328	0.0921053	97.6413	-0.123744
3	Gm03_31728605	31728605	31.7286	0.630769	73.5329	0.131579	97.8964	-0.124285
3	Gm03_31728667	31728667	31.7287	0.153846	73.669	0.0394737	98.1064	-0.124413
3	Gm03_31728802	31728802	31.7288	0.630769	73.3598	0.131579	97.926	-0.12544
3	Gm03_31728840	31728840	31.7288	0.630769	73.46	0.131579	98.2021	-0.12607
3	Gm03_31756354	31756354	31.7564	0.630769	73.5601	0.0921053	98.5784	-0.127139
3	Gm03_31756526	31756526	31.7565	0.153846	73.752	0.0394737	98.8459	-0.127185
3	Gm03_31756532	31756532	31.7565	0.784615	84.0134	0.171053	99.0994	-0.0717226
3	Gm03_31783395	31783395	31.7834	0.8	84.1131	0.171053	99.3754	-0.0724152
3	Gm03_31783794	31783794	31.7838	0.784615	84.3108	0.144737	98.3675	-0.0669684
3	Gm03_31789973	31789973	31.79	0.784615	84.4677	0.131579	100.407	-0.0750733
3	Gm03_31790306	31790306	31.7903	0.784615	84.6885	0.131579	100.756	-0.075445
3	Gm03_31791902	31791902	31.7919	0.784615	84.8454	0.131579	101.051	-0.0759116
3	Gm03_31846894	31846894	31.8469	0.815385	88.6411	0.25	95.4101	-0.0319593
3	Gm03_31944702	31944702	31.9447	0.0615385	104.678	0.736842	94.7452	0.0432964
3	Gm03_31958058	31958058	31.9581	0.0615385	105.027	0.75	95.0165	0.0435011
3	Gm03_31958279	31958279	31.9583	0.0615385	105.376	0.776316	95.7356	0.0416682
3	Gm03_31998660	31998660	31.9987	0.0615385	105.725	0.736842	96.0742	0.0415717
3	Gm03_32022018	32022018	32.022	0.0615385	106.074	0.736842	96.4018	0.0415252
3	Gm03_32044805	32044805	32.0448	0.0461538	106.32	0.763158	96.7488	0.0409679
3	Gm03_32073826	32073826	32.0738	0.0615385	106.792	0.763158	97.0988	0.0413239
3	Gm03_32094220	32094220	32.0942	0.0769231	106.132	0.736842	97.4901	0.0368859
3	Gm03_32094842	32094842	32.0948	0.0615385	108.942	0.763158	97.9448	0.0462144
3	Gm03_32094857	32094857	32.0949	0.0615385	109.318	0.763158	98.2626	0.0463031
3	Gm03_32105619	32105619	32.1056	0.0615385	109.694	0.776316	98.591	0.046345
3	Gm03_32119869	32119869	32.1199	0.0615385	110.07	0.776316	98.9089	0.0464327
3	Gm03_32150933	32150933	32.1509	0.0615385	110.446	0.736842	99.1134	0.0470166
3	Gm03_32155068	32155068	32.1551	0.0615385	110.822	0.736842	99.4312	0.0471015
3	Gm03_32196950	32196950	32.197	0.0615385	111.206	0.736842	99.7556	0.0471912
3	Gm03_32198835	32198835	32.1988	0.0615385	111.582	0.736842	99.9668	0.0477363
3	Gm03_32200399	32200399	32.2004	0.0615385	111.682	0.736842	100.031	0.0478471
3	Gm03_32247153	32247153	32.2472	0.0615385	111.728	0.776316	100.265	0.0470139
3	Gm03_32247314	32247314	32.2473	0.0615385	111.774	0.776316	100.363	0.0467663
3	Gm03_32269370	32269370	32.2694	0.0615385	111.79	0.776316	100.415	0.046603
3	Gm03_32269671	32269671	32.2697	0.0615385	112.052	0.776316	100.835	0.0458051
3	Gm03_32294575	32294575	32.2946	0.0615385	112.065	0.736842	100.803	0.0459959
3	Gm03_32294588	32294588	32.2946	0.0615385	112.078	0.736842	100.901	0.0456244
3	Gm03_32294774	32294774	32.2948	0.0615385	112.092	0.736842	101	0.0452533
3	Gm03_32326465	32326465	32.3265	0.0615385	112.22	0.736842	101.249	0.0446771
3	Gm03_32326525	32326525	32.3265	0.0615385	112.233	0.736842	101.348	0.0443073
3	Gm03_32371027	32371027	32.371	0.0615385	112.247	0.776316	101.812	0.0423755
3	Gm03_32371911	32371911	32.3719	0.0615385	112.26	0.776316	101.91	0.0420081
3	Gm03_32371944	32371944	32.3719	0.0615385	112.273	0.776316	102.008	0.0416411
3	Gm03_32371961	32371961	32.372	0.0615385	112.273	0.763158	102.032	0.0415369
3	Gm03_32372240	32372240	32.3722	0.0615385	112.286	0.763158	102.131	0.0411704
3	Gm03_32372255	32372255	32.3723	0.0615385	112.299	0.776316	102.341	0.0403292
3	Gm03_32380027	32380027	32.38	0.0615385	112.313	0.776316	102.439	0.039964
3	Gm03_32389765	32389765	32.3898	0.0615385	112.308	0.776316	102.509	0.0396492
3	Gm03_32434475	32434475	32.4345	0.0615385	112.312	0.776316	102.607	0.0392514
3	Gm03_32437120	32437120	32.4371	0.0615385	112.309	0.776316	102.705	0.0388208
3	Gm03_32443073	32443073	32.4431	0.0615385	112.305	0.776316	102.803	0.0383906
3	Gm03_32480032	32480032	32.48	0.0615385	112.36	0.736842	102.871	0.0383182
3	Gm03_32482352	32482352	32.4824	0.107692	105.335	0.0394737	102.782	0.0106539
3	Gm03_32488591	32488591	32.4886	0.0615385	120.809	0.736842	103.802	0.065894
3	Gm03_32492329	32492329	32.4923	0.0615385	120.908	0.736842	103.909	0.0658019
3	Gm03_32540392	32540392	32.5404	0.0615385	120.99	0.736842	104.017	0.0656488
3	Gm03_32540443	32540443	32.5404	0.0615385	121.055	0.75	103.89	0.0664078
3	Gm03_32545732	32545732	32.5457	0.0615385	121.119	0.736842	104.49	0.0641371
3	Gm03_32545741	32545741	32.5457	0.0615385	121.184	0.736842	104.601	0.0639076
3	Gm03_32546048	32546048	32.546	0.0615385	121.248	0.736842	104.712	0.0636783
3	Gm03_32556849	32556849	32.5568	0.0615385	121.312	0.736842	104.823	0.0634495
3	Gm03_32556901	32556901	32.5569	0.0615385	121.654	0.736842	105.253	0.0628913
3	Gm03_32557079	32557079	32.5571	0.0615385	121.765	0.736842	105.418	0.0626092
3	Gm03_32567486	32567486	32.5675	0.0615385	121.829	0.736842	105.528	0.0623824
3	Gm03_32567550	32567550	32.5675	0.0615385	121.557	0.736842	105.231	0.0626357
3	Gm03_32567703	32567703	32.5677	0.0615385	121.576	0.736842	105.342	0.062245
3	Gm03_32567722	32567722	32.5677	0.0615385	121.595	0.736842	105.453	0.0618547
3	Gm03_32583841	32583841	32.5838	0.0615385	121.609	0.736842	105.564	0.0614488
3	Gm03_32583876	32583876	32.5839	0.0615385	121.582	0.736842	105.624	0.0611069
3	Gm03_32584202	32584202	32.5842	0.0615385	121.592	0.736842	105.735	0.0606855
3	Gm03_32584238	32584238	32.5842	0.0615385	121.601	0.736842	105.811	0.0604059
3	Gm03_32584465	32584465	32.5845	0.0615385	121.662	0.736842	105.922	0.0601681
3	Gm03_32588118	32588118	32.5881	0.0615385	121.671	0.736842	105.963	0.0600301
3	Gm03_32598407	32598407	32.5984	0.0615385	121.679	0.736842	106.004	0.0598923
3	Gm03_32610098	32610098	32.6101	0.0615385	121.366	0.736842	105.593	0.0604626
3	Gm03_36320834	36320834	36.3208	0.107692	27.9939	0.0394737	49.305	-0.245827
3	Gm03_36351333	36351333	36.3513	0.353846	22.4283	0.105263	48.9772	-0.339199
3	Gm03_36367606	36367606	36.3676	0.4	22.6479	0.105263	48.5217	-0.330909
3	Gm03_36380402	36380402	36.3804	0.276923	21.2477	0.171053	44.7052	-0.323047
3	Gm03_36409785	36409785	36.4098	0.415385	21.2475	0.171053	45.2811	-0.328608
3	Gm03_36409803	36409803	36.4098	0.4	21.1674	0.131579	45.1941	-0.329415
3	Gm03_36409995	36409995	36.41	0.369231	21.1467	0.0789474	45.171	-0.329616
3	Gm03_36410035	36410035	36.41	0.415385	21.1535	0.171053	44.873	-0.326602
3	Gm03_36414446	36414446	36.4144	0.384615	21.1617	0.118421	44.405	-0.321882
3	Gm03_36426033	36426033	36.426	0.292308	20.9936	0.210526	43.9633	-0.321004
3	Gm03_36451718	36451718	36.4517	0.323077	20.7803	0.710526	43.7908	-0.323732
3	Gm03_36469063	36469063	36.4691	0.338462	22.6676	0.197368	44.3586	-0.291571
3	Gm03_36469336	36469336	36.4693	0.338462	22.6729	0.197368	44.2568	-0.290473
3	Gm03_36603803	36603803	36.6038	0.323077	27.1069	0.578947	40.0846	-0.169898
3	Gm03_36603835	36603835	36.6038	0.2	27.9674	0.5	39.4307	-0.149183
3	Gm03_36655715	36655715	36.6557	0.0769231	30.5692	0.0657895	46.1862	-0.179228
3	Gm03_36657388	36657388	36.6574	0.0923077	30.5499	0.0263158	46.2904	-0.180482
3	Gm03_36665800	36665800	36.6658	0.0923077	30.6311	0.0526316	46.2776	-0.179208
3	Gm03_36705560	36705560	36.7056	0.0923077	30.6638	0.0394737	46.3671	-0.179583
3	Gm03_36705623	36705623	36.7056	0.0769231	30.8638	0.0394737	46.4428	-0.17747
3	Gm03_36705923	36705923	36.7059	0.0769231	30.8767	0.0394737	46.382	-0.176718
3	Gm03_36725022	36725022	36.725	0.307692	28.6938	0.710526	44.067	-0.186326
3	Gm03_36725164	36725164	36.7252	0.307692	28.7879	0.710526	44.1263	-0.185487
3	Gm03_36725191	36725191	36.7252	0.307692	28.8323	0.710526	44.0583	-0.184149
3	Gm03_36762935	36762935	36.7629	0.107692	30.0983	0.0263158	46.1671	-0.185791
3	Gm03_36763002	36763002	36.763	0.107692	30.0492	0.0263158	45.997	-0.184897
3	Gm03_36808928	36808928	36.8089	0.246154	29.4941	0.526316	40.6637	-0.139473
3	Gm03_36825665	36825665	36.8257	0.0923077	29.7199	0.0263158	41.0318	-0.140073
3	Gm03_36827453	36827453	36.8275	0.246154	29.5677	0.526316	40.541	-0.137077
3	Gm03_36831144	36831144	36.8311	0.107692	34.2967	0.0657895	46.3665	-0.130951
3	Gm03_36836099	36836099	36.8361	0.107692	34.3406	0.0657895	46.4598	-0.13127
3	Gm03_36839949	36839949	36.8399	0.107692	34.3845	0.0657895	46.4135	-0.130281
3	Gm03_36839959	36839959	36.84	0.0923077	34.6502	0.0657895	46.3671	-0.126504
3	Gm03_36879213	36879213	36.8792	0.138462	33.7119	0.0394737	46.717	-0.141692
3	Gm03_36890198	36890198	36.8902	0.138462	33.7557	0.0263158	46.7191	-0.141147
3	Gm03_36890545	36890545	36.8905	0.138462	33.757	0.0263158	46.6326	-0.140326
3	Gm03_36896473	36896473	36.8965	0.138462	33.8004	0.0394737	46.5343	-0.138851
3	Gm03_36896712	36896712	36.8967	0.138462	33.8438	0.0394737	46.4803	-0.137789
3	Gm03_36897225	36897225	36.8972	0.138462	33.8872	0.0394737	46.4262	-0.136728
3	Gm03_36898050	36898050	36.898	0.138462	33.9306	0.0394737	46.3722	-0.135666
3	Gm03_36898080	36898080	36.8981	0.138462	33.974	0.0263158	46.6913	-0.138089
3	Gm03_36963919	36963919	36.9639	0.0461538	34.3	0.0131579	46.8355	-0.135282
3	Gm03_36987002	36987002	36.987	0.0923077	32.6692	0.0657895	45.7208	-0.145976
