chr	id	pos	freq	ihh1	ihh0	ihs
3	Gm03_2170161	2170161	0.0855263	0.547694	-0.547694	0.547694
3	Gm03_2170172	2170172	0.0855263	0.547694	-0.547694	0.547694
3	Gm03_2170187	2170187	0.388158	0.129746	-0.129746	0.129746
3	Gm03_2174279	2174279	0.105263	0.343779	-0.343779	0.343779
3	Gm03_2174342	2174342	0.1875	-0.047064	0.047064	-0.047064
3	Gm03_2223619	2223619	0.0592105	0.382571	-0.382571	0.382571
3	Gm03_2241811	2241811	0.131579	0.239341	-0.239341	0.239341
3	Gm03_2256807	2256807	0.348684	0.160406	-0.160406	0.160406
3	Gm03_2256846	2256846	0.480263	-0.185858	0.185858	-0.185858
3	Gm03_2279383	2279383	0.184211	0.508153	-0.508153	0.508153
3	Gm03_2287037	2287037	0.230263	0.314376	-0.314376	0.314376
3	Gm03_2306160	2306160	0.480263	-0.0218729	0.0218729	-0.0218729
3	Gm03_2306200	2306200	0.194079	0.541263	-0.541263	0.541263
3	Gm03_2308244	2308244	0.194079	0.542155	-0.542155	0.542155
3	Gm03_2308291	2308291	0.351974	0.209467	-0.209467	0.209467
3	Gm03_2308307	2308307	0.194079	0.574634	-0.574634	0.574634
3	Gm03_2308427	2308427	0.361842	0.414029	-0.41661	0.414029
3	Gm03_2308434	2308434	0.0855263	0.424028	-0.424028	0.424028
3	Gm03_2383288	2383288	0.483553	0.384306	-0.384306	0.384306
3	Gm03_2393002	2393002	0.0690789	0.189421	-0.189421	0.189421
3	Gm03_2393015	2393015	0.0690789	0.189421	-0.189421	0.189421
3	Gm03_2393258	2393258	0.0690789	0.189421	-0.189421	0.189421
3	Gm03_2396011	2396011	0.332237	0.0949352	-0.0949352	0.0949352
3	Gm03_2399482	2399482	0.263158	0.2568	-0.2568	0.2568
3	Gm03_2456699	2456699	0.233553	-0.0864853	0.0864853	-0.0864853
3	Gm03_2469885	2469885	0.233553	-0.0892639	0.0892639	-0.0892639
3	Gm03_2505268	2505268	0.138158	0.240242	-0.240242	0.240242
3	Gm03_2505332	2505332	0.134868	0.263752	-0.263752	0.263752
3	Gm03_2505495	2505495	0.233553	-0.018455	0.018455	-0.018455
3	Gm03_2505542	2505542	0.184211	0.0101444	-0.0101444	0.0101444
3	Gm03_2582455	2582455	0.1875	0.165873	-0.165873	0.165873
3	Gm03_2582664	2582664	0.171053	0.0842054	-0.0842054	0.0842054
3	Gm03_2582707	2582707	0.355263	-0.329701	0.326973	-0.326973
3	Gm03_2749633	2749633	0.171053	0.229657	-0.229657	0.229657
3	Gm03_2749646	2749646	0.157895	0.11352	-0.11352	0.11352
3	Gm03_2749700	2749700	0.273026	0.582022	-0.582022	0.582022
3	Gm03_2758562	2758562	0.115132	0.429043	-0.429043	0.429043
3	Gm03_2758780	2758780	0.194079	-0.0414041	0.0414041	-0.0414041
3	Gm03_2758829	2758829	0.118421	0.407519	-0.407519	0.407519
3	Gm03_2761968	2761968	0.384868	0.236736	-0.236736	0.236736
3	Gm03_2761980	2761980	0.118421	0.301457	-0.301457	0.301457
3	Gm03_2761992	2761992	0.118421	0.301457	-0.301457	0.301457
3	Gm03_2762255	2762255	0.111842	0.356319	-0.356319	0.356319
3	Gm03_2762271	2762271	0.111842	0.356319	-0.356319	0.356319
3	Gm03_2762333	2762333	0.115132	0.329059	-0.329059	0.329059
3	Gm03_2768520	2768520	0.184211	-0.0727288	0.0727288	-0.0727288
3	Gm03_2790679	2790679	0.141447	0.160535	-0.160535	0.160535
3	Gm03_2790797	2790797	0.358553	-0.392109	0.392109	-0.392109
3	Gm03_2790829	2790829	0.200658	0.0710937	-0.0710937	0.0710937
3	Gm03_2817042	2817042	0.194079	0.100976	-0.100976	0.100976
3	Gm03_2817415	2817415	0.194079	0.100976	-0.100976	0.100976
3	Gm03_2817426	2817426	0.194079	0.100976	-0.100976	0.100976
3	Gm03_2880635	2880635	0.118421	0.30135	-0.30135	0.30135
3	Gm03_2880646	2880646	0.115132	0.32704	-0.32704	0.32704
3	Gm03_2880678	2880678	0.190789	0.131641	-0.131641	0.131641
3	Gm03_2880873	2880873	0.190789	0.131641	-0.131641	0.131641
3	Gm03_2892902	2892902	0.190789	0.131641	-0.131641	0.131641
3	Gm03_2893150	2893150	0.325658	-0.282763	0.282763	-0.282763
3	Gm03_2893179	2893179	0.361842	-0.400953	0.400953	-0.400953
3	Gm03_2902831	2902831	0.121711	0.286343	-0.286343	0.286343
3	Gm03_2906975	2906975	0.256579	-0.307217	0.293068	-0.293068
3	Gm03_2906997	2906997	0.256579	-0.307217	0.293068	-0.293068
3	Gm03_2907026	2907026	0.108553	0.0614242	-0.0687683	0.0614242
3	Gm03_2913496	2913496	0.105263	0.480687	-0.480687	0.480687
3	Gm03_2913677	2913677	0.148026	0.11071	-0.11071	0.11071
3	Gm03_2915224	2915224	0.105263	0.477107	-0.477107	0.477107
3	Gm03_2931700	2931700	0.269737	-0.182732	0.182732	-0.182732
3	Gm03_2932923	2932923	0.0789474	0.0258294	-0.0258294	0.0258294
3	Gm03_2932961	2932961	0.269737	-0.223163	0.223163	-0.223163
3	Gm03_2942831	2942831	0.365132	-0.486294	0.486294	-0.486294
3	Gm03_2967247	2967247	0.148026	0.202209	-0.202209	0.202209
3	Gm03_2967502	2967502	0.0888158	0.118086	-0.118086	0.118086
3	Gm03_2967539	2967539	0.105263	0.488218	-0.488218	0.488218
3	Gm03_2969353	2969353	0.0953947	0.27946	-0.27946	0.27946
3	Gm03_2969365	2969365	0.223684	-0.365589	0.351528	-0.351528
3	Gm03_2969648	2969648	0.1875	-0.207595	0.207595	-0.207595
3	Gm03_2978158	2978158	0.161184	-0.225747	0.215502	-0.215502
3	Gm03_8865775	8865775	0.292763	0.241839	-0.241839	0.241839
3	Gm03_8867927	8867927	0.286184	0.258045	-0.258045	0.258045
3	Gm03_8878979	8878979	0.319079	0.143533	-0.143533	0.143533
3	Gm03_8879242	8879242	0.319079	0.143533	-0.143533	0.143533
3	Gm03_8916353	8916353	0.118421	0.242623	-0.242623	0.242623
3	Gm03_8919958	8919958	0.286184	0.272921	-0.272921	0.272921
3	Gm03_8919967	8919967	0.115132	0.273116	-0.273116	0.273116
3	Gm03_8922613	8922613	0.282895	0.28246	-0.28246	0.28246
3	Gm03_8989577	8989577	0.404605	-0.116306	0.116306	-0.116306
3	Gm03_8989840	8989840	0.115132	0.253926	-0.253926	0.253926
3	Gm03_9004521	9004521	0.0526316	0.0805409	-0.0805409	0.0805409
3	Gm03_9033101	9033101	0.279605	0.281579	-0.281579	0.281579
3	Gm03_9033116	9033116	0.496711	0.398921	-0.398921	0.398921
3	Gm03_9075063	9075063	0.444079	-0.222579	0.222579	-0.222579
3	Gm03_9075302	9075302	0.483553	-0.350698	0.350698	-0.350698
3	Gm03_9101584	9101584	0.404605	-0.111689	0.111689	-0.111689
3	Gm03_9111683	9111683	0.351974	-0.0183582	0.0183582	-0.0183582
3	Gm03_9132426	9132426	0.253289	0.286242	-0.286242	0.286242
3	Gm03_9157412	9157412	0.256579	0.270518	-0.270518	0.270518
3	Gm03_9157597	9157597	0.256579	0.270518	-0.270518	0.270518
3	Gm03_9157865	9157865	0.0986842	0.257456	-0.257456	0.257456
3	Gm03_9186368	9186368	0.424342	-0.274989	0.274989	-0.274989
3	Gm03_9193234	9193234	0.0986842	0.256501	-0.256501	0.256501
3	Gm03_9193404	9193404	0.302632	0.103016	-0.103016	0.103016
3	Gm03_9217240	9217240	0.0986842	0.249878	-0.249878	0.249878
3	Gm03_9219474	9219474	0.256579	0.27536	-0.27536	0.27536
3	Gm03_9219513	9219513	0.305921	0.0803368	-0.0803368	0.0803368
3	Gm03_9232286	9232286	0.0986842	0.235687	-0.235687	0.235687
3	Gm03_9243089	9243089	0.0986842	0.235687	-0.235687	0.235687
3	Gm03_9243114	9243114	0.253289	0.286476	-0.286476	0.286476
3	Gm03_9258861	9258861	0.0986842	0.236068	-0.236068	0.236068
3	Gm03_9259120	9259120	0.309211	0.0787815	-0.0787815	0.0787815
3	Gm03_9321658	9321658	0.309211	0.0737942	-0.0737942	0.0737942
3	Gm03_9396032	9396032	0.0953947	-0.00636122	0.00636122	-0.00636122
3	Gm03_9513588	9513588	0.299342	0.0667237	-0.0667237	0.0667237
3	Gm03_9532228	9532228	0.0953947	0.24722	-0.24722	0.24722
3	Gm03_9538239	9538239	0.305921	0.0525394	-0.0525394	0.0525394
3	Gm03_9544838	9544838	0.0953947	0.236234	-0.236234	0.236234
3	Gm03_9561938	9561938	0.0888158	0.301194	-0.301194	0.301194
3	Gm03_9562124	9562124	0.0888158	0.301194	-0.301194	0.301194
3	Gm03_9570635	9570635	0.0921053	0.289347	-0.289347	0.289347
3	Gm03_9598082	9598082	0.296053	0.0755717	-0.0755717	0.0755717
3	Gm03_9599105	9599105	0.0921053	0.31401	-0.31401	0.31401
3	Gm03_9620727	9620727	0.256579	0.18075	-0.18075	0.18075
3	Gm03_9630203	9630203	0.296053	0.0263493	-0.0263493	0.0263493
3	Gm03_9789694	9789694	0.203947	0.241481	-0.241481	0.241481
3	Gm03_9789939	9789939	0.246711	0.0625734	-0.0625734	0.0625734
3	Gm03_9806295	9806295	0.253289	0.0451791	-0.0451791	0.0451791
3	Gm03_9806428	9806428	0.200658	0.277498	-0.277498	0.277498
3	Gm03_9824604	9824604	0.256579	0.0786626	-0.0786626	0.0786626
3	Gm03_9824682	9824682	0.263158	0.219312	-0.219312	0.219312
3	Gm03_9825889	9825889	0.263158	0.221391	-0.221391	0.221391
3	Gm03_9835496	9835496	0.25	0.26486	-0.26486	0.26486
3	Gm03_9883450	9883450	0.25	0.139072	-0.139072	0.139072
3	Gm03_9884381	9884381	0.25	0.259589	-0.259589	0.259589
3	Gm03_9897091	9897091	0.25	0.259589	-0.259589	0.259589
3	Gm03_9908815	9908815	0.490132	0.382289	-0.382289	0.382289
3	Gm03_9913107	9913107	0.138158	0.481486	-0.481486	0.481486
3	Gm03_9944773	9944773	0.259868	0.234346	-0.234346	0.234346
3	Gm03_9997930	9997930	0.25	0.147079	-0.147079	0.147079
3	Gm03_9998227	9998227	0.259868	0.10449	-0.10449	0.10449
3	Gm03_9999513	9999513	0.486842	0.371093	-0.371093	0.371093
3	Gm03_10024955	10024955	0.246711	0.144697	-0.144697	0.144697
3	Gm03_10029385	10029385	0.253289	0.122933	-0.122933	0.122933
3	Gm03_10191299	10191299	0.25	0.160368	-0.160368	0.160368
3	Gm03_10191360	10191360	0.25	0.160368	-0.160368	0.160368
3	Gm03_10191643	10191643	0.246711	0.170594	-0.170594	0.170594
3	Gm03_10202120	10202120	0.253289	0.150421	-0.150421	0.150421
3	Gm03_10206280	10206280	0.476974	0.379413	-0.379413	0.379413
3	Gm03_10208499	10208499	0.256579	0.279651	-0.279651	0.279651
3	Gm03_10208527	10208527	0.266447	0.236454	-0.236454	0.236454
3	Gm03_10246625	10246625	0.253289	0.188475	-0.188475	0.188475
3	Gm03_10246917	10246917	0.25	0.203212	-0.203212	0.203212
3	Gm03_10248900	10248900	0.253289	0.302808	-0.302808	0.302808
3	Gm03_10248926	10248926	0.483553	0.339276	-0.339276	0.339276
3	Gm03_10292809	10292809	0.210526	0.344824	-0.344824	0.344824
3	Gm03_10292873	10292873	0.256579	0.141465	-0.141465	0.141465
3	Gm03_10293065	10293065	0.486842	0.344709	-0.344709	0.344709
3	Gm03_10300855	10300855	0.253289	0.156256	-0.156256	0.156256
3	Gm03_10309846	10309846	0.496711	0.311095	-0.311095	0.311095
3	Gm03_10310161	10310161	0.210526	0.348047	-0.348047	0.348047
3	Gm03_10349895	10349895	0.256579	0.292675	-0.292675	0.292675
3	Gm03_10350123	10350123	0.253289	0.173779	-0.173779	0.173779
3	Gm03_10350135	10350135	0.253289	0.173779	-0.173779	0.173779
3	Gm03_10383300	10383300	0.276316	0.20778	-0.20778	0.20778
3	Gm03_10383309	10383309	0.269737	0.235903	-0.235903	0.235903
3	Gm03_10387060	10387060	0.473684	0.37912	-0.37912	0.37912
3	Gm03_10387823	10387823	0.253289	0.279553	-0.279553	0.279553
3	Gm03_10389635	10389635	0.25	0.289667	-0.289667	0.289667
3	Gm03_10392083	10392083	0.276316	0.180307	-0.180307	0.180307
3	Gm03_10394788	10394788	0.0789474	0.535062	-0.535062	0.535062
3	Gm03_10395034	10395034	0.256579	0.261586	-0.261586	0.261586
3	Gm03_10395065	10395065	0.286184	0.138269	-0.138269	0.138269
3	Gm03_10412364	10412364	0.282895	0.147739	-0.147739	0.147739
3	Gm03_10412376	10412376	0.319079	0.00971758	-0.00971758	0.00971758
3	Gm03_10414198	10414198	0.289474	0.121662	-0.121662	0.121662
3	Gm03_10429478	10429478	0.273026	0.189458	-0.189458	0.189458
3	Gm03_10432094	10432094	0.319079	0.0128024	-0.0128024	0.0128024
3	Gm03_10433208	10433208	0.273026	0.192369	-0.192369	0.192369
3	Gm03_10467477	10467477	0.305921	0.0565378	-0.0565378	0.0565378
3	Gm03_10467515	10467515	0.263158	0.22475	-0.22475	0.22475
3	Gm03_10467832	10467832	0.279605	0.159123	-0.159123	0.159123
3	Gm03_10491808	10491808	0.279605	0.158001	-0.158001	0.158001
3	Gm03_10496078	10496078	0.203947	0.387102	-0.387102	0.387102
3	Gm03_10516464	10516464	0.279605	0.182282	-0.182282	0.182282
3	Gm03_10526967	10526967	0.207237	0.385476	-0.385476	0.385476
3	Gm03_10533118	10533118	0.279605	0.172443	-0.172443	0.172443
3	Gm03_10546906	10546906	0.0756579	0.572986	-0.572986	0.572986
3	Gm03_10549363	10549363	0.309211	0.0472566	-0.0472566	0.0472566
3	Gm03_10549414	10549414	0.25	0.282221	-0.282221	0.282221
3	Gm03_10552078	10552078	0.279605	0.1582	-0.1582	0.1582
3	Gm03_10564986	10564986	0.279605	0.154797	-0.154797	0.154797
3	Gm03_10564992	10564992	0.207237	0.390301	-0.390301	0.390301
3	Gm03_10565015	10565015	0.276316	0.168653	-0.168653	0.168653
3	Gm03_10570029	10570029	0.273026	0.182821	-0.182821	0.182821
3	Gm03_10570046	10570046	0.273026	0.182821	-0.182821	0.182821
3	Gm03_10574379	10574379	0.259868	0.239407	-0.239407	0.239407
3	Gm03_10578229	10578229	0.279605	0.15685	-0.15685	0.15685
3	Gm03_10595352	10595352	0.473684	0.37653	-0.37653	0.37653
3	Gm03_10740120	10740120	0.305921	0.0505838	-0.0505838	0.0505838
3	Gm03_10745022	10745022	0.296053	0.0800979	-0.0800979	0.0800979
3	Gm03_10753751	10753751	0.289474	0.108841	-0.108841	0.108841
3	Gm03_10764682	10764682	0.200658	0.40394	-0.40394	0.40394
3	Gm03_10780472	10780472	0.473684	0.406047	-0.406047	0.406047
3	Gm03_10780686	10780686	0.309211	0.0362578	-0.0362578	0.0362578
3	Gm03_10780693	10780693	0.3125	0.0232437	-0.0232437	0.0232437
3	Gm03_10799435	10799435	0.309211	0.0360964	-0.0360964	0.0360964
3	Gm03_10804315	10804315	0.299342	0.0740083	-0.0740083	0.0740083
3	Gm03_10833891	10833891	0.200658	0.405051	-0.405051	0.405051
3	Gm03_10834794	10834794	0.302632	0.0406821	-0.0406821	0.0406821
3	Gm03_10834815	10834815	0.315789	-0.0121674	0.0121674	-0.0121674
3	Gm03_10835075	10835075	0.305921	0.0275825	-0.0275825	0.0275825
3	Gm03_10835114	10835114	0.3125	0.000881601	-0.000881601	0.000881601
3	Gm03_10854182	10854182	0.305921	0.0267632	-0.0267632	0.0267632
3	Gm03_10855333	10855333	0.302632	0.0397914	-0.0397914	0.0397914
3	Gm03_10855584	10855584	0.315789	-0.0136396	0.0136396	-0.0136396
3	Gm03_10856244	10856244	0.309211	0.0166411	-0.0166411	0.0166411
3	Gm03_10856499	10856499	0.299342	0.0533757	-0.0533757	0.0533757
3	Gm03_10867410	10867410	0.299342	0.0455961	-0.0455961	0.0455961
3	Gm03_10871472	10871472	0.299342	0.0453711	-0.0453711	0.0453711
3	Gm03_10871696	10871696	0.246711	0.242886	-0.242886	0.242886
3	Gm03_10899106	10899106	0.309211	-0.0108466	0.0108466	-0.0108466
3	Gm03_10899149	10899149	0.309211	-0.0108466	0.0108466	-0.0108466
3	Gm03_10903753	10903753	0.296053	0.0426334	-0.0426334	0.0426334
3	Gm03_10903781	10903781	0.305921	0.00443967	-0.00443967	0.00443967
3	Gm03_10911738	10911738	0.328947	-0.0839701	0.0839701	-0.0839701
3	Gm03_10911761	10911761	0.292763	0.0545739	-0.0545739	0.0545739
3	Gm03_10919894	10919894	0.309211	-0.00999679	0.00999679	-0.00999679
3	Gm03_10921445	10921445	0.302632	0.0153462	-0.0153462	0.0153462
3	Gm03_10939598	10939598	0.200658	0.389824	-0.389824	0.389824
3	Gm03_10939826	10939826	0.203947	0.375898	-0.375898	0.375898
3	Gm03_10950850	10950850	0.263158	0.185895	-0.185895	0.185895
3	Gm03_10950882	10950882	0.200658	0.380649	-0.380649	0.380649
3	Gm03_11090548	11090548	0.325658	-0.127413	0.127413	-0.127413
3	Gm03_11118997	11118997	0.0953947	0.378265	-0.378265	0.378265
3	Gm03_11214499	11214499	0.325658	-0.24154	0.24154	-0.24154
3	Gm03_11214833	11214833	0.305921	-0.169944	0.169944	-0.169944
3	Gm03_11282273	11282273	0.319079	-0.222844	0.222844	-0.222844
3	Gm03_11286185	11286185	0.3125	-0.201031	0.201031	-0.201031
3	Gm03_11333015	11333015	0.25	0.0229921	-0.0229921	0.0229921
3	Gm03_11345847	11345847	0.25	0.0234429	-0.0234429	0.0234429
3	Gm03_11355647	11355647	0.141447	0.371702	-0.371702	0.371702
3	Gm03_16343251	16343251	0.332237	0.130536	-0.130536	0.130536
3	Gm03_16343495	16343495	0.417763	0.429397	-0.429397	0.429397
3	Gm03_16345425	16345425	0.325658	0.149559	-0.149559	0.149559
3	Gm03_16352376	16352376	0.417763	0.39853	-0.39853	0.39853
3	Gm03_16359884	16359884	0.411184	0.423567	-0.423567	0.423567
3	Gm03_16360123	16360123	0.444079	0.327924	-0.327924	0.327924
3	Gm03_16367941	16367941	0.421053	0.393498	-0.393498	0.393498
3	Gm03_16381068	16381068	0.427632	0.38321	-0.38321	0.38321
3	Gm03_16385130	16385130	0.430921	0.373033	-0.373033	0.373033
3	Gm03_16385466	16385466	0.427632	0.384736	-0.384736	0.384736
3	Gm03_16385476	16385476	0.434211	0.361361	-0.361361	0.361361
3	Gm03_16385527	16385527	0.427632	0.381843	-0.381843	0.381843
3	Gm03_16412189	16412189	0.1875	0.432223	-0.432223	0.432223
3	Gm03_16412223	16412223	0.430921	0.419693	-0.419693	0.419693
3	Gm03_16413650	16413650	0.430921	0.419693	-0.419693	0.419693
3	Gm03_16442179	16442179	0.421053	0.457621	-0.457621	0.457621
3	Gm03_16444941	16444941	0.427632	0.435007	-0.435007	0.435007
3	Gm03_16446808	16446808	0.427632	0.435188	-0.435188	0.435188
3	Gm03_16446855	16446855	0.424342	0.444428	-0.444428	0.444428
3	Gm03_16447598	16447598	0.427632	0.437686	-0.437686	0.437686
3	Gm03_16447620	16447620	0.184211	0.429432	-0.429432	0.429432
3	Gm03_16447627	16447627	0.427632	0.465501	-0.465501	0.465501
3	Gm03_16447860	16447860	0.427632	0.465018	-0.465018	0.465018
3	Gm03_16447898	16447898	0.177632	0.495169	-0.495169	0.495169
3	Gm03_16448334	16448334	0.424342	0.396839	-0.396839	0.396839
3	Gm03_16464933	16464933	0.421053	0.408844	-0.408844	0.408844
3	Gm03_16513999	16513999	0.421053	0.415523	-0.415523	0.415523
3	Gm03_16514352	16514352	0.421053	0.415523	-0.415523	0.415523
3	Gm03_16515293	16515293	0.421053	0.415523	-0.415523	0.415523
3	Gm03_16534571	16534571	0.417763	0.428487	-0.428487	0.428487
3	Gm03_16536382	16536382	0.332237	0.159205	-0.159205	0.159205
3	Gm03_16559192	16559192	0.421053	0.451011	-0.451011	0.451011
3	Gm03_16559547	16559547	0.414474	0.476362	-0.476362	0.476362
3	Gm03_16559810	16559810	0.417763	0.469232	-0.469232	0.469232
3	Gm03_16560280	16560280	0.407895	0.501953	-0.501953	0.501953
3	Gm03_16560311	16560311	0.414474	0.483212	-0.483212	0.483212
3	Gm03_16560653	16560653	0.414474	0.483212	-0.483212	0.483212
3	Gm03_16563975	16563975	0.325658	0.176112	-0.176112	0.176112
3	Gm03_16599549	16599549	0.430921	0.419201	-0.419201	0.419201
3	Gm03_16599581	16599581	0.148026	0.472015	-0.472015	0.472015
3	Gm03_16602118	16602118	0.414474	0.472677	-0.472677	0.472677
3	Gm03_16602157	16602157	0.414474	0.472677	-0.472677	0.472677
3	Gm03_16622250	16622250	0.421053	0.451686	-0.451686	0.451686
3	Gm03_16622272	16622272	0.421053	0.451686	-0.451686	0.451686
3	Gm03_16623325	16623325	0.421053	0.449565	-0.449565	0.449565
3	Gm03_16623591	16623591	0.421053	0.449565	-0.449565	0.449565
3	Gm03_16623643	16623643	0.190789	0.363225	-0.363225	0.363225
3	Gm03_16632811	16632811	0.424342	0.451602	-0.451602	0.451602
3	Gm03_16633115	16633115	0.184211	0.394305	-0.394305	0.394305
3	Gm03_16667335	16667335	0.417763	0.453123	-0.453123	0.453123
3	Gm03_16710604	16710604	0.424342	0.43845	-0.43845	0.43845
3	Gm03_16710634	16710634	0.424342	0.43845	-0.43845	0.43845
3	Gm03_16742262	16742262	0.322368	0.162746	-0.162746	0.162746
3	Gm03_16742564	16742564	0.424342	0.433679	-0.433679	0.433679
3	Gm03_16772652	16772652	0.417763	0.457263	-0.457263	0.457263
3	Gm03_16823017	16823017	0.424342	0.441385	-0.441385	0.441385
3	Gm03_16876823	16876823	0.417763	0.467779	-0.467779	0.467779
3	Gm03_16880027	16880027	0.430921	0.422129	-0.422129	0.422129
3	Gm03_16886336	16886336	0.3125	0.180124	-0.180124	0.180124
3	Gm03_16890200	16890200	0.1875	0.390838	-0.390838	0.390838
3	Gm03_16890208	16890208	0.3125	0.183162	-0.183162	0.183162
3	Gm03_16902373	16902373	0.421053	0.480423	-0.480423	0.480423
3	Gm03_16907451	16907451	0.417763	0.490271	-0.490271	0.490271
3	Gm03_16907707	16907707	0.417763	0.490271	-0.490271	0.490271
3	Gm03_16960505	16960505	0.434211	0.437807	-0.437807	0.437807
3	Gm03_16963699	16963699	0.322368	0.157132	-0.157132	0.157132
3	Gm03_16966771	16966771	0.430921	0.459105	-0.459105	0.459105
3	Gm03_16966831	16966831	0.184211	0.39755	-0.39755	0.39755
3	Gm03_16967031	16967031	0.184211	0.39755	-0.39755	0.39755
3	Gm03_16970315	16970315	0.184211	0.397763	-0.397763	0.397763
3	Gm03_16974120	16974120	0.414474	0.513152	-0.513152	0.513152
3	Gm03_16978397	16978397	0.417763	0.500998	-0.500998	0.500998
3	Gm03_16978641	16978641	0.414474	0.509286	-0.509286	0.509286
3	Gm03_16979934	16979934	0.184211	0.398651	-0.398651	0.398651
3	Gm03_17000609	17000609	0.134868	0.468471	-0.468471	0.468471
3	Gm03_17001254	17001254	0.411184	0.457555	-0.457555	0.457555
3	Gm03_17026141	17026141	0.414474	0.450247	-0.450247	0.450247
3	Gm03_17046622	17046622	0.184211	0.368983	-0.368983	0.368983
3	Gm03_17060052	17060052	0.424342	0.410907	-0.410907	0.410907
3	Gm03_17060059	17060059	0.424342	0.410907	-0.410907	0.410907
3	Gm03_17061568	17061568	0.430921	0.38833	-0.38833	0.38833
3	Gm03_17061816	17061816	0.430921	0.38833	-0.38833	0.38833
3	Gm03_17061848	17061848	0.319079	0.23663	-0.23663	0.23663
3	Gm03_17063758	17063758	0.322368	0.224056	-0.224056	0.224056
3	Gm03_17071932	17071932	0.427632	0.389876	-0.389876	0.389876
3	Gm03_17071939	17071939	0.427632	0.389876	-0.389876	0.389876
3	Gm03_17072714	17072714	0.414474	0.435123	-0.435123	0.435123
3	Gm03_17073801	17073801	0.411184	0.44651	-0.44651	0.44651
3	Gm03_17075876	17075876	0.417763	0.422985	-0.422985	0.422985
3	Gm03_17079615	17079615	0.411184	0.44572	-0.44572	0.44572
3	Gm03_17091161	17091161	0.421053	0.410561	-0.410561	0.410561
3	Gm03_17152683	17152683	0.414474	0.432819	-0.432819	0.432819
3	Gm03_17159588	17159588	0.322368	0.227965	-0.227965	0.227965
3	Gm03_17184716	17184716	0.414474	0.403649	-0.403649	0.403649
3	Gm03_17202575	17202575	0.424342	0.368756	-0.368756	0.368756
3	Gm03_17210300	17210300	0.417763	0.395311	-0.395311	0.395311
3	Gm03_17210503	17210503	0.414474	0.403133	-0.403133	0.403133
3	Gm03_17215764	17215764	0.411184	0.414663	-0.414663	0.414663
3	Gm03_17229505	17229505	0.421053	0.378392	-0.378392	0.378392
3	Gm03_17231262	17231262	0.421053	0.381663	-0.381663	0.381663
3	Gm03_17231280	17231280	0.421053	0.381663	-0.381663	0.381663
3	Gm03_17231401	17231401	0.421053	0.381663	-0.381663	0.381663
3	Gm03_17231692	17231692	0.424342	0.37344	-0.37344	0.37344
3	Gm03_17231791	17231791	0.424342	0.37344	-0.37344	0.37344
3	Gm03_17247485	17247485	0.417763	0.397412	-0.397412	0.397412
3	Gm03_17256544	17256544	0.414474	0.40618	-0.40618	0.40618
3	Gm03_17327384	17327384	0.417763	0.396417	-0.396417	0.396417
3	Gm03_17327403	17327403	0.417763	0.396417	-0.396417	0.396417
3	Gm03_17339425	17339425	0.414474	0.409364	-0.409364	0.409364
3	Gm03_17356901	17356901	0.328947	0.206952	-0.206952	0.206952
3	Gm03_17367787	17367787	0.427632	0.397624	-0.397624	0.397624
3	Gm03_17367802	17367802	0.427632	0.397624	-0.397624	0.397624
3	Gm03_17367972	17367972	0.424342	0.408359	-0.408359	0.408359
3	Gm03_17372575	17372575	0.421053	0.420203	-0.420203	0.420203
3	Gm03_17376160	17376160	0.427632	0.399687	-0.399687	0.399687
3	Gm03_17399184	17399184	0.417763	0.430572	-0.430572	0.430572
3	Gm03_17404156	17404156	0.194079	0.311235	-0.311235	0.311235
3	Gm03_17404338	17404338	0.325658	0.227187	-0.227187	0.227187
3	Gm03_17404472	17404472	0.421053	0.396669	-0.396669	0.396669
3	Gm03_17428212	17428212	0.421053	0.397412	-0.397412	0.397412
3	Gm03_17441640	17441640	0.421053	0.397412	-0.397412	0.397412
3	Gm03_17484843	17484843	0.417763	0.408917	-0.408917	0.408917
3	Gm03_17492937	17492937	0.417763	0.410336	-0.410336	0.410336
3	Gm03_17507281	17507281	0.421053	0.402306	-0.402306	0.402306
3	Gm03_17507615	17507615	0.427632	0.379876	-0.379876	0.379876
3	Gm03_17528537	17528537	0.421053	0.403732	-0.403732	0.403732
3	Gm03_17528783	17528783	0.417763	0.415352	-0.415352	0.415352
3	Gm03_17530118	17530118	0.1875	0.327088	-0.327088	0.327088
3	Gm03_17535371	17535371	0.421053	0.413604	-0.413604	0.413604
3	Gm03_17535650	17535650	0.427632	0.388562	-0.388562	0.388562
3	Gm03_17536644	17536644	0.421053	0.408167	-0.408167	0.408167
3	Gm03_17536689	17536689	0.421053	0.408167	-0.408167	0.408167
3	Gm03_17539797	17539797	0.414474	0.435384	-0.435384	0.435384
3	Gm03_17563721	17563721	0.421053	0.412667	-0.412667	0.412667
3	Gm03_17563775	17563775	0.417763	0.424387	-0.424387	0.424387
3	Gm03_17564008	17564008	0.421053	0.412467	-0.412467	0.412467
3	Gm03_17564584	17564584	0.424342	0.400833	-0.400833	0.400833
3	Gm03_17564826	17564826	0.421053	0.412327	-0.412327	0.412327
3	Gm03_17565842	17565842	0.417763	0.423771	-0.423771	0.423771
3	Gm03_17565886	17565886	0.417763	0.423771	-0.423771	0.423771
3	Gm03_17579787	17579787	0.414474	0.439533	-0.439533	0.439533
3	Gm03_17579805	17579805	0.414474	0.439533	-0.439533	0.439533
3	Gm03_17629812	17629812	0.424342	0.40403	-0.40403	0.40403
3	Gm03_17630107	17630107	0.427632	0.392717	-0.392717	0.392717
3	Gm03_17630666	17630666	0.414474	0.436123	-0.436123	0.436123
3	Gm03_17630695	17630695	0.3125	0.259333	-0.259333	0.259333
3	Gm03_17634795	17634795	0.421053	0.416185	-0.416185	0.416185
3	Gm03_17644864	17644864	0.411184	0.451385	-0.451385	0.451385
3	Gm03_17645116	17645116	0.414474	0.441852	-0.441852	0.441852
3	Gm03_17649176	17649176	0.417763	0.428462	-0.428462	0.428462
3	Gm03_17668450	17668450	0.414474	0.44141	-0.44141	0.44141
3	Gm03_17668861	17668861	0.417763	0.429915	-0.429915	0.429915
3	Gm03_17671341	17671341	0.414474	0.441591	-0.441591	0.441591
3	Gm03_17671569	17671569	0.417763	0.433219	-0.433219	0.433219
3	Gm03_17671641	17671641	0.417763	0.433219	-0.433219	0.433219
3	Gm03_17672811	17672811	0.414474	0.441336	-0.441336	0.441336
3	Gm03_17672834	17672834	0.414474	0.441336	-0.441336	0.441336
3	Gm03_17687104	17687104	0.414474	0.443524	-0.443524	0.443524
3	Gm03_17703631	17703631	0.417763	0.43411	-0.43411	0.43411
3	Gm03_17704004	17704004	0.190789	0.292452	-0.292452	0.292452
3	Gm03_17723941	17723941	0.407895	0.491767	-0.491767	0.491767
3	Gm03_17724198	17724198	0.414474	0.478513	-0.478513	0.478513
3	Gm03_17724271	17724271	0.427632	0.43546	-0.43546	0.43546
3	Gm03_17724304	17724304	0.414474	0.482478	-0.482478	0.482478
3	Gm03_17724474	17724474	0.427632	0.435614	-0.435614	0.435614
3	Gm03_17724490	17724490	0.190789	0.284789	-0.284789	0.284789
3	Gm03_17790253	17790253	0.417763	0.459252	-0.459252	0.459252
3	Gm03_17792736	17792736	0.421053	0.447759	-0.447759	0.447759
3	Gm03_17796965	17796965	0.421053	0.447254	-0.447254	0.447254
3	Gm03_17798488	17798488	0.414474	0.470366	-0.470366	0.470366
3	Gm03_17815387	17815387	0.332237	0.193472	-0.193472	0.193472
3	Gm03_17815403	17815403	0.414474	0.484557	-0.484557	0.484557
3	Gm03_17815631	17815631	0.417763	0.472883	-0.472883	0.472883
3	Gm03_17818015	17818015	0.421053	0.461408	-0.461408	0.461408
3	Gm03_17818297	17818297	0.417763	0.472606	-0.472606	0.472606
3	Gm03_17818546	17818546	0.417763	0.472606	-0.472606	0.472606
3	Gm03_17818607	17818607	0.417763	0.472606	-0.472606	0.472606
3	Gm03_17845049	17845049	0.411184	0.495433	-0.495433	0.495433
3	Gm03_17845221	17845221	0.335526	0.185549	-0.185549	0.185549
3	Gm03_17845228	17845228	0.184211	0.31121	-0.31121	0.31121
3	Gm03_17897956	17897956	0.417763	0.452691	-0.452691	0.452691
3	Gm03_17927593	17927593	0.411184	0.473882	-0.473882	0.473882
3	Gm03_17964718	17964718	0.424342	0.431545	-0.431545	0.431545
3	Gm03_17964756	17964756	0.424342	0.431545	-0.431545	0.431545
3	Gm03_17964792	17964792	0.424342	0.431545	-0.431545	0.431545
3	Gm03_17968049	17968049	0.332237	0.192777	-0.192777	0.192777
3	Gm03_17968088	17968088	0.414474	0.433735	-0.433735	0.433735
3	Gm03_17968105	17968105	0.414474	0.433735	-0.433735	0.433735
3	Gm03_17991646	17991646	0.417763	0.420985	-0.420985	0.420985
3	Gm03_17992507	17992507	0.427632	0.386929	-0.386929	0.386929
3	Gm03_17992732	17992732	0.427632	0.386929	-0.386929	0.386929
3	Gm03_18010111	18010111	0.414474	0.432255	-0.432255	0.432255
3	Gm03_18027158	18027158	0.424342	0.400144	-0.400144	0.400144
3	Gm03_18027171	18027171	0.424342	0.400144	-0.400144	0.400144
3	Gm03_18061551	18061551	0.407895	0.454854	-0.454854	0.454854
3	Gm03_18092645	18092645	0.411184	0.449816	-0.449816	0.449816
3	Gm03_18112914	18112914	0.414474	0.43847	-0.43847	0.43847
3	Gm03_18112935	18112935	0.411184	0.449992	-0.449992	0.449992
3	Gm03_18113092	18113092	0.174342	0.253348	-0.253348	0.253348
3	Gm03_18113132	18113132	0.411184	0.500612	-0.500612	0.500612
3	Gm03_18127784	18127784	0.414474	0.491107	-0.491107	0.491107
3	Gm03_18127822	18127822	0.414474	0.491107	-0.491107	0.491107
3	Gm03_18162708	18162708	0.289474	0.274615	-0.274615	0.274615
3	Gm03_18169246	18169246	0.414474	0.524416	-0.524416	0.524416
3	Gm03_18171607	18171607	0.414474	0.522628	-0.522628	0.522628
3	Gm03_18174404	18174404	0.421053	0.50119	-0.50119	0.50119
3	Gm03_18174533	18174533	0.421053	0.50119	-0.50119	0.50119
3	Gm03_18174549	18174549	0.421053	0.50119	-0.50119	0.50119
3	Gm03_18174566	18174566	0.421053	0.50119	-0.50119	0.50119
3	Gm03_18184967	18184967	0.414474	-0.105388	0.105388	-0.105388
3	Gm03_18194057	18194057	0.417763	0.494585	-0.494585	0.494585
3	Gm03_18196903	18196903	0.414474	0.512363	-0.512363	0.512363
3	Gm03_18223898	18223898	0.411184	0.525493	-0.525493	0.525493
3	Gm03_18240845	18240845	0.421053	-0.280528	0.280528	-0.280528
3	Gm03_18240861	18240861	0.414474	-0.258172	0.258172	-0.258172
3	Gm03_18247896	18247896	0.414474	-0.256137	0.256137	-0.256137
3	Gm03_18248349	18248349	0.417763	-0.271333	0.271333	-0.271333
3	Gm03_18248369	18248369	0.417763	-0.271333	0.271333	-0.271333
3	Gm03_18273310	18273310	0.161184	0.460402	-0.460402	0.460402
3	Gm03_18273366	18273366	0.414474	-0.255762	0.255762	-0.255762
3	Gm03_18273528	18273528	0.414474	-0.255762	0.255762	-0.255762
3	Gm03_18273541	18273541	0.417763	-0.267045	0.267045	-0.267045
3	Gm03_18277587	18277587	0.417763	-0.267045	0.267045	-0.267045
3	Gm03_18277972	18277972	0.414474	-0.25713	0.25713	-0.25713
3	Gm03_18277988	18277988	0.421053	-0.279869	0.279869	-0.279869
3	Gm03_18278722	18278722	0.421053	-0.279869	0.279869	-0.279869
3	Gm03_18278778	18278778	0.417763	-0.268226	0.268226	-0.268226
3	Gm03_18278902	18278902	0.417763	-0.268226	0.268226	-0.268226
3	Gm03_18323369	18323369	0.161184	0.461159	-0.461159	0.461159
3	Gm03_18323408	18323408	0.421053	-0.27775	0.27775	-0.27775
3	Gm03_18323570	18323570	0.161184	0.46646	-0.46646	0.46646
3	Gm03_18323635	18323635	0.417763	-0.266253	0.266253	-0.266253
3	Gm03_18323644	18323644	0.151316	0.434218	-0.434218	0.434218
3	Gm03_18323772	18323772	0.417763	-0.262888	0.262888	-0.262888
3	Gm03_18323799	18323799	0.161184	0.465325	-0.465325	0.465325
3	Gm03_18325337	18325337	0.417763	0.625631	-0.625631	0.625631
3	Gm03_18325539	18325539	0.164474	0.445515	-0.445515	0.445515
3	Gm03_18325772	18325772	0.414474	0.636944	-0.636944	0.636944
3	Gm03_18325780	18325780	0.411184	-0.242992	0.242992	-0.242992
3	Gm03_18325840	18325840	0.411184	-0.242992	0.242992	-0.242992
3	Gm03_18329792	18329792	0.411184	-0.240944	0.240944	-0.240944
3	Gm03_18329826	18329826	0.411184	-0.240944	0.240944	-0.240944
3	Gm03_18359761	18359761	0.411184	0.634597	-0.634597	0.634597
3	Gm03_18374571	18374571	0.417763	-0.259222	0.259222	-0.259222
3	Gm03_18379652	18379652	0.411184	0.64216	-0.64216	0.64216
3	Gm03_18380042	18380042	0.417763	-0.252478	0.252478	-0.252478
3	Gm03_18380081	18380081	0.417763	-0.252478	0.252478	-0.252478
3	Gm03_18380347	18380347	0.414474	0.628035	-0.628035	0.628035
3	Gm03_18380362	18380362	0.411184	0.639859	-0.639859	0.639859
3	Gm03_18380405	18380405	0.414474	0.62808	-0.62808	0.62808
3	Gm03_18380664	18380664	0.164474	0.441	-0.441	0.441
3	Gm03_18395187	18395187	0.417763	0.595246	-0.595246	0.595246
3	Gm03_18413900	18413900	0.460526	0.479029	-0.479029	0.479029
3	Gm03_18414091	18414091	0.414474	0.624584	-0.624584	0.624584
3	Gm03_18443872	18443872	0.266447	-0.0211349	0.0211349	-0.0211349
3	Gm03_18443936	18443936	0.414474	-0.342212	0.342212	-0.342212
3	Gm03_18444007	18444007	0.217105	0.173584	-0.173584	0.173584
3	Gm03_18444034	18444034	0.148026	0.422794	-0.422794	0.422794
3	Gm03_18444273	18444273	0.200658	0.247101	-0.247101	0.247101
3	Gm03_18444317	18444317	0.144737	0.430183	-0.430183	0.430183
3	Gm03_18457374	18457374	0.171053	0.411741	-0.411741	0.411741
3	Gm03_18457427	18457427	0.411184	0.638026	-0.638026	0.638026
3	Gm03_18486126	18486126	0.421053	0.607886	-0.607886	0.607886
3	Gm03_18495508	18495508	0.417763	0.619228	-0.619228	0.619228
3	Gm03_18495718	18495718	0.138158	0.462694	-0.462694	0.462694
3	Gm03_18495776	18495776	0.213816	0.264775	-0.264775	0.264775
3	Gm03_18495805	18495805	0.134868	0.485668	-0.485668	0.485668
3	Gm03_18496100	18496100	0.194079	0.303366	-0.303366	0.303366
3	Gm03_18496142	18496142	0.194079	0.303366	-0.303366	0.303366
3	Gm03_18496147	18496147	0.411184	0.68909	-0.68909	0.68909
3	Gm03_18496153	18496153	0.207237	0.296589	-0.296589	0.296589
3	Gm03_18496208	18496208	0.207237	0.296589	-0.296589	0.296589
3	Gm03_18496475	18496475	0.319079	-0.0283496	0.0283496	-0.0283496
3	Gm03_18496489	18496489	0.207237	0.288497	-0.288497	0.288497
3	Gm03_18502729	18502729	0.148026	0.373962	-0.373962	0.373962
3	Gm03_18513109	18513109	0.148026	0.373593	-0.373593	0.373593
3	Gm03_18532286	18532286	0.414474	0.645031	-0.645031	0.645031
3	Gm03_18538157	18538157	0.414474	0.645049	-0.645049	0.645049
3	Gm03_18538177	18538177	0.174342	0.407509	-0.407509	0.407509
3	Gm03_18538346	18538346	0.414474	0.664708	-0.664708	0.664708
3	Gm03_18538414	18538414	0.134868	0.478313	-0.478313	0.478313
3	Gm03_18538678	18538678	0.210526	0.276682	-0.276682	0.276682
3	Gm03_18546281	18546281	0.210526	0.277091	-0.277091	0.277091
3	Gm03_18546982	18546982	0.144737	0.392752	-0.392752	0.392752
3	Gm03_18563947	18563947	0.296053	0.0579911	-0.0579911	0.0579911
3	Gm03_18564004	18564004	0.305921	0.0175903	-0.0175903	0.0175903
3	Gm03_18565541	18565541	0.335526	-0.094171	0.094171	-0.094171
3	Gm03_18565815	18565815	0.335526	-0.0944079	0.0944079	-0.0944079
3	Gm03_18566193	18566193	0.424342	0.594508	-0.594508	0.594508
3	Gm03_18572516	18572516	0.309211	0.00980778	-0.00980778	0.00980778
3	Gm03_18572552	18572552	0.309211	0.00980778	-0.00980778	0.00980778
3	Gm03_18574859	18574859	0.328947	-0.0661193	0.0661193	-0.0661193
3	Gm03_18575877	18575877	0.299342	0.0483355	-0.0483355	0.0483355
3	Gm03_18576528	18576528	0.25	0.182565	-0.182565	0.182565
3	Gm03_18639318	18639318	0.144737	0.35919	-0.35919	0.35919
3	Gm03_18644161	18644161	0.144737	0.35919	-0.35919	0.35919
3	Gm03_18649482	18649482	0.430921	-0.0794457	0.0794457	-0.0794457
3	Gm03_18650838	18650838	0.417763	0.491839	-0.491839	0.491839
3	Gm03_18651035	18651035	0.138158	0.411695	-0.411695	0.411695
3	Gm03_18651051	18651051	0.148026	0.344339	-0.344339	0.344339
3	Gm03_18651098	18651098	0.404605	0.0121483	-0.0121483	0.0121483
3	Gm03_18651297	18651297	0.407895	0.515295	-0.515295	0.515295
3	Gm03_18651448	18651448	0.138158	0.375369	-0.375369	0.375369
3	Gm03_18677348	18677348	0.144737	0.349469	-0.349469	0.349469
3	Gm03_18677590	18677590	0.144737	0.349469	-0.349469	0.349469
3	Gm03_18677617	18677617	0.134868	0.417915	-0.417915	0.417915
3	Gm03_18692250	18692250	0.138158	0.394432	-0.394432	0.394432
3	Gm03_18693073	18693073	0.148026	0.314138	-0.314138	0.314138
3	Gm03_18703871	18703871	0.411184	0.48569	-0.48569	0.48569
3	Gm03_18722521	18722521	0.157895	0.282912	-0.282912	0.282912
3	Gm03_18722562	18722562	0.157895	0.282912	-0.282912	0.282912
3	Gm03_18722592	18722592	0.157895	0.282912	-0.282912	0.282912
3	Gm03_18725662	18725662	0.157895	0.26059	-0.26059	0.26059
3	Gm03_18727606	18727606	0.427632	0.420246	-0.420246	0.420246
3	Gm03_18727664	18727664	0.427632	0.420246	-0.420246	0.420246
3	Gm03_18806885	18806885	0.177632	0.169452	-0.169452	0.169452
3	Gm03_18841285	18841285	0.424342	0.421521	-0.421521	0.421521
3	Gm03_18852683	18852683	0.430921	0.396217	-0.396217	0.396217
3	Gm03_18860407	18860407	0.180921	0.151281	-0.151281	0.151281
3	Gm03_18860751	18860751	0.180921	0.151281	-0.151281	0.151281
3	Gm03_18860762	18860762	0.1875	0.114387	-0.114387	0.114387
3	Gm03_18860789	18860789	0.180921	0.150435	-0.150435	0.150435
3	Gm03_18862150	18862150	0.177632	0.157956	-0.157956	0.157956
3	Gm03_18862177	18862177	0.177632	0.157956	-0.157956	0.157956
3	Gm03_18869052	18869052	0.141447	0.36974	-0.36974	0.36974
3	Gm03_18888776	18888776	0.427632	0.384444	-0.384444	0.384444
3	Gm03_18890975	18890975	0.427632	0.384444	-0.384444	0.384444
3	Gm03_18938362	18938362	0.411184	0.423115	-0.423115	0.423115
3	Gm03_18938372	18938372	0.411184	0.423115	-0.423115	0.423115
3	Gm03_18948497	18948497	0.427632	0.378234	-0.378234	0.378234
3	Gm03_18948769	18948769	0.427632	0.378234	-0.378234	0.378234
3	Gm03_19003884	19003884	0.141447	0.207343	-0.207343	0.207343
3	Gm03_19003895	19003895	0.141447	0.207343	-0.207343	0.207343
3	Gm03_19004041	19004041	0.141447	0.207343	-0.207343	0.207343
3	Gm03_19008757	19008757	0.217105	-0.152068	0.152068	-0.152068
3	Gm03_19008778	19008778	0.240132	-0.214323	0.214323	-0.214323
3	Gm03_19021896	19021896	0.134868	0.210054	-0.210054	0.210054
3	Gm03_19045127	19045127	0.144737	0.134403	-0.134403	0.134403
3	Gm03_19047995	19047995	0.167763	-0.00989786	0.00989786	-0.00989786
3	Gm03_19049448	19049448	0.138158	0.183584	-0.183584	0.183584
3	Gm03_19049765	19049765	0.141447	0.161098	-0.161098	0.161098
3	Gm03_19049770	19049770	0.164474	0.0103735	-0.0103735	0.0103735
3	Gm03_19068173	19068173	0.141447	0.155115	-0.155115	0.155115
3	Gm03_19072532	19072532	0.138158	0.178526	-0.178526	0.178526
3	Gm03_19081728	19081728	0.134868	0.20211	-0.20211	0.20211
3	Gm03_19120977	19120977	0.161184	0.0247324	-0.0247324	0.0247324
3	Gm03_19120994	19120994	0.161184	0.0247324	-0.0247324	0.0247324
3	Gm03_19154378	19154378	0.161184	0.0178038	-0.0178038	0.0178038
3	Gm03_19154641	19154641	0.157895	0.0386441	-0.0386441	0.0386441
3	Gm03_19198346	19198346	0.148026	0.0745751	-0.0745751	0.0745751
3	Gm03_19198387	19198387	0.134868	0.164544	-0.164544	0.164544
3	Gm03_19198407	19198407	0.148026	0.0714044	-0.0714044	0.0714044
3	Gm03_19198626	19198626	0.134868	0.157312	-0.157312	0.157312
3	Gm03_19209281	19209281	0.138158	0.134078	-0.134078	0.134078
3	Gm03_19218667	19218667	0.138158	0.134078	-0.134078	0.134078
3	Gm03_19218675	19218675	0.138158	0.134078	-0.134078	0.134078
3	Gm03_19225293	19225293	0.151316	0.0452457	-0.0452457	0.0452457
3	Gm03_19248966	19248966	0.0690789	0.21271	-0.21271	0.21271
3	Gm03_19261159	19261159	0.148026	0.0434246	-0.0434246	0.0434246
3	Gm03_19300267	19300267	0.138158	0.0986934	-0.0986934	0.0986934
3	Gm03_19300427	19300427	0.138158	0.0986934	-0.0986934	0.0986934
3	Gm03_19334763	19334763	0.138158	0.0944915	-0.0944915	0.0944915
3	Gm03_19343152	19343152	0.134868	0.118377	-0.118377	0.118377
3	Gm03_19343183	19343183	0.141447	0.0716083	-0.0716083	0.0716083
3	Gm03_19343207	19343207	0.141447	0.0716083	-0.0716083	0.0716083
3	Gm03_19417883	19417883	0.141447	0.0586711	-0.0586711	0.0586711
3	Gm03_19447240	19447240	0.138158	0.0746613	-0.0746613	0.0746613
3	Gm03_19447258	19447258	0.141447	0.0507659	-0.0507659	0.0507659
3	Gm03_19447430	19447430	0.141447	0.0507659	-0.0507659	0.0507659
3	Gm03_19447441	19447441	0.141447	0.0507659	-0.0507659	0.0507659
3	Gm03_19447475	19447475	0.141447	0.0507659	-0.0507659	0.0507659
3	Gm03_19447517	19447517	0.141447	0.0507659	-0.0507659	0.0507659
3	Gm03_19447531	19447531	0.151316	-0.0162268	0.0162268	-0.0162268
3	Gm03_19447704	19447704	0.141447	0.0517084	-0.0517084	0.0517084
3	Gm03_19450632	19450632	0.148026	0.00562761	-0.00562761	0.00562761
3	Gm03_19450672	19450672	0.151316	-0.0170374	0.0170374	-0.0170374
3	Gm03_19450692	19450692	0.138158	0.0747872	-0.0747872	0.0747872
3	Gm03_19450755	19450755	0.141447	0.0517057	-0.0517057	0.0517057
3	Gm03_19450774	19450774	0.144737	0.0291142	-0.0291142	0.0291142
3	Gm03_19457863	19457863	0.151316	-0.0177045	0.0177045	-0.0177045
3	Gm03_19500722	19500722	0.138158	0.0618899	-0.0618899	0.0618899
3	Gm03_19501664	19501664	0.141447	0.0382832	-0.0382832	0.0382832
3	Gm03_19509924	19509924	0.148026	-0.00713915	0.00713915	-0.00713915
3	Gm03_19513770	19513770	0.151316	-0.0319711	0.0319711	-0.0319711
3	Gm03_19520683	19520683	0.138158	0.0562662	-0.0562662	0.0562662
3	Gm03_19520908	19520908	0.138158	0.0562662	-0.0562662	0.0562662
3	Gm03_19533033	19533033	0.138158	0.0497726	-0.0497726	0.0497726
3	Gm03_19536640	19536640	0.148026	-0.0185258	0.0185258	-0.0185258
3	Gm03_19549652	19549652	0.141447	0.0202937	-0.0202937	0.0202937
3	Gm03_19549686	19549686	0.138158	0.043938	-0.043938	0.043938
3	Gm03_19593382	19593382	0.151316	-0.051327	0.051327	-0.051327
3	Gm03_19646081	19646081	0.138158	0.0235035	-0.0235035	0.0235035
3	Gm03_19646471	19646471	0.138158	0.0235035	-0.0235035	0.0235035
3	Gm03_19647668	19647668	0.138158	0.0235035	-0.0235035	0.0235035
3	Gm03_19647693	19647693	0.138158	0.0235035	-0.0235035	0.0235035
3	Gm03_19653604	19653604	0.151316	-0.0690179	0.0690179	-0.0690179
3	Gm03_19654673	19654673	0.138158	0.0212318	-0.0212318	0.0212318
3	Gm03_19655011	19655011	0.134868	0.0337278	-0.0337278	0.0337278
3	Gm03_19655016	19655016	0.134868	0.0427599	-0.0427599	0.0427599
3	Gm03_19668260	19668260	0.138158	0.018428	-0.018428	0.018428
3	Gm03_19668316	19668316	0.134868	0.0427758	-0.0427758	0.0427758
3	Gm03_19672498	19672498	0.157895	-0.113743	0.113743	-0.113743
3	Gm03_19672789	19672789	0.148026	-0.048331	0.048331	-0.048331
3	Gm03_19689769	19689769	0.151316	-0.0760817	0.0760817	-0.0760817
3	Gm03_19689777	19689777	0.141447	-0.00859952	0.00859952	-0.00859952
3	Gm03_19785930	19785930	0.131579	0.0379333	-0.0379333	0.0379333
3	Gm03_19786536	19786536	0.144737	-0.0606166	0.0606166	-0.0606166
3	Gm03_19821656	19821656	0.138158	-0.00987303	0.00987303	-0.00987303
3	Gm03_19821663	19821663	0.148026	-0.0786346	0.0786346	-0.0786346
3	Gm03_19896278	19896278	0.134868	-1.35467e-05	1.35467e-05	-1.35467e-05
3	Gm03_19896303	19896303	0.134868	-1.35467e-05	1.35467e-05	-1.35467e-05
3	Gm03_19896324	19896324	0.134868	-1.35467e-05	1.35467e-05	-1.35467e-05
3	Gm03_19902011	19902011	0.138158	-0.0239275	0.0239275	-0.0239275
3	Gm03_19902026	19902026	0.148026	-0.0929536	0.0929536	-0.0929536
3	Gm03_19913390	19913390	0.144737	-0.0708134	0.0708134	-0.0708134
3	Gm03_19918538	19918538	0.134868	0.000321598	-0.000321598	0.000321598
3	Gm03_19925011	19925011	0.144737	-0.0694383	0.0694383	-0.0694383
3	Gm03_19926206	19926206	0.141447	-0.0476491	0.0476491	-0.0476491
3	Gm03_19926661	19926661	0.144737	-0.0705999	0.0705999	-0.0705999
3	Gm03_19957899	19957899	0.154605	-0.142037	0.142037	-0.142037
3	Gm03_19957920	19957920	0.154605	-0.142037	0.142037	-0.142037
3	Gm03_19957941	19957941	0.154605	-0.142037	0.142037	-0.142037
3	Gm03_19961831	19961831	0.134868	-0.00591908	0.00591908	-0.00591908
3	Gm03_19963658	19963658	0.141447	-0.0542338	0.0542338	-0.0542338
3	Gm03_19963675	19963675	0.141447	-0.0796715	0.0796715	-0.0796715
3	Gm03_19963717	19963717	0.128289	0.018287	-0.018287	0.018287
3	Gm03_19963951	19963951	0.141447	-0.0799357	0.0799357	-0.0799357
3	Gm03_19963959	19963959	0.151316	-0.148131	0.148131	-0.148131
3	Gm03_19963975	19963975	0.128289	0.0181031	-0.0181031	0.0181031
3	Gm03_19964008	19964008	0.141447	-0.0555083	0.0555083	-0.0555083
3	Gm03_19981655	19981655	0.144737	-0.0762444	0.0762444	-0.0762444
3	Gm03_19981682	19981682	0.154605	-0.14304	0.14304	-0.14304
3	Gm03_19981729	19981729	0.144737	-0.0763774	0.0763774	-0.0763774
3	Gm03_20009836	20009836	0.141447	-0.0530934	0.0530934	-0.0530934
3	Gm03_20009996	20009996	0.144737	-0.0758402	0.0758402	-0.0758402
3	Gm03_20010025	20010025	0.144737	-0.0758402	0.0758402	-0.0758402
3	Gm03_20039457	20039457	0.154605	-0.139954	0.139954	-0.139954
3	Gm03_20082248	20082248	0.151316	-0.114859	0.114859	-0.114859
3	Gm03_20082462	20082462	0.154605	-0.136622	0.136622	-0.136622
3	Gm03_20121932	20121932	0.141447	-0.0462248	0.0462248	-0.0462248
3	Gm03_20122105	20122105	0.141447	-0.0462248	0.0462248	-0.0462248
3	Gm03_20122113	20122113	0.141447	-0.0462248	0.0462248	-0.0462248
3	Gm03_20127830	20127830	0.141447	-0.0570148	0.0570148	-0.0570148
3	Gm03_20127882	20127882	0.151316	-0.117602	0.117602	-0.117602
3	Gm03_20135166	20135166	0.138158	-0.0283098	0.0283098	-0.0283098
3	Gm03_20135175	20135175	0.138158	-0.0283098	0.0283098	-0.0283098
3	Gm03_20157833	20157833	0.138158	-0.0279505	0.0279505	-0.0279505
3	Gm03_20165721	20165721	0.138158	-0.0279505	0.0279505	-0.0279505
3	Gm03_20167143	20167143	0.141447	-0.0457567	0.0457567	-0.0457567
3	Gm03_20196454	20196454	0.138158	-0.0172896	0.0172896	-0.0172896
3	Gm03_20271393	20271393	0.141447	-0.0274712	0.0274712	-0.0274712
3	Gm03_20278252	20278252	0.141447	-0.0230698	0.0230698	-0.0230698
3	Gm03_20278278	20278278	0.148026	-0.0668099	0.0668099	-0.0668099
3	Gm03_20278545	20278545	0.148026	-0.0668099	0.0668099	-0.0668099
3	Gm03_20279168	20279168	0.148026	-0.0657579	0.0657579	-0.0657579
3	Gm03_20432793	20432793	0.148026	-0.0481507	0.0481507	-0.0481507
3	Gm03_20432820	20432820	0.148026	-0.0481507	0.0481507	-0.0481507
3	Gm03_20486918	20486918	0.138158	0.0286888	-0.0286888	0.0286888
3	Gm03_20496564	20496564	0.134868	0.0570297	-0.0570297	0.0570297
3	Gm03_20496855	20496855	0.138158	0.0325628	-0.0325628	0.0325628
3	Gm03_20497673	20497673	0.128289	0.083622	-0.083622	0.083622
3	Gm03_20500188	20500188	0.138158	0.0336447	-0.0336447	0.0336447
3	Gm03_20514556	20514556	0.134868	0.0644665	-0.0644665	0.0644665
3	Gm03_20524022	20524022	0.134868	0.0710642	-0.0710642	0.0710642
3	Gm03_20524044	20524044	0.134868	0.0710642	-0.0710642	0.0710642
3	Gm03_20524272	20524272	0.134868	0.0710642	-0.0710642	0.0710642
3	Gm03_20525988	20525988	0.141447	0.0245493	-0.0245493	0.0245493
3	Gm03_20537288	20537288	0.141447	0.0280237	-0.0280237	0.0280237
3	Gm03_20599540	20599540	0.138158	0.0590402	-0.0590402	0.0590402
3	Gm03_20599546	20599546	0.138158	0.0590402	-0.0590402	0.0590402
3	Gm03_20605444	20605444	0.144737	0.01408	-0.01408	0.01408
3	Gm03_20605454	20605454	0.144737	0.01408	-0.01408	0.01408
3	Gm03_20607455	20607455	0.148026	-0.00732326	0.00732326	-0.00732326
3	Gm03_20619973	20619973	0.131579	0.0976559	-0.0976559	0.0976559
3	Gm03_20632478	20632478	0.141447	0.0396253	-0.0396253	0.0396253
3	Gm03_20632664	20632664	0.138158	0.0629109	-0.0629109	0.0629109
3	Gm03_20632897	20632897	0.144737	0.00677324	-0.00677324	0.00677324
3	Gm03_20634176	20634176	0.138158	0.0643498	-0.0643498	0.0643498
3	Gm03_20634187	20634187	0.138158	0.0643498	-0.0643498	0.0643498
3	Gm03_20782310	20782310	0.148026	0.0194141	-0.0194141	0.0194141
3	Gm03_20782836	20782836	0.138158	0.0880294	-0.0880294	0.0880294
3	Gm03_20783026	20783026	0.138158	0.0880294	-0.0880294	0.0880294
3	Gm03_20783335	20783335	0.148026	0.0193158	-0.0193158	0.0193158
3	Gm03_20790557	20790557	0.148026	0.032732	-0.032732	0.032732
3	Gm03_20793932	20793932	0.138158	0.10125	-0.10125	0.10125
3	Gm03_20797210	20797210	0.1875	0.180699	-0.180699	0.180699
3	Gm03_20797220	20797220	0.138158	0.136953	-0.136953	0.136953
3	Gm03_20803943	20803943	0.138158	0.136953	-0.136953	0.136953
3	Gm03_20813201	20813201	0.148026	0.0696266	-0.0696266	0.0696266
3	Gm03_20825906	20825906	0.138158	0.138582	-0.138582	0.138582
3	Gm03_20832504	20832504	0.141447	0.124524	-0.124524	0.124524
3	Gm03_20846568	20846568	0.141447	0.123236	-0.123236	0.123236
3	Gm03_20846756	20846756	0.151316	0.0580075	-0.0580075	0.0580075
3	Gm03_20850934	20850934	0.171053	-0.0445798	0.0445798	-0.0445798
3	Gm03_20851667	20851667	0.151316	0.0751074	-0.0751074	0.0751074
3	Gm03_20851710	20851710	0.148026	0.0973298	-0.0973298	0.0973298
3	Gm03_20868955	20868955	0.164474	0.00343086	-0.00343086	0.00343086
3	Gm03_20868961	20868961	0.164474	0.00525129	-0.00525129	0.00525129
3	Gm03_20869192	20869192	0.151316	0.0878919	-0.0878919	0.0878919
3	Gm03_20869217	20869217	0.148026	0.108751	-0.108751	0.108751
3	Gm03_20869237	20869237	0.148026	0.108751	-0.108751	0.108751
3	Gm03_20876854	20876854	0.151316	0.0864305	-0.0864305	0.0864305
3	Gm03_20876871	20876871	0.167763	-0.0165809	0.0165809	-0.0165809
3	Gm03_20877045	20877045	0.167763	-0.0165809	0.0165809	-0.0165809
3	Gm03_20877385	20877385	0.138158	0.168012	-0.168012	0.168012
3	Gm03_20937873	20937873	0.164474	0.0236063	-0.0236063	0.0236063
3	Gm03_20938126	20938126	0.167763	0.00625559	-0.00625559	0.00625559
3	Gm03_21000657	21000657	0.171053	0.0804934	-0.0804934	0.0804934
3	Gm03_21057749	21057749	0.134868	0.258928	-0.258928	0.258928
3	Gm03_21057993	21057993	0.184211	0.0566327	-0.0566327	0.0566327
3	Gm03_21060025	21060025	0.184211	0.059352	-0.059352	0.059352
3	Gm03_21088671	21088671	0.144737	0.208423	-0.208423	0.208423
3	Gm03_21088726	21088726	0.144737	0.208423	-0.208423	0.208423
3	Gm03_21155733	21155733	0.282895	-0.159641	0.159641	-0.159641
3	Gm03_21166903	21166903	0.134868	0.344132	-0.344132	0.344132
3	Gm03_21183689	21183689	0.351974	-0.352095	0.352095	-0.352095
3	Gm03_21196446	21196446	0.351974	-0.352095	0.352095	-0.352095
3	Gm03_21204583	21204583	0.282895	-0.119774	0.119774	-0.119774
3	Gm03_21234640	21234640	0.0723684	-0.013938	0.013938	-0.013938
3	Gm03_21235679	21235679	0.138158	0.316823	-0.316823	0.316823
3	Gm03_21268602	21268602	0.0657895	0.0541	-0.0541	0.0541
3	Gm03_21270934	21270934	0.0657895	0.0487011	-0.0487011	0.0487011
3	Gm03_21274353	21274353	0.138158	0.323444	-0.323444	0.323444
3	Gm03_21335644	21335644	0.309211	-0.287097	0.287097	-0.287097
3	Gm03_21368609	21368609	0.0657895	0.0581533	-0.0581533	0.0581533
3	Gm03_21445965	21445965	0.0921053	0.427596	-0.427596	0.427596
3	Gm03_21447518	21447518	0.0657895	0.0647644	-0.0647644	0.0647644
3	Gm03_21462105	21462105	0.289474	-0.205506	0.205506	-0.205506
3	Gm03_21494132	21494132	0.0657895	0.0793788	-0.0793788	0.0793788
3	Gm03_21520477	21520477	0.0921053	0.406917	-0.406917	0.406917
3	Gm03_21635528	21635528	0.0953947	0.408942	-0.408942	0.408942
3	Gm03_21787169	21787169	0.0756579	0.464401	-0.464401	0.464401
3	Gm03_21829258	21829258	0.111842	0.486063	-0.486063	0.486063
3	Gm03_21829299	21829299	0.108553	0.472103	-0.472103	0.472103
3	Gm03_21830788	21830788	0.138158	0.412234	-0.412234	0.412234
3	Gm03_21830809	21830809	0.0855263	0.0749664	-0.0749664	0.0749664
3	Gm03_21832211	21832211	0.134868	0.445461	-0.445461	0.445461
3	Gm03_21849320	21849320	0.134868	0.441167	-0.441167	0.441167
3	Gm03_21849363	21849363	0.328947	-0.252344	0.252344	-0.252344
3	Gm03_21883229	21883229	0.0888158	0.000152238	-0.000152238	0.000152238
3	Gm03_21904312	21904312	0.0953947	-0.0517631	0.0517631	-0.0517631
3	Gm03_21907077	21907077	0.0756579	0.0413694	-0.0413694	0.0413694
3	Gm03_21962996	21962996	0.0888158	0.0190032	-0.0190032	0.0190032
3	Gm03_21963146	21963146	0.0921053	0.480555	-0.480555	0.480555
3	Gm03_21963160	21963160	0.0888158	0.0102956	-0.0102956	0.0102956
3	Gm03_21984112	21984112	0.0953947	-0.0525053	0.0525053	-0.0525053
3	Gm03_21986712	21986712	0.0953947	-0.0525053	0.0525053	-0.0525053
3	Gm03_21988648	21988648	0.0986842	-0.0824053	0.0824053	-0.0824053
3	Gm03_22014118	22014118	0.0953947	-0.0521421	0.0521421	-0.0521421
3	Gm03_22015310	22015310	0.134868	0.421475	-0.421475	0.421475
3	Gm03_22015634	22015634	0.0855263	0.0348691	-0.0348691	0.0348691
3	Gm03_22044487	22044487	0.0921053	-0.00996565	0.00996565	-0.00996565
3	Gm03_22048481	22048481	0.0953947	-0.0430914	0.0430914	-0.0430914
3	Gm03_22082458	22082458	0.0953947	-0.0412878	0.0412878	-0.0412878
3	Gm03_22084627	22084627	0.0888158	0.0246102	-0.0246102	0.0246102
3	Gm03_22084781	22084781	0.0986842	-0.0735397	0.0735397	-0.0735397
3	Gm03_22091474	22091474	0.0953947	-0.0435148	0.0435148	-0.0435148
3	Gm03_22091520	22091520	0.0953947	-0.0435148	0.0435148	-0.0435148
3	Gm03_22106424	22106424	0.322368	-0.224922	0.224922	-0.224922
3	Gm03_22147965	22147965	0.0921053	-0.00667622	0.00667622	-0.00667622
3	Gm03_22181339	22181339	0.131579	0.30956	-0.30956	0.30956
3	Gm03_22246044	22246044	0.138158	0.416931	-0.416931	0.416931
3	Gm03_22246097	22246097	0.144737	0.231965	-0.231965	0.231965
3	Gm03_22265413	22265413	0.325658	-0.240063	0.240063	-0.240063
3	Gm03_22265563	22265563	0.138158	0.274477	-0.274477	0.274477
3	Gm03_22273539	22273539	0.184211	0.00952368	-0.00952368	0.00952368
3	Gm03_22281699	22281699	0.167763	0.0997551	-0.0997551	0.0997551
3	Gm03_22281725	22281725	0.138158	0.273541	-0.273541	0.273541
3	Gm03_22281732	22281732	0.128289	0.34422	-0.34422	0.34422
3	Gm03_22281754	22281754	0.171053	0.084849	-0.084849	0.084849
3	Gm03_22281991	22281991	0.171053	0.084849	-0.084849	0.084849
3	Gm03_22299313	22299313	0.174342	0.0653818	-0.0653818	0.0653818
3	Gm03_22299398	22299398	0.394737	-0.339235	0.339235	-0.339235
3	Gm03_22299430	22299430	0.141447	0.239989	-0.239989	0.239989
3	Gm03_22303176	22303176	0.174342	0.0587902	-0.0587902	0.0587902
3	Gm03_22309739	22309739	0.180921	0.021105	-0.021105	0.021105
3	Gm03_22312161	22312161	0.328947	-0.269819	0.269819	-0.269819
3	Gm03_22322835	22322835	0.1875	-0.0113624	0.0113624	-0.0113624
3	Gm03_22342661	22342661	0.463816	0.527102	-0.527102	0.527102
3	Gm03_22342699	22342699	0.210526	0.337169	-0.337169	0.337169
3	Gm03_22354307	22354307	0.138158	0.252077	-0.252077	0.252077
3	Gm03_22371369	22371369	0.161184	0.127615	-0.127615	0.127615
3	Gm03_22396418	22396418	0.141447	0.240692	-0.240692	0.240692
3	Gm03_22396444	22396444	0.207237	0.352217	-0.352217	0.352217
3	Gm03_22396606	22396606	0.167763	0.0575897	-0.0575897	0.0575897
3	Gm03_22404589	22404589	0.174342	0.0185325	-0.0185325	0.0185325
3	Gm03_22420301	22420301	0.174342	0.0188259	-0.0188259	0.0188259
3	Gm03_22420512	22420512	0.144737	0.181353	-0.181353	0.181353
3	Gm03_22494731	22494731	0.148026	0.157887	-0.157887	0.157887
3	Gm03_22498703	22498703	0.1875	-0.0604907	0.0604907	-0.0604907
3	Gm03_22508938	22508938	0.134868	0.244662	-0.244662	0.244662
3	Gm03_22553387	22553387	0.144737	0.172682	-0.172682	0.172682
3	Gm03_22553508	22553508	0.144737	0.172597	-0.172597	0.172597
3	Gm03_22556395	22556395	0.141447	0.197488	-0.197488	0.197488
3	Gm03_22556426	22556426	0.144737	0.173957	-0.173957	0.173957
3	Gm03_22556431	22556431	0.141447	0.197498	-0.197498	0.197498
3	Gm03_22556608	22556608	0.141447	0.197498	-0.197498	0.197498
3	Gm03_22556715	22556715	0.134868	0.237298	-0.237298	0.237298
3	Gm03_22556747	22556747	0.194079	-0.0990276	0.0990276	-0.0990276
3	Gm03_22557091	22557091	0.190789	-0.0809178	0.0809178	-0.0809178
3	Gm03_22557116	22557116	0.148026	0.15539	-0.15539	0.15539
3	Gm03_22568768	22568768	0.0657895	-0.0883941	0.0883941	-0.0883941
3	Gm03_22591868	22591868	0.177632	-0.00770747	0.00770747	-0.00770747
3	Gm03_22591898	22591898	0.141447	0.201194	-0.201194	0.201194
3	Gm03_22592102	22592102	0.177632	-0.00467596	0.00467596	-0.00467596
3	Gm03_22603961	22603961	0.3125	-0.215506	0.215506	-0.215506
3	Gm03_22604010	22604010	0.161184	0.097322	-0.097322	0.097322
3	Gm03_22604191	22604191	0.164474	0.0880305	-0.0880305	0.0880305
3	Gm03_22619033	22619033	0.1875	-0.0414409	0.0414409	-0.0414409
3	Gm03_22621530	22621530	0.177632	0.00923096	-0.00923096	0.00923096
3	Gm03_22622075	22622075	0.171053	0.0485517	-0.0485517	0.0485517
3	Gm03_22622339	22622339	0.171053	0.0485517	-0.0485517	0.0485517
3	Gm03_22622388	22622388	0.138158	0.239032	-0.239032	0.239032
3	Gm03_22624170	22624170	0.138158	0.239339	-0.239339	0.239339
3	Gm03_22624179	22624179	0.167763	0.0637797	-0.0637797	0.0637797
3	Gm03_22624454	22624454	0.171053	0.0462852	-0.0462852	0.0462852
3	Gm03_22629437	22629437	0.457237	0.501306	-0.501306	0.501306
3	Gm03_22629683	22629683	0.171053	0.00396645	-0.00396645	0.00396645
3	Gm03_22635080	22635080	0.138158	0.194919	-0.194919	0.194919
3	Gm03_22655292	22655292	0.171053	0.00659827	-0.00659827	0.00659827
3	Gm03_22668782	22668782	0.125	0.288059	-0.288059	0.288059
3	Gm03_22668798	22668798	0.164474	0.047527	-0.047527	0.047527
3	Gm03_22683740	22683740	0.167763	0.0195058	-0.0195058	0.0195058
3	Gm03_22684018	22684018	0.141447	0.177586	-0.177586	0.177586
3	Gm03_22692999	22692999	0.144737	0.154988	-0.154988	0.154988
3	Gm03_22693004	22693004	0.1875	-0.0776787	0.0776787	-0.0776787
3	Gm03_22693084	22693084	0.167763	0.034459	-0.034459	0.034459
3	Gm03_22693108	22693108	0.167763	0.034459	-0.034459	0.034459
3	Gm03_22693249	22693249	0.167763	0.034459	-0.034459	0.034459
3	Gm03_22738254	22738254	0.190789	-0.0877587	0.0877587	-0.0877587
3	Gm03_22744423	22744423	0.134868	0.232546	-0.232546	0.232546
3	Gm03_22744660	22744660	0.134868	0.232546	-0.232546	0.232546
3	Gm03_22744677	22744677	0.164474	0.0561663	-0.0561663	0.0561663
3	Gm03_22756236	22756236	0.171053	0.0162116	-0.0162116	0.0162116
3	Gm03_22757449	22757449	0.180921	-0.0493335	0.0493335	-0.0493335
3	Gm03_22757670	22757670	0.138158	0.19616	-0.19616	0.19616
3	Gm03_22761308	22761308	0.144737	0.158453	-0.158453	0.158453
3	Gm03_22769004	22769004	0.144737	0.160398	-0.160398	0.160398
3	Gm03_22769934	22769934	0.134868	0.230652	-0.230652	0.230652
3	Gm03_22769950	22769950	0.167763	0.0334736	-0.0334736	0.0334736
3	Gm03_22770153	22770153	0.180921	-0.0387046	0.0387046	-0.0387046
3	Gm03_22807220	22807220	0.138158	0.208855	-0.208855	0.208855
3	Gm03_22875666	22875666	0.180921	-0.0303983	0.0303983	-0.0303983
3	Gm03_22875866	22875866	0.328947	-0.259169	0.259169	-0.259169
3	Gm03_22875882	22875882	0.164474	0.0662086	-0.0662086	0.0662086
3	Gm03_22875945	22875945	0.177632	-0.00664235	0.00664235	-0.00664235
3	Gm03_22991230	22991230	0.138158	0.226307	-0.226307	0.226307
3	Gm03_22991280	22991280	0.111842	0.362981	-0.362981	0.362981
3	Gm03_25233257	25233257	0.424342	0.299675	-0.299675	0.299675
3	Gm03_25266549	25266549	0.430921	0.273888	-0.273888	0.273888
3	Gm03_25269370	25269370	0.417763	0.319961	-0.319961	0.319961
3	Gm03_25272660	25272660	0.4375	0.251169	-0.251169	0.251169
3	Gm03_25278931	25278931	0.417763	0.315385	-0.315385	0.315385
3	Gm03_25305341	25305341	0.421053	0.303995	-0.303995	0.303995
3	Gm03_25337360	25337360	0.417763	0.309065	-0.309065	0.309065
3	Gm03_25337524	25337524	0.424342	0.288489	-0.288489	0.288489
3	Gm03_25350996	25350996	0.4375	0.240974	-0.240974	0.240974
3	Gm03_25353017	25353017	0.427632	0.274032	-0.274032	0.274032
3	Gm03_25414349	25414349	0.157895	0.412204	-0.412204	0.412204
3	Gm03_25414372	25414372	0.424342	0.297744	-0.297744	0.297744
3	Gm03_25419124	25419124	0.430921	0.273651	-0.273651	0.273651
3	Gm03_25419136	25419136	0.427632	0.285068	-0.285068	0.285068
3	Gm03_25424412	25424412	0.424342	0.295802	-0.295802	0.295802
3	Gm03_25424655	25424655	0.427632	0.284346	-0.284346	0.284346
3	Gm03_25424675	25424675	0.427632	0.284346	-0.284346	0.284346
3	Gm03_25454465	25454465	0.430921	0.269534	-0.269534	0.269534
3	Gm03_25454491	25454491	0.430921	0.269534	-0.269534	0.269534
3	Gm03_25480039	25480039	0.414474	0.322348	-0.322348	0.322348
3	Gm03_25480269	25480269	0.157895	0.412462	-0.412462	0.412462
3	Gm03_25508620	25508620	0.424342	0.295555	-0.295555	0.295555
3	Gm03_25508634	25508634	0.421053	0.302561	-0.302561	0.302561
3	Gm03_25522746	25522746	0.421053	0.305223	-0.305223	0.305223
3	Gm03_25562208	25562208	0.358553	0.254537	-0.254537	0.254537
3	Gm03_25562231	25562231	0.157895	0.427011	-0.427011	0.427011
3	Gm03_25579269	25579269	0.417763	0.329446	-0.329446	0.329446
3	Gm03_25579490	25579490	0.105263	0.557905	-0.557905	0.557905
3	Gm03_25594852	25594852	0.421053	0.299324	-0.299324	0.299324
3	Gm03_25605733	25605733	0.421053	0.299774	-0.299774	0.299774
3	Gm03_25606054	25606054	0.417763	0.311231	-0.311231	0.311231
3	Gm03_25608571	25608571	0.0526316	-0.131477	0.131477	-0.131477
3	Gm03_25608578	25608578	0.0526316	-0.131477	0.131477	-0.131477
3	Gm03_25608968	25608968	0.421053	0.319021	-0.319021	0.319021
3	Gm03_25639045	25639045	0.355263	0.264678	-0.264678	0.264678
3	Gm03_25647494	25647494	0.417763	0.334362	-0.334362	0.334362
3	Gm03_25647507	25647507	0.134868	0.584146	-0.584146	0.584146
3	Gm03_25685158	25685158	0.421053	0.399244	-0.399244	0.399244
3	Gm03_25685450	25685450	0.430921	0.365644	-0.365644	0.365644
3	Gm03_25685492	25685492	0.427632	0.376958	-0.376958	0.376958
3	Gm03_25686627	25686627	0.421053	0.399951	-0.399951	0.399951
3	Gm03_25686851	25686851	0.164474	0.424464	-0.424464	0.424464
3	Gm03_25686873	25686873	0.424342	0.383711	-0.383711	0.383711
3	Gm03_25699926	25699926	0.421053	0.395495	-0.395495	0.395495
3	Gm03_25699955	25699955	0.421053	0.395495	-0.395495	0.395495
3	Gm03_25701375	25701375	0.421053	0.397803	-0.397803	0.397803
3	Gm03_25701556	25701556	0.421053	0.397803	-0.397803	0.397803
3	Gm03_25731872	25731872	0.427632	0.376837	-0.376837	0.376837
3	Gm03_25733541	25733541	0.424342	0.388593	-0.388593	0.388593
3	Gm03_25733828	25733828	0.157895	0.45076	-0.45076	0.45076
3	Gm03_25742852	25742852	0.430921	0.356536	-0.356536	0.356536
3	Gm03_25745924	25745924	0.414474	0.409054	-0.409054	0.409054
3	Gm03_25790881	25790881	0.417763	0.396432	-0.396432	0.396432
3	Gm03_25816602	25816602	0.427632	0.37391	-0.37391	0.37391
3	Gm03_25816900	25816900	0.427632	0.37391	-0.37391	0.37391
3	Gm03_25816913	25816913	0.424342	0.38339	-0.38339	0.38339
3	Gm03_25863501	25863501	0.157895	0.426762	-0.426762	0.426762
3	Gm03_25863542	25863542	0.427632	0.39891	-0.39891	0.39891
3	Gm03_25864123	25864123	0.4375	0.365922	-0.365922	0.365922
3	Gm03_25869157	25869157	0.4375	0.366342	-0.366342	0.366342
3	Gm03_25869177	25869177	0.4375	0.366342	-0.366342	0.366342
3	Gm03_25869224	25869224	0.440789	0.357137	-0.357137	0.357137
3	Gm03_25878771	25878771	0.434211	0.378726	-0.378726	0.378726
3	Gm03_25878783	25878783	0.434211	0.378726	-0.378726	0.378726
3	Gm03_25882595	25882595	0.157895	0.430009	-0.430009	0.430009
3	Gm03_25890013	25890013	0.421053	0.419954	-0.419954	0.419954
3	Gm03_25890025	25890025	0.421053	0.419954	-0.419954	0.419954
3	Gm03_25895398	25895398	0.424342	0.415412	-0.415412	0.415412
3	Gm03_25895619	25895619	0.424342	0.415412	-0.415412	0.415412
3	Gm03_25895646	25895646	0.424342	0.415412	-0.415412	0.415412
3	Gm03_25897286	25897286	0.421053	0.425025	-0.425025	0.425025
3	Gm03_25904705	25904705	0.355263	0.145426	-0.145426	0.145426
3	Gm03_25904975	25904975	0.427632	0.423441	-0.423441	0.423441
3	Gm03_25925368	25925368	0.157895	0.422328	-0.422328	0.422328
3	Gm03_25948534	25948534	0.4375	0.393753	-0.393753	0.393753
3	Gm03_25954226	25954226	0.4375	0.393799	-0.393799	0.393799
3	Gm03_25959189	25959189	0.430921	0.416816	-0.416816	0.416816
3	Gm03_25959344	25959344	0.355263	0.143878	-0.143878	0.143878
3	Gm03_25959444	25959444	0.434211	0.41307	-0.41307	0.41307
3	Gm03_25965016	25965016	0.421053	0.456509	-0.456509	0.456509
3	Gm03_25965041	25965041	0.164474	0.380104	-0.380104	0.380104
3	Gm03_25965306	25965306	0.427632	0.426679	-0.426679	0.426679
3	Gm03_25967411	25967411	0.203947	0.487415	-0.487415	0.487415
3	Gm03_25967446	25967446	0.427632	0.436883	-0.436883	0.436883
3	Gm03_25995840	25995840	0.434211	0.416426	-0.416426	0.416426
3	Gm03_25995871	25995871	0.430921	0.427933	-0.427933	0.427933
3	Gm03_25995900	25995900	0.430921	0.427933	-0.427933	0.427933
3	Gm03_25996127	25996127	0.430921	0.427933	-0.427933	0.427933
3	Gm03_25997894	25997894	0.434211	0.418246	-0.418246	0.418246
3	Gm03_26020340	26020340	0.157895	0.415726	-0.415726	0.415726
3	Gm03_26023982	26023982	0.424342	0.462665	-0.462665	0.462665
3	Gm03_26036844	26036844	0.157895	0.411531	-0.411531	0.411531
3	Gm03_26048912	26048912	0.154605	0.421062	-0.421062	0.421062
3	Gm03_26048986	26048986	0.348684	0.135257	-0.135257	0.135257
3	Gm03_26114124	26114124	0.424342	0.4669	-0.4669	0.4669
3	Gm03_26114573	26114573	0.421053	0.477576	-0.477576	0.477576
3	Gm03_26114793	26114793	0.421053	0.477576	-0.477576	0.477576
3	Gm03_26115526	26115526	0.434211	0.434053	-0.434053	0.434053
3	Gm03_26117566	26117566	0.157895	0.409862	-0.409862	0.409862
3	Gm03_26138048	26138048	0.434211	0.423202	-0.423202	0.423202
3	Gm03_26168228	26168228	0.0789474	0.0302438	-0.0302438	0.0302438
3	Gm03_26177560	26177560	0.358553	0.0820006	-0.0820006	0.0820006
3	Gm03_26177583	26177583	0.138158	0.534863	-0.534863	0.534863
3	Gm03_26227258	26227258	0.434211	0.338226	-0.338226	0.338226
3	Gm03_26243695	26243695	0.161184	0.332494	-0.332494	0.332494
3	Gm03_26248757	26248757	0.177632	0.256493	-0.256493	0.256493
3	Gm03_26294977	26294977	0.430921	0.306029	-0.306029	0.306029
3	Gm03_26307779	26307779	0.430921	0.305614	-0.305614	0.305614
3	Gm03_26325941	26325941	0.434211	0.293102	-0.293102	0.293102
3	Gm03_26350886	26350886	0.430921	0.3019	-0.3019	0.3019
3	Gm03_26354761	26354761	0.421053	0.334314	-0.334314	0.334314
3	Gm03_26444840	26444840	0.424342	0.319468	-0.319468	0.319468
3	Gm03_26445201	26445201	0.424342	0.319792	-0.319792	0.319792
3	Gm03_26451820	26451820	0.4375	0.274917	-0.274917	0.274917
3	Gm03_26467013	26467013	0.421053	0.330301	-0.330301	0.330301
3	Gm03_26468020	26468020	0.424342	0.318699	-0.318699	0.318699
3	Gm03_26484951	26484951	0.421053	0.328753	-0.328753	0.328753
3	Gm03_26484986	26484986	0.355263	0.247121	-0.247121	0.247121
3	Gm03_26507185	26507185	0.4375	0.317548	-0.317548	0.317548
3	Gm03_26512077	26512077	0.157895	0.354128	-0.354128	0.354128
3	Gm03_26519374	26519374	0.424342	0.359687	-0.359687	0.359687
3	Gm03_26536936	26536936	0.4375	0.309319	-0.309319	0.309319
3	Gm03_26578660	26578660	0.157895	0.339175	-0.339175	0.339175
3	Gm03_26578914	26578914	0.351974	0.27578	-0.27578	0.27578
3	Gm03_26582307	26582307	0.444079	0.27956	-0.27956	0.27956
3	Gm03_26593765	26593765	0.430921	0.322467	-0.322467	0.322467
3	Gm03_26611016	26611016	0.424342	0.338549	-0.338549	0.338549
3	Gm03_26611285	26611285	0.424342	0.338549	-0.338549	0.338549
3	Gm03_26611320	26611320	0.424342	0.338549	-0.338549	0.338549
3	Gm03_26611348	26611348	0.434211	0.307854	-0.307854	0.307854
3	Gm03_26618632	26618632	0.427632	0.329005	-0.329005	0.329005
3	Gm03_26657580	26657580	0.430921	0.314671	-0.314671	0.314671
3	Gm03_26657796	26657796	0.157895	0.339014	-0.339014	0.339014
3	Gm03_26657866	26657866	0.4375	0.315362	-0.315362	0.315362
3	Gm03_26658176	26658176	0.157895	0.33853	-0.33853	0.33853
3	Gm03_26659035	26659035	0.361842	0.251614	-0.251614	0.251614
3	Gm03_26659194	26659194	0.141447	0.409435	-0.409435	0.409435
3	Gm03_26668125	26668125	0.157895	0.340068	-0.340068	0.340068
3	Gm03_26668167	26668167	0.0526316	0.0347252	-0.0347252	0.0347252
3	Gm03_26677253	26677253	0.427632	0.314813	-0.314813	0.314813
3	Gm03_26678015	26678015	0.430921	0.303609	-0.303609	0.303609
3	Gm03_26679347	26679347	0.427632	0.315196	-0.315196	0.315196
3	Gm03_26679597	26679597	0.427632	0.315196	-0.315196	0.315196
3	Gm03_26698328	26698328	0.444079	0.257808	-0.257808	0.257808
3	Gm03_26698545	26698545	0.4375	0.277428	-0.277428	0.277428
3	Gm03_26700359	26700359	0.157895	0.352058	-0.352058	0.352058
3	Gm03_26700406	26700406	0.424342	0.312793	-0.312793	0.312793
3	Gm03_26729993	26729993	0.430921	0.28994	-0.28994	0.28994
3	Gm03_26788524	26788524	0.430921	0.283534	-0.283534	0.283534
3	Gm03_26792937	26792937	0.4375	0.258201	-0.258201	0.258201
3	Gm03_26793217	26793217	0.4375	0.258201	-0.258201	0.258201
3	Gm03_26798107	26798107	0.348684	0.324463	-0.324463	0.324463
3	Gm03_26821052	26821052	0.434211	0.276447	-0.276447	0.276447
3	Gm03_26870107	26870107	0.424342	0.304013	-0.304013	0.304013
3	Gm03_26870178	26870178	0.424342	0.304013	-0.304013	0.304013
3	Gm03_26870378	26870378	0.355263	0.312628	-0.312628	0.312628
3	Gm03_26885951	26885951	0.157895	0.344507	-0.344507	0.344507
3	Gm03_26889044	26889044	0.430921	0.276877	-0.276877	0.276877
3	Gm03_26889379	26889379	0.434211	0.261459	-0.261459	0.261459
3	Gm03_26898267	26898267	0.430921	0.274192	-0.274192	0.274192
3	Gm03_26914847	26914847	0.151316	0.364811	-0.364811	0.364811
3	Gm03_26938602	26938602	0.434211	0.249256	-0.249256	0.249256
3	Gm03_26939473	26939473	0.4375	0.237913	-0.237913	0.237913
3	Gm03_26940348	26940348	0.417763	0.300812	-0.300812	0.300812
3	Gm03_26940375	26940375	0.417763	0.300812	-0.300812	0.300812
3	Gm03_26940561	26940561	0.424342	0.281129	-0.281129	0.281129
3	Gm03_26969304	26969304	0.424342	0.27465	-0.27465	0.27465
3	Gm03_26969575	26969575	0.421053	0.285677	-0.285677	0.285677
3	Gm03_26969581	26969581	0.424342	0.274061	-0.274061	0.274061
3	Gm03_27008540	27008540	0.157895	0.352702	-0.352702	0.352702
3	Gm03_27008713	27008713	0.427632	0.269271	-0.269271	0.269271
3	Gm03_27010504	27010504	0.427632	0.26357	-0.26357	0.26357
3	Gm03_27027601	27027601	0.358553	0.332984	-0.332984	0.332984
3	Gm03_27027881	27027881	0.434211	0.247047	-0.247047	0.247047
3	Gm03_27028066	27028066	0.434211	0.247047	-0.247047	0.247047
3	Gm03_27028392	27028392	0.0822368	0.524543	-0.524543	0.524543
3	Gm03_27028631	27028631	0.427632	0.244136	-0.244136	0.244136
3	Gm03_27043692	27043692	0.424342	0.254915	-0.254915	0.254915
3	Gm03_27043722	27043722	0.161184	0.355208	-0.355208	0.355208
3	Gm03_27043909	27043909	0.417763	0.270759	-0.270759	0.270759
3	Gm03_27046850	27046850	0.424342	0.247803	-0.247803	0.247803
3	Gm03_27059180	27059180	0.424342	0.247007	-0.247007	0.247007
3	Gm03_27059228	27059228	0.361842	0.345322	-0.345322	0.345322
3	Gm03_27059430	27059430	0.424342	0.247824	-0.247824	0.247824
3	Gm03_27070385	27070385	0.424342	0.24781	-0.24781	0.24781
3	Gm03_27075528	27075528	0.424342	0.244587	-0.244587	0.244587
3	Gm03_27078180	27078180	0.351974	0.379915	-0.379915	0.379915
3	Gm03_27079909	27079909	0.417763	0.243063	-0.243063	0.243063
3	Gm03_27079943	27079943	0.417763	0.243063	-0.243063	0.243063
3	Gm03_27080068	27080068	0.417763	0.243063	-0.243063	0.243063
3	Gm03_27080620	27080620	0.417763	0.243063	-0.243063	0.243063
3	Gm03_27134058	27134058	0.430921	0.196779	-0.196779	0.196779
3	Gm03_27134534	27134534	0.421053	0.227571	-0.227571	0.227571
3	Gm03_27165449	27165449	0.424342	0.218079	-0.218079	0.218079
3	Gm03_27175698	27175698	0.424342	0.21358	-0.21358	0.21358
3	Gm03_27193669	27193669	0.427632	0.202305	-0.202305	0.202305
3	Gm03_27208989	27208989	0.424342	0.213424	-0.213424	0.213424
3	Gm03_27243996	27243996	0.358553	0.354973	-0.354973	0.354973
3	Gm03_27291212	27291212	0.430921	0.219677	-0.219677	0.219677
3	Gm03_27304126	27304126	0.493421	0.0303328	-0.0303328	0.0303328
3	Gm03_27304404	27304404	0.493421	0.0303328	-0.0303328	0.0303328
3	Gm03_27313775	27313775	0.351974	0.385479	-0.385479	0.385479
3	Gm03_27313781	27313781	0.157895	0.367607	-0.367607	0.367607
3	Gm03_27314739	27314739	0.355263	0.371124	-0.371124	0.371124
3	Gm03_27323102	27323102	0.351974	0.382769	-0.382769	0.382769
3	Gm03_27329358	27329358	0.157895	0.356655	-0.356655	0.356655
3	Gm03_27329575	27329575	0.430921	0.232189	-0.232189	0.232189
3	Gm03_27344445	27344445	0.157895	0.352839	-0.352839	0.352839
3	Gm03_27399701	27399701	0.157895	0.353834	-0.353834	0.353834
3	Gm03_27399949	27399949	0.358553	0.360585	-0.360585	0.360585
3	Gm03_27400018	27400018	0.157895	0.345942	-0.345942	0.345942
3	Gm03_27407058	27407058	0.161184	0.325931	-0.325931	0.325931
3	Gm03_27442532	27442532	0.161184	0.31867	-0.31867	0.31867
3	Gm03_27461990	27461990	0.164474	0.306046	-0.306046	0.306046
3	Gm03_27462382	27462382	0.430921	0.236182	-0.236182	0.236182
3	Gm03_27462389	27462389	0.348684	0.392675	-0.392675	0.392675
3	Gm03_27481974	27481974	0.417763	0.271469	-0.271469	0.271469
3	Gm03_27505125	27505125	0.164474	0.326739	-0.326739	0.326739
3	Gm03_27506440	27506440	0.358553	0.356123	-0.356123	0.356123
3	Gm03_27511605	27511605	0.361842	0.344889	-0.344889	0.344889
3	Gm03_27521983	27521983	0.190789	0.190973	-0.190973	0.190973
3	Gm03_27522273	27522273	0.157895	0.366842	-0.366842	0.366842
3	Gm03_27527946	27527946	0.157895	0.367074	-0.367074	0.367074
3	Gm03_27527956	27527956	0.427632	0.249463	-0.249463	0.249463
3	Gm03_27532289	27532289	0.157895	0.361709	-0.361709	0.361709
3	Gm03_27605374	27605374	0.174342	0.229987	-0.229987	0.229987
3	Gm03_27605391	27605391	0.141447	0.422255	-0.422255	0.422255
3	Gm03_27607640	27607640	0.177632	0.209632	-0.209632	0.209632
3	Gm03_27607887	27607887	0.0756579	0.515341	-0.515341	0.515341
3	Gm03_27608266	27608266	0.424342	0.29425	-0.29425	0.29425
3	Gm03_27608273	27608273	0.391447	0.232829	-0.232829	0.232829
3	Gm03_27611420	27611420	0.144737	0.394801	-0.394801	0.394801
3	Gm03_27615257	27615257	0.4375	0.2476	-0.2476	0.2476
3	Gm03_27615299	27615299	0.424342	0.29338	-0.29338	0.29338
3	Gm03_27625176	27625176	0.144737	0.394688	-0.394688	0.394688
3	Gm03_27625223	27625223	0.430921	0.272224	-0.272224	0.272224
3	Gm03_27625389	27625389	0.417763	0.318513	-0.318513	0.318513
3	Gm03_27628414	27628414	0.177632	0.206482	-0.206482	0.206482
3	Gm03_27629960	27629960	0.391447	0.224059	-0.224059	0.224059
3	Gm03_27630293	27630293	0.144737	0.396709	-0.396709	0.396709
3	Gm03_27630367	27630367	0.388158	0.233585	-0.233585	0.233585
3	Gm03_27630649	27630649	0.388158	0.233585	-0.233585	0.233585
3	Gm03_27651483	27651483	0.391447	0.221759	-0.221759	0.221759
3	Gm03_27651773	27651773	0.427632	0.28656	-0.28656	0.28656
3	Gm03_27651808	27651808	0.394737	0.212816	-0.212816	0.212816
3	Gm03_27664485	27664485	0.490132	0.0653865	-0.0653865	0.0653865
3	Gm03_27680817	27680817	0.434211	0.250727	-0.250727	0.250727
3	Gm03_27680826	27680826	0.434211	0.250727	-0.250727	0.250727
3	Gm03_27680948	27680948	0.493421	-0.0336711	0.0336711	-0.0336711
3	Gm03_27680995	27680995	0.434211	0.266844	-0.266844	0.266844
3	Gm03_27743251	27743251	0.424342	0.308178	-0.308178	0.308178
3	Gm03_27754396	27754396	0.164474	0.346513	-0.346513	0.346513
3	Gm03_27754401	27754401	0.164474	0.346513	-0.346513	0.346513
3	Gm03_27754499	27754499	0.434211	0.292624	-0.292624	0.292624
3	Gm03_27754710	27754710	0.358553	0.294462	-0.294462	0.294462
3	Gm03_27757578	27757578	0.164474	0.349054	-0.349054	0.349054
3	Gm03_27759210	27759210	0.358553	0.288092	-0.288092	0.288092
3	Gm03_27776921	27776921	0.424342	0.30424	-0.30424	0.30424
3	Gm03_27803061	27803061	0.434211	0.272219	-0.272219	0.272219
3	Gm03_27830955	27830955	0.453947	0.21026	-0.21026	0.21026
3	Gm03_27857140	27857140	0.335526	0.353136	-0.353136	0.353136
3	Gm03_27865472	27865472	0.203947	0.163722	-0.163722	0.163722
3	Gm03_27877169	27877169	0.467105	0.179161	-0.179161	0.179161
3	Gm03_27904350	27904350	0.421053	0.3295	-0.3295	0.3295
3	Gm03_27914206	27914206	0.427632	0.309777	-0.309777	0.309777
3	Gm03_27928516	27928516	0.161184	0.368404	-0.368404	0.368404
3	Gm03_27935723	27935723	0.338816	0.335067	-0.335067	0.335067
3	Gm03_27941025	27941025	0.421053	0.355953	-0.355953	0.355953
3	Gm03_27958859	27958859	0.203947	0.151826	-0.151826	0.151826
3	Gm03_27958864	27958864	0.4375	0.307306	-0.307306	0.307306
3	Gm03_27959081	27959081	0.203947	0.151193	-0.151193	0.151193
3	Gm03_27962694	27962694	0.164474	0.354154	-0.354154	0.354154
3	Gm03_27962894	27962894	0.161184	0.363813	-0.363813	0.363813
3	Gm03_27962912	27962912	0.164474	0.348288	-0.348288	0.348288
3	Gm03_27962931	27962931	0.164474	0.348288	-0.348288	0.348288
3	Gm03_27962949	27962949	0.207237	0.123061	-0.123061	0.123061
3	Gm03_27962984	27962984	0.174342	0.289218	-0.289218	0.289218
3	Gm03_27965719	27965719	0.197368	0.174813	-0.174813	0.174813
3	Gm03_27965742	27965742	0.161184	0.369211	-0.369211	0.369211
3	Gm03_27965900	27965900	0.161184	0.369211	-0.369211	0.369211
3	Gm03_27969356	27969356	0.457237	0.243221	-0.243221	0.243221
3	Gm03_28016808	28016808	0.328947	0.345192	-0.345192	0.345192
3	Gm03_28164547	28164547	0.417763	0.378827	-0.378827	0.378827
3	Gm03_28164563	28164563	0.417763	0.378827	-0.378827	0.378827
3	Gm03_28213650	28213650	0.424342	0.366173	-0.366173	0.366173
3	Gm03_28257284	28257284	0.335526	0.267072	-0.267072	0.267072
3	Gm03_28257467	28257467	0.368421	0.150849	-0.150849	0.150849
3	Gm03_28257487	28257487	0.335526	0.269847	-0.269847	0.269847
3	Gm03_28257498	28257498	0.368421	0.150841	-0.150841	0.150841
3	Gm03_28257504	28257504	0.368421	0.150841	-0.150841	0.150841
3	Gm03_28257525	28257525	0.335526	0.269651	-0.269651	0.269651
3	Gm03_28261852	28261852	0.358553	0.181761	-0.181761	0.181761
3	Gm03_28298564	28298564	0.319079	0.317786	-0.317786	0.317786
3	Gm03_28298583	28298583	0.174342	0.314039	-0.314039	0.314039
3	Gm03_28301599	28301599	0.417763	0.435946	-0.435946	0.435946
3	Gm03_28314675	28314675	0.361842	0.165254	-0.165254	0.165254
3	Gm03_28365400	28365400	0.203947	0.164654	-0.164654	0.164654
3	Gm03_28379236	28379236	0.434211	0.386704	-0.386704	0.386704
3	Gm03_28379559	28379559	0.157895	0.414363	-0.414363	0.414363
3	Gm03_28379737	28379737	0.368421	0.143701	-0.143701	0.143701
3	Gm03_28379783	28379783	0.424342	0.413594	-0.413594	0.413594
3	Gm03_28433748	28433748	0.430921	0.399548	-0.399548	0.399548
3	Gm03_28433758	28433758	0.430921	0.399548	-0.399548	0.399548
3	Gm03_28434218	28434218	0.207237	0.156456	-0.156456	0.156456
3	Gm03_28447296	28447296	0.470395	0.222918	-0.222918	0.222918
3	Gm03_28447918	28447918	0.470395	0.222918	-0.222918	0.222918
3	Gm03_28454538	28454538	0.5	0.129385	-0.129385	0.129385
3	Gm03_28454730	28454730	0.496711	-0.118155	0.118155	-0.118155
3	Gm03_28478932	28478932	0.486842	-0.0969918	0.0969918	-0.0969918
3	Gm03_28479033	28479033	0.430921	0.358226	-0.358226	0.358226
3	Gm03_28490142	28490142	0.427632	0.377064	-0.377064	0.377064
3	Gm03_28490410	28490410	0.483553	0.194449	-0.194449	0.194449
3	Gm03_28505147	28505147	0.493421	-0.127666	0.127666	-0.127666
3	Gm03_28525650	28525650	0.486842	-0.107602	0.107602	-0.107602
3	Gm03_28525835	28525835	0.434211	0.338122	-0.338122	0.338122
3	Gm03_28535350	28535350	0.430921	0.355714	-0.355714	0.355714
3	Gm03_28594537	28594537	0.453947	0.286617	-0.286617	0.286617
3	Gm03_30848725	30848725	0.447368	-0.0858665	0.0858665	-0.0858665
3	Gm03_30891853	30891853	0.453947	-0.101327	0.101327	-0.101327
3	Gm03_30900668	30900668	0.0921053	0.336711	-0.336711	0.336711
3	Gm03_30900841	30900841	0.457237	-0.106529	0.106529	-0.106529
3	Gm03_30913017	30913017	0.457237	0.362461	-0.362461	0.362461
3	Gm03_30913286	30913286	0.447368	0.39566	-0.39566	0.39566
3	Gm03_30913767	30913767	0.0921053	0.338394	-0.338394	0.338394
3	Gm03_30913940	30913940	0.453947	0.371542	-0.371542	0.371542
3	Gm03_30934528	30934528	0.463816	-0.118926	0.118926	-0.118926
3	Gm03_30934833	30934833	0.0888158	0.285864	-0.285864	0.285864
3	Gm03_30992774	30992774	0.0888158	0.285349	-0.285349	0.285349
3	Gm03_30994025	30994025	0.0855263	0.305761	-0.305761	0.305761
3	Gm03_31013575	31013575	0.0953947	0.220434	-0.220434	0.220434
3	Gm03_31013711	31013711	0.292763	0.102386	-0.102386	0.102386
3	Gm03_31088043	31088043	0.411184	-0.256016	0.256016	-0.256016
3	Gm03_31088069	31088069	0.111842	0.154706	-0.154706	0.154706
3	Gm03_31090477	31090477	0.401316	-0.230213	0.230213	-0.230213
3	Gm03_31092544	31092544	0.286184	0.147173	-0.147173	0.147173
3	Gm03_31123028	31123028	0.269737	0.21566	-0.21566	0.21566
3	Gm03_31123892	31123892	0.3125	0.0462625	-0.0462625	0.0462625
3	Gm03_31137255	31137255	0.411184	-0.264127	0.264127	-0.264127
3	Gm03_31141760	31141760	0.276316	0.192389	-0.192389	0.192389
3	Gm03_31145833	31145833	0.3125	0.0510167	-0.0510167	0.0510167
3	Gm03_31145863	31145863	0.414474	-0.278094	0.278094	-0.278094
3	Gm03_31145876	31145876	0.3125	0.0450918	-0.0450918	0.0450918
3	Gm03_31147017	31147017	0.309211	0.0584448	-0.0584448	0.0584448
3	Gm03_31148326	31148326	0.319079	0.0186348	-0.0186348	0.0186348
3	Gm03_31148661	31148661	0.302632	0.0733909	-0.0733909	0.0733909
3	Gm03_31158848	31158848	0.3125	0.0474605	-0.0474605	0.0474605
3	Gm03_31173558	31173558	0.276316	0.190968	-0.190968	0.190968
3	Gm03_31179044	31179044	0.273026	0.205022	-0.205022	0.205022
3	Gm03_31203068	31203068	0.414474	-0.265307	0.265307	-0.265307
3	Gm03_31203073	31203073	0.414474	-0.265307	0.265307	-0.265307
3	Gm03_31203100	31203100	0.289474	0.140093	-0.140093	0.140093
3	Gm03_31211891	31211891	0.286184	0.153844	-0.153844	0.153844
3	Gm03_31231336	31231336	0.309211	0.0932536	-0.0932536	0.0932536
3	Gm03_31231558	31231558	0.302632	0.114299	-0.114299	0.114299
3	Gm03_31231770	31231770	0.322368	0.0479179	-0.0479179	0.0479179
3	Gm03_31233111	31233111	0.305921	0.113006	-0.113006	0.113006
3	Gm03_31235195	31235195	0.302632	0.120775	-0.120775	0.120775
3	Gm03_31235405	31235405	0.302632	0.120775	-0.120775	0.120775
3	Gm03_31307813	31307813	0.309211	0.109559	-0.109559	0.109559
3	Gm03_31330571	31330571	0.0953947	0.277788	-0.277788	0.277788
3	Gm03_31330615	31330615	0.3125	0.103264	-0.103264	0.103264
3	Gm03_31350102	31350102	0.299342	0.160515	-0.160515	0.160515
3	Gm03_31350283	31350283	0.407895	-0.199857	0.199857	-0.199857
3	Gm03_31350291	31350291	0.315789	0.0961893	-0.0961893	0.0961893
3	Gm03_31356710	31356710	0.322368	0.0709822	-0.0709822	0.0709822
3	Gm03_31361833	31361833	0.309211	0.123151	-0.123151	0.123151
3	Gm03_31361880	31361880	0.0625	0.151785	-0.151785	0.151785
3	Gm03_31361901	31361901	0.101974	0.213548	-0.213548	0.213548
3	Gm03_31385086	31385086	0.305921	0.145415	-0.145415	0.145415
3	Gm03_31385407	31385407	0.407895	-0.189301	0.189301	-0.189301
3	Gm03_31399584	31399584	0.309211	0.123962	-0.123962	0.123962
3	Gm03_31399791	31399791	0.302632	0.150162	-0.150162	0.150162
3	Gm03_31420570	31420570	0.319079	0.0860456	-0.0860456	0.0860456
3	Gm03_31442313	31442313	0.315789	0.101842	-0.101842	0.101842
3	Gm03_31442562	31442562	0.315789	0.101842	-0.101842	0.101842
3	Gm03_31445718	31445718	0.309211	0.127388	-0.127388	0.127388
3	Gm03_31474364	31474364	0.296053	0.173723	-0.173723	0.173723
3	Gm03_31475671	31475671	0.302632	0.148953	-0.148953	0.148953
3	Gm03_31481294	31481294	0.407895	-0.18271	0.18271	-0.18271
3	Gm03_31489312	31489312	0.407895	-0.181741	0.181741	-0.181741
3	Gm03_31498793	31498793	0.411184	-0.19041	0.19041	-0.19041
3	Gm03_31499210	31499210	0.407895	-0.181514	0.181514	-0.181514
3	Gm03_31505187	31505187	0.305921	0.147678	-0.147678	0.147678
3	Gm03_31505217	31505217	0.299342	0.174435	-0.174435	0.174435
3	Gm03_31505472	31505472	0.309211	0.134521	-0.134521	0.134521
3	Gm03_31513190	31513190	0.407895	-0.176745	0.176745	-0.176745
3	Gm03_31523423	31523423	0.391447	-0.130973	0.130973	-0.130973
3	Gm03_31551452	31551452	0.401316	-0.157992	0.157992	-0.157992
3	Gm03_31551502	31551502	0.401316	-0.157992	0.157992	-0.157992
3	Gm03_31551600	31551600	0.305921	0.139602	-0.139602	0.139602
3	Gm03_31551856	31551856	0.315789	0.109983	-0.109983	0.109983
3	Gm03_31564737	31564737	0.0921053	0.303204	-0.303204	0.303204
3	Gm03_31590351	31590351	0.384868	-0.153278	0.153278	-0.153278
3	Gm03_31590423	31590423	0.0921053	0.319674	-0.319674	0.319674
3	Gm03_31590489	31590489	0.378289	-0.132856	0.132856	-0.132856
3	Gm03_31590661	31590661	0.381579	-0.144891	0.144891	-0.144891
3	Gm03_31590681	31590681	0.384868	-0.153496	0.153496	-0.153496
3	Gm03_31590712	31590712	0.276316	0.215003	-0.215003	0.215003
3	Gm03_31728605	31728605	0.296053	0.173434	-0.173434	0.173434
3	Gm03_31728667	31728667	0.0953947	0.293114	-0.293114	0.293114
3	Gm03_31728802	31728802	0.296053	0.17338	-0.17338	0.17338
3	Gm03_31728840	31728840	0.296053	0.17338	-0.17338	0.17338
3	Gm03_31756354	31756354	0.286184	0.214586	-0.214586	0.214586
3	Gm03_31756526	31756526	0.0888158	0.35927	-0.35927	0.35927
3	Gm03_31756532	31756532	0.384868	-0.0133955	0.0133955	-0.0133955
3	Gm03_31783395	31783395	0.391447	-0.0289541	0.0289541	-0.0289541
3	Gm03_31783794	31783794	0.384868	-0.00364534	0.00364534	-0.00364534
3	Gm03_31789973	31789973	0.378289	0.018632	-0.018632	0.018632
3	Gm03_31790306	31790306	0.378289	0.018632	-0.018632	0.018632
3	Gm03_31791902	31791902	0.378289	0.018632	-0.018632	0.018632
3	Gm03_31846894	31846894	0.450658	-0.0930071	0.0930071	-0.0930071
3	Gm03_31944702	31944702	0.411184	0.209802	-0.209802	0.209802
3	Gm03_31958058	31958058	0.411184	0.206854	-0.206854	0.206854
3	Gm03_31958279	31958279	0.427632	0.152302	-0.152302	0.152302
3	Gm03_31998660	31998660	0.411184	0.201866	-0.201866	0.201866
3	Gm03_32022018	32022018	0.411184	0.197791	-0.197791	0.197791
3	Gm03_32044805	32044805	0.414474	0.183535	-0.183535	0.183535
3	Gm03_32073826	32073826	0.417763	0.176812	-0.176812	0.176812
3	Gm03_32094220	32094220	0.414474	0.188595	-0.188595	0.188595
3	Gm03_32094842	32094842	0.417763	0.173728	-0.173728	0.173728
3	Gm03_32094857	32094857	0.414474	0.184719	-0.184719	0.184719
3	Gm03_32105619	32105619	0.430921	0.129965	-0.129965	0.129965
3	Gm03_32119869	32119869	0.427632	0.140728	-0.140728	0.140728
3	Gm03_32150933	32150933	0.411184	0.192479	-0.192479	0.192479
3	Gm03_32155068	32155068	0.407895	0.204109	-0.204109	0.204109
3	Gm03_32196950	32196950	0.407895	0.202972	-0.202972	0.202972
3	Gm03_32198835	32198835	0.411184	0.191931	-0.191931	0.191931
3	Gm03_32200399	32200399	0.407895	0.203198	-0.203198	0.203198
3	Gm03_32247153	32247153	0.430921	0.123307	-0.123307	0.123307
3	Gm03_32247314	32247314	0.427632	0.131429	-0.131429	0.131429
3	Gm03_32269370	32269370	0.430921	0.122271	-0.122271	0.122271
3	Gm03_32269671	32269671	0.427632	0.130517	-0.130517	0.130517
3	Gm03_32294575	32294575	0.417763	0.164071	-0.164071	0.164071
3	Gm03_32294588	32294588	0.417763	0.164071	-0.164071	0.164071
3	Gm03_32294774	32294774	0.407895	0.194722	-0.194722	0.194722
3	Gm03_32326465	32326465	0.404605	0.207563	-0.207563	0.207563
3	Gm03_32326525	32326525	0.404605	0.207563	-0.207563	0.207563
3	Gm03_32371027	32371027	0.424342	0.133088	-0.133088	0.133088
3	Gm03_32371911	32371911	0.421053	0.146148	-0.146148	0.146148
3	Gm03_32371944	32371944	0.421053	0.146148	-0.146148	0.146148
3	Gm03_32371961	32371961	0.417763	0.157834	-0.157834	0.157834
3	Gm03_32372240	32372240	0.417763	0.157834	-0.157834	0.157834
3	Gm03_32372255	32372255	0.421053	0.146422	-0.146422	0.146422
3	Gm03_32380027	32380027	0.430921	0.111953	-0.111953	0.111953
3	Gm03_32389765	32389765	0.427632	0.119414	-0.119414	0.119414
3	Gm03_32434475	32434475	0.427632	0.11463	-0.11463	0.11463
3	Gm03_32437120	32437120	0.421053	0.136542	-0.136542	0.136542
3	Gm03_32443073	32443073	0.430921	0.097639	-0.097639	0.097639
3	Gm03_35728440	35728440	0.220395	0.292057	-0.292057	0.292057
3	Gm03_35773842	35773842	0.226974	0.270574	-0.270574	0.270574
3	Gm03_35908249	35908249	0.0723684	-0.0845539	0.0703911	-0.0703911
3	Gm03_35968631	35968631	0.0789474	-0.124458	0.105448	-0.105448
3	Gm03_35968673	35968673	0.0789474	-0.124458	0.105448	-0.105448
3	Gm03_35991734	35991734	0.384868	-0.125317	0.12258	-0.12258
3	Gm03_35991764	35991764	0.332237	0.0531814	-0.0531814	0.0531814
3	Gm03_36039734	36039734	0.0855263	0.303298	-0.303298	0.303298
3	Gm03_36039753	36039753	0.0855263	0.303298	-0.303298	0.303298
3	Gm03_36039781	36039781	0.0855263	0.303298	-0.303298	0.303298
3	Gm03_36064659	36064659	0.414474	-0.040334	0.040334	-0.040334
3	Gm03_36064668	36064668	0.414474	-0.040334	0.040334	-0.040334
3	Gm03_36064675	36064675	0.496711	0.304958	-0.311029	0.304958
3	Gm03_36064716	36064716	0.496711	0.304958	-0.311029	0.304958
3	Gm03_36074064	36074064	0.493421	0.313802	-0.319865	0.313802
3	Gm03_36074091	36074091	0.0888158	0.317491	-0.317491	0.317491
3	Gm03_36103728	36103728	0.457237	-0.215383	0.212583	-0.212583
3	Gm03_36103760	36103760	0.375	0.0275798	-0.0275798	0.0275798
3	Gm03_36121215	36121215	0.381579	0.0175019	-0.0175019	0.0175019
3	Gm03_36121247	36121247	0.378289	0.0247966	-0.0247966	0.0247966
3	Gm03_36141488	36141488	0.473684	-0.255993	0.250558	-0.250558
3	Gm03_36141513	36141513	0.473684	-0.255993	0.250558	-0.250558
3	Gm03_36177632	36177632	0.388158	-0.00092117	0.00092117	-0.00092117
3	Gm03_36193801	36193801	0.476974	-0.27025	0.261114	-0.261114
3	Gm03_36193980	36193980	0.0855263	0.354014	-0.354014	0.354014
3	Gm03_36194014	36194014	0.388158	0.00993395	-0.00993395	0.00993395
3	Gm03_36210294	36210294	0.496711	0.296471	-0.307255	0.296471
3	Gm03_36210310	36210310	0.0822368	0.399255	-0.399255	0.399255
3	Gm03_36210322	36210322	0.421053	-0.0497928	0.0497928	-0.0497928
3	Gm03_36211029	36211029	0.493421	0.302622	-0.313464	0.302622
3	Gm03_36234183	36234183	0.105263	0.109114	-0.109114	0.109114
3	Gm03_36234512	36234512	0.0953947	0.196591	-0.196591	0.196591
3	Gm03_36238233	36238233	0.0888158	0.262723	-0.262723	0.262723
3	Gm03_36238409	36238409	0.0888158	0.262723	-0.262723	0.262723
3	Gm03_36238420	36238420	0.0921053	0.22981	-0.22981	0.22981
3	Gm03_36320834	36320834	0.0625	0.150593	-0.150593	0.150593
3	Gm03_36351333	36351333	0.174342	0.162951	-0.162951	0.162951
3	Gm03_36367606	36367606	0.355263	-0.00285158	0.00285158	-0.00285158
3	Gm03_36380402	36380402	0.243421	0.358064	-0.358064	0.358064
3	Gm03_36409785	36409785	0.394737	-0.0432598	0.0432598	-0.0432598
3	Gm03_36409803	36409803	0.365132	0.0370861	-0.0370861	0.0370861
3	Gm03_36409995	36409995	0.328947	0.156789	-0.156789	0.156789
3	Gm03_36410035	36410035	0.394737	-0.0693675	0.0693675	-0.0693675
3	Gm03_36414446	36414446	0.361842	0.0393079	-0.0393079	0.0393079
3	Gm03_36426033	36426033	0.404605	0.142309	-0.142309	0.142309
3	Gm03_36451718	36451718	0.411184	0.28614	-0.28614	0.28614
3	Gm03_36469063	36469063	0.414474	0.0868413	-0.0868413	0.0868413
3	Gm03_36469336	36469336	0.414474	0.0868413	-0.0868413	0.0868413
3	Gm03_36603803	36603803	0.332237	0.176494	-0.176494	0.176494
3	Gm03_36603835	36603835	0.243421	0.485016	-0.485016	0.485016
3	Gm03_36655715	36655715	0.0723684	0.182248	-0.182248	0.182248
3	Gm03_36657388	36657388	0.0690789	0.215979	-0.215979	0.215979
3	Gm03_36665800	36665800	0.0723684	0.176988	-0.176988	0.176988
3	Gm03_36705560	36705560	0.0723684	0.202003	-0.202003	0.202003
3	Gm03_36705623	36705623	0.0690789	0.239123	-0.239123	0.239123
3	Gm03_36705923	36705923	0.0657895	0.283588	-0.283588	0.283588
3	Gm03_36725022	36725022	0.434211	0.125281	-0.125281	0.125281
3	Gm03_36725164	36725164	0.434211	0.125281	-0.125281	0.125281
3	Gm03_36725191	36725191	0.434211	0.125281	-0.125281	0.125281
3	Gm03_36762935	36762935	0.0690789	0.284438	-0.284438	0.284438
3	Gm03_36763002	36763002	0.0690789	0.284438	-0.284438	0.284438
3	Gm03_36808928	36808928	0.302632	0.386688	-0.386688	0.386688
3	Gm03_36825665	36825665	0.0657895	0.353559	-0.353559	0.353559
3	Gm03_36827453	36827453	0.296053	0.412712	-0.412712	0.412712
3	Gm03_36831144	36831144	0.0855263	0.0563761	-0.0563761	0.0563761
3	Gm03_36836099	36836099	0.0855263	0.0566647	-0.0566647	0.0566647
3	Gm03_36839949	36839949	0.0855263	0.0566647	-0.0566647	0.0566647
3	Gm03_36839959	36839959	0.0822368	0.0915479	-0.0915479	0.0915479
3	Gm03_36879213	36879213	0.0855263	0.11767	-0.11767	0.11767
3	Gm03_36890198	36890198	0.0756579	0.223929	-0.223929	0.223929
3	Gm03_36890545	36890545	0.0756579	0.223929	-0.223929	0.223929
3	Gm03_36896473	36896473	0.0822368	0.144713	-0.144713	0.144713
3	Gm03_36896712	36896712	0.0822368	0.144713	-0.144713	0.144713
3	Gm03_36897225	36897225	0.0789474	0.183483	-0.183483	0.183483
3	Gm03_36898050	36898050	0.0855263	0.110041	-0.110041	0.110041
3	Gm03_36898080	36898080	0.0756579	0.220595	-0.220595	0.220595
3	Gm03_36963919	36963919	0.190789	0.507598	-0.507598	0.507598
3	Gm03_36987002	36987002	0.0625	0.255081	-0.255081	0.255081
3	Gm03_37008365	37008365	0.378289	-0.100585	0.100585	-0.100585
3	Gm03_37008380	37008380	0.322368	0.0754938	-0.0754938	0.0754938
3	Gm03_37008928	37008928	0.0592105	0.416079	-0.416079	0.416079
3	Gm03_37019186	37019186	0.375	-0.11041	0.11041	-0.11041
3	Gm03_37021094	37021094	0.309211	0.0818758	-0.0818758	0.0818758
3	Gm03_37021134	37021134	0.309211	0.0818758	-0.0818758	0.0818758
3	Gm03_37110998	37110998	0.108553	0.310034	-0.310034	0.310034
3	Gm03_37111005	37111005	0.276316	0.147856	-0.147856	0.147856
3	Gm03_37111188	37111188	0.388158	-0.204125	0.204125	-0.204125
3	Gm03_37111206	37111206	0.276316	0.147664	-0.147664	0.147664
3	Gm03_37112188	37112188	0.118421	0.201313	-0.201313	0.201313
3	Gm03_37112670	37112670	0.115132	0.226866	-0.226866	0.226866
3	Gm03_37112876	37112876	0.0921053	0.546951	-0.546951	0.546951
3	Gm03_37112933	37112933	0.0921053	0.546951	-0.546951	0.546951
3	Gm03_37138969	37138969	0.138158	0.00160569	-0.00520233	0.00160569
3	Gm03_37138982	37138982	0.134868	0.0227531	-0.0263628	0.0227531
3	Gm03_37150074	37150074	0.125	0.0916922	-0.0916922	0.0916922
3	Gm03_37170788	37170788	0.101974	0.261321	-0.261321	0.261321
3	Gm03_37170818	37170818	0.121711	0.0976831	-0.0988801	0.0976831
3	Gm03_37170825	37170825	0.121711	0.0976831	-0.0988801	0.0976831
3	Gm03_37173647	37173647	0.101974	0.259793	-0.259793	0.259793
3	Gm03_37212430	37212430	0.121711	0.100425	-0.103135	0.100425
3	Gm03_37221230	37221230	0.118421	0.124395	-0.128107	0.124395
3	Gm03_37222562	37222562	0.0855263	0.290792	-0.290792	0.290792
3	Gm03_37262330	37262330	0.0822368	0.290761	-0.290761	0.290761
3	Gm03_37262372	37262372	0.0822368	0.290761	-0.290761	0.290761
3	Gm03_37262380	37262380	0.384868	0.153397	-0.153397	0.153397
3	Gm03_37268777	37268777	0.105263	0.510734	-0.510734	0.510734
3	Gm03_37269049	37269049	0.0953947	0.59719	-0.59719	0.59719
3	Gm03_37279168	37279168	0.0888158	0.311796	-0.311796	0.311796
3	Gm03_37299470	37299470	0.0953947	0.598016	-0.598016	0.598016
3	Gm03_37299698	37299698	0.394737	0.162769	-0.162769	0.162769
3	Gm03_37314276	37314276	0.404605	0.157288	-0.157288	0.157288
3	Gm03_37314588	37314588	0.0953947	0.581016	-0.581016	0.581016
3	Gm03_37432286	37432286	0.25	0.416925	-0.416925	0.416925
3	Gm03_37476296	37476296	0.266447	0.3036	-0.3036	0.3036
3	Gm03_37476320	37476320	0.289474	0.216816	-0.216816	0.216816
3	Gm03_37476343	37476343	0.266447	0.31123	-0.31123	0.31123
3	Gm03_37476461	37476461	0.266447	0.31123	-0.31123	0.31123
3	Gm03_37492509	37492509	0.335526	0.0619506	-0.0619506	0.0619506
3	Gm03_37492702	37492702	0.332237	0.073821	-0.073821	0.073821
3	Gm03_37496296	37496296	0.0822368	0.296898	-0.296898	0.296898
3	Gm03_37555890	37555890	0.434211	-0.192776	0.192776	-0.192776
3	Gm03_37663607	37663607	0.236842	0.393408	-0.393408	0.393408
3	Gm03_37696233	37696233	0.161184	-0.0879716	0.0879716	-0.0879716
3	Gm03_37696244	37696244	0.161184	-0.0879716	0.0879716	-0.0879716
3	Gm03_40286671	40286671	0.151316	0.404016	-0.404016	0.404016
3	Gm03_40308573	40308573	0.335526	0.445589	-0.445589	0.445589
3	Gm03_40347500	40347500	0.368421	0.157267	-0.157267	0.157267
3	Gm03_40347707	40347707	0.375	0.133784	-0.133784	0.133784
3	Gm03_40347726	40347726	0.101974	0.30682	-0.30682	0.30682
3	Gm03_40347734	40347734	0.108553	0.230588	-0.230588	0.230588
3	Gm03_40353745	40353745	0.108553	0.231561	-0.231561	0.231561
3	Gm03_40355873	40355873	0.365132	0.172237	-0.172237	0.172237
3	Gm03_40355906	40355906	0.118421	0.125015	-0.125015	0.125015
3	Gm03_40385205	40385205	0.111842	0.197658	-0.197658	0.197658
3	Gm03_40385228	40385228	0.111842	0.197658	-0.197658	0.197658
3	Gm03_40400699	40400699	0.276316	0.435986	-0.435986	0.435986
3	Gm03_40404632	40404632	0.121711	0.143993	-0.143993	0.143993
3	Gm03_40404660	40404660	0.121711	0.143993	-0.143993	0.143993
3	Gm03_40438687	40438687	0.141447	0.0319533	-0.0319533	0.0319533
3	Gm03_40468687	40468687	0.496711	0.220603	-0.220603	0.220603
3	Gm03_40522479	40522479	0.480263	0.270946	-0.270946	0.270946
3	Gm03_40537297	40537297	0.296053	0.379423	-0.379423	0.379423
3	Gm03_40537326	40537326	0.315789	0.312073	-0.312073	0.312073
3	Gm03_40537348	40537348	0.315789	0.312073	-0.312073	0.312073
3	Gm03_40565531	40565531	0.200658	-0.0173053	0.0173053	-0.0173053
3	Gm03_40565578	40565578	0.319079	0.315703	-0.315703	0.315703
3	Gm03_40565595	40565595	0.200658	-0.0167607	0.0167607	-0.0167607
3	Gm03_40575119	40575119	0.0756579	0.389475	-0.389475	0.389475
3	Gm03_40575141	40575141	0.476974	0.275142	-0.275142	0.275142
3	Gm03_40589198	40589198	0.483553	0.254791	-0.254791	0.254791
3	Gm03_40589206	40589206	0.483553	0.254791	-0.254791	0.254791
3	Gm03_40591741	40591741	0.480263	0.265484	-0.265484	0.265484
3	Gm03_40614723	40614723	0.0723684	0.326411	-0.326411	0.326411
3	Gm03_40645668	40645668	0.0723684	0.327464	-0.327464	0.327464
3	Gm03_40660709	40660709	0.345395	0.0178127	-0.0178127	0.0178127
3	Gm03_40660940	40660940	0.421053	-0.221035	0.221035	-0.221035
3	Gm03_40678154	40678154	0.0723684	0.387034	-0.387034	0.387034
3	Gm03_40678225	40678225	0.253289	0.302981	-0.302981	0.302981
3	Gm03_40678603	40678603	0.447368	-0.328765	0.328765	-0.328765
3	Gm03_40693040	40693040	0.171053	0.0506253	-0.0506253	0.0506253
3	Gm03_40693288	40693288	0.263158	0.278143	-0.278143	0.278143
3	Gm03_40693341	40693341	0.171053	0.0521591	-0.0521591	0.0521591
3	Gm03_40701639	40701639	0.453947	-0.309902	0.309902	-0.309902
3	Gm03_40732630	40732630	0.398026	-0.13815	0.13815	-0.13815
3	Gm03_40752980	40752980	0.111842	0.248931	-0.248931	0.248931
3	Gm03_40753214	40753214	0.496711	0.438204	-0.438204	0.438204
3	Gm03_40762161	40762161	0.384868	-0.0854142	0.0854142	-0.0854142
3	Gm03_40762188	40762188	0.384868	-0.0854142	0.0854142	-0.0854142
3	Gm03_40768058	40768058	0.111842	0.242535	-0.242535	0.242535
3	Gm03_40768086	40768086	0.111842	0.242535	-0.242535	0.242535
3	Gm03_40799701	40799701	0.273026	0.227495	-0.227495	0.227495
3	Gm03_40822887	40822887	0.0986842	0.31119	-0.31119	0.31119
3	Gm03_40870653	40870653	0.0822368	0.21326	-0.21326	0.21326
3	Gm03_40883600	40883600	0.141447	0.0470959	-0.0470959	0.0470959
3	Gm03_40894172	40894172	0.348684	0.607131	-0.607131	0.607131
3	Gm03_40908833	40908833	0.105263	0.332508	-0.332508	0.332508
3	Gm03_40909092	40909092	0.105263	0.332508	-0.332508	0.332508
3	Gm03_40931968	40931968	0.302632	0.215968	-0.215968	0.215968
3	Gm03_40932209	40932209	0.351974	0.646473	-0.646473	0.646473
3	Gm03_40949681	40949681	0.381579	-0.22011	0.207686	-0.207686
3	Gm03_40953365	40953365	0.207237	0.341883	-0.341883	0.341883
3	Gm03_40953398	40953398	0.207237	0.341883	-0.341883	0.341883
3	Gm03_40953431	40953431	0.203947	0.356556	-0.356556	0.356556
3	Gm03_41008189	41008189	0.444079	-0.198402	0.198402	-0.198402
3	Gm03_41022550	41022550	0.167763	0.5068	-0.5068	0.5068
3	Gm03_41022566	41022566	0.305921	0.203139	-0.203139	0.203139
3	Gm03_41022574	41022574	0.305921	0.203139	-0.203139	0.203139
3	Gm03_41022759	41022759	0.384868	0.59418	-0.59418	0.59418
3	Gm03_41022799	41022799	0.305921	0.205488	-0.205488	0.205488
3	Gm03_41022840	41022840	0.302632	0.218136	-0.218136	0.218136
3	Gm03_41022859	41022859	0.105263	0.40645	-0.40645	0.40645
3	Gm03_41023171	41023171	0.101974	0.394776	-0.394776	0.394776
3	Gm03_41023716	41023716	0.305921	0.201669	-0.201669	0.201669
3	Gm03_41023745	41023745	0.384868	0.590456	-0.590456	0.590456
3	Gm03_41023893	41023893	0.305921	0.186791	-0.186791	0.186791
3	Gm03_41029045	41029045	0.138158	0.0922407	-0.0922407	0.0922407
3	Gm03_41030741	41030741	0.138158	0.0922407	-0.0922407	0.0922407
3	Gm03_41069914	41069914	0.4375	-0.384927	0.376247	-0.376247
