chr	id	pos	freq	ihh1	ihh0	nsl
4	Gm04_8084173	8084173	0.4375	0.0804101	-0.0804101	0.0804101
4	Gm04_8085466	8085466	0.0559211	0.135089	-0.135089	0.135089
4	Gm04_8085521	8085521	0.0690789	-0.0075862	0.0075862	-0.0075862
4	Gm04_8116312	8116312	0.0888158	-0.0714164	0.0714164	-0.0714164
4	Gm04_8116868	8116868	0.0690789	0.088956	-0.088956	0.088956
4	Gm04_8130169	8130169	0.0921053	-0.0726774	0.0726774	-0.0726774
4	Gm04_8130198	8130198	0.0921053	-0.0730149	0.0730149	-0.0730149
4	Gm04_8187668	8187668	0.407895	0.162415	-0.162415	0.162415
4	Gm04_8206902	8206902	0.342105	0.375074	-0.375074	0.375074
4	Gm04_8207074	8207074	0.342105	0.375982	-0.375982	0.375982
4	Gm04_8209168	8209168	0.328947	0.421277	-0.421277	0.421277
4	Gm04_8209187	8209187	0.338816	0.385686	-0.385686	0.385686
4	Gm04_8212064	8212064	0.335526	0.399056	-0.399056	0.399056
4	Gm04_8212395	8212395	0.378289	0.090475	-0.090475	0.090475
4	Gm04_8212415	8212415	0.335526	0.52865	-0.52865	0.52865
4	Gm04_8212435	8212435	0.210526	0.53111	-0.53111	0.53111
4	Gm04_8212527	8212527	0.335526	0.506491	-0.506491	0.506491
4	Gm04_8226847	8226847	0.0592105	0.173929	-0.173929	0.173929
4	Gm04_8235623	8235623	0.338816	0.12976	-0.12976	0.12976
4	Gm04_8236809	8236809	0.338816	0.126793	-0.126793	0.126793
4	Gm04_8236835	8236835	0.0559211	0.244923	-0.244923	0.244923
4	Gm04_8236853	8236853	0.338816	0.093626	-0.093626	0.093626
4	Gm04_8241411	8241411	0.338816	0.0971217	-0.0971217	0.0971217
4	Gm04_8277073	8277073	0.368421	-0.00527793	0.00527793	-0.00527793
4	Gm04_8299794	8299794	0.378289	-0.0159062	0.0159062	-0.0159062
4	Gm04_8310653	8310653	0.0888158	-0.109233	0.109233	-0.109233
4	Gm04_8310921	8310921	0.0888158	-0.109628	0.109628	-0.109628
4	Gm04_8336761	8336761	0.292763	-0.0338715	0.0338715	-0.0338715
4	Gm04_8348161	8348161	0.233553	0.208905	-0.208905	0.208905
4	Gm04_8361796	8361796	0.286184	-0.00546732	0.00546732	-0.00546732
4	Gm04_8361837	8361837	0.319079	-0.129418	0.129418	-0.129418
4	Gm04_8362109	8362109	0.0592105	0.0953208	-0.0953208	0.0953208
4	Gm04_8483888	8483888	0.292763	-0.0108883	0.0108883	-0.0108883
4	Gm04_8483895	8483895	0.292763	-0.00986205	0.00986205	-0.00986205
4	Gm04_8484362	8484362	0.286184	0.0157886	-0.0157886	0.0157886
4	Gm04_8484615	8484615	0.276316	0.0570286	-0.0570286	0.0570286
4	Gm04_8484667	8484667	0.276316	0.058126	-0.058126	0.058126
4	Gm04_8486429	8486429	0.253289	0.155119	-0.155119	0.155119
4	Gm04_8487906	8487906	0.286184	0.0169486	-0.0169486	0.0169486
4	Gm04_8488110	8488110	0.25	0.172882	-0.172882	0.172882
4	Gm04_8513569	8513569	0.279605	0.0481281	-0.0481281	0.0481281
4	Gm04_8546796	8546796	0.282895	0.0357343	-0.0357343	0.0357343
4	Gm04_8546825	8546825	0.282895	0.0364603	-0.0364603	0.0364603
4	Gm04_8546940	8546940	0.282895	0.0376182	-0.0376182	0.0376182
4	Gm04_8547206	8547206	0.266447	0.10784	-0.10784	0.10784
4	Gm04_8556334	8556334	0.328947	-0.129985	0.129985	-0.129985
4	Gm04_8585528	8585528	0.289474	0.0290554	-0.0290554	0.0290554
4	Gm04_8585538	8585538	0.253289	0.179815	-0.179815	0.179815
4	Gm04_8607240	8607240	0.256579	0.166105	-0.166105	0.166105
4	Gm04_8611310	8611310	0.315789	-0.0685521	0.0685521	-0.0685521
4	Gm04_8614942	8614942	0.315789	-0.0674803	0.0674803	-0.0674803
4	Gm04_8695088	8695088	0.253289	0.182223	-0.182223	0.182223
4	Gm04_8695266	8695266	0.289474	0.032993	-0.032993	0.032993
4	Gm04_8707831	8707831	0.299342	-0.0064716	0.0064716	-0.0064716
4	Gm04_8722204	8722204	0.25	0.200046	-0.200046	0.200046
4	Gm04_8722251	8722251	0.305921	-0.028531	0.028531	-0.028531
4	Gm04_8725523	8725523	0.299342	-0.00205184	0.00205184	-0.00205184
4	Gm04_8732362	8732362	0.25	0.199624	-0.199624	0.199624
4	Gm04_8732393	8732393	0.25	0.20073	-0.20073	0.20073
4	Gm04_8732646	8732646	0.25	0.201519	-0.201519	0.201519
4	Gm04_8774188	8774188	0.0657895	-0.0472528	0.0472528	-0.0472528
4	Gm04_8776401	8776401	0.105263	-0.204781	0.204781	-0.204781
4	Gm04_8776825	8776825	0.105263	-0.204837	0.204837	-0.204837
4	Gm04_8818907	8818907	0.223684	0.309708	-0.309708	0.309708
4	Gm04_8818927	8818927	0.342105	-0.149615	0.149615	-0.149615
4	Gm04_8838699	8838699	0.213816	0.3486	-0.3486	0.3486
4	Gm04_8857694	8857694	0.220395	0.332363	-0.332363	0.332363
4	Gm04_8857724	8857724	0.223684	0.317912	-0.317912	0.317912
4	Gm04_8870713	8870713	0.111842	-0.235427	0.235427	-0.235427
4	Gm04_8877092	8877092	0.223684	0.325142	-0.325142	0.325142
4	Gm04_8878372	8878372	0.0526316	0.0215917	-0.0215917	0.0215917
4	Gm04_8878404	8878404	0.105263	-0.204891	0.204891	-0.204891
4	Gm04_8885542	8885542	0.223684	0.328404	-0.328404	0.328404
4	Gm04_8885569	8885569	0.223684	0.329642	-0.329642	0.329642
4	Gm04_8897765	8897765	0.108553	-0.227624	0.227624	-0.227624
4	Gm04_8897795	8897795	0.223684	0.334209	-0.334209	0.334209
4	Gm04_8898094	8898094	0.0526316	0.187993	-0.187993	0.187993
4	Gm04_8898600	8898600	0.0690789	-0.000100909	0.000100909	-0.000100909
4	Gm04_8899851	8899851	0.101974	-0.195659	0.195659	-0.195659
4	Gm04_8899891	8899891	0.105263	-0.203009	0.203009	-0.203009
4	Gm04_8912703	8912703	0.134868	0.386023	-0.386023	0.386023
4	Gm04_8912732	8912732	0.282895	0.159874	-0.159874	0.159874
4	Gm04_8914762	8914762	0.101974	-0.121653	0.121653	-0.121653
4	Gm04_8914789	8914789	0.101974	-0.121144	0.121144	-0.121144
4	Gm04_8937103	8937103	0.0559211	0.205463	-0.205463	0.205463
4	Gm04_8946935	8946935	0.263158	0.24041	-0.24041	0.24041
4	Gm04_8947578	8947578	0.319079	0.0236701	-0.0236701	0.0236701
4	Gm04_8955931	8955931	0.105263	-0.078402	0.078402	-0.078402
4	Gm04_8974584	8974584	0.447368	-0.28922	0.28922	-0.28922
4	Gm04_8974661	8974661	0.128289	0.406877	-0.406877	0.406877
4	Gm04_8974800	8974800	0.128289	0.407351	-0.407351	0.407351
4	Gm04_8974871	8974871	0.131579	0.393687	-0.393687	0.393687
4	Gm04_8974887	8974887	0.131579	0.394239	-0.394239	0.394239
4	Gm04_8974917	8974917	0.131579	0.39479	-0.39479	0.39479
4	Gm04_8979597	8979597	0.207237	0.485298	-0.485298	0.485298
4	Gm04_8993091	8993091	0.230263	0.410479	-0.410479	0.410479
4	Gm04_8993097	8993097	0.470395	-0.325894	0.325894	-0.325894
4	Gm04_9024569	9024569	0.375	-0.0151599	0.0151599	-0.0151599
4	Gm04_9024575	9024575	0.138158	0.350844	-0.350844	0.350844
4	Gm04_9057817	9057817	0.0592105	-0.0487158	0.0487158	-0.0487158
4	Gm04_9057843	9057843	0.0592105	-0.048299	0.048299	-0.048299
4	Gm04_9115787	9115787	0.128289	-0.0881566	0.0881566	-0.0881566
4	Gm04_9134053	9134053	0.0592105	0.267126	-0.267126	0.267126
4	Gm04_9149115	9149115	0.0592105	0.337445	-0.337445	0.337445
4	Gm04_9157322	9157322	0.105263	-0.100251	0.100251	-0.100251
4	Gm04_9157329	9157329	0.105263	-0.0986899	0.0986899	-0.0986899
4	Gm04_9157451	9157451	0.105263	-0.097136	0.097136	-0.097136
4	Gm04_9172212	9172212	0.226974	0.0309023	-0.0309023	0.0309023
4	Gm04_9201157	9201157	0.0986842	-0.0986535	0.0986535	-0.0986535
4	Gm04_9201195	9201195	0.0690789	0.165146	-0.165146	0.165146
4	Gm04_9227814	9227814	0.0592105	0.307304	-0.307304	0.307304
4	Gm04_9270519	9270519	0.0690789	0.165628	-0.165628	0.165628
4	Gm04_9271134	9271134	0.0888158	-0.0195581	0.0195581	-0.0195581
4	Gm04_9280633	9280633	0.0888158	-0.0181671	0.0181671	-0.0181671
4	Gm04_9281008	9281008	0.0690789	0.179109	-0.179109	0.179109
4	Gm04_9281038	9281038	0.0690789	0.180626	-0.180626	0.180626
4	Gm04_9281211	9281211	0.0690789	0.182143	-0.182143	0.182143
4	Gm04_9281280	9281280	0.0690789	0.183683	-0.183683	0.183683
4	Gm04_9282813	9282813	0.0690789	0.185242	-0.185242	0.185242
4	Gm04_9283132	9283132	0.0690789	0.186799	-0.186799	0.186799
4	Gm04_9325136	9325136	0.457237	0.0829648	-0.0829648	0.0829648
4	Gm04_9334759	9334759	0.447368	0.118272	-0.118272	0.118272
4	Gm04_9334780	9334780	0.0822368	0.12036	-0.12036	0.12036
4	Gm04_9344836	9344836	0.0657895	0.21018	-0.21018	0.21018
4	Gm04_9369980	9369980	0.0559211	0.320367	-0.320367	0.320367
4	Gm04_9411855	9411855	0.0625	0.220646	-0.220646	0.220646
4	Gm04_9412111	9412111	0.0625	0.221341	-0.221341	0.221341
4	Gm04_9472674	9472674	0.417763	-0.13743	0.13743	-0.13743
4	Gm04_9472685	9472685	0.407895	-0.110155	0.110155	-0.110155
4	Gm04_9472911	9472911	0.417763	-0.144182	0.144182	-0.144182
4	Gm04_9472931	9472931	0.417763	-0.145997	0.145997	-0.145997
4	Gm04_9473263	9473263	0.414474	-0.137005	0.137005	-0.137005
4	Gm04_9476236	9476236	0.0657895	0.294101	-0.294101	0.294101
4	Gm04_9476262	9476262	0.424342	-0.182578	0.182578	-0.182578
4	Gm04_9478212	9478212	0.414474	-0.112872	0.112872	-0.112872
4	Gm04_9478239	9478239	0.0657895	0.33142	-0.33142	0.33142
4	Gm04_9478765	9478765	0.476974	-0.313173	0.313173	-0.313173
4	Gm04_9485255	9485255	0.476974	-0.315125	0.315125	-0.315125
4	Gm04_9487192	9487192	0.421053	-0.147673	0.147673	-0.147673
4	Gm04_9503296	9503296	0.460526	-0.263698	0.263698	-0.263698
4	Gm04_9507394	9507394	0.302632	0.237419	-0.237419	0.237419
4	Gm04_9513850	9513850	0.125	0.0742084	-0.0742084	0.0742084
4	Gm04_9547472	9547472	0.101974	0.185847	-0.185847	0.185847
4	Gm04_9550687	9550687	0.105263	0.155053	-0.155053	0.155053
4	Gm04_9550960	9550960	0.105263	0.154703	-0.154703	0.154703
4	Gm04_9550971	9550971	0.101974	0.184609	-0.184609	0.184609
4	Gm04_9550984	9550984	0.101974	0.184347	-0.184347	0.184347
4	Gm04_9550998	9550998	0.101974	0.183862	-0.183862	0.183862
4	Gm04_9564647	9564647	0.0592105	0.40455	-0.40455	0.40455
4	Gm04_9566524	9566524	0.0822368	0.20064	-0.20064	0.20064
4	Gm04_9576980	9576980	0.0822368	0.200923	-0.200923	0.200923
4	Gm04_9606558	9606558	0.240132	-0.255118	0.255118	-0.255118
4	Gm04_9622583	9622583	0.177632	-0.0135629	0.0135629	-0.0135629
4	Gm04_9622589	9622589	0.273026	0.365719	-0.365719	0.365719
4	Gm04_9622843	9622843	0.473684	-0.278885	0.278885	-0.278885
4	Gm04_9622856	9622856	0.473684	-0.28013	0.28013	-0.28013
4	Gm04_9622864	9622864	0.273026	0.359711	-0.359711	0.359711
4	Gm04_9622885	9622885	0.273026	0.358459	-0.358459	0.358459
4	Gm04_9622891	9622891	0.473684	-0.283119	0.283119	-0.283119
4	Gm04_9649047	9649047	0.473684	0.420342	-0.420342	0.420342
4	Gm04_9670209	9670209	0.319079	0.16173	-0.16173	0.16173
4	Gm04_9677338	9677338	0.348684	0.0614077	-0.0614077	0.0614077
4	Gm04_9677374	9677374	0.348684	0.0602124	-0.0602124	0.0602124
4	Gm04_9677488	9677488	0.348684	0.0594174	-0.0594174	0.0594174
4	Gm04_9684711	9684711	0.345395	0.0671662	-0.0671662	0.0671662
4	Gm04_9684787	9684787	0.345395	0.065952	-0.065952	0.065952
4	Gm04_9686364	9686364	0.345395	0.0647206	-0.0647206	0.0647206
4	Gm04_9686606	9686606	0.345395	0.0635032	-0.0635032	0.0635032
4	Gm04_9693090	9693090	0.342105	0.0742034	-0.0742034	0.0742034
4	Gm04_9696486	9696486	0.345395	0.0604332	-0.0604332	0.0604332
4	Gm04_9696495	9696495	0.348684	0.0471518	-0.0471518	0.0471518
4	Gm04_9696817	9696817	0.345395	0.0604238	-0.0604238	0.0604238
4	Gm04_9697162	9697162	0.345395	0.0598684	-0.0598684	0.0598684
4	Gm04_9702802	9702802	0.348684	0.0417549	-0.0417549	0.0417549
4	Gm04_9702815	9702815	0.348684	0.0404703	-0.0404703	0.0404703
4	Gm04_9704996	9704996	0.348684	0.0392899	-0.0392899	0.0392899
4	Gm04_9705253	9705253	0.0625	0.382483	-0.382483	0.382483
4	Gm04_9705288	9705288	0.342105	0.0648574	-0.0648574	0.0648574
4	Gm04_9706353	9706353	0.338816	0.074876	-0.074876	0.074876
4	Gm04_9714214	9714214	0.345395	0.0505301	-0.0505301	0.0505301
4	Gm04_9715524	9715524	0.345395	0.0496149	-0.0496149	0.0496149
4	Gm04_9715761	9715761	0.345395	0.048348	-0.048348	0.048348
4	Gm04_9715827	9715827	0.322368	0.123526	-0.123526	0.123526
4	Gm04_9715877	9715877	0.348684	0.0275591	-0.0275591	0.0275591
4	Gm04_9716100	9716100	0.348684	0.0264337	-0.0264337	0.0264337
4	Gm04_9719058	9719058	0.345395	0.0374021	-0.0374021	0.0374021
4	Gm04_9719119	9719119	0.444079	-0.237295	0.237295	-0.237295
4	Gm04_9736445	9736445	0.345395	0.0601351	-0.0601351	0.0601351
4	Gm04_9757937	9757937	0.493421	0.395933	-0.395933	0.395933
4	Gm04_9758090	9758090	0.0756579	0.146149	-0.146149	0.146149
4	Gm04_9758099	9758099	0.486842	0.440082	-0.440082	0.440082
4	Gm04_9789832	9789832	0.493421	0.421921	-0.421921	0.421921
4	Gm04_9789840	9789840	0.430921	-0.181041	0.181041	-0.181041
4	Gm04_9789845	9789845	0.0789474	0.103667	-0.103667	0.103667
4	Gm04_9790318	9790318	0.486842	0.443907	-0.443907	0.443907
4	Gm04_9797460	9797460	0.490132	0.437239	-0.437239	0.437239
4	Gm04_9797628	9797628	0.430921	-0.188031	0.188031	-0.188031
4	Gm04_9840200	9840200	0.328947	0.10028	-0.10028	0.10028
4	Gm04_9850857	9850857	0.335526	0.0745786	-0.0745786	0.0745786
4	Gm04_9863031	9863031	0.328947	0.100331	-0.100331	0.100331
4	Gm04_9864632	9864632	0.332237	0.0874736	-0.0874736	0.0874736
4	Gm04_9880091	9880091	0.332237	0.0882169	-0.0882169	0.0882169
4	Gm04_9885883	9885883	0.335526	0.0762712	-0.0762712	0.0762712
4	Gm04_9885930	9885930	0.335526	0.0762811	-0.0762811	0.0762811
4	Gm04_9886095	9886095	0.0921053	0.388976	-0.388976	0.388976
4	Gm04_9900532	9900532	0.328947	0.10626	-0.10626	0.10626
4	Gm04_9900864	9900864	0.486842	0.458005	-0.458005	0.458005
4	Gm04_9900880	9900880	0.328947	0.0963629	-0.0963629	0.0963629
4	Gm04_9900975	9900975	0.328947	0.091393	-0.091393	0.091393
4	Gm04_9901250	9901250	0.335526	0.0740576	-0.0740576	0.0740576
4	Gm04_9903103	9903103	0.328947	0.0973717	-0.0973717	0.0973717
4	Gm04_9903141	9903141	0.427632	-0.205333	0.205333	-0.205333
4	Gm04_9903697	9903697	0.332237	0.0812365	-0.0812365	0.0812365
4	Gm04_9923016	9923016	0.332237	0.0815765	-0.0815765	0.0815765
4	Gm04_9958311	9958311	0.328947	0.0922723	-0.0922723	0.0922723
4	Gm04_9971244	9971244	0.319079	0.128996	-0.128996	0.128996
4	Gm04_9971283	9971283	0.319079	0.129339	-0.129339	0.129339
4	Gm04_9971372	9971372	0.0625	0.386235	-0.386235	0.386235
4	Gm04_9977935	9977935	0.325658	0.0959505	-0.0959505	0.0959505
4	Gm04_9980875	9980875	0.276316	0.253298	-0.253298	0.253298
4	Gm04_10016707	10016707	0.279605	0.239066	-0.239066	0.239066
4	Gm04_10042852	10042852	0.0953947	0.375116	-0.375116	0.375116
4	Gm04_10123445	10123445	0.273026	0.259012	-0.259012	0.259012
4	Gm04_10123708	10123708	0.273026	0.259893	-0.259893	0.259893
4	Gm04_10183822	10183822	0.276316	0.246855	-0.246855	0.246855
4	Gm04_10191210	10191210	0.263158	0.282204	-0.282204	0.282204
4	Gm04_10257012	10257012	0.276316	0.244597	-0.244597	0.244597
4	Gm04_10257050	10257050	0.276316	0.245822	-0.245822	0.245822
4	Gm04_10257108	10257108	0.276316	0.247177	-0.247177	0.247177
4	Gm04_10257418	10257418	0.276316	0.248534	-0.248534	0.248534
4	Gm04_10257443	10257443	0.279605	0.235941	-0.235941	0.235941
4	Gm04_10274993	10274993	0.273026	0.265301	-0.265301	0.265301
4	Gm04_10285299	10285299	0.279605	0.238954	-0.238954	0.238954
4	Gm04_10285394	10285394	0.279605	0.240323	-0.240323	0.240323
4	Gm04_10301628	10301628	0.276316	0.255812	-0.255812	0.255812
4	Gm04_10355633	10355633	0.276316	0.257191	-0.257191	0.257191
4	Gm04_10370030	10370030	0.279605	0.244548	-0.244548	0.244548
4	Gm04_10370064	10370064	0.282895	0.232011	-0.232011	0.232011
4	Gm04_10418969	10418969	0.279605	0.247353	-0.247353	0.247353
4	Gm04_10419197	10419197	0.279605	0.248742	-0.248742	0.248742
4	Gm04_10420161	10420161	0.273026	0.278097	-0.278097	0.278097
4	Gm04_10485808	10485808	0.0953947	0.415836	-0.415836	0.415836
4	Gm04_10487643	10487643	0.279605	0.263049	-0.263049	0.263049
4	Gm04_10491097	10491097	0.276316	0.277835	-0.277835	0.277835
4	Gm04_10504678	10504678	0.282895	0.250695	-0.250695	0.250695
4	Gm04_10504957	10504957	0.276316	0.279967	-0.279967	0.279967
4	Gm04_10507106	10507106	0.282895	0.253286	-0.253286	0.253286
4	Gm04_10508377	10508377	0.463816	-0.287092	0.287092	-0.287092
4	Gm04_10526213	10526213	0.279605	0.292935	-0.292935	0.292935
4	Gm04_10526222	10526222	0.279605	0.293983	-0.293983	0.293983
4	Gm04_10526419	10526419	0.486842	0.417138	-0.417138	0.417138
4	Gm04_10527825	10527825	0.263158	0.360003	-0.360003	0.360003
4	Gm04_10527869	10527869	0.263158	0.361268	-0.361268	0.361268
4	Gm04_10528243	10528243	0.266447	0.353757	-0.353757	0.353757
4	Gm04_10536946	10536946	0.0592105	0.461846	-0.461846	0.461846
4	Gm04_10546595	10546595	0.486842	0.406271	-0.406271	0.406271
4	Gm04_10548547	10548547	0.279605	0.302487	-0.302487	0.302487
4	Gm04_10548593	10548593	0.279605	0.303393	-0.303393	0.303393
4	Gm04_10567965	10567965	0.276316	0.318882	-0.318882	0.318882
4	Gm04_10588314	10588314	0.279605	0.30588	-0.30588	0.30588
4	Gm04_10593460	10593460	0.0953947	0.4472	-0.4472	0.4472
4	Gm04_10601998	10601998	0.381579	-0.0177137	0.0177137	-0.0177137
4	Gm04_10602299	10602299	0.279605	0.298107	-0.298107	0.298107
4	Gm04_10621150	10621150	0.276316	0.312426	-0.312426	0.312426
4	Gm04_10621175	10621175	0.276316	0.313563	-0.313563	0.313563
4	Gm04_10621499	10621499	0.276316	0.315053	-0.315053	0.315053
4	Gm04_10622325	10622325	0.0625	0.401964	-0.401964	0.401964
4	Gm04_10627881	10627881	0.276316	0.3157	-0.3157	0.3157
4	Gm04_10628640	10628640	0.273026	0.32635	-0.32635	0.32635
4	Gm04_10640697	10640697	0.276316	0.31731	-0.31731	0.31731
4	Gm04_10642157	10642157	0.276316	0.318814	-0.318814	0.318814
4	Gm04_10644819	10644819	0.273026	0.334742	-0.334742	0.334742
4	Gm04_10645091	10645091	0.276316	0.323448	-0.323448	0.323448
4	Gm04_10648659	10648659	0.276316	0.325335	-0.325335	0.325335
4	Gm04_10650216	10650216	0.282895	0.299105	-0.299105	0.299105
4	Gm04_10653550	10653550	0.273026	0.342994	-0.342994	0.342994
4	Gm04_10653572	10653572	0.273026	0.344788	-0.344788	0.344788
4	Gm04_10703344	10703344	0.273026	0.346587	-0.346587	0.346587
4	Gm04_10713545	10713545	0.480263	0.383605	-0.383605	0.383605
4	Gm04_10721965	10721965	0.279605	0.332046	-0.332046	0.332046
4	Gm04_10822846	10822846	0.0526316	0.356044	-0.356044	0.356044
4	Gm04_10824367	10824367	0.328947	0.152291	-0.152291	0.152291
4	Gm04_10824663	10824663	0.328947	0.153407	-0.153407	0.153407
4	Gm04_10845965	10845965	0.0526316	0.351504	-0.351504	0.351504
4	Gm04_10846261	10846261	0.328947	0.158928	-0.158928	0.158928
4	Gm04_10846602	10846602	0.273026	0.375057	-0.375057	0.375057
4	Gm04_10846828	10846828	0.434211	-0.143563	0.143563	-0.143563
4	Gm04_10846854	10846854	0.0526316	0.352346	-0.352346	0.352346
4	Gm04_10850673	10850673	0.273026	0.384583	-0.384583	0.384583
4	Gm04_10850685	10850685	0.0723684	0.156164	-0.156164	0.156164
4	Gm04_10858123	10858123	0.338816	0.14104	-0.14104	0.14104
4	Gm04_10859178	10859178	0.328947	0.177312	-0.177312	0.177312
4	Gm04_10861771	10861771	0.319079	0.212356	-0.212356	0.212356
4	Gm04_10916481	10916481	0.328947	0.180747	-0.180747	0.180747
4	Gm04_10925311	10925311	0.0953947	0.459596	-0.459596	0.459596
4	Gm04_10927899	10927899	0.0526316	0.358615	-0.358615	0.358615
4	Gm04_10927913	10927913	0.332237	0.171555	-0.171555	0.171555
4	Gm04_10948058	10948058	0.273026	0.385762	-0.385762	0.385762
4	Gm04_10998676	10998676	0.345395	-0.0630428	0.0630428	-0.0630428
4	Gm04_10998717	10998717	0.328947	-0.0286627	0.0286627	-0.0286627
4	Gm04_10998963	10998963	0.328947	-0.0282524	0.0282524	-0.0282524
4	Gm04_11001462	11001462	0.348684	-0.0924605	0.0924605	-0.0924605
4	Gm04_11001501	11001501	0.351974	-0.095849	0.095849	-0.095849
4	Gm04_11001509	11001509	0.335526	-0.0364395	0.0364395	-0.0364395
4	Gm04_11001522	11001522	0.348684	-0.0828163	0.0828163	-0.0828163
4	Gm04_11016307	11016307	0.203947	0.381807	-0.381807	0.381807
4	Gm04_11016316	11016316	0.279605	0.516372	-0.516372	0.516372
4	Gm04_11016327	11016327	0.348684	-0.119389	0.119389	-0.119389
4	Gm04_11020520	11020520	0.138158	0.200713	-0.200713	0.200713
4	Gm04_11020741	11020741	0.138158	0.200133	-0.200133	0.200133
4	Gm04_11020778	11020778	0.138158	0.199564	-0.199564	0.199564
4	Gm04_11020801	11020801	0.111842	0.359733	-0.359733	0.359733
4	Gm04_11035138	11035138	0.138158	0.193713	-0.193713	0.193713
4	Gm04_11035157	11035157	0.141447	0.169991	-0.169991	0.169991
4	Gm04_11035298	11035298	0.138158	0.192927	-0.192927	0.192927
4	Gm04_11035355	11035355	0.138158	0.19235	-0.19235	0.19235
4	Gm04_11035410	11035410	0.138158	0.191771	-0.191771	0.191771
4	Gm04_11035607	11035607	0.141447	0.168425	-0.168425	0.168425
4	Gm04_11035616	11035616	0.138158	0.19148	-0.19148	0.19148
4	Gm04_11035650	11035650	0.141447	0.167468	-0.167468	0.167468
4	Gm04_11071919	11071919	0.375	0.367504	-0.367504	0.367504
4	Gm04_11088958	11088958	0.378289	0.36028	-0.36028	0.36028
4	Gm04_11093283	11093283	0.279605	0.503576	-0.503576	0.503576
4	Gm04_11093449	11093449	0.279605	0.504028	-0.504028	0.504028
4	Gm04_11103071	11103071	0.411184	0.264063	-0.264063	0.264063
4	Gm04_11137134	11137134	0.414474	0.25308	-0.25308	0.25308
4	Gm04_11154493	11154493	0.391447	0.331921	-0.331921	0.331921
4	Gm04_11154823	11154823	0.384868	0.356011	-0.356011	0.356011
4	Gm04_11155009	11155009	0.414474	0.257146	-0.257146	0.257146
4	Gm04_11156237	11156237	0.421053	0.233914	-0.233914	0.233914
4	Gm04_14323152	14323152	0.414474	-0.155236	0.155236	-0.155236
4	Gm04_14335581	14335581	0.417763	-0.168026	0.168026	-0.168026
4	Gm04_14356128	14356128	0.444079	-0.254296	0.254296	-0.254296
4	Gm04_14356189	14356189	0.414474	-0.163648	0.163648	-0.163648
4	Gm04_14360830	14360830	0.411184	-0.154625	0.154625	-0.154625
4	Gm04_14360956	14360956	0.167763	0.358423	-0.358423	0.358423
4	Gm04_14361163	14361163	0.411184	-0.184116	0.184116	-0.184116
4	Gm04_14369498	14369498	0.240132	0.266203	-0.266203	0.266203
4	Gm04_14391347	14391347	0.167763	0.353235	-0.353235	0.353235
4	Gm04_14395379	14395379	0.407895	-0.171564	0.171564	-0.171564
4	Gm04_14395437	14395437	0.404605	-0.166973	0.166973	-0.166973
4	Gm04_14395714	14395714	0.407895	-0.176648	0.176648	-0.176648
4	Gm04_14395772	14395772	0.411184	-0.19055	0.19055	-0.19055
4	Gm04_14395818	14395818	0.164474	0.367031	-0.367031	0.367031
4	Gm04_14395928	14395928	0.411184	-0.18805	0.18805	-0.18805
4	Gm04_14398967	14398967	0.404605	-0.167325	0.167325	-0.167325
4	Gm04_14398981	14398981	0.407895	-0.181204	0.181204	-0.181204
4	Gm04_14402741	14402741	0.4375	-0.280328	0.280328	-0.280328
4	Gm04_14416058	14416058	0.440789	-0.290547	0.290547	-0.290547
4	Gm04_14417901	14417901	0.404605	-0.175127	0.175127	-0.175127
4	Gm04_14418182	14418182	0.167763	0.343573	-0.343573	0.343573
4	Gm04_14418346	14418346	0.407895	-0.207609	0.207609	-0.207609
4	Gm04_14419170	14419170	0.411184	-0.217177	0.217177	-0.217177
4	Gm04_14419224	14419224	0.411184	-0.218426	0.218426	-0.218426
4	Gm04_14510239	14510239	0.167763	0.327389	-0.327389	0.327389
4	Gm04_14516872	14516872	0.154605	0.39717	-0.39717	0.39717
4	Gm04_14517033	14517033	0.240132	0.204652	-0.204652	0.204652
4	Gm04_14538017	14538017	0.243421	0.187343	-0.187343	0.187343
4	Gm04_14569249	14569249	0.0559211	0.441275	-0.441275	0.441275
4	Gm04_14574713	14574713	0.246711	0.169366	-0.169366	0.169366
4	Gm04_14609910	14609910	0.157895	0.364336	-0.364336	0.364336
4	Gm04_14617021	14617021	0.440789	-0.344545	0.344545	-0.344545
4	Gm04_14617036	14617036	0.236842	0.215304	-0.215304	0.215304
4	Gm04_14637524	14637524	0.154605	0.39226	-0.39226	0.39226
4	Gm04_14637710	14637710	0.440789	-0.335933	0.335933	-0.335933
4	Gm04_14644995	14644995	0.444079	-0.349702	0.349702	-0.349702
4	Gm04_14649383	14649383	0.444079	-0.351111	0.351111	-0.351111
4	Gm04_14651358	14651358	0.440789	-0.342274	0.342274	-0.342274
4	Gm04_14661565	14661565	0.157895	0.359316	-0.359316	0.359316
4	Gm04_14661820	14661820	0.151316	0.400042	-0.400042	0.400042
4	Gm04_14679743	14679743	0.411184	-0.268404	0.268404	-0.268404
4	Gm04_14681944	14681944	0.161184	0.3357	-0.3357	0.3357
4	Gm04_14695043	14695043	0.440789	-0.35952	0.35952	-0.35952
4	Gm04_14698349	14698349	0.430921	-0.330432	0.330432	-0.330432
4	Gm04_14722699	14722699	0.411184	-0.266801	0.266801	-0.266801
4	Gm04_14758735	14758735	0.447368	-0.381591	0.381591	-0.381591
4	Gm04_14758766	14758766	0.197368	0.156162	-0.156162	0.156162
4	Gm04_14758906	14758906	0.25	0.12271	-0.12271	0.12271
4	Gm04_14758925	14758925	0.197368	0.153183	-0.153183	0.153183
4	Gm04_14758945	14758945	0.25	0.113664	-0.113664	0.113664
4	Gm04_14765870	14765870	0.246711	0.125416	-0.125416	0.125416
4	Gm04_14765964	14765964	0.243421	0.138994	-0.138994	0.138994
4	Gm04_14765976	14765976	0.243421	0.137526	-0.137526	0.137526
4	Gm04_14765993	14765993	0.440789	-0.380872	0.380872	-0.380872
4	Gm04_14779475	14779475	0.200658	0.117419	-0.117419	0.117419
4	Gm04_14779774	14779774	0.197368	0.135249	-0.135249	0.135249
4	Gm04_14779788	14779788	0.197368	0.134449	-0.134449	0.134449
4	Gm04_14779811	14779811	0.200658	0.115493	-0.115493	0.115493
4	Gm04_14780227	14780227	0.194079	0.139683	-0.139683	0.139683
4	Gm04_14814144	14814144	0.154605	0.339281	-0.339281	0.339281
4	Gm04_14859293	14859293	0.151316	0.304777	-0.304777	0.304777
4	Gm04_14871954	14871954	0.167763	0.305127	-0.305127	0.305127
4	Gm04_14874321	14874321	0.0526316	0.468856	-0.468856	0.468856
4	Gm04_14874521	14874521	0.496711	-0.609046	0.609046	-0.609046
4	Gm04_14878167	14878167	0.0526316	0.469132	-0.469132	0.469132
4	Gm04_14878524	14878524	0.167763	0.3161	-0.3161	0.3161
4	Gm04_14878589	14878589	0.167763	0.315667	-0.315667	0.315667
4	Gm04_14881532	14881532	0.0756579	0.46876	-0.46876	0.46876
4	Gm04_14881579	14881579	0.273026	-0.0918159	0.0918159	-0.0918159
4	Gm04_14887482	14887482	0.447368	-0.48533	0.48533	-0.48533
4	Gm04_14899127	14899127	0.447368	-0.485551	0.485551	-0.485551
4	Gm04_14927200	14927200	0.282895	-0.180057	0.180057	-0.180057
4	Gm04_14995988	14995988	0.197368	0.125149	-0.125149	0.125149
4	Gm04_15009114	15009114	0.0559211	0.2959	-0.2959	0.2959
4	Gm04_15009457	15009457	0.164474	0.131911	-0.131911	0.131911
4	Gm04_15011534	15011534	0.0526316	0.348616	-0.348616	0.348616
4	Gm04_15014081	15014081	0.0559211	0.29207	-0.29207	0.29207
4	Gm04_15014097	15014097	0.171053	0.0901457	-0.0901457	0.0901457
4	Gm04_15016793	15016793	0.0559211	0.293321	-0.293321	0.293321
4	Gm04_15017066	15017066	0.259868	-0.288163	0.288163	-0.288163
4	Gm04_15017685	15017685	0.220395	-0.136091	0.136091	-0.136091
4	Gm04_15017997	15017997	0.164474	0.113628	-0.113628	0.113628
4	Gm04_15018031	15018031	0.171053	0.0775137	-0.0775137	0.0775137
4	Gm04_15027194	15027194	0.171053	0.0792122	-0.0792122	0.0792122
4	Gm04_15027295	15027295	0.167763	0.0970248	-0.0970248	0.0970248
4	Gm04_15027480	15027480	0.263158	-0.311776	0.311776	-0.311776
4	Gm04_15029607	15029607	0.167763	0.0935013	-0.0935013	0.0935013
4	Gm04_15029671	15029671	0.167763	0.092256	-0.092256	0.092256
4	Gm04_15029900	15029900	0.167763	0.0910108	-0.0910108	0.0910108
4	Gm04_15080670	15080670	0.210526	-0.133274	0.133274	-0.133274
4	Gm04_15080821	15080821	0.0526316	0.337449	-0.337449	0.337449
4	Gm04_15083707	15083707	0.157895	0.107678	-0.107678	0.107678
4	Gm04_15083731	15083731	0.0526316	0.335155	-0.335155	0.335155
4	Gm04_15097129	15097129	0.157895	0.105449	-0.105449	0.105449
4	Gm04_15097375	15097375	0.157895	0.105221	-0.105221	0.105221
4	Gm04_15100871	15100871	0.246711	-0.290302	0.290302	-0.290302
4	Gm04_15100882	15100882	0.256579	-0.332754	0.332754	-0.332754
4	Gm04_15111385	15111385	0.0526316	0.333045	-0.333045	0.333045
4	Gm04_15111673	15111673	0.207237	-0.120726	0.120726	-0.120726
4	Gm04_15112137	15112137	0.203947	-0.108007	0.108007	-0.108007
4	Gm04_15112300	15112300	0.144737	0.152486	-0.152486	0.152486
4	Gm04_15112325	15112325	0.0625	-0.127878	0.127878	-0.127878
4	Gm04_15114960	15114960	0.154605	0.116615	-0.116615	0.116615
4	Gm04_15122550	15122550	0.25	-0.296262	0.296262	-0.296262
4	Gm04_15129274	15129274	0.256579	-0.324455	0.324455	-0.324455
4	Gm04_15129321	15129321	0.246711	-0.281091	0.281091	-0.281091
4	Gm04_15129473	15129473	0.246711	-0.280909	0.280909	-0.280909
4	Gm04_15132231	15132231	0.0526316	0.319831	-0.319831	0.319831
4	Gm04_15132844	15132844	0.0526316	0.319788	-0.319788	0.319788
4	Gm04_15135707	15135707	0.154605	0.114865	-0.114865	0.114865
4	Gm04_15136293	15136293	0.0559211	0.268282	-0.268282	0.268282
4	Gm04_15136575	15136575	0.243421	-0.266755	0.266755	-0.266755
4	Gm04_15136870	15136870	0.263158	-0.346794	0.346794	-0.346794
4	Gm04_15140880	15140880	0.0559211	0.262797	-0.262797	0.262797
4	Gm04_15145321	15145321	0.0559211	0.262741	-0.262741	0.262741
4	Gm04_15166723	15166723	0.0559211	0.26255	-0.26255	0.26255
4	Gm04_15167143	15167143	0.0559211	0.262225	-0.262225	0.262225
4	Gm04_15207338	15207338	0.0559211	0.2619	-0.2619	0.2619
4	Gm04_15218390	15218390	0.203947	-0.12178	0.12178	-0.12178
4	Gm04_15218438	15218438	0.207237	-0.138794	0.138794	-0.138794
4	Gm04_15268852	15268852	0.154605	0.124115	-0.124115	0.124115
4	Gm04_15373222	15373222	0.128289	-0.242412	0.242412	-0.242412
4	Gm04_15435621	15435621	0.134868	-0.290874	0.290874	-0.290874
4	Gm04_15512799	15512799	0.0526316	0.314674	-0.314674	0.314674
4	Gm04_15541898	15541898	0.0690789	0.0364097	-0.0364097	0.0364097
4	Gm04_15558249	15558249	0.190789	0.113277	-0.113277	0.113277
4	Gm04_15558543	15558543	0.121711	-0.202516	0.202516	-0.202516
4	Gm04_15597883	15597883	0.0723684	-0.0178527	0.0178527	-0.0178527
4	Gm04_15603547	15603547	0.0690789	0.0255977	-0.0255977	0.0255977
4	Gm04_15603896	15603896	0.0723684	-0.0184157	0.0184157	-0.0184157
4	Gm04_15644812	15644812	0.0657895	0.0661611	-0.0661611	0.0661611
4	Gm04_15653607	15653607	0.0625	0.110862	-0.110862	0.110862
4	Gm04_15664350	15664350	0.0559211	0.250003	-0.250003	0.250003
4	Gm04_15679681	15679681	0.0657895	0.0857449	-0.0857449	0.0857449
4	Gm04_15711967	15711967	0.115132	0.0486336	-0.0486336	0.0486336
4	Gm04_15712227	15712227	0.0822368	0.194614	-0.194614	0.194614
4	Gm04_15782234	15782234	0.0723684	-0.00247821	0.00247821	-0.00247821
4	Gm04_15788063	15788063	0.125	-0.228426	0.228426	-0.228426
4	Gm04_15788703	15788703	0.125	-0.229377	0.229377	-0.229377
4	Gm04_15796604	15796604	0.0526316	0.286235	-0.286235	0.286235
4	Gm04_15820296	15820296	0.121711	-0.204902	0.204902	-0.204902
4	Gm04_15820320	15820320	0.121711	-0.205854	0.205854	-0.205854
4	Gm04_15823385	15823385	0.0723684	-0.0105514	0.0105514	-0.0105514
4	Gm04_15876846	15876846	0.0690789	0.032646	-0.032646	0.032646
4	Gm04_15889915	15889915	0.0690789	0.0323881	-0.0323881	0.0323881
4	Gm04_15943985	15943985	0.0723684	-0.0112717	0.0112717	-0.0112717
4	Gm04_15954709	15954709	0.0723684	-0.0120657	0.0120657	-0.0120657
4	Gm04_15997965	15997965	0.151316	0.368511	-0.368511	0.368511
4	Gm04_15999008	15999008	0.0690789	0.0120835	-0.0120835	0.0120835
4	Gm04_16002972	16002972	0.0657895	0.0547258	-0.0547258	0.0547258
4	Gm04_16003003	16003003	0.121711	-0.236839	0.236839	-0.236839
4	Gm04_16007767	16007767	0.0690789	0.00740303	-0.00740303	0.00740303
4	Gm04_16009597	16009597	0.0657895	0.0521813	-0.0521813	0.0521813
4	Gm04_16009811	16009811	0.0657895	0.0510621	-0.0510621	0.0510621
4	Gm04_16024988	16024988	0.0526316	0.249347	-0.249347	0.249347
4	Gm04_16026493	16026493	0.0756579	-0.0796517	0.0796517	-0.0796517
4	Gm04_16026916	16026916	0.0690789	0.00257718	-0.00257718	0.00257718
4	Gm04_16030919	16030919	0.121711	-0.241031	0.241031	-0.241031
4	Gm04_16061619	16061619	0.197368	0.109527	-0.109527	0.109527
4	Gm04_16074017	16074017	0.118421	-0.28829	0.28829	-0.28829
4	Gm04_16076327	16076327	0.0657895	-0.0281084	0.0281084	-0.0281084
4	Gm04_16082413	16082413	0.0625	0.000718414	-0.000718414	0.000718414
4	Gm04_16108374	16108374	0.0657895	-0.0397157	0.0397157	-0.0397157
4	Gm04_16111342	16111342	0.0657895	-0.0408041	0.0408041	-0.0408041
4	Gm04_16111368	16111368	0.0657895	-0.0419487	0.0419487	-0.0419487
4	Gm04_16157322	16157322	0.0657895	-0.0430766	0.0430766	-0.0430766
4	Gm04_16157362	16157362	0.0526316	0.165968	-0.165968	0.165968
4	Gm04_16157575	16157575	0.0526316	0.164921	-0.164921	0.164921
4	Gm04_16167077	16167077	0.0690789	-0.116452	0.116452	-0.116452
4	Gm04_16171669	16171669	0.0756579	-0.183189	0.183189	-0.183189
4	Gm04_16174794	16174794	0.128289	-0.391961	0.391961	-0.391961
4	Gm04_16174799	16174799	0.0756579	-0.184701	0.184701	-0.184701
4	Gm04_16176776	16176776	0.0657895	-0.061184	0.061184	-0.061184
4	Gm04_16181662	16181662	0.0526316	0.161555	-0.161555	0.161555
4	Gm04_16188145	16188145	0.0657895	-0.0631444	0.0631444	-0.0631444
4	Gm04_16188197	16188197	0.0657895	-0.0639942	0.0639942	-0.0639942
4	Gm04_16237924	16237924	0.0723684	-0.154558	0.154558	-0.154558
4	Gm04_16274658	16274658	0.118421	-0.30034	0.30034	-0.30034
4	Gm04_16290480	16290480	0.121711	-0.325508	0.325508	-0.325508
4	Gm04_16315443	16315443	0.121711	-0.326189	0.326189	-0.326189
4	Gm04_16353775	16353775	0.128289	-0.376155	0.376155	-0.376155
4	Gm04_16356912	16356912	0.0888158	-0.184756	0.184756	-0.184756
4	Gm04_16388673	16388673	0.131579	-0.454505	0.454505	-0.454505
4	Gm04_16393486	16393486	0.128289	-0.430356	0.430356	-0.430356
4	Gm04_16393636	16393636	0.128289	-0.431063	0.431063	-0.431063
4	Gm04_16393937	16393937	0.121711	-0.38313	0.38313	-0.38313
4	Gm04_16424102	16424102	0.0953947	-0.254366	0.254366	-0.254366
4	Gm04_16424346	16424346	0.121711	-0.401215	0.401215	-0.401215
4	Gm04_16427646	16427646	0.0526316	0.153601	-0.153601	0.153601
4	Gm04_16467390	16467390	0.0822368	-0.145124	0.145124	-0.145124
4	Gm04_16487823	16487823	0.121711	-0.401539	0.401539	-0.401539
4	Gm04_16490676	16490676	0.125	-0.427093	0.427093	-0.427093
4	Gm04_16493532	16493532	0.121711	-0.40208	0.40208	-0.40208
4	Gm04_16498716	16498716	0.121711	-0.402781	0.402781	-0.402781
4	Gm04_16498836	16498836	0.0526316	0.150048	-0.150048	0.150048
4	Gm04_16509736	16509736	0.108553	-0.312433	0.312433	-0.312433
4	Gm04_16510165	16510165	0.167763	-0.548147	0.548147	-0.548147
4	Gm04_16510201	16510201	0.167763	-0.548204	0.548204	-0.548204
4	Gm04_16510464	16510464	0.167763	-0.548266	0.548266	-0.548266
4	Gm04_16510498	16510498	0.171053	-0.558085	0.558085	-0.558085
4	Gm04_16512296	16512296	0.0822368	-0.151105	0.151105	-0.151105
4	Gm04_16512542	16512542	0.128289	-0.461976	0.461976	-0.461976
4	Gm04_16517605	16517605	0.125	-0.437927	0.437927	-0.437927
4	Gm04_16518187	16518187	0.111842	-0.354062	0.354062	-0.354062
4	Gm04_16518234	16518234	0.0789474	-0.117905	0.117905	-0.117905
4	Gm04_16518526	16518526	0.0526316	0.130894	-0.130894	0.130894
4	Gm04_16518545	16518545	0.115132	-0.344301	0.344301	-0.344301
4	Gm04_16526914	16526914	0.0789474	-0.0828072	0.0828072	-0.0828072
4	Gm04_16531447	16531447	0.125	-0.422869	0.422869	-0.422869
4	Gm04_16531592	16531592	0.0822368	-0.119852	0.119852	-0.119852
4	Gm04_16569049	16569049	0.0921053	-0.227671	0.227671	-0.227671
4	Gm04_16581446	16581446	0.0822368	-0.119986	0.119986	-0.119986
4	Gm04_16581738	16581738	0.125	-0.419844	0.419844	-0.419844
4	Gm04_16584249	16584249	0.0986842	-0.258138	0.258138	-0.258138
4	Gm04_16584455	16584455	0.125	-0.404128	0.404128	-0.404128
4	Gm04_16585183	16585183	0.0822368	-0.144134	0.144134	-0.144134
4	Gm04_16585482	16585482	0.128289	-0.418938	0.418938	-0.418938
4	Gm04_16586664	16586664	0.125	-0.392688	0.392688	-0.392688
4	Gm04_16586676	16586676	0.125	-0.392191	0.392191	-0.392191
4	Gm04_16588200	16588200	0.0822368	-0.115283	0.115283	-0.115283
4	Gm04_16588487	16588487	0.128289	-0.415675	0.415675	-0.415675
4	Gm04_16589905	16589905	0.125	-0.390428	0.390428	-0.390428
4	Gm04_16590160	16590160	0.125	-0.389755	0.389755	-0.389755
4	Gm04_16592639	16592639	0.0789474	-0.0769058	0.0769058	-0.0769058
4	Gm04_16592960	16592960	0.121711	-0.354354	0.354354	-0.354354
4	Gm04_16634055	16634055	0.118421	-0.327377	0.327377	-0.327377
4	Gm04_16661746	16661746	0.118421	-0.326823	0.326823	-0.326823
4	Gm04_16668640	16668640	0.118421	-0.327711	0.327711	-0.327711
4	Gm04_16705188	16705188	0.115132	-0.299936	0.299936	-0.299936
4	Gm04_16709154	16709154	0.121711	-0.350884	0.350884	-0.350884
4	Gm04_16741648	16741648	0.118421	-0.323394	0.323394	-0.323394
4	Gm04_16751466	16751466	0.0526316	0.15019	-0.15019	0.15019
4	Gm04_16755296	16755296	0.121711	0.283925	-0.283925	0.283925
4	Gm04_16834701	16834701	0.121711	-0.342115	0.342115	-0.342115
4	Gm04_16846416	16846416	0.0921053	-0.211409	0.211409	-0.211409
4	Gm04_16887235	16887235	0.131579	-0.409764	0.409764	-0.409764
4	Gm04_16896902	16896902	0.0723684	-0.198977	0.198977	-0.198977
4	Gm04_16910218	16910218	0.0723684	-0.198152	0.198152	-0.198152
4	Gm04_16917931	16917931	0.0657895	-0.111719	0.111719	-0.111719
4	Gm04_16932798	16932798	0.0657895	-0.110887	0.110887	-0.110887
4	Gm04_16932822	16932822	0.0657895	-0.110094	0.110094	-0.110094
4	Gm04_16943802	16943802	0.0690789	-0.15432	0.15432	-0.15432
4	Gm04_16964130	16964130	0.0559211	0.162706	-0.162706	0.162706
4	Gm04_17002966	17002966	0.0723684	-0.193444	0.193444	-0.193444
4	Gm04_17075694	17075694	0.118421	-0.277843	0.277843	-0.277843
4	Gm04_17079119	17079119	0.121711	-0.300545	0.300545	-0.300545
4	Gm04_17081894	17081894	0.0625	-0.128406	0.128406	-0.128406
4	Gm04_17081911	17081911	0.0625	-0.12742	0.12742	-0.12742
4	Gm04_17148561	17148561	0.194079	0.419159	-0.419159	0.419159
4	Gm04_17148603	17148603	0.125	0.440491	-0.440491	0.440491
4	Gm04_17149218	17149218	0.194079	0.410991	-0.410991	0.410991
4	Gm04_17150592	17150592	0.118421	-0.093249	0.093249	-0.093249
4	Gm04_17170411	17170411	0.118421	-0.0922027	0.0922027	-0.0922027
4	Gm04_17173711	17173711	0.118421	-0.091162	0.091162	-0.091162
4	Gm04_17175526	17175526	0.105263	-0.011458	0.011458	-0.011458
4	Gm04_17176752	17176752	0.108553	-0.0374218	0.0374218	-0.0374218
4	Gm04_17177088	17177088	0.493421	-0.253913	0.253913	-0.253913
4	Gm04_17186422	17186422	0.121711	-0.0614528	0.0614528	-0.0614528
4	Gm04_17186710	17186710	0.121711	-0.061171	0.061171	-0.061171
4	Gm04_17190572	17190572	0.108553	0.0386177	-0.0386177	0.0386177
4	Gm04_17199948	17199948	0.105263	0.067621	-0.067621	0.067621
4	Gm04_17200165	17200165	0.118421	-0.0333153	0.0333153	-0.0333153
4	Gm04_17200314	17200314	0.121711	-0.0590614	0.0590614	-0.0590614
4	Gm04_17211708	17211708	0.0526316	0.455218	-0.455218	0.455218
4	Gm04_17213313	17213313	0.118421	0.00120437	-0.00120437	0.00120437
4	Gm04_17234549	17234549	0.194079	0.516752	-0.516752	0.516752
4	Gm04_17234693	17234693	0.108553	-0.0140686	0.0140686	-0.0140686
4	Gm04_17234752	17234752	0.108553	-0.0146058	0.0146058	-0.0146058
4	Gm04_17253652	17253652	0.118421	-0.0918035	0.0918035	-0.0918035
4	Gm04_17255491	17255491	0.118421	-0.093021	0.093021	-0.093021
4	Gm04_17255504	17255504	0.108553	-0.0158127	0.0158127	-0.0158127
4	Gm04_17273080	17273080	0.105263	0.0109024	-0.0109024	0.0109024
4	Gm04_17284682	17284682	0.108553	-0.0186668	0.0186668	-0.0186668
4	Gm04_17288459	17288459	0.358553	0.0170474	-0.0170474	0.0170474
4	Gm04_17289727	17289727	0.108553	-0.0480649	0.0480649	-0.0480649
4	Gm04_17300385	17300385	0.118421	-0.125617	0.125617	-0.125617
4	Gm04_17300704	17300704	0.0657895	0.245067	-0.245067	0.245067
4	Gm04_17300721	17300721	0.118421	-0.114999	0.114999	-0.114999
4	Gm04_17318242	17318242	0.125	-0.167863	0.167863	-0.167863
4	Gm04_17318265	17318265	0.105263	-0.00923476	0.00923476	-0.00923476
4	Gm04_17318507	17318507	0.121711	-0.141483	0.141483	-0.141483
4	Gm04_17319161	17319161	0.118421	-0.114051	0.114051	-0.114051
4	Gm04_17320569	17320569	0.157895	0.375272	-0.375272	0.375272
4	Gm04_17320606	17320606	0.128289	-0.212768	0.212768	-0.212768
4	Gm04_17320862	17320862	0.108553	-0.061049	0.061049	-0.061049
4	Gm04_17322068	17322068	0.128289	-0.218323	0.218323	-0.218323
4	Gm04_17323626	17323626	0.105263	-0.0335886	0.0335886	-0.0335886
4	Gm04_17334120	17334120	0.125	-0.192488	0.192488	-0.192488
4	Gm04_17334417	17334417	0.125	-0.191496	0.191496	-0.191496
4	Gm04_17336041	17336041	0.121711	-0.166166	0.166166	-0.166166
4	Gm04_17338125	17338125	0.108553	-0.065399	0.065399	-0.065399
4	Gm04_17338703	17338703	0.108553	-0.0661659	0.0661659	-0.0661659
4	Gm04_17342318	17342318	0.118421	-0.17419	0.17419	-0.17419
4	Gm04_17347752	17347752	0.105263	-0.0724293	0.0724293	-0.0724293
4	Gm04_17348054	17348054	0.128289	-0.236179	0.236179	-0.236179
4	Gm04_17348416	17348416	0.128289	-0.236641	0.236641	-0.236641
4	Gm04_17370741	17370741	0.108553	-0.0851211	0.0851211	-0.0851211
4	Gm04_17372443	17372443	0.0690789	0.150092	-0.150092	0.150092
4	Gm04_17372921	17372921	0.128289	-0.281496	0.281496	-0.281496
4	Gm04_17375420	17375420	0.115132	-0.190886	0.190886	-0.190886
4	Gm04_17375810	17375810	0.105263	-0.0808691	0.0808691	-0.0808691
4	Gm04_17379730	17379730	0.0657895	0.224814	-0.224814	0.224814
4	Gm04_17379979	17379979	0.105263	-0.0779532	0.0779532	-0.0779532
4	Gm04_17382534	17382534	0.108553	-0.107055	0.107055	-0.107055
4	Gm04_17385302	17385302	0.125	-0.232604	0.232604	-0.232604
4	Gm04_17385330	17385330	0.0657895	0.360243	-0.360243	0.360243
4	Gm04_17387483	17387483	0.0657895	0.227409	-0.227409	0.227409
4	Gm04_17415970	17415970	0.105263	-0.0711559	0.0711559	-0.0711559
4	Gm04_17432928	17432928	0.118421	-0.178525	0.178525	-0.178525
4	Gm04_17432952	17432952	0.105263	-0.073038	0.073038	-0.073038
4	Gm04_17450851	17450851	0.490132	-0.415295	0.415295	-0.415295
4	Gm04_17464179	17464179	0.108553	-0.0358337	0.0358337	-0.0358337
4	Gm04_17478730	17478730	0.447368	-0.280712	0.280712	-0.280712
4	Gm04_17478752	17478752	0.447368	-0.281463	0.281463	-0.281463
4	Gm04_17478949	17478949	0.444079	-0.270567	0.270567	-0.270567
4	Gm04_17481700	17481700	0.108553	-0.134853	0.134853	-0.134853
4	Gm04_17481727	17481727	0.108553	-0.135393	0.135393	-0.135393
4	Gm04_17485388	17485388	0.105263	-0.1078	0.1078	-0.1078
4	Gm04_17485449	17485449	0.108553	-0.138165	0.138165	-0.138165
4	Gm04_17486745	17486745	0.108553	-0.139203	0.139203	-0.139203
4	Gm04_17486772	17486772	0.0657895	0.18735	-0.18735	0.18735
4	Gm04_17487144	17487144	0.105263	-0.0945816	0.0945816	-0.0945816
4	Gm04_17487378	17487378	0.105263	-0.0951641	0.0951641	-0.0951641
4	Gm04_17503509	17503509	0.105263	-0.0957454	0.0957454	-0.0957454
4	Gm04_17503597	17503597	0.108553	-0.126024	0.126024	-0.126024
4	Gm04_17504182	17504182	0.105263	-0.0966652	0.0966652	-0.0966652
4	Gm04_17505570	17505570	0.105263	-0.0971525	0.0971525	-0.0971525
4	Gm04_17524865	17524865	0.105263	-0.0977965	0.0977965	-0.0977965
4	Gm04_17576233	17576233	0.105263	-0.0983572	0.0983572	-0.0983572
4	Gm04_17591674	17591674	0.108553	-0.127334	0.127334	-0.127334
4	Gm04_17591947	17591947	0.105263	-0.100168	0.100168	-0.100168
4	Gm04_17591953	17591953	0.121711	-0.231201	0.231201	-0.231201
4	Gm04_17592415	17592415	0.0657895	0.180283	-0.180283	0.180283
4	Gm04_17610764	17610764	0.115132	-0.191139	0.191139	-0.191139
4	Gm04_17611196	17611196	0.0690789	0.157203	-0.157203	0.157203
4	Gm04_17611214	17611214	0.115132	-0.165039	0.165039	-0.165039
4	Gm04_17611515	17611515	0.105263	-0.0846641	0.0846641	-0.0846641
4	Gm04_17615274	17615274	0.105263	-0.0852387	0.0852387	-0.0852387
4	Gm04_17621513	17621513	0.121711	-0.215983	0.215983	-0.215983
4	Gm04_17638919	17638919	0.121711	-0.214842	0.214842	-0.214842
4	Gm04_17639220	17639220	0.118421	-0.190514	0.190514	-0.190514
4	Gm04_17673368	17673368	0.125	-0.243539	0.243539	-0.243539
4	Gm04_17684160	17684160	0.121711	-0.217729	0.217729	-0.217729
4	Gm04_17684166	17684166	0.105263	-0.0875654	0.0875654	-0.0875654
4	Gm04_17684213	17684213	0.105263	-0.0880952	0.0880952	-0.0880952
4	Gm04_17687608	17687608	0.121711	-0.223156	0.223156	-0.223156
4	Gm04_17687845	17687845	0.121711	-0.224032	0.224032	-0.224032
4	Gm04_17687854	17687854	0.105263	-0.0911399	0.0911399	-0.0911399
4	Gm04_17691741	17691741	0.108553	-0.121031	0.121031	-0.121031
4	Gm04_17693362	17693362	0.0789474	0.0340201	-0.0340201	0.0340201
4	Gm04_17693426	17693426	0.0789474	0.0328117	-0.0328117	0.0328117
4	Gm04_17693943	17693943	0.167763	0.225249	-0.225249	0.225249
4	Gm04_17698727	17698727	0.118421	-0.163736	0.163736	-0.163736
4	Gm04_17719460	17719460	0.105263	-0.0598185	0.0598185	-0.0598185
4	Gm04_17719489	17719489	0.105263	-0.0606744	0.0606744	-0.0606744
4	Gm04_17722496	17722496	0.105263	-0.0613063	0.0613063	-0.0613063
4	Gm04_17722873	17722873	0.157895	0.270918	-0.270918	0.270918
4	Gm04_17765030	17765030	0.111842	-0.115908	0.115908	-0.115908
4	Gm04_17765878	17765878	0.480263	-0.547607	0.547607	-0.547607
4	Gm04_17800925	17800925	0.0592105	0.25221	-0.25221	0.25221
4	Gm04_17825496	17825496	0.157895	0.310988	-0.310988	0.310988
4	Gm04_17826402	17826402	0.0756579	-0.0366001	0.0366001	-0.0366001
4	Gm04_17834910	17834910	0.0789474	-0.103834	0.103834	-0.103834
4	Gm04_17836482	17836482	0.0625	0.0779757	-0.0779757	0.0779757
4	Gm04_17836977	17836977	0.0822368	-0.107179	0.107179	-0.107179
4	Gm04_17837320	17837320	0.0822368	-0.108365	0.108365	-0.108365
4	Gm04_17853579	17853579	0.0592105	0.148754	-0.148754	0.148754
4	Gm04_17853593	17853593	0.328947	-0.337418	0.337418	-0.337418
4	Gm04_17853706	17853706	0.0592105	0.15851	-0.15851	0.15851
4	Gm04_17853745	17853745	0.0592105	0.157995	-0.157995	0.157995
4	Gm04_17854105	17854105	0.246711	-0.0227299	0.0227299	-0.0227299
4	Gm04_17855028	17855028	0.0592105	0.155607	-0.155607	0.155607
4	Gm04_17855053	17855053	0.0592105	0.154816	-0.154816	0.154816
4	Gm04_17855260	17855260	0.197368	0.184658	-0.184658	0.184658
4	Gm04_17855265	17855265	0.0592105	0.154755	-0.154755	0.154755
4	Gm04_17856399	17856399	0.332237	-0.352607	0.352607	-0.352607
4	Gm04_17856642	17856642	0.332237	-0.352591	0.352591	-0.352591
4	Gm04_17856652	17856652	0.246711	-0.0266012	0.0266012	-0.0266012
4	Gm04_17865779	17865779	0.0592105	0.129125	-0.129125	0.129125
4	Gm04_17870545	17870545	0.0592105	0.128243	-0.128243	0.128243
4	Gm04_17899360	17899360	0.0822368	-0.1373	0.1373	-0.1373
4	Gm04_17931845	17931845	0.0559211	0.17263	-0.17263	0.17263
4	Gm04_17931857	17931857	0.115132	-0.292608	0.292608	-0.292608
4	Gm04_17959529	17959529	0.0789474	-0.0938728	0.0938728	-0.0938728
4	Gm04_18012526	18012526	0.111842	-0.264828	0.264828	-0.264828
4	Gm04_18012778	18012778	0.111842	-0.265152	0.265152	-0.265152
4	Gm04_18012815	18012815	0.0789474	-0.0973131	0.0973131	-0.0973131
4	Gm04_18013119	18013119	0.0921053	-0.109165	0.109165	-0.109165
4	Gm04_18013144	18013144	0.0921053	-0.109603	0.109603	-0.109603
4	Gm04_18101565	18101565	0.0888158	-0.0954967	0.0954967	-0.0954967
4	Gm04_18108940	18108940	0.0921053	-0.11968	0.11968	-0.11968
4	Gm04_18114497	18114497	0.322368	-0.330413	0.330413	-0.330413
4	Gm04_18114758	18114758	0.0953947	-0.163159	0.163159	-0.163159
4	Gm04_18117154	18117154	0.0559211	0.13717	-0.13717	0.13717
4	Gm04_18121772	18121772	0.0592105	0.0827567	-0.0827567	0.0827567
4	Gm04_18121793	18121793	0.0888158	-0.128709	0.128709	-0.128709
4	Gm04_18122785	18122785	0.0559211	0.136669	-0.136669	0.136669
4	Gm04_18148806	18148806	0.115132	-0.309691	0.309691	-0.309691
4	Gm04_18177520	18177520	0.0559211	0.13337	-0.13337	0.13337
4	Gm04_18180326	18180326	0.0559211	0.133173	-0.133173	0.133173
4	Gm04_18200509	18200509	0.0559211	0.13284	-0.13284	0.13284
4	Gm04_18209424	18209424	0.0559211	0.132373	-0.132373	0.132373
4	Gm04_18216952	18216952	0.0921053	-0.14015	0.14015	-0.14015
4	Gm04_18217316	18217316	0.0921053	-0.140434	0.140434	-0.140434
4	Gm04_18218544	18218544	0.0953947	-0.173962	0.173962	-0.173962
4	Gm04_18218855	18218855	0.0690789	-0.115604	0.115604	-0.115604
4	Gm04_18222844	18222844	0.0559211	0.125335	-0.125335	0.125335
4	Gm04_18228117	18228117	0.0559211	0.124784	-0.124784	0.124784
4	Gm04_18239959	18239959	0.0559211	0.124167	-0.124167	0.124167
4	Gm04_18240966	18240966	0.0559211	0.123551	-0.123551	0.123551
4	Gm04_18241194	18241194	0.200658	0.161363	-0.161363	0.161363
4	Gm04_18245135	18245135	0.203947	0.145821	-0.145821	0.145821
4	Gm04_18245192	18245192	0.0559211	0.105166	-0.105166	0.105166
4	Gm04_18252150	18252150	0.0953947	-0.204029	0.204029	-0.204029
4	Gm04_18299148	18299148	0.0559211	0.105709	-0.105709	0.105709
4	Gm04_18308181	18308181	0.118421	-0.359621	0.359621	-0.359621
4	Gm04_18312677	18312677	0.0559211	0.103204	-0.103204	0.103204
4	Gm04_18323557	18323557	0.0921053	-0.165432	0.165432	-0.165432
4	Gm04_18329960	18329960	0.0953947	-0.199186	0.199186	-0.199186
4	Gm04_18329995	18329995	0.0953947	-0.199609	0.199609	-0.199609
4	Gm04_18343208	18343208	0.0953947	-0.198733	0.198733	-0.198733
4	Gm04_18344713	18344713	0.0559211	0.100194	-0.100194	0.100194
4	Gm04_18344904	18344904	0.0921053	-0.174693	0.174693	-0.174693
4	Gm04_18344929	18344929	0.0921053	-0.175227	0.175227	-0.175227
4	Gm04_18383905	18383905	0.0592105	0.0452613	-0.0452613	0.0452613
4	Gm04_18386571	18386571	0.0953947	-0.208221	0.208221	-0.208221
4	Gm04_18399229	18399229	0.0921053	-0.175237	0.175237	-0.175237
4	Gm04_18399252	18399252	0.0526316	0.121383	-0.121383	0.121383
4	Gm04_18399487	18399487	0.0953947	-0.212085	0.212085	-0.212085
4	Gm04_18399505	18399505	0.0953947	-0.212442	0.212442	-0.212442
4	Gm04_18399547	18399547	0.0986842	-0.244483	0.244483	-0.244483
4	Gm04_18399788	18399788	0.0953947	-0.212959	0.212959	-0.212959
4	Gm04_18401631	18401631	0.0855263	-0.126601	0.126601	-0.126601
4	Gm04_18401815	18401815	0.0921053	-0.177364	0.177364	-0.177364
4	Gm04_18401827	18401827	0.0921053	-0.17773	0.17773	-0.17773
4	Gm04_18406533	18406533	0.115132	-0.340679	0.340679	-0.340679
4	Gm04_18441860	18441860	0.0559211	0.0731098	-0.0731098	0.0731098
4	Gm04_18441874	18441874	0.0921053	-0.192194	0.192194	-0.192194
4	Gm04_18441881	18441881	0.0921053	-0.192478	0.192478	-0.192478
4	Gm04_18446945	18446945	0.0526316	0.145436	-0.145436	0.145436
4	Gm04_18447782	18447782	0.0559211	0.122063	-0.122063	0.122063
4	Gm04_18458830	18458830	0.0888158	-0.141353	0.141353	-0.141353
4	Gm04_18458853	18458853	0.0888158	-0.141015	0.141015	-0.141015
4	Gm04_18464640	18464640	0.200658	0.140306	-0.140306	0.140306
4	Gm04_18467543	18467543	0.0559211	0.131459	-0.131459	0.131459
4	Gm04_18475277	18475277	0.0921053	-0.15931	0.15931	-0.15931
4	Gm04_18475350	18475350	0.0592105	0.0800076	-0.0800076	0.0800076
4	Gm04_18482213	18482213	0.0921053	-0.158555	0.158555	-0.158555
4	Gm04_18508974	18508974	0.0559211	0.135718	-0.135718	0.135718
4	Gm04_18514292	18514292	0.0921053	-0.157197	0.157197	-0.157197
4	Gm04_18525184	18525184	0.0559211	0.137596	-0.137596	0.137596
4	Gm04_18528378	18528378	0.121711	-0.371302	0.371302	-0.371302
4	Gm04_18528590	18528590	0.0592105	0.0882941	-0.0882941	0.0882941
4	Gm04_18555571	18555571	0.0921053	-0.151591	0.151591	-0.151591
4	Gm04_18565751	18565751	0.0921053	-0.151199	0.151199	-0.151199
4	Gm04_18602336	18602336	0.0592105	0.0880195	-0.0880195	0.0880195
4	Gm04_18606814	18606814	0.0789474	-0.103654	0.103654	-0.103654
4	Gm04_18607180	18607180	0.0789474	-0.103026	0.103026	-0.103026
4	Gm04_18612436	18612436	0.0789474	-0.102283	0.102283	-0.102283
4	Gm04_18630626	18630626	0.0789474	-0.101642	0.101642	-0.101642
4	Gm04_18634480	18634480	0.0822368	-0.139184	0.139184	-0.139184
4	Gm04_18634524	18634524	0.0592105	0.0950509	-0.0950509	0.0950509
4	Gm04_18634702	18634702	0.0822368	-0.144869	0.144869	-0.144869
4	Gm04_18636512	18636512	0.0559211	0.151107	-0.151107	0.151107
4	Gm04_18642842	18642842	0.0822368	-0.142667	0.142667	-0.142667
4	Gm04_18643097	18643097	0.0559211	0.153915	-0.153915	0.153915
4	Gm04_18643757	18643757	0.121711	-0.361307	0.361307	-0.361307
4	Gm04_18646497	18646497	0.0789474	-0.095756	0.095756	-0.095756
4	Gm04_18646656	18646656	0.0789474	-0.0947769	0.0947769	-0.0947769
4	Gm04_18676415	18676415	0.0559211	0.160712	-0.160712	0.160712
4	Gm04_18688751	18688751	0.0888158	-0.203204	0.203204	-0.203204
4	Gm04_18688756	18688756	0.0888158	-0.202242	0.202242	-0.202242
4	Gm04_18695141	18695141	0.0559211	0.163564	-0.163564	0.163564
4	Gm04_18701938	18701938	0.0559211	0.164808	-0.164808	0.164808
4	Gm04_18702300	18702300	0.0559211	0.16606	-0.16606	0.16606
4	Gm04_18708811	18708811	0.0559211	0.16732	-0.16732	0.16732
4	Gm04_18716306	18716306	0.266447	-0.152726	0.152726	-0.152726
4	Gm04_18716702	18716702	0.0592105	-0.0437053	0.0437053	-0.0437053
4	Gm04_18720703	18720703	0.0789474	-0.0634826	0.0634826	-0.0634826
4	Gm04_18720744	18720744	0.0559211	0.19817	-0.19817	0.19817
4	Gm04_18720831	18720831	0.0592105	0.145568	-0.145568	0.145568
4	Gm04_18727550	18727550	0.0559211	0.200419	-0.200419	0.200419
4	Gm04_18739305	18739305	0.0888158	-0.163775	0.163775	-0.163775
4	Gm04_18739594	18739594	0.0855263	-0.127316	0.127316	-0.127316
4	Gm04_18768008	18768008	0.0855263	-0.126673	0.126673	-0.126673
4	Gm04_18775089	18775089	0.296053	-0.273561	0.273561	-0.273561
4	Gm04_18776019	18776019	0.236842	-0.0400252	0.0400252	-0.0400252
4	Gm04_18776517	18776517	0.0559211	0.218706	-0.218706	0.218706
4	Gm04_18795942	18795942	0.292763	-0.261222	0.261222	-0.261222
4	Gm04_18796203	18796203	0.0592105	0.167166	-0.167166	0.167166
4	Gm04_18796927	18796927	0.200658	0.124819	-0.124819	0.124819
4	Gm04_18797280	18797280	0.282895	-0.210036	0.210036	-0.210036
4	Gm04_18798430	18798430	0.282895	-0.209074	0.209074	-0.209074
4	Gm04_18804204	18804204	0.0559211	0.224049	-0.224049	0.224049
4	Gm04_18823407	18823407	0.286184	-0.214848	0.214848	-0.214848
4	Gm04_18835411	18835411	0.292763	-0.240015	0.240015	-0.240015
4	Gm04_18839228	18839228	0.292763	-0.243234	0.243234	-0.243234
4	Gm04_18839321	18839321	0.230263	0.00671425	-0.00671425	0.00671425
4	Gm04_18839365	18839365	0.286184	-0.20501	0.20501	-0.20501
4	Gm04_18839373	18839373	0.286184	-0.205023	0.205023	-0.205023
4	Gm04_18839641	18839641	0.292763	-0.234795	0.234795	-0.234795
4	Gm04_18841224	18841224	0.282895	-0.193124	0.193124	-0.193124
4	Gm04_18844689	18844689	0.292763	-0.233904	0.233904	-0.233904
4	Gm04_18845140	18845140	0.335526	-0.386633	0.386633	-0.386633
4	Gm04_18845147	18845147	0.289474	-0.225607	0.225607	-0.225607
4	Gm04_18845155	18845155	0.289474	-0.225128	0.225128	-0.225128
4	Gm04_18850166	18850166	0.286184	-0.213498	0.213498	-0.213498
4	Gm04_18852826	18852826	0.0559211	0.234063	-0.234063	0.234063
4	Gm04_18853044	18853044	0.279605	-0.186004	0.186004	-0.186004
4	Gm04_18859747	18859747	0.279605	-0.184737	0.184737	-0.184737
4	Gm04_18859752	18859752	0.279605	-0.18341	0.18341	-0.18341
4	Gm04_18862276	18862276	0.286184	-0.210472	0.210472	-0.210472
4	Gm04_18862578	18862578	0.286184	-0.209213	0.209213	-0.209213
4	Gm04_18862585	18862585	0.286184	-0.207949	0.207949	-0.207949
4	Gm04_18890670	18890670	0.289474	-0.220825	0.220825	-0.220825
4	Gm04_18890988	18890988	0.279605	-0.18478	0.18478	-0.18478
4	Gm04_18899926	18899926	0.233553	-0.00832901	0.00832901	-0.00832901
4	Gm04_18900140	18900140	0.292763	-0.236344	0.236344	-0.236344
4	Gm04_18900192	18900192	0.292763	-0.23494	0.23494	-0.23494
4	Gm04_18943239	18943239	0.282895	-0.193546	0.193546	-0.193546
4	Gm04_18943452	18943452	0.286184	-0.206035	0.206035	-0.206035
4	Gm04_18956042	18956042	0.0559211	0.257259	-0.257259	0.257259
4	Gm04_18983876	18983876	0.282895	-0.192264	0.192264	-0.192264
4	Gm04_18992230	18992230	0.286184	-0.204709	0.204709	-0.204709
4	Gm04_19012035	19012035	0.230263	0.0155488	-0.0155488	0.0155488
4	Gm04_19012052	19012052	0.296053	-0.240474	0.240474	-0.240474
4	Gm04_19012370	19012370	0.286184	-0.200466	0.200466	-0.200466
4	Gm04_19013081	19013081	0.279605	-0.175841	0.175841	-0.175841
4	Gm04_19013226	19013226	0.279605	-0.175312	0.175312	-0.175312
4	Gm04_19013268	19013268	0.223684	0.0466593	-0.0466593	0.0466593
4	Gm04_19146392	19146392	0.0822368	-0.100705	0.100705	-0.100705
4	Gm04_19166132	19166132	0.0789474	-0.0611103	0.0611103	-0.0611103
4	Gm04_19184102	19184102	0.0855263	-0.136218	0.136218	-0.136218
4	Gm04_19225663	19225663	0.0822368	-0.0975176	0.0975176	-0.0975176
4	Gm04_19277854	19277854	0.0789474	-0.058293	0.058293	-0.058293
4	Gm04_19280166	19280166	0.0822368	-0.0943248	0.0943248	-0.0943248
4	Gm04_19280328	19280328	0.0822368	-0.0940409	0.0940409	-0.0940409
4	Gm04_19280339	19280339	0.0822368	-0.0944386	0.0944386	-0.0944386
4	Gm04_19280924	19280924	0.0855263	-0.12959	0.12959	-0.12959
4	Gm04_19281158	19281158	0.0888158	-0.163155	0.163155	-0.163155
4	Gm04_19285383	19285383	0.0855263	-0.128347	0.128347	-0.128347
4	Gm04_19285656	19285656	0.0855263	-0.128296	0.128296	-0.128296
4	Gm04_19285672	19285672	0.0822368	-0.0928441	0.0928441	-0.0928441
4	Gm04_19288438	19288438	0.0822368	-0.0941492	0.0941492	-0.0941492
4	Gm04_19288506	19288506	0.0789474	-0.0553635	0.0553635	-0.0553635
4	Gm04_19288574	19288574	0.0789474	-0.0554545	0.0554545	-0.0554545
4	Gm04_19288718	19288718	0.0789474	-0.0556683	0.0556683	-0.0556683
4	Gm04_19294794	19294794	0.0789474	-0.0558312	0.0558312	-0.0558312
4	Gm04_19294819	19294819	0.0789474	-0.0558911	0.0558911	-0.0558911
4	Gm04_19307767	19307767	0.0789474	-0.0562109	0.0562109	-0.0562109
4	Gm04_19320313	19320313	0.0723684	-0.000412851	0.000412851	-0.000412851
4	Gm04_19320420	19320420	0.118421	-0.329533	0.329533	-0.329533
4	Gm04_19320715	19320715	0.118421	-0.329135	0.329135	-0.329135
4	Gm04_19320920	19320920	0.0559211	0.186569	-0.186569	0.186569
4	Gm04_19334690	19334690	0.0855263	-0.166635	0.166635	-0.166635
4	Gm04_19335055	19335055	0.0855263	-0.166016	0.166016	-0.166016
4	Gm04_19347202	19347202	0.0789474	-0.0916147	0.0916147	-0.0916147
4	Gm04_19365397	19365397	0.0822368	-0.129276	0.129276	-0.129276
4	Gm04_19365431	19365431	0.0822368	-0.128969	0.128969	-0.128969
4	Gm04_19378515	19378515	0.0822368	-0.12862	0.12862	-0.12862
4	Gm04_19381558	19381558	0.0789474	-0.0903219	0.0903219	-0.0903219
4	Gm04_19381799	19381799	0.0559211	0.188209	-0.188209	0.188209
4	Gm04_19381832	19381832	0.0855263	-0.115964	0.115964	-0.115964
4	Gm04_19381862	19381862	0.0822368	-0.0812668	0.0812668	-0.0812668
4	Gm04_19383823	19383823	0.0789474	-0.0420179	0.0420179	-0.0420179
4	Gm04_19384049	19384049	0.0789474	-0.0416099	0.0416099	-0.0416099
4	Gm04_19386154	19386154	0.0789474	-0.0411995	0.0411995	-0.0411995
4	Gm04_19386167	19386167	0.0822368	-0.0779367	0.0779367	-0.0779367
4	Gm04_19391655	19391655	0.0822368	-0.0784131	0.0784131	-0.0784131
4	Gm04_19391699	19391699	0.0822368	-0.0783854	0.0783854	-0.0783854
4	Gm04_19394758	19394758	0.0789474	-0.0398192	0.0398192	-0.0398192
4	Gm04_30213522	30213522	0.115132	-0.398472	0.398472	-0.398472
4	Gm04_30214802	30214802	0.0789474	-0.134568	0.134568	-0.134568
4	Gm04_30214855	30214855	0.0789474	-0.134179	0.134179	-0.134179
4	Gm04_30217972	30217972	0.118421	-0.425896	0.425896	-0.425896
4	Gm04_30229564	30229564	0.0822368	-0.171616	0.171616	-0.171616
4	Gm04_30230952	30230952	0.115132	-0.398966	0.398966	-0.398966
4	Gm04_30231019	30231019	0.0789474	-0.134778	0.134778	-0.134778
4	Gm04_30279608	30279608	0.0789474	-0.135094	0.135094	-0.135094
4	Gm04_30279884	30279884	0.0789474	-0.134671	0.134671	-0.134671
4	Gm04_30300714	30300714	0.0756579	-0.108709	0.108709	-0.108709
4	Gm04_30300724	30300724	0.0756579	-0.109036	0.109036	-0.109036
4	Gm04_30373368	30373368	0.0789474	-0.126028	0.126028	-0.126028
4	Gm04_30373381	30373381	0.0789474	-0.126073	0.126073	-0.126073
4	Gm04_30374533	30374533	0.0789474	-0.126244	0.126244	-0.126244
4	Gm04_30378378	30378378	0.0723684	-0.0825924	0.0825924	-0.0825924
4	Gm04_30378494	30378494	0.0723684	-0.0826002	0.0826002	-0.0826002
4	Gm04_30387024	30387024	0.0855263	-0.195437	0.195437	-0.195437
4	Gm04_30387050	30387050	0.0822368	-0.157904	0.157904	-0.157904
4	Gm04_30408849	30408849	0.121711	-0.428498	0.428498	-0.428498
4	Gm04_30409108	30409108	0.121711	-0.428609	0.428609	-0.428609
4	Gm04_30409944	30409944	0.118421	-0.40221	0.40221	-0.40221
4	Gm04_30410199	30410199	0.118421	-0.402034	0.402034	-0.402034
4	Gm04_30410254	30410254	0.118421	-0.402136	0.402136	-0.402136
4	Gm04_30412716	30412716	0.115132	-0.37637	0.37637	-0.37637
4	Gm04_30412969	30412969	0.0822368	-0.157228	0.157228	-0.157228
4	Gm04_30416756	30416756	0.121711	-0.435839	0.435839	-0.435839
4	Gm04_30417118	30417118	0.115132	-0.382059	0.382059	-0.382059
4	Gm04_30417131	30417131	0.118421	-0.408263	0.408263	-0.408263
4	Gm04_30417139	30417139	0.115132	-0.382435	0.382435	-0.382435
4	Gm04_30418662	30418662	0.0789474	-0.119057	0.119057	-0.119057
4	Gm04_30418902	30418902	0.115132	-0.389426	0.389426	-0.389426
4	Gm04_30419117	30419117	0.0756579	-0.100358	0.100358	-0.100358
4	Gm04_30419324	30419324	0.115132	-0.364572	0.364572	-0.364572
4	Gm04_30422543	30422543	0.111842	-0.351611	0.351611	-0.351611
4	Gm04_30422598	30422598	0.111842	-0.351085	0.351085	-0.351085
4	Gm04_30426577	30426577	0.118421	-0.387906	0.387906	-0.387906
4	Gm04_30516291	30516291	0.118421	-0.387614	0.387614	-0.387614
4	Gm04_30516594	30516594	0.118421	-0.387322	0.387322	-0.387322
4	Gm04_30516700	30516700	0.115132	-0.35991	0.35991	-0.35991
4	Gm04_30517029	30517029	0.115132	-0.359174	0.359174	-0.359174
4	Gm04_30517058	30517058	0.115132	-0.358902	0.358902	-0.358902
4	Gm04_30517379	30517379	0.115132	-0.358648	0.358648	-0.358648
4	Gm04_30521643	30521643	0.115132	-0.358395	0.358395	-0.358395
4	Gm04_30521870	30521870	0.115132	-0.358142	0.358142	-0.358142
4	Gm04_30523517	30523517	0.0789474	-0.10839	0.10839	-0.10839
4	Gm04_30524956	30524956	0.115132	-0.38335	0.38335	-0.38335
4	Gm04_30537487	30537487	0.0789474	-0.107429	0.107429	-0.107429
4	Gm04_30537576	30537576	0.115132	-0.377645	0.377645	-0.377645
4	Gm04_30542409	30542409	0.115132	-0.377382	0.377382	-0.377382
4	Gm04_30545672	30545672	0.121711	-0.430519	0.430519	-0.430519
4	Gm04_30546136	30546136	0.0789474	-0.105062	0.105062	-0.105062
4	Gm04_30547169	30547169	0.121711	-0.409932	0.409932	-0.409932
4	Gm04_30547178	30547178	0.118421	-0.383449	0.383449	-0.383449
4	Gm04_30547196	30547196	0.118421	-0.383357	0.383357	-0.383357
4	Gm04_30547978	30547978	0.115132	-0.356036	0.356036	-0.356036
4	Gm04_30548004	30548004	0.115132	-0.355943	0.355943	-0.355943
4	Gm04_30548574	30548574	0.115132	-0.35585	0.35585	-0.35585
4	Gm04_30556765	30556765	0.115132	-0.355757	0.355757	-0.355757
4	Gm04_30575875	30575875	0.115132	-0.355665	0.355665	-0.355665
4	Gm04_30577575	30577575	0.115132	-0.355572	0.355572	-0.355572
4	Gm04_30592498	30592498	0.118421	-0.381519	0.381519	-0.381519
4	Gm04_30592519	30592519	0.118421	-0.381925	0.381925	-0.381925
4	Gm04_30617034	30617034	0.0822368	-0.139159	0.139159	-0.139159
4	Gm04_30617205	30617205	0.118421	-0.401153	0.401153	-0.401153
4	Gm04_30617233	30617233	0.118421	-0.401393	0.401393	-0.401393
4	Gm04_30636221	30636221	0.118421	-0.401978	0.401978	-0.401978
4	Gm04_30636293	30636293	0.0822368	-0.140229	0.140229	-0.140229
4	Gm04_30636581	30636581	0.118421	-0.393043	0.393043	-0.393043
4	Gm04_30638267	30638267	0.118421	-0.393348	0.393348	-0.393348
4	Gm04_30638327	30638327	0.121711	-0.41821	0.41821	-0.41821
4	Gm04_30695521	30695521	0.115132	-0.368411	0.368411	-0.368411
4	Gm04_30695550	30695550	0.115132	-0.369184	0.369184	-0.369184
4	Gm04_30721465	30721465	0.118421	-0.395904	0.395904	-0.395904
4	Gm04_30721767	30721767	0.118421	-0.396676	0.396676	-0.396676
4	Gm04_30729200	30729200	0.118421	-0.396834	0.396834	-0.396834
4	Gm04_30738382	30738382	0.0855263	-0.182562	0.182562	-0.182562
4	Gm04_30738586	30738586	0.121711	-0.431873	0.431873	-0.431873
4	Gm04_30738618	30738618	0.118421	-0.424226	0.424226	-0.424226
4	Gm04_30766878	30766878	0.121711	-0.445189	0.445189	-0.445189
4	Gm04_30768884	30768884	0.115132	-0.393594	0.393594	-0.393594
4	Gm04_30807429	30807429	0.115132	-0.394367	0.394367	-0.394367
4	Gm04_30807455	30807455	0.0822368	-0.165609	0.165609	-0.165609
4	Gm04_30807572	30807572	0.115132	-0.401971	0.401971	-0.401971
4	Gm04_30824138	30824138	0.121711	-0.454074	0.454074	-0.454074
4	Gm04_30858422	30858422	0.0855263	-0.202773	0.202773	-0.202773
4	Gm04_30858634	30858634	0.121711	-0.443108	0.443108	-0.443108
4	Gm04_30858640	30858640	0.121711	-0.443241	0.443241	-0.443241
4	Gm04_30858661	30858661	0.121711	-0.444133	0.444133	-0.444133
4	Gm04_30862210	30862210	0.111842	-0.388829	0.388829	-0.388829
4	Gm04_30862215	30862215	0.111842	-0.38968	0.38968	-0.38968
4	Gm04_30862881	30862881	0.121711	-0.455668	0.455668	-0.455668
4	Gm04_30862918	30862918	0.121711	-0.456306	0.456306	-0.456306
4	Gm04_30925019	30925019	0.0822368	-0.172092	0.172092	-0.172092
4	Gm04_30925037	30925037	0.115132	-0.401029	0.401029	-0.401029
4	Gm04_30925208	30925208	0.118421	-0.419265	0.419265	-0.419265
4	Gm04_30931193	30931193	0.128289	-0.490491	0.490491	-0.490491
4	Gm04_30933610	30933610	0.111842	-0.386228	0.386228	-0.386228
4	Gm04_30933901	30933901	0.108553	-0.366207	0.366207	-0.366207
4	Gm04_30933909	30933909	0.108553	-0.366593	0.366593	-0.366593
4	Gm04_30936068	30936068	0.121711	-0.459222	0.459222	-0.459222
4	Gm04_30941587	30941587	0.111842	-0.39634	0.39634	-0.39634
4	Gm04_30941593	30941593	0.111842	-0.396414	0.396414	-0.396414
4	Gm04_30941634	30941634	0.111842	-0.396488	0.396488	-0.396488
4	Gm04_30954314	30954314	0.118421	-0.434938	0.434938	-0.434938
4	Gm04_30961098	30961098	0.118421	-0.434861	0.434861	-0.434861
4	Gm04_30961304	30961304	0.0789474	-0.173366	0.173366	-0.173366
4	Gm04_31043644	31043644	0.101974	-0.343272	0.343272	-0.343272
4	Gm04_31043694	31043694	0.101974	-0.343305	0.343305	-0.343305
4	Gm04_31087072	31087072	0.111842	-0.405997	0.405997	-0.405997
4	Gm04_31087282	31087282	0.111842	-0.405731	0.405731	-0.405731
4	Gm04_31087346	31087346	0.111842	-0.405091	0.405091	-0.405091
4	Gm04_31157510	31157510	0.115132	-0.394113	0.394113	-0.394113
4	Gm04_31179730	31179730	0.115132	-0.393775	0.393775	-0.393775
4	Gm04_31179742	31179742	0.115132	-0.393484	0.393484	-0.393484
4	Gm04_31185408	31185408	0.115132	-0.393194	0.393194	-0.393194
4	Gm04_31185590	31185590	0.115132	-0.392904	0.392904	-0.392904
4	Gm04_31185605	31185605	0.118421	-0.418693	0.418693	-0.418693
4	Gm04_31204272	31204272	0.105263	-0.318476	0.318476	-0.318476
4	Gm04_31204307	31204307	0.105263	-0.318063	0.318063	-0.318063
4	Gm04_31211492	31211492	0.118421	-0.39905	0.39905	-0.39905
4	Gm04_31211709	31211709	0.118421	-0.39881	0.39881	-0.39881
4	Gm04_31238955	31238955	0.115132	-0.371257	0.371257	-0.371257
4	Gm04_31238983	31238983	0.115132	-0.37073	0.37073	-0.37073
4	Gm04_31239006	31239006	0.0789474	-0.126936	0.126936	-0.126936
4	Gm04_31239225	31239225	0.115132	-0.390302	0.390302	-0.390302
4	Gm04_31245334	31245334	0.118421	-0.417715	0.417715	-0.417715
4	Gm04_31267795	31267795	0.115132	-0.389822	0.389822	-0.389822
4	Gm04_31267802	31267802	0.115132	-0.389439	0.389439	-0.389439
4	Gm04_31274117	31274117	0.115132	-0.38918	0.38918	-0.38918
4	Gm04_31274412	31274412	0.0789474	-0.126246	0.126246	-0.126246
4	Gm04_31274452	31274452	0.115132	-0.379603	0.379603	-0.379603
4	Gm04_31276841	31276841	0.118421	-0.406972	0.406972	-0.406972
4	Gm04_31276931	31276931	0.115132	-0.378482	0.378482	-0.378482
4	Gm04_31276985	31276985	0.115132	-0.378041	0.378041	-0.378041
4	Gm04_31310235	31310235	0.115132	-0.377606	0.377606	-0.377606
4	Gm04_31310240	31310240	0.115132	-0.377243	0.377243	-0.377243
4	Gm04_31310267	31310267	0.115132	-0.377803	0.377803	-0.377803
4	Gm04_31322090	31322090	0.118421	-0.405041	0.405041	-0.405041
4	Gm04_31322105	31322105	0.118421	-0.404702	0.404702	-0.404702
4	Gm04_31363450	31363450	0.0789474	-0.12582	0.12582	-0.12582
4	Gm04_31363701	31363701	0.0789474	-0.12599	0.12599	-0.12599
4	Gm04_31363712	31363712	0.0789474	-0.126161	0.126161	-0.126161
4	Gm04_31364623	31364623	0.115132	-0.370855	0.370855	-0.370855
4	Gm04_31365131	31365131	0.121711	-0.423258	0.423258	-0.423258
4	Gm04_31365181	31365181	0.121711	-0.423015	0.423015	-0.423015
4	Gm04_31365529	31365529	0.118421	-0.396277	0.396277	-0.396277
4	Gm04_31365587	31365587	0.118421	-0.395722	0.395722	-0.395722
4	Gm04_31412311	31412311	0.115132	-0.368706	0.368706	-0.368706
4	Gm04_31412394	31412394	0.118421	-0.394627	0.394627	-0.394627
4	Gm04_31412437	31412437	0.118421	-0.394458	0.394458	-0.394458
4	Gm04_31412662	31412662	0.118421	-0.394367	0.394367	-0.394367
4	Gm04_31412683	31412683	0.118421	-0.394277	0.394277	-0.394277
4	Gm04_31412689	31412689	0.118421	-0.394186	0.394186	-0.394186
4	Gm04_31422712	31422712	0.0789474	-0.126983	0.126983	-0.126983
4	Gm04_31463615	31463615	0.0822368	-0.166093	0.166093	-0.166093
4	Gm04_31463630	31463630	0.115132	-0.393341	0.393341	-0.393341
4	Gm04_31463910	31463910	0.0822368	-0.166467	0.166467	-0.166467
4	Gm04_31467274	31467274	0.0789474	-0.127795	0.127795	-0.127795
4	Gm04_31467444	31467444	0.115132	-0.382228	0.382228	-0.382228
4	Gm04_31471397	31471397	0.118421	-0.409395	0.409395	-0.409395
4	Gm04_31471563	31471563	0.118421	-0.409329	0.409329	-0.409329
4	Gm04_31472553	31472553	0.115132	-0.381451	0.381451	-0.381451
4	Gm04_31472578	31472578	0.115132	-0.381656	0.381656	-0.381656
4	Gm04_31474607	31474607	0.0822368	-0.16731	0.16731	-0.16731
4	Gm04_31474900	31474900	0.0822368	-0.167689	0.167689	-0.167689
4	Gm04_31475310	31475310	0.118421	-0.382182	0.382182	-0.382182
4	Gm04_31475353	31475353	0.118421	-0.382276	0.382276	-0.382276
4	Gm04_31476103	31476103	0.121711	-0.409003	0.409003	-0.409003
4	Gm04_31476146	31476146	0.121711	-0.409095	0.409095	-0.409095
4	Gm04_31511130	31511130	0.111842	-0.346873	0.346873	-0.346873
4	Gm04_31511164	31511164	0.115132	-0.365521	0.365521	-0.365521
4	Gm04_31511179	31511179	0.115132	-0.36545	0.36545	-0.36545
4	Gm04_31511513	31511513	0.115132	-0.365631	0.365631	-0.365631
4	Gm04_31511522	31511522	0.115132	-0.36556	0.36556	-0.36556
4	Gm04_31563642	31563642	0.115132	-0.365489	0.365489	-0.365489
4	Gm04_31568849	31568849	0.121711	-0.419638	0.419638	-0.419638
4	Gm04_31569180	31569180	0.111842	-0.356698	0.356698	-0.356698
4	Gm04_31610334	31610334	0.118421	-0.401656	0.401656	-0.401656
4	Gm04_31610386	31610386	0.118421	-0.401153	0.401153	-0.401153
4	Gm04_31610493	31610493	0.118421	-0.400814	0.400814	-0.400814
4	Gm04_31610537	31610537	0.118421	-0.401074	0.401074	-0.401074
4	Gm04_31610553	31610553	0.118421	-0.400735	0.400735	-0.400735
4	Gm04_31612177	31612177	0.0855263	-0.231654	0.231654	-0.231654
4	Gm04_31612337	31612337	0.121711	-0.458034	0.458034	-0.458034
4	Gm04_31612353	31612353	0.121711	-0.457879	0.457879	-0.457879
4	Gm04_31612365	31612365	0.121711	-0.456889	0.456889	-0.456889
4	Gm04_31662101	31662101	0.118421	-0.450419	0.450419	-0.450419
4	Gm04_31662109	31662109	0.0822368	-0.219519	0.219519	-0.219519
4	Gm04_31662900	31662900	0.121711	-0.480019	0.480019	-0.480019
4	Gm04_31663277	31663277	0.0855263	-0.251201	0.251201	-0.251201
4	Gm04_31668603	31668603	0.0855263	-0.250296	0.250296	-0.250296
4	Gm04_31689528	31689528	0.115132	-0.428619	0.428619	-0.428619
4	Gm04_31689906	31689906	0.0756579	-0.164074	0.164074	-0.164074
4	Gm04_31689916	31689916	0.115132	-0.44095	0.44095	-0.44095
4	Gm04_31689933	31689933	0.0789474	-0.197722	0.197722	-0.197722
4	Gm04_31696830	31696830	0.108553	-0.388399	0.388399	-0.388399
4	Gm04_31697362	31697362	0.115132	-0.44515	0.44515	-0.44515
4	Gm04_31697426	31697426	0.0789474	-0.20628	0.20628	-0.20628
4	Gm04_31697528	31697528	0.0789474	-0.205351	0.205351	-0.205351
4	Gm04_31697563	31697563	0.0789474	-0.204551	0.204551	-0.204551
4	Gm04_31877706	31877706	0.0822368	-0.242352	0.242352	-0.242352
4	Gm04_31880541	31880541	0.0789474	-0.207082	0.207082	-0.207082
4	Gm04_31900137	31900137	0.0789474	-0.203548	0.203548	-0.203548
4	Gm04_31900173	31900173	0.0789474	-0.203014	0.203014	-0.203014
4	Gm04_31900354	31900354	0.0789474	-0.202605	0.202605	-0.202605
4	Gm04_31900361	31900361	0.115132	-0.436355	0.436355	-0.436355
4	Gm04_31900407	31900407	0.0526316	-0.0234926	0.0234926	-0.0234926
4	Gm04_31932904	31932904	0.101974	-0.448404	0.448404	-0.448404
4	Gm04_31947744	31947744	0.0526316	-0.0229822	0.0229822	-0.0229822
4	Gm04_31947750	31947750	0.118421	-0.487055	0.487055	-0.487055
4	Gm04_31979149	31979149	0.118421	-0.499468	0.499468	-0.499468
4	Gm04_31979334	31979334	0.0855263	-0.313525	0.313525	-0.313525
4	Gm04_32000489	32000489	0.0789474	-0.237735	0.237735	-0.237735
4	Gm04_32012619	32012619	0.0855263	-0.309589	0.309589	-0.309589
4	Gm04_32012627	32012627	0.0855263	-0.308828	0.308828	-0.308828
4	Gm04_32012670	32012670	0.0855263	-0.308069	0.308069	-0.308069
4	Gm04_32016948	32016948	0.0855263	-0.307305	0.307305	-0.307305
4	Gm04_32017214	32017214	0.0822368	-0.270962	0.270962	-0.270962
4	Gm04_32051217	32051217	0.115132	-0.469611	0.469611	-0.469611
4	Gm04_32065908	32065908	0.0789474	-0.2307	0.2307	-0.2307
4	Gm04_32080692	32080692	0.121711	-0.514298	0.514298	-0.514298
4	Gm04_32080717	32080717	0.121711	-0.513789	0.513789	-0.513789
4	Gm04_32111090	32111090	0.115132	-0.460646	0.460646	-0.460646
4	Gm04_32146822	32146822	0.0789474	-0.228352	0.228352	-0.228352
4	Gm04_32150519	32150519	0.0756579	-0.204377	0.204377	-0.204377
4	Gm04_32150557	32150557	0.111842	-0.448919	0.448919	-0.448919
4	Gm04_32150563	32150563	0.0756579	-0.203279	0.203279	-0.203279
4	Gm04_32174656	32174656	0.0822368	-0.27339	0.27339	-0.27339
4	Gm04_32174808	32174808	0.0822368	-0.272625	0.272625	-0.272625
4	Gm04_32185453	32185453	0.115132	-0.469112	0.469112	-0.469112
4	Gm04_32185487	32185487	0.0789474	-0.232705	0.232705	-0.232705
4	Gm04_32185646	32185646	0.115132	-0.466138	0.466138	-0.466138
4	Gm04_32266166	32266166	0.0657895	0.169212	-0.169212	0.169212
4	Gm04_32273446	32273446	0.0756579	-0.176688	0.176688	-0.176688
4	Gm04_32273750	32273750	0.0756579	-0.176503	0.176503	-0.176503
4	Gm04_32273770	32273770	0.0756579	-0.17609	0.17609	-0.17609
4	Gm04_32288244	32288244	0.0723684	-0.39638	0.39638	-0.39638
4	Gm04_32288446	32288446	0.0723684	-0.396205	0.396205	-0.396205
4	Gm04_32321229	32321229	0.125	-0.0419179	0.0419179	-0.0419179
4	Gm04_32387380	32387380	0.0789474	-0.237252	0.237252	-0.237252
4	Gm04_32387428	32387428	0.111842	-0.435328	0.435328	-0.435328
4	Gm04_32393062	32393062	0.0789474	-0.236131	0.236131	-0.236131
4	Gm04_32393087	32393087	0.0789474	-0.235304	0.235304	-0.235304
4	Gm04_32393127	32393127	0.0789474	-0.234586	0.234586	-0.234586
4	Gm04_32393310	32393310	0.0789474	-0.233979	0.233979	-0.233979
4	Gm04_32394074	32394074	0.111842	-0.432571	0.432571	-0.432571
4	Gm04_32434684	32434684	0.115132	-0.448513	0.448513	-0.448513
4	Gm04_32434715	32434715	0.118421	-0.474807	0.474807	-0.474807
4	Gm04_32435865	32435865	0.0822368	-0.26432	0.26432	-0.26432
4	Gm04_32436190	32436190	0.0953947	-0.393158	0.393158	-0.393158
4	Gm04_32436242	32436242	0.115132	-0.444484	0.444484	-0.444484
4	Gm04_32436271	32436271	0.115132	-0.443803	0.443803	-0.443803
4	Gm04_32436310	32436310	0.115132	-0.44304	0.44304	-0.44304
4	Gm04_32436573	32436573	0.0855263	-0.296474	0.296474	-0.296474
4	Gm04_32436584	32436584	0.121711	-0.494723	0.494723	-0.494723
4	Gm04_32436618	32436618	0.121711	-0.494243	0.494243	-0.494243
4	Gm04_32444086	32444086	0.115132	-0.44345	0.44345	-0.44345
4	Gm04_32444133	32444133	0.0789474	-0.224243	0.224243	-0.224243
4	Gm04_32444282	32444282	0.0789474	-0.223691	0.223691	-0.223691
4	Gm04_32444361	32444361	0.0789474	-0.223137	0.223137	-0.223137
4	Gm04_32444613	32444613	0.115132	-0.445196	0.445196	-0.445196
4	Gm04_32508705	32508705	0.0756579	-0.022952	0.022952	-0.022952
4	Gm04_32523854	32523854	0.111842	-0.492076	0.492076	-0.492076
4	Gm04_32526322	32526322	0.0592105	-0.284902	0.284902	-0.284902
4	Gm04_32530103	32530103	0.0789474	-0.210712	0.210712	-0.210712
4	Gm04_32530120	32530120	0.0756579	-0.169464	0.169464	-0.169464
4	Gm04_32547025	32547025	0.0690789	-0.0645869	0.0645869	-0.0645869
4	Gm04_32547037	32547037	0.0723684	-0.0747597	0.0747597	-0.0747597
4	Gm04_32547042	32547042	0.0723684	-0.0732208	0.0732208	-0.0732208
4	Gm04_32547190	32547190	0.0723684	-0.0723783	0.0723783	-0.0723783
4	Gm04_32553228	32553228	0.0789474	-0.107109	0.107109	-0.107109
4	Gm04_32553302	32553302	0.0789474	-0.105609	0.105609	-0.105609
4	Gm04_32553402	32553402	0.0789474	-0.104107	0.104107	-0.104107
4	Gm04_32553416	32553416	0.0789474	-0.102603	0.102603	-0.102603
4	Gm04_32553434	32553434	0.0789474	-0.102026	0.102026	-0.102026
4	Gm04_32572462	32572462	0.154605	-0.476349	0.476349	-0.476349
4	Gm04_32572638	32572638	0.154605	-0.474981	0.474981	-0.474981
4	Gm04_32572669	32572669	0.154605	-0.474254	0.474254	-0.474254
4	Gm04_32620881	32620881	0.0789474	-0.0910512	0.0910512	-0.0910512
4	Gm04_32620924	32620924	0.0789474	-0.0898598	0.0898598	-0.0898598
4	Gm04_32620938	32620938	0.115132	-0.326738	0.326738	-0.326738
4	Gm04_32621101	32621101	0.0789474	-0.0871075	0.0871075	-0.0871075
4	Gm04_32630914	32630914	0.0789474	-0.0859127	0.0859127	-0.0859127
4	Gm04_32631079	32631079	0.115132	-0.296547	0.296547	-0.296547
4	Gm04_32631088	32631088	0.282895	0.247304	-0.247304	0.247304
4	Gm04_32634509	32634509	0.118421	-0.196632	0.196632	-0.196632
4	Gm04_32676883	32676883	0.118421	-0.196754	0.196754	-0.196754
4	Gm04_32677091	32677091	0.118421	-0.196383	0.196383	-0.196383
4	Gm04_32697431	32697431	0.118421	-0.196012	0.196012	-0.196012
4	Gm04_32697447	32697447	0.118421	-0.195643	0.195643	-0.195643
4	Gm04_32714247	32714247	0.108553	-0.131504	0.131504	-0.131504
4	Gm04_32714748	32714748	0.282895	0.244891	-0.244891	0.244891
4	Gm04_32733359	32733359	0.0822368	-0.151328	0.151328	-0.151328
4	Gm04_32733535	32733535	0.0822368	-0.152211	0.152211	-0.152211
4	Gm04_32733587	32733587	0.118421	-0.37444	0.37444	-0.37444
4	Gm04_32773890	32773890	0.0822368	-0.153743	0.153743	-0.153743
4	Gm04_32773912	32773912	0.0822368	-0.154653	0.154653	-0.154653
4	Gm04_32794451	32794451	0.121711	-0.397763	0.397763	-0.397763
4	Gm04_32815951	32815951	0.0822368	-0.157551	0.157551	-0.157551
4	Gm04_32818829	32818829	0.0822368	-0.158505	0.158505	-0.158505
4	Gm04_32834257	32834257	0.121711	-0.404323	0.404323	-0.404323
4	Gm04_32866190	32866190	0.0822368	-0.160711	0.160711	-0.160711
4	Gm04_32883228	32883228	0.0756579	-0.108474	0.108474	-0.108474
4	Gm04_32883284	32883284	0.0756579	-0.109272	0.109272	-0.109272
4	Gm04_32885338	32885338	0.0756579	-0.110066	0.110066	-0.110066
4	Gm04_32885373	32885373	0.115132	-0.364062	0.364062	-0.364062
4	Gm04_32885642	32885642	0.0789474	-0.141377	0.141377	-0.141377
4	Gm04_32925101	32925101	0.118421	-0.375917	0.375917	-0.375917
4	Gm04_32925122	32925122	0.118421	-0.376447	0.376447	-0.376447
4	Gm04_32925257	32925257	0.115132	-0.350609	0.350609	-0.350609
4	Gm04_32929587	32929587	0.118421	-0.378799	0.378799	-0.378799
4	Gm04_32970946	32970946	0.105263	-0.304647	0.304647	-0.304647
4	Gm04_32970980	32970980	0.101974	-0.275106	0.275106	-0.275106
4	Gm04_32971219	32971219	0.105263	-0.287729	0.287729	-0.287729
4	Gm04_32993906	32993906	0.0789474	-0.135317	0.135317	-0.135317
4	Gm04_32995882	32995882	0.0822368	-0.174594	0.174594	-0.174594
4	Gm04_32999395	32999395	0.115132	-0.356575	0.356575	-0.356575
4	Gm04_33002734	33002734	0.115132	-0.356807	0.356807	-0.356807
4	Gm04_33002805	33002805	0.0789474	-0.137171	0.137171	-0.137171
4	Gm04_33003098	33003098	0.115132	-0.343825	0.343825	-0.343825
4	Gm04_33003158	33003158	0.115132	-0.343599	0.343599	-0.343599
4	Gm04_33003176	33003176	0.115132	-0.343352	0.343352	-0.343352
4	Gm04_33003367	33003367	0.115132	-0.343228	0.343228	-0.343228
4	Gm04_33025450	33025450	0.118421	-0.369992	0.369992	-0.369992
4	Gm04_33025478	33025478	0.118421	-0.369765	0.369765	-0.369765
4	Gm04_39501200	39501200	0.134868	0.177875	-0.177875	0.177875
4	Gm04_39501213	39501213	0.134868	0.177274	-0.177274	0.177274
4	Gm04_39501251	39501251	0.134868	0.176831	-0.176831	0.176831
4	Gm04_39503087	39503087	0.0756579	0.308199	-0.308199	0.308199
4	Gm04_39503252	39503252	0.134868	0.174068	-0.174068	0.174068
4	Gm04_39509201	39509201	0.134868	0.161673	-0.161673	0.161673
4	Gm04_39509237	39509237	0.134868	0.161348	-0.161348	0.161348
4	Gm04_39509252	39509252	0.134868	0.161174	-0.161174	0.161174
4	Gm04_39536750	39536750	0.138158	0.148643	-0.148643	0.148643
4	Gm04_39536771	39536771	0.134868	0.172488	-0.172488	0.172488
4	Gm04_39536985	39536985	0.138158	0.148295	-0.148295	0.148295
4	Gm04_39539172	39539172	0.138158	0.14847	-0.14847	0.14847
4	Gm04_39539191	39539191	0.134868	0.172188	-0.172188	0.172188
4	Gm04_39550998	39550998	0.0756579	0.315669	-0.315669	0.315669
4	Gm04_39551040	39551040	0.134868	0.173347	-0.173347	0.173347
4	Gm04_39569840	39569840	0.134868	0.173128	-0.173128	0.173128
4	Gm04_39573532	39573532	0.134868	0.172982	-0.172982	0.172982
4	Gm04_39573546	39573546	0.134868	0.172552	-0.172552	0.172552
4	Gm04_39573751	39573751	0.134868	0.172126	-0.172126	0.172126
4	Gm04_39576229	39576229	0.213816	-0.153638	0.153638	-0.153638
4	Gm04_39576521	39576521	0.138158	0.148058	-0.148058	0.148058
4	Gm04_39576557	39576557	0.134868	0.171697	-0.171697	0.171697
4	Gm04_39586063	39586063	0.134868	0.17127	-0.17127	0.17127
4	Gm04_39586346	39586346	0.134868	0.170843	-0.170843	0.170843
4	Gm04_39588472	39588472	0.134868	0.165981	-0.165981	0.165981
4	Gm04_39588535	39588535	0.134868	0.16557	-0.16557	0.16557
4	Gm04_39597590	39597590	0.138158	0.144574	-0.144574	0.144574
4	Gm04_39615135	39615135	0.0756579	0.34746	-0.34746	0.34746
4	Gm04_39626906	39626906	0.213816	-0.154273	0.154273	-0.154273
4	Gm04_39626929	39626929	0.138158	0.14806	-0.14806	0.14806
4	Gm04_39627117	39627117	0.0756579	0.350303	-0.350303	0.350303
4	Gm04_39627147	39627147	0.138158	0.144959	-0.144959	0.144959
4	Gm04_39633206	39633206	0.131579	0.165316	-0.165316	0.165316
4	Gm04_39633398	39633398	0.128289	0.176245	-0.176245	0.176245
4	Gm04_39633408	39633408	0.131579	0.16298	-0.16298	0.16298
4	Gm04_39636778	39636778	0.210526	-0.142607	0.142607	-0.142607
4	Gm04_39636986	39636986	0.134868	0.161069	-0.161069	0.161069
4	Gm04_39637362	39637362	0.138158	0.14133	-0.14133	0.14133
4	Gm04_39650978	39650978	0.213816	-0.150926	0.150926	-0.150926
4	Gm04_39671474	39671474	0.368421	0.164428	-0.164428	0.164428
4	Gm04_39674088	39674088	0.368421	0.159525	-0.159525	0.159525
4	Gm04_39715475	39715475	0.0756579	0.503153	-0.503153	0.503153
4	Gm04_39715715	39715715	0.0756579	0.503683	-0.503683	0.503683
4	Gm04_39724624	39724624	0.0756579	0.504213	-0.504213	0.504213
4	Gm04_39724637	39724637	0.0756579	0.50475	-0.50475	0.50475
4	Gm04_39725234	39725234	0.0756579	0.505293	-0.505293	0.505293
4	Gm04_39728163	39728163	0.0756579	0.50584	-0.50584	0.50584
4	Gm04_39768483	39768483	0.125	0.3582	-0.3582	0.3582
4	Gm04_39782690	39782690	0.361842	0.176711	-0.176711	0.176711
4	Gm04_39785967	39785967	0.0756579	0.504513	-0.504513	0.504513
4	Gm04_39785974	39785974	0.141447	0.243004	-0.243004	0.243004
4	Gm04_39786018	39786018	0.256579	0.34949	-0.34949	0.34949
4	Gm04_39791952	39791952	0.0756579	0.459864	-0.459864	0.459864
4	Gm04_39793004	39793004	0.0756579	0.459849	-0.459849	0.459849
4	Gm04_39795480	39795480	0.0756579	0.459842	-0.459842	0.459842
4	Gm04_39795502	39795502	0.0756579	0.459842	-0.459842	0.459842
4	Gm04_39826610	39826610	0.213816	-0.0672303	0.0672303	-0.0672303
4	Gm04_39826829	39826829	0.0756579	0.464016	-0.464016	0.464016
4	Gm04_39836185	39836185	0.0756579	0.464062	-0.464062	0.464062
4	Gm04_39837929	39837929	0.213816	-0.0679971	0.0679971	-0.0679971
4	Gm04_39849194	39849194	0.0756579	0.461238	-0.461238	0.461238
4	Gm04_39849428	39849428	0.0756579	0.461687	-0.461687	0.461687
4	Gm04_39856192	39856192	0.0756579	0.462664	-0.462664	0.462664
4	Gm04_39876016	39876016	0.0756579	0.463982	-0.463982	0.463982
4	Gm04_39876104	39876104	0.138158	0.218603	-0.218603	0.218603
4	Gm04_39926888	39926888	0.0756579	0.468829	-0.468829	0.468829
4	Gm04_39926928	39926928	0.0756579	0.470172	-0.470172	0.470172
4	Gm04_39927266	39927266	0.134868	0.237948	-0.237948	0.237948
4	Gm04_39962456	39962456	0.131579	0.251325	-0.251325	0.251325
4	Gm04_39987192	39987192	0.0723684	0.507709	-0.507709	0.507709
4	Gm04_39994995	39994995	0.0756579	0.469926	-0.469926	0.469926
4	Gm04_40003402	40003402	0.0756579	0.470946	-0.470946	0.470946
4	Gm04_40003435	40003435	0.134868	0.226875	-0.226875	0.226875
4	Gm04_40003682	40003682	0.0756579	0.47533	-0.47533	0.47533
4	Gm04_40003712	40003712	0.118421	0.336014	-0.336014	0.336014
4	Gm04_40004542	40004542	0.0756579	0.472466	-0.472466	0.472466
4	Gm04_40004603	40004603	0.0756579	0.473611	-0.473611	0.473611
4	Gm04_40015538	40015538	0.0756579	0.47476	-0.47476	0.47476
4	Gm04_40016491	40016491	0.0756579	0.475826	-0.475826	0.475826
4	Gm04_40024667	40024667	0.381579	0.197962	-0.197962	0.197962
4	Gm04_40167695	40167695	0.463816	0.0472065	-0.0472065	0.0472065
4	Gm04_40180761	40180761	0.401316	0.339842	-0.339842	0.339842
4	Gm04_40181267	40181267	0.115132	0.377014	-0.377014	0.377014
4	Gm04_40187715	40187715	0.453947	0.0962838	-0.0962838	0.0962838
4	Gm04_40239652	40239652	0.141447	0.191182	-0.191182	0.191182
4	Gm04_40239874	40239874	0.141447	0.191758	-0.191758	0.191758
4	Gm04_40248081	40248081	0.134868	0.238274	-0.238274	0.238274
4	Gm04_40274553	40274553	0.118421	0.318108	-0.318108	0.318108
4	Gm04_40309913	40309913	0.398026	0.337451	-0.337451	0.337451
4	Gm04_40310214	40310214	0.398026	0.33563	-0.33563	0.33563
4	Gm04_40332799	40332799	0.144737	0.179671	-0.179671	0.179671
4	Gm04_40340090	40340090	0.144737	0.181407	-0.181407	0.181407
4	Gm04_40363688	40363688	0.457237	0.105857	-0.105857	0.105857
4	Gm04_40364937	40364937	0.144737	0.177482	-0.177482	0.177482
4	Gm04_40374546	40374546	0.141447	0.201408	-0.201408	0.201408
4	Gm04_40374565	40374565	0.141447	0.201738	-0.201738	0.201738
