chr	id	pos	freq	ihh1	ihh0	ihs
4	Gm04_7133739	7133739	0.0625	0.215704	-0.215704	0.215704
4	Gm04_7133912	7133912	0.230263	-0.504447	0.495377	-0.495377
4	Gm04_7147963	7147963	0.134868	-0.2426	0.2426	-0.2426
4	Gm04_7147983	7147983	0.134868	-0.2426	0.2426	-0.2426
4	Gm04_7173325	7173325	0.164474	-0.315275	0.311762	-0.311762
4	Gm04_7174829	7174829	0.108553	-0.114653	0.114653	-0.114653
4	Gm04_7175264	7175264	0.0526316	0.302997	-0.302997	0.302997
4	Gm04_7179058	7179058	0.0888158	0.104876	-0.104876	0.104876
4	Gm04_7190955	7190955	0.0559211	0.25889	-0.25889	0.25889
4	Gm04_7228224	7228224	0.101974	-0.0720059	0.0720059	-0.0720059
4	Gm04_7234388	7234388	0.105263	-0.0945162	0.0912269	-0.0912269
4	Gm04_7254971	7254971	0.348684	-0.654398	0.613838	-0.613838
4	Gm04_7255173	7255173	0.348684	-0.654398	0.613838	-0.613838
4	Gm04_7259482	7259482	0.243421	-0.306339	0.297401	-0.297401
4	Gm04_7285209	7285209	0.164474	-0.0639524	0.0639524	-0.0639524
4	Gm04_7285239	7285239	0.0822368	0.171167	-0.173247	0.171167
4	Gm04_7285271	7285271	0.0822368	0.171167	-0.173247	0.171167
4	Gm04_7305791	7305791	0.273026	-0.407634	0.390871	-0.390871
4	Gm04_7311763	7311763	0.276316	-0.421549	0.403485	-0.403485
4	Gm04_7316117	7316117	0.269737	-0.400688	0.382375	-0.382375
4	Gm04_7316127	7316127	0.266447	-0.386312	0.367993	-0.367993
4	Gm04_7318043	7318043	0.355263	-0.56852	0.540148	-0.540148
4	Gm04_7440353	7440353	0.246711	-0.265655	0.256596	-0.256596
4	Gm04_7512416	7512416	0.0756579	0.0347934	-0.0347934	0.0347934
4	Gm04_7513972	7513972	0.0789474	-0.00609323	0.00609323	-0.00609323
4	Gm04_7515932	7515932	0.0756579	0.0345475	-0.0345475	0.0345475
4	Gm04_7533370	7533370	0.0789474	0.00647751	-0.00647751	0.00647751
4	Gm04_7564522	7564522	0.0789474	-0.00140377	0.00140377	-0.00140377
4	Gm04_7564533	7564533	0.0756579	0.00842905	-0.00842905	0.00842905
4	Gm04_7565721	7565721	0.0789474	-0.0247009	0.0247009	-0.0247009
4	Gm04_7756710	7756710	0.0756579	-0.12347	0.12347	-0.12347
4	Gm04_7756755	7756755	0.0756579	-0.12347	0.12347	-0.12347
4	Gm04_7762331	7762331	0.0756579	-0.133656	0.133656	-0.133656
4	Gm04_7796446	7796446	0.101974	-0.31231	0.277405	-0.277405
4	Gm04_7890185	7890185	0.305921	0.0923414	-0.0923414	0.0923414
4	Gm04_7895886	7895886	0.305921	0.0760802	-0.0760802	0.0760802
4	Gm04_7899929	7899929	0.296053	0.106891	-0.106891	0.106891
4	Gm04_7902052	7902052	0.302632	0.0889308	-0.0889308	0.0889308
4	Gm04_7917822	7917822	0.299342	0.101739	-0.101739	0.101739
4	Gm04_7919832	7919832	0.0657895	-0.0812175	0.0812175	-0.0812175
4	Gm04_7919877	7919877	0.0657895	-0.0812175	0.0812175	-0.0812175
4	Gm04_7981525	7981525	0.0625	-0.0269454	0.0269454	-0.0269454
4	Gm04_7981552	7981552	0.0625	-0.0269454	0.0269454	-0.0269454
4	Gm04_7991341	7991341	0.0756579	-0.116291	0.116291	-0.116291
4	Gm04_7997836	7997836	0.108553	-0.363038	0.363038	-0.363038
4	Gm04_8000295	8000295	0.108553	-0.363038	0.363038	-0.363038
4	Gm04_8000303	8000303	0.108553	-0.363038	0.363038	-0.363038
4	Gm04_8005042	8005042	0.0789474	-0.146717	0.146717	-0.146717
4	Gm04_8028745	8028745	0.0921053	-0.286404	0.286404	-0.286404
4	Gm04_8072186	8072186	0.0559211	0.0265805	-0.0265805	0.0265805
4	Gm04_8078000	8078000	0.0657895	-0.0946068	0.0946068	-0.0946068
4	Gm04_8079211	8079211	0.0559211	0.0268868	-0.0268868	0.0268868
4	Gm04_8079241	8079241	0.0559211	0.0268868	-0.0268868	0.0268868
4	Gm04_8084173	8084173	0.4375	0.0776949	-0.0776949	0.0776949
4	Gm04_8085466	8085466	0.0559211	0.1263	-0.1263	0.1263
4	Gm04_8085521	8085521	0.0690789	-0.0115858	0.0115858	-0.0115858
4	Gm04_8116312	8116312	0.0888158	-0.0853491	0.0853491	-0.0853491
4	Gm04_8116868	8116868	0.0690789	0.0801413	-0.0801413	0.0801413
4	Gm04_8130169	8130169	0.0921053	-0.0852322	0.0852322	-0.0852322
4	Gm04_8130198	8130198	0.0921053	-0.0852322	0.0852322	-0.0852322
4	Gm04_8187668	8187668	0.407895	0.173334	-0.173334	0.173334
4	Gm04_8206902	8206902	0.342105	0.39138	-0.39138	0.39138
4	Gm04_8207074	8207074	0.342105	0.39138	-0.39138	0.39138
4	Gm04_8209168	8209168	0.328947	0.435227	-0.435227	0.435227
4	Gm04_8209187	8209187	0.338816	0.398645	-0.398645	0.398645
4	Gm04_8212064	8212064	0.335526	0.411365	-0.411365	0.411365
4	Gm04_8212395	8212395	0.378289	0.0906851	-0.0906851	0.0906851
4	Gm04_8212415	8212415	0.335526	0.540651	-0.540651	0.540651
4	Gm04_8212435	8212435	0.210526	0.54506	-0.54506	0.54506
4	Gm04_8212527	8212527	0.335526	0.499879	-0.499879	0.499879
4	Gm04_8226847	8226847	0.0592105	0.155344	-0.155344	0.155344
4	Gm04_8235623	8235623	0.338816	0.130052	-0.130052	0.130052
4	Gm04_8236809	8236809	0.338816	0.126674	-0.126674	0.126674
4	Gm04_8236835	8236835	0.0559211	0.231104	-0.231104	0.231104
4	Gm04_8236853	8236853	0.338816	0.0869301	-0.0869301	0.0869301
4	Gm04_8241411	8241411	0.338816	0.0894587	-0.0894587	0.0894587
4	Gm04_8277073	8277073	0.368421	-0.0108647	0.0108647	-0.0108647
4	Gm04_8299794	8299794	0.378289	-0.0178828	0.0178828	-0.0178828
4	Gm04_8310653	8310653	0.0888158	-0.103159	0.103159	-0.103159
4	Gm04_8310921	8310921	0.0888158	-0.103159	0.103159	-0.103159
4	Gm04_8336761	8336761	0.292763	-0.0447352	0.0447352	-0.0447352
4	Gm04_8348161	8348161	0.233553	0.195602	-0.195602	0.195602
4	Gm04_8361796	8361796	0.286184	-0.0212764	0.0212764	-0.0212764
4	Gm04_8361837	8361837	0.319079	-0.147545	0.147545	-0.147545
4	Gm04_8362109	8362109	0.0592105	0.0969072	-0.0969072	0.0969072
4	Gm04_8483888	8483888	0.292763	-0.015815	0.015815	-0.015815
4	Gm04_8483895	8483895	0.292763	-0.015815	0.015815	-0.015815
4	Gm04_8484362	8484362	0.286184	0.00876919	-0.00876919	0.00876919
4	Gm04_8484615	8484615	0.276316	0.0493645	-0.0493645	0.0493645
4	Gm04_8484667	8484667	0.276316	0.0493645	-0.0493645	0.0493645
4	Gm04_8486429	8486429	0.253289	0.147842	-0.147842	0.147842
4	Gm04_8487906	8487906	0.286184	0.0094892	-0.0094892	0.0094892
4	Gm04_8488110	8488110	0.25	0.165703	-0.165703	0.165703
4	Gm04_8513569	8513569	0.279605	0.0424096	-0.0424096	0.0424096
4	Gm04_8546796	8546796	0.282895	0.0317895	-0.0317895	0.0317895
4	Gm04_8546825	8546825	0.282895	0.0317895	-0.0317895	0.0317895
4	Gm04_8546940	8546940	0.282895	0.0317895	-0.0317895	0.0317895
4	Gm04_8547206	8547206	0.266447	0.100222	-0.100222	0.100222
4	Gm04_8556334	8556334	0.328947	-0.133103	0.133103	-0.133103
4	Gm04_8585528	8585528	0.289474	0.0278906	-0.0278906	0.0278906
4	Gm04_8585538	8585538	0.253289	0.174558	-0.174558	0.174558
4	Gm04_8607240	8607240	0.256579	0.16311	-0.16311	0.16311
4	Gm04_8611310	8611310	0.315789	-0.0709516	0.0709516	-0.0709516
4	Gm04_8614942	8614942	0.315789	-0.0708704	0.0708704	-0.0708704
4	Gm04_8695088	8695088	0.253289	0.189406	-0.189406	0.189406
4	Gm04_8695266	8695266	0.289474	0.0401214	-0.0401214	0.0401214
4	Gm04_8707831	8707831	0.299342	0.00319117	-0.00319117	0.00319117
4	Gm04_8722204	8722204	0.25	0.211845	-0.211845	0.211845
4	Gm04_8722251	8722251	0.305921	-0.0196971	0.0196971	-0.0196971
4	Gm04_8725523	8725523	0.299342	0.00609095	-0.00609095	0.00609095
4	Gm04_8732362	8732362	0.25	0.209038	-0.209038	0.209038
4	Gm04_8732393	8732393	0.25	0.209038	-0.209038	0.209038
4	Gm04_8732646	8732646	0.25	0.209038	-0.209038	0.209038
4	Gm04_8774188	8774188	0.0657895	-0.0566233	0.0566233	-0.0566233
4	Gm04_8776401	8776401	0.105263	-0.201171	0.201171	-0.201171
4	Gm04_8776825	8776825	0.105263	-0.201171	0.201171	-0.201171
4	Gm04_8818907	8818907	0.223684	0.323227	-0.323227	0.323227
4	Gm04_8818927	8818927	0.342105	-0.133314	0.133314	-0.133314
4	Gm04_8838699	8838699	0.213816	0.359034	-0.359034	0.359034
4	Gm04_8857694	8857694	0.220395	0.345388	-0.345388	0.345388
4	Gm04_8857724	8857724	0.223684	0.329497	-0.329497	0.329497
4	Gm04_8870713	8870713	0.111842	-0.220126	0.220126	-0.220126
4	Gm04_8877092	8877092	0.223684	0.342501	-0.342501	0.342501
4	Gm04_8878372	8878372	0.0526316	0.0164545	-0.0164545	0.0164545
4	Gm04_8878404	8878404	0.105263	-0.219031	0.219031	-0.219031
4	Gm04_8885542	8885542	0.223684	0.342899	-0.342899	0.342899
4	Gm04_8885569	8885569	0.223684	0.342899	-0.342899	0.342899
4	Gm04_8897765	8897765	0.108553	-0.247036	0.247036	-0.247036
4	Gm04_8897795	8897795	0.223684	0.348412	-0.348412	0.348412
4	Gm04_8898094	8898094	0.0526316	0.198111	-0.198111	0.198111
4	Gm04_8898600	8898600	0.0690789	0.0034354	-0.0034354	0.0034354
4	Gm04_8899851	8899851	0.101974	-0.200393	0.200393	-0.200393
4	Gm04_8899891	8899891	0.105263	-0.205939	0.205939	-0.205939
4	Gm04_8912703	8912703	0.134868	0.39703	-0.39703	0.39703
4	Gm04_8912732	8912732	0.282895	0.162561	-0.162561	0.162561
4	Gm04_8914762	8914762	0.101974	-0.13083	0.13083	-0.13083
4	Gm04_8914789	8914789	0.101974	-0.13083	0.13083	-0.13083
4	Gm04_8937103	8937103	0.0559211	0.206137	-0.206137	0.206137
4	Gm04_8946935	8946935	0.263158	0.240596	-0.240596	0.240596
4	Gm04_8947578	8947578	0.319079	0.0221541	-0.0221541	0.0221541
4	Gm04_8955931	8955931	0.105263	-0.0997126	0.0997126	-0.0997126
4	Gm04_8974584	8974584	0.447368	-0.294606	0.294606	-0.294606
4	Gm04_8974661	8974661	0.128289	0.42714	-0.42714	0.42714
4	Gm04_8974800	8974800	0.128289	0.42714	-0.42714	0.42714
4	Gm04_8974871	8974871	0.131579	0.41373	-0.41373	0.41373
4	Gm04_8974887	8974887	0.131579	0.41373	-0.41373	0.41373
4	Gm04_8974917	8974917	0.131579	0.41373	-0.41373	0.41373
4	Gm04_8979597	8979597	0.207237	0.493555	-0.493555	0.493555
4	Gm04_8993091	8993091	0.230263	0.419265	-0.419265	0.419265
4	Gm04_8993097	8993097	0.470395	-0.323103	0.323103	-0.323103
4	Gm04_9024569	9024569	0.375	-0.0136316	0.0136316	-0.0136316
4	Gm04_9024575	9024575	0.138158	0.332133	-0.332133	0.332133
4	Gm04_9057817	9057817	0.0592105	-0.0709497	0.0709497	-0.0709497
4	Gm04_9057843	9057843	0.0592105	-0.0709497	0.0709497	-0.0709497
4	Gm04_9115787	9115787	0.128289	-0.0884392	0.0884392	-0.0884392
4	Gm04_9134053	9134053	0.0592105	0.249996	-0.249996	0.249996
4	Gm04_9149115	9149115	0.0592105	0.318841	-0.318841	0.318841
4	Gm04_9157322	9157322	0.105263	-0.117586	0.117586	-0.117586
4	Gm04_9157329	9157329	0.105263	-0.117586	0.117586	-0.117586
4	Gm04_9157451	9157451	0.105263	-0.117586	0.117586	-0.117586
4	Gm04_9172212	9172212	0.226974	0.0265523	-0.0265523	0.0265523
4	Gm04_9201157	9201157	0.0986842	-0.0952761	0.0952761	-0.0952761
4	Gm04_9201195	9201195	0.0690789	0.157608	-0.157608	0.157608
4	Gm04_9227814	9227814	0.0592105	0.294321	-0.294321	0.294321
4	Gm04_9270519	9270519	0.0690789	0.156243	-0.156243	0.156243
4	Gm04_9271134	9271134	0.0888158	-0.0298995	0.0298995	-0.0298995
4	Gm04_9280633	9280633	0.0888158	-0.0279171	0.0279171	-0.0279171
4	Gm04_9281008	9281008	0.0690789	0.167543	-0.167543	0.167543
4	Gm04_9281038	9281038	0.0690789	0.167543	-0.167543	0.167543
4	Gm04_9281211	9281211	0.0690789	0.167543	-0.167543	0.167543
4	Gm04_9281280	9281280	0.0690789	0.167543	-0.167543	0.167543
4	Gm04_9282813	9282813	0.0690789	0.167543	-0.167543	0.167543
4	Gm04_9283132	9283132	0.0690789	0.167543	-0.167543	0.167543
4	Gm04_9325136	9325136	0.457237	0.0793364	-0.0793364	0.0793364
4	Gm04_9334759	9334759	0.447368	0.118808	-0.118808	0.118808
4	Gm04_9334780	9334780	0.0822368	0.126543	-0.126543	0.126543
4	Gm04_9344836	9344836	0.0657895	0.193234	-0.193234	0.193234
4	Gm04_9369980	9369980	0.0559211	0.301357	-0.301357	0.301357
4	Gm04_9411855	9411855	0.0625	0.202096	-0.202096	0.202096
4	Gm04_9412111	9412111	0.0625	0.202096	-0.202096	0.202096
4	Gm04_9472674	9472674	0.417763	-0.150786	0.150786	-0.150786
4	Gm04_9472685	9472685	0.407895	-0.122994	0.122994	-0.122994
4	Gm04_9472911	9472911	0.417763	-0.157058	0.157058	-0.157058
4	Gm04_9472931	9472931	0.417763	-0.157058	0.157058	-0.157058
4	Gm04_9473263	9473263	0.414474	-0.146414	0.146414	-0.146414
4	Gm04_9476236	9476236	0.0657895	0.303412	-0.303412	0.303412
4	Gm04_9476262	9476262	0.424342	-0.192815	0.192815	-0.192815
4	Gm04_9478212	9478212	0.414474	-0.119139	0.119139	-0.119139
4	Gm04_9478239	9478239	0.0657895	0.330724	-0.330724	0.330724
4	Gm04_9478765	9478765	0.476974	-0.313633	0.313633	-0.313633
4	Gm04_9485255	9485255	0.476974	-0.316582	0.316582	-0.316582
4	Gm04_9487192	9487192	0.421053	-0.145593	0.145593	-0.145593
4	Gm04_9503296	9503296	0.460526	-0.261428	0.261428	-0.261428
4	Gm04_9507394	9507394	0.302632	0.246135	-0.246135	0.246135
4	Gm04_9513850	9513850	0.125	0.0699987	-0.0699987	0.0699987
4	Gm04_9547472	9547472	0.101974	0.182072	-0.182072	0.182072
4	Gm04_9550687	9550687	0.105263	0.151434	-0.151434	0.151434
4	Gm04_9550960	9550960	0.105263	0.151434	-0.151434	0.151434
4	Gm04_9550971	9550971	0.101974	0.182297	-0.182297	0.182297
4	Gm04_9550984	9550984	0.101974	0.182297	-0.182297	0.182297
4	Gm04_9550998	9550998	0.101974	0.182297	-0.182297	0.182297
4	Gm04_9564647	9564647	0.0592105	0.394245	-0.394245	0.394245
4	Gm04_9566524	9566524	0.0822368	0.170908	-0.170908	0.170908
4	Gm04_9576980	9576980	0.0822368	0.171282	-0.171282	0.171282
4	Gm04_9606558	9606558	0.240132	-0.278932	0.278932	-0.278932
4	Gm04_9622583	9622583	0.177632	-0.0536834	0.0536834	-0.0536834
4	Gm04_9622589	9622589	0.273026	0.373277	-0.373277	0.373277
4	Gm04_9622843	9622843	0.473684	-0.288587	0.288587	-0.288587
4	Gm04_9622856	9622856	0.473684	-0.288587	0.288587	-0.288587
4	Gm04_9622864	9622864	0.273026	0.374125	-0.374125	0.374125
4	Gm04_9622885	9622885	0.273026	0.374125	-0.374125	0.374125
4	Gm04_9622891	9622891	0.473684	-0.272657	0.272657	-0.272657
4	Gm04_9649047	9649047	0.473684	0.422517	-0.422517	0.422517
4	Gm04_9670209	9670209	0.319079	0.183677	-0.183677	0.183677
4	Gm04_9677338	9677338	0.348684	0.0771319	-0.0771319	0.0771319
4	Gm04_9677374	9677374	0.348684	0.0771319	-0.0771319	0.0771319
4	Gm04_9677488	9677488	0.348684	0.0771319	-0.0771319	0.0771319
4	Gm04_9684711	9684711	0.345395	0.0861249	-0.0861249	0.0861249
4	Gm04_9684787	9684787	0.345395	0.0861249	-0.0861249	0.0861249
4	Gm04_9686364	9686364	0.345395	0.0861249	-0.0861249	0.0861249
4	Gm04_9686606	9686606	0.345395	0.0861249	-0.0861249	0.0861249
4	Gm04_9693090	9693090	0.342105	0.0981756	-0.0981756	0.0981756
4	Gm04_9696486	9696486	0.345395	0.0832771	-0.0832771	0.0832771
4	Gm04_9696495	9696495	0.348684	0.0709468	-0.0709468	0.0709468
4	Gm04_9696817	9696817	0.345395	0.0856499	-0.0856499	0.0856499
4	Gm04_9697162	9697162	0.345395	0.087059	-0.087059	0.087059
4	Gm04_9702802	9702802	0.348684	0.0688261	-0.0688261	0.0688261
4	Gm04_9702815	9702815	0.348684	0.0688261	-0.0688261	0.0688261
4	Gm04_9704996	9704996	0.348684	0.0679037	-0.0679037	0.0679037
4	Gm04_9705253	9705253	0.0625	0.392905	-0.392905	0.392905
4	Gm04_9705288	9705288	0.342105	0.0930233	-0.0930233	0.0930233
4	Gm04_9706353	9706353	0.338816	0.104967	-0.104967	0.104967
4	Gm04_9714214	9714214	0.345395	0.0789589	-0.0789589	0.0789589
4	Gm04_9715524	9715524	0.345395	0.0789589	-0.0789589	0.0789589
4	Gm04_9715761	9715761	0.345395	0.0789589	-0.0789589	0.0789589
4	Gm04_9715827	9715827	0.322368	0.162534	-0.162534	0.162534
4	Gm04_9715877	9715877	0.348684	0.0673334	-0.0673334	0.0673334
4	Gm04_9716100	9716100	0.348684	0.0673334	-0.0673334	0.0673334
4	Gm04_9719058	9719058	0.345395	0.0796315	-0.0796315	0.0796315
4	Gm04_9719119	9719119	0.444079	-0.211966	0.211966	-0.211966
4	Gm04_9736445	9736445	0.345395	0.0800047	-0.0800047	0.0800047
4	Gm04_9757937	9757937	0.493421	0.377978	-0.377978	0.377978
4	Gm04_9758090	9758090	0.0756579	0.162898	-0.162898	0.162898
4	Gm04_9758099	9758099	0.486842	0.409767	-0.409767	0.409767
4	Gm04_9789832	9789832	0.493421	0.392761	-0.392761	0.392761
4	Gm04_9789840	9789840	0.430921	-0.152377	0.152377	-0.152377
4	Gm04_9789845	9789845	0.0789474	0.119172	-0.119172	0.119172
4	Gm04_9790318	9790318	0.486842	0.415708	-0.415708	0.415708
4	Gm04_9797460	9797460	0.490132	0.40784	-0.40784	0.40784
4	Gm04_9797628	9797628	0.430921	-0.157316	0.157316	-0.157316
4	Gm04_9840200	9840200	0.328947	0.127067	-0.127067	0.127067
4	Gm04_9850857	9850857	0.335526	0.101483	-0.101483	0.101483
4	Gm04_9863031	9863031	0.328947	0.122923	-0.122923	0.122923
4	Gm04_9864632	9864632	0.332237	0.110097	-0.110097	0.110097
4	Gm04_9880091	9880091	0.332237	0.107815	-0.107815	0.107815
4	Gm04_9885883	9885883	0.335526	0.0946646	-0.0946646	0.0946646
4	Gm04_9885930	9885930	0.335526	0.0946646	-0.0946646	0.0946646
4	Gm04_9886095	9886095	0.0921053	0.381426	-0.381426	0.381426
4	Gm04_9900532	9900532	0.328947	0.12612	-0.12612	0.12612
4	Gm04_9900864	9900864	0.486842	0.445217	-0.445217	0.445217
4	Gm04_9900880	9900880	0.328947	0.118877	-0.118877	0.118877
4	Gm04_9900975	9900975	0.328947	0.112919	-0.112919	0.112919
4	Gm04_9901250	9901250	0.335526	0.0949554	-0.0949554	0.0949554
4	Gm04_9903103	9903103	0.328947	0.117765	-0.117765	0.117765
4	Gm04_9903141	9903141	0.427632	-0.19428	0.19428	-0.19428
4	Gm04_9903697	9903697	0.332237	0.0897136	-0.0897136	0.0897136
4	Gm04_9923016	9923016	0.332237	0.0874726	-0.0874726	0.0874726
4	Gm04_9958311	9958311	0.328947	0.0924912	-0.0924912	0.0924912
4	Gm04_9971244	9971244	0.319079	0.128899	-0.128899	0.128899
4	Gm04_9971283	9971283	0.319079	0.128899	-0.128899	0.128899
4	Gm04_9971372	9971372	0.0625	0.369878	-0.369878	0.369878
4	Gm04_9977935	9977935	0.325658	0.0834785	-0.0834785	0.0834785
4	Gm04_9980875	9980875	0.276316	0.233887	-0.233887	0.233887
4	Gm04_10016707	10016707	0.279605	0.22103	-0.22103	0.22103
4	Gm04_10042852	10042852	0.0953947	0.335277	-0.335277	0.335277
4	Gm04_10123445	10123445	0.273026	0.240409	-0.240409	0.240409
4	Gm04_10123708	10123708	0.273026	0.240409	-0.240409	0.240409
4	Gm04_10183822	10183822	0.276316	0.227968	-0.227968	0.227968
4	Gm04_10191210	10191210	0.263158	0.263408	-0.263408	0.263408
4	Gm04_10257012	10257012	0.276316	0.229542	-0.229542	0.229542
4	Gm04_10257050	10257050	0.276316	0.229542	-0.229542	0.229542
4	Gm04_10257108	10257108	0.276316	0.229542	-0.229542	0.229542
4	Gm04_10257418	10257418	0.276316	0.229542	-0.229542	0.229542
4	Gm04_10257443	10257443	0.279605	0.21577	-0.21577	0.21577
4	Gm04_10274993	10274993	0.273026	0.241854	-0.241854	0.241854
4	Gm04_10285299	10285299	0.279605	0.216305	-0.216305	0.216305
4	Gm04_10285394	10285394	0.279605	0.216305	-0.216305	0.216305
4	Gm04_10301628	10301628	0.276316	0.233189	-0.233189	0.233189
4	Gm04_10355633	10355633	0.276316	0.238198	-0.238198	0.238198
4	Gm04_10370030	10370030	0.279605	0.22469	-0.22469	0.22469
4	Gm04_10370064	10370064	0.282895	0.211003	-0.211003	0.211003
4	Gm04_10418969	10418969	0.279605	0.232332	-0.232332	0.232332
4	Gm04_10419197	10419197	0.279605	0.232332	-0.232332	0.232332
4	Gm04_10420161	10420161	0.273026	0.25986	-0.25986	0.25986
4	Gm04_10485808	10485808	0.0953947	0.404026	-0.404026	0.404026
4	Gm04_10487643	10487643	0.279605	0.261608	-0.261608	0.261608
4	Gm04_10491097	10491097	0.276316	0.275733	-0.275733	0.275733
4	Gm04_10504678	10504678	0.282895	0.251514	-0.251514	0.251514
4	Gm04_10504957	10504957	0.276316	0.27988	-0.27988	0.27988
4	Gm04_10507106	10507106	0.282895	0.251853	-0.251853	0.251853
4	Gm04_10508377	10508377	0.463816	-0.28197	0.28197	-0.28197
4	Gm04_10526213	10526213	0.279605	0.30107	-0.30107	0.30107
4	Gm04_10526222	10526222	0.279605	0.30107	-0.30107	0.30107
4	Gm04_10526419	10526419	0.486842	0.414555	-0.414555	0.414555
4	Gm04_10527825	10527825	0.263158	0.3747	-0.3747	0.3747
4	Gm04_10527869	10527869	0.263158	0.3747	-0.3747	0.3747
4	Gm04_10528243	10528243	0.266447	0.365795	-0.365795	0.365795
4	Gm04_10536946	10536946	0.0592105	0.466961	-0.466961	0.466961
4	Gm04_10546595	10546595	0.486842	0.40449	-0.40449	0.40449
4	Gm04_10548547	10548547	0.279605	0.304874	-0.304874	0.304874
4	Gm04_10548593	10548593	0.279605	0.304874	-0.304874	0.304874
4	Gm04_10567965	10567965	0.276316	0.322891	-0.322891	0.322891
4	Gm04_10588314	10588314	0.279605	0.31126	-0.31126	0.31126
4	Gm04_10593460	10593460	0.0953947	0.450106	-0.450106	0.450106
4	Gm04_10601998	10601998	0.381579	-0.00998095	0.00998095	-0.00998095
4	Gm04_10602299	10602299	0.279605	0.310204	-0.310204	0.310204
4	Gm04_10621150	10621150	0.276316	0.325129	-0.325129	0.325129
4	Gm04_10621175	10621175	0.276316	0.325129	-0.325129	0.325129
4	Gm04_10621499	10621499	0.276316	0.325018	-0.325018	0.325018
4	Gm04_10622325	10622325	0.0625	0.412265	-0.412265	0.412265
4	Gm04_10627881	10627881	0.276316	0.329177	-0.329177	0.329177
4	Gm04_10628640	10628640	0.273026	0.338069	-0.338069	0.338069
4	Gm04_10640697	10640697	0.276316	0.326449	-0.326449	0.326449
4	Gm04_10642157	10642157	0.276316	0.326358	-0.326358	0.326358
4	Gm04_10644819	10644819	0.273026	0.340704	-0.340704	0.340704
4	Gm04_10645091	10645091	0.276316	0.328465	-0.328465	0.328465
4	Gm04_10648659	10648659	0.276316	0.328382	-0.328382	0.328382
4	Gm04_10650216	10650216	0.282895	0.301084	-0.301084	0.301084
4	Gm04_10653550	10653550	0.273026	0.343117	-0.343117	0.343117
4	Gm04_10653572	10653572	0.273026	0.343117	-0.343117	0.343117
4	Gm04_10703344	10703344	0.273026	0.355262	-0.355262	0.355262
4	Gm04_10713545	10713545	0.480263	0.386304	-0.386304	0.386304
4	Gm04_10721965	10721965	0.279605	0.330089	-0.330089	0.330089
4	Gm04_10822846	10822846	0.0526316	0.326172	-0.326172	0.326172
4	Gm04_10824367	10824367	0.328947	0.162301	-0.162301	0.162301
4	Gm04_10824663	10824663	0.328947	0.162301	-0.162301	0.162301
4	Gm04_10845965	10845965	0.0526316	0.322678	-0.322678	0.322678
4	Gm04_10846261	10846261	0.328947	0.166237	-0.166237	0.166237
4	Gm04_10846602	10846602	0.273026	0.383725	-0.383725	0.383725
4	Gm04_10846828	10846828	0.434211	-0.142933	0.142933	-0.142933
4	Gm04_10846854	10846854	0.0526316	0.332955	-0.332955	0.332955
4	Gm04_10850673	10850673	0.273026	0.391218	-0.391218	0.391218
4	Gm04_10850685	10850685	0.0723684	0.138905	-0.138905	0.138905
4	Gm04_10858123	10858123	0.338816	0.143492	-0.143492	0.143492
4	Gm04_10859178	10859178	0.328947	0.178525	-0.178525	0.178525
4	Gm04_10861771	10861771	0.319079	0.214369	-0.214369	0.214369
4	Gm04_10916481	10916481	0.328947	0.190672	-0.190672	0.190672
4	Gm04_10925311	10925311	0.0953947	0.464365	-0.464365	0.464365
4	Gm04_10927899	10927899	0.0526316	0.331483	-0.331483	0.331483
4	Gm04_10927913	10927913	0.332237	0.177081	-0.177081	0.177081
4	Gm04_10948058	10948058	0.273026	0.396288	-0.396288	0.396288
4	Gm04_10998676	10998676	0.345395	-0.0491549	0.0491549	-0.0491549
4	Gm04_10998717	10998717	0.328947	-0.0141289	0.0141289	-0.0141289
4	Gm04_10998963	10998963	0.328947	-0.0141289	0.0141289	-0.0141289
4	Gm04_11001462	11001462	0.348684	-0.0809997	0.0809997	-0.0809997
4	Gm04_11001501	11001501	0.351974	-0.0848575	0.0848575	-0.0848575
4	Gm04_11001509	11001509	0.335526	-0.0242523	0.0242523	-0.0242523
4	Gm04_11001522	11001522	0.348684	-0.0721902	0.0721902	-0.0721902
4	Gm04_11016307	11016307	0.203947	0.402521	-0.402521	0.402521
4	Gm04_11016316	11016316	0.279605	0.531787	-0.531787	0.531787
4	Gm04_11016327	11016327	0.348684	-0.0975321	0.0975321	-0.0975321
4	Gm04_11020520	11020520	0.138158	0.229215	-0.229215	0.229215
4	Gm04_11020741	11020741	0.138158	0.229215	-0.229215	0.229215
4	Gm04_11020778	11020778	0.138158	0.229215	-0.229215	0.229215
4	Gm04_11020801	11020801	0.111842	0.397637	-0.397637	0.397637
4	Gm04_11035138	11035138	0.138158	0.226131	-0.226131	0.226131
4	Gm04_11035157	11035157	0.141447	0.202566	-0.202566	0.202566
4	Gm04_11035298	11035298	0.138158	0.226294	-0.226294	0.226294
4	Gm04_11035355	11035355	0.138158	0.226294	-0.226294	0.226294
4	Gm04_11035410	11035410	0.138158	0.226294	-0.226294	0.226294
4	Gm04_11035607	11035607	0.141447	0.202906	-0.202906	0.202906
4	Gm04_11035616	11035616	0.138158	0.226915	-0.226915	0.226915
4	Gm04_11035650	11035650	0.141447	0.203693	-0.203693	0.203693
4	Gm04_11071919	11071919	0.375	0.368982	-0.368982	0.368982
4	Gm04_11088958	11088958	0.378289	0.36324	-0.36324	0.36324
4	Gm04_11093283	11093283	0.279605	0.506607	-0.506607	0.506607
4	Gm04_11093449	11093449	0.279605	0.506607	-0.506607	0.506607
4	Gm04_11103071	11103071	0.411184	0.258253	-0.258253	0.258253
4	Gm04_11137134	11137134	0.414474	0.247627	-0.247627	0.247627
4	Gm04_11154493	11154493	0.391447	0.325437	-0.325437	0.325437
4	Gm04_11154823	11154823	0.384868	0.349832	-0.349832	0.349832
4	Gm04_11155009	11155009	0.414474	0.24814	-0.24814	0.24814
4	Gm04_11156237	11156237	0.421053	0.224866	-0.224866	0.224866
4	Gm04_11156372	11156372	0.407895	0.272015	-0.272015	0.272015
4	Gm04_11156415	11156415	0.273026	0.544594	-0.544594	0.544594
4	Gm04_11156421	11156421	0.197368	0.426268	-0.426268	0.426268
4	Gm04_11156577	11156577	0.378289	0.399892	-0.399892	0.399892
4	Gm04_11159470	11159470	0.0986842	0.507274	-0.507274	0.507274
4	Gm04_11163301	11163301	0.391447	0.350471	-0.350471	0.350471
4	Gm04_11163326	11163326	0.276316	0.54027	-0.54027	0.54027
4	Gm04_11165670	11165670	0.375	0.399869	-0.399869	0.399869
4	Gm04_11180602	11180602	0.342105	0.499395	-0.499395	0.499395
4	Gm04_11180757	11180757	0.279605	0.53801	-0.53801	0.53801
4	Gm04_11182112	11182112	0.342105	0.500917	-0.500917	0.500917
4	Gm04_11182315	11182315	0.0953947	0.512053	-0.512053	0.512053
4	Gm04_11192120	11192120	0.207237	0.348262	-0.348262	0.348262
4	Gm04_11221536	11221536	0.200658	0.38168	-0.38168	0.38168
4	Gm04_11230261	11230261	0.128289	0.25625	-0.25625	0.25625
4	Gm04_11230333	11230333	0.0953947	0.503664	-0.503664	0.503664
4	Gm04_11230527	11230527	0.128289	0.25011	-0.25011	0.25011
4	Gm04_11230571	11230571	0.128289	0.25011	-0.25011	0.25011
4	Gm04_11276797	11276797	0.483553	0.100139	-0.100139	0.100139
4	Gm04_11276837	11276837	0.483553	0.00301539	-0.00301539	0.00301539
4	Gm04_11276968	11276968	0.486842	-0.00434805	0.00434805	-0.00434805
4	Gm04_11290631	11290631	0.279605	0.507459	-0.507459	0.507459
4	Gm04_11290637	11290637	0.213816	0.325031	-0.325031	0.325031
4	Gm04_11306863	11306863	0.213816	0.326302	-0.326302	0.326302
4	Gm04_11352920	11352920	0.279605	0.49733	-0.49733	0.49733
4	Gm04_11353131	11353131	0.378289	0.394622	-0.394622	0.394622
4	Gm04_11375027	11375027	0.276316	0.508423	-0.508423	0.508423
4	Gm04_11412564	11412564	0.0986842	0.464676	-0.464676	0.464676
4	Gm04_11412569	11412569	0.197368	0.402384	-0.402384	0.402384
4	Gm04_11441056	11441056	0.289474	0.463454	-0.463454	0.463454
4	Gm04_11441126	11441126	0.493421	-0.040251	0.040251	-0.040251
4	Gm04_14029371	14029371	0.496711	-0.33787	0.33787	-0.33787
4	Gm04_14124360	14124360	0.240132	0.352341	-0.352341	0.352341
4	Gm04_14138135	14138135	0.460526	-0.227094	0.227094	-0.227094
4	Gm04_14161400	14161400	0.305921	0.122458	-0.122458	0.122458
4	Gm04_14189626	14189626	0.157895	0.449986	-0.449986	0.449986
4	Gm04_14189688	14189688	0.302632	0.133309	-0.133309	0.133309
4	Gm04_14192351	14192351	0.164474	0.41148	-0.41148	0.41148
4	Gm04_14192560	14192560	0.305921	0.122766	-0.122766	0.122766
4	Gm04_14192605	14192605	0.161184	0.431344	-0.431344	0.431344
4	Gm04_14193244	14193244	0.164474	0.411336	-0.411336	0.411336
4	Gm04_14193514	14193514	0.157895	0.445107	-0.445107	0.445107
4	Gm04_14197002	14197002	0.167763	0.394851	-0.394851	0.394851
4	Gm04_14208040	14208040	0.470395	-0.269376	0.269376	-0.269376
4	Gm04_14208068	14208068	0.470395	-0.269376	0.269376	-0.269376
4	Gm04_14223901	14223901	0.161184	0.43633	-0.43633	0.43633
4	Gm04_14229261	14229261	0.460526	-0.240645	0.240645	-0.240645
4	Gm04_14253437	14253437	0.167763	0.374301	-0.374301	0.374301
4	Gm04_14253636	14253636	0.167763	0.374301	-0.374301	0.374301
4	Gm04_14253709	14253709	0.167763	0.374301	-0.374301	0.374301
4	Gm04_14265718	14265718	0.164474	0.391957	-0.391957	0.391957
4	Gm04_14268504	14268504	0.200658	0.210682	-0.210682	0.210682
4	Gm04_14285286	14285286	0.259868	0.597609	-0.597609	0.597609
4	Gm04_14285299	14285299	0.263158	0.590933	-0.590933	0.590933
4	Gm04_14305296	14305296	0.233553	0.304185	-0.304185	0.304185
4	Gm04_14309972	14309972	0.404605	-0.15532	0.15532	-0.15532
4	Gm04_14310100	14310100	0.161184	0.407656	-0.407656	0.407656
4	Gm04_14318622	14318622	0.407895	-0.152028	0.152028	-0.152028
4	Gm04_14318993	14318993	0.401316	-0.133805	0.133805	-0.133805
4	Gm04_14322770	14322770	0.411184	-0.160131	0.160131	-0.160131
4	Gm04_14323142	14323142	0.414474	-0.169534	0.169534	-0.169534
4	Gm04_14323152	14323152	0.414474	-0.169534	0.169534	-0.169534
4	Gm04_14335581	14335581	0.417763	-0.180336	0.180336	-0.180336
4	Gm04_14356128	14356128	0.444079	-0.266936	0.266936	-0.266936
4	Gm04_14356189	14356189	0.414474	-0.171595	0.171595	-0.171595
4	Gm04_14360830	14360830	0.411184	-0.160248	0.160248	-0.160248
4	Gm04_14360956	14360956	0.167763	0.36716	-0.36716	0.36716
4	Gm04_14361163	14361163	0.411184	-0.180856	0.180856	-0.180856
4	Gm04_14369498	14369498	0.240132	0.268385	-0.268385	0.268385
4	Gm04_14391347	14391347	0.167763	0.352254	-0.352254	0.352254
4	Gm04_14395379	14395379	0.407895	-0.183269	0.183269	-0.183269
4	Gm04_14395437	14395437	0.404605	-0.176282	0.176282	-0.176282
4	Gm04_14395714	14395714	0.407895	-0.184181	0.184181	-0.184181
4	Gm04_14395772	14395772	0.411184	-0.196009	0.196009	-0.196009
4	Gm04_14395818	14395818	0.164474	0.376013	-0.376013	0.376013
4	Gm04_14395928	14395928	0.411184	-0.186224	0.186224	-0.186224
4	Gm04_14398967	14398967	0.404605	-0.162712	0.162712	-0.162712
4	Gm04_14398981	14398981	0.407895	-0.174306	0.174306	-0.174306
4	Gm04_14402741	14402741	0.4375	-0.273746	0.273746	-0.273746
4	Gm04_14416058	14416058	0.440789	-0.285683	0.285683	-0.285683
4	Gm04_14417901	14417901	0.404605	-0.170391	0.170391	-0.170391
4	Gm04_14418182	14418182	0.167763	0.350879	-0.350879	0.350879
4	Gm04_14418346	14418346	0.407895	-0.193946	0.193946	-0.193946
4	Gm04_14419170	14419170	0.411184	-0.202138	0.202138	-0.202138
4	Gm04_14419224	14419224	0.411184	-0.202138	0.202138	-0.202138
4	Gm04_14510239	14510239	0.167763	0.32362	-0.32362	0.32362
4	Gm04_14516872	14516872	0.154605	0.387531	-0.387531	0.387531
4	Gm04_14517033	14517033	0.240132	0.204885	-0.204885	0.204885
4	Gm04_14538017	14538017	0.243421	0.190018	-0.190018	0.190018
4	Gm04_14569249	14569249	0.0559211	0.417358	-0.417358	0.417358
4	Gm04_14574713	14574713	0.246711	0.159592	-0.159592	0.159592
4	Gm04_14609910	14609910	0.157895	0.347206	-0.347206	0.347206
4	Gm04_14617021	14617021	0.440789	-0.350374	0.350374	-0.350374
4	Gm04_14617036	14617036	0.236842	0.213725	-0.213725	0.213725
4	Gm04_14637524	14637524	0.154605	0.378448	-0.378448	0.378448
4	Gm04_14637710	14637710	0.440789	-0.341593	0.341593	-0.341593
4	Gm04_14644995	14644995	0.444079	-0.355071	0.355071	-0.355071
4	Gm04_14649383	14649383	0.444079	-0.355071	0.355071	-0.355071
4	Gm04_14651358	14651358	0.440789	-0.343745	0.343745	-0.343745
4	Gm04_14661565	14661565	0.157895	0.354046	-0.354046	0.354046
4	Gm04_14661820	14661820	0.151316	0.397037	-0.397037	0.397037
4	Gm04_14679743	14679743	0.411184	-0.266672	0.266672	-0.266672
4	Gm04_14681944	14681944	0.161184	0.331827	-0.331827	0.331827
4	Gm04_14695043	14695043	0.440789	-0.344562	0.344562	-0.344562
4	Gm04_14698349	14698349	0.430921	-0.314079	0.314079	-0.314079
4	Gm04_14722699	14722699	0.411184	-0.25776	0.25776	-0.25776
4	Gm04_14758735	14758735	0.447368	-0.373101	0.373101	-0.373101
4	Gm04_14758766	14758766	0.197368	0.149361	-0.149361	0.149361
4	Gm04_14758906	14758906	0.25	0.127334	-0.127334	0.127334
4	Gm04_14758925	14758925	0.197368	0.148222	-0.148222	0.148222
4	Gm04_14758945	14758945	0.25	0.125098	-0.125098	0.125098
4	Gm04_14765870	14765870	0.246711	0.138477	-0.138477	0.138477
4	Gm04_14765964	14765964	0.243421	0.153877	-0.153877	0.153877
4	Gm04_14765976	14765976	0.243421	0.153877	-0.153877	0.153877
4	Gm04_14765993	14765993	0.440789	-0.374345	0.374345	-0.374345
4	Gm04_14779475	14779475	0.200658	0.113656	-0.113656	0.113656
4	Gm04_14779774	14779774	0.197368	0.131897	-0.131897	0.131897
4	Gm04_14779788	14779788	0.197368	0.132288	-0.132288	0.132288
4	Gm04_14779811	14779811	0.200658	0.114245	-0.114245	0.114245
4	Gm04_14780227	14780227	0.194079	0.139041	-0.139041	0.139041
4	Gm04_14814144	14814144	0.154605	0.342507	-0.342507	0.342507
4	Gm04_14859293	14859293	0.151316	0.283722	-0.283722	0.283722
4	Gm04_14871954	14871954	0.167763	0.307833	-0.307833	0.307833
4	Gm04_14874321	14874321	0.0526316	0.462592	-0.462592	0.462592
4	Gm04_14874521	14874521	0.496711	-0.630953	0.630953	-0.630953
4	Gm04_14878167	14878167	0.0526316	0.471645	-0.471645	0.471645
4	Gm04_14878524	14878524	0.167763	0.330392	-0.330392	0.330392
4	Gm04_14878589	14878589	0.167763	0.330392	-0.330392	0.330392
4	Gm04_14881532	14881532	0.0756579	0.478815	-0.478815	0.478815
4	Gm04_14881579	14881579	0.273026	-0.0758504	0.0758504	-0.0758504
4	Gm04_14887482	14887482	0.447368	-0.471772	0.471772	-0.471772
4	Gm04_14899127	14899127	0.447368	-0.476345	0.476345	-0.476345
4	Gm04_14927200	14927200	0.282895	-0.177846	0.177846	-0.177846
4	Gm04_14995988	14995988	0.197368	0.113455	-0.113455	0.113455
4	Gm04_15009114	15009114	0.0559211	0.286321	-0.286321	0.286321
4	Gm04_15009457	15009457	0.164474	0.119065	-0.119065	0.119065
4	Gm04_15011534	15011534	0.0526316	0.345736	-0.345736	0.345736
4	Gm04_15014081	15014081	0.0559211	0.288632	-0.288632	0.288632
4	Gm04_15014097	15014097	0.171053	0.0786975	-0.0786975	0.0786975
4	Gm04_15016793	15016793	0.0559211	0.290038	-0.290038	0.290038
4	Gm04_15017066	15017066	0.259868	-0.305218	0.305218	-0.305218
4	Gm04_15017685	15017685	0.220395	-0.147172	0.147172	-0.147172
4	Gm04_15017997	15017997	0.164474	0.109445	-0.109445	0.109445
4	Gm04_15018031	15018031	0.171053	0.0734791	-0.0734791	0.0734791
4	Gm04_15027194	15027194	0.171053	0.07484	-0.07484	0.07484
4	Gm04_15027295	15027295	0.167763	0.094912	-0.094912	0.094912
4	Gm04_15027480	15027480	0.263158	-0.321319	0.321319	-0.321319
4	Gm04_15029607	15029607	0.167763	0.0892764	-0.0892764	0.0892764
4	Gm04_15029671	15029671	0.167763	0.0892764	-0.0892764	0.0892764
4	Gm04_15029900	15029900	0.167763	0.0892764	-0.0892764	0.0892764
4	Gm04_15080670	15080670	0.210526	-0.135686	0.135686	-0.135686
4	Gm04_15080821	15080821	0.0526316	0.344493	-0.344493	0.344493
4	Gm04_15083707	15083707	0.157895	0.104526	-0.104526	0.104526
4	Gm04_15083731	15083731	0.0526316	0.344149	-0.344149	0.344149
4	Gm04_15097129	15097129	0.157895	0.103858	-0.103858	0.103858
4	Gm04_15097375	15097375	0.157895	0.103858	-0.103858	0.103858
4	Gm04_15100871	15100871	0.246711	-0.297369	0.297369	-0.297369
4	Gm04_15100882	15100882	0.256579	-0.340275	0.340275	-0.340275
4	Gm04_15111385	15111385	0.0526316	0.347736	-0.347736	0.347736
4	Gm04_15111673	15111673	0.207237	-0.124642	0.124642	-0.124642
4	Gm04_15112137	15112137	0.203947	-0.111875	0.111875	-0.111875
4	Gm04_15112300	15112300	0.144737	0.151313	-0.151313	0.151313
4	Gm04_15112325	15112325	0.0625	-0.136469	0.136469	-0.136469
4	Gm04_15114960	15114960	0.154605	0.115662	-0.115662	0.115662
4	Gm04_15122550	15122550	0.25	-0.310372	0.310372	-0.310372
4	Gm04_15129274	15129274	0.256579	-0.34097	0.34097	-0.34097
4	Gm04_15129321	15129321	0.246711	-0.297029	0.297029	-0.297029
4	Gm04_15129473	15129473	0.246711	-0.297029	0.297029	-0.297029
4	Gm04_15132231	15132231	0.0526316	0.327377	-0.327377	0.327377
4	Gm04_15132844	15132844	0.0526316	0.327377	-0.327377	0.327377
4	Gm04_15135707	15135707	0.154605	0.112543	-0.112543	0.112543
4	Gm04_15136293	15136293	0.0559211	0.275392	-0.275392	0.275392
4	Gm04_15136575	15136575	0.243421	-0.270815	0.270815	-0.270815
4	Gm04_15136870	15136870	0.263158	-0.346296	0.346296	-0.346296
4	Gm04_15140880	15140880	0.0559211	0.258575	-0.258575	0.258575
4	Gm04_15145321	15145321	0.0559211	0.258575	-0.258575	0.258575
4	Gm04_15166723	15166723	0.0559211	0.258671	-0.258671	0.258671
4	Gm04_15167143	15167143	0.0559211	0.259352	-0.259352	0.259352
4	Gm04_15207338	15207338	0.0559211	0.262882	-0.262882	0.262882
4	Gm04_15218390	15218390	0.203947	-0.122927	0.122927	-0.122927
4	Gm04_15218438	15218438	0.207237	-0.139016	0.139016	-0.139016
4	Gm04_15268852	15268852	0.154605	0.108936	-0.108936	0.108936
4	Gm04_15373222	15373222	0.128289	-0.175997	0.175997	-0.175997
4	Gm04_15435621	15435621	0.134868	-0.218458	0.218458	-0.218458
4	Gm04_15512799	15512799	0.0526316	0.318096	-0.318096	0.318096
4	Gm04_15541898	15541898	0.0690789	0.107336	-0.107336	0.107336
4	Gm04_15558249	15558249	0.190789	0.141442	-0.141442	0.141442
4	Gm04_15558543	15558543	0.121711	-0.174087	0.174087	-0.174087
4	Gm04_15597883	15597883	0.0723684	0.0383401	-0.0383401	0.0383401
4	Gm04_15603547	15603547	0.0690789	0.0811391	-0.0811391	0.0811391
4	Gm04_15603896	15603896	0.0723684	0.0379141	-0.0379141	0.0379141
4	Gm04_15644812	15644812	0.0657895	0.117978	-0.117978	0.117978
4	Gm04_15653607	15653607	0.0625	0.157823	-0.157823	0.157823
4	Gm04_15664350	15664350	0.0559211	0.239929	-0.239929	0.239929
4	Gm04_15679681	15679681	0.0657895	0.134323	-0.134323	0.134323
4	Gm04_15711967	15711967	0.115132	0.0370724	-0.0370724	0.0370724
4	Gm04_15712227	15712227	0.0822368	0.184924	-0.184924	0.184924
4	Gm04_15782234	15782234	0.0723684	0.0390912	-0.0390912	0.0390912
4	Gm04_15788063	15788063	0.125	-0.218028	0.218028	-0.218028
4	Gm04_15788703	15788703	0.125	-0.218028	0.218028	-0.218028
4	Gm04_15796604	15796604	0.0526316	0.270256	-0.270256	0.270256
4	Gm04_15820296	15820296	0.121711	-0.189562	0.189562	-0.189562
4	Gm04_15820320	15820320	0.121711	-0.189562	0.189562	-0.189562
4	Gm04_15823385	15823385	0.0723684	0.0362812	-0.0362812	0.0362812
4	Gm04_15876846	15876846	0.0690789	0.0760278	-0.0760278	0.0760278
4	Gm04_15889915	15889915	0.0690789	0.0750613	-0.0750613	0.0750613
4	Gm04_15943985	15943985	0.0723684	0.0263849	-0.0263849	0.0263849
4	Gm04_15954709	15954709	0.0723684	0.0263849	-0.0263849	0.0263849
4	Gm04_15997965	15997965	0.151316	0.309598	-0.309598	0.309598
4	Gm04_15999008	15999008	0.0690789	0.0478399	-0.0478399	0.0478399
4	Gm04_16002972	16002972	0.0657895	0.0842756	-0.0842756	0.0842756
4	Gm04_16003003	16003003	0.121711	-0.233083	0.233083	-0.233083
4	Gm04_16007767	16007767	0.0690789	0.042343	-0.042343	0.042343
4	Gm04_16009597	16009597	0.0657895	0.0875366	-0.0875366	0.0875366
4	Gm04_16009811	16009811	0.0657895	0.0875366	-0.0875366	0.0875366
4	Gm04_16024988	16024988	0.0526316	0.228893	-0.228893	0.228893
4	Gm04_16026493	16026493	0.0756579	-0.041786	0.041786	-0.041786
4	Gm04_16026916	16026916	0.0690789	0.0425266	-0.0425266	0.0425266
4	Gm04_16030919	16030919	0.121711	-0.21982	0.21982	-0.21982
4	Gm04_16061619	16061619	0.197368	0.133685	-0.133685	0.133685
4	Gm04_16074017	16074017	0.118421	-0.254998	0.254998	-0.254998
4	Gm04_16076327	16076327	0.0657895	0.0233484	-0.0233484	0.0233484
4	Gm04_16082413	16082413	0.0625	0.0390778	-0.0390778	0.0390778
4	Gm04_16108374	16108374	0.0657895	-0.000345471	0.000345471	-0.000345471
4	Gm04_16111342	16111342	0.0657895	-0.000345471	0.000345471	-0.000345471
4	Gm04_16111368	16111368	0.0657895	-0.000345471	0.000345471	-0.000345471
4	Gm04_16157322	16157322	0.0657895	-0.00579223	0.00579223	-0.00579223
4	Gm04_16157362	16157362	0.0526316	0.148952	-0.148952	0.148952
4	Gm04_16157575	16157575	0.0526316	0.148952	-0.148952	0.148952
4	Gm04_16167077	16167077	0.0690789	-0.0783293	0.0783293	-0.0783293
4	Gm04_16171669	16171669	0.0756579	-0.14638	0.14638	-0.14638
4	Gm04_16174794	16174794	0.128289	-0.385792	0.385792	-0.385792
4	Gm04_16174799	16174799	0.0756579	-0.146095	0.146095	-0.146095
4	Gm04_16176776	16176776	0.0657895	-0.0170737	0.0170737	-0.0170737
4	Gm04_16181662	16181662	0.0526316	0.14472	-0.14472	0.14472
4	Gm04_16188145	16188145	0.0657895	-0.0193614	0.0193614	-0.0193614
4	Gm04_16188197	16188197	0.0657895	-0.0193614	0.0193614	-0.0193614
4	Gm04_16237924	16237924	0.0723684	-0.11051	0.11051	-0.11051
4	Gm04_16274658	16274658	0.118421	-0.264676	0.264676	-0.264676
4	Gm04_16290480	16290480	0.121711	-0.287059	0.287059	-0.287059
4	Gm04_16315443	16315443	0.121711	-0.287108	0.287108	-0.287108
4	Gm04_16353775	16353775	0.128289	-0.33552	0.33552	-0.33552
4	Gm04_16356912	16356912	0.0888158	-0.176753	0.176753	-0.176753
4	Gm04_16388673	16388673	0.131579	-0.457326	0.457326	-0.457326
4	Gm04_16393486	16393486	0.128289	-0.433077	0.433077	-0.433077
4	Gm04_16393636	16393636	0.128289	-0.433077	0.433077	-0.433077
4	Gm04_16393937	16393937	0.121711	-0.38446	0.38446	-0.38446
4	Gm04_16424102	16424102	0.0953947	-0.246187	0.246187	-0.246187
4	Gm04_16424346	16424346	0.121711	-0.403817	0.403817	-0.403817
4	Gm04_16427646	16427646	0.0526316	0.140155	-0.140155	0.140155
4	Gm04_16467390	16467390	0.0822368	-0.16009	0.16009	-0.16009
4	Gm04_16487823	16487823	0.121711	-0.429109	0.429109	-0.429109
4	Gm04_16490676	16490676	0.125	-0.456189	0.456189	-0.456189
4	Gm04_16493532	16493532	0.121711	-0.429903	0.429903	-0.429903
4	Gm04_16498716	16498716	0.121711	-0.429903	0.429903	-0.429903
4	Gm04_16498836	16498836	0.0526316	0.140021	-0.140021	0.140021
4	Gm04_16509736	16509736	0.108553	-0.359169	0.359169	-0.359169
4	Gm04_16510165	16510165	0.167763	-0.612335	0.612335	-0.612335
4	Gm04_16510201	16510201	0.167763	-0.612335	0.612335	-0.612335
4	Gm04_16510464	16510464	0.167763	-0.612335	0.612335	-0.612335
4	Gm04_16510498	16510498	0.171053	-0.621236	0.621236	-0.621236
4	Gm04_16512296	16512296	0.0822368	-0.181517	0.181517	-0.181517
4	Gm04_16512542	16512542	0.128289	-0.505387	0.505387	-0.505387
4	Gm04_16517605	16517605	0.125	-0.482808	0.482808	-0.482808
4	Gm04_16518187	16518187	0.111842	-0.394163	0.394163	-0.394163
4	Gm04_16518234	16518234	0.0789474	-0.148703	0.148703	-0.148703
4	Gm04_16518526	16518526	0.0526316	0.118395	-0.118395	0.118395
4	Gm04_16518545	16518545	0.115132	-0.365802	0.365802	-0.365802
4	Gm04_16526914	16526914	0.0789474	-0.0969809	0.0969809	-0.0969809
4	Gm04_16531447	16531447	0.125	-0.443741	0.443741	-0.443741
4	Gm04_16531592	16531592	0.0822368	-0.134996	0.134996	-0.134996
4	Gm04_16569049	16569049	0.0921053	-0.244337	0.244337	-0.244337
4	Gm04_16581446	16581446	0.0822368	-0.137514	0.137514	-0.137514
4	Gm04_16581738	16581738	0.125	-0.448054	0.448054	-0.448054
4	Gm04_16584249	16584249	0.0986842	-0.281475	0.281475	-0.281475
4	Gm04_16584455	16584455	0.125	-0.432692	0.432692	-0.432692
4	Gm04_16585183	16585183	0.0822368	-0.160891	0.160891	-0.160891
4	Gm04_16585482	16585482	0.128289	-0.455026	0.455026	-0.455026
4	Gm04_16586664	16586664	0.125	-0.429175	0.429175	-0.429175
4	Gm04_16586676	16586676	0.125	-0.429175	0.429175	-0.429175
4	Gm04_16588200	16588200	0.0822368	-0.13196	0.13196	-0.13196
4	Gm04_16588487	16588487	0.128289	-0.451987	0.451987	-0.451987
4	Gm04_16589905	16589905	0.125	-0.427148	0.427148	-0.427148
4	Gm04_16590160	16590160	0.125	-0.427148	0.427148	-0.427148
4	Gm04_16592639	16592639	0.0789474	-0.0917263	0.0917263	-0.0917263
4	Gm04_16592960	16592960	0.121711	-0.34252	0.34252	-0.34252
4	Gm04_16634055	16634055	0.118421	-0.313939	0.313939	-0.313939
4	Gm04_16661746	16661746	0.118421	-0.31254	0.31254	-0.31254
4	Gm04_16668640	16668640	0.118421	-0.315	0.315	-0.315
4	Gm04_16705188	16705188	0.115132	-0.284454	0.284454	-0.284454
4	Gm04_16709154	16709154	0.121711	-0.33329	0.33329	-0.33329
4	Gm04_16741648	16741648	0.118421	-0.305422	0.305422	-0.305422
4	Gm04_16751466	16751466	0.0526316	0.138811	-0.138811	0.138811
4	Gm04_16755296	16755296	0.121711	0.268107	-0.268107	0.268107
4	Gm04_16834701	16834701	0.121711	-0.333267	0.333267	-0.333267
4	Gm04_16846416	16846416	0.0921053	-0.209539	0.209539	-0.209539
4	Gm04_16887235	16887235	0.131579	-0.397758	0.397758	-0.397758
4	Gm04_16896902	16896902	0.0723684	-0.191719	0.191719	-0.191719
4	Gm04_16910218	16910218	0.0723684	-0.191149	0.191149	-0.191149
4	Gm04_16917931	16917931	0.0657895	-0.109634	0.109634	-0.109634
4	Gm04_16932798	16932798	0.0657895	-0.109007	0.109007	-0.109007
4	Gm04_16932822	16932822	0.0657895	-0.109007	0.109007	-0.109007
4	Gm04_16943802	16943802	0.0690789	-0.150307	0.150307	-0.150307
4	Gm04_16964130	16964130	0.0559211	0.144128	-0.144128	0.144128
4	Gm04_17002966	17002966	0.0723684	-0.185184	0.185184	-0.185184
4	Gm04_17075694	17075694	0.118421	-0.284564	0.284564	-0.284564
4	Gm04_17079119	17079119	0.121711	-0.3084	0.3084	-0.3084
4	Gm04_17081894	17081894	0.0625	-0.147187	0.147187	-0.147187
4	Gm04_17081911	17081911	0.0625	-0.147187	0.147187	-0.147187
4	Gm04_17148561	17148561	0.194079	0.411863	-0.411863	0.411863
4	Gm04_17148603	17148603	0.125	0.459892	-0.459892	0.459892
4	Gm04_17149218	17149218	0.194079	0.429199	-0.429199	0.429199
4	Gm04_17150592	17150592	0.118421	-0.113771	0.113771	-0.113771
4	Gm04_17170411	17170411	0.118421	-0.108259	0.108259	-0.108259
4	Gm04_17173711	17173711	0.118421	-0.107409	0.107409	-0.107409
4	Gm04_17175526	17175526	0.105263	-0.0279283	0.0279283	-0.0279283
4	Gm04_17176752	17176752	0.108553	-0.0555849	0.0555849	-0.0555849
4	Gm04_17177088	17177088	0.493421	-0.285555	0.285555	-0.285555
4	Gm04_17186422	17186422	0.121711	-0.0829945	0.0829945	-0.0829945
4	Gm04_17186710	17186710	0.121711	-0.0829945	0.0829945	-0.0829945
4	Gm04_17190572	17190572	0.108553	0.0200049	-0.0200049	0.0200049
4	Gm04_17199948	17199948	0.105263	0.0482879	-0.0482879	0.0482879
4	Gm04_17200165	17200165	0.118421	-0.0545553	0.0545553	-0.0545553
4	Gm04_17200314	17200314	0.121711	-0.0809393	0.0809393	-0.0809393
4	Gm04_17211708	17211708	0.0526316	0.451229	-0.451229	0.451229
4	Gm04_17213313	17213313	0.118421	-0.0178809	0.0178809	-0.0178809
4	Gm04_17234549	17234549	0.194079	0.53582	-0.53582	0.53582
4	Gm04_17234693	17234693	0.108553	-0.0498076	0.0498076	-0.0498076
4	Gm04_17234752	17234752	0.108553	-0.0498076	0.0498076	-0.0498076
4	Gm04_17253652	17253652	0.118421	-0.130512	0.130512	-0.130512
4	Gm04_17255491	17255491	0.118421	-0.131555	0.131555	-0.131555
4	Gm04_17255504	17255504	0.108553	-0.053064	0.053064	-0.053064
4	Gm04_17273080	17273080	0.105263	-0.026073	0.026073	-0.026073
4	Gm04_17284682	17284682	0.108553	-0.0541817	0.0541817	-0.0541817
4	Gm04_17288459	17288459	0.358553	-0.0207729	0.0207729	-0.0207729
4	Gm04_17289727	17289727	0.108553	-0.0540597	0.0540597	-0.0540597
4	Gm04_17300385	17300385	0.118421	-0.131844	0.131844	-0.131844
4	Gm04_17300704	17300704	0.0657895	0.231476	-0.231476	0.231476
4	Gm04_17300721	17300721	0.118421	-0.147735	0.147735	-0.147735
4	Gm04_17318242	17318242	0.125	-0.201093	0.201093	-0.201093
4	Gm04_17318265	17318265	0.105263	-0.042779	0.042779	-0.042779
4	Gm04_17318507	17318507	0.121711	-0.179348	0.179348	-0.179348
4	Gm04_17319161	17319161	0.118421	-0.151985	0.151985	-0.151985
4	Gm04_17320569	17320569	0.157895	0.401673	-0.401673	0.401673
4	Gm04_17320606	17320606	0.128289	-0.238972	0.238972	-0.238972
4	Gm04_17320862	17320862	0.108553	-0.0802442	0.0802442	-0.0802442
4	Gm04_17322068	17322068	0.128289	-0.238985	0.238985	-0.238985
4	Gm04_17323626	17323626	0.105263	-0.0512278	0.0512278	-0.0512278
4	Gm04_17334120	17334120	0.125	-0.213791	0.213791	-0.213791
4	Gm04_17334417	17334417	0.125	-0.212719	0.212719	-0.212719
4	Gm04_17336041	17336041	0.121711	-0.186604	0.186604	-0.186604
4	Gm04_17338125	17338125	0.108553	-0.0828919	0.0828919	-0.0828919
4	Gm04_17338703	17338703	0.108553	-0.0828919	0.0828919	-0.0828919
4	Gm04_17342318	17342318	0.118421	-0.188992	0.188992	-0.188992
4	Gm04_17347752	17347752	0.105263	-0.0871609	0.0871609	-0.0871609
4	Gm04_17348054	17348054	0.128289	-0.248773	0.248773	-0.248773
4	Gm04_17348416	17348416	0.128289	-0.248773	0.248773	-0.248773
4	Gm04_17370741	17370741	0.108553	-0.0949811	0.0949811	-0.0949811
4	Gm04_17372443	17372443	0.0690789	0.155616	-0.155616	0.155616
4	Gm04_17372921	17372921	0.128289	-0.278583	0.278583	-0.278583
4	Gm04_17375420	17375420	0.115132	-0.183509	0.183509	-0.183509
4	Gm04_17375810	17375810	0.105263	-0.0678266	0.0678266	-0.0678266
4	Gm04_17379730	17379730	0.0657895	0.238105	-0.238105	0.238105
4	Gm04_17379979	17379979	0.105263	-0.0669753	0.0669753	-0.0669753
4	Gm04_17382534	17382534	0.108553	-0.0961382	0.0961382	-0.0961382
4	Gm04_17385302	17385302	0.125	-0.224874	0.224874	-0.224874
4	Gm04_17385330	17385330	0.0657895	0.413464	-0.413464	0.413464
4	Gm04_17387483	17387483	0.0657895	0.227274	-0.227274	0.227274
4	Gm04_17415970	17415970	0.105263	-0.0506757	0.0506757	-0.0506757
4	Gm04_17432928	17432928	0.118421	-0.15596	0.15596	-0.15596
4	Gm04_17432952	17432952	0.105263	-0.0501712	0.0501712	-0.0501712
4	Gm04_17450851	17450851	0.490132	-0.439171	0.439171	-0.439171
4	Gm04_17464179	17464179	0.108553	-0.0421335	0.0421335	-0.0421335
4	Gm04_17478730	17478730	0.447368	-0.311676	0.311676	-0.311676
4	Gm04_17478752	17478752	0.447368	-0.311676	0.311676	-0.311676
4	Gm04_17478949	17478949	0.444079	-0.300525	0.300525	-0.300525
4	Gm04_17481700	17481700	0.108553	-0.140675	0.140675	-0.140675
4	Gm04_17481727	17481727	0.108553	-0.140675	0.140675	-0.140675
4	Gm04_17485388	17485388	0.105263	-0.11347	0.11347	-0.11347
4	Gm04_17485449	17485449	0.108553	-0.143683	0.143683	-0.143683
4	Gm04_17486745	17486745	0.108553	-0.144215	0.144215	-0.144215
4	Gm04_17486772	17486772	0.0657895	0.187628	-0.187628	0.187628
4	Gm04_17487144	17487144	0.105263	-0.0834088	0.0834088	-0.0834088
4	Gm04_17487378	17487378	0.105263	-0.0834088	0.0834088	-0.0834088
4	Gm04_17503509	17503509	0.105263	-0.08223	0.08223	-0.08223
4	Gm04_17503597	17503597	0.108553	-0.112474	0.112474	-0.112474
4	Gm04_17504182	17504182	0.105263	-0.0824521	0.0824521	-0.0824521
4	Gm04_17505570	17505570	0.105263	-0.0824521	0.0824521	-0.0824521
4	Gm04_17524865	17524865	0.105263	-0.0832573	0.0832573	-0.0832573
4	Gm04_17576233	17576233	0.105263	-0.087264	0.087264	-0.087264
4	Gm04_17591674	17591674	0.108553	-0.115691	0.115691	-0.115691
4	Gm04_17591947	17591947	0.105263	-0.088207	0.088207	-0.088207
4	Gm04_17591953	17591953	0.121711	-0.22077	0.22077	-0.22077
4	Gm04_17592415	17592415	0.0657895	0.179461	-0.179461	0.179461
4	Gm04_17610764	17610764	0.115132	-0.178538	0.178538	-0.178538
4	Gm04_17611196	17611196	0.0690789	0.159208	-0.159208	0.159208
4	Gm04_17611214	17611214	0.115132	-0.16049	0.16049	-0.16049
4	Gm04_17611515	17611515	0.105263	-0.0786273	0.0786273	-0.0786273
4	Gm04_17615274	17615274	0.105263	-0.0798662	0.0798662	-0.0798662
4	Gm04_17621513	17621513	0.121711	-0.204907	0.204907	-0.204907
4	Gm04_17638919	17638919	0.121711	-0.20524	0.20524	-0.20524
4	Gm04_17639220	17639220	0.118421	-0.180666	0.180666	-0.180666
4	Gm04_17673368	17673368	0.125	-0.23476	0.23476	-0.23476
4	Gm04_17684160	17684160	0.121711	-0.210287	0.210287	-0.210287
4	Gm04_17684166	17684166	0.105263	-0.0839241	0.0839241	-0.0839241
4	Gm04_17684213	17684213	0.105263	-0.0839241	0.0839241	-0.0839241
4	Gm04_17687608	17687608	0.121711	-0.221426	0.221426	-0.221426
4	Gm04_17687845	17687845	0.121711	-0.221426	0.221426	-0.221426
4	Gm04_17687854	17687854	0.105263	-0.0841051	0.0841051	-0.0841051
4	Gm04_17691741	17691741	0.108553	-0.114614	0.114614	-0.114614
4	Gm04_17693362	17693362	0.0789474	0.0370931	-0.0370931	0.0370931
4	Gm04_17693426	17693426	0.0789474	0.0370931	-0.0370931	0.0370931
4	Gm04_17693943	17693943	0.167763	0.26234	-0.26234	0.26234
4	Gm04_17698727	17698727	0.118421	-0.155925	0.155925	-0.155925
4	Gm04_17719460	17719460	0.105263	-0.0533767	0.0533767	-0.0533767
4	Gm04_17719489	17719489	0.105263	-0.0533767	0.0533767	-0.0533767
4	Gm04_17722496	17722496	0.105263	-0.0539009	0.0539009	-0.0539009
4	Gm04_17722873	17722873	0.157895	0.309306	-0.309306	0.309306
4	Gm04_17765030	17765030	0.111842	-0.111182	0.111182	-0.111182
4	Gm04_17765878	17765878	0.480263	-0.520987	0.520987	-0.520987
4	Gm04_17800925	17800925	0.0592105	0.241719	-0.241719	0.241719
4	Gm04_17825496	17825496	0.157895	0.329922	-0.329922	0.329922
4	Gm04_17826402	17826402	0.0756579	-0.0453466	0.0453466	-0.0453466
4	Gm04_17834910	17834910	0.0789474	-0.114137	0.114137	-0.114137
4	Gm04_17836482	17836482	0.0625	0.0629231	-0.0629231	0.0629231
4	Gm04_17836977	17836977	0.0822368	-0.117942	0.117942	-0.117942
4	Gm04_17837320	17837320	0.0822368	-0.117942	0.117942	-0.117942
4	Gm04_17853579	17853579	0.0592105	0.137699	-0.137699	0.137699
4	Gm04_17853593	17853593	0.328947	-0.339919	0.339919	-0.339919
4	Gm04_17853706	17853706	0.0592105	0.153691	-0.153691	0.153691
4	Gm04_17853745	17853745	0.0592105	0.153691	-0.153691	0.153691
4	Gm04_17854105	17854105	0.246711	-0.0190354	0.0190354	-0.0190354
4	Gm04_17855028	17855028	0.0592105	0.153636	-0.153636	0.153636
4	Gm04_17855053	17855053	0.0592105	0.153636	-0.153636	0.153636
4	Gm04_17855260	17855260	0.197368	0.198298	-0.198298	0.198298
4	Gm04_17855265	17855265	0.0592105	0.152468	-0.152468	0.152468
4	Gm04_17856399	17856399	0.332237	-0.349312	0.349312	-0.349312
4	Gm04_17856642	17856642	0.332237	-0.349312	0.349312	-0.349312
4	Gm04_17856652	17856652	0.246711	-0.0159143	0.0159143	-0.0159143
4	Gm04_17865779	17865779	0.0592105	0.112778	-0.112778	0.112778
4	Gm04_17870545	17870545	0.0592105	0.112778	-0.112778	0.112778
4	Gm04_17899360	17899360	0.0822368	-0.145013	0.145013	-0.145013
4	Gm04_17931845	17931845	0.0559211	0.156637	-0.156637	0.156637
4	Gm04_17931857	17931857	0.115132	-0.296373	0.296373	-0.296373
4	Gm04_17959529	17959529	0.0789474	-0.107626	0.107626	-0.107626
4	Gm04_18012526	18012526	0.111842	-0.278588	0.278588	-0.278588
4	Gm04_18012778	18012778	0.111842	-0.278588	0.278588	-0.278588
4	Gm04_18012815	18012815	0.0789474	-0.113772	0.113772	-0.113772
4	Gm04_18013119	18013119	0.0921053	-0.125241	0.125241	-0.125241
4	Gm04_18013144	18013144	0.0921053	-0.125241	0.125241	-0.125241
4	Gm04_18101565	18101565	0.0888158	-0.113325	0.113325	-0.113325
4	Gm04_18108940	18108940	0.0921053	-0.139978	0.139978	-0.139978
4	Gm04_18114497	18114497	0.322368	-0.335594	0.335594	-0.335594
4	Gm04_18114758	18114758	0.0953947	-0.172179	0.172179	-0.172179
4	Gm04_18117154	18117154	0.0559211	0.124694	-0.124694	0.124694
4	Gm04_18121772	18121772	0.0592105	0.0706591	-0.0706591	0.0706591
4	Gm04_18121793	18121793	0.0888158	-0.137447	0.137447	-0.137447
4	Gm04_18122785	18122785	0.0559211	0.126021	-0.126021	0.126021
4	Gm04_18148806	18148806	0.115132	-0.301856	0.301856	-0.301856
4	Gm04_18177520	18177520	0.0559211	0.1193	-0.1193	0.1193
4	Gm04_18180326	18180326	0.0559211	0.1193	-0.1193	0.1193
4	Gm04_18200509	18200509	0.0559211	0.117752	-0.117752	0.117752
4	Gm04_18209424	18209424	0.0559211	0.117752	-0.117752	0.117752
4	Gm04_18216952	18216952	0.0921053	-0.155122	0.155122	-0.155122
4	Gm04_18217316	18217316	0.0921053	-0.155122	0.155122	-0.155122
4	Gm04_18218544	18218544	0.0953947	-0.188857	0.188857	-0.188857
4	Gm04_18218855	18218855	0.0690789	-0.131147	0.131147	-0.131147
4	Gm04_18222844	18222844	0.0559211	0.114948	-0.114948	0.114948
4	Gm04_18228117	18228117	0.0559211	0.114037	-0.114037	0.114037
4	Gm04_18239959	18239959	0.0559211	0.113025	-0.113025	0.113025
4	Gm04_18240966	18240966	0.0559211	0.113025	-0.113025	0.113025
4	Gm04_18241194	18241194	0.200658	0.154874	-0.154874	0.154874
4	Gm04_18245135	18245135	0.203947	0.139231	-0.139231	0.139231
4	Gm04_18245192	18245192	0.0559211	0.104404	-0.104404	0.104404
4	Gm04_18252150	18252150	0.0953947	-0.197875	0.197875	-0.197875
4	Gm04_18299148	18299148	0.0559211	0.104773	-0.104773	0.104773
4	Gm04_18308181	18308181	0.118421	-0.355117	0.355117	-0.355117
4	Gm04_18312677	18312677	0.0559211	0.105365	-0.105365	0.105365
4	Gm04_18323557	18323557	0.0921053	-0.159574	0.159574	-0.159574
4	Gm04_18329960	18329960	0.0953947	-0.193008	0.193008	-0.193008
4	Gm04_18329995	18329995	0.0953947	-0.193008	0.193008	-0.193008
4	Gm04_18343208	18343208	0.0953947	-0.191195	0.191195	-0.191195
4	Gm04_18344713	18344713	0.0559211	0.105478	-0.105478	0.105478
4	Gm04_18344904	18344904	0.0921053	-0.165796	0.165796	-0.165796
4	Gm04_18344929	18344929	0.0921053	-0.165796	0.165796	-0.165796
4	Gm04_18383905	18383905	0.0592105	0.0501192	-0.0501192	0.0501192
4	Gm04_18386571	18386571	0.0953947	-0.199376	0.199376	-0.199376
4	Gm04_18399229	18399229	0.0921053	-0.166702	0.166702	-0.166702
4	Gm04_18399252	18399252	0.0526316	0.126389	-0.126389	0.126389
4	Gm04_18399487	18399487	0.0953947	-0.220473	0.220473	-0.220473
4	Gm04_18399505	18399505	0.0953947	-0.220473	0.220473	-0.220473
4	Gm04_18399547	18399547	0.0986842	-0.252706	0.252706	-0.252706
4	Gm04_18399788	18399788	0.0953947	-0.220324	0.220324	-0.220324
4	Gm04_18401631	18401631	0.0855263	-0.126566	0.126566	-0.126566
4	Gm04_18401815	18401815	0.0921053	-0.176038	0.176038	-0.176038
4	Gm04_18401827	18401827	0.0921053	-0.176038	0.176038	-0.176038
4	Gm04_18406533	18406533	0.115132	-0.338541	0.338541	-0.338541
4	Gm04_18441860	18441860	0.0559211	0.0850702	-0.0850702	0.0850702
4	Gm04_18441874	18441874	0.0921053	-0.182418	0.182418	-0.182418
4	Gm04_18441881	18441881	0.0921053	-0.182418	0.182418	-0.182418
4	Gm04_18446945	18446945	0.0526316	0.164324	-0.164324	0.164324
4	Gm04_18447782	18447782	0.0559211	0.141921	-0.141921	0.141921
4	Gm04_18458830	18458830	0.0888158	-0.124109	0.124109	-0.124109
4	Gm04_18458853	18458853	0.0888158	-0.124109	0.124109	-0.124109
4	Gm04_18464640	18464640	0.200658	0.150365	-0.150365	0.150365
4	Gm04_18467543	18467543	0.0559211	0.144674	-0.144674	0.144674
4	Gm04_18475277	18475277	0.0921053	-0.147772	0.147772	-0.147772
4	Gm04_18475350	18475350	0.0592105	0.091731	-0.091731	0.091731
4	Gm04_18482213	18482213	0.0921053	-0.142506	0.142506	-0.142506
4	Gm04_18508974	18508974	0.0559211	0.152413	-0.152413	0.152413
4	Gm04_18514292	18514292	0.0921053	-0.142912	0.142912	-0.142912
4	Gm04_18525184	18525184	0.0559211	0.155687	-0.155687	0.155687
4	Gm04_18528378	18528378	0.121711	-0.366686	0.366686	-0.366686
4	Gm04_18528590	18528590	0.0592105	0.103005	-0.103005	0.103005
4	Gm04_18555571	18555571	0.0921053	-0.133003	0.133003	-0.133003
4	Gm04_18565751	18565751	0.0921053	-0.133003	0.133003	-0.133003
4	Gm04_18602336	18602336	0.0592105	0.103639	-0.103639	0.103639
4	Gm04_18606814	18606814	0.0789474	-0.0971828	0.0971828	-0.0971828
4	Gm04_18607180	18607180	0.0789474	-0.0971828	0.0971828	-0.0971828
4	Gm04_18612436	18612436	0.0789474	-0.0964666	0.0964666	-0.0964666
4	Gm04_18630626	18630626	0.0789474	-0.0949347	0.0949347	-0.0949347
4	Gm04_18634480	18634480	0.0822368	-0.134002	0.134002	-0.134002
4	Gm04_18634524	18634524	0.0592105	0.10957	-0.10957	0.10957
4	Gm04_18634702	18634702	0.0822368	-0.142116	0.142116	-0.142116
4	Gm04_18636512	18636512	0.0559211	0.163479	-0.163479	0.163479
4	Gm04_18642842	18642842	0.0822368	-0.140687	0.140687	-0.140687
4	Gm04_18643097	18643097	0.0559211	0.164149	-0.164149	0.164149
4	Gm04_18643757	18643757	0.121711	-0.364288	0.364288	-0.364288
4	Gm04_18646497	18646497	0.0789474	-0.0983129	0.0983129	-0.0983129
4	Gm04_18646656	18646656	0.0789474	-0.0983129	0.0983129	-0.0983129
4	Gm04_18676415	18676415	0.0559211	0.164775	-0.164775	0.164775
4	Gm04_18688751	18688751	0.0888158	-0.206697	0.206697	-0.206697
4	Gm04_18688756	18688756	0.0888158	-0.206697	0.206697	-0.206697
4	Gm04_18695141	18695141	0.0559211	0.167142	-0.167142	0.167142
4	Gm04_18701938	18701938	0.0559211	0.167269	-0.167269	0.167269
4	Gm04_18702300	18702300	0.0559211	0.167269	-0.167269	0.167269
4	Gm04_18708811	18708811	0.0559211	0.167269	-0.167269	0.167269
4	Gm04_18716306	18716306	0.266447	-0.15051	0.15051	-0.15051
4	Gm04_18716702	18716702	0.0592105	-0.0508629	0.0508629	-0.0508629
4	Gm04_18720703	18720703	0.0789474	-0.0710981	0.0710981	-0.0710981
4	Gm04_18720744	18720744	0.0559211	0.195292	-0.195292	0.195292
4	Gm04_18720831	18720831	0.0592105	0.141355	-0.141355	0.141355
4	Gm04_18727550	18727550	0.0559211	0.195485	-0.195485	0.195485
4	Gm04_18739305	18739305	0.0888158	-0.1708	0.1708	-0.1708
4	Gm04_18739594	18739594	0.0855263	-0.134917	0.134917	-0.134917
4	Gm04_18768008	18768008	0.0855263	-0.133344	0.133344	-0.133344
4	Gm04_18775089	18775089	0.296053	-0.272829	0.272829	-0.272829
4	Gm04_18776019	18776019	0.236842	-0.0376994	0.0376994	-0.0376994
4	Gm04_18776517	18776517	0.0559211	0.208984	-0.208984	0.208984
4	Gm04_18795942	18795942	0.292763	-0.256437	0.256437	-0.256437
4	Gm04_18796203	18796203	0.0592105	0.161584	-0.161584	0.161584
4	Gm04_18796927	18796927	0.200658	0.131713	-0.131713	0.131713
4	Gm04_18797280	18797280	0.282895	-0.212762	0.212762	-0.212762
4	Gm04_18798430	18798430	0.282895	-0.211121	0.211121	-0.211121
4	Gm04_18804204	18804204	0.0559211	0.212303	-0.212303	0.212303
4	Gm04_18823407	18823407	0.286184	-0.215691	0.215691	-0.215691
4	Gm04_18835411	18835411	0.292763	-0.239341	0.239341	-0.239341
4	Gm04_18839228	18839228	0.292763	-0.242495	0.242495	-0.242495
4	Gm04_18839321	18839321	0.230263	0.00753118	-0.00753118	0.00753118
4	Gm04_18839365	18839365	0.286184	-0.214943	0.214943	-0.214943
4	Gm04_18839373	18839373	0.286184	-0.214943	0.214943	-0.214943
4	Gm04_18839641	18839641	0.292763	-0.244737	0.244737	-0.244737
4	Gm04_18841224	18841224	0.282895	-0.200971	0.200971	-0.200971
4	Gm04_18844689	18844689	0.292763	-0.242785	0.242785	-0.242785
4	Gm04_18845140	18845140	0.335526	-0.39855	0.39855	-0.39855
4	Gm04_18845147	18845147	0.289474	-0.234895	0.234895	-0.234895
4	Gm04_18845155	18845155	0.289474	-0.234895	0.234895	-0.234895
4	Gm04_18850166	18850166	0.286184	-0.222998	0.222998	-0.222998
4	Gm04_18852826	18852826	0.0559211	0.219373	-0.219373	0.219373
4	Gm04_18853044	18853044	0.279605	-0.19054	0.19054	-0.19054
4	Gm04_18859747	18859747	0.279605	-0.186911	0.186911	-0.186911
4	Gm04_18859752	18859752	0.279605	-0.186911	0.186911	-0.186911
4	Gm04_18862276	18862276	0.286184	-0.214676	0.214676	-0.214676
4	Gm04_18862578	18862578	0.286184	-0.214676	0.214676	-0.214676
4	Gm04_18862585	18862585	0.286184	-0.214676	0.214676	-0.214676
4	Gm04_18890670	18890670	0.289474	-0.227824	0.227824	-0.227824
4	Gm04_18890988	18890988	0.279605	-0.193629	0.193629	-0.193629
4	Gm04_18899926	18899926	0.233553	-0.0125249	0.0125249	-0.0125249
4	Gm04_18900140	18900140	0.292763	-0.242921	0.242921	-0.242921
4	Gm04_18900192	18900192	0.292763	-0.242921	0.242921	-0.242921
4	Gm04_18943239	18943239	0.282895	-0.201477	0.201477	-0.201477
4	Gm04_18943452	18943452	0.286184	-0.215256	0.215256	-0.215256
4	Gm04_18956042	18956042	0.0559211	0.226823	-0.226823	0.226823
4	Gm04_18983876	18983876	0.282895	-0.194631	0.194631	-0.194631
4	Gm04_18992230	18992230	0.286184	-0.208386	0.208386	-0.208386
4	Gm04_19012035	19012035	0.230263	0.00907232	-0.00907232	0.00907232
4	Gm04_19012052	19012052	0.296053	-0.25518	0.25518	-0.25518
4	Gm04_19012370	19012370	0.286184	-0.215513	0.215513	-0.215513
4	Gm04_19013081	19013081	0.279605	-0.190207	0.190207	-0.190207
4	Gm04_19013226	19013226	0.279605	-0.190196	0.190196	-0.190196
4	Gm04_19013268	19013268	0.223684	0.0374018	-0.0374018	0.0374018
4	Gm04_19146392	19146392	0.0822368	-0.104727	0.104727	-0.104727
4	Gm04_19166132	19166132	0.0789474	-0.0659524	0.0659524	-0.0659524
4	Gm04_19184102	19184102	0.0855263	-0.138796	0.138796	-0.138796
4	Gm04_19225663	19225663	0.0822368	-0.0976717	0.0976717	-0.0976717
4	Gm04_19277854	19277854	0.0789474	-0.0561197	0.0561197	-0.0561197
4	Gm04_19280166	19280166	0.0822368	-0.0924276	0.0924276	-0.0924276
4	Gm04_19280328	19280328	0.0822368	-0.0924276	0.0924276	-0.0924276
4	Gm04_19280339	19280339	0.0822368	-0.093623	0.093623	-0.093623
4	Gm04_19280924	19280924	0.0855263	-0.131118	0.131118	-0.131118
4	Gm04_19281158	19281158	0.0888158	-0.165495	0.165495	-0.165495
4	Gm04_19285383	19285383	0.0855263	-0.129805	0.129805	-0.129805
4	Gm04_19285656	19285656	0.0855263	-0.129805	0.129805	-0.129805
4	Gm04_19285672	19285672	0.0822368	-0.0935538	0.0935538	-0.0935538
4	Gm04_19288438	19288438	0.0822368	-0.0917516	0.0917516	-0.0917516
4	Gm04_19288506	19288506	0.0789474	-0.0526215	0.0526215	-0.0526215
4	Gm04_19288574	19288574	0.0789474	-0.0526215	0.0526215	-0.0526215
4	Gm04_19288718	19288718	0.0789474	-0.0526215	0.0526215	-0.0526215
4	Gm04_19294794	19294794	0.0789474	-0.0526215	0.0526215	-0.0526215
4	Gm04_19294819	19294819	0.0789474	-0.0526215	0.0526215	-0.0526215
4	Gm04_19307767	19307767	0.0789474	-0.0512814	0.0512814	-0.0512814
4	Gm04_19320313	19320313	0.0723684	0.00433834	-0.00433834	0.00433834
4	Gm04_19320420	19320420	0.118421	-0.333093	0.333093	-0.333093
4	Gm04_19320715	19320715	0.118421	-0.333093	0.333093	-0.333093
4	Gm04_19320920	19320920	0.0559211	0.195314	-0.195314	0.195314
4	Gm04_19334690	19334690	0.0855263	-0.157772	0.157772	-0.157772
4	Gm04_19335055	19335055	0.0855263	-0.157772	0.157772	-0.157772
4	Gm04_19347202	19347202	0.0789474	-0.0815566	0.0815566	-0.0815566
4	Gm04_19365397	19365397	0.0822368	-0.116592	0.116592	-0.116592
4	Gm04_19365431	19365431	0.0822368	-0.116592	0.116592	-0.116592
4	Gm04_19378515	19378515	0.0822368	-0.116592	0.116592	-0.116592
4	Gm04_19381558	19381558	0.0789474	-0.0786249	0.0786249	-0.0786249
4	Gm04_19381799	19381799	0.0559211	0.201404	-0.201404	0.201404
4	Gm04_19381832	19381832	0.0855263	-0.135091	0.135091	-0.135091
4	Gm04_19381862	19381862	0.0822368	-0.0998223	0.0998223	-0.0998223
4	Gm04_19383823	19383823	0.0789474	-0.0605749	0.0605749	-0.0605749
4	Gm04_19384049	19384049	0.0789474	-0.0587763	0.0587763	-0.0587763
4	Gm04_19386154	19386154	0.0789474	-0.0587763	0.0587763	-0.0587763
4	Gm04_19386167	19386167	0.0822368	-0.0957008	0.0957008	-0.0957008
4	Gm04_19391655	19391655	0.0822368	-0.0963426	0.0963426	-0.0963426
4	Gm04_19391699	19391699	0.0822368	-0.0963426	0.0963426	-0.0963426
4	Gm04_19394758	19394758	0.0789474	-0.057471	0.057471	-0.057471
4	Gm04_19394778	19394778	0.0789474	-0.057471	0.057471	-0.057471
4	Gm04_19394880	19394880	0.0822368	-0.0957119	0.0957119	-0.0957119
4	Gm04_19407589	19407589	0.0822368	-0.0940393	0.0940393	-0.0940393
4	Gm04_19413449	19413449	0.0756579	-0.0208185	0.0208185	-0.0208185
4	Gm04_19414780	19414780	0.0789474	-0.0530183	0.0530183	-0.0530183
4	Gm04_19420152	19420152	0.0822368	-0.0916178	0.0916178	-0.0916178
4	Gm04_19454237	19454237	0.0789474	-0.0513214	0.0513214	-0.0513214
4	Gm04_19469206	19469206	0.0822368	-0.09002	0.09002	-0.09002
4	Gm04_19469240	19469240	0.0822368	-0.09002	0.09002	-0.09002
4	Gm04_19469509	19469509	0.0822368	-0.09002	0.09002	-0.09002
4	Gm04_19471056	19471056	0.0855263	-0.125684	0.125684	-0.125684
4	Gm04_19471292	19471292	0.0822368	-0.0890139	0.0890139	-0.0890139
4	Gm04_19471385	19471385	0.0822368	-0.0890832	0.0890832	-0.0890832
4	Gm04_19471411	19471411	0.0789474	-0.049779	0.049779	-0.049779
4	Gm04_19471425	19471425	0.0789474	-0.049779	0.049779	-0.049779
4	Gm04_19475496	19475496	0.0789474	-0.0476179	0.0476179	-0.0476179
4	Gm04_19475501	19475501	0.0855263	-0.124636	0.124636	-0.124636
4	Gm04_19475772	19475772	0.0789474	-0.0483814	0.0483814	-0.0483814
4	Gm04_19481853	19481853	0.0789474	-0.0483814	0.0483814	-0.0483814
4	Gm04_19481875	19481875	0.0789474	-0.0483814	0.0483814	-0.0483814
4	Gm04_19482040	19482040	0.0789474	-0.0483814	0.0483814	-0.0483814
4	Gm04_19482045	19482045	0.0789474	-0.0483814	0.0483814	-0.0483814
4	Gm04_19500635	19500635	0.0789474	-0.0485985	0.0485985	-0.0485985
4	Gm04_19504913	19504913	0.0789474	-0.0485985	0.0485985	-0.0485985
4	Gm04_19504931	19504931	0.0789474	-0.0485985	0.0485985	-0.0485985
4	Gm04_19522520	19522520	0.0789474	-0.0494186	0.0494186	-0.0494186
4	Gm04_19522549	19522549	0.0789474	-0.0494186	0.0494186	-0.0494186
4	Gm04_19600576	19600576	0.0592105	0.155338	-0.155338	0.155338
4	Gm04_19606269	19606269	0.0723684	-0.0128743	0.0128743	-0.0128743
4	Gm04_19627518	19627518	0.0559211	0.206283	-0.206283	0.206283
4	Gm04_19683427	19683427	0.0756579	-0.0513565	0.0513565	-0.0513565
4	Gm04_19735253	19735253	0.0888158	-0.114729	0.114729	-0.114729
4	Gm04_19743900	19743900	0.115132	-0.326839	0.326839	-0.326839
4	Gm04_19769981	19769981	0.0592105	0.160723	-0.160723	0.160723
4	Gm04_19776909	19776909	0.351974	0.209083	-0.209083	0.209083
4	Gm04_19824483	19824483	0.0592105	0.355943	-0.355943	0.355943
4	Gm04_19826641	19826641	0.296053	0.325532	-0.325532	0.325532
4	Gm04_19840910	19840910	0.0559211	0.404456	-0.404456	0.404456
4	Gm04_19852218	19852218	0.286184	0.477071	-0.477071	0.477071
4	Gm04_19853444	19853444	0.0789474	0.236039	-0.236039	0.236039
4	Gm04_19962302	19962302	0.203947	0.484099	-0.484099	0.484099
4	Gm04_19962544	19962544	0.0592105	0.376355	-0.376355	0.376355
4	Gm04_19977534	19977534	0.0723684	0.221886	-0.221886	0.221886
4	Gm04_20020609	20020609	0.282895	0.437178	-0.437178	0.437178
4	Gm04_20032490	20032490	0.0559211	0.365741	-0.365741	0.365741
4	Gm04_20062616	20062616	0.0723684	0.167659	-0.167659	0.167659
4	Gm04_20081640	20081640	0.101974	-0.0124573	0.0124573	-0.0124573
4	Gm04_20101868	20101868	0.115132	-0.102973	0.102973	-0.102973
4	Gm04_20208630	20208630	0.0559211	0.369601	-0.369601	0.369601
4	Gm04_20209120	20209120	0.0559211	0.362245	-0.362245	0.362245
4	Gm04_20253382	20253382	0.111842	-0.0779959	0.0779959	-0.0779959
4	Gm04_20278001	20278001	0.299342	0.399853	-0.399853	0.399853
4	Gm04_20285952	20285952	0.0592105	0.373094	-0.373094	0.373094
4	Gm04_20356205	20356205	0.0592105	0.368946	-0.368946	0.368946
4	Gm04_20358758	20358758	0.0592105	0.369349	-0.369349	0.369349
4	Gm04_20410518	20410518	0.345395	0.287545	-0.287545	0.287545
4	Gm04_20474217	20474217	0.286184	0.433832	-0.433832	0.433832
4	Gm04_20589662	20589662	0.0723684	0.234497	-0.234497	0.234497
4	Gm04_20640012	20640012	0.0559211	0.427637	-0.427637	0.427637
4	Gm04_20642725	20642725	0.108553	-0.0126035	0.0126035	-0.0126035
4	Gm04_20736157	20736157	0.0625	0.331175	-0.331175	0.331175
4	Gm04_20736520	20736520	0.0559211	0.428716	-0.428716	0.428716
4	Gm04_20736536	20736536	0.493421	0.100287	-0.100287	0.100287
4	Gm04_20882663	20882663	0.0559211	0.409295	-0.409295	0.409295
4	Gm04_20908864	20908864	0.0953947	0.0504851	-0.0504851	0.0504851
4	Gm04_21003231	21003231	0.0559211	0.417361	-0.417361	0.417361
4	Gm04_21009145	21009145	0.101974	0.0579087	-0.0579087	0.0579087
4	Gm04_21009439	21009439	0.101974	0.0579087	-0.0579087	0.0579087
4	Gm04_21013187	21013187	0.203947	0.383977	-0.383977	0.383977
4	Gm04_21079552	21079552	0.134868	-0.173943	0.173943	-0.173943
4	Gm04_21143334	21143334	0.361842	0.183987	-0.183987	0.183987
4	Gm04_25938677	25938677	0.105263	-0.07908	0.07908	-0.07908
4	Gm04_25938750	25938750	0.0657895	0.394775	-0.394775	0.394775
4	Gm04_25970791	25970791	0.0756579	0.0227002	-0.0227002	0.0227002
4	Gm04_25973376	25973376	0.111842	-0.135917	0.135917	-0.135917
4	Gm04_25973405	25973405	0.111842	-0.135917	0.135917	-0.135917
4	Gm04_25973419	25973419	0.111842	-0.135917	0.135917	-0.135917
4	Gm04_25973427	25973427	0.111842	-0.135917	0.135917	-0.135917
4	Gm04_25973633	25973633	0.111842	-0.135917	0.135917	-0.135917
4	Gm04_25973640	25973640	0.111842	-0.135917	0.135917	-0.135917
4	Gm04_26026800	26026800	0.0625	0.10272	-0.10272	0.10272
4	Gm04_26034558	26034558	0.0592105	0.149268	-0.149268	0.149268
4	Gm04_26107922	26107922	0.115132	-0.162054	0.162054	-0.162054
4	Gm04_26152640	26152640	0.0625	0.115743	-0.115743	0.115743
4	Gm04_26162164	26162164	0.0625	0.119125	-0.119125	0.119125
4	Gm04_26184727	26184727	0.115132	-0.135255	0.135255	-0.135255
4	Gm04_26185013	26185013	0.115132	-0.135255	0.135255	-0.135255
4	Gm04_26185025	26185025	0.108553	-0.0887507	0.0887507	-0.0887507
4	Gm04_26248701	26248701	0.240132	0.296306	-0.296306	0.296306
4	Gm04_26300227	26300227	0.325658	0.396575	-0.396575	0.396575
4	Gm04_26300486	26300486	0.0625	0.229363	-0.229363	0.229363
4	Gm04_26302088	26302088	0.0625	0.229363	-0.229363	0.229363
4	Gm04_26304597	26304597	0.0625	0.229363	-0.229363	0.229363
4	Gm04_26437122	26437122	0.0625	0.238977	-0.238977	0.238977
4	Gm04_26477370	26477370	0.111842	-0.018961	0.018961	-0.018961
4	Gm04_26482731	26482731	0.0625	0.242727	-0.242727	0.242727
4	Gm04_26499675	26499675	0.236842	0.364201	-0.364201	0.364201
4	Gm04_26499714	26499714	0.0625	0.191422	-0.191422	0.191422
4	Gm04_26503632	26503632	0.115132	-0.0448387	0.0448387	-0.0448387
4	Gm04_26536564	26536564	0.111842	-0.021589	0.021589	-0.021589
4	Gm04_26626930	26626930	0.111842	-0.0233192	0.0233192	-0.0233192
4	Gm04_26642516	26642516	0.3125	0.343384	-0.343384	0.343384
4	Gm04_26725229	26725229	0.111842	-0.0629457	0.0629457	-0.0629457
4	Gm04_26782371	26782371	0.0526316	0.240961	-0.240961	0.240961
4	Gm04_26810083	26810083	0.0953947	0.00239496	-0.00239496	0.00239496
4	Gm04_26846575	26846575	0.0625	0.130159	-0.130159	0.130159
4	Gm04_26870595	26870595	0.108553	-0.0592908	0.0592908	-0.0592908
4	Gm04_26872598	26872598	0.108553	-0.0594715	0.0594715	-0.0594715
4	Gm04_26886535	26886535	0.111842	-0.0878772	0.0878772	-0.0878772
4	Gm04_26909042	26909042	0.111842	-0.0903672	0.0903672	-0.0903672
4	Gm04_26926690	26926690	0.0921053	0.0485167	-0.0485167	0.0485167
4	Gm04_26927278	26927278	0.108553	-0.0777507	0.0777507	-0.0777507
4	Gm04_26951365	26951365	0.0953947	0.0292872	-0.0292872	0.0292872
4	Gm04_26951856	26951856	0.273026	0.3926	-0.3926	0.3926
4	Gm04_26952047	26952047	0.0559211	0.209707	-0.209707	0.209707
4	Gm04_27120377	27120377	0.315789	0.336178	-0.336178	0.336178
4	Gm04_27123716	27123716	0.111842	-0.053173	0.053173	-0.053173
4	Gm04_27142411	27142411	0.0625	0.21078	-0.21078	0.21078
4	Gm04_27159995	27159995	0.315789	0.333575	-0.333575	0.333575
4	Gm04_27173161	27173161	0.108553	-0.179144	0.179144	-0.179144
4	Gm04_27175564	27175564	0.0625	0.0577401	-0.0577401	0.0577401
4	Gm04_27176528	27176528	0.111842	-0.219641	0.219641	-0.219641
4	Gm04_27183926	27183926	0.0592105	0.106107	-0.106107	0.106107
4	Gm04_27239574	27239574	0.0592105	0.101168	-0.101168	0.101168
4	Gm04_27244332	27244332	0.108553	-0.164197	0.164197	-0.164197
4	Gm04_27289649	27289649	0.111842	-0.198509	0.198509	-0.198509
4	Gm04_27357596	27357596	0.105263	-0.164462	0.164462	-0.164462
4	Gm04_27357725	27357725	0.111842	-0.211462	0.211462	-0.211462
4	Gm04_27362628	27362628	0.108553	-0.182195	0.182195	-0.182195
4	Gm04_27368569	27368569	0.105263	-0.168888	0.168888	-0.168888
4	Gm04_27368819	27368819	0.0592105	0.0804381	-0.0804381	0.0804381
4	Gm04_27369431	27369431	0.111842	-0.237266	0.237266	-0.237266
4	Gm04_27422884	27422884	0.0592105	0.0783448	-0.0783448	0.0783448
4	Gm04_27471048	27471048	0.108553	-0.0821958	0.0821958	-0.0821958
4	Gm04_27506774	27506774	0.108553	-0.0879673	0.0879673	-0.0879673
4	Gm04_27577885	27577885	0.0953947	-0.022084	0.022084	-0.022084
4	Gm04_27581023	27581023	0.0953947	-0.0220849	0.0220849	-0.0220849
4	Gm04_27592619	27592619	0.108553	-0.125927	0.125927	-0.125927
4	Gm04_27597565	27597565	0.111842	-0.155794	0.155794	-0.155794
4	Gm04_27634114	27634114	0.0953947	-0.0265797	0.0265797	-0.0265797
4	Gm04_27643302	27643302	0.0921053	0.00479699	-0.00479699	0.00479699
4	Gm04_27649724	27649724	0.0921053	0.00479699	-0.00479699	0.00479699
4	Gm04_27664132	27664132	0.111842	-0.157427	0.157427	-0.157427
4	Gm04_27670916	27670916	0.279605	0.247565	-0.247565	0.247565
4	Gm04_27715704	27715704	0.0953947	0.0450706	-0.0450706	0.0450706
4	Gm04_27761287	27761287	0.0921053	0.0738705	-0.0738705	0.0738705
4	Gm04_27794668	27794668	0.335526	0.156898	-0.156898	0.156898
4	Gm04_27805462	27805462	0.0921053	0.0811681	-0.0811681	0.0811681
4	Gm04_27814948	27814948	0.0921053	0.0792186	-0.0792186	0.0792186
4	Gm04_27824312	27824312	0.0921053	0.0792186	-0.0792186	0.0792186
4	Gm04_27835823	27835823	0.0921053	0.0792186	-0.0792186	0.0792186
4	Gm04_27836138	27836138	0.115132	-0.0911465	0.0911465	-0.0911465
4	Gm04_27838408	27838408	0.118421	-0.117891	0.117891	-0.117891
4	Gm04_27871025	27871025	0.101974	-0.0628209	0.0628209	-0.0628209
4	Gm04_27876163	27876163	0.118421	-0.147724	0.147724	-0.147724
4	Gm04_27891086	27891086	0.0921053	0.0508379	-0.0508379	0.0508379
4	Gm04_27893009	27893009	0.338816	0.159899	-0.159899	0.159899
4	Gm04_27912967	27912967	0.0921053	-0.0476808	0.0476808	-0.0476808
4	Gm04_27916857	27916857	0.0559211	-0.00145145	0.00145145	-0.00145145
4	Gm04_27928770	27928770	0.0921053	-0.0802376	0.0802376	-0.0802376
4	Gm04_27969248	27969248	0.0986842	-0.144667	0.144667	-0.144667
4	Gm04_28016327	28016327	0.0953947	-0.117707	0.117707	-0.117707
4	Gm04_28016415	28016415	0.115132	-0.267407	0.267407	-0.267407
4	Gm04_28017034	28017034	0.0690789	-0.204167	0.204167	-0.204167
4	Gm04_28044193	28044193	0.0921053	-0.18714	0.18714	-0.18714
4	Gm04_28160658	28160658	0.0690789	-0.0420586	0.0420586	-0.0420586
4	Gm04_30516291	30516291	0.118421	-0.457873	0.457873	-0.457873
4	Gm04_30516594	30516594	0.118421	-0.457873	0.457873	-0.457873
4	Gm04_30516700	30516700	0.115132	-0.431235	0.431235	-0.431235
4	Gm04_30517029	30517029	0.115132	-0.431235	0.431235	-0.431235
4	Gm04_30517058	30517058	0.115132	-0.431235	0.431235	-0.431235
4	Gm04_30517379	30517379	0.115132	-0.431235	0.431235	-0.431235
4	Gm04_30521643	30521643	0.115132	-0.431235	0.431235	-0.431235
4	Gm04_30521870	30521870	0.115132	-0.431235	0.431235	-0.431235
4	Gm04_30523517	30523517	0.0789474	-0.177923	0.177923	-0.177923
4	Gm04_30524956	30524956	0.115132	-0.443468	0.443468	-0.443468
4	Gm04_30537487	30537487	0.0789474	-0.178071	0.178071	-0.178071
4	Gm04_30537576	30537576	0.115132	-0.442821	0.442821	-0.442821
4	Gm04_30542409	30542409	0.115132	-0.442821	0.442821	-0.442821
4	Gm04_30545672	30545672	0.121711	-0.497692	0.497692	-0.497692
4	Gm04_30546136	30546136	0.0789474	-0.177665	0.177665	-0.177665
4	Gm04_30547169	30547169	0.121711	-0.476201	0.476201	-0.476201
4	Gm04_30547178	30547178	0.118421	-0.449271	0.449271	-0.449271
4	Gm04_30547196	30547196	0.118421	-0.449271	0.449271	-0.449271
4	Gm04_30547978	30547978	0.115132	-0.421416	0.421416	-0.421416
4	Gm04_30548004	30548004	0.115132	-0.421416	0.421416	-0.421416
4	Gm04_30548574	30548574	0.115132	-0.421416	0.421416	-0.421416
4	Gm04_30556765	30556765	0.115132	-0.421416	0.421416	-0.421416
4	Gm04_30575875	30575875	0.115132	-0.42505	0.42505	-0.42505
4	Gm04_30577575	30577575	0.115132	-0.42505	0.42505	-0.42505
4	Gm04_30592498	30592498	0.118421	-0.44703	0.44703	-0.44703
4	Gm04_30592519	30592519	0.118421	-0.44703	0.44703	-0.44703
4	Gm04_30617034	30617034	0.0822368	-0.213671	0.213671	-0.213671
4	Gm04_30617205	30617205	0.118421	-0.463556	0.463556	-0.463556
4	Gm04_30617233	30617233	0.118421	-0.463556	0.463556	-0.463556
4	Gm04_30636221	30636221	0.118421	-0.463556	0.463556	-0.463556
4	Gm04_30636293	30636293	0.0822368	-0.213368	0.213368	-0.213368
4	Gm04_30636581	30636581	0.118421	-0.448234	0.448234	-0.448234
4	Gm04_30638267	30638267	0.118421	-0.447869	0.447869	-0.447869
4	Gm04_30638327	30638327	0.121711	-0.471916	0.471916	-0.471916
4	Gm04_30695521	30695521	0.115132	-0.418561	0.418561	-0.418561
4	Gm04_30695550	30695550	0.115132	-0.418561	0.418561	-0.418561
4	Gm04_30721465	30721465	0.118421	-0.444053	0.444053	-0.444053
4	Gm04_30721767	30721767	0.118421	-0.444053	0.444053	-0.444053
4	Gm04_30729200	30729200	0.118421	-0.443184	0.443184	-0.443184
4	Gm04_30738382	30738382	0.0855263	-0.242704	0.242704	-0.242704
4	Gm04_30738586	30738586	0.121711	-0.47504	0.47504	-0.47504
4	Gm04_30738618	30738618	0.118421	-0.46539	0.46539	-0.46539
4	Gm04_30766878	30766878	0.121711	-0.477657	0.477657	-0.477657
4	Gm04_30768884	30768884	0.115132	-0.426385	0.426385	-0.426385
4	Gm04_30807429	30807429	0.115132	-0.421556	0.421556	-0.421556
4	Gm04_30807455	30807455	0.0822368	-0.206323	0.206323	-0.206323
4	Gm04_30807572	30807572	0.115132	-0.428503	0.428503	-0.428503
4	Gm04_30824138	30824138	0.121711	-0.476506	0.476506	-0.476506
4	Gm04_30858422	30858422	0.0855263	-0.232786	0.232786	-0.232786
4	Gm04_30858634	30858634	0.121711	-0.479553	0.479553	-0.479553
4	Gm04_30858640	30858640	0.121711	-0.479553	0.479553	-0.479553
4	Gm04_30858661	30858661	0.121711	-0.479553	0.479553	-0.479553
4	Gm04_30862210	30862210	0.111842	-0.419403	0.419403	-0.419403
4	Gm04_30862215	30862215	0.111842	-0.419403	0.419403	-0.419403
4	Gm04_30862881	30862881	0.121711	-0.484021	0.484021	-0.484021
4	Gm04_30862918	30862918	0.121711	-0.484021	0.484021	-0.484021
4	Gm04_30925019	30925019	0.0822368	-0.197284	0.197284	-0.197284
4	Gm04_30925037	30925037	0.115132	-0.434177	0.434177	-0.434177
4	Gm04_30925208	30925208	0.118421	-0.452709	0.452709	-0.452709
4	Gm04_30931193	30931193	0.128289	-0.522924	0.522924	-0.522924
4	Gm04_30933610	30933610	0.111842	-0.422471	0.422471	-0.422471
4	Gm04_30933901	30933901	0.108553	-0.402588	0.402588	-0.402588
4	Gm04_30933909	30933909	0.108553	-0.402588	0.402588	-0.402588
4	Gm04_30936068	30936068	0.121711	-0.495302	0.495302	-0.495302
4	Gm04_30941587	30941587	0.111842	-0.430298	0.430298	-0.430298
4	Gm04_30941593	30941593	0.111842	-0.430298	0.430298	-0.430298
4	Gm04_30941634	30941634	0.111842	-0.430298	0.430298	-0.430298
4	Gm04_30954314	30954314	0.118421	-0.471402	0.471402	-0.471402
4	Gm04_30961098	30961098	0.118421	-0.471402	0.471402	-0.471402
4	Gm04_30961304	30961304	0.0789474	-0.202609	0.202609	-0.202609
4	Gm04_31043644	31043644	0.101974	-0.358995	0.358995	-0.358995
4	Gm04_31043694	31043694	0.101974	-0.358995	0.358995	-0.358995
4	Gm04_31087072	31087072	0.111842	-0.43004	0.43004	-0.43004
4	Gm04_31087282	31087282	0.111842	-0.43004	0.43004	-0.43004
4	Gm04_31087346	31087346	0.111842	-0.43004	0.43004	-0.43004
4	Gm04_31157510	31157510	0.115132	-0.423277	0.423277	-0.423277
4	Gm04_31179730	31179730	0.115132	-0.417043	0.417043	-0.417043
4	Gm04_31179742	31179742	0.115132	-0.417043	0.417043	-0.417043
4	Gm04_31185408	31185408	0.115132	-0.416979	0.416979	-0.416979
4	Gm04_31185590	31185590	0.115132	-0.417004	0.417004	-0.417004
4	Gm04_31185605	31185605	0.118421	-0.442772	0.442772	-0.442772
4	Gm04_31204272	31204272	0.105263	-0.344367	0.344367	-0.344367
4	Gm04_31204307	31204307	0.105263	-0.344367	0.344367	-0.344367
4	Gm04_31211492	31211492	0.118421	-0.428158	0.428158	-0.428158
4	Gm04_31211709	31211709	0.118421	-0.428108	0.428108	-0.428108
4	Gm04_31238955	31238955	0.115132	-0.396678	0.396678	-0.396678
4	Gm04_31238983	31238983	0.115132	-0.396678	0.396678	-0.396678
4	Gm04_31239006	31239006	0.0789474	-0.17497	0.17497	-0.17497
4	Gm04_31239225	31239225	0.115132	-0.427964	0.427964	-0.427964
4	Gm04_31245334	31245334	0.118421	-0.455153	0.455153	-0.455153
4	Gm04_31267795	31267795	0.115132	-0.428393	0.428393	-0.428393
4	Gm04_31267802	31267802	0.115132	-0.428393	0.428393	-0.428393
4	Gm04_31274117	31274117	0.115132	-0.429829	0.429829	-0.429829
4	Gm04_31274412	31274412	0.0789474	-0.177687	0.177687	-0.177687
4	Gm04_31274452	31274452	0.115132	-0.424264	0.424264	-0.424264
4	Gm04_31276841	31276841	0.118421	-0.452198	0.452198	-0.452198
4	Gm04_31276931	31276931	0.115132	-0.424288	0.424288	-0.424288
4	Gm04_31276985	31276985	0.115132	-0.424288	0.424288	-0.424288
4	Gm04_31310235	31310235	0.115132	-0.418429	0.418429	-0.418429
4	Gm04_31310240	31310240	0.115132	-0.418429	0.418429	-0.418429
4	Gm04_31310267	31310267	0.115132	-0.418429	0.418429	-0.418429
4	Gm04_31322090	31322090	0.118421	-0.44684	0.44684	-0.44684
4	Gm04_31322105	31322105	0.118421	-0.44684	0.44684	-0.44684
4	Gm04_31363450	31363450	0.0789474	-0.175511	0.175511	-0.175511
4	Gm04_31363701	31363701	0.0789474	-0.175511	0.175511	-0.175511
4	Gm04_31363712	31363712	0.0789474	-0.175511	0.175511	-0.175511
4	Gm04_31364623	31364623	0.115132	-0.428399	0.428399	-0.428399
4	Gm04_31365131	31365131	0.121711	-0.482355	0.482355	-0.482355
4	Gm04_31365181	31365181	0.121711	-0.482355	0.482355	-0.482355
4	Gm04_31365529	31365529	0.118421	-0.455142	0.455142	-0.455142
4	Gm04_31365587	31365587	0.118421	-0.455142	0.455142	-0.455142
4	Gm04_31412311	31412311	0.115132	-0.420313	0.420313	-0.420313
4	Gm04_31412394	31412394	0.118421	-0.447492	0.447492	-0.447492
4	Gm04_31412437	31412437	0.118421	-0.447492	0.447492	-0.447492
4	Gm04_31412662	31412662	0.118421	-0.447492	0.447492	-0.447492
4	Gm04_31412683	31412683	0.118421	-0.447492	0.447492	-0.447492
4	Gm04_31412689	31412689	0.118421	-0.447492	0.447492	-0.447492
4	Gm04_31422712	31422712	0.0789474	-0.167328	0.167328	-0.167328
4	Gm04_31463615	31463615	0.0822368	-0.209918	0.209918	-0.209918
4	Gm04_31463630	31463630	0.115132	-0.434526	0.434526	-0.434526
4	Gm04_31463910	31463910	0.0822368	-0.209664	0.209664	-0.209664
4	Gm04_31467274	31467274	0.0789474	-0.170474	0.170474	-0.170474
4	Gm04_31467444	31467444	0.115132	-0.431504	0.431504	-0.431504
4	Gm04_31471397	31471397	0.118421	-0.459299	0.459299	-0.459299
4	Gm04_31471563	31471563	0.118421	-0.459299	0.459299	-0.459299
4	Gm04_31472553	31472553	0.115132	-0.431413	0.431413	-0.431413
4	Gm04_31472578	31472578	0.115132	-0.431413	0.431413	-0.431413
4	Gm04_31474607	31474607	0.0822368	-0.209546	0.209546	-0.209546
4	Gm04_31474900	31474900	0.0822368	-0.209546	0.209546	-0.209546
4	Gm04_31475310	31475310	0.118421	-0.430424	0.430424	-0.430424
4	Gm04_31475353	31475353	0.118421	-0.430424	0.430424	-0.430424
4	Gm04_31476103	31476103	0.121711	-0.457047	0.457047	-0.457047
4	Gm04_31476146	31476146	0.121711	-0.457047	0.457047	-0.457047
4	Gm04_31511130	31511130	0.111842	-0.397907	0.397907	-0.397907
4	Gm04_31511164	31511164	0.115132	-0.415461	0.415461	-0.415461
4	Gm04_31511179	31511179	0.115132	-0.415461	0.415461	-0.415461
4	Gm04_31511513	31511513	0.115132	-0.415461	0.415461	-0.415461
4	Gm04_31511522	31511522	0.115132	-0.415461	0.415461	-0.415461
4	Gm04_31563642	31563642	0.115132	-0.414101	0.414101	-0.414101
4	Gm04_31568849	31568849	0.121711	-0.468754	0.468754	-0.468754
4	Gm04_31569180	31569180	0.111842	-0.407063	0.407063	-0.407063
4	Gm04_31610334	31610334	0.118421	-0.452189	0.452189	-0.452189
4	Gm04_31610386	31610386	0.118421	-0.452189	0.452189	-0.452189
4	Gm04_31610493	31610493	0.118421	-0.452189	0.452189	-0.452189
4	Gm04_31610537	31610537	0.118421	-0.452189	0.452189	-0.452189
4	Gm04_31610553	31610553	0.118421	-0.452189	0.452189	-0.452189
4	Gm04_31612177	31612177	0.0855263	-0.279025	0.279025	-0.279025
4	Gm04_31612337	31612337	0.121711	-0.500623	0.500623	-0.500623
4	Gm04_31612353	31612353	0.121711	-0.500623	0.500623	-0.500623
4	Gm04_31612365	31612365	0.121711	-0.500623	0.500623	-0.500623
4	Gm04_31662101	31662101	0.118421	-0.490205	0.490205	-0.490205
4	Gm04_31662109	31662109	0.0822368	-0.266331	0.266331	-0.266331
4	Gm04_31662900	31662900	0.121711	-0.526568	0.526568	-0.526568
4	Gm04_31663277	31663277	0.0855263	-0.301046	0.301046	-0.301046
4	Gm04_31668603	31668603	0.0855263	-0.301046	0.301046	-0.301046
4	Gm04_31689528	31689528	0.115132	-0.470927	0.470927	-0.470927
4	Gm04_31689906	31689906	0.0756579	-0.207919	0.207919	-0.207919
4	Gm04_31689916	31689916	0.115132	-0.485966	0.485966	-0.485966
4	Gm04_31689933	31689933	0.0789474	-0.243361	0.243361	-0.243361
4	Gm04_31696830	31696830	0.108553	-0.431404	0.431404	-0.431404
4	Gm04_31697362	31697362	0.115132	-0.488326	0.488326	-0.488326
4	Gm04_31697426	31697426	0.0789474	-0.249705	0.249705	-0.249705
4	Gm04_31697528	31697528	0.0789474	-0.250233	0.250233	-0.250233
4	Gm04_31697563	31697563	0.0789474	-0.250233	0.250233	-0.250233
4	Gm04_31877706	31877706	0.0822368	-0.268348	0.268348	-0.268348
4	Gm04_31880541	31880541	0.0789474	-0.233024	0.233024	-0.233024
4	Gm04_31900137	31900137	0.0789474	-0.232002	0.232002	-0.232002
4	Gm04_31900173	31900173	0.0789474	-0.232002	0.232002	-0.232002
4	Gm04_31900354	31900354	0.0789474	-0.232002	0.232002	-0.232002
4	Gm04_31900361	31900361	0.115132	-0.461618	0.461618	-0.461618
4	Gm04_31900407	31900407	0.0526316	-0.0210415	0.0210415	-0.0210415
4	Gm04_31932904	31932904	0.101974	-0.434782	0.434782	-0.434782
4	Gm04_31947744	31947744	0.0526316	-0.0153392	0.0153392	-0.0153392
4	Gm04_31947750	31947750	0.118421	-0.454011	0.454011	-0.454011
4	Gm04_31979149	31979149	0.118421	-0.45975	0.45975	-0.45975
4	Gm04_31979334	31979334	0.0855263	-0.272187	0.272187	-0.272187
4	Gm04_32000489	32000489	0.0789474	-0.198586	0.198586	-0.198586
4	Gm04_32012619	32012619	0.0855263	-0.273506	0.273506	-0.273506
4	Gm04_32012627	32012627	0.0855263	-0.273506	0.273506	-0.273506
4	Gm04_32012670	32012670	0.0855263	-0.273506	0.273506	-0.273506
4	Gm04_32016948	32016948	0.0855263	-0.273506	0.273506	-0.273506
4	Gm04_32017214	32017214	0.0822368	-0.236858	0.236858	-0.236858
4	Gm04_32051217	32051217	0.115132	-0.432063	0.432063	-0.432063
4	Gm04_32065908	32065908	0.0789474	-0.194347	0.194347	-0.194347
4	Gm04_32080692	32080692	0.121711	-0.471207	0.471207	-0.471207
4	Gm04_32080717	32080717	0.121711	-0.471207	0.471207	-0.471207
4	Gm04_32111090	32111090	0.115132	-0.416824	0.416824	-0.416824
4	Gm04_32146822	32146822	0.0789474	-0.193734	0.193734	-0.193734
4	Gm04_32150519	32150519	0.0756579	-0.17156	0.17156	-0.17156
4	Gm04_32150557	32150557	0.111842	-0.425523	0.425523	-0.425523
4	Gm04_32150563	32150563	0.0756579	-0.172037	0.172037	-0.172037
4	Gm04_32174656	32174656	0.0822368	-0.242051	0.242051	-0.242051
4	Gm04_32174808	32174808	0.0822368	-0.242051	0.242051	-0.242051
4	Gm04_32185453	32185453	0.115132	-0.440817	0.440817	-0.440817
4	Gm04_32185487	32185487	0.0789474	-0.200819	0.200819	-0.200819
4	Gm04_32185646	32185646	0.115132	-0.429076	0.429076	-0.429076
4	Gm04_32266166	32266166	0.0657895	0.178833	-0.178833	0.178833
4	Gm04_32273446	32273446	0.0756579	-0.140465	0.140465	-0.140465
4	Gm04_32273750	32273750	0.0756579	-0.140465	0.140465	-0.140465
4	Gm04_32273770	32273770	0.0756579	-0.140465	0.140465	-0.140465
4	Gm04_32288244	32288244	0.0723684	-0.372478	0.372478	-0.372478
4	Gm04_32288446	32288446	0.0723684	-0.372478	0.372478	-0.372478
4	Gm04_32321229	32321229	0.125	-0.00910621	0.00910621	-0.00910621
4	Gm04_32387380	32387380	0.0789474	-0.231982	0.231982	-0.231982
4	Gm04_32387428	32387428	0.111842	-0.429257	0.429257	-0.429257
4	Gm04_32393062	32393062	0.0789474	-0.232089	0.232089	-0.232089
4	Gm04_32393087	32393087	0.0789474	-0.232089	0.232089	-0.232089
4	Gm04_32393127	32393127	0.0789474	-0.232089	0.232089	-0.232089
4	Gm04_32393310	32393310	0.0789474	-0.232089	0.232089	-0.232089
4	Gm04_32394074	32394074	0.111842	-0.424851	0.424851	-0.424851
4	Gm04_32434684	32434684	0.115132	-0.443002	0.443002	-0.443002
4	Gm04_32434715	32434715	0.118421	-0.470221	0.470221	-0.470221
4	Gm04_32435865	32435865	0.0822368	-0.27236	0.27236	-0.27236
4	Gm04_32436190	32436190	0.0953947	-0.419505	0.409297	-0.409297
4	Gm04_32436242	32436242	0.115132	-0.453232	0.453232	-0.453232
4	Gm04_32436271	32436271	0.115132	-0.453232	0.453232	-0.453232
4	Gm04_32436310	32436310	0.115132	-0.453232	0.453232	-0.453232
4	Gm04_32436573	32436573	0.0855263	-0.308575	0.308575	-0.308575
4	Gm04_32436584	32436584	0.121711	-0.501729	0.501729	-0.501729
4	Gm04_32436618	32436618	0.121711	-0.501729	0.501729	-0.501729
4	Gm04_32444086	32444086	0.115132	-0.448891	0.448891	-0.448891
4	Gm04_32444133	32444133	0.0789474	-0.23413	0.23413	-0.23413
4	Gm04_32444282	32444282	0.0789474	-0.23413	0.23413	-0.23413
4	Gm04_32444361	32444361	0.0789474	-0.23413	0.23413	-0.23413
4	Gm04_32444613	32444613	0.115132	-0.431935	0.431935	-0.431935
4	Gm04_32508705	32508705	0.0756579	0.00624172	-0.00624172	0.00624172
4	Gm04_32523854	32523854	0.111842	-0.458121	0.458121	-0.458121
4	Gm04_32526322	32526322	0.0592105	-0.242571	0.242571	-0.242571
4	Gm04_32530103	32530103	0.0789474	-0.189278	0.189278	-0.189278
4	Gm04_32530120	32530120	0.0756579	-0.148812	0.148812	-0.148812
4	Gm04_32547025	32547025	0.0690789	-0.0425922	0.0425922	-0.0425922
4	Gm04_32547037	32547037	0.0723684	-0.0553976	0.0553976	-0.0553976
4	Gm04_32547042	32547042	0.0723684	-0.0553976	0.0553976	-0.0553976
4	Gm04_32547190	32547190	0.0723684	-0.0553976	0.0553976	-0.0553976
4	Gm04_32553228	32553228	0.0789474	-0.0886475	0.0886475	-0.0886475
4	Gm04_32553302	32553302	0.0789474	-0.0886475	0.0886475	-0.0886475
4	Gm04_32553402	32553402	0.0789474	-0.0886475	0.0886475	-0.0886475
4	Gm04_32553416	32553416	0.0789474	-0.0886475	0.0886475	-0.0886475
4	Gm04_32553434	32553434	0.0789474	-0.0886475	0.0886475	-0.0886475
4	Gm04_32572462	32572462	0.154605	-0.464144	0.464144	-0.464144
4	Gm04_32572638	32572638	0.154605	-0.464144	0.464144	-0.464144
4	Gm04_32572669	32572669	0.154605	-0.464144	0.464144	-0.464144
4	Gm04_32620881	32620881	0.0789474	-0.0777252	0.0777252	-0.0777252
4	Gm04_32620924	32620924	0.0789474	-0.0777252	0.0777252	-0.0777252
4	Gm04_32620938	32620938	0.115132	-0.31583	0.31583	-0.31583
4	Gm04_32621101	32621101	0.0789474	-0.0775952	0.0775952	-0.0775952
4	Gm04_32630914	32630914	0.0789474	-0.0775952	0.0775952	-0.0775952
4	Gm04_32631079	32631079	0.115132	-0.277683	0.277683	-0.277683
4	Gm04_32631088	32631088	0.282895	0.258577	-0.258577	0.258577
4	Gm04_32634509	32634509	0.118421	-0.200446	0.200446	-0.200446
4	Gm04_32676883	32676883	0.118421	-0.197058	0.197058	-0.197058
4	Gm04_32677091	32677091	0.118421	-0.197058	0.197058	-0.197058
4	Gm04_32697431	32697431	0.118421	-0.195269	0.195269	-0.195269
4	Gm04_32697447	32697447	0.118421	-0.195269	0.195269	-0.195269
4	Gm04_32714247	32714247	0.108553	-0.130238	0.130238	-0.130238
4	Gm04_32714748	32714748	0.282895	0.253266	-0.253266	0.253266
4	Gm04_32733359	32733359	0.0822368	-0.154651	0.154651	-0.154651
4	Gm04_32733535	32733535	0.0822368	-0.154651	0.154651	-0.154651
4	Gm04_32733587	32733587	0.118421	-0.37415	0.37415	-0.37415
4	Gm04_32773890	32773890	0.0822368	-0.165002	0.165002	-0.165002
4	Gm04_32773912	32773912	0.0822368	-0.165002	0.165002	-0.165002
4	Gm04_32794451	32794451	0.121711	-0.395604	0.395604	-0.395604
4	Gm04_32815951	32815951	0.0822368	-0.164427	0.164427	-0.164427
4	Gm04_32818829	32818829	0.0822368	-0.164427	0.164427	-0.164427
4	Gm04_32834257	32834257	0.121711	-0.401115	0.401115	-0.401115
4	Gm04_32866190	32866190	0.0822368	-0.166637	0.166637	-0.166637
4	Gm04_32883228	32883228	0.0756579	-0.116552	0.116552	-0.116552
4	Gm04_32883284	32883284	0.0756579	-0.116552	0.116552	-0.116552
4	Gm04_32885338	32885338	0.0756579	-0.116552	0.116552	-0.116552
4	Gm04_32885373	32885373	0.115132	-0.374314	0.374314	-0.374314
4	Gm04_32885642	32885642	0.0789474	-0.14926	0.14926	-0.14926
4	Gm04_32925101	32925101	0.118421	-0.378338	0.378338	-0.378338
4	Gm04_32925122	32925122	0.118421	-0.378338	0.378338	-0.378338
4	Gm04_32925257	32925257	0.115132	-0.351692	0.351692	-0.351692
4	Gm04_32929587	32929587	0.118421	-0.378616	0.378616	-0.378616
4	Gm04_32970946	32970946	0.105263	-0.310602	0.310602	-0.310602
4	Gm04_32970980	32970980	0.101974	-0.280692	0.280692	-0.280692
4	Gm04_32971219	32971219	0.105263	-0.294609	0.294609	-0.294609
4	Gm04_32993906	32993906	0.0789474	-0.15697	0.15697	-0.15697
4	Gm04_32995882	32995882	0.0822368	-0.195963	0.195963	-0.195963
4	Gm04_32999395	32999395	0.115132	-0.375661	0.375661	-0.375661
4	Gm04_33002734	33002734	0.115132	-0.375098	0.375098	-0.375098
4	Gm04_33002805	33002805	0.0789474	-0.155561	0.155561	-0.155561
4	Gm04_33003098	33003098	0.115132	-0.366202	0.366202	-0.366202
4	Gm04_33003158	33003158	0.115132	-0.366202	0.366202	-0.366202
4	Gm04_33003176	33003176	0.115132	-0.366202	0.366202	-0.366202
4	Gm04_33003367	33003367	0.115132	-0.366202	0.366202	-0.366202
4	Gm04_33025450	33025450	0.118421	-0.392905	0.392905	-0.392905
4	Gm04_33025478	33025478	0.118421	-0.392905	0.392905	-0.392905
4	Gm04_33025640	33025640	0.0789474	-0.154888	0.154888	-0.154888
4	Gm04_33025646	33025646	0.115132	-0.372518	0.372518	-0.372518
4	Gm04_33034380	33034380	0.115132	-0.374818	0.374818	-0.374818
4	Gm04_33034400	33034400	0.118421	-0.402856	0.402856	-0.402856
4	Gm04_33034541	33034541	0.0789474	-0.158125	0.158125	-0.158125
4	Gm04_33034586	33034586	0.115132	-0.375082	0.375082	-0.375082
4	Gm04_33034604	33034604	0.118421	-0.399537	0.399537	-0.399537
4	Gm04_33050857	33050857	0.0822368	-0.193299	0.193299	-0.193299
4	Gm04_33051978	33051978	0.111842	-0.347288	0.347288	-0.347288
4	Gm04_33053308	33053308	0.115132	-0.372227	0.372227	-0.372227
4	Gm04_33055249	33055249	0.115132	-0.372227	0.372227	-0.372227
4	Gm04_33056642	33056642	0.115132	-0.372227	0.372227	-0.372227
4	Gm04_33069536	33069536	0.0789474	-0.164871	0.164871	-0.164871
4	Gm04_33069782	33069782	0.0789474	-0.164871	0.164871	-0.164871
4	Gm04_33072285	33072285	0.0855263	-0.239456	0.239456	-0.239456
4	Gm04_33101793	33101793	0.0723684	-0.0930321	0.0930321	-0.0930321
4	Gm04_33106396	33106396	0.0756579	-0.125581	0.125581	-0.125581
4	Gm04_33122100	33122100	0.0789474	-0.157965	0.157965	-0.157965
4	Gm04_33123396	33123396	0.0789474	-0.185916	0.185916	-0.185916
4	Gm04_33123409	33123409	0.0789474	-0.185916	0.185916	-0.185916
4	Gm04_33125975	33125975	0.0921053	-0.323807	0.323807	-0.323807
4	Gm04_33126009	33126009	0.101974	-0.414467	0.414467	-0.414467
4	Gm04_33126255	33126255	0.101974	-0.414467	0.414467	-0.414467
4	Gm04_33126296	33126296	0.0921053	-0.322861	0.322861	-0.322861
4	Gm04_33145158	33145158	0.0789474	-0.205166	0.205166	-0.205166
4	Gm04_33151101	33151101	0.0756579	-0.164312	0.164312	-0.164312
4	Gm04_33152120	33152120	0.0789474	-0.197273	0.197273	-0.197273
4	Gm04_33181005	33181005	0.0822368	-0.232846	0.232846	-0.232846
4	Gm04_33181013	33181013	0.0822368	-0.232846	0.232846	-0.232846
4	Gm04_37364829	37364829	0.118421	0.335733	-0.335733	0.335733
4	Gm04_37389186	37389186	0.0592105	0.0637981	-0.0637981	0.0637981
4	Gm04_37389207	37389207	0.0592105	0.0637981	-0.0637981	0.0637981
4	Gm04_37391175	37391175	0.118421	0.334492	-0.334492	0.334492
4	Gm04_37391223	37391223	0.0592105	0.0654142	-0.0654142	0.0654142
4	Gm04_37391252	37391252	0.0592105	0.0654142	-0.0654142	0.0654142
4	Gm04_37392204	37392204	0.253289	-0.189625	0.189625	-0.189625
4	Gm04_37395899	37395899	0.171053	0.22109	-0.22109	0.22109
4	Gm04_37451252	37451252	0.0592105	0.182252	-0.182252	0.182252
4	Gm04_37451279	37451279	0.0592105	0.182252	-0.182252	0.182252
4	Gm04_37457779	37457779	0.0592105	0.182252	-0.182252	0.182252
4	Gm04_37458034	37458034	0.0592105	0.182252	-0.182252	0.182252
4	Gm04_37460591	37460591	0.0592105	0.182252	-0.182252	0.182252
4	Gm04_37463733	37463733	0.0592105	0.182252	-0.182252	0.182252
4	Gm04_37465910	37465910	0.0592105	0.182252	-0.182252	0.182252
4	Gm04_37465970	37465970	0.0625	0.132749	-0.132749	0.132749
4	Gm04_37471630	37471630	0.447368	-0.567166	0.567166	-0.567166
4	Gm04_37471685	37471685	0.0592105	0.147526	-0.147526	0.147526
4	Gm04_37471879	37471879	0.184211	-0.101387	0.101387	-0.101387
4	Gm04_37476057	37476057	0.0592105	0.147267	-0.147267	0.147267
4	Gm04_37496460	37496460	0.115132	0.302948	-0.302948	0.302948
4	Gm04_37496487	37496487	0.115132	0.310254	-0.310254	0.310254
4	Gm04_37499124	37499124	0.0888158	-0.176039	0.176039	-0.176039
4	Gm04_37499453	37499453	0.0888158	-0.176039	0.176039	-0.176039
4	Gm04_37502470	37502470	0.0592105	0.134647	-0.134647	0.134647
4	Gm04_39795480	39795480	0.0756579	0.472095	-0.472095	0.472095
4	Gm04_39795502	39795502	0.0756579	0.472095	-0.472095	0.472095
4	Gm04_39826610	39826610	0.213816	-0.0463359	0.0463359	-0.0463359
4	Gm04_39826829	39826829	0.0756579	0.475093	-0.475093	0.475093
4	Gm04_39836185	39836185	0.0756579	0.477971	-0.477971	0.477971
4	Gm04_39837929	39837929	0.213816	-0.0481894	0.0481894	-0.0481894
4	Gm04_39849194	39849194	0.0756579	0.470147	-0.470147	0.470147
4	Gm04_39849428	39849428	0.0756579	0.470147	-0.470147	0.470147
4	Gm04_39856192	39856192	0.0756579	0.470147	-0.470147	0.470147
4	Gm04_39876016	39876016	0.0756579	0.474599	-0.474599	0.474599
4	Gm04_39876104	39876104	0.138158	0.241752	-0.241752	0.241752
4	Gm04_39926888	39926888	0.0756579	0.486059	-0.486059	0.486059
4	Gm04_39926928	39926928	0.0756579	0.486059	-0.486059	0.486059
4	Gm04_39927266	39927266	0.134868	0.258031	-0.258031	0.258031
4	Gm04_39962456	39962456	0.131579	0.271563	-0.271563	0.271563
4	Gm04_39987192	39987192	0.0723684	0.524785	-0.524785	0.524785
4	Gm04_39994995	39994995	0.0756579	0.487618	-0.487618	0.487618
4	Gm04_40003402	40003402	0.0756579	0.487505	-0.487505	0.487505
4	Gm04_40003435	40003435	0.134868	0.258659	-0.258659	0.258659
4	Gm04_40003682	40003682	0.0756579	0.493209	-0.493209	0.493209
4	Gm04_40003712	40003712	0.118421	0.368267	-0.368267	0.368267
4	Gm04_40004542	40004542	0.0756579	0.48603	-0.48603	0.48603
4	Gm04_40004603	40004603	0.0756579	0.48603	-0.48603	0.48603
4	Gm04_40015538	40015538	0.0756579	0.48819	-0.48819	0.48819
4	Gm04_40016491	40016491	0.0756579	0.487134	-0.487134	0.487134
4	Gm04_40024667	40024667	0.381579	0.186569	-0.186569	0.186569
4	Gm04_40167695	40167695	0.463816	0.0336427	-0.0336427	0.0336427
4	Gm04_40180761	40180761	0.401316	0.349828	-0.349828	0.349828
4	Gm04_40181267	40181267	0.115132	0.39947	-0.39947	0.39947
4	Gm04_40187715	40187715	0.453947	0.0777392	-0.0777392	0.0777392
4	Gm04_40239652	40239652	0.141447	0.198263	-0.198263	0.198263
4	Gm04_40239874	40239874	0.141447	0.198263	-0.198263	0.198263
4	Gm04_40248081	40248081	0.134868	0.243778	-0.243778	0.243778
4	Gm04_40274553	40274553	0.118421	0.321081	-0.321081	0.321081
4	Gm04_40309913	40309913	0.398026	0.337612	-0.337612	0.337612
4	Gm04_40310214	40310214	0.398026	0.337612	-0.337612	0.337612
4	Gm04_40332799	40332799	0.144737	0.191119	-0.191119	0.191119
4	Gm04_40340090	40340090	0.144737	0.192093	-0.192093	0.192093
4	Gm04_40363688	40363688	0.457237	0.0963169	-0.0963169	0.0963169
4	Gm04_40364937	40364937	0.144737	0.202327	-0.202327	0.202327
4	Gm04_40374546	40374546	0.141447	0.225492	-0.225492	0.225492
4	Gm04_40374565	40374565	0.141447	0.225492	-0.225492	0.225492
4	Gm04_40378340	40378340	0.141447	0.225741	-0.225741	0.225741
4	Gm04_40378363	40378363	0.398026	0.327794	-0.327794	0.327794
4	Gm04_40379507	40379507	0.134868	0.261025	-0.261025	0.261025
4	Gm04_40379901	40379901	0.131579	0.283496	-0.283496	0.283496
4	Gm04_40380597	40380597	0.138158	0.247901	-0.247901	0.247901
4	Gm04_47102466	47102466	0.164474	-0.25661	0.25661	-0.25661
4	Gm04_47102658	47102658	0.131579	-0.0595531	0.0595531	-0.0595531
