chr	id	pos	gpos	p1	ihh1	p2	ihh2	xpehh
5	Gm05_7861223	7861223	7.86122	0.0461538	0.478148	0.0789474	0.373949	0.10675
5	Gm05_7862889	7862889	7.86289	0.0461538	0.478148	0.0921053	0.371042	0.11014
5	Gm05_7951533	7951533	7.95153	0.0615385	0.472849	0.0789474	0.386923	0.0870975
5	Gm05_7988726	7988726	7.98873	0.0615385	0.473766	0.0789474	0.392849	0.0813386
5	Gm05_7988773	7988773	7.98877	0.0615385	0.473766	0.0789474	0.392849	0.0813386
5	Gm05_7988886	7988886	7.98889	0.0615385	0.473766	0.0789474	0.392849	0.0813386
5	Gm05_7993347	7993347	7.99335	0.0769231	0.473426	0.0789474	0.392849	0.0810266
5	Gm05_8004022	8004022	8.00402	0.0769231	0.463725	0.0921053	0.393361	0.071469
5	Gm05_8032322	8032322	8.03232	0.0923077	0.457834	0.0921053	0.394437	0.0647299
5	Gm05_8032346	8032346	8.03235	0.0923077	0.457834	0.0921053	0.394437	0.0647299
5	Gm05_8044956	8044956	8.04496	0.0153846	0.472383	0.0921053	0.400571	0.0716148
5	Gm05_8051007	8051007	8.05101	0.0615385	0.465838	0.0921053	0.400571	0.0655556
5	Gm05_8051315	8051315	8.05132	0.0615385	0.465838	0.0921053	0.400571	0.0655556
5	Gm05_8056191	8056191	8.05619	0.0615385	0.465838	0.0921053	0.400571	0.0655556
5	Gm05_8056376	8056376	8.05638	0.0615385	0.465838	0.0921053	0.400571	0.0655556
5	Gm05_8091323	8091323	8.09132	0.0615385	0.466478	0.0921053	0.397776	0.069193
5	Gm05_8107119	8107119	8.10712	0.0615385	0.466957	0.0921053	0.398757	0.068569
5	Gm05_8107147	8107147	8.10715	0.0615385	0.466957	0.0921053	0.398757	0.068569
5	Gm05_8149446	8149446	8.14945	0.107692	0.459681	0.0921053	0.407824	0.0519835
5	Gm05_8149459	8149459	8.14946	0.107692	0.459681	0.0921053	0.407824	0.0519835
5	Gm05_8162286	8162286	8.16229	0.0615385	0.466895	0.0921053	0.405029	0.0617337
5	Gm05_8169971	8169971	8.16997	0.0615385	0.466895	0.0921053	0.405029	0.0617337
5	Gm05_8174502	8174502	8.1745	0.0615385	0.461819	0.0921053	0.402993	0.0591741
5	Gm05_8191002	8191002	8.191	0.0615385	0.461819	0.0921053	0.402993	0.0591741
5	Gm05_8210381	8210381	8.21038	0.138462	0.392766	0.657895	0.31053	0.10203
5	Gm05_8254520	8254520	8.25452	0.0307692	0.399688	0.0921053	0.369669	0.033908
5	Gm05_8254564	8254564	8.25456	0.0307692	0.399688	0.0921053	0.369669	0.033908
5	Gm05_8255361	8255361	8.25536	0.0307692	0.399688	0.0921053	0.369669	0.033908
5	Gm05_25686793	25686793	25.6868	0.169231	0.836689	0.0526316	0.751234	0.0467889
5	Gm05_25688631	25688631	25.6886	0.169231	0.836689	0.0526316	0.751234	0.0467889
5	Gm05_25688647	25688647	25.6886	0.169231	0.836689	0.0526316	0.751234	0.0467889
5	Gm05_25711131	25711131	25.7111	0.169231	0.836689	0.0526316	0.751234	0.0467889
5	Gm05_25783061	25783061	25.7831	0.153846	0.823326	0.0526316	0.758985	0.0353387
5	Gm05_25798498	25798498	25.7985	0.169231	0.818677	0.0526316	0.75466	0.0353613
5	Gm05_25817895	25817895	25.8179	0.169231	0.823342	0.0526316	0.763456	0.0327963
5	Gm05_25833422	25833422	25.8334	0.169231	0.831387	0.0526316	0.77444	0.0308155
5	Gm05_25833693	25833693	25.8337	0.169231	0.831387	0.0526316	0.77444	0.0308155
5	Gm05_25851115	25851115	25.8511	0.169231	0.831387	0.0526316	0.77444	0.0308155
5	Gm05_25851139	25851139	25.8511	0.169231	0.831387	0.0526316	0.77444	0.0308155
5	Gm05_25901823	25901823	25.9018	0.169231	0.821014	0.0526316	0.774341	0.0254185
5	Gm05_25901898	25901898	25.9019	0.169231	0.821014	0.0526316	0.774341	0.0254185
5	Gm05_25902040	25902040	25.902	0.169231	0.821014	0.0526316	0.774341	0.0254185
5	Gm05_25908219	25908219	25.9082	0.169231	0.809724	0.0526316	0.76774	0.0231227
5	Gm05_25908249	25908249	25.9082	0.169231	0.809724	0.0526316	0.76774	0.0231227
5	Gm05_25916222	25916222	25.9162	0.169231	0.816004	0.0526316	0.776314	0.0216547
5	Gm05_25918643	25918643	25.9186	0.169231	0.816004	0.0526316	0.776314	0.0216547
5	Gm05_25919158	25919158	25.9192	0.169231	0.816004	0.0526316	0.776314	0.0216547
5	Gm05_25930967	25930967	25.931	0.169231	0.809149	0.0526316	0.772307	0.0202388
5	Gm05_25931242	25931242	25.9312	0.169231	0.815433	0.0526316	0.78081	0.0188433
5	Gm05_25935563	25935563	25.9356	0.169231	0.815433	0.0526316	0.78081	0.0188433
5	Gm05_25935602	25935602	25.9356	0.169231	0.815433	0.0526316	0.78081	0.0188433
5	Gm05_25936121	25936121	25.9361	0.169231	0.815433	0.0526316	0.78081	0.0188433
5	Gm05_25936600	25936600	25.9366	0.169231	0.815433	0.0526316	0.78081	0.0188433
5	Gm05_25936634	25936634	25.9366	0.169231	0.815433	0.0526316	0.78081	0.0188433
5	Gm05_25937176	25937176	25.9372	0.169231	0.815433	0.0526316	0.78081	0.0188433
5	Gm05_25937203	25937203	25.9372	0.169231	0.815433	0.0526316	0.78081	0.0188433
5	Gm05_25937467	25937467	25.9375	0.169231	0.815433	0.0526316	0.78081	0.0188433
5	Gm05_25939660	25939660	25.9397	0.169231	0.815433	0.0526316	0.78081	0.0188433
5	Gm05_25941004	25941004	25.941	0.169231	0.815433	0.0526316	0.78081	0.0188433
5	Gm05_25941048	25941048	25.941	0.169231	0.815433	0.0526316	0.78081	0.0188433
5	Gm05_25943007	25943007	25.943	0.169231	0.815433	0.0526316	0.78081	0.0188433
5	Gm05_25943350	25943350	25.9433	0.169231	0.815433	0.0526316	0.78081	0.0188433
5	Gm05_25943411	25943411	25.9434	0.169231	0.815433	0.0526316	0.78081	0.0188433
5	Gm05_25943662	25943662	25.9437	0.169231	0.815433	0.0526316	0.78081	0.0188433
5	Gm05_25953722	25953722	25.9537	0.169231	0.815433	0.0526316	0.78081	0.0188433
5	Gm05_25955376	25955376	25.9554	0.169231	0.816392	0.0526316	0.782094	0.0186393
5	Gm05_25955774	25955774	25.9558	0.169231	0.816392	0.0526316	0.782094	0.0186393
5	Gm05_25965538	25965538	25.9655	0.169231	0.81259	0.0526316	0.785666	0.0146339
5	Gm05_25965929	25965929	25.9659	0.169231	0.81259	0.0526316	0.785666	0.0146339
5	Gm05_25989612	25989612	25.9896	0.169231	0.81259	0.0526316	0.785666	0.0146339
5	Gm05_25989647	25989647	25.9896	0.169231	0.81259	0.0526316	0.785666	0.0146339
5	Gm05_25997552	25997552	25.9976	0.169231	0.800853	0.0526316	0.77905	0.0119873
5	Gm05_25997570	25997570	25.9976	0.169231	0.800853	0.0526316	0.77905	0.0119873
5	Gm05_25997743	25997743	25.9977	0.169231	0.800853	0.0526316	0.77905	0.0119873
5	Gm05_26006513	26006513	26.0065	0.169231	0.802599	0.0526316	0.781351	0.0116524
5	Gm05_26007945	26007945	26.0079	0.169231	0.802599	0.0526316	0.781351	0.0116524
5	Gm05_26050112	26050112	26.0501	0.169231	0.796199	0.0526316	0.78263	0.00746547
5	Gm05_26050402	26050402	26.0504	0.215385	0.765955	0.421053	0.602408	0.104312
5	Gm05_26050508	26050508	26.0505	0.184615	0.782978	0.0526316	0.765125	0.010017
5	Gm05_26050619	26050619	26.0506	0.169231	0.792265	0.0526316	0.765125	0.015138
5	Gm05_26050626	26050626	26.0506	0.169231	0.792265	0.0526316	0.765125	0.015138
5	Gm05_26051283	26051283	26.0513	0.169231	0.792265	0.0526316	0.765125	0.015138
5	Gm05_26051560	26051560	26.0516	0.169231	0.792265	0.0526316	0.765125	0.015138
5	Gm05_26052848	26052848	26.0528	0.169231	0.792265	0.0526316	0.765125	0.015138
5	Gm05_26052896	26052896	26.0529	0.169231	0.792265	0.0526316	0.765125	0.015138
5	Gm05_26053106	26053106	26.0531	0.169231	0.792265	0.0526316	0.765125	0.015138
5	Gm05_26081954	26081954	26.082	0.169231	0.773217	0.0526316	0.75439	0.0107059
5	Gm05_26082969	26082969	26.083	0.169231	0.773217	0.0526316	0.75439	0.0107059
5	Gm05_26082984	26082984	26.083	0.169231	0.773217	0.0526316	0.75439	0.0107059
5	Gm05_26083008	26083008	26.083	0.169231	0.773217	0.0526316	0.75439	0.0107059
5	Gm05_26089979	26089979	26.09	0.169231	0.773217	0.0526316	0.75439	0.0107059
5	Gm05_26099525	26099525	26.0995	0.169231	0.762971	0.0526316	0.748636	0.00823733
5	Gm05_26099590	26099590	26.0996	0.169231	0.762971	0.0526316	0.748636	0.00823733
5	Gm05_26124324	26124324	26.1243	0.169231	0.748373	0.0526316	0.740468	0.00461182
5	Gm05_26169136	26169136	26.1691	0.169231	0.72746	0.0526316	0.728767	-0.000779464
5	Gm05_26169926	26169926	26.1699	0.169231	0.72746	0.0526316	0.728767	-0.000779464
5	Gm05_26178100	26178100	26.1781	0.169231	0.72746	0.0526316	0.728767	-0.000779464
5	Gm05_26178111	26178111	26.1781	0.169231	0.72746	0.0526316	0.728767	-0.000779464
5	Gm05_26205499	26205499	26.2055	0.169231	0.721234	0.0526316	0.730348	-0.00545376
5	Gm05_26205726	26205726	26.2057	0.169231	0.721234	0.0526316	0.730348	-0.00545376
5	Gm05_26249047	26249047	26.249	0.169231	0.706851	0.0526316	0.727476	-0.0124905
5	Gm05_26289770	26289770	26.2898	0.169231	0.693265	0.0526316	0.726566	-0.0203761
5	Gm05_26299106	26299106	26.2991	0.169231	0.68522	0.0526316	0.726733	-0.0255449
5	Gm05_26311770	26311770	26.3118	0.169231	0.68522	0.0526316	0.726733	-0.0255449
5	Gm05_26317782	26317782	26.3178	0.169231	0.68522	0.0526316	0.726733	-0.0255449
5	Gm05_26317790	26317790	26.3178	0.169231	0.68522	0.0526316	0.726733	-0.0255449
5	Gm05_26377928	26377928	26.3779	0.169231	0.677773	0.0526316	0.732412	-0.0336709
5	Gm05_26378420	26378420	26.3784	0.169231	0.677773	0.0526316	0.732412	-0.0336709
5	Gm05_26398192	26398192	26.3982	0.169231	0.677773	0.0526316	0.732412	-0.0336709
5	Gm05_26404460	26404460	26.4045	0.169231	0.677773	0.0526316	0.732412	-0.0336709
5	Gm05_26429554	26429554	26.4296	0.169231	0.671629	0.0526316	0.73299	-0.0379689
5	Gm05_26429781	26429781	26.4298	0.169231	0.671629	0.0526316	0.73299	-0.0379689
5	Gm05_26429819	26429819	26.4298	0.169231	0.671629	0.0526316	0.73299	-0.0379689
5	Gm05_26431414	26431414	26.4314	0.153846	0.668713	0.0526316	0.73299	-0.0398588
5	Gm05_26462656	26462656	26.4627	0.169231	0.651738	0.0526316	0.726117	-0.046934
5	Gm05_26476635	26476635	26.4766	0.169231	0.644015	0.0526316	0.720387	-0.0486697
5	Gm05_26476891	26476891	26.4769	0.169231	0.644015	0.0526316	0.720387	-0.0486697
5	Gm05_26478134	26478134	26.4781	0.169231	0.644015	0.0526316	0.720387	-0.0486697
5	Gm05_26478392	26478392	26.4784	0.169231	0.644015	0.0526316	0.720387	-0.0486697
5	Gm05_26478440	26478440	26.4784	0.169231	0.644015	0.0526316	0.720387	-0.0486697
5	Gm05_26513343	26513343	26.5133	0.169231	0.631221	0.0526316	0.714921	-0.0540766
5	Gm05_26513937	26513937	26.5139	0.169231	0.631221	0.0526316	0.714921	-0.0540766
5	Gm05_26514228	26514228	26.5142	0.169231	0.631221	0.0526316	0.714921	-0.0540766
5	Gm05_26514737	26514737	26.5147	0.169231	0.631221	0.0526316	0.714921	-0.0540766
5	Gm05_26536330	26536330	26.5363	0.292308	0.419817	0	0.705282	-0.225302
5	Gm05_26550431	26550431	26.5504	0.169231	0.56164	0.0526316	0.70649	-0.0996485
5	Gm05_26550752	26550752	26.5508	0.169231	0.56164	0.0526316	0.70649	-0.0996485
5	Gm05_26550789	26550789	26.5508	0.169231	0.56164	0.0526316	0.70649	-0.0996485
5	Gm05_26550827	26550827	26.5508	0.169231	0.56164	0.0526316	0.70649	-0.0996485
5	Gm05_26550881	26550881	26.5509	0.169231	0.56164	0.0526316	0.70649	-0.0996485
5	Gm05_26551080	26551080	26.5511	0.169231	0.56164	0.0526316	0.70649	-0.0996485
5	Gm05_26571570	26571570	26.5716	0.169231	0.563852	0.0526316	0.705945	-0.0976061
5	Gm05_26598381	26598381	26.5984	0.169231	0.571172	0.0526316	0.713714	-0.0967572
5	Gm05_26599251	26599251	26.5993	0.169231	0.571172	0.0526316	0.713714	-0.0967572
5	Gm05_26599446	26599446	26.5994	0.169231	0.571172	0.0526316	0.713714	-0.0967572
5	Gm05_26599464	26599464	26.5995	0.169231	0.571172	0.0526316	0.713714	-0.0967572
5	Gm05_26599525	26599525	26.5995	0.0615385	0.542279	0.368421	0.550999	-0.00692838
5	Gm05_26599781	26599781	26.5998	0.169231	0.554298	0.0526316	0.594797	-0.030626
5	Gm05_26600495	26600495	26.6005	0.169231	0.554298	0.0526316	0.594797	-0.030626
5	Gm05_26600517	26600517	26.6005	0.169231	0.554298	0.0526316	0.594797	-0.030626
5	Gm05_26604309	26604309	26.6043	0.169231	0.555359	0.0526316	0.595924	-0.0306169
5	Gm05_26612588	26612588	26.6126	0.169231	0.559947	0.0526316	0.600793	-0.0305777
5	Gm05_26612640	26612640	26.6126	0.169231	0.559947	0.0526316	0.600793	-0.0305777
5	Gm05_26612934	26612934	26.6129	0.169231	0.559947	0.0526316	0.600793	-0.0305777
5	Gm05_26612948	26612948	26.6129	0.169231	0.559947	0.0526316	0.600793	-0.0305777
5	Gm05_26615840	26615840	26.6158	0.169231	0.559947	0.0526316	0.600793	-0.0305777
5	Gm05_26615863	26615863	26.6159	0.169231	0.559947	0.0526316	0.600793	-0.0305777
5	Gm05_26634820	26634820	26.6348	0.169231	0.556215	0.0526316	0.593057	-0.0278541
5	Gm05_26635082	26635082	26.6351	0.169231	0.556215	0.0526316	0.593057	-0.0278541
5	Gm05_26635118	26635118	26.6351	0.169231	0.556215	0.0526316	0.593057	-0.0278541
5	Gm05_26637200	26637200	26.6372	0.169231	0.556215	0.0526316	0.593057	-0.0278541
5	Gm05_26722525	26722525	26.7225	0.153846	0.548378	0.0526316	0.579667	-0.0240981
5	Gm05_26745681	26745681	26.7457	0.0461538	0.556608	0.315789	0.539921	0.0132189
5	Gm05_26745687	26745687	26.7457	0.0461538	0.556608	0.315789	0.539921	0.0132189
5	Gm05_26745701	26745701	26.7457	0.230769	0.542652	0.368421	0.539586	0.00246104
5	Gm05_26770939	26770939	26.7709	0.0461538	0.552068	0.315789	0.546927	0.00406282
5	Gm05_26770957	26770957	26.771	0.0461538	0.552068	0.315789	0.546927	0.00406282
5	Gm05_26771163	26771163	26.7712	0.230769	0.549183	0.368421	0.546273	0.00230718
5	Gm05_26771174	26771174	26.7712	0.230769	0.549183	0.368421	0.546273	0.00230718
5	Gm05_26771724	26771724	26.7717	0.230769	0.549183	0.368421	0.546273	0.00230718
5	Gm05_26771765	26771765	26.7718	0.184615	0.549323	0.0526316	0.5471	0.00176031
5	Gm05_26773753	26773753	26.7738	0.184615	0.549323	0.0526316	0.5471	0.00176031
5	Gm05_26773972	26773972	26.774	0.0461538	0.552067	0.315789	0.546927	0.00406256
5	Gm05_26773982	26773982	26.774	0.0461538	0.552067	0.302632	0.541426	0.00845278
5	Gm05_26799907	26799907	26.7999	0.230769	0.541231	0.368421	0.529078	0.00986355
5	Gm05_26800169	26800169	26.8002	0.0461538	0.598982	0.315789	0.54062	0.0445212
5	Gm05_26810743	26810743	26.8107	0.0461538	0.606019	0.315789	0.547622	0.044005
5	Gm05_26824664	26824664	26.8247	0.0461538	0.599928	0.315789	0.539306	0.0462635
5	Gm05_26826913	26826913	26.8269	0.0461538	0.599928	0.315789	0.539306	0.0462635
5	Gm05_26829742	26829742	26.8297	0.0461538	0.602462	0.315789	0.541828	0.0460683
5	Gm05_26829911	26829911	26.8299	0.0461538	0.602462	0.315789	0.541828	0.0460683
5	Gm05_26830053	26830053	26.8301	0.0461538	0.602462	0.302632	0.541694	0.0461761
5	Gm05_26830235	26830235	26.8302	0.0461538	0.602462	0.302632	0.541694	0.0461761
5	Gm05_26830285	26830285	26.8303	0.0461538	0.602462	0.302632	0.541694	0.0461761
5	Gm05_26884174	26884174	26.8842	0.0461538	0.604032	0.315789	0.539641	0.048955
5	Gm05_26884220	26884220	26.8842	0.0461538	0.604032	0.315789	0.539641	0.048955
5	Gm05_26884238	26884238	26.8842	0.0461538	0.604032	0.315789	0.539641	0.048955
5	Gm05_26888432	26888432	26.8884	0.0461538	0.611168	0.315789	0.54648	0.0485865
5	Gm05_26888447	26888447	26.8884	0.0461538	0.611168	0.315789	0.54648	0.0485865
5	Gm05_26888464	26888464	26.8885	0.0461538	0.611168	0.315789	0.54648	0.0485865
5	Gm05_26888472	26888472	26.8885	0.0461538	0.611168	0.315789	0.54648	0.0485865
5	Gm05_26888509	26888509	26.8885	0.0461538	0.611168	0.315789	0.54648	0.0485865
5	Gm05_26909744	26909744	26.9097	0.0461538	0.60287	0.315789	0.535151	0.0517477
5	Gm05_26931074	26931074	26.9311	0.0461538	0.595737	0.315789	0.525411	0.054555
5	Gm05_26931086	26931086	26.9311	0.0461538	0.595737	0.315789	0.525411	0.054555
5	Gm05_26954233	26954233	26.9542	0.0461538	0.588591	0.302632	0.510636	0.0617023
5	Gm05_26954247	26954247	26.9542	0.0461538	0.588591	0.315789	0.5141	0.0587662
5	Gm05_26954442	26954442	26.9544	0.0461538	0.588591	0.315789	0.5141	0.0587662
5	Gm05_26957284	26957284	26.9573	0.0461538	0.587947	0.315789	0.513236	0.059021
5	Gm05_26957336	26957336	26.9573	0.0461538	0.587947	0.315789	0.513236	0.059021
5	Gm05_26957550	26957550	26.9576	0.0461538	0.587947	0.315789	0.513236	0.059021
5	Gm05_26957559	26957559	26.9576	0.0461538	0.587947	0.315789	0.513236	0.059021
5	Gm05_26959181	26959181	26.9592	0.0461538	0.587947	0.315789	0.513236	0.059021
5	Gm05_26959186	26959186	26.9592	0.0461538	0.587947	0.315789	0.513236	0.059021
5	Gm05_26959207	26959207	26.9592	0.0461538	0.587947	0.315789	0.513236	0.059021
5	Gm05_26961159	26961159	26.9612	0.0461538	0.589159	0.302632	0.509366	0.0632022
5	Gm05_26961645	26961645	26.9616	0.0461538	0.589159	0.315789	0.513133	0.0600026
5	Gm05_26961829	26961829	26.9618	0.0461538	0.589159	0.315789	0.513133	0.0600026
5	Gm05_27005718	27005718	27.0057	0.0461538	0.587464	0.302632	0.507118	0.0638726
5	Gm05_27011280	27011280	27.0113	0.0461538	0.589815	0.315789	0.512284	0.061205
5	Gm05_27193854	27193854	27.1939	0.0307692	0.574652	0	0.522147	0.0416125
5	Gm05_27229069	27229069	27.2291	0.169231	0.552548	0.0526316	0.507926	0.0365691
5	Gm05_27229358	27229358	27.2294	0.169231	0.552548	0.0526316	0.507926	0.0365691
5	Gm05_27229382	27229382	27.2294	0.169231	0.552548	0.0526316	0.507926	0.0365691
5	Gm05_27229411	27229411	27.2294	0.169231	0.552548	0.0526316	0.507926	0.0365691
5	Gm05_27229418	27229418	27.2294	0.230769	0.54362	0.421053	0.478202	0.0556839
5	Gm05_27266111	27266111	27.2661	0.169231	0.547173	0.0526316	0.514425	0.0268026
5	Gm05_27277454	27277454	27.2775	0.169231	0.547173	0.0526316	0.514425	0.0268026
5	Gm05_27278250	27278250	27.2782	0.169231	0.547173	0.0526316	0.514425	0.0268026
5	Gm05_27278269	27278269	27.2783	0.169231	0.547173	0.0526316	0.514425	0.0268026
5	Gm05_27278467	27278467	27.2785	0.169231	0.547173	0.0526316	0.514425	0.0268026
5	Gm05_27278514	27278514	27.2785	0.169231	0.547173	0.0526316	0.514425	0.0268026
5	Gm05_27292427	27292427	27.2924	0.169231	0.549214	0.0526316	0.512759	0.0298289
5	Gm05_27292467	27292467	27.2925	0.169231	0.549214	0.0526316	0.512759	0.0298289
5	Gm05_27328976	27328976	27.329	0.169231	0.556537	0.0921053	0.491207	0.0542301
5	Gm05_27328997	27328997	27.329	0.169231	0.556537	0.0921053	0.491207	0.0542301
5	Gm05_27329049	27329049	27.329	0.169231	0.556537	0.0921053	0.491207	0.0542301
5	Gm05_27329108	27329108	27.3291	0.169231	0.556537	0.0921053	0.491207	0.0542301
5	Gm05_27329276	27329276	27.3293	0.169231	0.556537	0.0921053	0.491207	0.0542301
5	Gm05_27342672	27342672	27.3427	0.169231	0.556537	0.0921053	0.491207	0.0542301
5	Gm05_27342961	27342961	27.343	0.169231	0.556537	0.0921053	0.491207	0.0542301
5	Gm05_27343076	27343076	27.3431	0.169231	0.556537	0.0921053	0.491207	0.0542301
5	Gm05_27355888	27355888	27.3559	0.184615	0.554623	0.144737	0.483051	0.0600043
5	Gm05_27417059	27417059	27.4171	0.0307692	0.548841	0.0526316	0.498932	0.0414048
5	Gm05_27444167	27444167	27.4442	0.215385	0.534239	0.394737	0.450427	0.0741106
5	Gm05_27444390	27444390	27.4444	0.215385	0.534239	0.394737	0.450427	0.0741106
5	Gm05_27505616	27505616	27.5056	0.230769	0.535399	0.407895	0.460688	0.0652707
5	Gm05_27543725	27543725	27.5437	0.0923077	0.614961	0.0657895	0.68322	-0.0457135
5	Gm05_27544002	27544002	27.544	0.0923077	0.614961	0.0657895	0.68322	-0.0457135
5	Gm05_27545523	27545523	27.5455	0.0923077	0.614961	0.0657895	0.68322	-0.0457135
5	Gm05_27552068	27552068	27.5521	0.0923077	0.610994	0.0657895	0.678059	-0.0452305
5	Gm05_27552304	27552304	27.5523	0.0923077	0.610994	0.0657895	0.678059	-0.0452305
5	Gm05_27556305	27556305	27.5563	0.0923077	0.610994	0.0657895	0.678059	-0.0452305
5	Gm05_27561425	27561425	27.5614	0.0923077	0.610994	0.0657895	0.678059	-0.0452305
5	Gm05_27565250	27565250	27.5652	0.0923077	0.610994	0.0657895	0.678059	-0.0452305
5	Gm05_27566670	27566670	27.5667	0.0923077	0.610994	0.0657895	0.678059	-0.0452305
5	Gm05_27566704	27566704	27.5667	0.0923077	0.610994	0.0657895	0.678059	-0.0452305
5	Gm05_27567011	27567011	27.567	0.0923077	0.610994	0.0657895	0.678059	-0.0452305
5	Gm05_27568408	27568408	27.5684	0.0923077	0.610994	0.0657895	0.678059	-0.0452305
5	Gm05_27570191	27570191	27.5702	0.0923077	0.624487	0.0657895	0.693193	-0.0453308
5	Gm05_27570227	27570227	27.5702	0.0923077	0.624487	0.0657895	0.693193	-0.0453308
5	Gm05_27570437	27570437	27.5704	0.0923077	0.624487	0.0657895	0.693193	-0.0453308
5	Gm05_27570498	27570498	27.5705	0.0923077	0.624487	0.0657895	0.693193	-0.0453308
5	Gm05_27570530	27570530	27.5705	0.0923077	0.624487	0.0657895	0.693193	-0.0453308
5	Gm05_27570567	27570567	27.5706	0.0769231	0.618555	0.0131579	0.692106	-0.0487948
5	Gm05_27570873	27570873	27.5709	0.0923077	0.6424	0.0657895	0.696734	-0.0352615
5	Gm05_27570933	27570933	27.5709	0.0923077	0.6424	0.0657895	0.696734	-0.0352615
5	Gm05_27581702	27581702	27.5817	0.107692	0.625547	0.0657895	0.689735	-0.042422
5	Gm05_27581716	27581716	27.5817	0.0923077	0.640554	0.0657895	0.689735	-0.0321262
5	Gm05_27581886	27581886	27.5819	0.0923077	0.640554	0.0657895	0.689735	-0.0321262
5	Gm05_27581996	27581996	27.582	0.0923077	0.640554	0.0657895	0.689735	-0.0321262
5	Gm05_27582029	27582029	27.582	0.0923077	0.640554	0.0657895	0.689735	-0.0321262
5	Gm05_27582292	27582292	27.5823	0.0923077	0.640554	0.0657895	0.689735	-0.0321262
5	Gm05_27582489	27582489	27.5825	0.0923077	0.640554	0.0657895	0.689735	-0.0321262
5	Gm05_27583127	27583127	27.5831	0.0923077	0.640554	0.0657895	0.689735	-0.0321262
5	Gm05_27583343	27583343	27.5833	0.0923077	0.640554	0.0657895	0.689735	-0.0321262
5	Gm05_27583349	27583349	27.5833	0.0923077	0.640554	0.0657895	0.689735	-0.0321262
5	Gm05_27585852	27585852	27.5859	0.0923077	0.640554	0.0657895	0.689735	-0.0321262
5	Gm05_27586158	27586158	27.5862	0.0923077	0.640554	0.0657895	0.689735	-0.0321262
5	Gm05_27586170	27586170	27.5862	0.0923077	0.640554	0.0657895	0.689735	-0.0321262
5	Gm05_27586222	27586222	27.5862	0.0923077	0.640554	0.0657895	0.689735	-0.0321262
5	Gm05_27603901	27603901	27.6039	0.0923077	0.633255	0.0657895	0.681988	-0.0321985
5	Gm05_27607121	27607121	27.6071	0.0923077	0.640276	0.0657895	0.689603	-0.0322325
5	Gm05_33684452	33684452	33.6845	0.507692	0.210714	0.565789	0.250073	-0.0743741
5	Gm05_33724036	33724036	33.724	0.107692	0.210391	0.236842	0.241394	-0.0597006
5	Gm05_33724042	33724042	33.724	0.107692	0.210391	0.236842	0.241394	-0.0597006
5	Gm05_33784289	33784289	33.7843	0.0307692	0.208886	0.118421	0.238921	-0.0583455
5	Gm05_33784306	33784306	33.7843	0.0307692	0.208886	0.118421	0.238921	-0.0583455
5	Gm05_33793833	33793833	33.7938	0.276923	0.189935	0.276316	0.229471	-0.0821232
5	Gm05_33802907	33802907	33.8029	0.323077	0.181396	0.25	0.219057	-0.0819289
5	Gm05_33803074	33803074	33.8031	0.138462	0.180971	0.144737	0.22002	-0.0848525
5	Gm05_33822834	33822834	33.8228	0.323077	0.178971	0.157895	0.237802	-0.123432
5	Gm05_33822854	33822854	33.8229	0.184615	0.179679	0.105263	0.238267	-0.122565
5	Gm05_33835727	33835727	33.8357	0.138462	0.1877	0.0526316	0.243293	-0.112665
5	Gm05_33835741	33835741	33.8357	0.138462	0.1877	0.0526316	0.243293	-0.112665
5	Gm05_33840605	33840605	33.8406	0.0769231	0.183942	0.0789474	0.235769	-0.107807
5	Gm05_33843052	33843052	33.8431	0.184615	0.185738	0.0789474	0.244196	-0.118837
5	Gm05_33864345	33864345	33.8643	0.2	0.201719	0.197368	0.246254	-0.0866361
5	Gm05_33865396	33865396	33.8654	0.153846	0.201609	0.144737	0.245535	-0.0856032
5	Gm05_33865437	33865437	33.8654	0.2	0.20159	0.197368	0.246382	-0.0871397
5	Gm05_33865609	33865609	33.8656	0.2	0.20159	0.197368	0.246382	-0.0871397
5	Gm05_33868283	33868283	33.8683	0.153846	0.205361	0.171053	0.246782	-0.0797943
5	Gm05_33868302	33868302	33.8683	0.153846	0.198225	0.105263	0.241684	-0.0860903
5	Gm05_33868347	33868347	33.8683	0.153846	0.207466	0.171053	0.244853	-0.0719591
5	Gm05_33897720	33897720	33.8977	0.153846	0.207233	0.302632	0.243057	-0.0692486
5	Gm05_33914247	33914247	33.9142	0	0.231212	0.131579	0.272037	-0.0706167
5	Gm05_33914477	33914477	33.9145	0.184615	0.221251	0.131579	0.272037	-0.0897428
5	Gm05_33914715	33914715	33.9147	0	0.227242	0.131579	0.272037	-0.0781395
5	Gm05_33915080	33915080	33.9151	0	0.227242	0.131579	0.272037	-0.0781395
5	Gm05_33925909	33925909	33.9259	0.0923077	0.219554	0.0526316	0.267869	-0.0863815
5	Gm05_33925927	33925927	33.9259	0	0.232677	0.131579	0.275049	-0.0726559
5	Gm05_33926110	33926110	33.9261	0	0.232677	0.131579	0.275049	-0.0726559
5	Gm05_33963671	33963671	33.9637	0.184615	0.225475	0	0.278423	-0.0916059
5	Gm05_33963822	33963822	33.9638	0.184615	0.225475	0	0.278423	-0.0916059
5	Gm05_33994762	33994762	33.9948	0	0.246322	0.118421	0.273503	-0.0454597
5	Gm05_33998158	33998158	33.9982	0	0.243028	0.131579	0.269134	-0.044312
5	Gm05_34098691	34098691	34.0987	0.246154	0.220702	0.157895	0.262345	-0.0750661
5	Gm05_34107140	34107140	34.1071	0	0.226381	0.131579	0.262137	-0.0636893
5	Gm05_34110305	34110305	34.1103	0	0.226381	0.131579	0.262137	-0.0636893
5	Gm05_34117393	34117393	34.1174	0.338462	0.209779	0.157895	0.269897	-0.109437
5	Gm05_34131096	34131096	34.1311	0.0461538	0.249987	0.157895	0.264209	-0.0240307
5	Gm05_34142169	34142169	34.1422	0.0461538	0.253452	0.0131579	0.307128	-0.0834247
5	Gm05_34150255	34150255	34.1503	0.0769231	0.255321	0.171053	0.288952	-0.05374
5	Gm05_34233458	34233458	34.2335	0.0923077	0.247733	0.171053	0.28079	-0.0543979
5	Gm05_34233470	34233470	34.2335	0.0923077	0.247733	0.171053	0.28079	-0.0543979
5	Gm05_34233504	34233504	34.2335	0.0923077	0.247733	0.171053	0.28079	-0.0543979
5	Gm05_34233613	34233613	34.2336	0.0923077	0.247733	0.171053	0.28079	-0.0543979
5	Gm05_34233648	34233648	34.2336	0.0923077	0.247733	0.171053	0.28079	-0.0543979
5	Gm05_34284834	34284834	34.2848	0.261538	0.217999	0.118421	0.285804	-0.117613
5	Gm05_34318283	34318283	34.3183	0.0923077	0.252825	0.0921053	0.303898	-0.079907
5	Gm05_34318524	34318524	34.3185	0.0923077	0.252825	0.0921053	0.303898	-0.079907
5	Gm05_34345061	34345061	34.3451	0.0923077	0.24842	0.0921053	0.299067	-0.0805812
5	Gm05_34358973	34358973	34.359	0.0923077	0.248833	0.0657895	0.300852	-0.0824448
5	Gm05_34413040	34413040	34.413	0.0923077	0.243839	0.0921053	0.293993	-0.0812334
5	Gm05_34413237	34413237	34.4132	0.0923077	0.243839	0.0921053	0.293993	-0.0812334
5	Gm05_34477425	34477425	34.4774	0.0923077	0.240564	0.0921053	0.289957	-0.081102
5	Gm05_34477432	34477432	34.4774	0.0923077	0.240564	0.0921053	0.289957	-0.081102
5	Gm05_34477655	34477655	34.4777	0.0923077	0.240564	0.0657895	0.291562	-0.0834989
5	Gm05_36794744	36794744	36.7947	0.307692	0.238765	0.236842	0.343924	-0.158492
5	Gm05_36831206	36831206	36.8312	0.538462	0.241819	0.197368	0.344104	-0.1532
5	Gm05_36838601	36838601	36.8386	0.107692	0.241158	0.171053	0.342737	-0.15266
5	Gm05_36840507	36840507	36.8405	0.553846	0.23982	0.197368	0.351321	-0.165819
5	Gm05_36852739	36852739	36.8527	0.184615	0.290278	0.0526316	0.410017	-0.149988
5	Gm05_36863813	36863813	36.8638	0.307692	0.294176	0.263158	0.410224	-0.144415
5	Gm05_36959239	36959239	36.9592	0.153846	0.348603	0.144737	0.450411	-0.111278
5	Gm05_36988022	36988022	36.988	0.169231	0.346572	0.144737	0.444779	-0.108351
5	Gm05_37006231	37006231	37.0062	0	0.346923	0.131579	0.431193	-0.0944376
5	Gm05_37006253	37006253	37.0063	0.169231	0.34434	0.171053	0.429786	-0.0962637
5	Gm05_37024496	37024496	37.0245	0.169231	0.343609	0.0394737	0.437813	-0.105225
5	Gm05_37039888	37039888	37.0399	0.169231	0.346845	0.144737	0.437628	-0.10097
5	Gm05_37064001	37064001	37.064	0.184615	0.343546	0.131579	0.436047	-0.103548
5	Gm05_37113631	37113631	37.1136	0.0307692	0.344257	0.144737	0.447787	-0.114189
5	Gm05_37116424	37116424	37.1164	0.261538	0.32767	0.157895	0.444784	-0.132713
5	Gm05_37210824	37210824	37.2108	0.138462	0.335145	0.118421	0.452063	-0.129966
5	Gm05_37255364	37255364	37.2554	0.215385	0.331522	0.0921053	0.450596	-0.133275
5	Gm05_37255573	37255573	37.2556	0.215385	0.331522	0.131579	0.450085	-0.132781
5	Gm05_37262277	37262277	37.2623	0.230769	0.332662	0.118421	0.450342	-0.131539
5	Gm05_37387145	37387145	37.3871	0.292308	0.315627	0.171053	0.427956	-0.132224
5	Gm05_37389872	37389872	37.3899	0.276923	0.31587	0.0657895	0.430645	-0.134611
5	Gm05_37451040	37451040	37.451	0.0923077	0.308494	0.0526316	0.431814	-0.146049
5	Gm05_37463321	37463321	37.4633	0.323077	0.303774	0.171053	0.420955	-0.141685
5	Gm05_37480590	37480590	37.4806	0.184615	0.289329	0.592105	0.367848	-0.104277
5	Gm05_37520962	37520962	37.521	0.184615	0.290497	0.592105	0.367084	-0.101624
5	Gm05_37520977	37520977	37.521	0.184615	0.290497	0.592105	0.367084	-0.101624
5	Gm05_37520988	37520988	37.521	0.184615	0.290497	0.592105	0.367084	-0.101624
5	Gm05_37530875	37530875	37.5309	0.184615	0.293667	0.631579	0.372411	-0.103167
5	Gm05_37572775	37572775	37.5728	0.230769	0.291629	0.605263	0.372193	-0.105937
5	Gm05_37573004	37573004	37.573	0.230769	0.291629	0.631579	0.374062	-0.108113
5	Gm05_37591158	37591158	37.5912	0.246154	0.288474	0.631579	0.368404	-0.106218
5	Gm05_37611048	37611048	37.611	0.4	0.279751	0.657895	0.375265	-0.127566
5	Gm05_37700125	37700125	37.7001	0.138462	0.283436	0.0394737	0.371532	-0.117542
5	Gm05_37712480	37712480	37.7125	0.0769231	0.275667	0.131579	0.357055	-0.11235
5	Gm05_37712709	37712709	37.7127	0.246154	0.269778	0.565789	0.352609	-0.116286
5	Gm05_37734242	37734242	37.7342	0.138462	0.323285	0.0394737	0.430825	-0.124716
5	Gm05_37737102	37737102	37.7371	0.138462	0.324676	0.0394737	0.434558	-0.126598
5	Gm05_37761724	37761724	37.7617	0.0307692	0.323281	0.118421	0.430136	-0.124025
5	Gm05_37761890	37761890	37.7619	0.138462	0.322038	0.0394737	0.436428	-0.132006
5	Gm05_37765834	37765834	37.7658	0.138462	0.322038	0.0394737	0.436428	-0.132006
5	Gm05_37765865	37765865	37.7659	0.138462	0.322038	0.0394737	0.436428	-0.132006
5	Gm05_37795547	37795547	37.7955	0.0769231	0.321131	0.0657895	0.438579	-0.135366
5	Gm05_37834189	37834189	37.8342	0.123077	0.33697	0.0394737	0.451597	-0.127159
5	Gm05_37847611	37847611	37.8476	0.261538	0.316385	0.105263	0.451632	-0.154568
5	Gm05_37847666	37847666	37.8477	0.261538	0.316385	0.105263	0.451632	-0.154568
5	Gm05_37862549	37862549	37.8625	0.138462	0.352657	0.0394737	0.455596	-0.111227
5	Gm05_37895969	37895969	37.896	0.123077	0.352818	0.0263158	0.459397	-0.114638
5	Gm05_37908899	37908899	37.9089	0.0769231	0.353978	0.0131579	0.460156	-0.113929
5	Gm05_37909274	37909274	37.9093	0.0769231	0.353978	0.0131579	0.460156	-0.113929
5	Gm05_37912417	37912417	37.9124	0.0923077	0.353938	0.0657895	0.454215	-0.108334
5	Gm05_37927703	37927703	37.9277	0.0769231	0.36063	0.0263158	0.456477	-0.102357
5	Gm05_37936679	37936679	37.9367	0.0769231	0.349824	0.0921053	0.438236	-0.0978582
5	Gm05_37936705	37936705	37.9367	0.123077	0.349554	0.0394737	0.439576	-0.0995205
5	Gm05_37958496	37958496	37.9585	0.246154	0.344545	0.171053	0.442393	-0.108562
5	Gm05_38020507	38020507	38.0205	0.123077	0.366004	0.0789474	0.458791	-0.0981292
5	Gm05_38026354	38026354	38.0264	0.123077	0.361015	0.0789474	0.453488	-0.0990403
5	Gm05_38028055	38028055	38.0281	0.123077	0.361015	0.0394737	0.454942	-0.100431
5	Gm05_38028075	38028075	38.0281	0.123077	0.361015	0.0394737	0.454942	-0.100431
5	Gm05_38132148	38132148	38.1321	0.230769	0.322451	0.289474	0.394755	-0.0878645
5	Gm05_38155447	38155447	38.1554	0.230769	0.324767	0.289474	0.399786	-0.0902552
5	Gm05_38216777	38216777	38.2168	0.230769	0.321273	0.25	0.393263	-0.0878086
5	Gm05_38218529	38218529	38.2185	0.230769	0.321273	0.289474	0.393793	-0.0883933
5	Gm05_38278658	38278658	38.2787	0.246154	0.310245	0.302632	0.383095	-0.0916017
5	Gm05_38337589	38337589	38.3376	0.184615	0.315335	0.289474	0.393895	-0.0966078
5	Gm05_38381651	38381651	38.3817	0.184615	0.319607	0.25	0.400844	-0.0983596
5	Gm05_38381666	38381666	38.3817	0.184615	0.319607	0.276316	0.392426	-0.0891419
5	Gm05_38381706	38381706	38.3817	0.184615	0.319607	0.25	0.400092	-0.0975445
5	Gm05_38381771	38381771	38.3818	0.2	0.318575	0.263158	0.403095	-0.102196
5	Gm05_38411981	38411981	38.412	0.230769	0.314951	0.276316	0.386995	-0.0894631
5	Gm05_38412123	38412123	38.4121	0.230769	0.314951	0.315789	0.386655	-0.0890809
5	Gm05_38432350	38432350	38.4323	0.261538	0.305961	0.328947	0.385761	-0.100652
5	Gm05_38432356	38432356	38.4324	0.261538	0.305961	0.328947	0.385761	-0.100652
5	Gm05_38473956	38473956	38.474	0.230769	0.309982	0.315789	0.378417	-0.0866345
5	Gm05_38473970	38473970	38.474	0.230769	0.309982	0.289474	0.37829	-0.086488
5	Gm05_38487440	38487440	38.4874	0.215385	0.307306	0.276316	0.373177	-0.0843447
5	Gm05_38487748	38487748	38.4877	0.230769	0.307204	0.315789	0.373857	-0.0852786
5	Gm05_38506373	38506373	38.5064	0.215385	0.308347	0.315789	0.373857	-0.0836669
5	Gm05_38521435	38521435	38.5214	0.215385	0.305173	0.289474	0.368298	-0.0816541
5	Gm05_38559026	38559026	38.559	0.215385	0.305687	0.315789	0.370926	-0.0840108
5	Gm05_38559316	38559316	38.5593	0.215385	0.305687	0.315789	0.370926	-0.0840108
5	Gm05_38571054	38571054	38.5711	0.230769	0.304626	0.315789	0.370926	-0.0855211
5	Gm05_38596801	38596801	38.5968	0.707692	0.244998	0.171053	0.410606	-0.224263
5	Gm05_38659521	38659521	38.6595	0.630769	0.230191	0.144737	0.421019	-0.262214
5	Gm05_38666343	38666343	38.6663	0.384615	0.177889	0.0394737	0.420591	-0.373711
5	Gm05_38673637	38673637	38.6736	0.261538	0.179964	0.118421	0.419847	-0.367907
5	Gm05_38673658	38673658	38.6737	0.353846	0.178519	0.0263158	0.419684	-0.371238
5	Gm05_38673665	38673665	38.6737	0.261538	0.178522	0.118421	0.419682	-0.37123
5	Gm05_38673697	38673697	38.6737	0.615385	0.183773	0.144737	0.419846	-0.358809
5	Gm05_38735709	38735709	38.7357	0.630769	0.183742	0.184211	0.416075	-0.354964
5	Gm05_38748106	38748106	38.7481	0.292308	0.17832	0.118421	0.415569	-0.367444
5	Gm05_38748156	38748156	38.7482	0.630769	0.177185	0.184211	0.414931	-0.369549
5	Gm05_38752446	38752446	38.7524	0.292308	0.177443	0.118421	0.41899	-0.373145
5	Gm05_38753641	38753641	38.7536	0.338462	0.180901	0.0263158	0.422735	-0.368627
5	Gm05_38767165	38767165	38.7672	0.338462	0.179792	0.0263158	0.420778	-0.369284
5	Gm05_38777067	38777067	38.7771	0.630769	0.182012	0.171053	0.424196	-0.367467
5	Gm05_38777116	38777116	38.7771	0.630769	0.182012	0.144737	0.427588	-0.370926
5	Gm05_38801291	38801291	38.8013	0.353846	0.179333	0.0263158	0.424447	-0.374164
5	Gm05_38801308	38801308	38.8013	0.353846	0.179333	0.0263158	0.424447	-0.374164
5	Gm05_38810461	38810461	38.8105	0.615385	0.177282	0.144737	0.421578	-0.376213
5	Gm05_38812855	38812855	38.8129	0.630769	0.177702	0.144737	0.421578	-0.375185
5	Gm05_38863205	38863205	38.8632	0.353846	0.177671	0.0263158	0.420016	-0.37365
5	Gm05_38931196	38931196	38.9312	0.153846	0.177763	0.105263	0.409449	-0.362358
5	Gm05_38949698	38949698	38.9497	0.630769	0.175975	0.171053	0.411446	-0.368862
5	Gm05_38949707	38949707	38.9497	0.630769	0.175975	0.184211	0.402886	-0.359732
5	Gm05_38956925	38956925	38.9569	0.630769	0.175975	0.171053	0.409425	-0.366724
5	Gm05_39045621	39045621	39.0456	0.384615	0.171076	0.25	0.376228	-0.342263
5	Gm05_39082944	39082944	39.0829	0.0769231	0.221067	0.0789474	0.411539	-0.269887
5	Gm05_39151100	39151100	39.1511	0.153846	0.210322	0.0526316	0.407328	-0.287059
5	Gm05_39151231	39151231	39.1512	0.153846	0.210322	0.0526316	0.407328	-0.287059
5	Gm05_39243620	39243620	39.2436	0.0615385	0.215635	0.0789474	0.414417	-0.283718
5	Gm05_39243909	39243909	39.2439	0.0615385	0.215635	0.0789474	0.414417	-0.283718
5	Gm05_39308012	39308012	39.308	0.307692	0.198976	0.276316	0.389681	-0.291908
5	Gm05_39330851	39330851	39.3309	0.138462	0.203512	0.105263	0.404903	-0.298762
5	Gm05_39331355	39331355	39.3314	0.138462	0.203512	0.0921053	0.399517	-0.292947
5	Gm05_39359911	39359911	39.3599	0.615385	0.189998	0.0526316	0.404583	-0.328259
5	Gm05_39359931	39359931	39.3599	0.0923077	0.195424	0.710526	0.396741	-0.307529
5	Gm05_39360077	39360077	39.3601	0.0923077	0.195424	0.710526	0.396741	-0.307529
5	Gm05_39377830	39377830	39.3778	0.0923077	0.201938	0.105263	0.426289	-0.324486
5	Gm05_39378064	39378064	39.3781	0.138462	0.21023	0.0789474	0.440175	-0.320932
5	Gm05_39556043	39556043	39.556	0.492308	0.182515	0.0526316	0.448966	-0.390915
5	Gm05_39556261	39556261	39.5563	0.0769231	0.184765	0.0394737	0.447841	-0.384503
5	Gm05_39574994	39574994	39.575	0.492308	0.179409	0.0526316	0.445166	-0.394677
5	Gm05_39575286	39575286	39.5753	0.0769231	0.183111	0.0394737	0.44563	-0.386261
5	Gm05_39602518	39602518	39.6025	0.492308	0.185061	0.0921053	0.453321	-0.389092
5	Gm05_39675441	39675441	39.6754	0.2	0.219999	0.0921053	0.456682	-0.317194
5	Gm05_39683447	39683447	39.6834	0.2	0.219999	0.118421	0.455834	-0.316387
5	Gm05_39692760	39692760	39.6928	0.184615	0.219443	0.0921053	0.456528	-0.318145
5	Gm05_39755592	39755592	39.7556	0.215385	0.21274	0.131579	0.447792	-0.323228
5	Gm05_39768677	39768677	39.7687	0.2	0.211868	0.0921053	0.446793	-0.324042
5	Gm05_39857662	39857662	39.8577	0.0769231	0.22276	0.0526316	0.458636	-0.313632
5	Gm05_39857727	39857727	39.8577	0.0769231	0.22276	0.0526316	0.458636	-0.313632
5	Gm05_39905350	39905350	39.9053	0.0923077	0.223444	0.0526316	0.468259	-0.321317
5	Gm05_39928987	39928987	39.929	0.353846	0.185824	0.210526	0.439787	-0.37414
5	Gm05_39933060	39933060	39.9331	0.446154	0.185778	0.276316	0.438672	-0.373145
5	Gm05_39941802	39941802	39.9418	0.0769231	0.181234	0.710526	0.430358	-0.375591
5	Gm05_39957982	39957982	39.958	0.446154	0.178107	0.276316	0.421297	-0.373907
5	Gm05_39969405	39969405	39.9694	0.0923077	0.198922	0.0526316	0.436838	-0.341636
5	Gm05_39981147	39981147	39.9811	0.0923077	0.199488	0.131579	0.435449	-0.33902
5	Gm05_40009545	40009545	40.0095	0.138462	0.172683	0.0789474	0.449614	-0.415589
5	Gm05_40009562	40009562	40.0096	0.230769	0.171509	0.131579	0.448733	-0.417701
5	Gm05_40044590	40044590	40.0446	0.215385	0.170567	0.0921053	0.448893	-0.420247
5	Gm05_40045730	40045730	40.0457	0.384615	0.150799	0.184211	0.435284	-0.460375
5	Gm05_40055446	40055446	40.0554	0.215385	0.153923	0.0921053	0.442781	-0.458885
5	Gm05_40068084	40068084	40.0681	0.384615	0.154548	0.223684	0.443761	-0.458085
5	Gm05_40068100	40068100	40.0681	0.184615	0.138371	0.736842	0.433674	-0.496116
5	Gm05_40068106	40068106	40.0681	0.430769	0.138383	0.0394737	0.440018	-0.502387
5	Gm05_40068121	40068121	40.0681	0.307692	0.13504	0.0263158	0.440515	-0.513498
5	Gm05_40068297	40068297	40.0683	0.384615	0.138244	0.184211	0.441017	-0.503809
5	Gm05_40083982	40083982	40.084	0.2	0.139477	0.0394737	0.445105	-0.503958
5	Gm05_40086269	40086269	40.0863	0.307692	0.138079	0.0263158	0.445082	-0.508312
5	Gm05_40093134	40093134	40.0931	0.107692	0.161781	0.0657895	0.437473	-0.432023
5	Gm05_40094410	40094410	40.0944	0.184615	0.16067	0.776316	0.434642	-0.432198
5	Gm05_40159302	40159302	40.1593	0.492308	0.159839	0.0394737	0.470561	-0.468934
5	Gm05_40159353	40159353	40.1594	0.123077	0.203785	0.0657895	0.475279	-0.367776
5	Gm05_40221156	40221156	40.2212	0.184615	0.229547	0.105263	0.518386	-0.353781
5	Gm05_40221175	40221175	40.2212	0.184615	0.229547	0.105263	0.518386	-0.353781
5	Gm05_40221204	40221204	40.2212	0.184615	0.229547	0.105263	0.518386	-0.353781
5	Gm05_40328196	40328196	40.3282	0.123077	0.246885	0.105263	0.539539	-0.339528
5	Gm05_40341425	40341425	40.3414	0.153846	0.245145	0.105263	0.539805	-0.342815
5	Gm05_40363308	40363308	40.3633	0.153846	0.242526	0.131579	0.52678	-0.336872
5	Gm05_40401493	40401493	40.4015	0.0153846	0.249989	0.0789474	0.533911	-0.329548
5	Gm05_40431648	40431648	40.4316	0.553846	0.216465	0.0526316	0.53567	-0.39351
5	Gm05_40516699	40516699	40.5167	0.153846	0.220927	0.131579	0.552891	-0.398391
5	Gm05_40517989	40517989	40.518	0.292308	0.22908	0.684211	0.519272	-0.355408
5	Gm05_40544859	40544859	40.5449	0.123077	0.239189	0.197368	0.53279	-0.347815
5	Gm05_40569380	40569380	40.5694	0.123077	0.236785	0.197368	0.52458	-0.345458
5	Gm05_40570872	40570872	40.5709	0.430769	0.203596	0	0.533256	-0.418166
5	Gm05_40570887	40570887	40.5709	0.430769	0.203596	0	0.533256	-0.418166
5	Gm05_40583499	40583499	40.5835	0.138462	0.263856	0.118421	0.51903	-0.293826
5	Gm05_40583567	40583567	40.5836	0.138462	0.263856	0.118421	0.51903	-0.293826
5	Gm05_40646705	40646705	40.6467	0.123077	0.274358	0.157895	0.518887	-0.276755
5	Gm05_40662951	40662951	40.663	0.138462	0.273644	0.157895	0.518887	-0.277887
5	Gm05_40732257	40732257	40.7323	0.292308	0.248784	0.223684	0.500723	-0.303775
5	Gm05_40790573	40790573	40.7906	0.138462	0.257426	0.0789474	0.514036	-0.300342
5	Gm05_40804960	40804960	40.805	0.138462	0.257426	0.0789474	0.514036	-0.300342
5	Gm05_40805236	40805236	40.8052	0.138462	0.254581	0.0921053	0.511502	-0.30302
5	Gm05_40815940	40815940	40.8159	0.138462	0.254581	0.0921053	0.511502	-0.30302
5	Gm05_40815967	40815967	40.816	0.138462	0.254411	0.0789474	0.513546	-0.305043
5	Gm05_40841060	40841060	40.8411	0.138462	0.259947	0.0526316	0.523868	-0.304337
5	Gm05_40841071	40841071	40.8411	0.138462	0.259947	0.0657895	0.522292	-0.303029
5	Gm05_40841076	40841076	40.8411	0.138462	0.259947	0.0526316	0.522294	-0.303031
5	Gm05_40841243	40841243	40.8412	0.138462	0.259947	0.0657895	0.522305	-0.303039
5	Gm05_40859140	40859140	40.8591	0.384615	0.228266	0.223684	0.500263	-0.340757
5	Gm05_40867680	40867680	40.8677	0.107692	0.235369	0.0789474	0.502321	-0.329232
5	Gm05_40872270	40872270	40.8723	0.0769231	0.220017	0.697368	0.4817	-0.340321
5	Gm05_40882637	40882637	40.8826	0.138462	0.217273	0.0526316	0.483845	-0.347699
5	Gm05_40882875	40882875	40.8829	0.0769231	0.224194	0.657895	0.481227	-0.331726
5	Gm05_40907516	40907516	40.9075	0.107692	0.25012	0.0789474	0.520058	-0.317903
