chr	id	pos	freq	ihh1	ihh0	nsl
5	Gm05_25460881	25460881	0.167763	0.090132	-0.090132	0.090132
5	Gm05_25464994	25464994	0.174342	0.0549773	-0.0549773	0.0549773
5	Gm05_25465036	25465036	0.174342	0.0551142	-0.0551142	0.0551142
5	Gm05_25473069	25473069	0.174342	0.0552509	-0.0552509	0.0552509
5	Gm05_25488476	25488476	0.180921	0.0174777	-0.0174777	0.0174777
5	Gm05_25488736	25488736	0.180921	0.0175228	-0.0175228	0.0175228
5	Gm05_25499874	25499874	0.177632	0.0368818	-0.0368818	0.0368818
5	Gm05_25528953	25528953	0.174342	0.0565012	-0.0565012	0.0565012
5	Gm05_25532201	25532201	0.174342	0.056562	-0.056562	0.056562
5	Gm05_25533020	25533020	0.180921	0.0192195	-0.0192195	0.0192195
5	Gm05_25533093	25533093	0.177632	0.0367504	-0.0367504	0.0367504
5	Gm05_25554799	25554799	0.177632	0.0366914	-0.0366914	0.0366914
5	Gm05_25555082	25555082	0.177632	0.0365879	-0.0365879	0.0365879
5	Gm05_25558013	25558013	0.177632	0.0367696	-0.0367696	0.0367696
5	Gm05_25623299	25623299	0.180921	0.0171323	-0.0171323	0.0171323
5	Gm05_25634302	25634302	0.177632	0.0363537	-0.0363537	0.0363537
5	Gm05_25634344	25634344	0.177632	0.0362161	-0.0362161	0.0362161
5	Gm05_25634580	25634580	0.177632	0.0360883	-0.0360883	0.0360883
5	Gm05_25634635	25634635	0.177632	0.0359607	-0.0359607	0.0359607
5	Gm05_25638297	25638297	0.174342	0.0549484	-0.0549484	0.0549484
5	Gm05_25638324	25638324	0.174342	0.0547941	-0.0547941	0.0547941
5	Gm05_25638332	25638332	0.174342	0.0545821	-0.0545821	0.0545821
5	Gm05_25640880	25640880	0.174342	0.0543289	-0.0543289	0.0543289
5	Gm05_25641282	25641282	0.174342	0.0523647	-0.0523647	0.0523647
5	Gm05_25641511	25641511	0.174342	0.0524009	-0.0524009	0.0524009
5	Gm05_25651873	25651873	0.174342	0.0611916	-0.0611916	0.0611916
5	Gm05_25651878	25651878	0.174342	0.0613552	-0.0613552	0.0613552
5	Gm05_25686793	25686793	0.177632	0.0420343	-0.0420343	0.0420343
5	Gm05_25688631	25688631	0.180921	0.0228263	-0.0228263	0.0228263
5	Gm05_25688647	25688647	0.177632	0.042317	-0.042317	0.042317
5	Gm05_25711131	25711131	0.174342	0.0618775	-0.0618775	0.0618775
5	Gm05_25783061	25783061	0.174342	0.0609837	-0.0609837	0.0609837
5	Gm05_25798498	25798498	0.177632	0.047994	-0.047994	0.047994
5	Gm05_25817895	25817895	0.171053	0.0787934	-0.0787934	0.0787934
5	Gm05_25833422	25833422	0.174342	0.0592578	-0.0592578	0.0592578
5	Gm05_25833693	25833693	0.174342	0.0595176	-0.0595176	0.0595176
5	Gm05_25851115	25851115	0.174342	0.068668	-0.068668	0.068668
5	Gm05_25851139	25851139	0.174342	0.0691556	-0.0691556	0.0691556
5	Gm05_25901823	25901823	0.174342	0.0695276	-0.0695276	0.0695276
5	Gm05_25901898	25901898	0.174342	0.0698996	-0.0698996	0.0698996
5	Gm05_25902040	25902040	0.174342	0.0702713	-0.0702713	0.0702713
5	Gm05_25908219	25908219	0.177632	0.05116	-0.05116	0.05116
5	Gm05_25908249	25908249	0.177632	0.0515314	-0.0515314	0.0515314
5	Gm05_25916222	25916222	0.177632	0.0518364	-0.0518364	0.0518364
5	Gm05_25918643	25918643	0.174342	0.0719476	-0.0719476	0.0719476
5	Gm05_25919158	25919158	0.177632	0.052691	-0.052691	0.052691
5	Gm05_25930967	25930967	0.177632	0.0530862	-0.0530862	0.0530862
5	Gm05_25931242	25931242	0.174342	0.073121	-0.073121	0.073121
5	Gm05_25935563	25935563	0.180921	0.0350286	-0.0350286	0.0350286
5	Gm05_25935602	25935602	0.180921	0.035423	-0.035423	0.035423
5	Gm05_25936121	25936121	0.177632	0.0547625	-0.0547625	0.0547625
5	Gm05_25936600	25936600	0.180921	0.0357759	-0.0357759	0.0357759
5	Gm05_25936634	25936634	0.180921	0.0361206	-0.0361206	0.0361206
5	Gm05_25937176	25937176	0.180921	0.0364821	-0.0364821	0.0364821
5	Gm05_25937203	25937203	0.174342	0.0751113	-0.0751113	0.0751113
5	Gm05_25937467	25937467	0.171053	0.0869113	-0.0869113	0.0869113
5	Gm05_25939660	25939660	0.174342	0.0763012	-0.0763012	0.0763012
5	Gm05_25941004	25941004	0.180921	0.0384774	-0.0384774	0.0384774
5	Gm05_25941048	25941048	0.180921	0.039031	-0.039031	0.039031
5	Gm05_25943007	25943007	0.177632	0.0588961	-0.0588961	0.0588961
5	Gm05_25943350	25943350	0.177632	0.0594494	-0.0594494	0.0594494
5	Gm05_25943411	25943411	0.180921	0.0413608	-0.0413608	0.0413608
5	Gm05_25943662	25943662	0.180921	0.0419149	-0.0419149	0.0419149
5	Gm05_25953722	25953722	0.180921	0.0423168	-0.0423168	0.0423168
5	Gm05_25955376	25955376	0.177632	0.0616987	-0.0616987	0.0616987
5	Gm05_25955774	25955774	0.177632	0.0622551	-0.0622551	0.0622551
5	Gm05_25965538	25965538	0.180921	0.0436419	-0.0436419	0.0436419
5	Gm05_25965929	25965929	0.180921	0.0441138	-0.0441138	0.0441138
5	Gm05_25989612	25989612	0.180921	0.0445855	-0.0445855	0.0445855
5	Gm05_25989647	25989647	0.180921	0.0450572	-0.0450572	0.0450572
5	Gm05_25997552	25997552	0.174342	0.0834968	-0.0834968	0.0834968
5	Gm05_25997570	25997570	0.174342	0.0839702	-0.0839702	0.0839702
5	Gm05_25997743	25997743	0.174342	0.0844424	-0.0844424	0.0844424
5	Gm05_26006513	26006513	0.174342	0.0844981	-0.0844981	0.0844981
5	Gm05_26007945	26007945	0.180921	0.0462394	-0.0462394	0.0462394
5	Gm05_26050112	26050112	0.180921	0.0468248	-0.0468248	0.0468248
5	Gm05_26050402	26050402	0.342105	-0.31925	0.31925	-0.31925
5	Gm05_26050508	26050508	0.180921	0.0715546	-0.0715546	0.0715546
5	Gm05_26050619	26050619	0.174342	0.10914	-0.10914	0.10914
5	Gm05_26050626	26050626	0.174342	0.109573	-0.109573	0.109573
5	Gm05_26051283	26051283	0.174342	0.110006	-0.110006	0.110006
5	Gm05_26051560	26051560	0.174342	0.110483	-0.110483	0.110483
5	Gm05_26052848	26052848	0.174342	0.110881	-0.110881	0.110881
5	Gm05_26052896	26052896	0.174342	0.111313	-0.111313	0.111313
5	Gm05_26053106	26053106	0.177632	0.0925112	-0.0925112	0.0925112
5	Gm05_26081954	26081954	0.174342	0.111439	-0.111439	0.111439
5	Gm05_26082969	26082969	0.177632	0.0924996	-0.0924996	0.0924996
5	Gm05_26082984	26082984	0.177632	0.0929297	-0.0929297	0.0929297
5	Gm05_26083008	26083008	0.177632	0.0933597	-0.0933597	0.0933597
5	Gm05_26089979	26089979	0.177632	0.0955392	-0.0955392	0.0955392
5	Gm05_26099525	26099525	0.174342	0.113707	-0.113707	0.113707
5	Gm05_26099590	26099590	0.174342	0.1141	-0.1141	0.1141
5	Gm05_26124324	26124324	0.171053	0.125811	-0.125811	0.125811
5	Gm05_26169136	26169136	0.177632	0.0955188	-0.0955188	0.0955188
5	Gm05_26169926	26169926	0.177632	0.096105	-0.096105	0.096105
5	Gm05_26178100	26178100	0.177632	0.0966928	-0.0966928	0.0966928
5	Gm05_26178111	26178111	0.177632	0.0972898	-0.0972898	0.0972898
5	Gm05_26205499	26205499	0.174342	0.117044	-0.117044	0.117044
5	Gm05_26205726	26205726	0.174342	0.117676	-0.117676	0.117676
5	Gm05_37712480	37712480	0.151316	-0.0418567	0.0418567	-0.0418567
5	Gm05_37712709	37712709	0.289474	0.265715	-0.265715	0.265715
5	Gm05_37734242	37734242	0.0822368	-0.106391	0.106391	-0.106391
5	Gm05_37737102	37737102	0.0822368	-0.106197	0.106197	-0.106197
5	Gm05_37761724	37761724	0.131579	-0.0854269	0.0854269	-0.0854269
5	Gm05_37761890	37761890	0.0855263	-0.150119	0.150119	-0.150119
5	Gm05_37765834	37765834	0.0888158	-0.182874	0.182874	-0.182874
5	Gm05_37765865	37765865	0.0888158	-0.183147	0.183147	-0.183147
5	Gm05_37795547	37795547	0.105263	-0.111353	0.111353	-0.111353
5	Gm05_37834189	37834189	0.0789474	-0.186485	0.186485	-0.186485
5	Gm05_37847611	37847611	0.148026	-0.458485	0.458485	-0.458485
5	Gm05_37847666	37847666	0.148026	-0.458756	0.458756	-0.458756
5	Gm05_37862549	37862549	0.0888158	-0.274034	0.274034	-0.274034
5	Gm05_37895969	37895969	0.0723684	-0.124302	0.124302	-0.124302
5	Gm05_37912417	37912417	0.0690789	-0.223981	0.223981	-0.223981
5	Gm05_37927703	37927703	0.0559211	-0.070051	0.070051	-0.070051
5	Gm05_37936679	37936679	0.108553	-0.1454	0.1454	-0.1454
5	Gm05_37936705	37936705	0.0888158	-0.179803	0.179803	-0.179803
5	Gm05_37958496	37958496	0.220395	-0.547915	0.547915	-0.547915
5	Gm05_38020507	38020507	0.0921053	-0.237834	0.237834	-0.237834
5	Gm05_38026354	38026354	0.0921053	-0.237969	0.237969	-0.237969
5	Gm05_38028055	38028055	0.0822368	-0.144826	0.144826	-0.144826
5	Gm05_38028075	38028075	0.0822368	-0.144834	0.144834	-0.144834
5	Gm05_38132148	38132148	0.292763	0.162005	-0.162005	0.162005
5	Gm05_38155447	38155447	0.292763	0.161906	-0.161906	0.161906
5	Gm05_38216777	38216777	0.282895	0.20214	-0.20214	0.20214
5	Gm05_38218529	38218529	0.292763	0.161631	-0.161631	0.161631
5	Gm05_38278658	38278658	0.325658	0.0531359	-0.0531359	0.0531359
5	Gm05_38337589	38337589	0.282895	0.204516	-0.204516	0.204516
5	Gm05_38381651	38381651	0.273026	0.238646	-0.238646	0.238646
5	Gm05_38381666	38381666	0.282895	0.201765	-0.201765	0.201765
5	Gm05_38381706	38381706	0.273026	0.23765	-0.23765	0.23765
5	Gm05_38381771	38381771	0.279605	0.216054	-0.216054	0.216054
5	Gm05_38411981	38411981	0.338816	0.0744137	-0.0744137	0.0744137
5	Gm05_38412123	38412123	0.348684	0.0389877	-0.0389877	0.0389877
5	Gm05_38432350	38432350	0.388158	-0.0898801	0.0898801	-0.0898801
5	Gm05_38432356	38432356	0.388158	-0.0901364	0.0901364	-0.0901364
5	Gm05_38473956	38473956	0.348684	0.0355178	-0.0355178	0.0355178
5	Gm05_38473970	38473970	0.342105	0.0590701	-0.0590701	0.0590701
5	Gm05_38487440	38487440	0.332237	0.0988735	-0.0988735	0.0988735
5	Gm05_38487748	38487748	0.351974	0.0261407	-0.0261407	0.0261407
5	Gm05_38506373	38506373	0.345395	0.0516077	-0.0516077	0.0516077
5	Gm05_38521435	38521435	0.338816	0.0758719	-0.0758719	0.0758719
5	Gm05_38559026	38559026	0.342105	0.0585839	-0.0585839	0.0585839
5	Gm05_38559316	38559316	0.342105	0.0585724	-0.0585724	0.0585724
5	Gm05_38571054	38571054	0.351974	0.0312606	-0.0312606	0.0312606
5	Gm05_38596801	38596801	0.345395	-0.28509	0.28509	-0.28509
5	Gm05_38659521	38659521	0.276316	-0.205841	0.205841	-0.205841
5	Gm05_38666343	38666343	0.134868	0.184337	-0.184337	0.184337
5	Gm05_38673637	38673637	0.161184	-0.0432263	0.0432263	-0.0432263
5	Gm05_38673658	38673658	0.121711	0.260076	-0.260076	0.260076
5	Gm05_38673665	38673665	0.157895	-0.0246343	0.0246343	-0.0246343
5	Gm05_38673697	38673697	0.279605	-0.312249	0.312249	-0.312249
5	Gm05_38735709	38735709	0.296053	-0.366777	0.366777	-0.366777
5	Gm05_38748106	38748106	0.171053	-0.0748727	0.0748727	-0.0748727
5	Gm05_38748156	38748156	0.292763	-0.365114	0.365114	-0.365114
5	Gm05_38752446	38752446	0.171053	-0.0739759	0.0739759	-0.0739759
5	Gm05_38753641	38753641	0.111842	0.320071	-0.320071	0.320071
5	Gm05_38767165	38767165	0.115132	0.29497	-0.29497	0.29497
5	Gm05_38777067	38777067	0.292763	-0.356226	0.356226	-0.356226
5	Gm05_38777116	38777116	0.286184	-0.332316	0.332316	-0.332316
5	Gm05_38801291	38801291	0.121711	0.245884	-0.245884	0.245884
5	Gm05_38801308	38801308	0.118421	0.27232	-0.27232	0.27232
5	Gm05_38810461	38810461	0.282895	-0.325818	0.325818	-0.325818
5	Gm05_38812855	38812855	0.296053	-0.372508	0.372508	-0.372508
5	Gm05_38863205	38863205	0.118421	0.272173	-0.272173	0.272173
5	Gm05_38931196	38931196	0.0921053	-0.0438971	0.0438971	-0.0438971
5	Gm05_38949698	38949698	0.292763	-0.414015	0.414015	-0.414015
5	Gm05_38949707	38949707	0.296053	-0.423913	0.423913	-0.423913
5	Gm05_38956925	38956925	0.292763	-0.412371	0.412371	-0.412371
5	Gm05_39045621	39045621	0.414474	-0.0195237	0.0195237	-0.0195237
5	Gm05_39082944	39082944	0.0953947	0.271748	-0.271748	0.271748
5	Gm05_39151100	39151100	0.220395	0.266828	-0.266828	0.266828
5	Gm05_39151231	39151231	0.220395	0.2664	-0.2664	0.2664
5	Gm05_39243620	39243620	0.0822368	0.432976	-0.432976	0.432976
5	Gm05_39243909	39243909	0.0822368	0.433107	-0.433107	0.433107
5	Gm05_39308012	39308012	0.375	-0.209989	0.209989	-0.209989
5	Gm05_39330851	39330851	0.115132	0.246111	-0.246111	0.246111
5	Gm05_39331355	39331355	0.115132	0.24371	-0.24371	0.24371
5	Gm05_39359911	39359911	0.368421	0.25458	-0.25458	0.25458
5	Gm05_39359931	39359931	0.279605	0.651566	-0.651566	0.651566
5	Gm05_39360077	39360077	0.279605	0.652581	-0.652581	0.652581
5	Gm05_39377830	39377830	0.105263	0.325768	-0.325768	0.325768
5	Gm05_39378064	39378064	0.111842	0.260067	-0.260067	0.260067
5	Gm05_39556043	39556043	0.217105	0.0936134	-0.0936134	0.0936134
5	Gm05_39556261	39556261	0.148026	0.505325	-0.505325	0.505325
5	Gm05_39574994	39574994	0.217105	0.100883	-0.100883	0.100883
5	Gm05_39575286	39575286	0.148026	0.505998	-0.505998	0.505998
5	Gm05_39602518	39602518	0.226974	0.0238985	-0.0238985	0.0238985
5	Gm05_39675441	39675441	0.131579	0.106742	-0.106742	0.106742
5	Gm05_39683447	39683447	0.134868	0.0830445	-0.0830445	0.0830445
5	Gm05_39692760	39692760	0.134868	0.075884	-0.075884	0.075884
5	Gm05_39755592	39755592	0.177632	-0.148097	0.148097	-0.148097
5	Gm05_39768677	39768677	0.138158	0.0599628	-0.0599628	0.0599628
5	Gm05_39857662	39857662	0.0822368	0.372672	-0.372672	0.372672
5	Gm05_39857727	39857727	0.0789474	0.409801	-0.409801	0.409801
5	Gm05_39905350	39905350	0.0822368	0.386399	-0.386399	0.386399
5	Gm05_39928987	39928987	0.398026	0.103985	-0.103985	0.103985
5	Gm05_39933060	39933060	0.490132	-0.165047	0.165047	-0.165047
5	Gm05_39941802	39941802	0.256579	0.738948	-0.738948	0.738948
5	Gm05_39957982	39957982	0.486842	-0.126285	0.126285	-0.126285
5	Gm05_39969405	39969405	0.0822368	0.416806	-0.416806	0.416806
5	Gm05_39981147	39981147	0.108553	0.193197	-0.193197	0.193197
5	Gm05_40009545	40009545	0.190789	0.394567	-0.394567	0.394567
5	Gm05_40009562	40009562	0.273026	0.0748638	-0.0748638	0.0748638
5	Gm05_40044590	40044590	0.128289	0.216366	-0.216366	0.216366
5	Gm05_40045730	40045730	0.391447	0.0685528	-0.0685528	0.0685528
5	Gm05_40055446	40055446	0.128289	0.253981	-0.253981	0.253981
5	Gm05_40068084	40068084	0.407895	0.040203	-0.040203	0.040203
5	Gm05_40068100	40068100	0.335526	0.523914	-0.523914	0.523914
5	Gm05_40068106	40068106	0.256579	0.229858	-0.229858	0.229858
5	Gm05_40068121	40068121	0.0888158	0.567367	-0.567367	0.567367
5	Gm05_40068297	40068297	0.398026	0.0879495	-0.0879495	0.0879495
5	Gm05_40083982	40083982	0.253289	0.528795	-0.528795	0.528795
5	Gm05_40086269	40086269	0.0888158	0.559068	-0.559068	0.559068
