chr	id	pos	gpos	p1	sL1	p2	sL2	xpnsl
5	Gm05_25460881	25460881	25.4609	0.153846	120.871	0.0526316	108.64	0.0463311
5	Gm05_25464994	25464994	25.465	0.169231	121.178	0.0526316	108.917	0.0463273
5	Gm05_25465036	25465036	25.465	0.169231	121.274	0.0526316	109.057	0.0461128
5	Gm05_25473069	25473069	25.4731	0.169231	121.37	0.0526316	109.198	0.0458987
5	Gm05_25488476	25488476	25.4885	0.169231	121.467	0.0526316	109.338	0.0456851
5	Gm05_25488736	25488736	25.4887	0.169231	121.406	0.0526316	109.328	0.0455064
5	Gm05_25499874	25499874	25.4999	0.169231	121.502	0.0526316	109.469	0.0452933
5	Gm05_25528953	25528953	25.529	0.169231	121.687	0.0526316	109.663	0.0451832
5	Gm05_25532201	25532201	25.5322	0.169231	121.772	0.0526316	109.803	0.0449311
5	Gm05_25533020	25533020	25.533	0.169231	121.716	0.0526316	109.849	0.0445549
5	Gm05_25533093	25533093	25.5331	0.169231	121.79	0.0526316	109.989	0.0442637
5	Gm05_25554799	25554799	25.5548	0.169231	121.864	0.0526316	110.129	0.043973
5	Gm05_25555082	25555082	25.5551	0.169231	121.936	0.0526316	110.27	0.0436752
5	Gm05_25558013	25558013	25.558	0.169231	121.778	0.0526316	110.241	0.043224
5	Gm05_25623299	25623299	25.6233	0.169231	121.847	0.0526316	110.382	0.0429193
5	Gm05_25634302	25634302	25.6343	0.169231	122.323	0.0526316	110.759	0.0431268
5	Gm05_25634344	25634344	25.6343	0.169231	122.392	0.0526316	110.9	0.0428236
5	Gm05_25634580	25634580	25.6346	0.169231	122.462	0.0526316	111.04	0.042521
5	Gm05_25634635	25634635	25.6346	0.169231	122.532	0.0526316	111.181	0.0422188
5	Gm05_25638297	25638297	25.6383	0.169231	122.331	0.0526316	111.12	0.0417418
5	Gm05_25638324	25638324	25.6383	0.169231	122.466	0.0526316	111.299	0.0415237
5	Gm05_25638332	25638332	25.6383	0.169231	122.536	0.0526316	111.44	0.0412228
5	Gm05_25640880	25640880	25.6409	0.169231	122.606	0.0526316	111.58	0.0409225
5	Gm05_25641282	25641282	25.6413	0.169231	122.494	0.0526316	111.686	0.0401162
5	Gm05_25641511	25641511	25.6415	0.169231	122.274	0.0526316	111.827	0.0387882
5	Gm05_25651873	25651873	25.6519	0.169231	122.369	0.0526316	112.154	0.0378553
5	Gm05_25651878	25651878	25.6519	0.169231	122.341	0.0526316	112.415	0.0367482
5	Gm05_25686793	25686793	25.6868	0.169231	122.427	0.0526316	112.74	0.0357997
5	Gm05_25688631	25688631	25.6886	0.169231	122.184	0.0526316	112.88	0.0343991
5	Gm05_25688647	25688647	25.6886	0.169231	121.979	0.0526316	113.04	0.0330503
5	Gm05_25711131	25711131	25.7111	0.169231	121.727	0.0526316	113.169	0.0316617
5	Gm05_25783061	25783061	25.7831	0.153846	121.279	0.0526316	113.189	0.0299846
5	Gm05_25798498	25798498	25.7985	0.169231	121.461	0.0526316	113.328	0.0300986
5	Gm05_25817895	25817895	25.8179	0.169231	121.217	0.0526316	113.467	0.0286938
5	Gm05_25833422	25833422	25.8334	0.169231	120.974	0.0526316	113.607	0.027288
5	Gm05_25833693	25833693	25.8337	0.169231	120.723	0.0526316	113.746	0.0258545
5	Gm05_25851115	25851115	25.8511	0.169231	120.465	0.0526316	113.886	0.024393
5	Gm05_25851139	25851139	25.8511	0.169231	120.45	0.0526316	114.161	0.0232889
5	Gm05_25901823	25901823	25.9018	0.169231	120.192	0.0526316	114.3	0.0218273
5	Gm05_25901898	25901898	25.9019	0.169231	119.934	0.0526316	114.44	0.0203643
5	Gm05_25902040	25902040	25.902	0.169231	119.675	0.0526316	114.579	0.0189
5	Gm05_25908219	25908219	25.9082	0.169231	119.417	0.0526316	114.718	0.0174343
5	Gm05_25908249	25908249	25.9082	0.169231	119.159	0.0526316	114.858	0.0159672
5	Gm05_25916222	25916222	25.9162	0.169231	118.901	0.0526316	114.997	0.0144987
5	Gm05_25918643	25918643	25.9186	0.169231	118.643	0.0526316	115.137	0.0130288
5	Gm05_25919158	25919158	25.9192	0.169231	118.384	0.0526316	115.265	0.0115967
5	Gm05_25930967	25930967	25.931	0.169231	118.124	0.0526316	115.382	0.0102022
5	Gm05_25931242	25931242	25.9312	0.169231	117.864	0.0526316	115.498	0.00880595
5	Gm05_25935563	25935563	25.9356	0.169231	117.604	0.0526316	115.615	0.00740808
5	Gm05_25935602	25935602	25.9356	0.169231	117.344	0.0526316	115.732	0.00600853
5	Gm05_25936121	25936121	25.9361	0.169231	117.058	0.0526316	115.625	0.00534797
5	Gm05_25936600	25936600	25.9366	0.169231	116.749	0.0526316	115.663	0.00405535
5	Gm05_25936634	25936634	25.9366	0.169231	116.484	0.0526316	115.747	0.00275667
5	Gm05_25937176	25937176	25.9372	0.169231	116.212	0.0526316	115.83	0.00142924
5	Gm05_25937203	25937203	25.9372	0.169231	115.868	0.0526316	115.823	0.000168379
5	Gm05_25937467	25937467	25.9375	0.169231	115.589	0.0526316	115.906	-0.00119114
5	Gm05_25939660	25939660	25.9397	0.169231	115.31	0.0526316	115.989	-0.00255297
5	Gm05_25941004	25941004	25.941	0.169231	115.03	0.0526316	116.073	-0.00391711
5	Gm05_25941048	25941048	25.941	0.169231	114.751	0.0526316	116.156	-0.00528359
5	Gm05_25943007	25943007	25.943	0.169231	114.472	0.0526316	116.239	-0.00665241
5	Gm05_25943350	25943350	25.9433	0.169231	114.193	0.0526316	116.323	-0.00802359
5	Gm05_25943411	25943411	25.9434	0.169231	113.914	0.0526316	116.406	-0.00939715
5	Gm05_25943662	25943662	25.9437	0.169231	113.635	0.0526316	116.485	-0.0107581
5	Gm05_25953722	25953722	25.9537	0.169231	113.284	0.0526316	116.462	-0.0120164
5	Gm05_25955376	25955376	25.9554	0.169231	113.005	0.0526316	116.538	-0.0133683
5	Gm05_25955774	25955774	25.9558	0.169231	112.726	0.0526316	116.613	-0.0147226
5	Gm05_25965538	25965538	25.9655	0.169231	112.447	0.0526316	116.688	-0.0160794
5	Gm05_25965929	25965929	25.9659	0.169231	112.168	0.0526316	116.764	-0.0174387
5	Gm05_25989612	25989612	25.9896	0.169231	111.889	0.0526316	116.839	-0.0188004
5	Gm05_25989647	25989647	25.9896	0.169231	111.61	0.0526316	116.914	-0.0201648
5	Gm05_25997552	25997552	25.9976	0.169231	111.331	0.0526316	116.989	-0.0215316
5	Gm05_25997570	25997570	25.9976	0.169231	111.055	0.0526316	117.067	-0.0228952
5	Gm05_25997743	25997743	25.9977	0.169231	110.776	0.0526316	117.142	-0.0242671
5	Gm05_26006513	26006513	26.0065	0.169231	110.3	0.0526316	116.948	-0.0254184
5	Gm05_26007945	26007945	26.0079	0.169231	110.02	0.0526316	117.023	-0.0267981
5	Gm05_26050112	26050112	26.0501	0.169231	110.105	0.0526316	117.315	-0.0275458
5	Gm05_26050402	26050402	26.0504	0.215385	104.404	0.421053	85.3707	0.087408
5	Gm05_26050508	26050508	26.0505	0.184615	106.469	0.0526316	108.448	-0.00799859
5	Gm05_26050619	26050619	26.0506	0.169231	107.453	0.0526316	108.539	-0.00436366
5	Gm05_26050626	26050626	26.0506	0.169231	107.178	0.0526316	108.629	-0.00584058
5	Gm05_26051283	26051283	26.0513	0.169231	106.902	0.0526316	108.719	-0.00732008
5	Gm05_26051560	26051560	26.0516	0.169231	106.993	0.0526316	109.005	-0.0080914
5	Gm05_26052848	26052848	26.0528	0.169231	106.697	0.0526316	109.068	-0.00954521
5	Gm05_26052896	26052896	26.0529	0.169231	106.421	0.0526316	109.159	-0.0110283
5	Gm05_26053106	26053106	26.0531	0.169231	106.103	0.0526316	109.187	-0.0124446
5	Gm05_26081954	26081954	26.082	0.169231	105.827	0.0526316	109.27	-0.0139031
5	Gm05_26082969	26082969	26.083	0.169231	105.551	0.0526316	109.352	-0.0153643
5	Gm05_26082984	26082984	26.083	0.169231	105.276	0.0526316	109.435	-0.0168282
5	Gm05_26083008	26083008	26.083	0.169231	105	0.0526316	109.518	-0.0182949
5	Gm05_26089979	26089979	26.09	0.169231	104.724	0.0526316	109.6	-0.0197643
5	Gm05_26099525	26099525	26.0995	0.169231	104.448	0.0526316	109.683	-0.0212365
5	Gm05_26099590	26099590	26.0996	0.169231	104.173	0.0526316	109.765	-0.0227115
5	Gm05_26124324	26124324	26.1243	0.169231	103.897	0.0526316	109.848	-0.0241892
5	Gm05_26169136	26169136	26.1691	0.169231	103.621	0.0526316	109.931	-0.0256698
5	Gm05_26169926	26169926	26.1699	0.169231	103.346	0.0526316	110.01	-0.0271387
5	Gm05_26178100	26178100	26.1781	0.169231	103.07	0.0526316	110.085	-0.0285961
5	Gm05_26178111	26178111	26.1781	0.169231	102.794	0.0526316	110.16	-0.0300564
5	Gm05_26205499	26205499	26.2055	0.169231	102.347	0.0526316	110.01	-0.0313595
5	Gm05_26205726	26205726	26.2057	0.169231	102.048	0.0526316	110.04	-0.0327468
5	Gm05_26249047	26249047	26.249	0.169231	101.443	0.0526316	109.635	-0.0337278
5	Gm05_26289770	26289770	26.2898	0.169231	100.968	0.0526316	109.4	-0.0348335
5	Gm05_26299106	26299106	26.2991	0.169231	100.615	0.0526316	109.343	-0.0361303
5	Gm05_26311770	26311770	26.3118	0.169231	100.262	0.0526316	109.287	-0.0374324
5	Gm05_26317782	26317782	26.3178	0.169231	99.9087	0.0526316	109.23	-0.0387398
5	Gm05_26317790	26317790	26.3178	0.169231	99.5557	0.0526316	109.174	-0.0400525
5	Gm05_26377928	26377928	26.3779	0.169231	99.073	0.0526316	108.929	-0.0411885
5	Gm05_26378420	26378420	26.3784	0.169231	98.72	0.0526316	108.873	-0.0425135
5	Gm05_26398192	26398192	26.3982	0.169231	98.5662	0.0526316	108.963	-0.043551
5	Gm05_26404460	26404460	26.4045	0.169231	98.2132	0.0526316	108.907	-0.0448841
5	Gm05_26429554	26429554	26.4296	0.169231	97.8602	0.0526316	108.85	-0.0462227
5	Gm05_26429781	26429781	26.4298	0.169231	97.5071	0.0526316	108.794	-0.0475668
5	Gm05_26429819	26429819	26.4298	0.169231	97.2043	0.0526316	108.774	-0.04884
5	Gm05_26431414	26431414	26.4314	0.153846	96.437	0.0526316	108.718	-0.0520562
5	Gm05_26462656	26462656	26.4627	0.169231	96.3553	0.0526316	108.462	-0.051403
5	Gm05_26476635	26476635	26.4766	0.169231	96.45	0.0526316	108.689	-0.051884
5	Gm05_26476891	26476891	26.4769	0.169231	96.1051	0.0526316	108.59	-0.0530427
5	Gm05_26478134	26478134	26.4781	0.169231	95.7602	0.0526316	108.49	-0.0542066
5	Gm05_26478392	26478392	26.4784	0.169231	95.4153	0.0526316	108.391	-0.0553758
5	Gm05_26478440	26478440	26.4784	0.169231	95.0704	0.0526316	108.292	-0.0565503
5	Gm05_26513343	26513343	26.5133	0.169231	94.7255	0.0526316	108.192	-0.0577302
5	Gm05_26513937	26513937	26.5139	0.169231	94.3806	0.0526316	108.093	-0.0589154
5	Gm05_26514228	26514228	26.5142	0.169231	94.0357	0.0526316	107.994	-0.0601061
5	Gm05_26514737	26514737	26.5147	0.169231	93.4963	0.0526316	107.645	-0.0611988
5	Gm05_26536330	26536330	26.5363	0.292308	65.1783	0	107.542	-0.217476
5	Gm05_26550431	26550431	26.5504	0.169231	90.8122	0.0526316	107.339	-0.0726147
5	Gm05_26550752	26550752	26.5508	0.169231	90.6311	0.0526316	106.988	-0.0720581
5	Gm05_26550789	26550789	26.5508	0.169231	90.4973	0.0526316	106.705	-0.0715496
5	Gm05_26550827	26550827	26.5508	0.169231	90.6474	0.0526316	106.786	-0.0711578
5	Gm05_26550881	26550881	26.5509	0.169231	90.6508	0.0526316	106.666	-0.0706524
5	Gm05_26551080	26551080	26.5511	0.169231	90.6541	0.0526316	106.545	-0.0701466
5	Gm05_26571570	26571570	26.5716	0.169231	90.6954	0.0526316	106.477	-0.0696702
5	Gm05_26598381	26598381	26.5984	0.169231	90.9468	0.0526316	106.696	-0.0693613
5	Gm05_26599251	26599251	26.5993	0.169231	90.948	0.0526316	106.576	-0.0688659
5	Gm05_26599446	26599446	26.5994	0.169231	90.9471	0.0526316	106.456	-0.0683801
5	Gm05_26599464	26599464	26.5995	0.169231	90.9461	0.0526316	106.335	-0.0678938
5	Gm05_26599525	26599525	26.5995	0.0615385	87.067	0.368421	83.2501	0.0194684
5	Gm05_26599781	26599781	26.5998	0.169231	89.3297	0.0526316	92.2033	-0.0137505
5	Gm05_26600495	26600495	26.6005	0.169231	89.3436	0.0526316	92.0831	-0.0131165
5	Gm05_26600517	26600517	26.6005	0.169231	89.5591	0.0526316	92.2475	-0.0128449
5	Gm05_26604309	26604309	26.6043	0.169231	89.5729	0.0526316	92.1272	-0.0122114
5	Gm05_26612588	26612588	26.6126	0.169231	89.5867	0.0526316	92.007	-0.011577
5	Gm05_26612640	26612640	26.6126	0.169231	89.6006	0.0526316	91.8867	-0.010942
5	Gm05_26612934	26612934	26.6129	0.169231	89.6144	0.0526316	91.7665	-0.0103062
5	Gm05_26612948	26612948	26.6129	0.169231	89.6282	0.0526316	91.6462	-0.00966971
5	Gm05_26615840	26615840	26.6158	0.169231	89.6421	0.0526316	91.526	-0.00903246
5	Gm05_26615863	26615863	26.6159	0.169231	89.6559	0.0526316	91.4057	-0.00839447
5	Gm05_26634820	26634820	26.6348	0.169231	89.6612	0.0526316	91.2855	-0.00779733
5	Gm05_26635082	26635082	26.6351	0.169231	89.6578	0.0526316	91.1652	-0.00724103
5	Gm05_26635118	26635118	26.6351	0.169231	89.6545	0.0526316	91.045	-0.00668398
5	Gm05_26637200	26637200	26.6372	0.169231	89.6511	0.0526316	90.9247	-0.00612616
5	Gm05_26722525	26722525	26.7225	0.153846	89.3317	0.0526316	90.8045	-0.00710178
5	Gm05_26745681	26745681	26.7457	0.0461538	89.4738	0.315789	82.4671	0.0354151
5	Gm05_26745687	26745687	26.7457	0.0461538	89.4824	0.315789	82.3803	0.035914
5	Gm05_26745701	26745701	26.7457	0.230769	87.3879	0.368421	82.1942	0.0266099
5	Gm05_26770939	26770939	26.7709	0.0461538	87.9381	0.315789	82.2043	0.0292825
5	Gm05_26770957	26770957	26.771	0.0461538	87.961	0.315789	82.1175	0.0298543
5	Gm05_26771163	26771163	26.7712	0.230769	87.4927	0.368421	82.0042	0.0281355
5	Gm05_26771174	26771174	26.7712	0.230769	87.5156	0.368421	81.9174	0.028709
5	Gm05_26771724	26771724	26.7717	0.230769	87.5385	0.368421	81.8307	0.029283
5	Gm05_26771765	26771765	26.7718	0.184615	87.653	0.0526316	82.4466	0.0265942
5	Gm05_26773753	26773753	26.7738	0.184615	87.6759	0.0526316	82.3598	0.027165
5	Gm05_26773972	26773972	26.774	0.0461538	88.0954	0.315789	81.5961	0.0332838
5	Gm05_26773982	26773982	26.774	0.0461538	88.1183	0.302632	80.7784	0.0377709
5	Gm05_26799907	26799907	26.7999	0.230769	87.4339	0.368421	80.4529	0.036138
5	Gm05_26800169	26800169	26.8002	0.0461538	98.0928	0.315789	82.4879	0.0752469
5	Gm05_26810743	26810743	26.8107	0.0461538	98.1305	0.315789	82.4091	0.0758286
5	Gm05_26824664	26824664	26.8247	0.0461538	98.1682	0.315789	82.3303	0.0764107
5	Gm05_26826913	26826913	26.8269	0.0461538	98.2059	0.315789	82.2516	0.0769931
5	Gm05_26829742	26829742	26.8297	0.0461538	98.2924	0.315789	82.2395	0.0774395
5	Gm05_26829911	26829911	26.8299	0.0461538	98.153	0.315789	81.9845	0.0781717
5	Gm05_26830053	26830053	26.8301	0.0461538	98.1907	0.302632	81.8992	0.0787905
5	Gm05_26830235	26830235	26.8302	0.0461538	98.0795	0.302632	81.6724	0.0795033
5	Gm05_26830285	26830285	26.8303	0.0461538	98.0324	0.302632	81.5092	0.0801631
5	Gm05_26884174	26884174	26.8842	0.0461538	98.0701	0.315789	81.5621	0.0800486
5	Gm05_26884220	26884220	26.8842	0.0461538	98.1078	0.315789	81.4833	0.0806351
5	Gm05_26884238	26884238	26.8842	0.0461538	98.2552	0.315789	81.5748	0.0807996
5	Gm05_26888432	26888432	26.8884	0.0461538	98.2929	0.315789	81.496	0.0813858
5	Gm05_26888447	26888447	26.8884	0.0461538	98.3303	0.315789	81.4172	0.0819712
5	Gm05_26888464	26888464	26.8885	0.0461538	98.367	0.315789	81.3384	0.0825538
5	Gm05_26888472	26888472	26.8885	0.0461538	98.4033	0.315789	81.2597	0.0831346
5	Gm05_26888509	26888509	26.8885	0.0461538	98.4395	0.315789	81.1776	0.0837335
5	Gm05_26909744	26909744	26.9097	0.0461538	98.4758	0.315789	81.0922	0.0843505
5	Gm05_26931074	26931074	26.9311	0.0461538	98.5121	0.315789	81.0068	0.084968
5	Gm05_26931086	26931086	26.9311	0.0461538	98.5483	0.315789	80.9214	0.0855858
5	Gm05_26954233	26954233	26.9542	0.0461538	98.5846	0.302632	80.1363	0.0899794
5	Gm05_26954247	26954247	26.9542	0.0461538	98.5631	0.315789	80.6844	0.0869246
5	Gm05_26954442	26954442	26.9544	0.0461538	98.5993	0.315789	80.6067	0.0875029
5	Gm05_26957284	26957284	26.9573	0.0461538	98.6356	0.315789	80.529	0.0880815
5	Gm05_26957336	26957336	26.9573	0.0461538	98.4133	0.315789	80.1988	0.0888857
5	Gm05_26957550	26957550	26.9576	0.0461538	98.4495	0.315789	80.1211	0.0894667
5	Gm05_26957559	26957559	26.9576	0.0461538	98.3411	0.315789	79.9022	0.0901767
5	Gm05_26959181	26959181	26.9592	0.0461538	98.3774	0.315789	79.8244	0.0907594
5	Gm05_26959186	26959186	26.9592	0.0461538	98.474	0.315789	79.8273	0.0911702
5	Gm05_26959207	26959207	26.9592	0.0461538	98.6849	0.315789	79.9827	0.0912548
5	Gm05_26961159	26961159	26.9612	0.0461538	98.7212	0.302632	79.2252	0.0955473
5	Gm05_26961645	26961645	26.9616	0.0461538	98.7575	0.315789	79.8105	0.0925097
5	Gm05_26961829	26961829	26.9618	0.0461538	98.7937	0.315789	79.7467	0.0930163
5	Gm05_27005718	27005718	27.0057	0.0461538	98.9151	0.302632	79.6336	0.0941662
5	Gm05_27011280	27011280	27.0113	0.0461538	98.9513	0.315789	80.2631	0.0909054
5	Gm05_27193854	27193854	27.1939	0.0307692	95.2373	0	82.6343	0.0616467
5	Gm05_27229069	27229069	27.2291	0.169231	90.1492	0.0526316	80.5372	0.0489654
5	Gm05_27229358	27229358	27.2294	0.169231	90.2513	0.0526316	80.4804	0.0497634
5	Gm05_27229382	27229382	27.2294	0.169231	90.3372	0.0526316	80.4087	0.0505638
5	Gm05_27229411	27229411	27.2294	0.169231	90.4393	0.0526316	80.3519	0.0513613
5	Gm05_27229418	27229418	27.2294	0.230769	88.8093	0.421053	74.8872	0.0740509
5	Gm05_27266111	27266111	27.2661	0.169231	90.6199	0.0526316	81.8596	0.0441538
5	Gm05_27277454	27277454	27.2775	0.169231	90.7122	0.0526316	81.7938	0.0449454
5	Gm05_27278250	27278250	27.2782	0.169231	90.8143	0.0526316	81.7237	0.045806
5	Gm05_27278269	27278269	27.2783	0.169231	90.6152	0.0526316	81.3833	0.0466659
5	Gm05_27278467	27278467	27.2785	0.169231	90.7751	0.0526316	81.3839	0.047428
5	Gm05_27278514	27278514	27.2785	0.169231	90.811	0.0526316	81.2441	0.0483465
5	Gm05_27292427	27292427	27.2924	0.169231	90.9131	0.0526316	81.1608	0.04928
5	Gm05_27292467	27292467	27.2925	0.169231	91.0152	0.0526316	81.0775	0.0502134
5	Gm05_27328976	27328976	27.329	0.169231	91.2185	0.0921053	77.2852	0.0719871
5	Gm05_27328997	27328997	27.329	0.169231	91.3168	0.0921053	77.2489	0.0726584
5	Gm05_27329049	27329049	27.329	0.169231	91.1447	0.0921053	76.9789	0.0733599
5	Gm05_27329108	27329108	27.3291	0.169231	91.1183	0.0921053	76.8348	0.0740475
5	Gm05_27329276	27329276	27.3293	0.169231	91.2166	0.0921053	76.7986	0.0747205
5	Gm05_27342672	27342672	27.3427	0.169231	91.3148	0.0921053	76.7623	0.0753932
5	Gm05_27342961	27342961	27.343	0.169231	91.5364	0.0921053	76.8844	0.0757554
5	Gm05_27343076	27343076	27.3431	0.169231	91.3099	0.0921053	76.5674	0.0764741
5	Gm05_27355888	27355888	27.3559	0.184615	91.0173	0.144737	74.9854	0.0841471
5	Gm05_27417059	27417059	27.4171	0.0307692	91.5765	0.0526316	79.9947	0.058723
5	Gm05_27444167	27444167	27.4442	0.215385	91.2398	0.394737	74.1098	0.0903091
5	Gm05_27444390	27444390	27.4444	0.215385	91.2217	0.394737	74.1317	0.0900942
5	Gm05_27505616	27505616	27.5056	0.230769	88.1036	0.407895	74.0733	0.0753316
5	Gm05_27543725	27543725	27.5437	0.0923077	100.406	0.0657895	110.676	-0.0422972
5	Gm05_27544002	27544002	27.544	0.0923077	100.629	0.0657895	110.966	-0.0424675
5	Gm05_27545523	27545523	27.5455	0.0923077	100.956	0.0657895	111.373	-0.0426444
5	Gm05_27552068	27552068	27.5521	0.0923077	101.284	0.0657895	111.779	-0.0428202
5	Gm05_27552304	27552304	27.5523	0.0923077	101.62	0.0657895	112.195	-0.0429916
5	Gm05_27556305	27556305	27.5563	0.0923077	101.636	0.0657895	112.242	-0.0431058
5	Gm05_27561425	27561425	27.5614	0.0923077	101.66	0.0657895	112.307	-0.0432589
5	Gm05_27565250	27565250	27.5652	0.0923077	101.988	0.0657895	112.714	-0.0434312
5	Gm05_27566670	27566670	27.5667	0.0923077	102.315	0.0657895	113.121	-0.0436023
5	Gm05_27566704	27566704	27.5667	0.0923077	102.643	0.0657895	113.528	-0.0437723
5	Gm05_27567011	27567011	27.567	0.0923077	102.971	0.0657895	113.935	-0.0439411
5	Gm05_27568408	27568408	27.5684	0.0923077	103.299	0.0657895	114.341	-0.0441088
5	Gm05_37611048	37611048	37.611	0.4	28.4285	0.657895	50.3925	-0.248612
5	Gm05_37700125	37700125	37.7001	0.138462	29.1639	0.0394737	50.3622	-0.23726
5	Gm05_37712480	37712480	37.7125	0.0769231	28.8377	0.131579	49.5619	-0.235188
5	Gm05_37712709	37712709	37.7127	0.246154	28.5555	0.565789	49.2368	-0.236601
5	Gm05_37734242	37734242	37.7342	0.138462	33.6412	0.0394737	57.1643	-0.230254
5	Gm05_37737102	37737102	37.7371	0.138462	33.6507	0.0394737	57.1455	-0.229987
5	Gm05_37761724	37761724	37.7617	0.0307692	33.7079	0.118421	56.7275	-0.226062
5	Gm05_37761890	37761890	37.7619	0.138462	33.7064	0.0394737	57.4661	-0.231699
5	Gm05_37765834	37765834	37.7658	0.138462	33.7052	0.0394737	57.4382	-0.231504
5	Gm05_37765865	37765865	37.7659	0.138462	33.6699	0.0394737	57.3195	-0.231061
5	Gm05_37795547	37795547	37.7955	0.0769231	33.2844	0.0657895	57.0805	-0.234247
5	Gm05_37834189	37834189	37.8342	0.123077	35.0907	0.0394737	57.9573	-0.217917
5	Gm05_37847611	37847611	37.8476	0.261538	33.49	0.105263	58.6521	-0.243369
5	Gm05_37847666	37847666	37.8477	0.261538	33.478	0.105263	58.6312	-0.243369
5	Gm05_37862549	37862549	37.8625	0.138462	36.5573	0.0394737	59.3289	-0.210292
5	Gm05_37895969	37895969	37.896	0.123077	36.6052	0.0263158	59.3779	-0.210082
5	Gm05_37908899	37908899	37.9089	0.0769231	36.9452	0.0131579	59.6718	-0.208211
5	Gm05_37909274	37909274	37.9093	0.0769231	36.929	0.0131579	59.6377	-0.208153
5	Gm05_37912417	37912417	37.9124	0.0923077	36.8858	0.0657895	59.0713	-0.204517
5	Gm05_37927703	37927703	37.9277	0.0769231	37.4083	0.0263158	59.2613	-0.199804
5	Gm05_37936679	37936679	37.9367	0.0769231	36.2972	0.0921053	56.185	-0.189747
5	Gm05_37936705	37936705	37.9367	0.123077	35.9776	0.0394737	56.0538	-0.192573
5	Gm05_37958496	37958496	37.9585	0.246154	35.235	0.171053	55.7159	-0.199005
5	Gm05_38020507	38020507	38.0205	0.123077	38.1039	0.0789474	58.1576	-0.183637
5	Gm05_38026354	38026354	38.0264	0.123077	38.0882	0.0789474	58.1493	-0.183754
5	Gm05_38028055	38028055	38.0281	0.123077	38.0724	0.0394737	58.2723	-0.184851
5	Gm05_38028075	38028075	38.0281	0.123077	37.9902	0.0394737	58.0703	-0.184282
5	Gm05_38132148	38132148	38.1321	0.230769	33.7553	0.289474	52.669	-0.193213
5	Gm05_38155447	38155447	38.1554	0.230769	33.7891	0.289474	52.7255	-0.193245
5	Gm05_38216777	38216777	38.2168	0.230769	33.764	0.25	52.5961	-0.1925
5	Gm05_38218529	38218529	38.2185	0.230769	33.7514	0.289474	52.5235	-0.192062
5	Gm05_38278658	38278658	38.2787	0.246154	32.8619	0.302632	51.1956	-0.19254
5	Gm05_38337589	38337589	38.3376	0.184615	32.9375	0.289474	51.2924	-0.192362
5	Gm05_38381651	38381651	38.3817	0.184615	32.9335	0.25	51.0629	-0.190467
5	Gm05_38381666	38381666	38.3817	0.184615	32.936	0.276316	49.909	-0.180509
5	Gm05_38381706	38381706	38.3817	0.184615	32.9527	0.25	51.0452	-0.190065
5	Gm05_38381771	38381771	38.3818	0.2	32.9038	0.263158	51.4642	-0.194259
5	Gm05_38411981	38411981	38.412	0.230769	32.8888	0.276316	50.7297	-0.188214
5	Gm05_38412123	38412123	38.4121	0.230769	32.9031	0.315789	50.6615	-0.187441
5	Gm05_38432350	38432350	38.4323	0.261538	32.1659	0.328947	50.5605	-0.196416
5	Gm05_38432356	38432356	38.4324	0.261538	32.1797	0.328947	50.5818	-0.196412
5	Gm05_38473956	38473956	38.474	0.230769	32.8841	0.315789	50.5707	-0.186912
5	Gm05_38473970	38473970	38.474	0.230769	32.8658	0.289474	50.5454	-0.186937
5	Gm05_38487440	38487440	38.4874	0.215385	32.8747	0.276316	50.5542	-0.186895
5	Gm05_38487748	38487748	38.4877	0.230769	32.8542	0.315789	50.5926	-0.187497
5	Gm05_38506373	38506373	38.5064	0.215385	32.9284	0.315789	50.6139	-0.186699
5	Gm05_38521435	38521435	38.5214	0.215385	32.9251	0.289474	50.6316	-0.186894
5	Gm05_38559026	38559026	38.559	0.215385	32.9079	0.315789	50.7038	-0.187741
5	Gm05_38559316	38559316	38.5593	0.215385	32.9045	0.315789	50.7249	-0.187965
5	Gm05_38571054	38571054	38.5711	0.230769	32.8348	0.315789	50.7789	-0.189349
5	Gm05_38596801	38596801	38.5968	0.707692	27.2755	0.171053	61.3919	-0.352338
5	Gm05_38659521	38659521	38.6595	0.630769	26.4132	0.144737	62.4034	-0.373388
5	Gm05_38666343	38666343	38.6663	0.384615	22.7604	0.0394737	62.6222	-0.439549
5	Gm05_38673637	38673637	38.6736	0.261538	23.319	0.118421	62.6825	-0.429437
5	Gm05_38673658	38673658	38.6737	0.353846	23.2437	0.0263158	62.9959	-0.433006
5	Gm05_38673665	38673665	38.6737	0.261538	23.3533	0.118421	63.0583	-0.431393
5	Gm05_38673697	38673697	38.6737	0.615385	23.3884	0.144737	63.1074	-0.431079
5	Gm05_38735709	38735709	38.7357	0.630769	23.4333	0.184211	62.7912	-0.428066
5	Gm05_38748106	38748106	38.7481	0.292308	23.305	0.118421	63.0381	-0.432154
5	Gm05_38748156	38748156	38.7482	0.630769	23.2306	0.184211	62.8937	-0.432547
5	Gm05_38752446	38752446	38.7524	0.292308	23.3031	0.118421	63.4707	-0.435159
5	Gm05_38753641	38753641	38.7536	0.338462	23.5063	0.0263158	63.9869	-0.434906
5	Gm05_38767165	38767165	38.7672	0.338462	23.5264	0.0263158	64.1399	-0.435573
5	Gm05_38777067	38777067	38.7771	0.630769	23.5169	0.171053	63.563	-0.431825
5	Gm05_38777116	38777116	38.7771	0.630769	23.5607	0.144737	64.0462	-0.434305
5	Gm05_38801291	38801291	38.8013	0.353846	23.5313	0.0263158	64.5687	-0.438376
5	Gm05_38801308	38801308	38.8013	0.353846	23.5845	0.0263158	64.8613	-0.439358
5	Gm05_38810461	38810461	38.8105	0.615385	23.2851	0.144737	64.626	-0.44333
5	Gm05_38812855	38812855	38.8129	0.630769	23.2878	0.144737	64.7703	-0.444247
5	Gm05_38863205	38863205	38.8632	0.353846	23.1272	0.0263158	65.0155	-0.448895
5	Gm05_38931196	38931196	38.9312	0.153846	22.9345	0.105263	64.9347	-0.451987
5	Gm05_38949698	38949698	38.9497	0.630769	23.2363	0.171053	64.8312	-0.445617
5	Gm05_38949707	38949707	38.9497	0.630769	23.2344	0.184211	63.7385	-0.43827
5	Gm05_38956925	38956925	38.9569	0.630769	23.2289	0.171053	65.2455	-0.448521
5	Gm05_39045621	39045621	39.0456	0.384615	21.1951	0.25	59.2807	-0.446677
5	Gm05_39082944	39082944	39.0829	0.0769231	23.9904	0.0789474	60.5774	-0.402272
5	Gm05_39151100	39151100	39.1511	0.153846	23.2873	0.0526316	59.638	-0.408405
5	Gm05_39151231	39151231	39.1512	0.153846	23.2858	0.0526316	59.8329	-0.409848
5	Gm05_39243620	39243620	39.2436	0.0615385	23.6792	0.0789474	60.1084	-0.404569
5	Gm05_39243909	39243909	39.2439	0.0615385	23.6518	0.0789474	60.1713	-0.405526
5	Gm05_39308012	39308012	39.308	0.307692	22.8217	0.276316	59.045	-0.412835
5	Gm05_39330851	39330851	39.3309	0.138462	23.1429	0.105263	60.2062	-0.415223
5	Gm05_39331355	39331355	39.3314	0.138462	23.1888	0.0921053	59.9388	-0.412429
5	Gm05_39359911	39359911	39.3599	0.615385	22.4494	0.0526316	61.2384	-0.43582
5	Gm05_39359931	39359931	39.3599	0.0923077	23.4222	0.710526	60.7945	-0.414237
5	Gm05_39360077	39360077	39.3601	0.0923077	23.4646	0.710526	61.0864	-0.415532
5	Gm05_39377830	39377830	39.3778	0.0923077	23.5338	0.105263	63.4204	-0.430537
5	Gm05_39378064	39378064	39.3781	0.138462	23.6041	0.0789474	64.3051	-0.435258
5	Gm05_39556043	39556043	39.556	0.492308	21.9274	0.0526316	65.1187	-0.472719
5	Gm05_39556261	39556261	39.5563	0.0769231	22.187	0.0394737	65.2546	-0.468512
5	Gm05_39574994	39574994	39.575	0.492308	21.8777	0.0526316	65.5655	-0.476674
5	Gm05_39575286	39575286	39.5753	0.0769231	22.1811	0.0394737	65.7752	-0.472079
5	Gm05_39602518	39602518	39.6025	0.492308	22.1226	0.0921053	66.1247	-0.475527
5	Gm05_39675441	39675441	39.6754	0.2	24.1556	0.0921053	66.4311	-0.439354
5	Gm05_39683447	39683447	39.6834	0.2	24.1551	0.118421	66.5839	-0.440361
5	Gm05_39692760	39692760	39.6928	0.184615	24.0786	0.0921053	66.8034	-0.443168
5	Gm05_39755592	39755592	39.7556	0.215385	23.808	0.131579	66.6788	-0.447264
5	Gm05_39768677	39768677	39.7687	0.2	23.8911	0.0921053	67.2118	-0.449209
5	Gm05_39857662	39857662	39.8577	0.0769231	24.5074	0.0526316	67.5699	-0.440455
5	Gm05_39857727	39857727	39.8577	0.0769231	24.5079	0.0526316	67.7612	-0.441675
5	Gm05_39905350	39905350	39.9053	0.0923077	24.5076	0.0526316	67.9526	-0.442905
5	Gm05_39928987	39928987	39.929	0.353846	22.5293	0.210526	66.3636	-0.469182
5	Gm05_39933060	39933060	39.9331	0.446154	22.6322	0.276316	66.4897	-0.468028
5	Gm05_39941802	39941802	39.9418	0.0769231	22.4954	0.710526	66.1764	-0.46861
5	Gm05_39957982	39957982	39.958	0.446154	22.5715	0.276316	66.4762	-0.469105
5	Gm05_39969405	39969405	39.9694	0.0923077	24.2592	0.0526316	68.1347	-0.448492
5	Gm05_39981147	39981147	39.9811	0.0923077	24.2609	0.131579	68.0461	-0.447897
5	Gm05_40009545	40009545	40.0095	0.138462	22.3293	0.0789474	68.1138	-0.48436
5	Gm05_40009562	40009562	40.0096	0.230769	22.2071	0.131579	68.2188	-0.487412
5	Gm05_40044590	40044590	40.0446	0.215385	22.677	0.0921053	68.4241	-0.479624
5	Gm05_40045730	40045730	40.0457	0.384615	21.2258	0.184211	68.3149	-0.507651
5	Gm05_40055446	40055446	40.0554	0.215385	21.3825	0.0921053	68.7663	-0.507317
5	Gm05_40068084	40068084	40.0681	0.384615	21.5399	0.223684	68.2973	-0.50116
5	Gm05_40068100	40068100	40.0681	0.184615	20.0456	0.736842	67.5134	-0.527372
5	Gm05_40068106	40068106	40.0681	0.430769	19.9807	0.0394737	68.876	-0.537457
5	Gm05_40068121	40068121	40.0681	0.307692	19.7076	0.0263158	69.0778	-0.544705
5	Gm05_40068297	40068297	40.0683	0.384615	19.6439	0.184211	68.4174	-0.541939
5	Gm05_40083982	40083982	40.084	0.2	19.6735	0.0394737	69.2384	-0.546466
5	Gm05_40086269	40086269	40.0863	0.307692	19.5948	0.0263158	69.4659	-0.54963
