chr	id	pos	freq	ihh1	ihh0	nsl
6	Gm06_12571151	12571151	0.0690789	0.00785354	-0.00785354	0.00785354
6	Gm06_12571168	12571168	0.0690789	0.00851427	-0.00851427	0.00851427
6	Gm06_12632498	12632498	0.0690789	0.0533567	-0.0533567	0.0533567
6	Gm06_12737304	12737304	0.0657895	0.0730542	-0.0730542	0.0730542
6	Gm06_12737590	12737590	0.0657895	0.0739485	-0.0739485	0.0739485
6	Gm06_12737702	12737702	0.0657895	0.0746447	-0.0746447	0.0746447
6	Gm06_12817685	12817685	0.0756579	-0.039419	0.039419	-0.039419
6	Gm06_12864650	12864650	0.0657895	0.0740146	-0.0740146	0.0740146
6	Gm06_12864944	12864944	0.0657895	0.0748501	-0.0748501	0.0748501
6	Gm06_12869631	12869631	0.0625	0.102526	-0.102526	0.102526
6	Gm06_12902817	12902817	0.0756579	0.0758317	-0.0758317	0.0758317
6	Gm06_12996165	12996165	0.217105	0.487738	-0.487738	0.487738
6	Gm06_12996210	12996210	0.217105	0.488752	-0.488752	0.488752
6	Gm06_12996220	12996220	0.217105	0.488549	-0.488549	0.488549
6	Gm06_12996481	12996481	0.213816	0.501932	-0.501932	0.501932
6	Gm06_13030097	13030097	0.213816	0.503917	-0.503917	0.503917
6	Gm06_13040761	13040761	0.213816	0.506566	-0.506566	0.506566
6	Gm06_13049347	13049347	0.213816	0.508232	-0.508232	0.508232
6	Gm06_13121996	13121996	0.220395	0.479161	-0.479161	0.479161
6	Gm06_13283608	13283608	0.328947	0.361445	-0.361445	0.361445
6	Gm06_13289794	13289794	0.411184	0.309376	-0.309376	0.309376
6	Gm06_13289812	13289812	0.411184	0.308397	-0.308397	0.308397
6	Gm06_13289979	13289979	0.157895	0.125079	-0.125079	0.125079
6	Gm06_13294328	13294328	0.157895	0.12481	-0.12481	0.12481
6	Gm06_13309037	13309037	0.328947	0.404115	-0.404115	0.404115
6	Gm06_13309265	13309265	0.463816	0.196783	-0.196783	0.196783
6	Gm06_13315509	13315509	0.210526	0.0279008	-0.0279008	0.0279008
6	Gm06_13318948	13318948	0.213816	0.0151039	-0.0151039	0.0151039
6	Gm06_13326126	13326126	0.457237	0.199978	-0.199978	0.199978
6	Gm06_13326853	13326853	0.453947	0.20794	-0.20794	0.20794
6	Gm06_13326868	13326868	0.453947	0.207467	-0.207467	0.207467
6	Gm06_13326878	13326878	0.453947	0.206992	-0.206992	0.206992
6	Gm06_13330380	13330380	0.213816	0.0216486	-0.0216486	0.0216486
6	Gm06_13349506	13349506	0.434211	0.240351	-0.240351	0.240351
6	Gm06_13359977	13359977	0.4375	0.228006	-0.228006	0.228006
6	Gm06_13412489	13412489	0.453947	0.179421	-0.179421	0.179421
6	Gm06_13462420	13462420	0.430921	0.230601	-0.230601	0.230601
6	Gm06_13462626	13462626	0.463816	0.130918	-0.130918	0.130918
6	Gm06_13477118	13477118	0.332237	0.445104	-0.445104	0.445104
6	Gm06_13480249	13480249	0.197368	0.122668	-0.122668	0.122668
6	Gm06_13480626	13480626	0.197368	0.123591	-0.123591	0.123591
6	Gm06_13482496	13482496	0.332237	0.430488	-0.430488	0.430488
6	Gm06_13482657	13482657	0.328947	0.442929	-0.442929	0.442929
6	Gm06_13482683	13482683	0.328947	0.443066	-0.443066	0.443066
6	Gm06_13487368	13487368	0.197368	0.128321	-0.128321	0.128321
6	Gm06_13488552	13488552	0.338816	0.414833	-0.414833	0.414833
6	Gm06_13488956	13488956	0.411184	0.28513	-0.28513	0.28513
6	Gm06_13519494	13519494	0.375	0.326926	-0.326926	0.326926
6	Gm06_13519519	13519519	0.210526	0.101912	-0.101912	0.101912
6	Gm06_13519822	13519822	0.213816	0.0873061	-0.0873061	0.0873061
6	Gm06_13536436	13536436	0.0657895	0.480679	-0.480679	0.480679
6	Gm06_13541245	13541245	0.388158	0.281458	-0.281458	0.281458
6	Gm06_13593264	13593264	0.286184	-0.212979	0.212979	-0.212979
6	Gm06_13593475	13593475	0.0921053	0.259072	-0.259072	0.259072
6	Gm06_13593486	13593486	0.190789	0.127538	-0.127538	0.127538
6	Gm06_13595137	13595137	0.289474	-0.202386	0.202386	-0.202386
6	Gm06_13595146	13595146	0.289474	-0.201948	0.201948	-0.201948
6	Gm06_13595169	13595169	0.342105	0.443588	-0.443588	0.443588
6	Gm06_13646699	13646699	0.355263	0.400406	-0.400406	0.400406
6	Gm06_13682742	13682742	0.365132	0.386585	-0.386585	0.386585
6	Gm06_13712185	13712185	0.105263	0.175616	-0.175616	0.175616
6	Gm06_13712201	13712201	0.108553	0.146369	-0.146369	0.146369
6	Gm06_13712649	13712649	0.105263	0.175363	-0.175363	0.175363
6	Gm06_13712877	13712877	0.105263	0.175604	-0.175604	0.175604
6	Gm06_13720123	13720123	0.161184	0.204804	-0.204804	0.204804
6	Gm06_13720147	13720147	0.309211	0.531936	-0.531936	0.531936
6	Gm06_13766426	13766426	0.200658	-0.0897138	0.0897138	-0.0897138
6	Gm06_13766609	13766609	0.0526316	-0.157313	0.157313	-0.157313
6	Gm06_13789721	13789721	0.0789474	0.341354	-0.341354	0.341354
6	Gm06_13796257	13796257	0.111842	0.227613	-0.227613	0.227613
6	Gm06_13821138	13821138	0.0855263	0.279835	-0.279835	0.279835
6	Gm06_13821153	13821153	0.0855263	0.280548	-0.280548	0.280548
6	Gm06_13836528	13836528	0.111842	0.0630513	-0.0630513	0.0630513
6	Gm06_13879959	13879959	0.0855263	0.28376	-0.28376	0.28376
6	Gm06_13879972	13879972	0.430921	0.305573	-0.305573	0.305573
6	Gm06_13880006	13880006	0.430921	0.30561	-0.30561	0.30561
6	Gm06_13880026	13880026	0.460526	0.0106424	-0.0106424	0.0106424
6	Gm06_13909376	13909376	0.463816	0.231978	-0.231978	0.231978
6	Gm06_13909571	13909571	0.111842	0.146977	-0.146977	0.146977
6	Gm06_13926569	13926569	0.177632	-0.0791031	0.0791031	-0.0791031
6	Gm06_13926590	13926590	0.174342	-0.0617376	0.0617376	-0.0617376
6	Gm06_13926598	13926598	0.453947	0.253749	-0.253749	0.253749
6	Gm06_13981485	13981485	0.266447	0.0402797	-0.0402797	0.0402797
6	Gm06_13981504	13981504	0.398026	-0.273309	0.273309	-0.273309
6	Gm06_13997009	13997009	0.398026	-0.277612	0.277612	-0.277612
6	Gm06_13997032	13997032	0.394737	-0.268126	0.268126	-0.268126
6	Gm06_14106601	14106601	0.0723684	0.13227	-0.13227	0.13227
6	Gm06_14106675	14106675	0.0789474	0.0741424	-0.0741424	0.0741424
6	Gm06_14119587	14119587	0.0657895	0.212458	-0.212458	0.212458
6	Gm06_14237213	14237213	0.0690789	0.158627	-0.158627	0.158627
6	Gm06_14242511	14242511	0.0723684	0.116281	-0.116281	0.116281
6	Gm06_14288934	14288934	0.0723684	0.115662	-0.115662	0.115662
6	Gm06_14330659	14330659	0.0953947	-0.0995541	0.0995541	-0.0995541
6	Gm06_14355940	14355940	0.0921053	-0.08398	0.08398	-0.08398
6	Gm06_14375647	14375647	0.0592105	0.246419	-0.246419	0.246419
6	Gm06_14385731	14385731	0.0690789	0.145795	-0.145795	0.145795
6	Gm06_14457541	14457541	0.118421	-0.0515983	0.0515983	-0.0515983
6	Gm06_14503588	14503588	0.0986842	0.103278	-0.103278	0.103278
6	Gm06_14503599	14503599	0.0986842	0.102939	-0.102939	0.102939
6	Gm06_14503795	14503795	0.0986842	0.1026	-0.1026	0.1026
6	Gm06_14511225	14511225	0.157895	-0.229526	0.229526	-0.229526
6	Gm06_14528347	14528347	0.121711	-0.0688793	0.0688793	-0.0688793
6	Gm06_14536366	14536366	0.115132	-0.0171023	0.0171023	-0.0171023
6	Gm06_14557877	14557877	0.115132	-0.0173756	0.0173756	-0.0173756
6	Gm06_14557978	14557978	0.118421	-0.044773	0.044773	-0.044773
6	Gm06_14575287	14575287	0.0986842	0.101642	-0.101642	0.101642
6	Gm06_14648723	14648723	0.0953947	0.132851	-0.132851	0.132851
6	Gm06_14694052	14694052	0.384868	-0.506584	0.506584	-0.506584
6	Gm06_14719032	14719032	0.378289	-0.483904	0.483904	-0.483904
6	Gm06_14751411	14751411	0.378289	-0.484435	0.484435	-0.484435
6	Gm06_14771970	14771970	0.101974	0.0279176	-0.0279176	0.0279176
6	Gm06_14771979	14771979	0.105263	0.139283	-0.139283	0.139283
6	Gm06_14795226	14795226	0.220395	-0.0841045	0.0841045	-0.0841045
6	Gm06_14868170	14868170	0.417763	-0.593774	0.593774	-0.593774
6	Gm06_14927361	14927361	0.276316	-0.18621	0.18621	-0.18621
6	Gm06_14927613	14927613	0.279605	-0.193668	0.193668	-0.193668
6	Gm06_14928245	14928245	0.378289	-0.452297	0.452297	-0.452297
6	Gm06_14928530	14928530	0.378289	-0.452728	0.452728	-0.452728
6	Gm06_14929118	14929118	0.378289	-0.452032	0.452032	-0.452032
6	Gm06_14929125	14929125	0.381579	-0.45982	0.45982	-0.45982
6	Gm06_14929147	14929147	0.375	-0.441755	0.441755	-0.441755
6	Gm06_14943791	14943791	0.111842	0.0734252	-0.0734252	0.0734252
6	Gm06_14999200	14999200	0.259868	-0.151905	0.151905	-0.151905
6	Gm06_15037805	15037805	0.368421	-0.444329	0.444329	-0.444329
6	Gm06_15037828	15037828	0.368421	-0.44475	0.44475	-0.44475
6	Gm06_15071370	15071370	0.368421	-0.445491	0.445491	-0.445491
6	Gm06_15148587	15148587	0.220395	-0.0089416	0.0089416	-0.0089416
6	Gm06_15182613	15182613	0.194079	0.0967279	-0.0967279	0.0967279
6	Gm06_15222865	15222865	0.473684	0.742993	-0.742993	0.742993
6	Gm06_15278102	15278102	0.203947	0.0212354	-0.0212354	0.0212354
6	Gm06_15278114	15278114	0.0723684	0.100633	-0.100633	0.100633
6	Gm06_15289511	15289511	0.0953947	-0.161139	0.161139	-0.161139
6	Gm06_15314205	15314205	0.0526316	0.229325	-0.229325	0.229325
6	Gm06_15360025	15360025	0.0953947	-0.160986	0.160986	-0.160986
6	Gm06_15431628	15431628	0.0986842	-0.192787	0.192787	-0.192787
6	Gm06_15431661	15431661	0.0526316	0.229582	-0.229582	0.229582
6	Gm06_15458376	15458376	0.207237	-0.14487	0.14487	-0.14487
6	Gm06_15475534	15475534	0.101974	0.409056	-0.409056	0.409056
6	Gm06_15475721	15475721	0.101974	0.408605	-0.408605	0.408605
6	Gm06_15475784	15475784	0.213816	-0.217143	0.217143	-0.217143
6	Gm06_15569110	15569110	0.0986842	0.434925	-0.434925	0.434925
6	Gm06_15569126	15569126	0.279605	-0.158588	0.158588	-0.158588
6	Gm06_15569149	15569149	0.414474	-0.472954	0.472954	-0.472954
6	Gm06_15569333	15569333	0.411184	-0.464543	0.464543	-0.464543
6	Gm06_15569361	15569361	0.411184	-0.464655	0.464655	-0.464655
6	Gm06_15581281	15581281	0.411184	-0.465583	0.465583	-0.465583
6	Gm06_15581508	15581508	0.101974	0.407742	-0.407742	0.407742
6	Gm06_15581516	15581516	0.101974	0.407436	-0.407436	0.407436
6	Gm06_15702596	15702596	0.328947	-0.274406	0.274406	-0.274406
6	Gm06_15702853	15702853	0.401316	-0.501616	0.501616	-0.501616
6	Gm06_15716333	15716333	0.0756579	-0.0566941	0.0566941	-0.0566941
6	Gm06_15716648	15716648	0.0756579	-0.0573391	0.0573391	-0.0573391
6	Gm06_15738284	15738284	0.0756579	-0.0547386	0.0547386	-0.0547386
6	Gm06_15756685	15756685	0.424342	0.74895	-0.74895	0.74895
6	Gm06_15773064	15773064	0.302632	-0.252384	0.252384	-0.252384
6	Gm06_15773073	15773073	0.305921	-0.26332	0.26332	-0.26332
6	Gm06_15773101	15773101	0.305921	-0.263074	0.263074	-0.263074
6	Gm06_15781287	15781287	0.273026	-0.15385	0.15385	-0.15385
6	Gm06_15781306	15781306	0.305921	-0.262216	0.262216	-0.262216
6	Gm06_15859796	15859796	0.0756579	-0.204724	0.204724	-0.204724
6	Gm06_15887539	15887539	0.0657895	-0.213355	0.213355	-0.213355
6	Gm06_15891712	15891712	0.0756579	-0.233956	0.233956	-0.233956
6	Gm06_15891916	15891916	0.0756579	-0.233846	0.233846	-0.233846
6	Gm06_15909364	15909364	0.0953947	0.195316	-0.195316	0.195316
6	Gm06_15909524	15909524	0.0690789	-0.230036	0.230036	-0.230036
6	Gm06_15937242	15937242	0.0789474	-0.246362	0.246362	-0.246362
6	Gm06_15950387	15950387	0.246711	-0.137838	0.137838	-0.137838
6	Gm06_16079522	16079522	0.302632	-0.0721741	0.0721741	-0.0721741
6	Gm06_16087077	16087077	0.371711	-0.272154	0.272154	-0.272154
6	Gm06_16121342	16121342	0.0690789	-0.279071	0.279071	-0.279071
6	Gm06_16121379	16121379	0.0690789	-0.280526	0.280526	-0.280526
6	Gm06_16166359	16166359	0.0756579	0.0219587	-0.0219587	0.0219587
6	Gm06_16194300	16194300	0.0723684	0.0520475	-0.0520475	0.0520475
6	Gm06_16206844	16206844	0.414474	-0.361292	0.361292	-0.361292
6	Gm06_16207975	16207975	0.108553	-0.0616169	0.0616169	-0.0616169
6	Gm06_16257420	16257420	0.0756579	-0.123392	0.123392	-0.123392
6	Gm06_16363051	16363051	0.118421	-0.338452	0.338452	-0.338452
6	Gm06_16370427	16370427	0.115132	-0.314225	0.314225	-0.314225
6	Gm06_16370888	16370888	0.0953947	0.0227578	-0.0227578	0.0227578
6	Gm06_16376263	16376263	0.105263	-0.258918	0.258918	-0.258918
6	Gm06_16450669	16450669	0.0789474	-0.255919	0.255919	-0.255919
6	Gm06_16452659	16452659	0.0855263	-0.331036	0.331036	-0.331036
6	Gm06_16456807	16456807	0.0789474	-0.259509	0.259509	-0.259509
6	Gm06_16456975	16456975	0.0789474	-0.259953	0.259953	-0.259953
6	Gm06_16507421	16507421	0.0789474	-0.260394	0.260394	-0.260394
6	Gm06_16507459	16507459	0.0789474	-0.260833	0.260833	-0.260833
6	Gm06_16507628	16507628	0.0756579	-0.232274	0.232274	-0.232274
6	Gm06_16510997	16510997	0.0822368	-0.273871	0.273871	-0.273871
6	Gm06_16517520	16517520	0.0855263	-0.295545	0.295545	-0.295545
6	Gm06_16517748	16517748	0.0855263	-0.296115	0.296115	-0.296115
6	Gm06_16527293	16527293	0.0888158	-0.331461	0.331461	-0.331461
6	Gm06_16532699	16532699	0.0855263	-0.296548	0.296548	-0.296548
6	Gm06_16552560	16552560	0.0855263	-0.296972	0.296972	-0.296972
6	Gm06_16557964	16557964	0.0822368	-0.280374	0.280374	-0.280374
6	Gm06_16558004	16558004	0.0822368	-0.280572	0.280572	-0.280572
6	Gm06_16602682	16602682	0.101974	-0.322029	0.322029	-0.322029
6	Gm06_16622836	16622836	0.0986842	-0.266793	0.266793	-0.266793
6	Gm06_16622841	16622841	0.101974	-0.298539	0.298539	-0.298539
6	Gm06_16634607	16634607	0.0986842	-0.267401	0.267401	-0.267401
6	Gm06_16634790	16634790	0.0986842	-0.267877	0.267877	-0.267877
6	Gm06_16673302	16673302	0.0986842	-0.280485	0.280485	-0.280485
6	Gm06_16710123	16710123	0.0789474	-0.00990341	0.00990341	-0.00990341
6	Gm06_16744009	16744009	0.151316	-0.356747	0.356747	-0.356747
6	Gm06_16790562	16790562	0.125	-0.205098	0.205098	-0.205098
6	Gm06_16793032	16793032	0.128289	-0.230792	0.230792	-0.230792
6	Gm06_16793057	16793057	0.125	-0.205214	0.205214	-0.205214
6	Gm06_16793278	16793278	0.125	-0.204378	0.204378	-0.204378
6	Gm06_16793567	16793567	0.125	-0.204458	0.204458	-0.204458
6	Gm06_16793620	16793620	0.125	-0.204536	0.204536	-0.204536
6	Gm06_16793632	16793632	0.125	-0.204518	0.204518	-0.204518
6	Gm06_16793725	16793725	0.125	-0.204426	0.204426	-0.204426
6	Gm06_16793820	16793820	0.125	-0.205664	0.205664	-0.205664
6	Gm06_16793856	16793856	0.128289	-0.229013	0.229013	-0.229013
6	Gm06_16793871	16793871	0.125	-0.203813	0.203813	-0.203813
6	Gm06_16794070	16794070	0.128289	-0.228045	0.228045	-0.228045
6	Gm06_16794081	16794081	0.128289	-0.227967	0.227967	-0.227967
6	Gm06_16795084	16795084	0.128289	-0.227888	0.227888	-0.227888
6	Gm06_16805327	16805327	0.131579	-0.251567	0.251567	-0.251567
6	Gm06_16931837	16931837	0.0559211	0.253665	-0.253665	0.253665
6	Gm06_17008388	17008388	0.125	-0.182065	0.182065	-0.182065
6	Gm06_17069004	17069004	0.131579	-0.231125	0.231125	-0.231125
6	Gm06_17088248	17088248	0.111842	-0.123493	0.123493	-0.123493
6	Gm06_17095378	17095378	0.115132	-0.149005	0.149005	-0.149005
6	Gm06_17124841	17124841	0.105263	-0.0807319	0.0807319	-0.0807319
6	Gm06_17124856	17124856	0.105263	-0.0808556	0.0808556	-0.0808556
6	Gm06_17144110	17144110	0.108553	-0.103701	0.103701	-0.103701
6	Gm06_17144408	17144408	0.108553	-0.10371	0.10371	-0.10371
6	Gm06_17157662	17157662	0.0822368	0.0915579	-0.0915579	0.0915579
6	Gm06_17157676	17157676	0.194079	-0.401175	0.401175	-0.401175
6	Gm06_17189148	17189148	0.151316	-0.0811171	0.0811171	-0.0811171
6	Gm06_17237292	17237292	0.217105	-0.148522	0.148522	-0.148522
6	Gm06_17297729	17297729	0.0888158	0.0547298	-0.0547298	0.0547298
6	Gm06_17297903	17297903	0.220395	-0.140018	0.140018	-0.140018
6	Gm06_17317105	17317105	0.220395	-0.140165	0.140165	-0.140165
6	Gm06_17317179	17317179	0.223684	-0.156623	0.156623	-0.156623
6	Gm06_17317405	17317405	0.220395	-0.140418	0.140418	-0.140418
6	Gm06_17335692	17335692	0.213816	-0.114204	0.114204	-0.114204
6	Gm06_17347438	17347438	0.220395	-0.153181	0.153181	-0.153181
6	Gm06_17347450	17347450	0.220395	-0.15307	0.15307	-0.15307
6	Gm06_17409260	17409260	0.273026	-0.3387	0.3387	-0.3387
6	Gm06_17409267	17409267	0.180921	0.0178825	-0.0178825	0.0178825
6	Gm06_17409275	17409275	0.276316	-0.364883	0.364883	-0.364883
6	Gm06_17409528	17409528	0.276316	-0.364576	0.364576	-0.364576
6	Gm06_17415708	17415708	0.279605	-0.376091	0.376091	-0.376091
6	Gm06_17451368	17451368	0.180921	0.020138	-0.020138	0.020138
6	Gm06_17451426	17451426	0.184211	0.00171147	-0.00171147	0.00171147
6	Gm06_17458582	17458582	0.236842	-0.312499	0.312499	-0.312499
6	Gm06_17490306	17490306	0.365132	-0.51201	0.51201	-0.51201
6	Gm06_17499953	17499953	0.230263	-0.0498237	0.0498237	-0.0498237
6	Gm06_17547717	17547717	0.240132	-0.0277192	0.0277192	-0.0277192
6	Gm06_17591491	17591491	0.476974	-0.673858	0.673858	-0.673858
6	Gm06_17601986	17601986	0.174342	0.0350666	-0.0350666	0.0350666
6	Gm06_17605275	17605275	0.444079	-0.412826	0.412826	-0.412826
6	Gm06_17650980	17650980	0.424342	-0.345118	0.345118	-0.345118
6	Gm06_17652420	17652420	0.427632	-0.35567	0.35567	-0.35567
6	Gm06_17659432	17659432	0.421053	-0.335619	0.335619	-0.335619
6	Gm06_17760273	17760273	0.0625	0.202858	-0.202858	0.202858
6	Gm06_17760281	17760281	0.0723684	0.0686424	-0.0686424	0.0686424
6	Gm06_17779558	17779558	0.0855263	-0.0746048	0.0746048	-0.0746048
6	Gm06_17784612	17784612	0.0625	0.194294	-0.194294	0.194294
6	Gm06_17799154	17799154	0.0657895	0.145416	-0.145416	0.145416
6	Gm06_17812729	17812729	0.0625	0.192636	-0.192636	0.192636
6	Gm06_17812956	17812956	0.0625	0.191567	-0.191567	0.191567
6	Gm06_17813014	17813014	0.0625	0.190497	-0.190497	0.190497
6	Gm06_17826255	17826255	0.0625	0.189293	-0.189293	0.189293
6	Gm06_17831519	17831519	0.0625	0.188198	-0.188198	0.188198
6	Gm06_17831594	17831594	0.0723684	0.0559774	-0.0559774	0.0559774
6	Gm06_17831830	17831830	0.0625	0.185028	-0.185028	0.185028
6	Gm06_17852635	17852635	0.0690789	0.0953737	-0.0953737	0.0953737
6	Gm06_17852686	17852686	0.0690789	0.0947179	-0.0947179	0.0947179
6	Gm06_17853524	17853524	0.0690789	0.0934711	-0.0934711	0.0934711
6	Gm06_17855247	17855247	0.345395	-0.106766	0.106766	-0.106766
6	Gm06_17860479	17860479	0.0625	0.166389	-0.166389	0.166389
6	Gm06_17868275	17868275	0.0625	0.165191	-0.165191	0.165191
6	Gm06_17878034	17878034	0.0592105	0.201108	-0.201108	0.201108
6	Gm06_17884748	17884748	0.0625	0.167631	-0.167631	0.167631
6	Gm06_17884776	17884776	0.0625	0.167187	-0.167187	0.167187
6	Gm06_17904550	17904550	0.0625	0.166434	-0.166434	0.166434
6	Gm06_17912583	17912583	0.0625	0.165589	-0.165589	0.165589
6	Gm06_17929628	17929628	0.0625	0.164634	-0.164634	0.164634
6	Gm06_17929923	17929923	0.0625	0.164089	-0.164089	0.164089
6	Gm06_17930720	17930720	0.0625	0.163018	-0.163018	0.163018
6	Gm06_17945810	17945810	0.0592105	0.201752	-0.201752	0.201752
6	Gm06_17945997	17945997	0.0592105	0.200738	-0.200738	0.200738
6	Gm06_17946007	17946007	0.0592105	0.2001	-0.2001	0.2001
6	Gm06_17946265	17946265	0.0592105	0.198974	-0.198974	0.198974
6	Gm06_17946607	17946607	0.0592105	0.197844	-0.197844	0.197844
6	Gm06_21075518	21075518	0.0526316	-0.00916138	0.00916138	-0.00916138
6	Gm06_21156176	21156176	0.0526316	-0.00895563	0.00895563	-0.00895563
6	Gm06_21177541	21177541	0.0855263	-0.399655	0.399655	-0.399655
6	Gm06_21177702	21177702	0.0526316	-0.0061584	0.0061584	-0.0061584
6	Gm06_21187065	21187065	0.0559211	-0.0597571	0.0597571	-0.0597571
6	Gm06_21200536	21200536	0.0526316	-0.00274793	0.00274793	-0.00274793
6	Gm06_21235285	21235285	0.0855263	-0.375758	0.375758	-0.375758
6	Gm06_21235292	21235292	0.0855263	-0.374934	0.374934	-0.374934
6	Gm06_21235301	21235301	0.0855263	-0.373909	0.373909	-0.373909
6	Gm06_21251290	21251290	0.0822368	-0.347244	0.347244	-0.347244
6	Gm06_21251357	21251357	0.0592105	-0.0893767	0.0893767	-0.0893767
6	Gm06_21263481	21263481	0.0855263	-0.381896	0.381896	-0.381896
6	Gm06_21283889	21283889	0.0625	-0.13336	0.13336	-0.13336
6	Gm06_21284347	21284347	0.0855263	-0.380859	0.380859	-0.380859
6	Gm06_21284579	21284579	0.0625	-0.131739	0.131739	-0.131739
6	Gm06_21298526	21298526	0.0625	-0.130272	0.130272	-0.130272
6	Gm06_21309559	21309559	0.0625	-0.129128	0.129128	-0.129128
6	Gm06_21309826	21309826	0.0592105	-0.0910811	0.0910811	-0.0910811
6	Gm06_21309891	21309891	0.0592105	-0.0896537	0.0896537	-0.0896537
6	Gm06_21311130	21311130	0.0888158	-0.403195	0.403195	-0.403195
6	Gm06_21335409	21335409	0.0855263	-0.366511	0.366511	-0.366511
6	Gm06_21341896	21341896	0.0855263	-0.36479	0.36479	-0.36479
6	Gm06_21347224	21347224	0.0526316	0.0175333	-0.0175333	0.0175333
6	Gm06_21386621	21386621	0.0592105	-0.0863581	0.0863581	-0.0863581
6	Gm06_21389613	21389613	0.0526316	0.0202946	-0.0202946	0.0202946
6	Gm06_21416430	21416430	0.0855263	-0.343026	0.343026	-0.343026
6	Gm06_21422889	21422889	0.0822368	-0.305024	0.305024	-0.305024
6	Gm06_21428515	21428515	0.0822368	-0.303966	0.303966	-0.303966
6	Gm06_21431672	21431672	0.0888158	-0.373708	0.373708	-0.373708
6	Gm06_21434409	21434409	0.0822368	-0.300311	0.300311	-0.300311
6	Gm06_21435256	21435256	0.0822368	-0.299041	0.299041	-0.299041
6	Gm06_21435280	21435280	0.0822368	-0.297213	0.297213	-0.297213
6	Gm06_21435645	21435645	0.0855263	-0.331687	0.331687	-0.331687
6	Gm06_21436784	21436784	0.151316	0.202151	-0.202151	0.202151
6	Gm06_21458345	21458345	0.0526316	0.108778	-0.108778	0.108778
6	Gm06_21461990	21461990	0.0888158	-0.310795	0.310795	-0.310795
6	Gm06_21489811	21489811	0.0526316	-0.10184	0.10184	-0.10184
6	Gm06_21489835	21489835	0.0756579	-0.383823	0.383823	-0.383823
6	Gm06_21489849	21489849	0.0526316	-0.0990269	0.0990269	-0.0990269
6	Gm06_21489863	21489863	0.0526316	-0.0984928	0.0984928	-0.0984928
6	Gm06_21490112	21490112	0.0526316	0.0871472	-0.0871472	0.0871472
6	Gm06_21525038	21525038	0.0526316	0.0899719	-0.0899719	0.0899719
6	Gm06_21544820	21544820	0.0789474	-0.194425	0.194425	-0.194425
6	Gm06_21544867	21544867	0.0822368	-0.202761	0.202761	-0.202761
6	Gm06_21546237	21546237	0.0822368	-0.199558	0.199558	-0.199558
6	Gm06_21546274	21546274	0.0526316	0.135741	-0.135741	0.135741
6	Gm06_21561449	21561449	0.0526316	0.137091	-0.137091	0.137091
6	Gm06_21561657	21561657	0.0855263	-0.225743	0.225743	-0.225743
6	Gm06_21561681	21561681	0.0888158	-0.259519	0.259519	-0.259519
6	Gm06_21600069	21600069	0.0855263	-0.221335	0.221335	-0.221335
6	Gm06_21603706	21603706	0.0822368	-0.182398	0.182398	-0.182398
6	Gm06_21603714	21603714	0.0789474	-0.151422	0.151422	-0.151422
6	Gm06_21664490	21664490	0.0526316	0.155858	-0.155858	0.155858
6	Gm06_21664677	21664677	0.0855263	-0.213383	0.213383	-0.213383
6	Gm06_21679096	21679096	0.0855263	-0.211489	0.211489	-0.211489
6	Gm06_21679566	21679566	0.0526316	0.16361	-0.16361	0.16361
6	Gm06_21679584	21679584	0.151316	0.237674	-0.237674	0.237674
6	Gm06_21693974	21693974	0.0855263	-0.196308	0.196308	-0.196308
6	Gm06_21695596	21695596	0.0855263	-0.194518	0.194518	-0.194518
6	Gm06_21732368	21732368	0.0526316	0.178268	-0.178268	0.178268
6	Gm06_21732633	21732633	0.0888158	-0.229347	0.229347	-0.229347
6	Gm06_21734228	21734228	0.0526316	0.183264	-0.183264	0.183264
6	Gm06_21758559	21758559	0.0888158	-0.225486	0.225486	-0.225486
6	Gm06_21760703	21760703	0.0526316	0.186524	-0.186524	0.186524
6	Gm06_21767190	21767190	0.0888158	-0.213895	0.213895	-0.213895
6	Gm06_21767209	21767209	0.0921053	-0.246322	0.246322	-0.246322
6	Gm06_21814668	21814668	0.0855263	-0.172423	0.172423	-0.172423
6	Gm06_21899645	21899645	0.0855263	-0.167101	0.167101	-0.167101
6	Gm06_21935551	21935551	0.0526316	0.202694	-0.202694	0.202694
6	Gm06_21937844	21937844	0.0888158	-0.196637	0.196637	-0.196637
6	Gm06_21939220	21939220	0.0888158	-0.192858	0.192858	-0.192858
6	Gm06_21939241	21939241	0.0526316	0.2133	-0.2133	0.2133
6	Gm06_21943310	21943310	0.0526316	0.216767	-0.216767	0.216767
6	Gm06_21943748	21943748	0.0855263	-0.152582	0.152582	-0.152582
6	Gm06_21946618	21946618	0.0526316	0.222597	-0.222597	0.222597
6	Gm06_32842054	32842054	0.0657895	-0.0613831	0.0613831	-0.0613831
6	Gm06_32902798	32902798	0.0559211	0.084874	-0.084874	0.084874
6	Gm06_32982620	32982620	0.0526316	0.111182	-0.111182	0.111182
6	Gm06_32983214	32983214	0.0625	-0.0471772	0.0471772	-0.0471772
6	Gm06_33125042	33125042	0.0559211	0.0525477	-0.0525477	0.0525477
6	Gm06_33149429	33149429	0.0855263	-0.275665	0.275665	-0.275665
6	Gm06_33149441	33149441	0.0559211	0.0553386	-0.0553386	0.0553386
6	Gm06_33207434	33207434	0.0559211	0.0548789	-0.0548789	0.0548789
6	Gm06_33266182	33266182	0.0888158	-0.312716	0.312716	-0.312716
6	Gm06_33266335	33266335	0.0526316	0.110035	-0.110035	0.110035
6	Gm06_33315421	33315421	0.0921053	-0.343143	0.343143	-0.343143
6	Gm06_33315779	33315779	0.125	0.121453	-0.121453	0.121453
6	Gm06_33368779	33368779	0.0855263	-0.326052	0.326052	-0.326052
6	Gm06_33423263	33423263	0.0526316	0.0572097	-0.0572097	0.0572097
6	Gm06_33478078	33478078	0.0526316	0.0561631	-0.0561631	0.0561631
6	Gm06_33506081	33506081	0.0526316	0.0551477	-0.0551477	0.0551477
6	Gm06_33519688	33519688	0.0559211	0.0305778	-0.0305778	0.0305778
6	Gm06_33541477	33541477	0.0526316	0.0841851	-0.0841851	0.0841851
6	Gm06_33563779	33563779	0.0559211	0.0595035	-0.0595035	0.0595035
6	Gm06_33585616	33585616	0.0822368	-0.246069	0.246069	-0.246069
6	Gm06_33585827	33585827	0.0822368	-0.246616	0.246616	-0.246616
6	Gm06_33585838	33585838	0.0592105	0.00667685	-0.00667685	0.00667685
6	Gm06_33591546	33591546	0.0789474	-0.210641	0.210641	-0.210641
6	Gm06_33615663	33615663	0.0888158	-0.315424	0.315424	-0.315424
6	Gm06_33616036	33616036	0.0559211	0.0582679	-0.0582679	0.0582679
6	Gm06_33617476	33617476	0.0888158	-0.31378	0.31378	-0.31378
6	Gm06_33651757	33651757	0.0888158	-0.314168	0.314168	-0.314168
6	Gm06_33651805	33651805	0.0888158	-0.314739	0.314739	-0.314739
6	Gm06_33662223	33662223	0.0559211	0.0568423	-0.0568423	0.0568423
6	Gm06_33668143	33668143	0.0559211	0.0564591	-0.0564591	0.0564591
6	Gm06_33701652	33701652	0.0855263	-0.288101	0.288101	-0.288101
6	Gm06_33715232	33715232	0.0559211	0.0541631	-0.0541631	0.0541631
6	Gm06_33757156	33757156	0.0888158	-0.325922	0.325922	-0.325922
6	Gm06_33782725	33782725	0.0559211	0.053474	-0.053474	0.053474
6	Gm06_33844327	33844327	0.0888158	-0.325503	0.325503	-0.325503
6	Gm06_33883285	33883285	0.0921053	-0.349627	0.349627	-0.349627
6	Gm06_33888166	33888166	0.0559211	0.0394629	-0.0394629	0.0394629
6	Gm06_33905133	33905133	0.0657895	-0.10832	0.10832	-0.10832
6	Gm06_33905944	33905944	0.0657895	-0.109028	0.109028	-0.109028
6	Gm06_33920385	33920385	0.0592105	-0.0146614	0.0146614	-0.0146614
6	Gm06_33932871	33932871	0.0657895	-0.111652	0.111652	-0.111652
6	Gm06_33933505	33933505	0.0592105	-0.0173452	0.0173452	-0.0173452
6	Gm06_33944362	33944362	0.0559211	0.0342478	-0.0342478	0.0342478
6	Gm06_33964679	33964679	0.0592105	-0.0202409	0.0202409	-0.0202409
6	Gm06_33980233	33980233	0.0690789	-0.161277	0.161277	-0.161277
6	Gm06_34037729	34037729	0.0559211	0.0317245	-0.0317245	0.0317245
6	Gm06_34185963	34185963	0.0690789	-0.163483	0.163483	-0.163483
6	Gm06_34191673	34191673	0.0559211	0.0299718	-0.0299718	0.0299718
6	Gm06_34228711	34228711	0.0559211	0.0289689	-0.0289689	0.0289689
6	Gm06_34232553	34232553	0.0559211	0.0286714	-0.0286714	0.0286714
6	Gm06_34232769	34232769	0.0690789	-0.164712	0.164712	-0.164712
6	Gm06_34303364	34303364	0.0690789	-0.167728	0.167728	-0.167728
6	Gm06_34353564	34353564	0.0559211	0.0249145	-0.0249145	0.0249145
6	Gm06_34390056	34390056	0.0592105	-0.0297171	0.0297171	-0.0297171
6	Gm06_34390280	34390280	0.0592105	-0.0302423	0.0302423	-0.0302423
6	Gm06_34473916	34473916	0.0559211	0.022494	-0.022494	0.022494
6	Gm06_34517441	34517441	0.0559211	0.0218876	-0.0218876	0.0218876
6	Gm06_34578261	34578261	0.0559211	0.0212489	-0.0212489	0.0212489
6	Gm06_34582907	34582907	0.0592105	-0.0321669	0.0321669	-0.0321669
6	Gm06_34588422	34588422	0.0592105	-0.0326766	0.0326766	-0.0326766
6	Gm06_34635183	34635183	0.0592105	-0.0331836	0.0331836	-0.0331836
6	Gm06_34637935	34637935	0.0592105	-0.0336879	0.0336879	-0.0336879
6	Gm06_34650830	34650830	0.0559211	0.0187359	-0.0187359	0.0187359
6	Gm06_34656547	34656547	0.0592105	-0.0358263	0.0358263	-0.0358263
6	Gm06_34701076	34701076	0.0559211	0.0178073	-0.0178073	0.0178073
6	Gm06_34713290	34713290	0.0592105	-0.0361344	0.0361344	-0.0361344
6	Gm06_34734580	34734580	0.0592105	-0.0369476	0.0369476	-0.0369476
6	Gm06_34743705	34743705	0.0592105	-0.0372597	0.0372597	-0.0372597
6	Gm06_34829345	34829345	0.0559211	0.0158575	-0.0158575	0.0158575
6	Gm06_34872027	34872027	0.0592105	-0.0381406	0.0381406	-0.0381406
6	Gm06_34872172	34872172	0.0592105	-0.038948	0.038948	-0.038948
6	Gm06_34873414	34873414	0.0690789	-0.178892	0.178892	-0.178892
6	Gm06_34883299	34883299	0.0559211	0.0131768	-0.0131768	0.0131768
6	Gm06_34886539	34886539	0.0559211	0.012105	-0.012105	0.012105
6	Gm06_34957178	34957178	0.0690789	-0.18325	0.18325	-0.18325
6	Gm06_34962358	34962358	0.0559211	0.0101363	-0.0101363	0.0101363
6	Gm06_34964252	34964252	0.0559211	0.00910939	-0.00910939	0.00910939
6	Gm06_34968477	34968477	0.0690789	-0.184039	0.184039	-0.184039
6	Gm06_34973557	34973557	0.0657895	-0.139188	0.139188	-0.139188
6	Gm06_35054999	35054999	0.0690789	-0.186045	0.186045	-0.186045
6	Gm06_35102124	35102124	0.0559211	0.00618843	-0.00618843	0.00618843
6	Gm06_35123152	35123152	0.0559211	0.00461769	-0.00461769	0.00461769
6	Gm06_35133701	35133701	0.0592105	-0.0494451	0.0494451	-0.0494451
6	Gm06_35143485	35143485	0.0690789	-0.191179	0.191179	-0.191179
6	Gm06_35150492	35150492	0.0592105	-0.0522281	0.0522281	-0.0522281
6	Gm06_35152638	35152638	0.0559211	-0.000643589	0.000643589	-0.000643589
6	Gm06_35249769	35249769	0.0559211	-0.00132641	0.00132641	-0.00132641
6	Gm06_35335767	35335767	0.0559211	-0.00313798	0.00313798	-0.00313798
6	Gm06_35373824	35373824	0.0690789	-0.197165	0.197165	-0.197165
6	Gm06_35375509	35375509	0.0690789	-0.198675	0.198675	-0.198675
6	Gm06_35380925	35380925	0.0559211	-0.00782479	0.00782479	-0.00782479
6	Gm06_35383532	35383532	0.0690789	-0.202183	0.202183	-0.202183
6	Gm06_35386725	35386725	0.0559211	-0.0105198	0.0105198	-0.0105198
6	Gm06_35419823	35419823	0.0559211	-0.0115184	0.0115184	-0.0115184
6	Gm06_35449217	35449217	0.0592105	-0.066138	0.066138	-0.066138
6	Gm06_35452894	35452894	0.0559211	-0.0129274	0.0129274	-0.0129274
6	Gm06_35473881	35473881	0.0559211	-0.0131564	0.0131564	-0.0131564
6	Gm06_35498429	35498429	0.0559211	-0.0133501	0.0133501	-0.0133501
6	Gm06_35508521	35508521	0.0592105	-0.0667908	0.0667908	-0.0667908
6	Gm06_35509671	35509671	0.0592105	-0.0669558	0.0669558	-0.0669558
6	Gm06_35559749	35559749	0.0625	-0.116762	0.116762	-0.116762
6	Gm06_35591738	35591738	0.0559211	-0.0140021	0.0140021	-0.0140021
6	Gm06_35598752	35598752	0.0559211	-0.0140185	0.0140185	-0.0140185
6	Gm06_35598768	35598768	0.0559211	-0.0142152	0.0142152	-0.0142152
6	Gm06_35598775	35598775	0.0690789	-0.208085	0.208085	-0.208085
6	Gm06_35598797	35598797	0.0559211	-0.0142528	0.0142528	-0.0142528
6	Gm06_35599112	35599112	0.0559211	-0.0146432	0.0146432	-0.0146432
6	Gm06_35611819	35611819	0.0559211	-0.0147784	0.0147784	-0.0147784
6	Gm06_35614258	35614258	0.0592105	-0.0687274	0.0687274	-0.0687274
6	Gm06_35620798	35620798	0.0559211	-0.0153545	0.0153545	-0.0153545
6	Gm06_35620965	35620965	0.0657895	-0.164281	0.164281	-0.164281
6	Gm06_35636441	35636441	0.0559211	-0.0158419	0.0158419	-0.0158419
6	Gm06_35636611	35636611	0.0559211	-0.0158787	0.0158787	-0.0158787
6	Gm06_35637337	35637337	0.0657895	-0.164681	0.164681	-0.164681
6	Gm06_35637673	35637673	0.0559211	-0.0157117	0.0157117	-0.0157117
6	Gm06_35637697	35637697	0.0690789	-0.207974	0.207974	-0.207974
6	Gm06_35644729	35644729	0.0559211	-0.0161655	0.0161655	-0.0161655
6	Gm06_35645076	35645076	0.0592105	-0.0684735	0.0684735	-0.0684735
6	Gm06_35652220	35652220	0.0559211	-0.0165146	0.0165146	-0.0165146
6	Gm06_35661475	35661475	0.0592105	-0.0707108	0.0707108	-0.0707108
6	Gm06_35666875	35666875	0.0559211	-0.0179051	0.0179051	-0.0179051
6	Gm06_35667100	35667100	0.0559211	-0.0188107	0.0188107	-0.0188107
6	Gm06_35674045	35674045	0.0559211	-0.0197247	0.0197247	-0.0197247
6	Gm06_35674050	35674050	0.0559211	-0.0204324	0.0204324	-0.0204324
6	Gm06_35674315	35674315	0.0559211	-0.0212794	0.0212794	-0.0212794
6	Gm06_35674492	35674492	0.0592105	-0.0756644	0.0756644	-0.0756644
6	Gm06_35704428	35704428	0.0559211	-0.022594	0.022594	-0.022594
6	Gm06_35704713	35704713	0.0559211	-0.0235309	0.0235309	-0.0235309
6	Gm06_35704722	35704722	0.0559211	-0.0244767	0.0244767	-0.0244767
6	Gm06_35713945	35713945	0.0625	-0.129954	0.129954	-0.129954
6	Gm06_35758560	35758560	0.0559211	-0.0259056	0.0259056	-0.0259056
6	Gm06_35759024	35759024	0.0657895	-0.175026	0.175026	-0.175026
6	Gm06_35759532	35759532	0.0625	-0.128861	0.128861	-0.128861
6	Gm06_35794948	35794948	0.0657895	-0.204471	0.204471	-0.204471
6	Gm06_35811559	35811559	0.0690789	-0.225017	0.225017	-0.225017
6	Gm06_35818344	35818344	0.0625	-0.134101	0.134101	-0.134101
6	Gm06_35847488	35847488	0.0690789	-0.226121	0.226121	-0.226121
6	Gm06_35861989	35861989	0.0690789	-0.226567	0.226567	-0.226567
6	Gm06_35862016	35862016	0.0559211	-0.0369634	0.0369634	-0.0369634
6	Gm06_35921834	35921834	0.0690789	-0.229926	0.229926	-0.229926
6	Gm06_35926315	35926315	0.0690789	-0.230392	0.230392	-0.230392
6	Gm06_35927285	35927285	0.0559211	-0.0386109	0.0386109	-0.0386109
6	Gm06_35927640	35927640	0.0559211	-0.0392789	0.0392789	-0.0392789
6	Gm06_35956043	35956043	0.0690789	-0.231304	0.231304	-0.231304
6	Gm06_35962394	35962394	0.0690789	-0.231956	0.231956	-0.231956
6	Gm06_35995290	35995290	0.0690789	-0.232589	0.232589	-0.232589
6	Gm06_36034961	36034961	0.0559211	-0.0417516	0.0417516	-0.0417516
6	Gm06_36106869	36106869	0.0690789	-0.235982	0.235982	-0.235982
6	Gm06_36123328	36123328	0.0625	-0.144306	0.144306	-0.144306
6	Gm06_36172499	36172499	0.0559211	-0.0439811	0.0439811	-0.0439811
6	Gm06_36179830	36179830	0.0559211	-0.0446819	0.0446819	-0.0446819
6	Gm06_36185376	36185376	0.0559211	-0.0450276	0.0450276	-0.0450276
6	Gm06_36236920	36236920	0.0690789	-0.238632	0.238632	-0.238632
6	Gm06_36248200	36248200	0.0559211	-0.0450315	0.0450315	-0.0450315
6	Gm06_36249272	36249272	0.0690789	-0.234696	0.234696	-0.234696
6	Gm06_36251086	36251086	0.0690789	-0.234758	0.234758	-0.234758
6	Gm06_36254701	36254701	0.0690789	-0.234825	0.234825	-0.234825
6	Gm06_36254727	36254727	0.0559211	-0.0453241	0.0453241	-0.0453241
6	Gm06_36262765	36262765	0.0690789	-0.238516	0.238516	-0.238516
6	Gm06_36273174	36273174	0.0559211	-0.04562	0.04562	-0.04562
6	Gm06_36274569	36274569	0.0559211	-0.0456699	0.0456699	-0.0456699
6	Gm06_36288600	36288600	0.0690789	-0.237317	0.237317	-0.237317
6	Gm06_36289635	36289635	0.0625	-0.14582	0.14582	-0.14582
6	Gm06_36299043	36299043	0.0592105	-0.132351	0.132351	-0.132351
6	Gm06_36425263	36425263	0.0559211	-0.0566432	0.0566432	-0.0566432
6	Gm06_36449880	36449880	0.0690789	-0.249853	0.249853	-0.249853
6	Gm06_36449921	36449921	0.0559211	-0.0556782	0.0556782	-0.0556782
6	Gm06_36545374	36545374	0.0559211	-0.055201	0.055201	-0.055201
6	Gm06_36730626	36730626	0.0690789	-0.249315	0.249315	-0.249315
6	Gm06_36746020	36746020	0.0559211	-0.0550477	0.0550477	-0.0550477
6	Gm06_36746042	36746042	0.0559211	-0.0545596	0.0545596	-0.0545596
6	Gm06_36746086	36746086	0.0559211	-0.0540619	0.0540619	-0.0540619
6	Gm06_36746346	36746346	0.0625	-0.153851	0.153851	-0.153851
6	Gm06_36746402	36746402	0.0625	-0.153328	0.153328	-0.153328
6	Gm06_36746411	36746411	0.0559211	-0.0525986	0.0525986	-0.0525986
6	Gm06_36758171	36758171	0.0625	-0.153588	0.153588	-0.153588
6	Gm06_36759930	36759930	0.0559211	-0.0516221	0.0516221	-0.0516221
6	Gm06_36816185	36816185	0.0559211	-0.0510949	0.0510949	-0.0510949
6	Gm06_36832351	36832351	0.0690789	-0.243685	0.243685	-0.243685
6	Gm06_36866597	36866597	0.0526316	-0.032076	0.032076	-0.032076
6	Gm06_36891029	36891029	0.0526316	-0.0422657	0.0422657	-0.0422657
6	Gm06_36904007	36904007	0.0559211	-0.0655114	0.0655114	-0.0655114
6	Gm06_36940010	36940010	0.0690789	-0.255048	0.255048	-0.255048
6	Gm06_36945651	36945651	0.0690789	-0.253388	0.253388	-0.253388
6	Gm06_36945891	36945891	0.0559211	-0.0611632	0.0611632	-0.0611632
6	Gm06_36962076	36962076	0.0625	-0.162342	0.162342	-0.162342
6	Gm06_37016607	37016607	0.0888158	-0.273388	0.273388	-0.273388
6	Gm06_37016900	37016900	0.0855263	-0.257148	0.257148	-0.257148
6	Gm06_37017881	37017881	0.0888158	-0.27946	0.27946	-0.27946
6	Gm06_37017928	37017928	0.131579	0.0310321	-0.0310321	0.0310321
6	Gm06_37018808	37018808	0.131579	0.0305576	-0.0305576	0.0305576
6	Gm06_37020050	37020050	0.131579	0.0300775	-0.0300775	0.0300775
6	Gm06_37020790	37020790	0.131579	0.0295917	-0.0295917	0.0295917
6	Gm06_37020891	37020891	0.125	0.0459608	-0.0459608	0.0459608
6	Gm06_37021093	37021093	0.125	0.0457529	-0.0457529	0.0457529
6	Gm06_37032719	37032719	0.309211	-0.0723915	0.0723915	-0.0723915
6	Gm06_37040800	37040800	0.3125	-0.0885189	0.0885189	-0.0885189
6	Gm06_37041112	37041112	0.328947	-0.137219	0.137219	-0.137219
6	Gm06_37091418	37091418	0.332237	-0.150107	0.150107	-0.150107
6	Gm06_37094648	37094648	0.322368	-0.112637	0.112637	-0.112637
6	Gm06_37152095	37152095	0.3125	-0.0770663	0.0770663	-0.0770663
6	Gm06_37168070	37168070	0.315789	-0.0866252	0.0866252	-0.0866252
6	Gm06_37208775	37208775	0.0559211	0.0173113	-0.0173113	0.0173113
6	Gm06_37208816	37208816	0.0559211	0.0170746	-0.0170746	0.0170746
6	Gm06_37209056	37209056	0.0559211	0.0168506	-0.0168506	0.0168506
6	Gm06_37211838	37211838	0.0526316	0.0351975	-0.0351975	0.0351975
6	Gm06_37241634	37241634	0.0559211	0.0151418	-0.0151418	0.0151418
6	Gm06_37327970	37327970	0.0559211	0.0155765	-0.0155765	0.0155765
6	Gm06_37330088	37330088	0.0625	-0.0870544	0.0870544	-0.0870544
6	Gm06_37335950	37335950	0.0559211	0.0171315	-0.0171315	0.0171315
6	Gm06_37383005	37383005	0.0559211	0.0175992	-0.0175992	0.0175992
6	Gm06_37383216	37383216	0.0559211	0.0180672	-0.0180672	0.0180672
6	Gm06_37432654	37432654	0.0625	-0.0784062	0.0784062	-0.0784062
6	Gm06_37465933	37465933	0.0625	-0.0779388	0.0779388	-0.0779388
6	Gm06_37490284	37490284	0.0625	-0.0774976	0.0774976	-0.0774976
6	Gm06_37524941	37524941	0.0625	-0.0770046	0.0770046	-0.0770046
6	Gm06_37524987	37524987	0.0625	-0.0764228	0.0764228	-0.0764228
6	Gm06_37534355	37534355	0.0690789	-0.159665	0.159665	-0.159665
6	Gm06_37546428	37546428	0.167763	-0.253652	0.253652	-0.253652
6	Gm06_37555081	37555081	0.115132	0.0484684	-0.0484684	0.0484684
6	Gm06_37557472	37557472	0.167763	-0.261565	0.261565	-0.261565
6	Gm06_37567033	37567033	0.167763	-0.260356	0.260356	-0.260356
6	Gm06_37575433	37575433	0.115132	0.0488934	-0.0488934	0.0488934
6	Gm06_37603371	37603371	0.151316	-0.171855	0.171855	-0.171855
6	Gm06_37627059	37627059	0.151316	-0.155869	0.155869	-0.155869
6	Gm06_37685490	37685490	0.1875	-0.2832	0.2832	-0.2832
6	Gm06_37691169	37691169	0.125	0.0473288	-0.0473288	0.0473288
6	Gm06_37691221	37691221	0.125	0.0494334	-0.0494334	0.0494334
6	Gm06_37695383	37695383	0.125	0.0520654	-0.0520654	0.0520654
6	Gm06_37695765	37695765	0.0657895	-0.0583811	0.0583811	-0.0583811
6	Gm06_37696018	37696018	0.128289	0.0792569	-0.0792569	0.0792569
6	Gm06_37696096	37696096	0.128289	0.0820546	-0.0820546	0.0820546
6	Gm06_37696115	37696115	0.1875	-0.235119	0.235119	-0.235119
6	Gm06_37696157	37696157	0.1875	-0.233145	0.233145	-0.233145
6	Gm06_37697814	37697814	0.184211	-0.207637	0.207637	-0.207637
6	Gm06_37698161	37698161	0.125	0.1183	-0.1183	0.1183
6	Gm06_37724379	37724379	0.1875	-0.222185	0.222185	-0.222185
6	Gm06_37726185	37726185	0.184211	-0.200983	0.200983	-0.200983
6	Gm06_37733576	37733576	0.1875	-0.216231	0.216231	-0.216231
6	Gm06_37737851	37737851	0.131579	0.077071	-0.077071	0.077071
6	Gm06_37737867	37737867	0.190789	-0.222281	0.222281	-0.222281
6	Gm06_37739318	37739318	0.184211	-0.187899	0.187899	-0.187899
6	Gm06_37739368	37739368	0.1875	-0.198172	0.198172	-0.198172
6	Gm06_37740607	37740607	0.180921	-0.159118	0.159118	-0.159118
6	Gm06_37740706	37740706	0.128289	0.118984	-0.118984	0.118984
6	Gm06_37740713	37740713	0.1875	-0.186935	0.186935	-0.186935
6	Gm06_37742191	37742191	0.184211	-0.164132	0.164132	-0.164132
6	Gm06_37746662	37746662	0.180921	-0.143822	0.143822	-0.143822
6	Gm06_37746672	37746672	0.1875	-0.178728	0.178728	-0.178728
6	Gm06_37746857	37746857	0.180921	-0.139	0.139	-0.139
6	Gm06_37747409	37747409	0.184211	-0.153483	0.153483	-0.153483
6	Gm06_37764752	37764752	0.450658	-0.183049	0.183049	-0.183049
6	Gm06_37784118	37784118	0.371711	0.0308761	-0.0308761	0.0308761
6	Gm06_37784124	37784124	0.371711	0.0313716	-0.0313716	0.0313716
6	Gm06_37822578	37822578	0.496711	0.341538	-0.341538	0.341538
6	Gm06_37822591	37822591	0.496711	0.340771	-0.340771	0.340771
6	Gm06_37828112	37828112	0.453947	-0.186216	0.186216	-0.186216
6	Gm06_37856589	37856589	0.292763	0.287119	-0.287119	0.287119
6	Gm06_37875379	37875379	0.296053	0.273731	-0.273731	0.273731
6	Gm06_37887021	37887021	0.5	-0.346542	0.346542	-0.346542
6	Gm06_37887250	37887250	0.5	-0.345758	0.345758	-0.345758
6	Gm06_37889666	37889666	0.148026	0.197478	-0.197478	0.197478
6	Gm06_37889694	37889694	0.493421	-0.328873	0.328873	-0.328873
6	Gm06_37892622	37892622	0.131579	0.309819	-0.309819	0.309819
6	Gm06_37892797	37892797	0.128289	0.334597	-0.334597	0.334597
6	Gm06_37913052	37913052	0.493421	0.359582	-0.359582	0.359582
6	Gm06_37917056	37917056	0.440789	-0.153719	0.153719	-0.153719
6	Gm06_37918336	37918336	0.161184	0.143133	-0.143133	0.143133
6	Gm06_37918351	37918351	0.0526316	0.387207	-0.387207	0.387207
6	Gm06_37918389	37918389	0.0526316	0.388937	-0.388937	0.388937
6	Gm06_37923522	37923522	0.0526316	0.366729	-0.366729	0.366729
6	Gm06_37923528	37923528	0.0526316	0.368529	-0.368529	0.368529
6	Gm06_37930041	37930041	0.493421	0.340508	-0.340508	0.340508
6	Gm06_37946927	37946927	0.496711	-0.309709	0.309709	-0.309709
6	Gm06_37947145	37947145	0.131579	0.349537	-0.349537	0.349537
6	Gm06_37986653	37986653	0.266447	0.378566	-0.378566	0.378566
6	Gm06_37986689	37986689	0.470395	0.410999	-0.410999	0.410999
6	Gm06_38012768	38012768	0.319079	0.195108	-0.195108	0.195108
6	Gm06_38012784	38012784	0.292763	0.298649	-0.298649	0.298649
6	Gm06_38012947	38012947	0.493421	0.35279	-0.35279	0.35279
6	Gm06_38013067	38013067	0.315789	0.209443	-0.209443	0.209443
6	Gm06_38013283	38013283	0.134868	0.33341	-0.33341	0.33341
6	Gm06_38015711	38015711	0.315789	0.208607	-0.208607	0.208607
6	Gm06_38015730	38015730	0.315789	0.20944	-0.20944	0.20944
6	Gm06_38015756	38015756	0.368421	0.0292091	-0.0292091	0.0292091
6	Gm06_38015978	38015978	0.131579	0.358326	-0.358326	0.358326
6	Gm06_38056454	38056454	0.427632	-0.102839	0.102839	-0.102839
6	Gm06_38056492	38056492	0.430921	-0.11302	0.11302	-0.11302
6	Gm06_38056508	38056508	0.134868	0.339021	-0.339021	0.339021
6	Gm06_38056525	38056525	0.296053	0.288515	-0.288515	0.288515
6	Gm06_38056673	38056673	0.134868	0.341448	-0.341448	0.341448
6	Gm06_38066111	38066111	0.424342	-0.081378	0.081378	-0.081378
6	Gm06_38066383	38066383	0.480263	-0.254439	0.254439	-0.254439
6	Gm06_38066396	38066396	0.424342	-0.0779721	0.0779721	-0.0779721
6	Gm06_38091746	38091746	0.427632	-0.0880664	0.0880664	-0.0880664
6	Gm06_38109293	38109293	0.282895	0.341779	-0.341779	0.341779
6	Gm06_38109480	38109480	0.282895	0.342887	-0.342887	0.342887
6	Gm06_38109490	38109490	0.282895	0.343993	-0.343993	0.343993
6	Gm06_38121369	38121369	0.427632	-0.0753827	0.0753827	-0.0753827
6	Gm06_38186145	38186145	0.473684	-0.212237	0.212237	-0.212237
6	Gm06_38186403	38186403	0.493421	0.314802	-0.314802	0.314802
6	Gm06_38186419	38186419	0.480263	-0.242639	0.242639	-0.242639
6	Gm06_38194716	38194716	0.473684	-0.222172	0.222172	-0.222172
6	Gm06_38194723	38194723	0.417763	-0.0490111	0.0490111	-0.0490111
6	Gm06_38194926	38194926	0.483553	-0.248597	0.248597	-0.248597
6	Gm06_38194933	38194933	0.473684	-0.213279	0.213279	-0.213279
6	Gm06_38194946	38194946	0.473684	-0.212003	0.212003	-0.212003
6	Gm06_38218529	38218529	0.302632	0.273676	-0.273676	0.273676
6	Gm06_38228524	38228524	0.486842	-0.267134	0.267134	-0.267134
6	Gm06_38228645	38228645	0.486842	-0.265584	0.265584	-0.265584
6	Gm06_38233057	38233057	0.289474	0.330603	-0.330603	0.330603
6	Gm06_38233224	38233224	0.486842	-0.265068	0.265068	-0.265068
6	Gm06_38277074	38277074	0.128289	0.403093	-0.403093	0.403093
6	Gm06_38281672	38281672	0.128289	0.404276	-0.404276	0.404276
6	Gm06_38299978	38299978	0.430921	-0.0909293	0.0909293	-0.0909293
6	Gm06_38299983	38299983	0.0855263	0.332134	-0.332134	0.332134
6	Gm06_38302934	38302934	0.299342	0.32226	-0.32226	0.32226
6	Gm06_38303203	38303203	0.480263	0.31909	-0.31909	0.31909
6	Gm06_38320783	38320783	0.486842	0.303103	-0.303103	0.303103
6	Gm06_38331328	38331328	0.286184	0.354639	-0.354639	0.354639
6	Gm06_38331381	38331381	0.286184	0.355441	-0.355441	0.355441
6	Gm06_38331687	38331687	0.289474	0.342455	-0.342455	0.342455
6	Gm06_38334029	38334029	0.282895	0.36987	-0.36987	0.36987
6	Gm06_38350666	38350666	0.368421	0.0745046	-0.0745046	0.0745046
6	Gm06_38350960	38350960	0.279605	0.388059	-0.388059	0.388059
6	Gm06_38364291	38364291	0.421053	-0.0524306	0.0524306	-0.0524306
6	Gm06_38364308	38364308	0.0690789	0.0131169	-0.0131169	0.0131169
6	Gm06_38364334	38364334	0.0592105	0.138526	-0.138526	0.138526
6	Gm06_38367939	38367939	0.125	0.460659	-0.460659	0.460659
6	Gm06_38368119	38368119	0.493421	0.253664	-0.253664	0.253664
6	Gm06_38380963	38380963	0.289474	0.382837	-0.382837	0.382837
6	Gm06_38401127	38401127	0.289474	0.38363	-0.38363	0.38363
6	Gm06_38407526	38407526	0.375	0.0920994	-0.0920994	0.0920994
6	Gm06_38407664	38407664	0.5	-0.228242	0.228242	-0.228242
6	Gm06_38440183	38440183	0.111842	0.54821	-0.54821	0.54821
6	Gm06_38440942	38440942	0.417763	-0.00279612	0.00279612	-0.00279612
6	Gm06_38475268	38475268	0.0822368	0.343736	-0.343736	0.343736
6	Gm06_38475518	38475518	0.0855263	0.305228	-0.305228	0.305228
6	Gm06_38475556	38475556	0.0822368	0.341555	-0.341555	0.341555
6	Gm06_38501515	38501515	0.125	0.434396	-0.434396	0.434396
6	Gm06_38501550	38501550	0.0822368	0.343846	-0.343846	0.343846
6	Gm06_38507387	38507387	0.131579	0.383951	-0.383951	0.383951
6	Gm06_38507435	38507435	0.0822368	0.341272	-0.341272	0.341272
6	Gm06_38509394	38509394	0.289474	0.36184	-0.36184	0.36184
6	Gm06_38519489	38519489	0.131579	0.388742	-0.388742	0.388742
6	Gm06_38519527	38519527	0.131579	0.387623	-0.387623	0.387623
6	Gm06_38519544	38519544	0.483553	0.318779	-0.318779	0.318779
6	Gm06_38523027	38523027	0.0822368	0.342673	-0.342673	0.342673
6	Gm06_38528793	38528793	0.0888158	0.272159	-0.272159	0.272159
6	Gm06_38548244	38548244	0.131579	0.382953	-0.382953	0.382953
6	Gm06_38559531	38559531	0.490132	0.303127	-0.303127	0.303127
6	Gm06_38559794	38559794	0.292763	0.347832	-0.347832	0.347832
6	Gm06_38559880	38559880	0.490132	0.304697	-0.304697	0.304697
6	Gm06_38560118	38560118	0.0921053	0.241658	-0.241658	0.241658
6	Gm06_38572798	38572798	0.292763	0.345417	-0.345417	0.345417
6	Gm06_38573039	38573039	0.125	0.42312	-0.42312	0.42312
6	Gm06_38573044	38573044	0.0822368	0.331229	-0.331229	0.331229
6	Gm06_38573311	38573311	0.0921053	0.222811	-0.222811	0.222811
6	Gm06_38583232	38583232	0.0822368	0.330046	-0.330046	0.330046
6	Gm06_38587571	38587571	0.131579	0.37333	-0.37333	0.37333
6	Gm06_38615433	38615433	0.417763	-0.0232157	0.0232157	-0.0232157
6	Gm06_38615988	38615988	0.486842	0.31852	-0.31852	0.31852
6	Gm06_38615995	38615995	0.289474	0.358791	-0.358791	0.358791
6	Gm06_38616250	38616250	0.128289	0.401913	-0.401913	0.401913
6	Gm06_38616293	38616293	0.486842	0.32038	-0.32038	0.32038
6	Gm06_38618600	38618600	0.289474	0.356583	-0.356583	0.356583
6	Gm06_40118085	40118085	0.0986842	0.19585	-0.19585	0.19585
6	Gm06_40118102	40118102	0.315789	0.369366	-0.369366	0.369366
6	Gm06_40118219	40118219	0.0986842	0.192309	-0.192309	0.192309
6	Gm06_40118278	40118278	0.0986842	0.192839	-0.192839	0.192839
6	Gm06_40120405	40120405	0.0986842	0.193472	-0.193472	0.193472
6	Gm06_40122148	40122148	0.0986842	0.194128	-0.194128	0.194128
6	Gm06_40123326	40123326	0.322368	0.347462	-0.347462	0.347462
6	Gm06_40123645	40123645	0.0986842	0.19528	-0.19528	0.19528
6	Gm06_40134708	40134708	0.101974	0.164759	-0.164759	0.164759
6	Gm06_40135069	40135069	0.101974	0.165438	-0.165438	0.165438
6	Gm06_40141155	40141155	0.0986842	0.197558	-0.197558	0.197558
6	Gm06_40141198	40141198	0.309211	0.389677	-0.389677	0.389677
6	Gm06_40141207	40141207	0.131579	0.389424	-0.389424	0.389424
6	Gm06_40141368	40141368	0.3125	0.394518	-0.394518	0.394518
6	Gm06_40147941	40147941	0.427632	0.377163	-0.377163	0.377163
6	Gm06_40148298	40148298	0.115132	0.0723945	-0.0723945	0.0723945
6	Gm06_40148346	40148346	0.108553	0.127106	-0.127106	0.127106
6	Gm06_40172312	40172312	0.105263	0.154681	-0.154681	0.154681
6	Gm06_40172504	40172504	0.105263	0.155325	-0.155325	0.155325
6	Gm06_40201489	40201489	0.319079	0.382046	-0.382046	0.382046
6	Gm06_40201506	40201506	0.128289	0.416598	-0.416598	0.416598
6	Gm06_40204140	40204140	0.460526	-0.0169828	0.0169828	-0.0169828
6	Gm06_40204434	40204434	0.457237	-0.00454792	0.00454792	-0.00454792
6	Gm06_40204444	40204444	0.470395	-0.0462675	0.0462675	-0.0462675
6	Gm06_40219545	40219545	0.430921	0.347292	-0.347292	0.347292
6	Gm06_40233378	40233378	0.105263	0.159635	-0.159635	0.159635
6	Gm06_40233402	40233402	0.101974	0.191107	-0.191107	0.191107
6	Gm06_40244746	40244746	0.121711	0.458002	-0.458002	0.458002
6	Gm06_40244978	40244978	0.444079	0.310376	-0.310376	0.310376
6	Gm06_40245010	40245010	0.105263	0.162381	-0.162381	0.162381
6	Gm06_40245046	40245046	0.121711	0.455877	-0.455877	0.455877
6	Gm06_40251021	40251021	0.0986842	0.220893	-0.220893	0.220893
6	Gm06_40251063	40251063	0.0986842	0.221263	-0.221263	0.221263
6	Gm06_40251209	40251209	0.125	0.442724	-0.442724	0.442724
6	Gm06_40255677	40255677	0.470395	-0.0336532	0.0336532	-0.0336532
6	Gm06_40256317	40256317	0.457237	0.0144588	-0.0144588	0.0144588
6	Gm06_40256340	40256340	0.457237	0.0153291	-0.0153291	0.0153291
6	Gm06_40259771	40259771	0.434211	0.321497	-0.321497	0.321497
6	Gm06_40259786	40259786	0.0986842	0.233569	-0.233569	0.233569
6	Gm06_40263073	40263073	0.322368	0.40252	-0.40252	0.40252
6	Gm06_40263203	40263203	0.450658	0.048534	-0.048534	0.048534
6	Gm06_40263263	40263263	0.0592105	0.415958	-0.415958	0.415958
6	Gm06_40263307	40263307	0.101974	0.250257	-0.250257	0.250257
6	Gm06_40264400	40264400	0.101974	0.251605	-0.251605	0.251605
6	Gm06_40264661	40264661	0.434211	0.304594	-0.304594	0.304594
6	Gm06_40295708	40295708	0.101974	0.247816	-0.247816	0.247816
6	Gm06_40295742	40295742	0.450658	0.0564276	-0.0564276	0.0564276
6	Gm06_40295917	40295917	0.0953947	0.296667	-0.296667	0.296667
6	Gm06_40295944	40295944	0.115132	0.507739	-0.507739	0.507739
6	Gm06_40304152	40304152	0.322368	0.416274	-0.416274	0.416274
6	Gm06_40304176	40304176	0.121711	0.498128	-0.498128	0.498128
6	Gm06_40304329	40304329	0.457237	0.03451	-0.03451	0.03451
6	Gm06_40312004	40312004	0.0953947	0.346283	-0.346283	0.346283
6	Gm06_40316384	40316384	0.105263	0.274005	-0.274005	0.274005
6	Gm06_40316429	40316429	0.430921	0.304657	-0.304657	0.304657
6	Gm06_40316689	40316689	0.319079	0.431746	-0.431746	0.431746
6	Gm06_40316717	40316717	0.434211	0.299763	-0.299763	0.299763
6	Gm06_40347353	40347353	0.101974	0.306013	-0.306013	0.306013
6	Gm06_40355810	40355810	0.223684	0.030095	-0.030095	0.030095
6	Gm06_40361910	40361910	0.101974	0.302802	-0.302802	0.302802
6	Gm06_40361929	40361929	0.447368	0.253437	-0.253437	0.253437
6	Gm06_40374799	40374799	0.101974	0.311425	-0.311425	0.311425
6	Gm06_40375024	40375024	0.450658	0.0509714	-0.0509714	0.0509714
6	Gm06_40386818	40386818	0.460526	0.0176894	-0.0176894	0.0176894
6	Gm06_40402332	40402332	0.125	0.470374	-0.470374	0.470374
6	Gm06_40402389	40402389	0.3125	0.446301	-0.446301	0.446301
6	Gm06_40408149	40408149	0.101974	0.309269	-0.309269	0.309269
6	Gm06_40408369	40408369	0.101974	0.30986	-0.30986	0.30986
6	Gm06_40443914	40443914	0.121711	0.489181	-0.489181	0.489181
6	Gm06_40444260	40444260	0.463816	0.00173449	-0.00173449	0.00173449
6	Gm06_40472365	40472365	0.118421	0.50796	-0.50796	0.50796
6	Gm06_40491807	40491807	0.328947	0.39134	-0.39134	0.39134
6	Gm06_40491848	40491848	0.450658	0.0491296	-0.0491296	0.0491296
6	Gm06_40491859	40491859	0.430921	0.307376	-0.307376	0.307376
6	Gm06_40494160	40494160	0.223684	0.0276203	-0.0276203	0.0276203
6	Gm06_40508229	40508229	0.0953947	0.353625	-0.353625	0.353625
6	Gm06_40508548	40508548	0.105263	0.28022	-0.28022	0.28022
6	Gm06_40524935	40524935	0.105263	0.280968	-0.280968	0.280968
6	Gm06_40525144	40525144	0.434211	0.292965	-0.292965	0.292965
6	Gm06_40525171	40525171	0.105263	0.292236	-0.292236	0.292236
6	Gm06_40526406	40526406	0.315789	0.437259	-0.437259	0.437259
6	Gm06_40570389	40570389	0.430921	0.292379	-0.292379	0.292379
6	Gm06_40570406	40570406	0.0953947	0.365795	-0.365795	0.365795
6	Gm06_40570450	40570450	0.101974	0.321309	-0.321309	0.321309
6	Gm06_40640938	40640938	0.4375	0.269883	-0.269883	0.269883
6	Gm06_40642542	40642542	0.430921	0.290993	-0.290993	0.290993
6	Gm06_40642762	40642762	0.0986842	0.338802	-0.338802	0.338802
6	Gm06_40642783	40642783	0.101974	0.309263	-0.309263	0.309263
6	Gm06_40644343	40644343	0.101974	0.31026	-0.31026	0.31026
6	Gm06_40644391	40644391	0.101974	0.311259	-0.311259	0.311259
6	Gm06_40644596	40644596	0.101974	0.312259	-0.312259	0.312259
6	Gm06_40644602	40644602	0.101974	0.31326	-0.31326	0.31326
6	Gm06_40656498	40656498	0.447368	0.0784279	-0.0784279	0.0784279
6	Gm06_40660652	40660652	0.101974	0.334269	-0.334269	0.334269
6	Gm06_40681680	40681680	0.125	0.464193	-0.464193	0.464193
6	Gm06_40731852	40731852	0.424342	0.321103	-0.321103	0.321103
6	Gm06_40739170	40739170	0.322368	0.41555	-0.41555	0.41555
6	Gm06_40739367	40739367	0.279605	0.520655	-0.520655	0.520655
6	Gm06_40739416	40739416	0.115132	0.222893	-0.222893	0.222893
6	Gm06_40739442	40739442	0.115132	0.223112	-0.223112	0.223112
6	Gm06_40739891	40739891	0.407895	0.314204	-0.314204	0.314204
6	Gm06_40740124	40740124	0.118421	0.188034	-0.188034	0.188034
6	Gm06_40741001	40741001	0.111842	0.241043	-0.241043	0.241043
6	Gm06_40766253	40766253	0.480263	0.0177577	-0.0177577	0.0177577
6	Gm06_40768261	40768261	0.473684	0.0335648	-0.0335648	0.0335648
6	Gm06_40772062	40772062	0.473684	0.0396195	-0.0396195	0.0396195
6	Gm06_40772075	40772075	0.476974	0.0288207	-0.0288207	0.0288207
6	Gm06_40800119	40800119	0.480263	0.0201893	-0.0201893	0.0201893
6	Gm06_40810272	40810272	0.470395	0.0522162	-0.0522162	0.0522162
6	Gm06_40810280	40810280	0.463816	0.0735703	-0.0735703	0.0735703
6	Gm06_40815134	40815134	0.483553	0.008143	-0.008143	0.008143
6	Gm06_40815171	40815171	0.476974	0.0301985	-0.0301985	0.0301985
6	Gm06_40815202	40815202	0.476974	0.0297302	-0.0297302	0.0297302
6	Gm06_40815469	40815469	0.480263	0.0180881	-0.0180881	0.0180881
6	Gm06_40824588	40824588	0.476974	0.0285328	-0.0285328	0.0285328
6	Gm06_40824618	40824618	0.476974	0.0281244	-0.0281244	0.0281244
6	Gm06_40825386	40825386	0.476974	0.0279302	-0.0279302	0.0279302
6	Gm06_40825392	40825392	0.381579	0.33588	-0.33588	0.33588
6	Gm06_40825405	40825405	0.473684	0.0710932	-0.0710932	0.0710932
6	Gm06_40825775	40825775	0.476974	0.0596661	-0.0596661	0.0596661
6	Gm06_40849648	40849648	0.121711	0.438126	-0.438126	0.438126
6	Gm06_40849672	40849672	0.128289	0.385594	-0.385594	0.385594
6	Gm06_40865482	40865482	0.121711	0.436193	-0.436193	0.436193
6	Gm06_40865497	40865497	0.131579	0.359548	-0.359548	0.359548
6	Gm06_40867482	40867482	0.388158	0.304914	-0.304914	0.304914
6	Gm06_40867494	40867494	0.226974	0.0182887	-0.0182887	0.0182887
6	Gm06_40869149	40869149	0.226974	0.019052	-0.019052	0.019052
6	Gm06_40869162	40869162	0.226974	0.0183962	-0.0183962	0.0183962
6	Gm06_40880875	40880875	0.368421	0.397414	-0.397414	0.397414
6	Gm06_40881003	40881003	0.101974	0.352624	-0.352624	0.352624
6	Gm06_40887029	40887029	0.381579	0.294103	-0.294103	0.294103
6	Gm06_40887044	40887044	0.384868	0.285888	-0.285888	0.285888
6	Gm06_40897692	40897692	0.384868	0.284004	-0.284004	0.284004
6	Gm06_40898005	40898005	0.381579	0.294578	-0.294578	0.294578
6	Gm06_40901204	40901204	0.407895	0.202579	-0.202579	0.202579
6	Gm06_40901416	40901416	0.391447	0.258903	-0.258903	0.258903
6	Gm06_40941156	40941156	0.121711	0.148242	-0.148242	0.148242
6	Gm06_40941165	40941165	0.125	0.122753	-0.122753	0.122753
6	Gm06_40941180	40941180	0.121711	0.148334	-0.148334	0.148334
6	Gm06_40941195	40941195	0.121711	0.148423	-0.148423	0.148423
6	Gm06_40941606	40941606	0.0986842	0.322825	-0.322825	0.322825
6	Gm06_40941614	40941614	0.0986842	0.323022	-0.323022	0.323022
6	Gm06_40941620	40941620	0.0986842	0.322714	-0.322714	0.322714
6	Gm06_40943111	40943111	0.118421	0.161174	-0.161174	0.161174
6	Gm06_40981171	40981171	0.0986842	0.332107	-0.332107	0.332107
6	Gm06_40981496	40981496	0.388158	0.260963	-0.260963	0.260963
6	Gm06_40996170	40996170	0.381579	0.282516	-0.282516	0.282516
6	Gm06_40996337	40996337	0.381579	0.282206	-0.282206	0.282206
6	Gm06_40996433	40996433	0.378289	0.293722	-0.293722	0.293722
6	Gm06_41064547	41064547	0.151316	0.27404	-0.27404	0.27404
6	Gm06_41081373	41081373	0.148026	0.281704	-0.281704	0.281704
6	Gm06_41081608	41081608	0.148026	0.281454	-0.281454	0.281454
6	Gm06_41081728	41081728	0.447368	0.182153	-0.182153	0.182153
6	Gm06_41081967	41081967	0.157895	0.230054	-0.230054	0.230054
6	Gm06_41107982	41107982	0.0657895	0.514847	-0.514847	0.514847
6	Gm06_41108028	41108028	0.453947	0.156101	-0.156101	0.156101
6	Gm06_41150749	41150749	0.384868	0.303546	-0.303546	0.303546
6	Gm06_41156984	41156984	0.0657895	0.506508	-0.506508	0.506508
6	Gm06_41157029	41157029	0.444079	0.168435	-0.168435	0.168435
6	Gm06_41183196	41183196	0.361842	0.431504	-0.431504	0.431504
6	Gm06_41196546	41196546	0.467105	0.101978	-0.101978	0.101978
6	Gm06_41210475	41210475	0.322368	0.39452	-0.39452	0.39452
6	Gm06_41212052	41212052	0.322368	0.394321	-0.394321	0.394321
6	Gm06_41212087	41212087	0.384868	0.435059	-0.435059	0.435059
6	Gm06_41212391	41212391	0.384868	0.435325	-0.435325	0.435325
6	Gm06_41214742	41214742	0.384868	0.434593	-0.434593	0.434593
6	Gm06_41218282	41218282	0.381579	0.446521	-0.446521	0.446521
6	Gm06_41218293	41218293	0.134868	0.335954	-0.335954	0.335954
6	Gm06_41218410	41218410	0.134868	0.335923	-0.335923	0.335923
6	Gm06_41218426	41218426	0.134868	0.335769	-0.335769	0.335769
6	Gm06_41218467	41218467	0.0888158	0.424957	-0.424957	0.424957
6	Gm06_41223628	41223628	0.0657895	0.539231	-0.539231	0.539231
6	Gm06_41233124	41233124	0.154605	0.1059	-0.1059	0.1059
6	Gm06_41233298	41233298	0.157895	0.0870364	-0.0870364	0.0870364
6	Gm06_41269201	41269201	0.309211	0.436155	-0.436155	0.436155
6	Gm06_41269446	41269446	0.134868	0.348051	-0.348051	0.348051
6	Gm06_41280364	41280364	0.105263	0.261527	-0.261527	0.261527
6	Gm06_41280371	41280371	0.105263	0.26061	-0.26061	0.26061
6	Gm06_41288024	41288024	0.0986842	0.318039	-0.318039	0.318039
6	Gm06_41290972	41290972	0.164474	0.051014	-0.051014	0.051014
6	Gm06_41314559	41314559	0.493421	-0.13251	0.13251	-0.13251
6	Gm06_41314568	41314568	0.493421	-0.132548	0.132548	-0.132548
6	Gm06_41393230	41393230	0.0986842	0.243871	-0.243871	0.243871
6	Gm06_41393240	41393240	0.101974	0.487175	-0.487175	0.487175
6	Gm06_41423823	41423823	0.473684	0.195436	-0.195436	0.195436
6	Gm06_41432604	41432604	0.355263	0.296954	-0.296954	0.296954
6	Gm06_41455700	41455700	0.338816	0.459265	-0.459265	0.459265
6	Gm06_41455716	41455716	0.0657895	0.478944	-0.478944	0.478944
6	Gm06_41455755	41455755	0.338816	0.457842	-0.457842	0.457842
6	Gm06_41456013	41456013	0.134868	0.269551	-0.269551	0.269551
6	Gm06_41456062	41456062	0.338816	0.457071	-0.457071	0.457071
6	Gm06_41460437	41460437	0.0657895	0.493343	-0.493343	0.493343
6	Gm06_41461164	41461164	0.338816	0.451196	-0.451196	0.451196
6	Gm06_41461197	41461197	0.134868	0.262008	-0.262008	0.262008
6	Gm06_41461203	41461203	0.338816	0.449432	-0.449432	0.449432
6	Gm06_41461428	41461428	0.338816	0.448949	-0.448949	0.448949
6	Gm06_41469640	41469640	0.338816	0.448331	-0.448331	0.448331
6	Gm06_41469684	41469684	0.134868	0.257473	-0.257473	0.257473
6	Gm06_41471768	41471768	0.338816	0.450248	-0.450248	0.450248
6	Gm06_41471777	41471777	0.4375	0.227555	-0.227555	0.227555
6	Gm06_41471801	41471801	0.0756579	0.345351	-0.345351	0.345351
6	Gm06_41489033	41489033	0.440789	0.0789143	-0.0789143	0.0789143
6	Gm06_41489099	41489099	0.440789	0.0771845	-0.0771845	0.0771845
6	Gm06_41489308	41489308	0.440789	0.0756663	-0.0756663	0.0756663
6	Gm06_41489319	41489319	0.440789	0.0739528	-0.0739528	0.0739528
6	Gm06_41504112	41504112	0.440789	0.0693798	-0.0693798	0.0693798
6	Gm06_41512721	41512721	0.450658	0.242009	-0.242009	0.242009
6	Gm06_41525379	41525379	0.108553	0.363925	-0.363925	0.363925
6	Gm06_41525897	41525897	0.483553	0.138011	-0.138011	0.138011
6	Gm06_41525903	41525903	0.483553	0.139849	-0.139849	0.139849
6	Gm06_41549511	41549511	0.0690789	0.411816	-0.411816	0.411816
6	Gm06_41549550	41549550	0.105263	0.38336	-0.38336	0.38336
6	Gm06_41549885	41549885	0.490132	0.129972	-0.129972	0.129972
6	Gm06_41550088	41550088	0.457237	0.234878	-0.234878	0.234878
6	Gm06_41550397	41550397	0.108553	0.353443	-0.353443	0.353443
6	Gm06_41560958	41560958	0.453947	0.241706	-0.241706	0.241706
6	Gm06_41585308	41585308	0.457237	0.233546	-0.233546	0.233546
6	Gm06_41589900	41589900	0.450658	0.256739	-0.256739	0.256739
6	Gm06_41593717	41593717	0.453947	0.24783	-0.24783	0.24783
6	Gm06_41594038	41594038	0.328947	0.410589	-0.410589	0.410589
6	Gm06_41595456	41595456	0.134868	0.219645	-0.219645	0.219645
6	Gm06_41603401	41603401	0.457237	0.244267	-0.244267	0.244267
6	Gm06_41603436	41603436	0.457237	0.245999	-0.245999	0.245999
6	Gm06_41603452	41603452	0.457237	0.247721	-0.247721	0.247721
6	Gm06_41603649	41603649	0.457237	0.249436	-0.249436	0.249436
6	Gm06_41603695	41603695	0.335526	0.379878	-0.379878	0.379878
6	Gm06_41620353	41620353	0.457237	0.258091	-0.258091	0.258091
6	Gm06_41620363	41620363	0.457237	0.259783	-0.259783	0.259783
6	Gm06_41638505	41638505	0.345395	0.326958	-0.326958	0.326958
6	Gm06_41638857	41638857	0.342105	0.334503	-0.334503	0.334503
6	Gm06_41656281	41656281	0.342105	0.332036	-0.332036	0.332036
6	Gm06_41656522	41656522	0.335526	0.354491	-0.354491	0.354491
6	Gm06_41656535	41656535	0.342105	0.327502	-0.327502	0.327502
6	Gm06_41656569	41656569	0.0690789	0.360564	-0.360564	0.360564
6	Gm06_41665873	41665873	0.0690789	0.359594	-0.359594	0.359594
6	Gm06_41665901	41665901	0.0690789	0.358625	-0.358625	0.358625
6	Gm06_41666121	41666121	0.138158	0.168637	-0.168637	0.168637
6	Gm06_41676823	41676823	0.0690789	0.362883	-0.362883	0.362883
6	Gm06_41676845	41676845	0.0690789	0.361911	-0.361911	0.361911
6	Gm06_41676855	41676855	0.342105	0.32201	-0.32201	0.32201
6	Gm06_41677085	41677085	0.138158	0.17466	-0.17466	0.17466
6	Gm06_41677922	41677922	0.335526	0.344352	-0.344352	0.344352
6	Gm06_41679769	41679769	0.138158	0.165988	-0.165988	0.165988
6	Gm06_41679801	41679801	0.0921053	0.441186	-0.441186	0.441186
6	Gm06_41679809	41679809	0.0921053	0.44114	-0.44114	0.44114
6	Gm06_41680186	41680186	0.444079	0.345267	-0.345267	0.345267
6	Gm06_41686476	41686476	0.342105	0.314641	-0.314641	0.314641
6	Gm06_41686489	41686489	0.342105	0.313293	-0.313293	0.313293
6	Gm06_41688246	41688246	0.138158	0.128344	-0.128344	0.128344
6	Gm06_41807651	41807651	0.134868	0.149077	-0.149077	0.149077
6	Gm06_41807906	41807906	0.342105	0.311137	-0.311137	0.311137
6	Gm06_41814531	41814531	0.457237	0.315292	-0.315292	0.315292
6	Gm06_41843067	41843067	0.328947	0.346344	-0.346344	0.346344
6	Gm06_41843309	41843309	0.328947	0.345064	-0.345064	0.345064
6	Gm06_41843359	41843359	0.381579	0.155783	-0.155783	0.155783
6	Gm06_41843620	41843620	0.342105	0.301585	-0.301585	0.301585
6	Gm06_41843648	41843648	0.342105	0.301016	-0.301016	0.301016
6	Gm06_41843897	41843897	0.450658	-0.0561988	0.0561988	-0.0561988
6	Gm06_41866664	41866664	0.480263	-0.121366	0.121366	-0.121366
6	Gm06_41878949	41878949	0.444079	0.356613	-0.356613	0.356613
6	Gm06_41879260	41879260	0.447368	0.346567	-0.346567	0.346567
6	Gm06_41879710	41879710	0.453947	0.325575	-0.325575	0.325575
6	Gm06_41879723	41879723	0.131579	0.177272	-0.177272	0.177272
6	Gm06_41954811	41954811	0.332237	0.332645	-0.332645	0.332645
6	Gm06_42002731	42002731	0.335526	0.322875	-0.322875	0.322875
6	Gm06_42002739	42002739	0.335526	0.321764	-0.321764	0.321764
6	Gm06_42002780	42002780	0.480263	-0.134975	0.134975	-0.134975
6	Gm06_42002875	42002875	0.0690789	0.356801	-0.356801	0.356801
6	Gm06_42002997	42002997	0.134868	0.146706	-0.146706	0.146706
6	Gm06_42003013	42003013	0.134868	0.146281	-0.146281	0.146281
6	Gm06_42080292	42080292	0.141447	0.0979889	-0.0979889	0.0979889
6	Gm06_42156338	42156338	0.134868	0.145815	-0.145815	0.145815
6	Gm06_42266905	42266905	0.440789	0.385648	-0.385648	0.385648
6	Gm06_42276008	42276008	0.480263	-0.143474	0.143474	-0.143474
6	Gm06_42276183	42276183	0.427632	0.028277	-0.028277	0.028277
6	Gm06_42283953	42283953	0.134868	0.182945	-0.182945	0.182945
6	Gm06_42292123	42292123	0.404605	0.0800122	-0.0800122	0.0800122
6	Gm06_42292137	42292137	0.447368	0.366817	-0.366817	0.366817
6	Gm06_42292326	42292326	0.453947	0.347532	-0.347532	0.347532
6	Gm06_42292535	42292535	0.470395	-0.119814	0.119814	-0.119814
6	Gm06_42292680	42292680	0.338816	0.285166	-0.285166	0.285166
6	Gm06_42297723	42297723	0.335526	0.295875	-0.295875	0.295875
6	Gm06_42297729	42297729	0.490132	0.244251	-0.244251	0.244251
6	Gm06_42297961	42297961	0.490132	0.245267	-0.245267	0.245267
6	Gm06_42298588	42298588	0.345395	0.252587	-0.252587	0.252587
6	Gm06_42298837	42298837	0.338816	0.276274	-0.276274	0.276274
6	Gm06_42301502	42301502	0.335526	0.287962	-0.287962	0.287962
6	Gm06_42301675	42301675	0.342105	0.26244	-0.26244	0.26244
6	Gm06_42301682	42301682	0.450658	0.368808	-0.368808	0.368808
6	Gm06_42302070	42302070	0.335526	0.287988	-0.287988	0.287988
6	Gm06_42302098	42302098	0.0690789	0.375728	-0.375728	0.375728
6	Gm06_42302269	42302269	0.335526	0.288732	-0.288732	0.288732
6	Gm06_42302301	42302301	0.0690789	0.381565	-0.381565	0.381565
6	Gm06_42330634	42330634	0.407895	0.0440821	-0.0440821	0.0440821
6	Gm06_42347606	42347606	0.0690789	0.384481	-0.384481	0.384481
6	Gm06_42347618	42347618	0.450658	0.369219	-0.369219	0.369219
6	Gm06_42347634	42347634	0.134868	0.198065	-0.198065	0.198065
6	Gm06_42347654	42347654	0.480263	-0.159577	0.159577	-0.159577
6	Gm06_42355473	42355473	0.335526	0.288007	-0.288007	0.288007
6	Gm06_42355613	42355613	0.0690789	0.40049	-0.40049	0.40049
6	Gm06_42355672	42355672	0.335526	0.286501	-0.286501	0.286501
6	Gm06_42360866	42360866	0.134868	0.195062	-0.195062	0.195062
6	Gm06_42361139	42361139	0.134868	0.196082	-0.196082	0.196082
6	Gm06_42361151	42361151	0.134868	0.197198	-0.197198	0.197198
6	Gm06_42361168	42361168	0.457237	0.343364	-0.343364	0.343364
6	Gm06_42361217	42361217	0.338816	0.271341	-0.271341	0.271341
6	Gm06_42370396	42370396	0.335526	0.283889	-0.283889	0.283889
6	Gm06_42370402	42370402	0.342105	0.259432	-0.259432	0.259432
6	Gm06_42370419	42370419	0.335526	0.284856	-0.284856	0.284856
6	Gm06_42370759	42370759	0.447368	0.373226	-0.373226	0.373226
6	Gm06_42400245	42400245	0.0921053	0.459373	-0.459373	0.459373
6	Gm06_42444348	42444348	0.450658	0.36665	-0.36665	0.36665
6	Gm06_42449358	42449358	0.207237	-0.103317	0.103317	-0.103317
6	Gm06_42464729	42464729	0.447368	0.374082	-0.374082	0.374082
6	Gm06_42484385	42484385	0.338816	0.288187	-0.288187	0.288187
6	Gm06_42485504	42485504	0.101974	0.204126	-0.204126	0.204126
6	Gm06_42485628	42485628	0.200658	-0.0700273	0.0700273	-0.0700273
6	Gm06_42485696	42485696	0.453947	0.348586	-0.348586	0.348586
6	Gm06_42505435	42505435	0.203947	-0.0847154	0.0847154	-0.0847154
6	Gm06_42505489	42505489	0.203947	-0.0827769	0.0827769	-0.0827769
6	Gm06_42536276	42536276	0.0888158	0.48694	-0.48694	0.48694
6	Gm06_42553641	42553641	0.476974	-0.119624	0.119624	-0.119624
6	Gm06_42553684	42553684	0.476974	-0.119097	0.119097	-0.119097
6	Gm06_42553875	42553875	0.4375	0.00929085	-0.00929085	0.00929085
6	Gm06_42553919	42553919	0.4375	0.00982553	-0.00982553	0.00982553
6	Gm06_42560834	42560834	0.453947	0.324675	-0.324675	0.324675
6	Gm06_42561108	42561108	0.115132	0.106831	-0.106831	0.106831
6	Gm06_42562356	42562356	0.447368	0.343392	-0.343392	0.343392
6	Gm06_42562387	42562387	0.447368	0.342599	-0.342599	0.342599
6	Gm06_42605420	42605420	0.305921	0.156926	-0.156926	0.156926
6	Gm06_42605683	42605683	0.424342	-0.22399	0.22399	-0.22399
6	Gm06_42618232	42618232	0.348684	0.00327503	-0.00327503	0.00327503
6	Gm06_42618290	42618290	0.348684	0.00424239	-0.00424239	0.00424239
6	Gm06_42618398	42618398	0.348684	0.00522302	-0.00522302	0.00522302
6	Gm06_42618428	42618428	0.348684	0.0060885	-0.0060885	0.0060885
6	Gm06_42618452	42618452	0.351974	-0.0041912	0.0041912	-0.0041912
6	Gm06_42627672	42627672	0.424342	-0.218233	0.218233	-0.218233
6	Gm06_42628840	42628840	0.0690789	0.493711	-0.493711	0.493711
6	Gm06_42647721	42647721	0.430921	-0.236273	0.236273	-0.236273
6	Gm06_42752540	42752540	0.391447	-0.11592	0.11592	-0.11592
6	Gm06_42752546	42752546	0.384868	-0.0912835	0.0912835	-0.0912835
6	Gm06_42753068	42753068	0.0690789	0.49938	-0.49938	0.49938
6	Gm06_42753108	42753108	0.0921053	0.48785	-0.48785	0.48785
6	Gm06_42791685	42791685	0.371711	0.45291	-0.45291	0.45291
6	Gm06_42791758	42791758	0.197368	0.556062	-0.556062	0.556062
6	Gm06_42792032	42792032	0.197368	0.555454	-0.555454	0.555454
6	Gm06_42792044	42792044	0.0953947	0.542367	-0.542367	0.542367
6	Gm06_42792187	42792187	0.0953947	0.542388	-0.542388	0.542388
6	Gm06_42797765	42797765	0.299342	0.195096	-0.195096	0.195096
6	Gm06_42797938	42797938	0.299342	0.194668	-0.194668	0.194668
6	Gm06_42846876	42846876	0.371711	0.447333	-0.447333	0.447333
6	Gm06_42847059	42847059	0.411184	-0.10719	0.10719	-0.10719
6	Gm06_42853387	42853387	0.194079	0.569226	-0.569226	0.569226
6	Gm06_42855576	42855576	0.197368	0.209388	-0.209388	0.209388
6	Gm06_42855647	42855647	0.213816	0.582378	-0.582378	0.582378
6	Gm06_42855789	42855789	0.197368	0.552691	-0.552691	0.552691
6	Gm06_42861592	42861592	0.203947	0.184739	-0.184739	0.184739
6	Gm06_42861761	42861761	0.401316	-0.0686197	0.0686197	-0.0686197
6	Gm06_42861816	42861816	0.375	0.438716	-0.438716	0.438716
6	Gm06_42861831	42861831	0.401316	-0.0647928	0.0647928	-0.0647928
6	Gm06_42871139	42871139	0.213816	0.575651	-0.575651	0.575651
6	Gm06_42871196	42871196	0.203947	0.52273	-0.52273	0.52273
6	Gm06_42871408	42871408	0.407895	-0.0899516	0.0899516	-0.0899516
6	Gm06_42871415	42871415	0.213816	0.585315	-0.585315	0.585315
6	Gm06_42871433	42871433	0.407895	-0.0971547	0.0971547	-0.0971547
6	Gm06_42871470	42871470	0.401316	-0.0751778	0.0751778	-0.0751778
6	Gm06_42890684	42890684	0.203947	0.507251	-0.507251	0.507251
6	Gm06_42890719	42890719	0.203947	0.190647	-0.190647	0.190647
6	Gm06_42894533	42894533	0.371711	0.440601	-0.440601	0.440601
6	Gm06_42894872	42894872	0.200658	0.527979	-0.527979	0.527979
6	Gm06_42894905	42894905	0.368421	0.451247	-0.451247	0.451247
6	Gm06_42895091	42895091	0.371711	0.439591	-0.439591	0.439591
6	Gm06_42895114	42895114	0.200658	0.518464	-0.518464	0.518464
6	Gm06_42895722	42895722	0.203947	0.501116	-0.501116	0.501116
6	Gm06_42895770	42895770	0.463816	0.202148	-0.202148	0.202148
6	Gm06_42895777	42895777	0.220395	0.541827	-0.541827	0.541827
6	Gm06_42908697	42908697	0.108553	0.476944	-0.476944	0.476944
6	Gm06_42946516	42946516	0.424342	-0.0777129	0.0777129	-0.0777129
6	Gm06_42946843	42946843	0.424342	-0.0773466	0.0773466	-0.0773466
6	Gm06_42946864	42946864	0.424342	-0.0769897	0.0769897	-0.0769897
6	Gm06_42946892	42946892	0.424342	-0.076636	0.076636	-0.076636
6	Gm06_42960418	42960418	0.427632	-0.0875908	0.0875908	-0.0875908
6	Gm06_42960603	42960603	0.207237	0.14458	-0.14458	0.14458
6	Gm06_42960647	42960647	0.427632	-0.0723884	0.0723884	-0.0723884
6	Gm06_42963091	42963091	0.424342	-0.0610039	0.0610039	-0.0610039
6	Gm06_42963149	42963149	0.424342	-0.0607556	0.0607556	-0.0607556
6	Gm06_42976186	42976186	0.371711	0.445223	-0.445223	0.445223
6	Gm06_42978348	42978348	0.417763	-0.0179119	0.0179119	-0.0179119
6	Gm06_42978389	42978389	0.365132	0.462651	-0.462651	0.462651
6	Gm06_42986039	42986039	0.414474	-0.126783	0.126783	-0.126783
6	Gm06_42986254	42986254	0.414474	-0.126984	0.126984	-0.126984
6	Gm06_42995183	42995183	0.108553	0.425549	-0.425549	0.425549
6	Gm06_42995195	42995195	0.309211	0.159258	-0.159258	0.159258
6	Gm06_43044394	43044394	0.197368	0.0740275	-0.0740275	0.0740275
6	Gm06_43044586	43044586	0.108553	0.424041	-0.424041	0.424041
6	Gm06_43044592	43044592	0.111842	0.396138	-0.396138	0.396138
6	Gm06_43075747	43075747	0.434211	-0.214371	0.214371	-0.214371
6	Gm06_43075909	43075909	0.430921	-0.203175	0.203175	-0.203175
6	Gm06_43082524	43082524	0.108553	0.418178	-0.418178	0.418178
6	Gm06_43089833	43089833	0.101974	0.479083	-0.479083	0.479083
6	Gm06_43089839	43089839	0.108553	0.420339	-0.420339	0.420339
6	Gm06_43089859	43089859	0.217105	0.471452	-0.471452	0.471452
6	Gm06_43093103	43093103	0.101974	0.486795	-0.486795	0.486795
6	Gm06_43098130	43098130	0.496711	-0.350956	0.350956	-0.350956
6	Gm06_43103337	43103337	0.490132	-0.334505	0.334505	-0.334505
6	Gm06_43111684	43111684	0.217105	0.504867	-0.504867	0.504867
6	Gm06_43111699	43111699	0.125	0.409615	-0.409615	0.409615
6	Gm06_43111846	43111846	0.486842	-0.335278	0.335278	-0.335278
6	Gm06_43111855	43111855	0.121711	0.432389	-0.432389	0.432389
6	Gm06_43111866	43111866	0.0986842	0.444361	-0.444361	0.444361
6	Gm06_43111873	43111873	0.217105	0.498795	-0.498795	0.498795
6	Gm06_43115174	43115174	0.217105	0.498847	-0.498847	0.498847
6	Gm06_43115393	43115393	0.486842	-0.336312	0.336312	-0.336312
6	Gm06_43115425	43115425	0.0986842	0.44573	-0.44573	0.44573
6	Gm06_43115536	43115536	0.220395	0.483657	-0.483657	0.483657
6	Gm06_43115543	43115543	0.486842	-0.328264	0.328264	-0.328264
6	Gm06_43124121	43124121	0.480263	-0.30873	0.30873	-0.30873
6	Gm06_43124150	43124150	0.480263	-0.309154	0.309154	-0.309154
6	Gm06_43124319	43124319	0.217105	0.500427	-0.500427	0.500427
6	Gm06_43124353	43124353	0.480263	-0.308002	0.308002	-0.308002
6	Gm06_43124365	43124365	0.118421	0.467076	-0.467076	0.467076
6	Gm06_43130467	43130467	0.486842	-0.326208	0.326208	-0.326208
6	Gm06_43152033	43152033	0.486842	-0.326693	0.326693	-0.326693
6	Gm06_43152040	43152040	0.486842	-0.3273	0.3273	-0.3273
6	Gm06_43152086	43152086	0.0953947	0.450106	-0.450106	0.450106
6	Gm06_43182491	43182491	0.384868	-0.0428771	0.0428771	-0.0428771
6	Gm06_43202237	43202237	0.0888158	0.502546	-0.502546	0.502546
6	Gm06_43225980	43225980	0.217105	0.494436	-0.494436	0.494436
6	Gm06_43226012	43226012	0.345395	0.0745967	-0.0745967	0.0745967
6	Gm06_43244924	43244924	0.486842	-0.346331	0.346331	-0.346331
6	Gm06_43290042	43290042	0.0953947	0.438257	-0.438257	0.438257
6	Gm06_43295770	43295770	0.220395	0.0654451	-0.0654451	0.0654451
6	Gm06_43296024	43296024	0.217105	0.494495	-0.494495	0.494495
6	Gm06_43296041	43296041	0.223684	0.0563392	-0.0563392	0.0563392
6	Gm06_43322126	43322126	0.217105	0.495676	-0.495676	0.495676
6	Gm06_43322332	43322332	0.223684	0.056394	-0.056394	0.056394
6	Gm06_43322348	43322348	0.217105	0.495615	-0.495615	0.495615
6	Gm06_43328549	43328549	0.486842	-0.334177	0.334177	-0.334177
6	Gm06_43328585	43328585	0.128289	0.420114	-0.420114	0.420114
6	Gm06_43348068	43348068	0.131579	0.396628	-0.396628	0.396628
6	Gm06_43351896	43351896	0.220395	0.093001	-0.093001	0.093001
6	Gm06_43351911	43351911	0.483553	-0.31887	0.31887	-0.31887
6	Gm06_43357197	43357197	0.223684	0.0818269	-0.0818269	0.0818269
6	Gm06_43357222	43357222	0.223684	0.463854	-0.463854	0.463854
6	Gm06_43357455	43357455	0.223684	0.0767462	-0.0767462	0.0767462
6	Gm06_43362097	43362097	0.220395	0.0875246	-0.0875246	0.0875246
6	Gm06_43362689	43362689	0.217105	0.107504	-0.107504	0.107504
6	Gm06_43370312	43370312	0.154605	0.542712	-0.542712	0.542712
6	Gm06_43370532	43370532	0.217105	0.553565	-0.553565	0.553565
6	Gm06_43370579	43370579	0.486842	-0.258211	0.258211	-0.258211
6	Gm06_43371318	43371318	0.220395	0.155945	-0.155945	0.155945
6	Gm06_43371352	43371352	0.217105	0.55624	-0.55624	0.55624
6	Gm06_43371541	43371541	0.223684	0.141036	-0.141036	0.141036
6	Gm06_43375082	43375082	0.480263	-0.241787	0.241787	-0.241787
6	Gm06_43375235	43375235	0.220395	0.506027	-0.506027	0.506027
6	Gm06_43375280	43375280	0.134868	0.40364	-0.40364	0.40364
6	Gm06_43381811	43381811	0.128289	0.448354	-0.448354	0.448354
6	Gm06_43397126	43397126	0.0953947	0.454661	-0.454661	0.454661
6	Gm06_43397131	43397131	0.128289	0.452369	-0.452369	0.452369
6	Gm06_43399182	43399182	0.223684	0.06702	-0.06702	0.06702
6	Gm06_43399430	43399430	0.0953947	0.456786	-0.456786	0.456786
6	Gm06_43405053	43405053	0.226974	0.0602744	-0.0602744	0.0602744
6	Gm06_43405288	43405288	0.217105	0.520748	-0.520748	0.520748
6	Gm06_43420114	43420114	0.217105	0.520431	-0.520431	0.520431
6	Gm06_43420164	43420164	0.0953947	0.467241	-0.467241	0.467241
6	Gm06_43420389	43420389	0.121711	0.505189	-0.505189	0.505189
6	Gm06_43420442	43420442	0.151316	0.558672	-0.558672	0.558672
6	Gm06_43426352	43426352	0.213816	0.477081	-0.477081	0.477081
6	Gm06_43432691	43432691	0.128289	0.41634	-0.41634	0.41634
6	Gm06_43445956	43445956	0.220395	0.0690006	-0.0690006	0.0690006
6	Gm06_43445981	43445981	0.217105	0.456874	-0.456874	0.456874
6	Gm06_43446017	43446017	0.217105	0.456021	-0.456021	0.456021
6	Gm06_43446028	43446028	0.217105	0.455495	-0.455495	0.455495
6	Gm06_43446140	43446140	0.217105	0.454988	-0.454988	0.454988
6	Gm06_43484611	43484611	0.4375	-0.205357	0.205357	-0.205357
6	Gm06_43485228	43485228	0.434211	-0.193123	0.193123	-0.193123
6	Gm06_43486316	43486316	0.440789	-0.214106	0.214106	-0.214106
6	Gm06_43516383	43516383	0.0953947	0.438713	-0.438713	0.438713
6	Gm06_43516425	43516425	0.450658	-0.254546	0.254546	-0.254546
6	Gm06_43516441	43516441	0.101974	0.374215	-0.374215	0.374215
6	Gm06_43516446	43516446	0.121711	0.454487	-0.454487	0.454487
6	Gm06_43522936	43522936	0.128289	0.407218	-0.407218	0.407218
6	Gm06_43523081	43523081	0.309211	0.102275	-0.102275	0.102275
6	Gm06_43523121	43523121	0.217105	0.430761	-0.430761	0.430761
6	Gm06_43526507	43526507	0.217105	0.429965	-0.429965	0.429965
6	Gm06_43526660	43526660	0.0953947	0.423227	-0.423227	0.423227
6	Gm06_43526677	43526677	0.3125	0.082881	-0.082881	0.082881
6	Gm06_43526736	43526736	0.217105	0.428637	-0.428637	0.428637
6	Gm06_43526898	43526898	0.0921053	0.42202	-0.42202	0.42202
6	Gm06_43526954	43526954	0.0921053	0.422782	-0.422782	0.422782
6	Gm06_43529963	43529963	0.0921053	0.423706	-0.423706	0.423706
6	Gm06_43530020	43530020	0.0921053	0.424632	-0.424632	0.424632
6	Gm06_43530029	43530029	0.0921053	0.424695	-0.424695	0.424695
6	Gm06_43538168	43538168	0.0921053	0.425714	-0.425714	0.425714
6	Gm06_43538195	43538195	0.0921053	0.426561	-0.426561	0.426561
6	Gm06_43539355	43539355	0.0921053	0.427323	-0.427323	0.427323
6	Gm06_43553218	43553218	0.0953947	0.394164	-0.394164	0.394164
6	Gm06_43553380	43553380	0.121711	0.420787	-0.420787	0.420787
6	Gm06_43568416	43568416	0.121711	0.41879	-0.41879	0.41879
6	Gm06_43580230	43580230	0.0986842	0.418869	-0.418869	0.418869
6	Gm06_43580486	43580486	0.125	0.397661	-0.397661	0.397661
6	Gm06_43580546	43580546	0.125	0.397579	-0.397579	0.397579
6	Gm06_43600112	43600112	0.4375	-0.214828	0.214828	-0.214828
6	Gm06_43606594	43606594	0.230263	0.398357	-0.398357	0.398357
6	Gm06_43606796	43606796	0.230263	0.0401343	-0.0401343	0.0401343
6	Gm06_43624587	43624587	0.223684	0.412573	-0.412573	0.412573
6	Gm06_43624822	43624822	0.101974	0.405364	-0.405364	0.405364
6	Gm06_43624841	43624841	0.101974	0.405797	-0.405797	0.405797
6	Gm06_43624851	43624851	0.223684	0.414018	-0.414018	0.414018
6	Gm06_43624858	43624858	0.101974	0.408076	-0.408076	0.408076
6	Gm06_43662854	43662854	0.0986842	0.436626	-0.436626	0.436626
6	Gm06_45937403	45937403	0.398026	0.0867508	-0.0867508	0.0867508
6	Gm06_45940287	45940287	0.404605	0.351737	-0.351737	0.351737
6	Gm06_45940551	45940551	0.404605	0.35164	-0.35164	0.35164
6	Gm06_45942617	45942617	0.411184	0.043536	-0.043536	0.043536
6	Gm06_45942622	45942622	0.1875	0.468609	-0.468609	0.468609
6	Gm06_45942674	45942674	0.1875	0.467321	-0.467321	0.467321
6	Gm06_45944780	45944780	0.404605	0.0658806	-0.0658806	0.0658806
6	Gm06_45944793	45944793	0.404605	0.0666586	-0.0666586	0.0666586
6	Gm06_45970712	45970712	0.398026	0.376214	-0.376214	0.376214
6	Gm06_45970769	45970769	0.184211	0.475054	-0.475054	0.475054
6	Gm06_45973417	45973417	0.398026	0.0927723	-0.0927723	0.0927723
6	Gm06_45973696	45973696	0.190789	0.436378	-0.436378	0.436378
6	Gm06_45973717	45973717	0.190789	0.435327	-0.435327	0.435327
6	Gm06_45973891	45973891	0.407895	0.0649358	-0.0649358	0.0649358
6	Gm06_45974080	45974080	0.171053	0.509719	-0.509719	0.509719
6	Gm06_45985443	45985443	0.190789	0.415415	-0.415415	0.415415
6	Gm06_45985693	45985693	0.401316	0.367921	-0.367921	0.367921
6	Gm06_45990809	45990809	0.417763	0.039248	-0.039248	0.039248
6	Gm06_45998889	45998889	0.411184	0.0594967	-0.0594967	0.0594967
6	Gm06_45999024	45999024	0.411184	0.0601874	-0.0601874	0.0601874
6	Gm06_46003452	46003452	0.398026	0.369686	-0.369686	0.369686
6	Gm06_46003662	46003662	0.404605	0.0905627	-0.0905627	0.0905627
6	Gm06_46018021	46018021	0.398026	0.372296	-0.372296	0.372296
6	Gm06_46018032	46018032	0.194079	0.396444	-0.396444	0.396444
6	Gm06_46020888	46020888	0.404605	0.351778	-0.351778	0.351778
6	Gm06_46040411	46040411	0.414474	0.0610481	-0.0610481	0.0610481
6	Gm06_46040713	46040713	0.414474	0.0616609	-0.0616609	0.0616609
6	Gm06_46051955	46051955	0.401316	0.357881	-0.357881	0.357881
6	Gm06_46052233	46052233	0.404605	0.0935721	-0.0935721	0.0935721
6	Gm06_46059158	46059158	0.194079	0.386442	-0.386442	0.386442
6	Gm06_46059219	46059219	0.194079	0.385243	-0.385243	0.385243
6	Gm06_46059449	46059449	0.404605	0.34609	-0.34609	0.34609
6	Gm06_46065201	46065201	0.194079	0.391024	-0.391024	0.391024
6	Gm06_46095223	46095223	0.398026	0.369021	-0.369021	0.369021
6	Gm06_46095267	46095267	0.194079	0.373957	-0.373957	0.373957
6	Gm06_46095468	46095468	0.0657895	0.535391	-0.535391	0.535391
6	Gm06_46097117	46097117	0.263158	0.139	-0.139	0.139
6	Gm06_46097197	46097197	0.263158	0.138093	-0.138093	0.138093
6	Gm06_46097331	46097331	0.259868	0.150616	-0.150616	0.150616
6	Gm06_46097356	46097356	0.394737	0.430323	-0.430323	0.430323
6	Gm06_46108847	46108847	0.388158	0.44366	-0.44366	0.44366
6	Gm06_46115538	46115538	0.289474	0.0511775	-0.0511775	0.0511775
6	Gm06_46115572	46115572	0.289474	0.050296	-0.050296	0.050296
6	Gm06_46156481	46156481	0.0822368	0.35721	-0.35721	0.35721
6	Gm06_46181840	46181840	0.282895	0.0900914	-0.0900914	0.0900914
6	Gm06_46181895	46181895	0.460526	0.238583	-0.238583	0.238583
6	Gm06_46202278	46202278	0.467105	0.196437	-0.196437	0.196437
6	Gm06_46202302	46202302	0.457237	0.228073	-0.228073	0.228073
6	Gm06_46276500	46276500	0.194079	-0.107543	0.107543	-0.107543
6	Gm06_46284782	46284782	0.108553	0.0898711	-0.0898711	0.0898711
6	Gm06_46293229	46293229	0.200658	-0.273716	0.273716	-0.273716
6	Gm06_46293266	46293266	0.0921053	0.248755	-0.248755	0.248755
6	Gm06_46306099	46306099	0.233553	-0.10017	0.10017	-0.10017
6	Gm06_46306243	46306243	0.0756579	0.289084	-0.289084	0.289084
6	Gm06_46317634	46317634	0.335526	-0.415466	0.415466	-0.415466
6	Gm06_46320711	46320711	0.335526	-0.413399	0.413399	-0.413399
6	Gm06_46326370	46326370	0.332237	-0.401243	0.401243	-0.401243
6	Gm06_46326581	46326581	0.0690789	0.351972	-0.351972	0.351972
6	Gm06_46326588	46326588	0.0690789	0.352191	-0.352191	0.352191
6	Gm06_46326615	46326615	0.0690789	0.352426	-0.352426	0.352426
6	Gm06_46326798	46326798	0.0690789	0.353003	-0.353003	0.353003
6	Gm06_46331295	46331295	0.289474	-0.298254	0.298254	-0.298254
6	Gm06_46371024	46371024	0.322368	-0.381952	0.381952	-0.381952
6	Gm06_46389690	46389690	0.230263	-0.281886	0.281886	-0.281886
6	Gm06_46389735	46389735	0.108553	0.207617	-0.207617	0.207617
6	Gm06_46395479	46395479	0.0789474	0.278075	-0.278075	0.278075
6	Gm06_46435226	46435226	0.131579	0.211061	-0.211061	0.211061
6	Gm06_46474647	46474647	0.111842	0.378943	-0.378943	0.378943
6	Gm06_46474866	46474866	0.0723684	0.383952	-0.383952	0.383952
6	Gm06_46475551	46475551	0.427632	-0.565109	0.565109	-0.565109
6	Gm06_46475585	46475585	0.115132	0.344069	-0.344069	0.344069
6	Gm06_46475899	46475899	0.105263	0.423293	-0.423293	0.423293
6	Gm06_46475929	46475929	0.108553	0.401502	-0.401502	0.401502
6	Gm06_46479635	46479635	0.0921053	0.52933	-0.52933	0.52933
6	Gm06_46479911	46479911	0.4375	-0.599266	0.599266	-0.599266
6	Gm06_46480075	46480075	0.128289	0.25521	-0.25521	0.25521
6	Gm06_46488164	46488164	0.111842	0.403931	-0.403931	0.403931
6	Gm06_46502826	46502826	0.434211	-0.595565	0.595565	-0.595565
6	Gm06_46504599	46504599	0.111842	0.399183	-0.399183	0.399183
6	Gm06_46505547	46505547	0.0756579	0.339633	-0.339633	0.339633
6	Gm06_46568622	46568622	0.0855263	0.568521	-0.568521	0.568521
6	Gm06_46568636	46568636	0.121711	0.273359	-0.273359	0.273359
6	Gm06_46568664	46568664	0.125	0.251771	-0.251771	0.251771
6	Gm06_46568843	46568843	0.197368	-0.0604953	0.0604953	-0.0604953
6	Gm06_46613645	46613645	0.427632	-0.570536	0.570536	-0.570536
6	Gm06_46682725	46682725	0.151316	-0.0027844	0.0027844	-0.0027844
6	Gm06_46682924	46682924	0.161184	-0.0653483	0.0653483	-0.0653483
6	Gm06_46682936	46682936	0.154605	-0.023234	0.023234	-0.023234
6	Gm06_46695750	46695750	0.161184	-0.0624701	0.0624701	-0.0624701
6	Gm06_46695936	46695936	0.154605	-0.0284303	0.0284303	-0.0284303
6	Gm06_46724398	46724398	0.338816	-0.35915	0.35915	-0.35915
6	Gm06_46724570	46724570	0.148026	0.174093	-0.174093	0.174093
6	Gm06_46758978	46758978	0.296053	-0.176426	0.176426	-0.176426
6	Gm06_46759015	46759015	0.138158	0.072266	-0.072266	0.072266
6	Gm06_46785164	46785164	0.115132	0.405288	-0.405288	0.405288
6	Gm06_46785183	46785183	0.0723684	0.376539	-0.376539	0.376539
6	Gm06_46805786	46805786	0.0756579	0.48322	-0.48322	0.48322
6	Gm06_46805825	46805825	0.0756579	0.482573	-0.482573	0.482573
6	Gm06_46809394	46809394	0.276316	-0.113612	0.113612	-0.113612
6	Gm06_46809408	46809408	0.207237	0.100987	-0.100987	0.100987
6	Gm06_46809690	46809690	0.115132	0.416332	-0.416332	0.416332
6	Gm06_46809729	46809729	0.276316	-0.119328	0.119328	-0.119328
6	Gm06_46815865	46815865	0.0723684	0.48154	-0.48154	0.48154
6	Gm06_46849570	46849570	0.483553	-0.624534	0.624534	-0.624534
6	Gm06_46849746	46849746	0.0855263	0.283252	-0.283252	0.283252
6	Gm06_46849787	46849787	0.342105	-0.318285	0.318285	-0.318285
6	Gm06_46849808	46849808	0.0855263	0.290314	-0.290314	0.290314
6	Gm06_46853051	46853051	0.167763	0.0987423	-0.0987423	0.0987423
6	Gm06_46863331	46863331	0.0888158	0.58486	-0.58486	0.58486
6	Gm06_46863531	46863531	0.286184	-0.253792	0.253792	-0.253792
6	Gm06_46863541	46863541	0.0888158	0.563592	-0.563592	0.563592
6	Gm06_46863587	46863587	0.0888158	0.563186	-0.563186	0.563186
6	Gm06_46933905	46933905	0.325658	-0.372522	0.372522	-0.372522
6	Gm06_46938066	46938066	0.0953947	0.328969	-0.328969	0.328969
6	Gm06_46946629	46946629	0.421053	-0.542063	0.542063	-0.542063
6	Gm06_46946663	46946663	0.421053	-0.542025	0.542025	-0.542025
6	Gm06_46948881	46948881	0.463816	-0.661246	0.661246	-0.661246
6	Gm06_46981145	46981145	0.128289	0.204647	-0.204647	0.204647
6	Gm06_46985031	46985031	0.0921053	0.563124	-0.563124	0.563124
6	Gm06_47005025	47005025	0.417763	-0.547313	0.547313	-0.547313
6	Gm06_47005289	47005289	0.0690789	0.426868	-0.426868	0.426868
6	Gm06_47055710	47055710	0.0953947	0.355235	-0.355235	0.355235
6	Gm06_47179172	47179172	0.460526	-0.664174	0.664174	-0.664174
6	Gm06_47181275	47181275	0.276316	-0.18399	0.18399	-0.18399
6	Gm06_47181378	47181378	0.276316	-0.184386	0.184386	-0.184386
6	Gm06_47188219	47188219	0.111842	0.16113	-0.16113	0.16113
6	Gm06_47188235	47188235	0.125	0.225124	-0.225124	0.225124
6	Gm06_47209861	47209861	0.115132	0.13676	-0.13676	0.13676
6	Gm06_47211754	47211754	0.440789	-0.582206	0.582206	-0.582206
6	Gm06_47232945	47232945	0.223684	-0.011507	0.011507	-0.011507
6	Gm06_47232976	47232976	0.174342	-0.0196108	0.0196108	-0.0196108
6	Gm06_47253159	47253159	0.430921	0.537193	-0.537193	0.537193
6	Gm06_47253356	47253356	0.378289	-0.0633232	0.0633232	-0.0633232
6	Gm06_47260146	47260146	0.496711	-0.325112	0.325112	-0.325112
6	Gm06_47273394	47273394	0.0953947	0.335447	-0.335447	0.335447
6	Gm06_47282596	47282596	0.0723684	0.539735	-0.539735	0.539735
6	Gm06_47288973	47288973	0.207237	0.130033	-0.130033	0.130033
6	Gm06_47289023	47289023	0.259868	0.296699	-0.296699	0.296699
6	Gm06_47291795	47291795	0.0723684	0.545888	-0.545888	0.545888
6	Gm06_47295127	47295127	0.467105	-0.248066	0.248066	-0.248066
6	Gm06_47322237	47322237	0.460526	0.4165	-0.4165	0.4165
6	Gm06_47331803	47331803	0.476974	0.367389	-0.367389	0.367389
6	Gm06_47331825	47331825	0.253289	0.278865	-0.278865	0.278865
6	Gm06_47331857	47331857	0.253289	0.279466	-0.279466	0.279466
6	Gm06_47416223	47416223	0.375	-0.167454	0.167454	-0.167454
6	Gm06_47416283	47416283	0.0526316	0.210839	-0.210839	0.210839
6	Gm06_47457418	47457418	0.434211	0.455759	-0.455759	0.455759
6	Gm06_47457626	47457626	0.292763	0.0959892	-0.0959892	0.0959892
6	Gm06_47468489	47468489	0.407895	0.484473	-0.484473	0.484473
6	Gm06_47469864	47469864	0.417763	0.44849	-0.44849	0.44849
6	Gm06_47469926	47469926	0.417763	0.447789	-0.447789	0.447789
6	Gm06_47470046	47470046	0.417763	0.446937	-0.446937	0.446937
6	Gm06_47470082	47470082	0.417763	0.446071	-0.446071	0.446071
6	Gm06_47473188	47473188	0.404605	0.489869	-0.489869	0.489869
6	Gm06_47495235	47495235	0.259868	0.259218	-0.259218	0.259218
6	Gm06_47585380	47585380	0.256579	0.206406	-0.206406	0.206406
6	Gm06_47589121	47589121	0.457237	0.397484	-0.397484	0.397484
6	Gm06_47591381	47591381	0.263158	0.26075	-0.26075	0.26075
6	Gm06_47595342	47595342	0.259868	0.180794	-0.180794	0.180794
6	Gm06_47597928	47597928	0.269737	0.139145	-0.139145	0.139145
6	Gm06_47605832	47605832	0.259868	0.181784	-0.181784	0.181784
6	Gm06_47606078	47606078	0.302632	0.11576	-0.11576	0.11576
6	Gm06_47609706	47609706	0.279605	0.20068	-0.20068	0.20068
6	Gm06_47632549	47632549	0.279605	0.113768	-0.113768	0.113768
6	Gm06_47632564	47632564	0.279605	0.114132	-0.114132	0.114132
6	Gm06_47689253	47689253	0.236842	0.220207	-0.220207	0.220207
6	Gm06_47708699	47708699	0.0559211	0.436123	-0.436123	0.436123
6	Gm06_47708709	47708709	0.296053	0.114074	-0.114074	0.114074
6	Gm06_47708973	47708973	0.292763	0.127874	-0.127874	0.127874
6	Gm06_47708996	47708996	0.296053	0.114888	-0.114888	0.114888
6	Gm06_47741136	47741136	0.302632	0.00332399	-0.00332399	0.00332399
6	Gm06_47812313	47812313	0.108553	-0.0813849	0.0813849	-0.0813849
6	Gm06_47812319	47812319	0.101974	-0.0378738	0.0378738	-0.0378738
6	Gm06_47812331	47812331	0.101974	-0.0372296	0.0372296	-0.0372296
6	Gm06_47825251	47825251	0.486842	0.195718	-0.195718	0.195718
6	Gm06_47825289	47825289	0.246711	0.219749	-0.219749	0.219749
6	Gm06_47825451	47825451	0.4375	0.366959	-0.366959	0.366959
6	Gm06_47825478	47825478	0.486842	0.207987	-0.207987	0.207987
6	Gm06_47839871	47839871	0.332237	0.161788	-0.161788	0.161788
6	Gm06_47844958	47844958	0.335526	-0.135268	0.135268	-0.135268
6	Gm06_47847456	47847456	0.0756579	0.217804	-0.217804	0.217804
6	Gm06_47919573	47919573	0.144737	-0.169386	0.169386	-0.169386
6	Gm06_48032833	48032833	0.388158	-0.234636	0.234636	-0.234636
6	Gm06_48039999	48039999	0.0855263	0.197348	-0.197348	0.197348
6	Gm06_48058203	48058203	0.388158	-0.234518	0.234518	-0.234518
6	Gm06_48058239	48058239	0.292763	0.0820928	-0.0820928	0.0820928
6	Gm06_48058245	48058245	0.0822368	0.232175	-0.232175	0.232175
6	Gm06_48058256	48058256	0.388158	-0.236286	0.236286	-0.236286
6	Gm06_48096280	48096280	0.299342	0.0539484	-0.0539484	0.0539484
6	Gm06_48096559	48096559	0.299342	0.0538665	-0.0538665	0.0538665
6	Gm06_48110581	48110581	0.0789474	0.150828	-0.150828	0.150828
6	Gm06_48165768	48165768	0.115132	-0.0940768	0.0940768	-0.0940768
6	Gm06_48187434	48187434	0.0559211	0.396984	-0.396984	0.396984
6	Gm06_48187448	48187448	0.0559211	0.396639	-0.396639	0.396639
6	Gm06_48240042	48240042	0.368421	0.340416	-0.340416	0.340416
6	Gm06_48240244	48240244	0.131579	0.298123	-0.298123	0.298123
6	Gm06_48259036	48259036	0.0625	0.343218	-0.343218	0.343218
6	Gm06_48259047	48259047	0.0625	0.34279	-0.34279	0.34279
6	Gm06_48286984	48286984	0.0690789	0.042563	-0.042563	0.042563
6	Gm06_48292009	48292009	0.0690789	0.0422495	-0.0422495	0.0422495
6	Gm06_48292332	48292332	0.0690789	0.0419353	-0.0419353	0.0419353
6	Gm06_48336529	48336529	0.430921	-0.0156956	0.0156956	-0.0156956
6	Gm06_48336680	48336680	0.434211	-0.0307183	0.0307183	-0.0307183
6	Gm06_48336997	48336997	0.427632	-0.0093569	0.0093569	-0.0093569
6	Gm06_48342064	48342064	0.319079	0.246321	-0.246321	0.246321
6	Gm06_48342310	48342310	0.319079	0.245566	-0.245566	0.245566
6	Gm06_48435086	48435086	0.246711	-0.0680485	0.0680485	-0.0680485
6	Gm06_48441344	48441344	0.240132	-0.0478748	0.0478748	-0.0478748
6	Gm06_48441378	48441378	0.240132	-0.0479618	0.0479618	-0.0479618
6	Gm06_48442224	48442224	0.243421	-0.0621493	0.0621493	-0.0621493
6	Gm06_48466019	48466019	0.197368	0.507866	-0.507866	0.507866
6	Gm06_48546292	48546292	0.279605	0.0187311	-0.0187311	0.0187311
6	Gm06_48546664	48546664	0.279605	0.0186075	-0.0186075	0.0186075
6	Gm06_48550840	48550840	0.276316	0.0309372	-0.0309372	0.0309372
6	Gm06_48556356	48556356	0.296053	0.420098	-0.420098	0.420098
6	Gm06_48569546	48569546	0.276316	0.0705406	-0.0705406	0.0705406
6	Gm06_48569554	48569554	0.0559211	0.74153	-0.74153	0.74153
6	Gm06_48578393	48578393	0.279605	0.05134	-0.05134	0.05134
6	Gm06_48581982	48581982	0.414474	0.190219	-0.190219	0.190219
6	Gm06_48626737	48626737	0.463816	-0.312948	0.312948	-0.312948
6	Gm06_48639070	48639070	0.0657895	0.644331	-0.644331	0.644331
6	Gm06_48639255	48639255	0.483553	-0.371624	0.371624	-0.371624
6	Gm06_48668884	48668884	0.378289	-0.101545	0.101545	-0.101545
6	Gm06_48669829	48669829	0.457237	-0.325241	0.325241	-0.325241
6	Gm06_48679176	48679176	0.0756579	0.484483	-0.484483	0.484483
6	Gm06_48679344	48679344	0.0625	0.649975	-0.649975	0.649975
6	Gm06_48688000	48688000	0.430921	-0.268936	0.268936	-0.268936
6	Gm06_48688314	48688314	0.351974	-0.0529402	0.0529402	-0.0529402
6	Gm06_48688326	48688326	0.358553	-0.0677362	0.0677362	-0.0677362
6	Gm06_48705135	48705135	0.105263	0.138151	-0.138151	0.138151
6	Gm06_48705157	48705157	0.0921053	0.251859	-0.251859	0.251859
6	Gm06_48705177	48705177	0.0921053	0.252649	-0.252649	0.252649
6	Gm06_48705339	48705339	0.0690789	0.482045	-0.482045	0.482045
6	Gm06_48708613	48708613	0.108553	0.121808	-0.121808	0.121808
6	Gm06_48708634	48708634	0.131579	-0.026465	0.026465	-0.026465
6	Gm06_48708639	48708639	0.131579	-0.0260423	0.0260423	-0.0260423
6	Gm06_48708654	48708654	0.200658	-0.194826	0.194826	-0.194826
6	Gm06_48711844	48711844	0.111842	0.0921132	-0.0921132	0.0921132
6	Gm06_48711884	48711884	0.108553	0.120081	-0.120081	0.120081
6	Gm06_48712019	48712019	0.177632	-0.0967829	0.0967829	-0.0967829
6	Gm06_48712028	48712028	0.108553	0.120116	-0.120116	0.120116
6	Gm06_48712035	48712035	0.108553	0.120518	-0.120518	0.120518
6	Gm06_48714133	48714133	0.0625	0.559042	-0.559042	0.559042
6	Gm06_48714138	48714138	0.0625	0.559961	-0.559961	0.559961
6	Gm06_48752287	48752287	0.0822368	0.379202	-0.379202	0.379202
6	Gm06_48829486	48829486	0.398026	-0.11286	0.11286	-0.11286
6	Gm06_48829494	48829494	0.398026	-0.113152	0.113152	-0.113152
6	Gm06_48829560	48829560	0.493421	-0.366695	0.366695	-0.366695
6	Gm06_48846565	48846565	0.496711	-0.37663	0.37663	-0.37663
6	Gm06_48869122	48869122	0.233553	0.28392	-0.28392	0.28392
6	Gm06_48929227	48929227	0.1875	-0.044219	0.044219	-0.044219
6	Gm06_48947404	48947404	0.0657895	0.221548	-0.221548	0.221548
6	Gm06_48950211	48950211	0.269737	-0.321967	0.321967	-0.321967
6	Gm06_48956071	48956071	0.253289	-0.263013	0.263013	-0.263013
6	Gm06_49004381	49004381	0.282895	-0.198875	0.198875	-0.198875
6	Gm06_49005920	49005920	0.230263	-0.0862261	0.0862261	-0.0862261
6	Gm06_49005952	49005952	0.230263	-0.086705	0.086705	-0.086705
6	Gm06_49022858	49022858	0.1875	-0.0840613	0.0840613	-0.0840613
