chr	id	pos	freq	ihh1	ihh0	nsl
7	Gm07_7333790	7333790	0.0526316	-0.272375	0.272375	-0.272375
7	Gm07_7333992	7333992	0.453947	-0.459497	0.459497	-0.459497
7	Gm07_7388440	7388440	0.0953947	0.273167	-0.273167	0.273167
7	Gm07_7388624	7388624	0.111842	0.129123	-0.129123	0.129123
7	Gm07_7422181	7422181	0.361842	0.425074	-0.425074	0.425074
7	Gm07_7427047	7427047	0.3125	0.586809	-0.586809	0.586809
7	Gm07_7454146	7454146	0.309211	0.592687	-0.592687	0.592687
7	Gm07_7471165	7471165	0.335526	0.504251	-0.504251	0.504251
7	Gm07_7584426	7584426	0.154605	0.1702	-0.1702	0.1702
7	Gm07_7600185	7600185	0.4375	0.196258	-0.196258	0.196258
7	Gm07_7649493	7649493	0.335526	0.523352	-0.523352	0.523352
7	Gm07_7649500	7649500	0.335526	0.523475	-0.523475	0.523475
7	Gm07_7651301	7651301	0.332237	0.535839	-0.535839	0.535839
7	Gm07_7651355	7651355	0.200658	-0.0142681	0.0142681	-0.0142681
7	Gm07_7651700	7651700	0.200658	-0.00303013	0.00303013	-0.00303013
7	Gm07_7651753	7651753	0.355263	0.394938	-0.394938	0.394938
7	Gm07_7675645	7675645	0.315789	0.529745	-0.529745	0.529745
7	Gm07_7692494	7692494	0.391447	0.29895	-0.29895	0.29895
7	Gm07_7692514	7692514	0.0855263	0.0894108	-0.0894108	0.0894108
7	Gm07_7692716	7692716	0.394737	0.306786	-0.306786	0.306786
7	Gm07_7726335	7726335	0.111842	-0.0150529	0.0150529	-0.0150529
7	Gm07_7727164	7727164	0.111842	-0.0147876	0.0147876	-0.0147876
7	Gm07_7727345	7727345	0.463816	0.0916929	-0.0916929	0.0916929
7	Gm07_7734627	7734627	0.427632	0.206025	-0.206025	0.206025
7	Gm07_7735885	7735885	0.447368	0.143894	-0.143894	0.143894
7	Gm07_7740624	7740624	0.467105	0.110767	-0.110767	0.110767
7	Gm07_7740682	7740682	0.467105	0.111002	-0.111002	0.111002
7	Gm07_7740834	7740834	0.467105	0.11127	-0.11127	0.11127
7	Gm07_7749582	7749582	0.430921	0.19128	-0.19128	0.19128
7	Gm07_7759960	7759960	0.131579	-0.0400603	0.0400603	-0.0400603
7	Gm07_7761857	7761857	0.319079	0.544763	-0.544763	0.544763
7	Gm07_7761866	7761866	0.0690789	0.137695	-0.137695	0.137695
7	Gm07_7761883	7761883	0.470395	0.0763931	-0.0763931	0.0763931
7	Gm07_7762097	7762097	0.453947	0.168322	-0.168322	0.168322
7	Gm07_7762111	7762111	0.0690789	0.140439	-0.140439	0.140439
7	Gm07_7762226	7762226	0.476974	0.0546135	-0.0546135	0.0546135
7	Gm07_7838619	7838619	0.0625	0.015541	-0.015541	0.015541
7	Gm07_7853479	7853479	0.450658	0.139285	-0.139285	0.139285
7	Gm07_7854217	7854217	0.375	0.390284	-0.390284	0.390284
7	Gm07_7895362	7895362	0.460526	0.098968	-0.098968	0.098968
7	Gm07_7951363	7951363	0.375	0.403698	-0.403698	0.403698
7	Gm07_7951411	7951411	0.4375	0.202269	-0.202269	0.202269
7	Gm07_7951423	7951423	0.375	0.41349	-0.41349	0.41349
7	Gm07_7989635	7989635	0.230263	0.393838	-0.393838	0.393838
7	Gm07_8012108	8012108	0.444079	0.344317	-0.344317	0.344317
7	Gm07_8012178	8012178	0.447368	0.333642	-0.333642	0.333642
7	Gm07_8014540	8014540	0.447368	0.333035	-0.333035	0.333035
7	Gm07_8046322	8046322	0.240132	0.0320553	-0.0320553	0.0320553
7	Gm07_8092545	8092545	0.184211	0.325084	-0.325084	0.325084
7	Gm07_8128979	8128979	0.282895	0.121514	-0.121514	0.121514
7	Gm07_8129014	8129014	0.286184	0.109528	-0.109528	0.109528
7	Gm07_8144462	8144462	0.355263	0.650297	-0.650297	0.650297
7	Gm07_8169186	8169186	0.161184	0.640771	-0.640771	0.640771
7	Gm07_8187677	8187677	0.368421	0.64622	-0.64622	0.64622
7	Gm07_8187865	8187865	0.427632	-0.24895	0.24895	-0.24895
7	Gm07_8199857	8199857	0.190789	0.448266	-0.448266	0.448266
7	Gm07_8203918	8203918	0.0888158	0.141974	-0.141974	0.141974
7	Gm07_8271611	8271611	0.167763	0.562465	-0.562465	0.562465
7	Gm07_13214302	13214302	0.1875	-0.0169994	0.0169994	-0.0169994
7	Gm07_13216118	13216118	0.1875	-0.0163697	0.0163697	-0.0163697
7	Gm07_13223480	13223480	0.190789	-0.0338838	0.0338838	-0.0338838
7	Gm07_13223526	13223526	0.190789	-0.0330573	0.0330573	-0.0330573
7	Gm07_13243764	13243764	0.1875	-0.0139453	0.0139453	-0.0139453
7	Gm07_13249731	13249731	0.184211	0.00525454	-0.00525454	0.00525454
7	Gm07_13269245	13269245	0.1875	-0.0120183	0.0120183	-0.0120183
7	Gm07_13269254	13269254	0.190789	-0.0292601	0.0292601	-0.0292601
7	Gm07_13274234	13274234	0.1875	-0.00928734	0.00928734	-0.00928734
7	Gm07_13280183	13280183	0.184211	0.0109681	-0.0109681	0.0109681
7	Gm07_13281467	13281467	0.190789	-0.0249585	0.0249585	-0.0249585
7	Gm07_13297188	13297188	0.184211	0.014201	-0.014201	0.014201
7	Gm07_13297488	13297488	0.190789	-0.0207186	0.0207186	-0.0207186
7	Gm07_13297820	13297820	0.190789	-0.0196736	0.0196736	-0.0196736
7	Gm07_13297834	13297834	0.190789	-0.0181763	0.0181763	-0.0181763
7	Gm07_13322597	13322597	0.197368	-0.0520688	0.0520688	-0.0520688
7	Gm07_13330004	13330004	0.190789	-0.014873	0.014873	-0.014873
7	Gm07_13334873	13334873	0.1875	0.00489882	-0.00489882	0.00489882
7	Gm07_13337615	13337615	0.1875	0.00565809	-0.00565809	0.00565809
7	Gm07_13346826	13346826	0.184211	0.0248906	-0.0248906	0.0248906
7	Gm07_13350426	13350426	0.194079	-0.0291572	0.0291572	-0.0291572
7	Gm07_13352427	13352427	0.194079	-0.0282923	0.0282923	-0.0282923
7	Gm07_13352864	13352864	0.194079	-0.0252752	0.0252752	-0.0252752
7	Gm07_13353014	13353014	0.190789	-0.00830093	0.00830093	-0.00830093
7	Gm07_13361658	13361658	0.197368	-0.0434815	0.0434815	-0.0434815
7	Gm07_13408653	13408653	0.184211	0.0296404	-0.0296404	0.0296404
7	Gm07_13428919	13428919	0.184211	0.0307121	-0.0307121	0.0307121
7	Gm07_13429100	13429100	0.184211	0.0317852	-0.0317852	0.0317852
7	Gm07_13446274	13446274	0.184211	0.0328655	-0.0328655	0.0328655
7	Gm07_13446479	13446479	0.1875	0.0150524	-0.0150524	0.0150524
7	Gm07_13451784	13451784	0.184211	0.0345398	-0.0345398	0.0345398
7	Gm07_13461775	13461775	0.184211	0.0353048	-0.0353048	0.0353048
7	Gm07_13485523	13485523	0.184211	0.0362411	-0.0362411	0.0362411
7	Gm07_13485528	13485528	0.184211	0.0371778	-0.0371778	0.0371778
7	Gm07_13485565	13485565	0.1875	0.0192929	-0.0192929	0.0192929
7	Gm07_13485573	13485573	0.184211	0.0390749	-0.0390749	0.0390749
7	Gm07_13503637	13503637	0.1875	0.0213578	-0.0213578	0.0213578
7	Gm07_13526191	13526191	0.184211	0.0411749	-0.0411749	0.0411749
7	Gm07_13537466	13537466	0.194079	-0.0128765	0.0128765	-0.0128765
7	Gm07_13543275	13543275	0.190789	0.00640631	-0.00640631	0.00640631
7	Gm07_13549214	13549214	0.190789	0.00730821	-0.00730821	0.00730821
7	Gm07_13570492	13570492	0.184211	0.0449548	-0.0449548	0.0449548
7	Gm07_13572109	13572109	0.194079	-0.00975882	0.00975882	-0.00975882
7	Gm07_13572726	13572726	0.1875	0.0279352	-0.0279352	0.0279352
7	Gm07_13572855	13572855	0.184211	0.0476715	-0.0476715	0.0476715
7	Gm07_13599508	13599508	0.184211	0.04833	-0.04833	0.04833
7	Gm07_13620964	13620964	0.194079	-0.00655298	0.00655298	-0.00655298
7	Gm07_13625974	13625974	0.171053	0.0908893	-0.0908893	0.0908893
7	Gm07_13626213	13626213	0.197368	-0.0236163	0.0236163	-0.0236163
7	Gm07_13641763	13641763	0.194079	-0.00437607	0.00437607	-0.00437607
7	Gm07_13641772	13641772	0.194079	-0.0032947	0.0032947	-0.0032947
7	Gm07_13642631	13642631	0.1875	0.0345541	-0.0345541	0.0345541
7	Gm07_13649240	13649240	0.0559211	-0.0284805	0.0284805	-0.0284805
7	Gm07_13751837	13751837	0.200658	-0.0259451	0.0259451	-0.0259451
7	Gm07_13751853	13751853	0.190789	0.028876	-0.028876	0.028876
7	Gm07_13761887	13761887	0.1875	0.0478081	-0.0478081	0.0478081
7	Gm07_13766832	13766832	0.1875	0.0487893	-0.0487893	0.0487893
7	Gm07_13766879	13766879	0.180921	0.0795721	-0.0795721	0.0795721
7	Gm07_13766902	13766902	0.180921	0.0801827	-0.0801827	0.0801827
7	Gm07_13767503	13767503	0.1875	0.0510893	-0.0510893	0.0510893
7	Gm07_13776050	13776050	0.1875	0.0511613	-0.0511613	0.0511613
7	Gm07_13808232	13808232	0.184211	0.0702437	-0.0702437	0.0702437
7	Gm07_13808398	13808398	0.197368	-0.00316392	0.00316392	-0.00316392
7	Gm07_13814219	13814219	0.184211	0.0705138	-0.0705138	0.0705138
7	Gm07_13818340	13818340	0.1875	0.0519109	-0.0519109	0.0519109
7	Gm07_13818385	13818385	0.1875	0.0519074	-0.0519074	0.0519074
7	Gm07_13818408	13818408	0.1875	0.0523865	-0.0523865	0.0523865
7	Gm07_13819040	13819040	0.184211	0.0715246	-0.0715246	0.0715246
7	Gm07_13819337	13819337	0.1875	0.0555204	-0.0555204	0.0555204
7	Gm07_13819690	13819690	0.197368	0.000197195	-0.000197195	0.000197195
7	Gm07_13822991	13822991	0.194079	0.0181483	-0.0181483	0.0181483
7	Gm07_13823109	13823109	0.1875	0.0573448	-0.0573448	0.0573448
7	Gm07_13825796	13825796	0.1875	0.0594284	-0.0594284	0.0594284
7	Gm07_13826001	13826001	0.197368	0.00968184	-0.00968184	0.00968184
7	Gm07_13834146	13834146	0.184211	0.0805094	-0.0805094	0.0805094
7	Gm07_13835244	13835244	0.184211	0.0807992	-0.0807992	0.0807992
7	Gm07_13836690	13836690	0.194079	0.0258958	-0.0258958	0.0258958
7	Gm07_13842791	13842791	0.1875	0.0648168	-0.0648168	0.0648168
7	Gm07_13843083	13843083	0.197368	0.0112677	-0.0112677	0.0112677
7	Gm07_13846598	13846598	0.1875	0.253203	-0.253203	0.253203
7	Gm07_13846612	13846612	0.184211	0.166815	-0.166815	0.166815
7	Gm07_13848240	13848240	0.194079	0.111774	-0.111774	0.111774
7	Gm07_13848426	13848426	0.194079	0.111949	-0.111949	0.111949
7	Gm07_13850411	13850411	0.184211	0.167346	-0.167346	0.167346
7	Gm07_13857043	13857043	0.184211	0.167466	-0.167466	0.167466
7	Gm07_13857274	13857274	0.194079	0.112275	-0.112275	0.112275
7	Gm07_13857649	13857649	0.1875	0.14917	-0.14917	0.14917
7	Gm07_13857657	13857657	0.1875	0.149294	-0.149294	0.149294
7	Gm07_13864585	13864585	0.194079	0.112524	-0.112524	0.112524
7	Gm07_13896079	13896079	0.223684	-0.0209432	0.0209432	-0.0209432
7	Gm07_13896451	13896451	0.184211	0.157702	-0.157702	0.157702
7	Gm07_13896459	13896459	0.180921	0.175111	-0.175111	0.175111
7	Gm07_13932091	13932091	0.1875	0.144685	-0.144685	0.144685
7	Gm07_13934800	13934800	0.184211	0.163338	-0.163338	0.163338
7	Gm07_13940792	13940792	0.184211	0.163394	-0.163394	0.163394
7	Gm07_13953278	13953278	0.184211	0.163455	-0.163455	0.163455
7	Gm07_13995213	13995213	0.213816	0.0804633	-0.0804633	0.0804633
7	Gm07_13995362	13995362	0.226974	0.0178009	-0.0178009	0.0178009
7	Gm07_14023583	14023583	0.213816	0.0824639	-0.0824639	0.0824639
7	Gm07_14023588	14023588	0.213816	0.0826197	-0.0826197	0.0826197
7	Gm07_14023614	14023614	0.213816	0.0827974	-0.0827974	0.0827974
7	Gm07_14025384	14025384	0.217105	0.0692029	-0.0692029	0.0692029
7	Gm07_14030088	14030088	0.217105	0.0693842	-0.0693842	0.0693842
7	Gm07_14034587	14034587	0.220395	0.044428	-0.044428	0.044428
7	Gm07_14034931	14034931	0.217105	0.0612732	-0.0612732	0.0612732
7	Gm07_14073995	14073995	0.213816	0.0834887	-0.0834887	0.0834887
7	Gm07_14074154	14074154	0.213816	0.0837912	-0.0837912	0.0837912
7	Gm07_14082871	14082871	0.223684	0.0367818	-0.0367818	0.0367818
7	Gm07_14084618	14084618	0.220395	0.0534923	-0.0534923	0.0534923
7	Gm07_14084661	14084661	0.220395	0.053812	-0.053812	0.053812
7	Gm07_14085011	14085011	0.460526	-0.384946	0.384946	-0.384946
7	Gm07_14085289	14085289	0.220395	0.0991506	-0.0991506	0.0991506
7	Gm07_14103401	14103401	0.220395	0.0993417	-0.0993417	0.0993417
7	Gm07_14178238	14178238	0.223684	0.0728872	-0.0728872	0.0728872
7	Gm07_14200032	14200032	0.223684	0.0714687	-0.0714687	0.0714687
7	Gm07_14225103	14225103	0.217105	0.104408	-0.104408	0.104408
7	Gm07_14234459	14234459	0.217105	0.104654	-0.104654	0.104654
7	Gm07_14237233	14237233	0.223684	0.0728965	-0.0728965	0.0728965
7	Gm07_14237245	14237245	0.223684	0.0731529	-0.0731529	0.0731529
7	Gm07_14265802	14265802	0.213816	0.113045	-0.113045	0.113045
7	Gm07_14265878	14265878	0.217105	0.0993561	-0.0993561	0.0993561
7	Gm07_14287316	14287316	0.213816	0.114607	-0.114607	0.114607
7	Gm07_14298958	14298958	0.213816	0.114803	-0.114803	0.114803
7	Gm07_14343512	14343512	0.213816	0.115015	-0.115015	0.115015
7	Gm07_14343575	14343575	0.213816	0.115244	-0.115244	0.115244
7	Gm07_14384466	14384466	0.210526	0.121951	-0.121951	0.121951
7	Gm07_14384510	14384510	0.203947	0.331608	-0.331608	0.331608
7	Gm07_14384723	14384723	0.414474	-0.258905	0.258905	-0.258905
7	Gm07_14396506	14396506	0.220395	0.105093	-0.105093	0.105093
7	Gm07_14396612	14396612	0.407895	-0.244051	0.244051	-0.244051
7	Gm07_14416566	14416566	0.213816	0.125094	-0.125094	0.125094
7	Gm07_14449828	14449828	0.407895	-0.229534	0.229534	-0.229534
7	Gm07_14465408	14465408	0.414474	-0.251404	0.251404	-0.251404
7	Gm07_14473235	14473235	0.407895	-0.228075	0.228075	-0.228075
7	Gm07_14474162	14474162	0.407895	-0.226492	0.226492	-0.226492
7	Gm07_14474202	14474202	0.200658	0.327088	-0.327088	0.327088
7	Gm07_14494229	14494229	0.200658	0.328882	-0.328882	0.328882
7	Gm07_14495767	14495767	0.200658	0.330705	-0.330705	0.330705
7	Gm07_14495931	14495931	0.200658	0.332553	-0.332553	0.332553
7	Gm07_14495949	14495949	0.200658	0.334373	-0.334373	0.334373
7	Gm07_14518334	14518334	0.197368	0.345255	-0.345255	0.345255
7	Gm07_14519500	14519500	0.203947	0.312594	-0.312594	0.312594
7	Gm07_14527205	14527205	0.207237	0.305195	-0.305195	0.305195
7	Gm07_14536141	14536141	0.213816	0.276612	-0.276612	0.276612
7	Gm07_14548091	14548091	0.210526	0.294956	-0.294956	0.294956
7	Gm07_14647496	14647496	0.207237	0.317069	-0.317069	0.317069
7	Gm07_14647686	14647686	0.207237	0.319207	-0.319207	0.319207
7	Gm07_14650530	14650530	0.207237	0.321402	-0.321402	0.321402
7	Gm07_14667550	14667550	0.177632	0.229792	-0.229792	0.229792
7	Gm07_14696530	14696530	0.1875	0.182624	-0.182624	0.182624
7	Gm07_14698859	14698859	0.184211	0.201198	-0.201198	0.201198
7	Gm07_14701694	14701694	0.1875	0.182517	-0.182517	0.182517
7	Gm07_14701703	14701703	0.1875	0.182335	-0.182335	0.182335
7	Gm07_14713469	14713469	0.177632	0.238416	-0.238416	0.238416
7	Gm07_14738441	14738441	0.391447	-0.176196	0.176196	-0.176196
7	Gm07_14747738	14747738	0.246711	-0.0571107	0.0571107	-0.0571107
7	Gm07_14823881	14823881	0.213816	0.381427	-0.381427	0.381427
7	Gm07_14841610	14841610	0.217105	0.364516	-0.364516	0.364516
7	Gm07_14841794	14841794	0.299342	0.0687141	-0.0687141	0.0687141
7	Gm07_14851275	14851275	0.167763	0.513408	-0.513408	0.513408
7	Gm07_14917776	14917776	0.108553	0.512051	-0.512051	0.512051
7	Gm07_14918038	14918038	0.302632	-0.0120469	0.0120469	-0.0120469
7	Gm07_14918051	14918051	0.194079	0.314958	-0.314958	0.314958
7	Gm07_14918344	14918344	0.184211	0.366771	-0.366771	0.366771
7	Gm07_14941564	14941564	0.105263	0.536006	-0.536006	0.536006
7	Gm07_14992121	14992121	0.115132	0.392708	-0.392708	0.392708
7	Gm07_14992456	14992456	0.157895	0.14414	-0.14414	0.14414
7	Gm07_14992463	14992463	0.115132	0.39201	-0.39201	0.39201
7	Gm07_14992707	14992707	0.157895	0.149375	-0.149375	0.149375
7	Gm07_14995469	14995469	0.299342	-0.173689	0.173689	-0.173689
7	Gm07_15027859	15027859	0.351974	0.033328	-0.033328	0.033328
7	Gm07_15050959	15050959	0.404605	-0.127656	0.127656	-0.127656
7	Gm07_15060167	15060167	0.0822368	0.507698	-0.507698	0.507698
7	Gm07_15060509	15060509	0.404605	-0.117932	0.117932	-0.117932
7	Gm07_20255859	20255859	0.174342	0.207442	-0.207442	0.207442
7	Gm07_20255870	20255870	0.266447	0.324887	-0.324887	0.324887
7	Gm07_20258696	20258696	0.266447	0.324332	-0.324332	0.324332
7	Gm07_20267375	20267375	0.269737	0.311048	-0.311048	0.311048
7	Gm07_20272649	20272649	0.266447	0.324997	-0.324997	0.324997
7	Gm07_20325108	20325108	0.273026	0.296186	-0.296186	0.296186
7	Gm07_20325129	20325129	0.473684	-0.284521	0.284521	-0.284521
7	Gm07_20339107	20339107	0.273026	0.306914	-0.306914	0.306914
7	Gm07_20362185	20362185	0.470395	-0.274711	0.274711	-0.274711
7	Gm07_20375300	20375300	0.266447	0.327615	-0.327615	0.327615
7	Gm07_20394595	20394595	0.269737	0.312895	-0.312895	0.312895
7	Gm07_20404459	20404459	0.273026	0.298407	-0.298407	0.298407
7	Gm07_20404749	20404749	0.138158	0.362491	-0.362491	0.362491
7	Gm07_20404881	20404881	0.480263	-0.312956	0.312956	-0.312956
7	Gm07_20406191	20406191	0.269737	0.313065	-0.313065	0.313065
7	Gm07_20449712	20449712	0.269737	0.312312	-0.312312	0.312312
7	Gm07_20451277	20451277	0.269737	0.311735	-0.311735	0.311735
7	Gm07_20482646	20482646	0.273026	0.297057	-0.297057	0.297057
7	Gm07_20482698	20482698	0.269737	0.310824	-0.310824	0.310824
7	Gm07_20488723	20488723	0.470395	-0.287548	0.287548	-0.287548
7	Gm07_20490215	20490215	0.273026	0.303193	-0.303193	0.303193
7	Gm07_20501058	20501058	0.0559211	0.481758	-0.481758	0.481758
7	Gm07_20502211	20502211	0.463816	-0.25962	0.25962	-0.25962
7	Gm07_20502231	20502231	0.266447	0.332342	-0.332342	0.332342
7	Gm07_20531327	20531327	0.273026	0.305363	-0.305363	0.305363
7	Gm07_20552486	20552486	0.276316	0.294267	-0.294267	0.294267
7	Gm07_20607302	20607302	0.131579	0.388463	-0.388463	0.388463
7	Gm07_20623711	20623711	0.276316	0.296501	-0.296501	0.296501
7	Gm07_20656837	20656837	0.273026	0.312188	-0.312188	0.312188
7	Gm07_20673386	20673386	0.180921	0.0956964	-0.0956964	0.0956964
7	Gm07_20742478	20742478	0.177632	0.112509	-0.112509	0.112509
7	Gm07_20811290	20811290	0.483553	-0.332459	0.332459	-0.332459
7	Gm07_20831921	20831921	0.282895	0.287721	-0.287721	0.287721
7	Gm07_20832307	20832307	0.174342	0.13229	-0.13229	0.13229
7	Gm07_20868445	20868445	0.148026	0.273031	-0.273031	0.273031
7	Gm07_20868822	20868822	0.476974	-0.295011	0.295011	-0.295011
7	Gm07_20881209	20881209	0.480263	-0.304556	0.304556	-0.304556
7	Gm07_20881427	20881427	0.273026	0.333532	-0.333532	0.333532
7	Gm07_20956988	20956988	0.141447	0.316765	-0.316765	0.316765
7	Gm07_20988276	20988276	0.0592105	0.482014	-0.482014	0.482014
7	Gm07_20988613	20988613	0.302632	0.270549	-0.270549	0.270549
7	Gm07_21093034	21093034	0.138158	0.379065	-0.379065	0.379065
7	Gm07_21103406	21103406	0.470395	-0.208471	0.208471	-0.208471
7	Gm07_21132098	21132098	0.476974	-0.229495	0.229495	-0.229495
7	Gm07_21150407	21150407	0.0592105	0.468865	-0.468865	0.468865
7	Gm07_21150448	21150448	0.292763	0.259393	-0.259393	0.259393
7	Gm07_21151074	21151074	0.279605	0.315673	-0.315673	0.315673
7	Gm07_21153467	21153467	0.480263	-0.291231	0.291231	-0.291231
7	Gm07_21166075	21166075	0.269737	0.358277	-0.358277	0.358277
7	Gm07_21195355	21195355	0.463816	-0.23822	0.23822	-0.23822
7	Gm07_21195371	21195371	0.463816	-0.238617	0.238617	-0.238617
7	Gm07_21196376	21196376	0.305921	0.213032	-0.213032	0.213032
7	Gm07_21290784	21290784	0.115132	0.599513	-0.599513	0.599513
7	Gm07_21292194	21292194	0.167763	0.140555	-0.140555	0.140555
7	Gm07_21303256	21303256	0.134868	0.339025	-0.339025	0.339025
7	Gm07_21390681	21390681	0.144737	0.265573	-0.265573	0.265573
7	Gm07_21391586	21391586	0.184211	0.0371688	-0.0371688	0.0371688
7	Gm07_21442527	21442527	0.144737	0.251452	-0.251452	0.251452
7	Gm07_21479194	21479194	0.273026	0.328553	-0.328553	0.328553
7	Gm07_21515277	21515277	0.463816	-0.272904	0.272904	-0.272904
7	Gm07_21591020	21591020	0.131579	0.345006	-0.345006	0.345006
7	Gm07_21637922	21637922	0.167763	0.155461	-0.155461	0.155461
7	Gm07_21638839	21638839	0.263158	0.345953	-0.345953	0.345953
7	Gm07_21655750	21655750	0.266447	0.342006	-0.342006	0.342006
7	Gm07_21708431	21708431	0.197368	0.00360875	-0.00360875	0.00360875
7	Gm07_21789755	21789755	0.273026	0.316105	-0.316105	0.316105
7	Gm07_21843434	21843434	0.167763	0.145109	-0.145109	0.145109
7	Gm07_21850951	21850951	0.190789	0.0295328	-0.0295328	0.0295328
7	Gm07_21850969	21850969	0.276316	0.29288	-0.29288	0.29288
7	Gm07_21869539	21869539	0.276316	0.291744	-0.291744	0.291744
7	Gm07_21882912	21882912	0.164474	0.159434	-0.159434	0.159434
7	Gm07_21930009	21930009	0.269737	0.320212	-0.320212	0.320212
7	Gm07_21939587	21939587	0.460526	-0.275843	0.275843	-0.275843
7	Gm07_21944444	21944444	0.167763	0.11679	-0.11679	0.11679
7	Gm07_21985027	21985027	0.200658	-0.0738826	0.0738826	-0.0738826
7	Gm07_22023747	22023747	0.190789	-0.0120716	0.0120716	-0.0120716
7	Gm07_22023765	22023765	0.269737	0.306924	-0.306924	0.306924
7	Gm07_22035026	22035026	0.276316	0.27772	-0.27772	0.27772
7	Gm07_22035086	22035086	0.276316	0.277306	-0.277306	0.277306
7	Gm07_22098849	22098849	0.266447	0.318475	-0.318475	0.318475
7	Gm07_22101687	22101687	0.171053	0.0750978	-0.0750978	0.0750978
7	Gm07_22183086	22183086	0.269737	0.311456	-0.311456	0.311456
7	Gm07_22226737	22226737	0.473684	-0.3401	0.3401	-0.3401
7	Gm07_22235499	22235499	0.174342	0.0506637	-0.0506637	0.0506637
7	Gm07_22237292	22237292	0.269737	0.307339	-0.307339	0.307339
7	Gm07_22243598	22243598	0.174342	0.0472347	-0.0472347	0.0472347
7	Gm07_22273636	22273636	0.463816	-0.307432	0.307432	-0.307432
7	Gm07_22276111	22276111	0.0756579	0.453164	-0.453164	0.453164
7	Gm07_22276117	22276117	0.0756579	0.127154	-0.127154	0.127154
7	Gm07_22276137	22276137	0.0756579	0.450091	-0.450091	0.450091
7	Gm07_22276345	22276345	0.279605	0.258387	-0.258387	0.258387
7	Gm07_22305539	22305539	0.174342	0.0232849	-0.0232849	0.0232849
7	Gm07_22305556	22305556	0.174342	0.0278813	-0.0278813	0.0278813
7	Gm07_22305576	22305576	0.138158	0.234405	-0.234405	0.234405
7	Gm07_22305588	22305588	0.177632	0.0105327	-0.0105327	0.0105327
7	Gm07_22357636	22357636	0.467105	-0.333512	0.333512	-0.333512
7	Gm07_22547806	22547806	0.161184	0.0985377	-0.0985377	0.0985377
7	Gm07_22575109	22575109	0.174342	0.0220736	-0.0220736	0.0220736
7	Gm07_22582053	22582053	0.164474	0.0828094	-0.0828094	0.0828094
7	Gm07_22588209	22588209	0.177632	0.0108458	-0.0108458	0.0108458
7	Gm07_22617655	22617655	0.177632	0.0079321	-0.0079321	0.0079321
7	Gm07_22619585	22619585	0.174342	0.0280124	-0.0280124	0.0280124
7	Gm07_22639175	22639175	0.197368	-0.0733493	0.0733493	-0.0733493
7	Gm07_22680351	22680351	0.273026	0.26687	-0.26687	0.26687
7	Gm07_22700344	22700344	0.273026	0.266473	-0.266473	0.266473
7	Gm07_22700559	22700559	0.273026	0.266228	-0.266228	0.266228
7	Gm07_22726118	22726118	0.141447	0.223774	-0.223774	0.223774
7	Gm07_22753396	22753396	0.273026	0.27034	-0.27034	0.27034
7	Gm07_22761530	22761530	0.144737	0.199738	-0.199738	0.199738
7	Gm07_22763845	22763845	0.174342	0.0407973	-0.0407973	0.0407973
7	Gm07_22832682	22832682	0.463816	-0.330806	0.330806	-0.330806
7	Gm07_22869954	22869954	0.273026	0.273246	-0.273246	0.273246
7	Gm07_22882046	22882046	0.154605	0.135045	-0.135045	0.135045
7	Gm07_22933029	22933029	0.490132	-0.396202	0.396202	-0.396202
7	Gm07_22942921	22942921	0.480263	-0.370849	0.370849	-0.370849
7	Gm07_22943356	22943356	0.276316	0.252891	-0.252891	0.252891
7	Gm07_22993879	22993879	0.148026	0.220786	-0.220786	0.220786
7	Gm07_22999108	22999108	0.273026	0.264237	-0.264237	0.264237
7	Gm07_22999423	22999423	0.0723684	0.586108	-0.586108	0.586108
7	Gm07_23001576	23001576	0.269737	0.319717	-0.319717	0.319717
7	Gm07_23008106	23008106	0.480263	-0.321983	0.321983	-0.321983
7	Gm07_23019975	23019975	0.273026	0.307929	-0.307929	0.307929
7	Gm07_23032753	23032753	0.167763	0.182308	-0.182308	0.182308
7	Gm07_23074558	23074558	0.276316	0.29219	-0.29219	0.29219
7	Gm07_23091998	23091998	0.164474	0.206893	-0.206893	0.206893
7	Gm07_23094036	23094036	0.269737	0.315218	-0.315218	0.315218
7	Gm07_23122022	23122022	0.171053	0.16961	-0.16961	0.16961
7	Gm07_23158871	23158871	0.480263	-0.327901	0.327901	-0.327901
7	Gm07_23161913	23161913	0.473684	-0.306811	0.306811	-0.306811
7	Gm07_23197976	23197976	0.161184	0.225241	-0.225241	0.225241
7	Gm07_23227863	23227863	0.269737	0.304227	-0.304227	0.304227
7	Gm07_23240703	23240703	0.174342	0.143764	-0.143764	0.143764
7	Gm07_23272647	23272647	0.164474	0.204472	-0.204472	0.204472
7	Gm07_23328557	23328557	0.194079	0.0583491	-0.0583491	0.0583491
7	Gm07_23329464	23329464	0.0690789	0.593967	-0.593967	0.593967
7	Gm07_23351449	23351449	0.200658	-0.0160899	0.0160899	-0.0160899
7	Gm07_23356521	23356521	0.279605	0.194661	-0.194661	0.194661
7	Gm07_23418994	23418994	0.1875	0.375404	-0.375404	0.375404
7	Gm07_23446093	23446093	0.266447	0.0944258	-0.0944258	0.0944258
7	Gm07_23449858	23449858	0.180921	0.4077	-0.4077	0.4077
7	Gm07_23469985	23469985	0.164474	0.183636	-0.183636	0.183636
7	Gm07_23499211	23499211	0.131579	0.353275	-0.353275	0.353275
7	Gm07_23499543	23499543	0.167763	0.152712	-0.152712	0.152712
7	Gm07_23502883	23502883	0.266447	0.115867	-0.115867	0.115867
7	Gm07_23504791	23504791	0.273026	0.0873438	-0.0873438	0.0873438
7	Gm07_23504802	23504802	0.164474	0.180229	-0.180229	0.180229
7	Gm07_23511512	23511512	0.473684	-0.484123	0.484123	-0.484123
7	Gm07_23511610	23511610	0.167763	0.159197	-0.159197	0.159197
7	Gm07_23548823	23548823	0.177632	0.43252	-0.43252	0.43252
7	Gm07_23560045	23560045	0.164474	0.165086	-0.165086	0.165086
7	Gm07_23560109	23560109	0.263158	0.226632	-0.226632	0.226632
7	Gm07_23571505	23571505	0.480263	-0.433562	0.433562	-0.433562
7	Gm07_23592741	23592741	0.138158	0.293778	-0.293778	0.293778
7	Gm07_23603936	23603936	0.167763	0.142981	-0.142981	0.142981
7	Gm07_23614409	23614409	0.266447	0.213772	-0.213772	0.213772
7	Gm07_23638172	23638172	0.138158	0.323926	-0.323926	0.323926
7	Gm07_23645605	23645605	0.171053	0.129496	-0.129496	0.129496
7	Gm07_23646910	23646910	0.273026	0.183411	-0.183411	0.183411
7	Gm07_23672706	23672706	0.273026	0.183162	-0.183162	0.183162
7	Gm07_23694724	23694724	0.276316	0.170239	-0.170239	0.170239
7	Gm07_23694734	23694734	0.134868	0.346262	-0.346262	0.346262
7	Gm07_23696981	23696981	0.0657895	0.549261	-0.549261	0.549261
7	Gm07_23702112	23702112	0.197368	0.0139193	-0.0139193	0.0139193
7	Gm07_23729490	23729490	0.171053	0.147333	-0.147333	0.147333
7	Gm07_23729755	23729755	0.276316	0.170344	-0.170344	0.170344
7	Gm07_23755763	23755763	0.496711	-0.479099	0.479099	-0.479099
7	Gm07_23762139	23762139	0.171053	0.13813	-0.13813	0.13813
7	Gm07_23762227	23762227	0.177632	0.100766	-0.100766	0.100766
7	Gm07_23767819	23767819	0.174342	0.119384	-0.119384	0.119384
7	Gm07_23795668	23795668	0.273026	0.168531	-0.168531	0.168531
7	Gm07_23810586	23810586	0.164474	0.182499	-0.182499	0.182499
7	Gm07_23814394	23814394	0.457237	-0.377695	0.377695	-0.377695
7	Gm07_23819552	23819552	0.167763	0.15608	-0.15608	0.15608
7	Gm07_23829811	23829811	0.164474	0.175709	-0.175709	0.175709
7	Gm07_23853498	23853498	0.430921	-0.296884	0.296884	-0.296884
7	Gm07_23863055	23863055	0.164474	0.177939	-0.177939	0.177939
7	Gm07_23869970	23869970	0.440789	-0.328979	0.328979	-0.328979
7	Gm07_23893488	23893488	0.266447	0.182523	-0.182523	0.182523
7	Gm07_23912187	23912187	0.171053	0.135433	-0.135433	0.135433
7	Gm07_23946261	23946261	0.144737	0.269277	-0.269277	0.269277
7	Gm07_23983054	23983054	0.177632	0.107036	-0.107036	0.107036
7	Gm07_23995013	23995013	0.269737	0.165304	-0.165304	0.165304
7	Gm07_23998870	23998870	0.171053	0.134345	-0.134345	0.134345
7	Gm07_23999147	23999147	0.197368	0.00031448	-0.00031448	0.00031448
7	Gm07_24000444	24000444	0.164474	0.167643	-0.167643	0.167643
7	Gm07_24045533	24045533	0.177632	0.0908442	-0.0908442	0.0908442
7	Gm07_24073334	24073334	0.164474	0.155816	-0.155816	0.155816
7	Gm07_24079104	24079104	0.161184	0.169524	-0.169524	0.169524
7	Gm07_24088428	24088428	0.467105	-0.417763	0.417763	-0.417763
7	Gm07_24099114	24099114	0.180921	0.0848363	-0.0848363	0.0848363
7	Gm07_24099259	24099259	0.276316	0.13734	-0.13734	0.13734
7	Gm07_24099514	24099514	0.480263	-0.464309	0.464309	-0.464309
7	Gm07_24102116	24102116	0.171053	0.134148	-0.134148	0.134148
7	Gm07_24125888	24125888	0.167763	0.152669	-0.152669	0.152669
7	Gm07_24127308	24127308	0.197368	-0.00270941	0.00270941	-0.00270941
7	Gm07_24150475	24150475	0.266447	0.170335	-0.170335	0.170335
7	Gm07_24156638	24156638	0.273026	0.142093	-0.142093	0.142093
7	Gm07_24197571	24197571	0.174342	0.115508	-0.115508	0.115508
7	Gm07_24197913	24197913	0.476974	-0.464147	0.464147	-0.464147
7	Gm07_24202460	24202460	0.269737	0.152455	-0.152455	0.152455
7	Gm07_24265917	24265917	0.273026	0.137318	-0.137318	0.137318
7	Gm07_24269498	24269498	0.177632	0.0919889	-0.0919889	0.0919889
7	Gm07_24307983	24307983	0.164474	0.161023	-0.161023	0.161023
7	Gm07_24308372	24308372	0.263158	0.171704	-0.171704	0.171704
7	Gm07_24320630	24320630	0.174342	0.0961299	-0.0961299	0.0961299
7	Gm07_24327330	24327330	0.167763	0.134042	-0.134042	0.134042
7	Gm07_24364049	24364049	0.171053	0.113168	-0.113168	0.113168
7	Gm07_24369245	24369245	0.480263	-0.482442	0.482442	-0.482442
7	Gm07_24409598	24409598	0.473684	-0.460981	0.460981	-0.460981
7	Gm07_24431730	24431730	0.1875	0.0218629	-0.0218629	0.0218629
7	Gm07_24469137	24469137	0.174342	0.0915704	-0.0915704	0.0915704
7	Gm07_24598437	24598437	0.273026	0.128208	-0.128208	0.128208
7	Gm07_24605791	24605791	0.174342	0.0865002	-0.0865002	0.0865002
7	Gm07_24617190	24617190	0.167763	0.124501	-0.124501	0.124501
7	Gm07_24619352	24619352	0.434211	-0.369419	0.369419	-0.369419
7	Gm07_24644701	24644701	0.180921	0.0433427	-0.0433427	0.0433427
7	Gm07_24718356	24718356	0.180921	0.0449088	-0.0449088	0.0449088
7	Gm07_24768954	24768954	0.1875	0.318024	-0.318024	0.318024
7	Gm07_24787865	24787865	0.184211	0.014108	-0.014108	0.014108
7	Gm07_24788476	24788476	0.151316	0.161453	-0.161453	0.161453
7	Gm07_24788954	24788954	0.269737	0.166086	-0.166086	0.166086
7	Gm07_24789922	24789922	0.463816	-0.435574	0.435574	-0.435574
7	Gm07_24826471	24826471	0.174342	0.0166745	-0.0166745	0.0166745
7	Gm07_24834343	24834343	0.138158	0.24676	-0.24676	0.24676
7	Gm07_24856917	24856917	0.276316	0.138506	-0.138506	0.138506
7	Gm07_24865326	24865326	0.177632	0.00839835	-0.00839835	0.00839835
7	Gm07_24929036	24929036	0.180921	-0.0136868	0.0136868	-0.0136868
7	Gm07_24955720	24955720	0.470395	-0.455293	0.455293	-0.455293
7	Gm07_24961755	24961755	0.164474	0.0734146	-0.0734146	0.0734146
7	Gm07_24974684	24974684	0.134868	0.242536	-0.242536	0.242536
7	Gm07_25006493	25006493	0.171053	0.0343854	-0.0343854	0.0343854
7	Gm07_25011629	25011629	0.174342	0.0142174	-0.0142174	0.0142174
7	Gm07_25018571	25018571	0.269737	0.165523	-0.165523	0.165523
7	Gm07_25048335	25048335	0.269737	0.166016	-0.166016	0.166016
7	Gm07_25081809	25081809	0.174342	0.0149244	-0.0149244	0.0149244
7	Gm07_25082105	25082105	0.174342	0.0137357	-0.0137357	0.0137357
7	Gm07_25086879	25086879	0.190789	-0.0690861	0.0690861	-0.0690861
7	Gm07_25152186	25152186	0.273026	0.155439	-0.155439	0.155439
7	Gm07_25159486	25159486	0.148026	0.16234	-0.16234	0.16234
7	Gm07_25194369	25194369	0.273026	0.157989	-0.157989	0.157989
7	Gm07_25239849	25239849	0.470395	-0.45655	0.45655	-0.45655
7	Gm07_25256319	25256319	0.177632	-0.00159254	0.00159254	-0.00159254
7	Gm07_25256511	25256511	0.473684	-0.465537	0.465537	-0.465537
7	Gm07_25286752	25286752	0.194079	-0.0866392	0.0866392	-0.0866392
7	Gm07_25297621	25297621	0.164474	0.0702686	-0.0702686	0.0702686
7	Gm07_25298259	25298259	0.266447	0.189611	-0.189611	0.189611
7	Gm07_25356571	25356571	0.167763	0.0524711	-0.0524711	0.0524711
7	Gm07_25358428	25358428	0.273026	0.162798	-0.162798	0.162798
7	Gm07_25399620	25399620	0.180921	-0.0324839	0.0324839	-0.0324839
7	Gm07_25399756	25399756	0.180921	-0.0332927	0.0332927	-0.0332927
7	Gm07_25400075	25400075	0.151316	0.12332	-0.12332	0.12332
7	Gm07_25404912	25404912	0.203947	-0.129315	0.129315	-0.129315
7	Gm07_25429904	25429904	0.463816	-0.42636	0.42636	-0.42636
7	Gm07_25433801	25433801	0.203947	-0.124018	0.124018	-0.124018
7	Gm07_25473823	25473823	0.266447	0.191165	-0.191165	0.191165
7	Gm07_25505090	25505090	0.269737	0.177351	-0.177351	0.177351
7	Gm07_25505206	25505206	0.157895	0.110315	-0.110315	0.110315
7	Gm07_25505579	25505579	0.161184	0.0926797	-0.0926797	0.0926797
7	Gm07_25506108	25506108	0.269737	0.180571	-0.180571	0.180571
7	Gm07_25593004	25593004	0.463816	-0.427512	0.427512	-0.427512
7	Gm07_25638822	25638822	0.167763	0.020075	-0.020075	0.020075
7	Gm07_25646750	25646750	0.473684	-0.457056	0.457056	-0.457056
7	Gm07_25646756	25646756	0.460526	-0.412032	0.412032	-0.412032
7	Gm07_25722986	25722986	0.276316	0.157196	-0.157196	0.157196
7	Gm07_25739668	25739668	0.276316	0.158508	-0.158508	0.158508
7	Gm07_25793162	25793162	0.467105	-0.440301	0.440301	-0.440301
7	Gm07_25803902	25803902	0.273026	0.174594	-0.174594	0.174594
7	Gm07_25807753	25807753	0.194079	-0.0921759	0.0921759	-0.0921759
7	Gm07_25809089	25809089	0.460526	-0.397553	0.397553	-0.397553
7	Gm07_25815366	25815366	0.0756579	-0.171255	0.171255	-0.171255
7	Gm07_25815380	25815380	0.0625	-0.189701	0.189701	-0.189701
7	Gm07_25815397	25815397	0.0756579	-0.189381	0.189381	-0.189381
7	Gm07_25819815	25819815	0.161184	0.0496099	-0.0496099	0.0496099
7	Gm07_25826910	25826910	0.463816	-0.405846	0.405846	-0.405846
7	Gm07_25827650	25827650	0.467105	-0.415129	0.415129	-0.415129
7	Gm07_25865585	25865585	0.273026	0.193697	-0.193697	0.193697
7	Gm07_25877384	25877384	0.171053	-0.00292797	0.00292797	-0.00292797
7	Gm07_25877419	25877419	0.190789	-0.101328	0.101328	-0.101328
7	Gm07_25880953	25880953	0.167763	0.0130935	-0.0130935	0.0130935
7	Gm07_25910623	25910623	0.197368	-0.140394	0.140394	-0.140394
7	Gm07_25953272	25953272	0.171053	-0.00543525	0.00543525	-0.00543525
7	Gm07_25954721	25954721	0.141447	0.121477	-0.121477	0.121477
7	Gm07_25961495	25961495	0.276316	0.189162	-0.189162	0.189162
7	Gm07_26037182	26037182	0.184211	-0.0456035	0.0456035	-0.0456035
7	Gm07_26037207	26037207	0.473684	-0.412804	0.412804	-0.412804
7	Gm07_26053011	26053011	0.164474	0.0813558	-0.0813558	0.0813558
7	Gm07_26060721	26060721	0.171053	0.0440745	-0.0440745	0.0440745
7	Gm07_26064892	26064892	0.470395	-0.407977	0.407977	-0.407977
7	Gm07_26136330	26136330	0.273026	0.21079	-0.21079	0.21079
7	Gm07_26141573	26141573	0.164474	0.0908296	-0.0908296	0.0908296
7	Gm07_26275773	26275773	0.131579	0.265942	-0.265942	0.265942
7	Gm07_26301724	26301724	0.164474	0.12144	-0.12144	0.12144
7	Gm07_26307931	26307931	0.273026	0.212175	-0.212175	0.212175
7	Gm07_26311445	26311445	0.194079	-0.0372528	0.0372528	-0.0372528
7	Gm07_26343680	26343680	0.167763	0.101206	-0.101206	0.101206
7	Gm07_26362633	26362633	0.167763	0.103234	-0.103234	0.103234
7	Gm07_26371322	26371322	0.190789	-0.0127814	0.0127814	-0.0127814
7	Gm07_26374940	26374940	0.190789	-0.0117299	0.0117299	-0.0117299
7	Gm07_26377076	26377076	0.167763	0.107213	-0.107213	0.107213
7	Gm07_26416674	26416674	0.164474	0.129808	-0.129808	0.129808
7	Gm07_26419651	26419651	0.164474	0.130817	-0.130817	0.130817
7	Gm07_26420118	26420118	0.467105	-0.364462	0.364462	-0.364462
7	Gm07_26478902	26478902	0.463816	-0.352198	0.352198	-0.352198
7	Gm07_26479114	26479114	0.463816	-0.350531	0.350531	-0.350531
7	Gm07_26495954	26495954	0.167763	0.131467	-0.131467	0.131467
7	Gm07_26499365	26499365	0.157895	0.180126	-0.180126	0.180126
7	Gm07_26507501	26507501	0.0789474	0.575873	-0.575873	0.575873
7	Gm07_26508809	26508809	0.190789	0.0447845	-0.0447845	0.0447845
7	Gm07_26509011	26509011	0.177632	0.10696	-0.10696	0.10696
7	Gm07_26575981	26575981	0.269737	0.25776	-0.25776	0.25776
7	Gm07_26576009	26576009	0.174342	0.143867	-0.143867	0.143867
7	Gm07_26576054	26576054	0.230263	0.355774	-0.355774	0.355774
7	Gm07_26576078	26576078	0.470395	-0.366469	0.366469	-0.366469
7	Gm07_26576098	26576098	0.167763	0.19319	-0.19319	0.19319
7	Gm07_26596318	26596318	0.240132	0.297005	-0.297005	0.297005
7	Gm07_26609024	26609024	0.164474	0.217744	-0.217744	0.217744
7	Gm07_26651537	26651537	0.151316	0.269381	-0.269381	0.269381
7	Gm07_26840031	26840031	0.463816	-0.354783	0.354783	-0.354783
7	Gm07_26840665	26840665	0.174342	0.150934	-0.150934	0.150934
7	Gm07_26853232	26853232	0.210526	-0.0273765	0.0273765	-0.0273765
7	Gm07_26865349	26865349	0.164474	0.212665	-0.212665	0.212665
7	Gm07_26877816	26877816	0.164474	0.214765	-0.214765	0.214765
7	Gm07_26906090	26906090	0.164474	0.216147	-0.216147	0.216147
7	Gm07_26906145	26906145	0.174342	0.161206	-0.161206	0.161206
7	Gm07_26906357	26906357	0.480263	-0.392223	0.392223	-0.392223
7	Gm07_26911487	26911487	0.476974	-0.381162	0.381162	-0.381162
7	Gm07_26916471	26916471	0.171053	0.196818	-0.196818	0.196818
7	Gm07_26916499	26916499	0.200658	0.0474758	-0.0474758	0.0474758
7	Gm07_26916748	26916748	0.171053	0.201025	-0.201025	0.201025
7	Gm07_26938044	26938044	0.483553	-0.408625	0.408625	-0.408625
7	Gm07_26948998	26948998	0.167763	0.228747	-0.228747	0.228747
7	Gm07_27000381	27000381	0.197368	0.0808379	-0.0808379	0.0808379
7	Gm07_27017646	27017646	0.263158	-0.161918	0.161918	-0.161918
7	Gm07_27056227	27056227	0.273026	0.213318	-0.213318	0.213318
7	Gm07_27093959	27093959	0.269737	0.22662	-0.22662	0.22662
7	Gm07_27096217	27096217	0.177632	0.180038	-0.180038	0.180038
7	Gm07_27099819	27099819	0.180921	0.162572	-0.162572	0.162572
7	Gm07_27105202	27105202	0.240132	0.521879	-0.521879	0.521879
7	Gm07_27108682	27108682	0.0953947	0.597343	-0.597343	0.597343
7	Gm07_27132947	27132947	0.177632	0.245159	-0.245159	0.245159
7	Gm07_27153946	27153946	0.266447	0.315777	-0.315777	0.315777
7	Gm07_27172390	27172390	0.167763	0.317149	-0.317149	0.317149
7	Gm07_27180953	27180953	0.273026	0.28822	-0.28822	0.28822
7	Gm07_27240435	27240435	0.171053	0.298165	-0.298165	0.298165
7	Gm07_27258016	27258016	0.180921	0.242798	-0.242798	0.242798
7	Gm07_27306486	27306486	0.210526	0.443808	-0.443808	0.443808
7	Gm07_27331674	27331674	0.171053	0.306568	-0.306568	0.306568
7	Gm07_27331688	27331688	0.177632	0.269116	-0.269116	0.269116
7	Gm07_27347110	27347110	0.444079	-0.21265	0.21265	-0.21265
7	Gm07_27347115	27347115	0.171053	0.316969	-0.316969	0.316969
7	Gm07_27347245	27347245	0.269737	0.255853	-0.255853	0.255853
7	Gm07_27421379	27421379	0.144737	0.428563	-0.428563	0.428563
7	Gm07_27422116	27422116	0.131579	0.52375	-0.52375	0.52375
7	Gm07_27433714	27433714	0.194079	0.191671	-0.191671	0.191671
7	Gm07_27438076	27438076	0.276316	0.238796	-0.238796	0.238796
7	Gm07_27438306	27438306	0.207237	0.130438	-0.130438	0.130438
7	Gm07_27441813	27441813	0.154605	0.396955	-0.396955	0.396955
7	Gm07_27476735	27476735	0.463816	-0.262225	0.262225	-0.262225
7	Gm07_27582118	27582118	0.174342	0.316953	-0.316953	0.316953
7	Gm07_27591771	27591771	0.470395	-0.279086	0.279086	-0.279086
7	Gm07_27650142	27650142	0.197368	0.210386	-0.210386	0.210386
7	Gm07_27681260	27681260	0.0756579	0.73956	-0.73956	0.73956
7	Gm07_27746142	27746142	0.470395	-0.218567	0.218567	-0.218567
7	Gm07_27746205	27746205	0.243421	0.414239	-0.414239	0.414239
7	Gm07_27748627	27748627	0.483553	-0.393403	0.393403	-0.393403
7	Gm07_27792292	27792292	0.184211	0.445594	-0.445594	0.445594
7	Gm07_27902201	27902201	0.467105	-0.355249	0.355249	-0.355249
7	Gm07_27922333	27922333	0.273026	0.16022	-0.16022	0.16022
7	Gm07_27931217	27931217	0.276316	0.145652	-0.145652	0.145652
7	Gm07_27959020	27959020	0.174342	0.258743	-0.258743	0.258743
7	Gm07_27977107	27977107	0.473684	-0.383936	0.383936	-0.383936
7	Gm07_27977406	27977406	0.273026	0.157891	-0.157891	0.157891
7	Gm07_27977913	27977913	0.470395	-0.377417	0.377417	-0.377417
7	Gm07_27984125	27984125	0.269737	0.170687	-0.170687	0.170687
7	Gm07_28007450	28007450	0.470395	-0.377614	0.377614	-0.377614
7	Gm07_28014984	28014984	0.144737	0.404196	-0.404196	0.404196
7	Gm07_28021880	28021880	0.171053	0.278525	-0.278525	0.278525
7	Gm07_28022968	28022968	0.269737	0.166491	-0.166491	0.166491
7	Gm07_28074618	28074618	0.197368	0.142064	-0.142064	0.142064
7	Gm07_28078427	28078427	0.151316	0.378258	-0.378258	0.378258
7	Gm07_28080378	28080378	0.269737	0.153857	-0.153857	0.153857
7	Gm07_28087602	28087602	0.273026	0.139265	-0.139265	0.139265
7	Gm07_28096879	28096879	0.0756579	0.61596	-0.61596	0.61596
7	Gm07_28117779	28117779	0.269737	0.0934072	-0.0934072	0.0934072
7	Gm07_28120418	28120418	0.167763	0.248153	-0.248153	0.248153
7	Gm07_28120644	28120644	0.279605	0.0573601	-0.0573601	0.0573601
7	Gm07_28121779	28121779	0.197368	0.0933214	-0.0933214	0.0933214
7	Gm07_28125470	28125470	0.476974	-0.47544	0.47544	-0.47544
7	Gm07_28129810	28129810	0.167763	0.242158	-0.242158	0.242158
7	Gm07_28134757	28134757	0.269737	0.0917362	-0.0917362	0.0917362
7	Gm07_28138744	28138744	0.164474	0.259271	-0.259271	0.259271
7	Gm07_28138797	28138797	0.266447	0.0982762	-0.0982762	0.0982762
7	Gm07_28207396	28207396	0.167763	0.238157	-0.238157	0.238157
7	Gm07_28238812	28238812	0.177632	0.389143	-0.389143	0.389143
7	Gm07_28242874	28242874	0.171053	0.217572	-0.217572	0.217572
7	Gm07_28245033	28245033	0.273026	0.0601292	-0.0601292	0.0601292
7	Gm07_28245583	28245583	0.476974	-0.495909	0.495909	-0.495909
7	Gm07_28294880	28294880	0.167763	0.238158	-0.238158	0.238158
7	Gm07_28311260	28311260	0.263158	0.0939711	-0.0939711	0.0939711
7	Gm07_28315620	28315620	0.157895	0.29385	-0.29385	0.29385
7	Gm07_28346352	28346352	0.259868	0.0981226	-0.0981226	0.0981226
7	Gm07_28388975	28388975	0.273026	0.0590014	-0.0590014	0.0590014
7	Gm07_28401516	28401516	0.174342	0.195907	-0.195907	0.195907
7	Gm07_28414966	28414966	0.460526	-0.439557	0.439557	-0.439557
7	Gm07_28489066	28489066	0.467105	-0.462786	0.462786	-0.462786
7	Gm07_28507794	28507794	0.273026	0.0592159	-0.0592159	0.0592159
7	Gm07_28561735	28561735	0.167763	0.223172	-0.223172	0.223172
7	Gm07_28716992	28716992	0.171053	0.2035	-0.2035	0.2035
7	Gm07_28727391	28727391	0.171053	0.203209	-0.203209	0.203209
7	Gm07_28749522	28749522	0.174342	0.183805	-0.183805	0.183805
7	Gm07_28750829	28750829	0.174342	0.183379	-0.183379	0.183379
7	Gm07_28751165	28751165	0.266447	0.0796484	-0.0796484	0.0796484
7	Gm07_28769014	28769014	0.148026	0.30847	-0.30847	0.30847
7	Gm07_28776198	28776198	0.203947	0.0211869	-0.0211869	0.0211869
7	Gm07_28807143	28807143	0.467105	-0.46699	0.46699	-0.46699
7	Gm07_28812248	28812248	0.476974	-0.499904	0.499904	-0.499904
7	Gm07_28813880	28813880	0.269737	0.065028	-0.065028	0.065028
7	Gm07_28814750	28814750	0.203947	0.0138151	-0.0138151	0.0138151
7	Gm07_28846257	28846257	0.174342	0.156866	-0.156866	0.156866
7	Gm07_28846480	28846480	0.174342	0.390502	-0.390502	0.390502
7	Gm07_28854881	28854881	0.167763	0.192231	-0.192231	0.192231
7	Gm07_28872520	28872520	0.174342	0.150661	-0.150661	0.150661
7	Gm07_28884585	28884585	0.141447	0.338809	-0.338809	0.338809
7	Gm07_28897462	28897462	0.171053	0.162361	-0.162361	0.162361
7	Gm07_28917843	28917843	0.470395	-0.505844	0.505844	-0.505844
7	Gm07_28931985	28931985	0.197368	0.0340742	-0.0340742	0.0340742
7	Gm07_28935625	28935625	0.161184	0.227994	-0.227994	0.227994
7	Gm07_28944519	28944519	0.174342	0.392267	-0.392267	0.392267
7	Gm07_28987861	28987861	0.180921	0.107912	-0.107912	0.107912
7	Gm07_28987892	28987892	0.180921	0.107316	-0.107316	0.107316
7	Gm07_28993347	28993347	0.470395	-0.477791	0.477791	-0.477791
7	Gm07_28996629	28996629	0.174342	0.146661	-0.146661	0.146661
7	Gm07_28998487	28998487	0.473684	-0.485131	0.485131	-0.485131
7	Gm07_29000956	29000956	0.138158	0.359031	-0.359031	0.359031
7	Gm07_29014564	29014564	0.476974	-0.493983	0.493983	-0.493983
7	Gm07_29014836	29014836	0.273026	0.0779994	-0.0779994	0.0779994
7	Gm07_29018503	29018503	0.171053	0.160094	-0.160094	0.160094
7	Gm07_29019851	29019851	0.194079	0.0432943	-0.0432943	0.0432943
7	Gm07_29052415	29052415	0.164474	0.200753	-0.200753	0.200753
7	Gm07_29055199	29055199	0.476974	-0.50202	0.50202	-0.50202
7	Gm07_29128265	29128265	0.207237	-0.0249097	0.0249097	-0.0249097
7	Gm07_29146640	29146640	0.164474	0.198391	-0.198391	0.198391
7	Gm07_29177204	29177204	0.273026	0.0735305	-0.0735305	0.0735305
7	Gm07_29177485	29177485	0.273026	0.0733373	-0.0733373	0.0733373
7	Gm07_29242557	29242557	0.131579	0.379138	-0.379138	0.379138
7	Gm07_29260463	29260463	0.167763	0.14908	-0.14908	0.14908
7	Gm07_29260499	29260499	0.138158	0.329022	-0.329022	0.329022
7	Gm07_29307556	29307556	0.273026	0.0722963	-0.0722963	0.0722963
7	Gm07_29309727	29309727	0.276316	0.0607538	-0.0607538	0.0607538
7	Gm07_29311913	29311913	0.177632	0.0949445	-0.0949445	0.0949445
7	Gm07_29403250	29403250	0.141447	0.305969	-0.305969	0.305969
7	Gm07_29420592	29420592	0.486842	-0.512996	0.512996	-0.512996
7	Gm07_29445121	29445121	0.460526	-0.432056	0.432056	-0.432056
7	Gm07_29457259	29457259	0.177632	0.107755	-0.107755	0.107755
7	Gm07_29459534	29459534	0.167763	0.165741	-0.165741	0.165741
7	Gm07_29506548	29506548	0.171053	0.14421	-0.14421	0.14421
7	Gm07_29513001	29513001	0.167763	0.163161	-0.163161	0.163161
7	Gm07_29521857	29521857	0.473684	-0.47277	0.47277	-0.47277
7	Gm07_29531849	29531849	0.480263	-0.495111	0.495111	-0.495111
7	Gm07_29532734	29532734	0.480263	-0.498748	0.498748	-0.498748
7	Gm07_29660052	29660052	0.470395	-0.465979	0.465979	-0.465979
7	Gm07_29759170	29759170	0.164474	0.1826	-0.1826	0.1826
7	Gm07_29760750	29760750	0.174342	0.386194	-0.386194	0.386194
7	Gm07_29881140	29881140	0.171053	0.130422	-0.130422	0.130422
7	Gm07_29881162	29881162	0.171053	0.129461	-0.129461	0.129461
7	Gm07_29903076	29903076	0.174342	0.0961558	-0.0961558	0.0961558
7	Gm07_29908741	29908741	0.197368	-0.00740265	0.00740265	-0.00740265
7	Gm07_29921767	29921767	0.0559211	-0.270267	0.270267	-0.270267
7	Gm07_29929865	29929865	0.164474	0.150182	-0.150182	0.150182
7	Gm07_29992548	29992548	0.273026	0.0964898	-0.0964898	0.0964898
7	Gm07_29995592	29995592	0.131579	0.347931	-0.347931	0.347931
7	Gm07_30013125	30013125	0.167763	0.147472	-0.147472	0.147472
7	Gm07_30013551	30013551	0.4375	-0.367968	0.367968	-0.367968
7	Gm07_30017569	30017569	0.167763	0.151897	-0.151897	0.151897
7	Gm07_30053740	30053740	0.470395	-0.469421	0.469421	-0.469421
7	Gm07_30066370	30066370	0.174342	0.110129	-0.110129	0.110129
7	Gm07_30067123	30067123	0.180921	0.0732205	-0.0732205	0.0732205
7	Gm07_30071225	30071225	0.203947	-0.0312614	0.0312614	-0.0312614
7	Gm07_30084212	30084212	0.273026	0.103845	-0.103845	0.103845
7	Gm07_30128897	30128897	0.483553	-0.508784	0.508784	-0.508784
7	Gm07_30129096	30129096	0.279605	0.076788	-0.076788	0.076788
7	Gm07_30131339	30131339	0.463816	-0.438665	0.438665	-0.438665
7	Gm07_30135248	30135248	0.174342	0.109856	-0.109856	0.109856
7	Gm07_30153790	30153790	0.167763	0.153672	-0.153672	0.153672
7	Gm07_30198671	30198671	0.180921	0.0809751	-0.0809751	0.0809751
7	Gm07_30203571	30203571	0.470395	-0.447699	0.447699	-0.447699
7	Gm07_30235313	30235313	0.470395	-0.445628	0.445628	-0.445628
7	Gm07_30250113	30250113	0.470395	-0.443412	0.443412	-0.443412
7	Gm07_30252601	30252601	0.476974	-0.464215	0.464215	-0.464215
7	Gm07_30320392	30320392	0.335526	-0.121532	0.121532	-0.121532
7	Gm07_30346888	30346888	0.332237	-0.105477	0.105477	-0.105477
7	Gm07_30484968	30484968	0.269737	0.121482	-0.121482	0.121482
7	Gm07_30571195	30571195	0.325658	-0.0923431	0.0923431	-0.0923431
7	Gm07_30574390	30574390	0.325658	-0.0915068	0.0915068	-0.0915068
7	Gm07_30653564	30653564	0.279605	0.0860033	-0.0860033	0.0860033
7	Gm07_30654198	30654198	0.483553	-0.492896	0.492896	-0.492896
7	Gm07_30697164	30697164	0.332237	-0.143528	0.143528	-0.143528
7	Gm07_30812511	30812511	0.299342	-0.0227182	0.0227182	-0.0227182
7	Gm07_30833541	30833541	0.328947	-0.129864	0.129864	-0.129864
7	Gm07_30836347	30836347	0.266447	0.10101	-0.10101	0.10101
7	Gm07_30845481	30845481	0.0723684	0.533989	-0.533989	0.533989
7	Gm07_30916197	30916197	0.230263	0.185914	-0.185914	0.185914
7	Gm07_30928408	30928408	0.296053	-0.0795386	0.0795386	-0.0795386
7	Gm07_30928459	30928459	0.236842	0.162506	-0.162506	0.162506
7	Gm07_30932095	30932095	0.236842	0.16105	-0.16105	0.16105
7	Gm07_30940552	30940552	0.292763	-0.0679667	0.0679667	-0.0679667
7	Gm07_30961603	30961603	0.230263	0.184238	-0.184238	0.184238
7	Gm07_30993784	30993784	0.289474	-0.0536374	0.0536374	-0.0536374
7	Gm07_31045308	31045308	0.266447	0.0353808	-0.0353808	0.0353808
7	Gm07_31076875	31076875	0.289474	-0.0505058	0.0505058	-0.0505058
7	Gm07_31094685	31094685	0.289474	-0.0504257	0.0504257	-0.0504257
7	Gm07_31120195	31120195	0.0855263	0.0346044	-0.0346044	0.0346044
7	Gm07_31120225	31120225	0.0855263	0.033818	-0.033818	0.033818
7	Gm07_31120315	31120315	0.233553	0.170751	-0.170751	0.170751
7	Gm07_31153748	31153748	0.184211	0.311071	-0.311071	0.311071
7	Gm07_31154012	31154012	0.266447	-0.0368391	0.0368391	-0.0368391
7	Gm07_31159721	31159721	0.177632	0.348064	-0.348064	0.348064
7	Gm07_31171772	31171772	0.105263	-0.0367012	0.0367012	-0.0367012
7	Gm07_31199807	31199807	0.296053	-0.0488063	0.0488063	-0.0488063
7	Gm07_31203542	31203542	0.230263	0.221521	-0.221521	0.221521
7	Gm07_31211934	31211934	0.230263	0.221211	-0.221211	0.221211
7	Gm07_31212309	31212309	0.273026	0.0391531	-0.0391531	0.0391531
7	Gm07_31217335	31217335	0.296053	-0.0481844	0.0481844	-0.0481844
7	Gm07_31229693	31229693	0.289474	-0.0218806	0.0218806	-0.0218806
7	Gm07_31235248	31235248	0.230263	0.222089	-0.222089	0.222089
7	Gm07_31263627	31263627	0.296053	-0.0545255	0.0545255	-0.0545255
7	Gm07_31409530	31409530	0.226974	0.213809	-0.213809	0.213809
7	Gm07_31409818	31409818	0.226974	0.213565	-0.213565	0.213565
7	Gm07_31417012	31417012	0.236842	0.184108	-0.184108	0.184108
7	Gm07_31473866	31473866	0.263158	0.0738137	-0.0738137	0.0738137
7	Gm07_31524402	31524402	0.134868	0.408256	-0.408256	0.408256
7	Gm07_31525172	31525172	0.486842	-0.478556	0.478556	-0.478556
7	Gm07_31525409	31525409	0.230263	0.242907	-0.242907	0.242907
7	Gm07_31527682	31527682	0.289474	-0.00527034	0.00527034	-0.00527034
7	Gm07_31603407	31603407	0.230263	0.24352	-0.24352	0.24352
7	Gm07_31603603	31603603	0.296053	-0.0296461	0.0296461	-0.0296461
7	Gm07_31649601	31649601	0.240132	0.19581	-0.19581	0.19581
7	Gm07_31717957	31717957	0.240132	0.195578	-0.195578	0.195578
7	Gm07_31735201	31735201	0.269737	0.0693043	-0.0693043	0.0693043
7	Gm07_31785776	31785776	0.134868	0.408519	-0.408519	0.408519
7	Gm07_31872847	31872847	0.240132	0.158331	-0.158331	0.158331
7	Gm07_31883072	31883072	0.0690789	-0.0449563	0.0449563	-0.0449563
7	Gm07_31883107	31883107	0.0953947	-0.275642	0.275642	-0.275642
7	Gm07_31883120	31883120	0.0690789	-0.0362834	0.0362834	-0.0362834
7	Gm07_31883138	31883138	0.0953947	-0.130423	0.130423	-0.130423
7	Gm07_31926218	31926218	0.230263	0.204447	-0.204447	0.204447
7	Gm07_31930167	31930167	0.0690789	0.377836	-0.377836	0.377836
7	Gm07_31970254	31970254	0.289474	-0.036654	0.036654	-0.036654
7	Gm07_32057013	32057013	0.296053	-0.0634713	0.0634713	-0.0634713
7	Gm07_32057269	32057269	0.296053	-0.0640011	0.0640011	-0.0640011
7	Gm07_32077270	32077270	0.263158	0.063144	-0.063144	0.063144
7	Gm07_32214734	32214734	0.233553	0.189291	-0.189291	0.189291
7	Gm07_32263042	32263042	0.263158	0.0618023	-0.0618023	0.0618023
7	Gm07_32268378	32268378	0.266447	0.0473028	-0.0473028	0.0473028
7	Gm07_32269982	32269982	0.296053	-0.0698099	0.0698099	-0.0698099
7	Gm07_32330129	32330129	0.289474	-0.0472032	0.0472032	-0.0472032
7	Gm07_32343285	32343285	0.240132	0.157272	-0.157272	0.157272
7	Gm07_32343345	32343345	0.266447	0.0452008	-0.0452008	0.0452008
7	Gm07_32479118	32479118	0.276316	0.0059532	-0.0059532	0.0059532
7	Gm07_32488999	32488999	0.266447	0.0444103	-0.0444103	0.0444103
7	Gm07_32489018	32489018	0.233553	0.186817	-0.186817	0.186817
7	Gm07_32492684	32492684	0.296053	-0.0689572	0.0689572	-0.0689572
7	Gm07_32495137	32495137	0.259868	0.0696458	-0.0696458	0.0696458
7	Gm07_32495735	32495735	0.263158	0.0628853	-0.0628853	0.0628853
7	Gm07_32495771	32495771	0.263158	0.0625216	-0.0625216	0.0625216
7	Gm07_32497029	32497029	0.289474	-0.0425864	0.0425864	-0.0425864
7	Gm07_32520700	32520700	0.233553	0.184843	-0.184843	0.184843
7	Gm07_32581309	32581309	0.236842	0.168864	-0.168864	0.168864
7	Gm07_32606469	32606469	0.263158	0.0572607	-0.0572607	0.0572607
7	Gm07_32627175	32627175	0.263158	0.0571134	-0.0571134	0.0571134
7	Gm07_32634218	32634218	0.233553	0.181773	-0.181773	0.181773
