selscan v3.0.1
/home/ww/biosoft/selscan --ihs --unphased --pmap --vcf work/chr/chr7.vcf.gz --map work/chr/chr7.map --out work/results/chr7 --threads 4 
Opening work/chr/chr7.vcf.gz to count number of haplotypes and loci...
--skip-low-freq set. Removing all variants < 0.05.

Loading 304 haplotypes and 2034 loci. Skipped 56 loci 

Removed 56 low frequency variants from haplotype data.
====
Input file loaded in 0.018630 s.
=====

v3.0.1
Calculating iHS.
=====
Input (VCF) filename: work/chr/chr7.vcf.gz
Map filename: work/chr/chr7.map
Output file: work/results/chr7
Threads: 4
Scale parameter: 20000
Max gap parameter: 200000
EHH cutoff value: 0.05
Minimum MAF cutoff: 0.05
Phased: no
Alt flag set: no
WARNING: Reached chromosome edge before EHH decayed below 0.05. position: 94805 id: Gm07_94805Skipping calculation.
WARNING: Reached chromosome edge before EHH decayed below 0.05. position: 104119 id: Gm07_104119Skipping calculation.
WARNING: Reached chromosome edge before EHH decayed below 0.05. position: 176248 id: Gm07_176248WARNING: Reached chromosome edge before EHH decayed below 0.05. position: 199352 id: Gm07_199352Skipping calculation.
Skipping calculation.
WARNING: Reached chromosome edge before EHH decayed below 0.05. position: 199316 id: Gm07_199316WARNING: Reached chromosome edge before EHH decayed below 0.05. position: 101472 id: Gm07_101472WARNING: Reached chromosome edge before EHH decayed below 0.05. position: 228317 id: Gm07_228317WARNING: Reached chromosome edge before EHH decayed below 0.05. position: 199462 id: Gm07_199462Skipping calculation.
Skipping calculation.
Skipping calculation.
WARNING: Reached chromosome edge before EHH decayed below 0.05. position: 246244 id: Gm07_246244Skipping calculation.
WARNING: Reached chromosome edge before EHH decayed below 0.05. position: 247081 id: Gm07_247081Skipping calculation.
WARNING: Reached chromosome edge before EHH decayed below 0.05. position: 336526 id: Gm07_336526Skipping calculation.
WARNING: Reached chromosome edge before EHH decayed below 0.05. position: 336550 id: Gm07_336550Skipping calculation.
Skipping calculation.
WARNING: Reached chromosome edge before EHH decayed below 0.05. position: 359739 id: Gm07_359739Skipping calculation.
WARNING: Reached chromosome edge before EHH decayed below 0.05. position: 367747 id: Gm07_367747Skipping calculation.
WARNING: Reached a gap of 285658bp > 200000bp. Skipping calculation at position 658193 id: Gm07_658193
WARNING: Reached a gap of 285658bp > 200000bp. Skipping calculation at position 709681 id: Gm07_709681
WARNING: Reached chromosome edge before EHH decayed below 0.05. position: 338727 id: Gm07_338727WARNING: Reached a gap of 209160bp > 200000bp. Skipping calculation at position 940923 id: Gm07_940923
WARNING: Reached chromosome edge before EHH decayed below 0.05. position: 372535 id: Gm07_372535Skipping calculation.
Skipping calculation.
WARNING: Reached a gap of 209160bp > 200000bp. Skipping calculation at position 969286 id: Gm07_969286
WARNING: Reached a gap of 209160bp > 200000bp. Skipping calculation at position 918841 id: Gm07_918841
WARNING: Reached a gap of 209160bp > 200000bp. Skipping calculation at position 963105 id: Gm07_963105
WARNING: Reached a gap of 209160bp > 200000bp. Skipping calculation at position 978463 id: Gm07_978463
WARNING: Reached a gap of 209160bp > 200000bp. Skipping calculation at position 978526 id: Gm07_978526
WARNING: Reached a gap of 209160bp > 200000bp. Skipping calculation at position 984279 id: Gm07_984279
WARNING: Reached a gap of 209160bp > 200000bp. Skipping calculation at position 1097730 id: Gm07_1097730
WARNING: Reached a gap of 209160bp > 200000bp. Skipping calculation at position 1108883 id: Gm07_1108883
WARNING: Reached a gap of 209160bp > 200000bp. Skipping calculation at position 1102329 id: Gm07_1102329
WARNING: Reached a gap of 209160bp > 200000bp. Skipping calculation at position 1135420 id: Gm07_1135420
WARNING: Reached a gap of 209160bp > 200000bp. Skipping calculation at position 1143184 id: Gm07_1143184
WARNING: Reached a gap of 209160bp > 200000bp. Skipping calculation at position 1172362 id: Gm07_1172362
WARNING: Reached a gap of 209160bp > 200000bp. Skipping calculation at position 1172376 id: Gm07_1172376
WARNING: Reached a gap of 209160bp > 200000bp. Skipping calculation at position 1191863 id: Gm07_1191863
WARNING: Reached a gap of 209160bp > 200000bp. Skipping calculation at position 1191880 id: Gm07_1191880
WARNING: Reached a gap of 209160bp > 200000bp. Skipping calculation at position 1239359 id: Gm07_1239359
WARNING: Reached a gap of 209160bp > 200000bp. Skipping calculation at position 1272078 id: Gm07_1272078
WARNING: Reached a gap of 209160bp > 200000bp. Skipping calculation at position 1272254 id: Gm07_1272254
WARNING: Reached a gap of 209160bp > 200000bp. Skipping calculation at position 1227499 id: Gm07_1227499
WARNING: Reached a gap of 209160bp > 200000bp. Skipping calculation at position 1381149 id: Gm07_1381149
WARNING: Reached a gap of 209160bp > 200000bp. Skipping calculation at position 1272873 id: Gm07_1272873
WARNING: Reached a gap of 209160bp > 200000bp. Skipping calculation at position 1389278 id: Gm07_1389278
WARNING: Reached a gap of 209160bp > 200000bp. Skipping calculation at position 1401207 id: Gm07_1401207
WARNING: Reached a gap of 209160bp > 200000bp. Skipping calculation at position 1401411 id: Gm07_1401411
WARNING: Reached a gap of 209160bp > 200000bp. Skipping calculation at position 1401449 id: Gm07_1401449
WARNING: Reached a gap of 209160bp > 200000bp. Skipping calculation at position 1454656 id: Gm07_1454656
WARNING: Reached a gap of 209160bp > 200000bp. Skipping calculation at position 1569151 id: Gm07_1569151
WARNING: Reached a gap of 209160bp > 200000bp. Skipping calculation at position 1626873 id: Gm07_1626873
WARNING: Reached a gap of 288994bp > 200000bp. Skipping calculation at position 2036207 id: Gm07_2036207
WARNING: Reached a gap of 288994bp > 200000bp. Skipping calculation at position 2093466 id: Gm07_2093466
WARNING: Reached a gap of 288994bp > 200000bp. Skipping calculation at position 2100018 id: Gm07_2100018
WARNING: Reached a gap of 288994bp > 200000bp. Skipping calculation at position 2126636 id: Gm07_2126636
WARNING: Reached a gap of 209160bp > 200000bp. Skipping calculation at position 1626911 id: Gm07_1626911
WARNING: Reached a gap of 288994bp > 200000bp. Skipping calculation at position 2271965 id: Gm07_2271965
WARNING: Reached a gap of 288994bp > 200000bp. Skipping calculation at position 2282923 id: Gm07_2282923
WARNING: Reached a gap of 209160bp > 200000bp. Skipping calculation at position 1733456 id: Gm07_1733456
WARNING: Reached a gap of 209160bp > 200000bp. Skipping calculation at position 1747213 id: Gm07_1747213
WARNING: Reached a gap of 288994bp > 200000bp. Skipping calculation at position 2290993 id: Gm07_2290993
WARNING: Reached a gap of 288994bp > 200000bp. Skipping calculation at position 2317234 id: Gm07_2317234
WARNING: Reached a gap of 288994bp > 200000bp. Skipping calculation at position 2350575 id: Gm07_2350575
WARNING: Reached a gap of 288994bp > 200000bp. Skipping calculation at position 2353485 id: Gm07_2353485
WARNING: Reached a gap of 288994bp > 200000bp. Skipping calculation at position 2367418 id: Gm07_2367418
WARNING: Reached a gap of 288994bp > 200000bp. Skipping calculation at position 2374807 id: Gm07_2374807
WARNING: Reached a gap of 288994bp > 200000bp. Skipping calculation at position 2400874 id: Gm07_2400874
WARNING: Reached a gap of 288994bp > 200000bp. Skipping calculation at position 2400917 id: Gm07_2400917
WARNING: Reached a gap of 288994bp > 200000bp. Skipping calculation at position 2472110 id: Gm07_2472110
WARNING: Reached a gap of 288994bp > 200000bp. Skipping calculation at position 2485335 id: Gm07_2485335
WARNING: Reached a gap of 288994bp > 200000bp. Skipping calculation at position 2485561 id: Gm07_2485561
WARNING: Reached a gap of 288994bp > 200000bp. Skipping calculation at position 2531841 id: Gm07_2531841
WARNING: Reached a gap of 288994bp > 200000bp. Skipping calculation at position 2584000 id: Gm07_2584000
WARNING: Reached a gap of 288994bp > 200000bp. Skipping calculation at position 2584185 id: Gm07_2584185
WARNING: Reached a gap of 288994bp > 200000bp. Skipping calculation at position 2588532 id: Gm07_2588532
WARNING: Reached a gap of 288994bp > 200000bp. Skipping calculation at position 2596793 id: Gm07_2596793
WARNING: Reached a gap of 288994bp > 200000bp. Skipping calculation at position 2596798 id: Gm07_2596798
WARNING: Reached a gap of 288994bp > 200000bp. Skipping calculation at position 2606978 id: Gm07_2606978
WARNING: Reached a gap of 288994bp > 200000bp. Skipping calculation at position 2610352 id: Gm07_2610352
WARNING: Reached a gap of 288994bp > 200000bp. Skipping calculation at position 2621710 id: Gm07_2621710
WARNING: Reached a gap of 288994bp > 200000bp. Skipping calculation at position 2625361 id: Gm07_2625361
WARNING: Reached a gap of 288994bp > 200000bp. Skipping calculation at position 2625602 id: Gm07_2625602
WARNING: Reached a gap of 288994bp > 200000bp. Skipping calculation at position 2625378 id: Gm07_2625378
WARNING: Reached a gap of 288994bp > 200000bp. Skipping calculation at position 2626528 id: Gm07_2626528
WARNING: Reached a gap of 288994bp > 200000bp. Skipping calculation at position 2646995 id: Gm07_2646995
WARNING: Reached a gap of 288994bp > 200000bp. Skipping calculation at position 2669851 id: Gm07_2669851
WARNING: Reached a gap of 288994bp > 200000bp. Skipping calculation at position 2675784 id: Gm07_2675784
WARNING: Reached a gap of 288994bp > 200000bp. Skipping calculation at position 2709031 id: Gm07_2709031
WARNING: Reached a gap of 288994bp > 200000bp. Skipping calculation at position 2677733 id: Gm07_2677733
WARNING: Reached a gap of 288994bp > 200000bp. Skipping calculation at position 2723969 id: Gm07_2723969
WARNING: Reached a gap of 288994bp > 200000bp. Skipping calculation at position 2710278 id: Gm07_2710278
WARNING: Reached a gap of 288994bp > 200000bp. Skipping calculation at position 2724223 id: Gm07_2724223
WARNING: Reached a gap of 288994bp > 200000bp. Skipping calculation at position 2724234 id: Gm07_2724234
WARNING: Reached a gap of 288994bp > 200000bp. Skipping calculation at position 2724239 id: Gm07_2724239
WARNING: Reached a gap of 288994bp > 200000bp. Skipping calculation at position 2724271 id: Gm07_2724271
WARNING: Reached a gap of 288994bp > 200000bp. Skipping calculation at position 2756750 id: Gm07_2756750
WARNING: Reached a gap of 288994bp > 200000bp. Skipping calculation at position 2760589 id: Gm07_2760589
WARNING: Reached a gap of 288994bp > 200000bp. Skipping calculation at position 2761718 id: Gm07_2761718
WARNING: Reached a gap of 288994bp > 200000bp. Skipping calculation at position 2772442 id: Gm07_2772442
WARNING: Reached a gap of 288994bp > 200000bp. Skipping calculation at position 2772586 id: Gm07_2772586
WARNING: Reached a gap of 288994bp > 200000bp. Skipping calculation at position 2772646 id: Gm07_2772646
WARNING: Reached a gap of 288994bp > 200000bp. Skipping calculation at position 2841750 id: Gm07_2841750
WARNING: Reached a gap of 288994bp > 200000bp. Skipping calculation at position 2917168 id: Gm07_2917168
WARNING: Reached a gap of 288994bp > 200000bp. Skipping calculation at position 2916888 id: Gm07_2916888
WARNING: Reached a gap of 288994bp > 200000bp. Skipping calculation at position 2942021 id: Gm07_2942021
WARNING: Reached a gap of 288994bp > 200000bp. Skipping calculation at position 2984057 id: Gm07_2984057
WARNING: Reached a gap of 288994bp > 200000bp. Skipping calculation at position 2982009 id: Gm07_2982009
WARNING: Reached a gap of 288994bp > 200000bp. Skipping calculation at position 2965322 id: Gm07_2965322
WARNING: Reached a gap of 288994bp > 200000bp. Skipping calculation at position 2994527 id: Gm07_2994527
WARNING: Reached a gap of 288994bp > 200000bp. Skipping calculation at position 3015237 id: Gm07_3015237
WARNING: Reached a gap of 288994bp > 200000bp. Skipping calculation at position 3015289 id: Gm07_3015289
WARNING: Reached a gap of 249351bp > 200000bp. Skipping calculation at position 3045414 id: Gm07_3045414
WARNING: Reached a gap of 249351bp > 200000bp. Skipping calculation at position 3126066 id: Gm07_3126066
WARNING: Reached a gap of 249351bp > 200000bp. Skipping calculation at position 3289276 id: Gm07_3289276
WARNING: Reached a gap of 249351bp > 200000bp. Skipping calculation at position 3297653 id: Gm07_3297653
WARNING: Reached a gap of 249351bp > 200000bp. Skipping calculation at position 3297789 id: Gm07_3297789
WARNING: Reached a gap of 249351bp > 200000bp. Skipping calculation at position 3547188 id: Gm07_3547188
WARNING: Reached a gap of 249351bp > 200000bp. Skipping calculation at position 3549979 id: Gm07_3549979
WARNING: Reached a gap of 249351bp > 200000bp. Skipping calculation at position 3760350 id: Gm07_3760350
WARNING: Reached a gap of 249351bp > 200000bp. Skipping calculation at position 3669395 id: Gm07_3669395
WARNING: Reached a gap of 249351bp > 200000bp. Skipping calculation at position 3765316 id: Gm07_3765316
WARNING: Reached a gap of 249351bp > 200000bp. Skipping calculation at position 3820005 id: Gm07_3820005
WARNING: Reached a gap of 249351bp > 200000bp. Skipping calculation at position 3868071 id: Gm07_3868071
WARNING: Reached a gap of 249351bp > 200000bp. Skipping calculation at position 3867708 id: Gm07_3867708
WARNING: Reached a gap of 249351bp > 200000bp. Skipping calculation at position 3913594 id: Gm07_3913594
WARNING: Reached a gap of 249351bp > 200000bp. Skipping calculation at position 3913842 id: Gm07_3913842
WARNING: Reached a gap of 249351bp > 200000bp. Skipping calculation at position 3922180 id: Gm07_3922180
WARNING: Reached a gap of 249351bp > 200000bp. Skipping calculation at position 3925342 id: Gm07_3925342
WARNING: Reached a gap of 249351bp > 200000bp. Skipping calculation at position 3297837 id: Gm07_3297837
WARNING: Reached a gap of 249351bp > 200000bp. Skipping calculation at position 3297810 id: Gm07_3297810
WARNING: Reached a gap of 249351bp > 200000bp. Skipping calculation at position 3948769 id: Gm07_3948769
WARNING: Reached a gap of 249351bp > 200000bp. Skipping calculation at position 3946383 id: Gm07_3946383
WARNING: Reached a gap of 249351bp > 200000bp. Skipping calculation at position 4004536 id: Gm07_4004536
WARNING: Reached a gap of 249351bp > 200000bp. Skipping calculation at position 4004550 id: Gm07_4004550
WARNING: Reached a gap of 249351bp > 200000bp. Skipping calculation at position 4004877 id: Gm07_4004877
WARNING: Reached a gap of 249351bp > 200000bp. Skipping calculation at position 4010594 id: Gm07_4010594
WARNING: Reached a gap of 249351bp > 200000bp. Skipping calculation at position 4012573 id: Gm07_4012573
WARNING: Reached a gap of 249351bp > 200000bp. Skipping calculation at position 4010883 id: Gm07_4010883
WARNING: Reached a gap of 249351bp > 200000bp. Skipping calculation at position 4150893 id: Gm07_4150893
WARNING: Reached a gap of 249351bp > 200000bp. Skipping calculation at position 4166552 id: Gm07_4166552
WARNING: Reached a gap of 249351bp > 200000bp. Skipping calculation at position 4195309 id: Gm07_4195309
WARNING: Reached a gap of 249351bp > 200000bp. Skipping calculation at position 4223415 id: Gm07_4223415
WARNING: Reached a gap of 249351bp > 200000bp. Skipping calculation at position 4195513 id: Gm07_4195513
WARNING: Reached a gap of 249351bp > 200000bp. Skipping calculation at position 4232482 id: Gm07_4232482
WARNING: Reached a gap of 249351bp > 200000bp. Skipping calculation at position 4261109 id: Gm07_4261109
WARNING: Reached a gap of 249351bp > 200000bp. Skipping calculation at position 4288518 id: Gm07_4288518
WARNING: Reached a gap of 249351bp > 200000bp. Skipping calculation at position 4288537 id: Gm07_4288537
WARNING: Reached a gap of 249351bp > 200000bp. Skipping calculation at position 4288831 id: Gm07_4288831
WARNING: Reached a gap of 249351bp > 200000bp. Skipping calculation at position 4307120 id: Gm07_4307120
WARNING: Reached a gap of 249351bp > 200000bp. Skipping calculation at position 4332657 id: Gm07_4332657
WARNING: Reached a gap of 249351bp > 200000bp. Skipping calculation at position 4339922 id: Gm07_4339922
WARNING: Reached a gap of 249351bp > 200000bp. Skipping calculation at position 4368039 id: Gm07_4368039
WARNING: Reached a gap of 249351bp > 200000bp. Skipping calculation at position 4368410 id: Gm07_4368410
WARNING: Reached a gap of 249351bp > 200000bp. Skipping calculation at position 4368427 id: Gm07_4368427
WARNING: Reached a gap of 249351bp > 200000bp. Skipping calculation at position 4400643 id: Gm07_4400643
WARNING: Reached a gap of 249351bp > 200000bp. Skipping calculation at position 4382750 id: Gm07_4382750
WARNING: Reached a gap of 249351bp > 200000bp. Skipping calculation at position 4403486 id: Gm07_4403486
WARNING: Reached a gap of 249351bp > 200000bp. Skipping calculation at position 4416123 id: Gm07_4416123
WARNING: Reached a gap of 249351bp > 200000bp. Skipping calculation at position 4436337 id: Gm07_4436337
WARNING: Reached a gap of 249351bp > 200000bp. Skipping calculation at position 4463409 id: Gm07_4463409
WARNING: Reached a gap of 249351bp > 200000bp. Skipping calculation at position 4516643 id: Gm07_4516643
WARNING: Reached a gap of 249351bp > 200000bp. Skipping calculation at position 4516627 id: Gm07_4516627
WARNING: Reached a gap of 306940bp > 200000bp. Skipping calculation at position 4668025 id: Gm07_4668025
WARNING: Reached a gap of 306940bp > 200000bp. Skipping calculation at position 4668327 id: Gm07_4668327
WARNING: Reached a gap of 306940bp > 200000bp. Skipping calculation at position 4786600 id: Gm07_4786600
WARNING: Reached a gap of 306940bp > 200000bp. Skipping calculation at position 4831568 id: Gm07_4831568
WARNING: Reached a gap of 306940bp > 200000bp. Skipping calculation at position 4681774 id: Gm07_4681774
WARNING: Reached a gap of 306940bp > 200000bp. Skipping calculation at position 4906530 id: Gm07_4906530
WARNING: Reached a gap of 306940bp > 200000bp. Skipping calculation at position 4906549 id: Gm07_4906549
WARNING: Reached a gap of 306940bp > 200000bp. Skipping calculation at position 4929476 id: Gm07_4929476
WARNING: Reached a gap of 306940bp > 200000bp. Skipping calculation at position 4906583 id: Gm07_4906583
WARNING: Reached a gap of 306940bp > 200000bp. Skipping calculation at position 5040792 id: Gm07_5040792
WARNING: Reached a gap of 306940bp > 200000bp. Skipping calculation at position 5159023 id: Gm07_5159023
WARNING: Reached a gap of 306940bp > 200000bp. Skipping calculation at position 5047119 id: Gm07_5047119
WARNING: Reached a gap of 306940bp > 200000bp. Skipping calculation at position 5161833 id: Gm07_5161833
WARNING: Reached a gap of 306940bp > 200000bp. Skipping calculation at position 5207562 id: Gm07_5207562
WARNING: Reached a gap of 306940bp > 200000bp. Skipping calculation at position 5182410 id: Gm07_5182410
WARNING: Reached a gap of 306940bp > 200000bp. Skipping calculation at position 5181425 id: Gm07_5181425
WARNING: Reached a gap of 306940bp > 200000bp. Skipping calculation at position 5254639 id: Gm07_5254639
WARNING: Reached a gap of 306940bp > 200000bp. Skipping calculation at position 5254830 id: Gm07_5254830
WARNING: Reached a gap of 306940bp > 200000bp. Skipping calculation at position 5260916 id: Gm07_5260916
WARNING: Reached a gap of 306940bp > 200000bp. Skipping calculation at position 5254867 id: Gm07_5254867
WARNING: Reached a gap of 306940bp > 200000bp. Skipping calculation at position 5267556 id: Gm07_5267556
WARNING: Reached a gap of 306940bp > 200000bp. Skipping calculation at position 5308990 id: Gm07_5308990
WARNING: Reached a gap of 306940bp > 200000bp. Skipping calculation at position 5341566 id: Gm07_5341566
WARNING: Reached a gap of 306940bp > 200000bp. Skipping calculation at position 5341582 id: Gm07_5341582
WARNING: Reached a gap of 306940bp > 200000bp. Skipping calculation at position 5356758 id: Gm07_5356758
WARNING: Reached a gap of 306940bp > 200000bp. Skipping calculation at position 5410740 id: Gm07_5410740
WARNING: Reached a gap of 306940bp > 200000bp. Skipping calculation at position 5413977 id: Gm07_5413977
WARNING: Reached a gap of 306940bp > 200000bp. Skipping calculation at position 5413961 id: Gm07_5413961
WARNING: Reached a gap of 306940bp > 200000bp. Skipping calculation at position 5419247 id: Gm07_5419247
WARNING: Reached a gap of 306940bp > 200000bp. Skipping calculation at position 5496966 id: Gm07_5496966
WARNING: Reached a gap of 306940bp > 200000bp. Skipping calculation at position 5509104 id: Gm07_5509104
WARNING: Reached a gap of 306940bp > 200000bp. Skipping calculation at position 5540845 id: Gm07_5540845
WARNING: Reached a gap of 306940bp > 200000bp. Skipping calculation at position 5598571 id: Gm07_5598571
WARNING: Reached a gap of 306940bp > 200000bp. Skipping calculation at position 5947392 id: Gm07_5947392
WARNING: Reached a gap of 306940bp > 200000bp. Skipping calculation at position 5975946 id: Gm07_5975946
WARNING: Reached a gap of 306940bp > 200000bp. Skipping calculation at position 5640258 id: Gm07_5640258
WARNING: Reached a gap of 306940bp > 200000bp. Skipping calculation at position 5976129 id: Gm07_5976129
WARNING: Reached a gap of 306940bp > 200000bp. Skipping calculation at position 5976140 id: Gm07_5976140
WARNING: Reached a gap of 306940bp > 200000bp. Skipping calculation at position 5640232 id: Gm07_5640232
WARNING: Reached a gap of 306940bp > 200000bp. Skipping calculation at position 6048868 id: Gm07_6048868
WARNING: Reached a gap of 306940bp > 200000bp. Skipping calculation at position 6071137 id: Gm07_6071137
WARNING: Reached a gap of 306940bp > 200000bp. Skipping calculation at position 6071323 id: Gm07_6071323
WARNING: Reached a gap of 306940bp > 200000bp. Skipping calculation at position 6071397 id: Gm07_6071397
WARNING: Reached a gap of 306940bp > 200000bp. Skipping calculation at position 6083193 id: Gm07_6083193
WARNING: Reached a gap of 306940bp > 200000bp. Skipping calculation at position 5640452 id: Gm07_5640452
WARNING: Reached a gap of 306940bp > 200000bp. Skipping calculation at position 6093891 id: Gm07_6093891
WARNING: Reached a gap of 306940bp > 200000bp. Skipping calculation at position 6098140 id: Gm07_6098140
WARNING: Reached a gap of 306940bp > 200000bp. Skipping calculation at position 6131120 id: Gm07_6131120
WARNING: Reached a gap of 306940bp > 200000bp. Skipping calculation at position 6148933 id: Gm07_6148933
WARNING: Reached a gap of 306940bp > 200000bp. Skipping calculation at position 6141436 id: Gm07_6141436
WARNING: Reached a gap of 306940bp > 200000bp. Skipping calculation at position 6148717 id: Gm07_6148717
WARNING: Reached a gap of 306940bp > 200000bp. Skipping calculation at position 6148950 id: Gm07_6148950
WARNING: Reached a gap of 306940bp > 200000bp. Skipping calculation at position 6148941 id: Gm07_6148941
WARNING: Reached a gap of 306940bp > 200000bp. Skipping calculation at position 6154603 id: Gm07_6154603
WARNING: Reached a gap of 306940bp > 200000bp. Skipping calculation at position 6156873 id: Gm07_6156873
WARNING: Reached a gap of 306940bp > 200000bp. Skipping calculation at position 6157057 id: Gm07_6157057
WARNING: Reached a gap of 306940bp > 200000bp. Skipping calculation at position 6157044 id: Gm07_6157044
WARNING: Reached a gap of 306940bp > 200000bp. Skipping calculation at position 6171695 id: Gm07_6171695
WARNING: Reached a gap of 306940bp > 200000bp. Skipping calculation at position 6194983 id: Gm07_6194983
WARNING: Reached a gap of 306940bp > 200000bp. Skipping calculation at position 6263924 id: Gm07_6263924
WARNING: Reached a gap of 306940bp > 200000bp. Skipping calculation at position 6263964 id: Gm07_6263964
WARNING: Reached a gap of 306940bp > 200000bp. Skipping calculation at position 6281483 id: Gm07_6281483
WARNING: Reached a gap of 306940bp > 200000bp. Skipping calculation at position 6281494 id: Gm07_6281494
WARNING: Reached a gap of 306940bp > 200000bp. Skipping calculation at position 6293114 id: Gm07_6293114
WARNING: Reached a gap of 306940bp > 200000bp. Skipping calculation at position 6311425 id: Gm07_6311425
WARNING: Reached a gap of 306940bp > 200000bp. Skipping calculation at position 6311560 id: Gm07_6311560
WARNING: Reached a gap of 306940bp > 200000bp. Skipping calculation at position 6320423 id: Gm07_6320423
WARNING: Reached a gap of 306940bp > 200000bp. Skipping calculation at position 6321758 id: Gm07_6321758
WARNING: Reached a gap of 306940bp > 200000bp. Skipping calculation at position 6320644 id: Gm07_6320644
WARNING: Reached a gap of 306940bp > 200000bp. Skipping calculation at position 6321767 id: Gm07_6321767
WARNING: Reached a gap of 306940bp > 200000bp. Skipping calculation at position 6323896 id: Gm07_6323896
WARNING: Reached a gap of 306940bp > 200000bp. Skipping calculation at position 6334542 id: Gm07_6334542
WARNING: Reached a gap of 306940bp > 200000bp. Skipping calculation at position 6334955 id: Gm07_6334955
WARNING: Reached a gap of 306940bp > 200000bp. Skipping calculation at position 6349282 id: Gm07_6349282
WARNING: Reached a gap of 306940bp > 200000bp. Skipping calculation at position 6342245 id: Gm07_6342245
WARNING: Reached a gap of 306940bp > 200000bp. Skipping calculation at position 6334646 id: Gm07_6334646
WARNING: Reached a gap of 306940bp > 200000bp. Skipping calculation at position 6352029 id: Gm07_6352029
WARNING: Reached a gap of 306940bp > 200000bp. Skipping calculation at position 6352046 id: Gm07_6352046
WARNING: Reached a gap of 306940bp > 200000bp. Skipping calculation at position 6352320 id: Gm07_6352320
WARNING: Reached a gap of 306940bp > 200000bp. Skipping calculation at position 6353509 id: Gm07_6353509
WARNING: Reached a gap of 306940bp > 200000bp. Skipping calculation at position 6382371 id: Gm07_6382371
WARNING: Reached a gap of 306940bp > 200000bp. Skipping calculation at position 6382377 id: Gm07_6382377
WARNING: Reached a gap of 306940bp > 200000bp. Skipping calculation at position 6409995 id: Gm07_6409995
WARNING: Reached a gap of 306940bp > 200000bp. Skipping calculation at position 6410042 id: Gm07_6410042
WARNING: Reached a gap of 306940bp > 200000bp. Skipping calculation at position 6445315 id: Gm07_6445315
WARNING: Reached a gap of 306940bp > 200000bp. Skipping calculation at position 6445305 id: Gm07_6445305
WARNING: Reached a gap of 306940bp > 200000bp. Skipping calculation at position 6446854 id: Gm07_6446854
WARNING: Reached a gap of 306940bp > 200000bp. Skipping calculation at position 6448138 id: Gm07_6448138
WARNING: Reached a gap of 306940bp > 200000bp. Skipping calculation at position 6448164 id: Gm07_6448164
WARNING: Reached a gap of 306940bp > 200000bp. Skipping calculation at position 6479671 id: Gm07_6479671
WARNING: Reached a gap of 306940bp > 200000bp. Skipping calculation at position 6480076 id: Gm07_6480076
WARNING: Reached a gap of 306940bp > 200000bp. Skipping calculation at position 6537639 id: Gm07_6537639
WARNING: Reached a gap of 306940bp > 200000bp. Skipping calculation at position 6539190 id: Gm07_6539190
WARNING: Reached a gap of 306940bp > 200000bp. Skipping calculation at position 6567752 id: Gm07_6567752
WARNING: Reached a gap of 306940bp > 200000bp. Skipping calculation at position 6639006 id: Gm07_6639006
WARNING: Reached a gap of 306940bp > 200000bp. Skipping calculation at position 6654937 id: Gm07_6654937
WARNING: Reached a gap of 306940bp > 200000bp. Skipping calculation at position 6655271 id: Gm07_6655271
WARNING: Reached a gap of 306940bp > 200000bp. Skipping calculation at position 6655264 id: Gm07_6655264
WARNING: Reached a gap of 306940bp > 200000bp. Skipping calculation at position 6686123 id: Gm07_6686123
WARNING: Reached a gap of 306940bp > 200000bp. Skipping calculation at position 6770192 id: Gm07_6770192
WARNING: Reached a gap of 306940bp > 200000bp. Skipping calculation at position 6763699 id: Gm07_6763699
WARNING: Reached a gap of 306940bp > 200000bp. Skipping calculation at position 6776900 id: Gm07_6776900
WARNING: Reached a gap of 306940bp > 200000bp. Skipping calculation at position 6777214 id: Gm07_6777214
WARNING: Reached a gap of 306940bp > 200000bp. Skipping calculation at position 6791924 id: Gm07_6791924
WARNING: Reached a gap of 306940bp > 200000bp. Skipping calculation at position 6792274 id: Gm07_6792274
WARNING: Reached a gap of 306940bp > 200000bp. Skipping calculation at position 6826804 id: Gm07_6826804
WARNING: Reached a gap of 306940bp > 200000bp. Skipping calculation at position 6829375 id: Gm07_6829375
WARNING: Reached a gap of 306940bp > 200000bp. Skipping calculation at position 6883572 id: Gm07_6883572
WARNING: Reached a gap of 306940bp > 200000bp. Skipping calculation at position 6892182 id: Gm07_6892182
WARNING: Reached a gap of 306940bp > 200000bp. Skipping calculation at position 6892473 id: Gm07_6892473
WARNING: Reached a gap of 306940bp > 200000bp. Skipping calculation at position 6892513 id: Gm07_6892513
WARNING: Reached a gap of 200212bp > 200000bp. Skipping calculation at position 9195265 id: Gm07_9195265
WARNING: Reached a gap of 200212bp > 200000bp. Skipping calculation at position 9248071 id: Gm07_9248071
WARNING: Reached a gap of 200212bp > 200000bp. Skipping calculation at position 9245143 id: Gm07_9245143
WARNING: Reached a gap of 200212bp > 200000bp. Skipping calculation at position 9305360 id: Gm07_9305360
WARNING: Reached a gap of 200212bp > 200000bp. Skipping calculation at position 9307006 id: Gm07_9307006
WARNING: Reached a gap of 200212bp > 200000bp. Skipping calculation at position 9304376 id: Gm07_9304376
WARNING: Reached a gap of 200212bp > 200000bp. Skipping calculation at position 9318646 id: Gm07_9318646
WARNING: Reached a gap of 200212bp > 200000bp. Skipping calculation at position 9318882 id: Gm07_9318882
WARNING: Reached a gap of 200212bp > 200000bp. Skipping calculation at position 9318939 id: Gm07_9318939
WARNING: Reached a gap of 200212bp > 200000bp. Skipping calculation at position 9319185 id: Gm07_9319185
WARNING: Reached a gap of 200212bp > 200000bp. Skipping calculation at position 9324057 id: Gm07_9324057
WARNING: Reached a gap of 200212bp > 200000bp. Skipping calculation at position 9334416 id: Gm07_9334416
WARNING: Reached a gap of 200212bp > 200000bp. Skipping calculation at position 9319221 id: Gm07_9319221
WARNING: Reached a gap of 200212bp > 200000bp. Skipping calculation at position 9350745 id: Gm07_9350745
WARNING: Reached a gap of 200212bp > 200000bp. Skipping calculation at position 9350752 id: Gm07_9350752
WARNING: Reached a gap of 200212bp > 200000bp. Skipping calculation at position 9334461 id: Gm07_9334461
WARNING: Reached a gap of 200212bp > 200000bp. Skipping calculation at position 9387451 id: Gm07_9387451
WARNING: Reached a gap of 200212bp > 200000bp. Skipping calculation at position 9387493 id: Gm07_9387493
WARNING: Reached a gap of 200212bp > 200000bp. Skipping calculation at position 9350799 id: Gm07_9350799
WARNING: Reached a gap of 200212bp > 200000bp. Skipping calculation at position 9387507 id: Gm07_9387507
WARNING: Reached a gap of 200212bp > 200000bp. Skipping calculation at position 9401842 id: Gm07_9401842
WARNING: Reached a gap of 200212bp > 200000bp. Skipping calculation at position 9402365 id: Gm07_9402365
WARNING: Reached a gap of 200212bp > 200000bp. Skipping calculation at position 9489984 id: Gm07_9489984
WARNING: Reached a gap of 200212bp > 200000bp. Skipping calculation at position 9564998 id: Gm07_9564998
WARNING: Reached a gap of 200212bp > 200000bp. Skipping calculation at position 9406392 id: Gm07_9406392
WARNING: Reached a gap of 200212bp > 200000bp. Skipping calculation at position 9523920 id: Gm07_9523920
WARNING: Reached a gap of 200212bp > 200000bp. Skipping calculation at position 9565004 id: Gm07_9565004
WARNING: Reached a gap of 200212bp > 200000bp. Skipping calculation at position 9565223 id: Gm07_9565223
WARNING: Reached a gap of 200212bp > 200000bp. Skipping calculation at position 9565256 id: Gm07_9565256
WARNING: Reached a gap of 200212bp > 200000bp. Skipping calculation at position 9565287 id: Gm07_9565287
WARNING: Reached a gap of 200212bp > 200000bp. Skipping calculation at position 9565280 id: Gm07_9565280
WARNING: Reached a gap of 200212bp > 200000bp. Skipping calculation at position 9759833 id: Gm07_9759833
WARNING: Reached a gap of 200212bp > 200000bp. Skipping calculation at position 9769175 id: Gm07_9769175
WARNING: Reached a gap of 200212bp > 200000bp. Skipping calculation at position 9759889 id: Gm07_9759889
WARNING: Reached a gap of 200212bp > 200000bp. Skipping calculation at position 9823935 id: Gm07_9823935
WARNING: Reached a gap of 200212bp > 200000bp. Skipping calculation at position 9780390 id: Gm07_9780390
WARNING: Reached a gap of 200212bp > 200000bp. Skipping calculation at position 9823964 id: Gm07_9823964
WARNING: Reached a gap of 200212bp > 200000bp. Skipping calculation at position 9844203 id: Gm07_9844203
WARNING: Reached a gap of 200212bp > 200000bp. Skipping calculation at position 9849044 id: Gm07_9849044
WARNING: Reached a gap of 200212bp > 200000bp. Skipping calculation at position 9843891 id: Gm07_9843891
WARNING: Reached a gap of 200212bp > 200000bp. Skipping calculation at position 9871899 id: Gm07_9871899
WARNING: Reached a gap of 200212bp > 200000bp. Skipping calculation at position 9871617 id: Gm07_9871617
WARNING: Reached a gap of 200212bp > 200000bp. Skipping calculation at position 9879567 id: Gm07_9879567
WARNING: Reached a gap of 200212bp > 200000bp. Skipping calculation at position 9911224 id: Gm07_9911224
WARNING: Reached a gap of 200212bp > 200000bp. Skipping calculation at position 9911217 id: Gm07_9911217
WARNING: Reached a gap of 200212bp > 200000bp. Skipping calculation at position 9915826 id: Gm07_9915826
WARNING: Reached a gap of 200212bp > 200000bp. Skipping calculation at position 10023710 id: Gm07_10023710
WARNING: Reached a gap of 200212bp > 200000bp. Skipping calculation at position 10030577 id: Gm07_10030577
WARNING: Reached a gap of 200212bp > 200000bp. Skipping calculation at position 10034880 id: Gm07_10034880
WARNING: Reached a gap of 200212bp > 200000bp. Skipping calculation at position 10034872 id: Gm07_10034872
WARNING: Reached a gap of 200212bp > 200000bp. Skipping calculation at position 10063098 id: Gm07_10063098
WARNING: Reached a gap of 200212bp > 200000bp. Skipping calculation at position 10063678 id: Gm07_10063678
WARNING: Reached a gap of 200212bp > 200000bp. Skipping calculation at position 10063381 id: Gm07_10063381
WARNING: Reached a gap of 200212bp > 200000bp. Skipping calculation at position 10389928 id: Gm07_10389928
WARNING: Reached a gap of 200212bp > 200000bp. Skipping calculation at position 10390103 id: Gm07_10390103
WARNING: Reached a gap of 200212bp > 200000bp. Skipping calculation at position 10150135 id: Gm07_10150135
WARNING: Reached a gap of 200212bp > 200000bp. Skipping calculation at position 10406257 id: Gm07_10406257
WARNING: Reached a gap of 200212bp > 200000bp. Skipping calculation at position 10406464 id: Gm07_10406464
WARNING: Reached a gap of 200212bp > 200000bp. Skipping calculation at position 10742167 id: Gm07_10742167
WARNING: Reached a gap of 200212bp > 200000bp. Skipping calculation at position 10562118 id: Gm07_10562118
WARNING: Reached a gap of 200212bp > 200000bp. Skipping calculation at position 10063828 id: Gm07_10063828
WARNING: Reached a gap of 200212bp > 200000bp. Skipping calculation at position 10742366 id: Gm07_10742366
WARNING: Reached a gap of 200212bp > 200000bp. Skipping calculation at position 10189716 id: Gm07_10189716
WARNING: Reached a gap of 200212bp > 200000bp. Skipping calculation at position 10935822 id: Gm07_10935822
WARNING: Reached a gap of 200212bp > 200000bp. Skipping calculation at position 10967289 id: Gm07_10967289
WARNING: Reached a gap of 200212bp > 200000bp. Skipping calculation at position 10873765 id: Gm07_10873765
WARNING: Reached a gap of 200212bp > 200000bp. Skipping calculation at position 10991714 id: Gm07_10991714
WARNING: Reached a gap of 200212bp > 200000bp. Skipping calculation at position 11003637 id: Gm07_11003637
WARNING: Reached a gap of 200212bp > 200000bp. Skipping calculation at position 10926073 id: Gm07_10926073
WARNING: Reached a gap of 200212bp > 200000bp. Skipping calculation at position 11008344 id: Gm07_11008344
WARNING: Reached a gap of 200212bp > 200000bp. Skipping calculation at position 11008667 id: Gm07_11008667
WARNING: Reached a gap of 200212bp > 200000bp. Skipping calculation at position 11103501 id: Gm07_11103501
WARNING: Reached a gap of 200212bp > 200000bp. Skipping calculation at position 11133167 id: Gm07_11133167
WARNING: Reached a gap of 200212bp > 200000bp. Skipping calculation at position 11123526 id: Gm07_11123526
WARNING: Reached a gap of 200212bp > 200000bp. Skipping calculation at position 11166721 id: Gm07_11166721
WARNING: Reached a gap of 200212bp > 200000bp. Skipping calculation at position 11197335 id: Gm07_11197335
WARNING: Reached a gap of 200212bp > 200000bp. Skipping calculation at position 11197552 id: Gm07_11197552
WARNING: Reached a gap of 200212bp > 200000bp. Skipping calculation at position 11200558 id: Gm07_11200558
WARNING: Reached a gap of 200212bp > 200000bp. Skipping calculation at position 11200915 id: Gm07_11200915
WARNING: Reached a gap of 300794bp > 200000bp. Skipping calculation at position 11517990 id: Gm07_11517990
WARNING: Reached a gap of 300794bp > 200000bp. Skipping calculation at position 11531902 id: Gm07_11531902
WARNING: Reached a gap of 200212bp > 200000bp. Skipping calculation at position 11205881 id: Gm07_11205881
WARNING: Reached a gap of 300794bp > 200000bp. Skipping calculation at position 11712841 id: Gm07_11712841
WARNING: Reached a gap of 200212bp > 200000bp. Skipping calculation at position 11217196 id: Gm07_11217196
WARNING: Reached a gap of 300794bp > 200000bp. Skipping calculation at position 11713138 id: Gm07_11713138
WARNING: Reached a gap of 300794bp > 200000bp. Skipping calculation at position 11760510 id: Gm07_11760510
WARNING: Reached a gap of 300794bp > 200000bp. Skipping calculation at position 11713145 id: Gm07_11713145
WARNING: Reached a gap of 300794bp > 200000bp. Skipping calculation at position 11761493 id: Gm07_11761493
WARNING: Reached a gap of 300794bp > 200000bp. Skipping calculation at position 11790376 id: Gm07_11790376
WARNING: Reached a gap of 300794bp > 200000bp. Skipping calculation at position 11799402 id: Gm07_11799402
WARNING: Reached a gap of 300794bp > 200000bp. Skipping calculation at position 11808120 id: Gm07_11808120
WARNING: Reached a gap of 300794bp > 200000bp. Skipping calculation at position 11804336 id: Gm07_11804336
WARNING: Reached a gap of 300794bp > 200000bp. Skipping calculation at position 11809681 id: Gm07_11809681
WARNING: Reached a gap of 300794bp > 200000bp. Skipping calculation at position 11814068 id: Gm07_11814068
WARNING: Reached a gap of 300794bp > 200000bp. Skipping calculation at position 11820397 id: Gm07_11820397
WARNING: Reached a gap of 300794bp > 200000bp. Skipping calculation at position 11820408 id: Gm07_11820408
WARNING: Reached a gap of 300794bp > 200000bp. Skipping calculation at position 11822733 id: Gm07_11822733
WARNING: Reached a gap of 300794bp > 200000bp. Skipping calculation at position 11859511 id: Gm07_11859511
WARNING: Reached a gap of 300794bp > 200000bp. Skipping calculation at position 11866458 id: Gm07_11866458
WARNING: Reached a gap of 300794bp > 200000bp. Skipping calculation at position 12010095 id: Gm07_12010095
WARNING: Reached a gap of 300794bp > 200000bp. Skipping calculation at position 12028144 id: Gm07_12028144
WARNING: Reached a gap of 300794bp > 200000bp. Skipping calculation at position 12152834 id: Gm07_12152834
WARNING: Reached a gap of 300794bp > 200000bp. Skipping calculation at position 12196962 id: Gm07_12196962
WARNING: Reached a gap of 300794bp > 200000bp. Skipping calculation at position 12196997 id: Gm07_12196997
WARNING: Reached a gap of 300794bp > 200000bp. Skipping calculation at position 12240000 id: Gm07_12240000
WARNING: Reached a gap of 300794bp > 200000bp. Skipping calculation at position 12249230 id: Gm07_12249230
WARNING: Reached a gap of 300794bp > 200000bp. Skipping calculation at position 12259138 id: Gm07_12259138
WARNING: Reached a gap of 300794bp > 200000bp. Skipping calculation at position 12267422 id: Gm07_12267422
WARNING: Reached a gap of 300794bp > 200000bp. Skipping calculation at position 12266330 id: Gm07_12266330
WARNING: Reached a gap of 300794bp > 200000bp. Skipping calculation at position 12272553 id: Gm07_12272553
WARNING: Reached a gap of 300794bp > 200000bp. Skipping calculation at position 12282159 id: Gm07_12282159
WARNING: Reached a gap of 300794bp > 200000bp. Skipping calculation at position 12334715 id: Gm07_12334715
WARNING: Reached a gap of 300794bp > 200000bp. Skipping calculation at position 12325068 id: Gm07_12325068
WARNING: Reached a gap of 300794bp > 200000bp. Skipping calculation at position 12367967 id: Gm07_12367967
WARNING: Reached a gap of 300794bp > 200000bp. Skipping calculation at position 12348743 id: Gm07_12348743
WARNING: Reached a gap of 300794bp > 200000bp. Skipping calculation at position 12381701 id: Gm07_12381701
WARNING: Reached a gap of 300794bp > 200000bp. Skipping calculation at position 12382323 id: Gm07_12382323
WARNING: Reached a gap of 300794bp > 200000bp. Skipping calculation at position 12383470 id: Gm07_12383470
WARNING: Reached a gap of 300794bp > 200000bp. Skipping calculation at position 12386188 id: Gm07_12386188
WARNING: Reached a gap of 300794bp > 200000bp. Skipping calculation at position 12383800 id: Gm07_12383800
WARNING: Reached a gap of 300794bp > 200000bp. Skipping calculation at position 12383793 id: Gm07_12383793
WARNING: Reached a gap of 300794bp > 200000bp. Skipping calculation at position 12386491 id: Gm07_12386491
WARNING: Reached a gap of 300794bp > 200000bp. Skipping calculation at position 12449735 id: Gm07_12449735
WARNING: Reached a gap of 300794bp > 200000bp. Skipping calculation at position 12449743 id: Gm07_12449743
WARNING: Reached a gap of 300794bp > 200000bp. Skipping calculation at position 12477206 id: Gm07_12477206
WARNING: Reached a gap of 300794bp > 200000bp. Skipping calculation at position 12477180 id: Gm07_12477180
WARNING: Reached a gap of 300794bp > 200000bp. Skipping calculation at position 12477412 id: Gm07_12477412
WARNING: Reached a gap of 300794bp > 200000bp. Skipping calculation at position 12512494 id: Gm07_12512494
WARNING: Reached a gap of 300794bp > 200000bp. Skipping calculation at position 12513484 id: Gm07_12513484
WARNING: Reached a gap of 300794bp > 200000bp. Skipping calculation at position 12512512 id: Gm07_12512512
WARNING: Reached a gap of 251972bp > 200000bp. Skipping calculation at position 15199827 id: Gm07_15199827
WARNING: Reached a gap of 251972bp > 200000bp. Skipping calculation at position 15199807 id: Gm07_15199807
WARNING: Reached a gap of 251972bp > 200000bp. Skipping calculation at position 15228783 id: Gm07_15228783
WARNING: Reached a gap of 251972bp > 200000bp. Skipping calculation at position 15238804 id: Gm07_15238804
WARNING: Reached a gap of 251972bp > 200000bp. Skipping calculation at position 15254602 id: Gm07_15254602
WARNING: Reached a gap of 251972bp > 200000bp. Skipping calculation at position 15295201 id: Gm07_15295201
WARNING: Reached a gap of 251972bp > 200000bp. Skipping calculation at position 15302637 id: Gm07_15302637
WARNING: Reached a gap of 251972bp > 200000bp. Skipping calculation at position 15469112 id: Gm07_15469112
WARNING: Reached a gap of 251972bp > 200000bp. Skipping calculation at position 15331902 id: Gm07_15331902
WARNING: Reached a gap of 251972bp > 200000bp. Skipping calculation at position 15554063 id: Gm07_15554063
WARNING: Reached a gap of 251972bp > 200000bp. Skipping calculation at position 15518608 id: Gm07_15518608
WARNING: Reached a gap of 251972bp > 200000bp. Skipping calculation at position 15554306 id: Gm07_15554306
WARNING: Reached a gap of 251972bp > 200000bp. Skipping calculation at position 15563990 id: Gm07_15563990
WARNING: Reached a gap of 251972bp > 200000bp. Skipping calculation at position 15588791 id: Gm07_15588791
WARNING: Reached a gap of 251972bp > 200000bp. Skipping calculation at position 15596418 id: Gm07_15596418
WARNING: Reached a gap of 251972bp > 200000bp. Skipping calculation at position 15588814 id: Gm07_15588814
WARNING: Reached a gap of 251972bp > 200000bp. Skipping calculation at position 15596436 id: Gm07_15596436
WARNING: Reached a gap of 251972bp > 200000bp. Skipping calculation at position 15596672 id: Gm07_15596672
WARNING: Reached a gap of 251972bp > 200000bp. Skipping calculation at position 15596678 id: Gm07_15596678
WARNING: Reached a gap of 251972bp > 200000bp. Skipping calculation at position 15627443 id: Gm07_15627443
WARNING: Reached a gap of 251972bp > 200000bp. Skipping calculation at position 15627581 id: Gm07_15627581
WARNING: Reached a gap of 251972bp > 200000bp. Skipping calculation at position 15596703 id: Gm07_15596703
WARNING: Reached a gap of 251972bp > 200000bp. Skipping calculation at position 15627587 id: Gm07_15627587
WARNING: Reached a gap of 251972bp > 200000bp. Skipping calculation at position 15627644 id: Gm07_15627644
WARNING: Reached a gap of 251972bp > 200000bp. Skipping calculation at position 15645896 id: Gm07_15645896
WARNING: Reached a gap of 251972bp > 200000bp. Skipping calculation at position 15645904 id: Gm07_15645904
WARNING: Reached a gap of 251972bp > 200000bp. Skipping calculation at position 15650119 id: Gm07_15650119
WARNING: Reached a gap of 251972bp > 200000bp. Skipping calculation at position 15650162 id: Gm07_15650162
WARNING: Reached a gap of 251972bp > 200000bp. Skipping calculation at position 15650353 id: Gm07_15650353
WARNING: Reached a gap of 251972bp > 200000bp. Skipping calculation at position 15667842 id: Gm07_15667842
WARNING: Reached a gap of 251972bp > 200000bp. Skipping calculation at position 15668215 id: Gm07_15668215
WARNING: Reached a gap of 251972bp > 200000bp. Skipping calculation at position 15667893 id: Gm07_15667893
WARNING: Reached a gap of 251972bp > 200000bp. Skipping calculation at position 15668226 id: Gm07_15668226
WARNING: Reached a gap of 251972bp > 200000bp. Skipping calculation at position 15686273 id: Gm07_15686273
WARNING: Reached a gap of 251972bp > 200000bp. Skipping calculation at position 15702029 id: Gm07_15702029
WARNING: Reached a gap of 251972bp > 200000bp. Skipping calculation at position 15702314 id: Gm07_15702314
WARNING: Reached a gap of 251972bp > 200000bp. Skipping calculation at position 15702763 id: Gm07_15702763
WARNING: Reached a gap of 251972bp > 200000bp. Skipping calculation at position 15702673 id: Gm07_15702673
WARNING: Reached a gap of 251972bp > 200000bp. Skipping calculation at position 15734271 id: Gm07_15734271
WARNING: Reached a gap of 251972bp > 200000bp. Skipping calculation at position 15734308 id: Gm07_15734308
WARNING: Reached a gap of 251972bp > 200000bp. Skipping calculation at position 15734606 id: Gm07_15734606
WARNING: Reached a gap of 251972bp > 200000bp. Skipping calculation at position 15741856 id: Gm07_15741856
WARNING: Reached a gap of 251972bp > 200000bp. Skipping calculation at position 15742038 id: Gm07_15742038
WARNING: Reached a gap of 251972bp > 200000bp. Skipping calculation at position 15760001 id: Gm07_15760001
WARNING: Reached a gap of 251972bp > 200000bp. Skipping calculation at position 15781166 id: Gm07_15781166
WARNING: Reached a gap of 251972bp > 200000bp. Skipping calculation at position 15799560 id: Gm07_15799560
WARNING: Reached a gap of 251972bp > 200000bp. Skipping calculation at position 15799805 id: Gm07_15799805
WARNING: Reached a gap of 251972bp > 200000bp. Skipping calculation at position 15799618 id: Gm07_15799618
WARNING: Reached a gap of 251972bp > 200000bp. Skipping calculation at position 15830280 id: Gm07_15830280
WARNING: Reached a gap of 251972bp > 200000bp. Skipping calculation at position 15830715 id: Gm07_15830715
WARNING: Reached a gap of 251972bp > 200000bp. Skipping calculation at position 15832426 id: Gm07_15832426
WARNING: Reached a gap of 251972bp > 200000bp. Skipping calculation at position 15881863 id: Gm07_15881863
WARNING: Reached a gap of 251972bp > 200000bp. Skipping calculation at position 15865691 id: Gm07_15865691
WARNING: Reached a gap of 251972bp > 200000bp. Skipping calculation at position 15881877 id: Gm07_15881877
WARNING: Reached a gap of 251972bp > 200000bp. Skipping calculation at position 15901391 id: Gm07_15901391
WARNING: Reached a gap of 251972bp > 200000bp. Skipping calculation at position 15902715 id: Gm07_15902715
WARNING: Reached a gap of 251972bp > 200000bp. Skipping calculation at position 15903281 id: Gm07_15903281
WARNING: Reached a gap of 251972bp > 200000bp. Skipping calculation at position 15921540 id: Gm07_15921540
WARNING: Reached a gap of 251972bp > 200000bp. Skipping calculation at position 15921956 id: Gm07_15921956
WARNING: Reached a gap of 251972bp > 200000bp. Skipping calculation at position 15923413 id: Gm07_15923413
WARNING: Reached a gap of 251972bp > 200000bp. Skipping calculation at position 15972840 id: Gm07_15972840
WARNING: Reached a gap of 251972bp > 200000bp. Skipping calculation at position 15988020 id: Gm07_15988020
WARNING: Reached a gap of 251972bp > 200000bp. Skipping calculation at position 15990616 id: Gm07_15990616
WARNING: Reached a gap of 251972bp > 200000bp. Skipping calculation at position 15972845 id: Gm07_15972845
WARNING: Reached a gap of 251972bp > 200000bp. Skipping calculation at position 15990730 id: Gm07_15990730
WARNING: Reached a gap of 251972bp > 200000bp. Skipping calculation at position 15991929 id: Gm07_15991929
WARNING: Reached a gap of 251972bp > 200000bp. Skipping calculation at position 15991954 id: Gm07_15991954
WARNING: Reached a gap of 251972bp > 200000bp. Skipping calculation at position 16058041 id: Gm07_16058041
WARNING: Reached a gap of 251972bp > 200000bp. Skipping calculation at position 16009876 id: Gm07_16009876
WARNING: Reached a gap of 251972bp > 200000bp. Skipping calculation at position 16058100 id: Gm07_16058100
WARNING: Reached a gap of 251972bp > 200000bp. Skipping calculation at position 16075277 id: Gm07_16075277
WARNING: Reached a gap of 251972bp > 200000bp. Skipping calculation at position 16075298 id: Gm07_16075298
WARNING: Reached a gap of 251972bp > 200000bp. Skipping calculation at position 16078846 id: Gm07_16078846
WARNING: Reached a gap of 251972bp > 200000bp. Skipping calculation at position 16078614 id: Gm07_16078614
WARNING: Reached a gap of 251972bp > 200000bp. Skipping calculation at position 16135306 id: Gm07_16135306
WARNING: Reached a gap of 251972bp > 200000bp. Skipping calculation at position 16119697 id: Gm07_16119697
WARNING: Reached a gap of 251972bp > 200000bp. Skipping calculation at position 16144918 id: Gm07_16144918
WARNING: Reached a gap of 251972bp > 200000bp. Skipping calculation at position 16147263 id: Gm07_16147263
WARNING: Reached a gap of 251972bp > 200000bp. Skipping calculation at position 16147282 id: Gm07_16147282
WARNING: Reached a gap of 251972bp > 200000bp. Skipping calculation at position 16445144 id: Gm07_16445144
WARNING: Reached a gap of 251972bp > 200000bp. Skipping calculation at position 16453527 id: Gm07_16453527
WARNING: Reached a gap of 251972bp > 200000bp. Skipping calculation at position 16472088 id: Gm07_16472088
WARNING: Reached a gap of 251972bp > 200000bp. Skipping calculation at position 16504261 id: Gm07_16504261
WARNING: Reached a gap of 251972bp > 200000bp. Skipping calculation at position 16504497 id: Gm07_16504497
WARNING: Reached a gap of 251972bp > 200000bp. Skipping calculation at position 16158594 id: Gm07_16158594
WARNING: Reached a gap of 251972bp > 200000bp. Skipping calculation at position 16551139 id: Gm07_16551139
WARNING: Reached a gap of 251972bp > 200000bp. Skipping calculation at position 16180756 id: Gm07_16180756
WARNING: Reached a gap of 251972bp > 200000bp. Skipping calculation at position 16574151 id: Gm07_16574151
WARNING: Reached a gap of 251972bp > 200000bp. Skipping calculation at position 16574120 id: Gm07_16574120
WARNING: Reached a gap of 251972bp > 200000bp. Skipping calculation at position 16574165 id: Gm07_16574165
WARNING: Reached a gap of 251972bp > 200000bp. Skipping calculation at position 16574449 id: Gm07_16574449
WARNING: Reached a gap of 207536bp > 200000bp. Skipping calculation at position 16803625 id: Gm07_16803625
WARNING: Reached a gap of 251972bp > 200000bp. Skipping calculation at position 16593847 id: Gm07_16593847
WARNING: Reached a gap of 251972bp > 200000bp. Skipping calculation at position 16596089 id: Gm07_16596089
WARNING: Reached a gap of 207536bp > 200000bp. Skipping calculation at position 16872759 id: Gm07_16872759
WARNING: Reached a gap of 251972bp > 200000bp. Skipping calculation at position 16193172 id: Gm07_16193172
WARNING: Reached a gap of 207536bp > 200000bp. Skipping calculation at position 16894355 id: Gm07_16894355
WARNING: Reached a gap of 207536bp > 200000bp. Skipping calculation at position 16890124 id: Gm07_16890124
WARNING: Reached a gap of 207536bp > 200000bp. Skipping calculation at position 16941900 id: Gm07_16941900
WARNING: Reached a gap of 207536bp > 200000bp. Skipping calculation at position 16941933 id: Gm07_16941933
WARNING: Reached a gap of 207536bp > 200000bp. Skipping calculation at position 16975112 id: Gm07_16975112
WARNING: Reached a gap of 207536bp > 200000bp. Skipping calculation at position 16975106 id: Gm07_16975106
WARNING: Reached a gap of 207536bp > 200000bp. Skipping calculation at position 17011792 id: Gm07_17011792
WARNING: Reached a gap of 207536bp > 200000bp. Skipping calculation at position 17001748 id: Gm07_17001748
WARNING: Reached a gap of 207536bp > 200000bp. Skipping calculation at position 17011814 id: Gm07_17011814
WARNING: Reached a gap of 207536bp > 200000bp. Skipping calculation at position 17012255 id: Gm07_17012255
WARNING: Reached a gap of 207536bp > 200000bp. Skipping calculation at position 17011949 id: Gm07_17011949
WARNING: Reached a gap of 207536bp > 200000bp. Skipping calculation at position 17012284 id: Gm07_17012284
WARNING: Reached a gap of 207536bp > 200000bp. Skipping calculation at position 17140645 id: Gm07_17140645
WARNING: Reached a gap of 207536bp > 200000bp. Skipping calculation at position 17157866 id: Gm07_17157866
WARNING: Reached a gap of 207536bp > 200000bp. Skipping calculation at position 17178998 id: Gm07_17178998
WARNING: Reached a gap of 207536bp > 200000bp. Skipping calculation at position 17179195 id: Gm07_17179195
WARNING: Reached a gap of 207536bp > 200000bp. Skipping calculation at position 17258017 id: Gm07_17258017
WARNING: Reached a gap of 207536bp > 200000bp. Skipping calculation at position 17204538 id: Gm07_17204538
WARNING: Reached a gap of 207536bp > 200000bp. Skipping calculation at position 17295052 id: Gm07_17295052
WARNING: Reached a gap of 207536bp > 200000bp. Skipping calculation at position 17289113 id: Gm07_17289113
WARNING: Reached a gap of 207536bp > 200000bp. Skipping calculation at position 17295059 id: Gm07_17295059
WARNING: Reached a gap of 207536bp > 200000bp. Skipping calculation at position 17299333 id: Gm07_17299333
WARNING: Reached a gap of 207536bp > 200000bp. Skipping calculation at position 17299455 id: Gm07_17299455
WARNING: Reached a gap of 207536bp > 200000bp. Skipping calculation at position 17345050 id: Gm07_17345050
WARNING: Reached a gap of 207536bp > 200000bp. Skipping calculation at position 17299467 id: Gm07_17299467
WARNING: Reached a gap of 207536bp > 200000bp. Skipping calculation at position 17399503 id: Gm07_17399503
WARNING: Reached a gap of 207536bp > 200000bp. Skipping calculation at position 17418706 id: Gm07_17418706
WARNING: Reached a gap of 207536bp > 200000bp. Skipping calculation at position 17418730 id: Gm07_17418730
WARNING: Reached a gap of 207536bp > 200000bp. Skipping calculation at position 17418855 id: Gm07_17418855
WARNING: Reached a gap of 207536bp > 200000bp. Skipping calculation at position 17439399 id: Gm07_17439399
WARNING: Reached a gap of 207536bp > 200000bp. Skipping calculation at position 17449733 id: Gm07_17449733
WARNING: Reached a gap of 207536bp > 200000bp. Skipping calculation at position 17480090 id: Gm07_17480090
WARNING: Reached a gap of 207536bp > 200000bp. Skipping calculation at position 17449675 id: Gm07_17449675
WARNING: Reached a gap of 207536bp > 200000bp. Skipping calculation at position 17556829 id: Gm07_17556829
WARNING: Reached a gap of 207536bp > 200000bp. Skipping calculation at position 17556841 id: Gm07_17556841
WARNING: Reached a gap of 207536bp > 200000bp. Skipping calculation at position 17557016 id: Gm07_17557016
WARNING: Reached a gap of 207536bp > 200000bp. Skipping calculation at position 17617240 id: Gm07_17617240
WARNING: Reached a gap of 207536bp > 200000bp. Skipping calculation at position 17641465 id: Gm07_17641465
WARNING: Reached a gap of 207536bp > 200000bp. Skipping calculation at position 17617280 id: Gm07_17617280
WARNING: Reached a gap of 207536bp > 200000bp. Skipping calculation at position 17641772 id: Gm07_17641772
WARNING: Reached a gap of 207536bp > 200000bp. Skipping calculation at position 17641796 id: Gm07_17641796
WARNING: Reached a gap of 207536bp > 200000bp. Skipping calculation at position 17644746 id: Gm07_17644746
WARNING: Reached a gap of 207536bp > 200000bp. Skipping calculation at position 17668106 id: Gm07_17668106
WARNING: Reached a gap of 207536bp > 200000bp. Skipping calculation at position 17669400 id: Gm07_17669400
WARNING: Reached a gap of 207536bp > 200000bp. Skipping calculation at position 17669425 id: Gm07_17669425
WARNING: Reached a gap of 207536bp > 200000bp. Skipping calculation at position 17692903 id: Gm07_17692903
WARNING: Reached a gap of 207536bp > 200000bp. Skipping calculation at position 17692914 id: Gm07_17692914
WARNING: Reached a gap of 207536bp > 200000bp. Skipping calculation at position 17692936 id: Gm07_17692936
WARNING: Reached a gap of 207536bp > 200000bp. Skipping calculation at position 17692947 id: Gm07_17692947
WARNING: Reached a gap of 207536bp > 200000bp. Skipping calculation at position 17693264 id: Gm07_17693264
WARNING: Reached a gap of 544446bp > 200000bp. Skipping calculation at position 18368188 id: Gm07_18368188
WARNING: Reached a gap of 343448bp > 200000bp. Skipping calculation at position 18711636 id: Gm07_18711636
WARNING: Reached a gap of 343448bp > 200000bp. Skipping calculation at position 18713213 id: Gm07_18713213
WARNING: Reached a gap of 343448bp > 200000bp. Skipping calculation at position 18713247 id: Gm07_18713247
WARNING: Reached a gap of 207536bp > 200000bp. Skipping calculation at position 17693497 id: Gm07_17693497
WARNING: Reached a gap of 343448bp > 200000bp. Skipping calculation at position 18713441 id: Gm07_18713441
WARNING: Reached a gap of 207536bp > 200000bp. Skipping calculation at position 17693371 id: Gm07_17693371
WARNING: Reached a gap of 343448bp > 200000bp. Skipping calculation at position 18738126 id: Gm07_18738126
WARNING: Reached a gap of 343448bp > 200000bp. Skipping calculation at position 18713446 id: Gm07_18713446
WARNING: Reached a gap of 343448bp > 200000bp. Skipping calculation at position 18738643 id: Gm07_18738643
WARNING: Reached a gap of 343448bp > 200000bp. Skipping calculation at position 18744934 id: Gm07_18744934
WARNING: Reached a gap of 343448bp > 200000bp. Skipping calculation at position 18751043 id: Gm07_18751043
WARNING: Reached a gap of 343448bp > 200000bp. Skipping calculation at position 18796688 id: Gm07_18796688
WARNING: Reached a gap of 544446bp > 200000bp. Skipping calculation at position 17823742 id: Gm07_17823742
WARNING: Reached a gap of 343448bp > 200000bp. Skipping calculation at position 18773989 id: Gm07_18773989
WARNING: Reached a gap of 343448bp > 200000bp. Skipping calculation at position 18820647 id: Gm07_18820647
WARNING: Reached a gap of 343448bp > 200000bp. Skipping calculation at position 18857556 id: Gm07_18857556
WARNING: Reached a gap of 343448bp > 200000bp. Skipping calculation at position 18820933 id: Gm07_18820933
WARNING: Reached a gap of 343448bp > 200000bp. Skipping calculation at position 18857608 id: Gm07_18857608
WARNING: Reached a gap of 343448bp > 200000bp. Skipping calculation at position 18820960 id: Gm07_18820960
WARNING: Reached a gap of 343448bp > 200000bp. Skipping calculation at position 18857621 id: Gm07_18857621
WARNING: Reached a gap of 343448bp > 200000bp. Skipping calculation at position 18857647 id: Gm07_18857647
WARNING: Reached a gap of 343448bp > 200000bp. Skipping calculation at position 18858158 id: Gm07_18858158
WARNING: Reached a gap of 343448bp > 200000bp. Skipping calculation at position 18877129 id: Gm07_18877129
WARNING: Reached a gap of 343448bp > 200000bp. Skipping calculation at position 18871684 id: Gm07_18871684
WARNING: Reached a gap of 343448bp > 200000bp. Skipping calculation at position 18877464 id: Gm07_18877464
WARNING: Reached a gap of 343448bp > 200000bp. Skipping calculation at position 18919204 id: Gm07_18919204
WARNING: Reached a gap of 343448bp > 200000bp. Skipping calculation at position 18919209 id: Gm07_18919209
WARNING: Reached a gap of 343448bp > 200000bp. Skipping calculation at position 18921497 id: Gm07_18921497
WARNING: Reached a gap of 343448bp > 200000bp. Skipping calculation at position 18922085 id: Gm07_18922085
WARNING: Reached a gap of 343448bp > 200000bp. Skipping calculation at position 18934275 id: Gm07_18934275
WARNING: Reached a gap of 343448bp > 200000bp. Skipping calculation at position 18934248 id: Gm07_18934248
WARNING: Reached a gap of 343448bp > 200000bp. Skipping calculation at position 18965683 id: Gm07_18965683
WARNING: Reached a gap of 343448bp > 200000bp. Skipping calculation at position 18966155 id: Gm07_18966155
WARNING: Reached a gap of 343448bp > 200000bp. Skipping calculation at position 18966472 id: Gm07_18966472
WARNING: Reached a gap of 343448bp > 200000bp. Skipping calculation at position 19164198 id: Gm07_19164198
WARNING: Reached a gap of 343448bp > 200000bp. Skipping calculation at position 19212455 id: Gm07_19212455
WARNING: Reached a gap of 343448bp > 200000bp. Skipping calculation at position 19240795 id: Gm07_19240795
WARNING: Reached a gap of 343448bp > 200000bp. Skipping calculation at position 19246220 id: Gm07_19246220
WARNING: Reached a gap of 343448bp > 200000bp. Skipping calculation at position 19266254 id: Gm07_19266254
WARNING: Reached a gap of 343448bp > 200000bp. Skipping calculation at position 19266513 id: Gm07_19266513
WARNING: Reached a gap of 343448bp > 200000bp. Skipping calculation at position 19270931 id: Gm07_19270931
WARNING: Reached a gap of 343448bp > 200000bp. Skipping calculation at position 19266491 id: Gm07_19266491
WARNING: Reached a gap of 343448bp > 200000bp. Skipping calculation at position 19315852 id: Gm07_19315852
WARNING: Reached a gap of 343448bp > 200000bp. Skipping calculation at position 19320163 id: Gm07_19320163
WARNING: Reached a gap of 343448bp > 200000bp. Skipping calculation at position 19335818 id: Gm07_19335818
WARNING: Reached a gap of 343448bp > 200000bp. Skipping calculation at position 19337485 id: Gm07_19337485
WARNING: Reached a gap of 343448bp > 200000bp. Skipping calculation at position 19338053 id: Gm07_19338053
WARNING: Reached a gap of 343448bp > 200000bp. Skipping calculation at position 19338108 id: Gm07_19338108
WARNING: Reached a gap of 343448bp > 200000bp. Skipping calculation at position 19388786 id: Gm07_19388786
WARNING: Reached a gap of 343448bp > 200000bp. Skipping calculation at position 19390086 id: Gm07_19390086
WARNING: Reached a gap of 343448bp > 200000bp. Skipping calculation at position 19407280 id: Gm07_19407280
WARNING: Reached a gap of 343448bp > 200000bp. Skipping calculation at position 19407610 id: Gm07_19407610
WARNING: Reached a gap of 343448bp > 200000bp. Skipping calculation at position 19402552 id: Gm07_19402552
WARNING: Reached a gap of 343448bp > 200000bp. Skipping calculation at position 19421509 id: Gm07_19421509
WARNING: Reached a gap of 343448bp > 200000bp. Skipping calculation at position 19409180 id: Gm07_19409180
WARNING: Reached a gap of 343448bp > 200000bp. Skipping calculation at position 19484567 id: Gm07_19484567
WARNING: Reached a gap of 343448bp > 200000bp. Skipping calculation at position 19505674 id: Gm07_19505674
WARNING: Reached a gap of 343448bp > 200000bp. Skipping calculation at position 19522370 id: Gm07_19522370
WARNING: Reached a gap of 343448bp > 200000bp. Skipping calculation at position 19505477 id: Gm07_19505477
WARNING: Reached a gap of 343448bp > 200000bp. Skipping calculation at position 19530295 id: Gm07_19530295
WARNING: Reached a gap of 343448bp > 200000bp. Skipping calculation at position 19669052 id: Gm07_19669052
WARNING: Reached a gap of 343448bp > 200000bp. Skipping calculation at position 19703476 id: Gm07_19703476
WARNING: Reached a gap of 232955bp > 200000bp. Skipping calculation at position 34023918 id: Gm07_34023918
WARNING: Reached a gap of 232955bp > 200000bp. Skipping calculation at position 34048561 id: Gm07_34048561
WARNING: Reached a gap of 232955bp > 200000bp. Skipping calculation at position 34054987 id: Gm07_34054987
WARNING: Reached a gap of 232955bp > 200000bp. Skipping calculation at position 34200331 id: Gm07_34200331
WARNING: Reached a gap of 232955bp > 200000bp. Skipping calculation at position 34281357 id: Gm07_34281357
WARNING: Reached a gap of 232955bp > 200000bp. Skipping calculation at position 34322100 id: Gm07_34322100
WARNING: Reached a gap of 232955bp > 200000bp. Skipping calculation at position 34218393 id: Gm07_34218393
WARNING: Reached a gap of 232955bp > 200000bp. Skipping calculation at position 34314483 id: Gm07_34314483
WARNING: Reached a gap of 232955bp > 200000bp. Skipping calculation at position 34322115 id: Gm07_34322115
WARNING: Reached a gap of 232955bp > 200000bp. Skipping calculation at position 34405015 id: Gm07_34405015
WARNING: Reached a gap of 232955bp > 200000bp. Skipping calculation at position 34405043 id: Gm07_34405043
WARNING: Reached a gap of 232955bp > 200000bp. Skipping calculation at position 34413604 id: Gm07_34413604
WARNING: Reached a gap of 232955bp > 200000bp. Skipping calculation at position 34413927 id: Gm07_34413927
WARNING: Reached a gap of 232955bp > 200000bp. Skipping calculation at position 34407776 id: Gm07_34407776
WARNING: Reached a gap of 232955bp > 200000bp. Skipping calculation at position 34466862 id: Gm07_34466862
WARNING: Reached a gap of 232955bp > 200000bp. Skipping calculation at position 34482549 id: Gm07_34482549
WARNING: Reached a gap of 232955bp > 200000bp. Skipping calculation at position 34473775 id: Gm07_34473775
WARNING: Reached a gap of 232955bp > 200000bp. Skipping calculation at position 34495789 id: Gm07_34495789
WARNING: Reached a gap of 232955bp > 200000bp. Skipping calculation at position 34497911 id: Gm07_34497911
WARNING: Reached a gap of 232955bp > 200000bp. Skipping calculation at position 34497507 id: Gm07_34497507
WARNING: Reached a gap of 232955bp > 200000bp. Skipping calculation at position 34525312 id: Gm07_34525312
WARNING: Reached a gap of 232955bp > 200000bp. Skipping calculation at position 34589122 id: Gm07_34589122
WARNING: Reached a gap of 232955bp > 200000bp. Skipping calculation at position 34589470 id: Gm07_34589470
WARNING: Reached a gap of 232955bp > 200000bp. Skipping calculation at position 34589511 id: Gm07_34589511
WARNING: Reached a gap of 232955bp > 200000bp. Skipping calculation at position 34589743 id: Gm07_34589743
WARNING: Reached a gap of 232955bp > 200000bp. Skipping calculation at position 34594578 id: Gm07_34594578
WARNING: Reached a gap of 232955bp > 200000bp. Skipping calculation at position 34601666 id: Gm07_34601666
WARNING: Reached a gap of 232955bp > 200000bp. Skipping calculation at position 34606750 id: Gm07_34606750
WARNING: Reached a gap of 232955bp > 200000bp. Skipping calculation at position 34601838 id: Gm07_34601838
WARNING: Reached a gap of 232955bp > 200000bp. Skipping calculation at position 34606759 id: Gm07_34606759
WARNING: Reached a gap of 232955bp > 200000bp. Skipping calculation at position 34607455 id: Gm07_34607455
WARNING: Reached a gap of 232955bp > 200000bp. Skipping calculation at position 34607490 id: Gm07_34607490
WARNING: Reached a gap of 232955bp > 200000bp. Skipping calculation at position 34607467 id: Gm07_34607467
WARNING: Reached a gap of 232955bp > 200000bp. Skipping calculation at position 34609115 id: Gm07_34609115
WARNING: Reached a gap of 232955bp > 200000bp. Skipping calculation at position 34607507 id: Gm07_34607507
WARNING: Reached a gap of 232955bp > 200000bp. Skipping calculation at position 34630998 id: Gm07_34630998
WARNING: Reached a gap of 232955bp > 200000bp. Skipping calculation at position 34645748 id: Gm07_34645748
WARNING: Reached a gap of 232955bp > 200000bp. Skipping calculation at position 34645764 id: Gm07_34645764
WARNING: Reached a gap of 232955bp > 200000bp. Skipping calculation at position 34648795 id: Gm07_34648795
WARNING: Reached a gap of 232955bp > 200000bp. Skipping calculation at position 34645917 id: Gm07_34645917
WARNING: Reached a gap of 232955bp > 200000bp. Skipping calculation at position 34653354 id: Gm07_34653354
WARNING: Reached a gap of 232955bp > 200000bp. Skipping calculation at position 34648812 id: Gm07_34648812
WARNING: Reached a gap of 232955bp > 200000bp. Skipping calculation at position 34662560 id: Gm07_34662560
WARNING: Reached a gap of 232955bp > 200000bp. Skipping calculation at position 34710932 id: Gm07_34710932
WARNING: Reached a gap of 232955bp > 200000bp. Skipping calculation at position 34711191 id: Gm07_34711191
WARNING: Reached a gap of 232955bp > 200000bp. Skipping calculation at position 34725866 id: Gm07_34725866
WARNING: Reached a gap of 232955bp > 200000bp. Skipping calculation at position 34725881 id: Gm07_34725881
WARNING: Reached a gap of 232955bp > 200000bp. Skipping calculation at position 34788677 id: Gm07_34788677
WARNING: Reached a gap of 232955bp > 200000bp. Skipping calculation at position 34882383 id: Gm07_34882383
WARNING: Reached a gap of 232955bp > 200000bp. Skipping calculation at position 34808180 id: Gm07_34808180
WARNING: Reached a gap of 232955bp > 200000bp. Skipping calculation at position 34882979 id: Gm07_34882979
WARNING: Reached a gap of 232955bp > 200000bp. Skipping calculation at position 34883030 id: Gm07_34883030
WARNING: Reached a gap of 232955bp > 200000bp. Skipping calculation at position 34897027 id: Gm07_34897027
WARNING: Reached a gap of 232955bp > 200000bp. Skipping calculation at position 34923526 id: Gm07_34923526
WARNING: Reached a gap of 232955bp > 200000bp. Skipping calculation at position 34965336 id: Gm07_34965336
WARNING: Reached a gap of 232955bp > 200000bp. Skipping calculation at position 35242659 id: Gm07_35242659
WARNING: Reached a gap of 232955bp > 200000bp. Skipping calculation at position 34941612 id: Gm07_34941612
WARNING: Reached a gap of 232955bp > 200000bp. Skipping calculation at position 35009704 id: Gm07_35009704
WARNING: Reached a gap of 232955bp > 200000bp. Skipping calculation at position 35257031 id: Gm07_35257031
WARNING: Reached a gap of 232955bp > 200000bp. Skipping calculation at position 35257054 id: Gm07_35257054
WARNING: Reached a gap of 232955bp > 200000bp. Skipping calculation at position 35260428 id: Gm07_35260428
WARNING: Reached a gap of 232955bp > 200000bp. Skipping calculation at position 35260448 id: Gm07_35260448
WARNING: Reached a gap of 232955bp > 200000bp. Skipping calculation at position 35242731 id: Gm07_35242731
WARNING: Reached a gap of 232955bp > 200000bp. Skipping calculation at position 35260618 id: Gm07_35260618
WARNING: Reached a gap of 232955bp > 200000bp. Skipping calculation at position 35273385 id: Gm07_35273385
WARNING: Reached a gap of 232955bp > 200000bp. Skipping calculation at position 35327231 id: Gm07_35327231
WARNING: Reached a gap of 232955bp > 200000bp. Skipping calculation at position 35328265 id: Gm07_35328265
WARNING: Reached a gap of 232955bp > 200000bp. Skipping calculation at position 35328360 id: Gm07_35328360
WARNING: Reached a gap of 232955bp > 200000bp. Skipping calculation at position 35328369 id: Gm07_35328369
WARNING: Reached a gap of 232955bp > 200000bp. Skipping calculation at position 35331857 id: Gm07_35331857
WARNING: Reached a gap of 232955bp > 200000bp. Skipping calculation at position 35423533 id: Gm07_35423533
WARNING: Reached a gap of 232955bp > 200000bp. Skipping calculation at position 35331823 id: Gm07_35331823
WARNING: Reached a gap of 232955bp > 200000bp. Skipping calculation at position 35331814 id: Gm07_35331814
WARNING: Reached a gap of 232955bp > 200000bp. Skipping calculation at position 35519461 id: Gm07_35519461
WARNING: Reached a gap of 232955bp > 200000bp. Skipping calculation at position 35626855 id: Gm07_35626855
WARNING: Reached a gap of 232955bp > 200000bp. Skipping calculation at position 35613658 id: Gm07_35613658
WARNING: Reached a gap of 232955bp > 200000bp. Skipping calculation at position 35652945 id: Gm07_35652945
WARNING: Reached a gap of 232955bp > 200000bp. Skipping calculation at position 35653009 id: Gm07_35653009
WARNING: Reached a gap of 232955bp > 200000bp. Skipping calculation at position 35653634 id: Gm07_35653634
WARNING: Reached a gap of 232955bp > 200000bp. Skipping calculation at position 35659753 id: Gm07_35659753
WARNING: Reached a gap of 232955bp > 200000bp. Skipping calculation at position 35659817 id: Gm07_35659817
WARNING: Reached a gap of 232955bp > 200000bp. Skipping calculation at position 35844111 id: Gm07_35844111
WARNING: Reached a gap of 232955bp > 200000bp. Skipping calculation at position 35668811 id: Gm07_35668811
WARNING: Reached a gap of 232955bp > 200000bp. Skipping calculation at position 35844287 id: Gm07_35844287
WARNING: Reached a gap of 232955bp > 200000bp. Skipping calculation at position 35847849 id: Gm07_35847849
WARNING: Reached a gap of 232955bp > 200000bp. Skipping calculation at position 35847894 id: Gm07_35847894
WARNING: Reached a gap of 232955bp > 200000bp. Skipping calculation at position 35863055 id: Gm07_35863055
WARNING: Reached a gap of 232955bp > 200000bp. Skipping calculation at position 35862769 id: Gm07_35862769
WARNING: Reached a gap of 232955bp > 200000bp. Skipping calculation at position 35862744 id: Gm07_35862744
WARNING: Reached a gap of 232955bp > 200000bp. Skipping calculation at position 35898454 id: Gm07_35898454
WARNING: Reached a gap of 232955bp > 200000bp. Skipping calculation at position 35899324 id: Gm07_35899324
WARNING: Reached a gap of 232955bp > 200000bp. Skipping calculation at position 35899551 id: Gm07_35899551
WARNING: Reached a gap of 232955bp > 200000bp. Skipping calculation at position 35901005 id: Gm07_35901005
WARNING: Reached a gap of 232955bp > 200000bp. Skipping calculation at position 35906317 id: Gm07_35906317
WARNING: Reached a gap of 232955bp > 200000bp. Skipping calculation at position 35906342 id: Gm07_35906342
WARNING: Reached a gap of 232955bp > 200000bp. Skipping calculation at position 35929231 id: Gm07_35929231
WARNING: Reached a gap of 254766bp > 200000bp. Skipping calculation at position 36222183 id: Gm07_36222183
WARNING: Reached a gap of 254766bp > 200000bp. Skipping calculation at position 36350977 id: Gm07_36350977
WARNING: Reached a gap of 232955bp > 200000bp. Skipping calculation at position 35948458 id: Gm07_35948458
WARNING: Reached a gap of 254766bp > 200000bp. Skipping calculation at position 36297011 id: Gm07_36297011
WARNING: Reached a gap of 254766bp > 200000bp. Skipping calculation at position 36351197 id: Gm07_36351197
WARNING: Reached a gap of 254766bp > 200000bp. Skipping calculation at position 36351219 id: Gm07_36351219
WARNING: Reached a gap of 254766bp > 200000bp. Skipping calculation at position 36351720 id: Gm07_36351720
WARNING: Reached a gap of 232955bp > 200000bp. Skipping calculation at position 35967417 id: Gm07_35967417
WARNING: Reached a gap of 254766bp > 200000bp. Skipping calculation at position 36491831 id: Gm07_36491831
WARNING: Reached a gap of 254766bp > 200000bp. Skipping calculation at position 36553548 id: Gm07_36553548
WARNING: Reached a gap of 254766bp > 200000bp. Skipping calculation at position 36570844 id: Gm07_36570844
WARNING: Reached a gap of 254766bp > 200000bp. Skipping calculation at position 36536117 id: Gm07_36536117
WARNING: Reached a gap of 254766bp > 200000bp. Skipping calculation at position 36634147 id: Gm07_36634147
WARNING: Reached a gap of 254766bp > 200000bp. Skipping calculation at position 36665607 id: Gm07_36665607
WARNING: Reached a gap of 254766bp > 200000bp. Skipping calculation at position 36593428 id: Gm07_36593428
WARNING: Reached a gap of 254766bp > 200000bp. Skipping calculation at position 36665808 id: Gm07_36665808
WARNING: Reached a gap of 254766bp > 200000bp. Skipping calculation at position 36631040 id: Gm07_36631040
WARNING: Reached a gap of 254766bp > 200000bp. Skipping calculation at position 36698851 id: Gm07_36698851
WARNING: Reached a gap of 254766bp > 200000bp. Skipping calculation at position 36679844 id: Gm07_36679844
WARNING: Reached a gap of 254766bp > 200000bp. Skipping calculation at position 36720171 id: Gm07_36720171
WARNING: Reached a gap of 254766bp > 200000bp. Skipping calculation at position 36720129 id: Gm07_36720129
WARNING: Reached a gap of 254766bp > 200000bp. Skipping calculation at position 36740838 id: Gm07_36740838
WARNING: Reached a gap of 254766bp > 200000bp. Skipping calculation at position 36739735 id: Gm07_36739735
WARNING: Reached a gap of 254766bp > 200000bp. Skipping calculation at position 36794983 id: Gm07_36794983
WARNING: Reached a gap of 254766bp > 200000bp. Skipping calculation at position 36804027 id: Gm07_36804027
WARNING: Reached a gap of 254766bp > 200000bp. Skipping calculation at position 36806942 id: Gm07_36806942
WARNING: Reached a gap of 254766bp > 200000bp. Skipping calculation at position 36810734 id: Gm07_36810734
WARNING: Reached a gap of 254766bp > 200000bp. Skipping calculation at position 36810752 id: Gm07_36810752
WARNING: Reached a gap of 254766bp > 200000bp. Skipping calculation at position 36811275 id: Gm07_36811275
WARNING: Reached a gap of 254766bp > 200000bp. Skipping calculation at position 36829677 id: Gm07_36829677
WARNING: Reached a gap of 254766bp > 200000bp. Skipping calculation at position 36845443 id: Gm07_36845443
WARNING: Reached a gap of 254766bp > 200000bp. Skipping calculation at position 36901664 id: Gm07_36901664
WARNING: Reached a gap of 254766bp > 200000bp. Skipping calculation at position 36846591 id: Gm07_36846591
WARNING: Reached a gap of 254766bp > 200000bp. Skipping calculation at position 36902278 id: Gm07_36902278
WARNING: Reached a gap of 254766bp > 200000bp. Skipping calculation at position 36909068 id: Gm07_36909068
WARNING: Reached a gap of 254766bp > 200000bp. Skipping calculation at position 36933382 id: Gm07_36933382
WARNING: Reached a gap of 254766bp > 200000bp. Skipping calculation at position 36940954 id: Gm07_36940954
WARNING: Reached a gap of 254766bp > 200000bp. Skipping calculation at position 36970568 id: Gm07_36970568
WARNING: Reached a gap of 254766bp > 200000bp. Skipping calculation at position 36940940 id: Gm07_36940940
WARNING: Reached a gap of 254766bp > 200000bp. Skipping calculation at position 36975321 id: Gm07_36975321
WARNING: Reached a gap of 254766bp > 200000bp. Skipping calculation at position 37000933 id: Gm07_37000933
WARNING: Reached a gap of 254766bp > 200000bp. Skipping calculation at position 36975585 id: Gm07_36975585
WARNING: Reached a gap of 254766bp > 200000bp. Skipping calculation at position 37000963 id: Gm07_37000963
WARNING: Reached a gap of 254766bp > 200000bp. Skipping calculation at position 37001626 id: Gm07_37001626
WARNING: Reached a gap of 254766bp > 200000bp. Skipping calculation at position 37023382 id: Gm07_37023382
WARNING: Reached a gap of 254766bp > 200000bp. Skipping calculation at position 37038103 id: Gm07_37038103
WARNING: Reached a gap of 254766bp > 200000bp. Skipping calculation at position 37050053 id: Gm07_37050053
WARNING: Reached a gap of 254766bp > 200000bp. Skipping calculation at position 37050066 id: Gm07_37050066
WARNING: Reached a gap of 254766bp > 200000bp. Skipping calculation at position 37050091 id: Gm07_37050091
WARNING: Reached a gap of 254766bp > 200000bp. Skipping calculation at position 37065664 id: Gm07_37065664
WARNING: Reached a gap of 254766bp > 200000bp. Skipping calculation at position 37066004 id: Gm07_37066004
WARNING: Reached a gap of 254766bp > 200000bp. Skipping calculation at position 37082500 id: Gm07_37082500
WARNING: Reached a gap of 254766bp > 200000bp. Skipping calculation at position 37109012 id: Gm07_37109012
WARNING: Reached a gap of 254766bp > 200000bp. Skipping calculation at position 37105985 id: Gm07_37105985
WARNING: Reached a gap of 254766bp > 200000bp. Skipping calculation at position 37105728 id: Gm07_37105728
WARNING: Reached a gap of 254766bp > 200000bp. Skipping calculation at position 37115734 id: Gm07_37115734
WARNING: Reached a gap of 254766bp > 200000bp. Skipping calculation at position 37156574 id: Gm07_37156574
WARNING: Reached a gap of 254766bp > 200000bp. Skipping calculation at position 37185045 id: Gm07_37185045
WARNING: Reached a gap of 427921bp > 200000bp. Skipping calculation at position 38448764 id: Gm07_38448764
WARNING: Reached a gap of 427921bp > 200000bp. Skipping calculation at position 38455912 id: Gm07_38455912
WARNING: Reached a gap of 427921bp > 200000bp. Skipping calculation at position 38456204 id: Gm07_38456204
WARNING: Reached a gap of 427921bp > 200000bp. Skipping calculation at position 38459877 id: Gm07_38459877
WARNING: Reached a gap of 427921bp > 200000bp. Skipping calculation at position 38460084 id: Gm07_38460084
WARNING: Reached a gap of 427921bp > 200000bp. Skipping calculation at position 38472329 id: Gm07_38472329
WARNING: Reached a gap of 427921bp > 200000bp. Skipping calculation at position 38460158 id: Gm07_38460158
WARNING: Reached a gap of 427921bp > 200000bp. Skipping calculation at position 38472353 id: Gm07_38472353
WARNING: Reached a gap of 427921bp > 200000bp. Skipping calculation at position 38535595 id: Gm07_38535595
WARNING: Reached a gap of 427921bp > 200000bp. Skipping calculation at position 38551927 id: Gm07_38551927
WARNING: Reached a gap of 427921bp > 200000bp. Skipping calculation at position 38568882 id: Gm07_38568882
WARNING: Reached a gap of 427921bp > 200000bp. Skipping calculation at position 38568919 id: Gm07_38568919
WARNING: Reached a gap of 427921bp > 200000bp. Skipping calculation at position 38551995 id: Gm07_38551995
WARNING: Reached a gap of 427921bp > 200000bp. Skipping calculation at position 38572120 id: Gm07_38572120
WARNING: Reached a gap of 427921bp > 200000bp. Skipping calculation at position 38572331 id: Gm07_38572331
WARNING: Reached a gap of 427921bp > 200000bp. Skipping calculation at position 38579206 id: Gm07_38579206
WARNING: Reached a gap of 427921bp > 200000bp. Skipping calculation at position 38594738 id: Gm07_38594738
WARNING: Reached a gap of 427921bp > 200000bp. Skipping calculation at position 38631457 id: Gm07_38631457
WARNING: Reached a gap of 427921bp > 200000bp. Skipping calculation at position 38713286 id: Gm07_38713286
WARNING: Reached a gap of 427921bp > 200000bp. Skipping calculation at position 38694063 id: Gm07_38694063
WARNING: Reached a gap of 427921bp > 200000bp. Skipping calculation at position 38720343 id: Gm07_38720343
WARNING: Reached a gap of 427921bp > 200000bp. Skipping calculation at position 38720540 id: Gm07_38720540
WARNING: Reached a gap of 427921bp > 200000bp. Skipping calculation at position 38876461 id: Gm07_38876461
WARNING: Reached a gap of 427921bp > 200000bp. Skipping calculation at position 38720317 id: Gm07_38720317
WARNING: Reached a gap of 427921bp > 200000bp. Skipping calculation at position 38878059 id: Gm07_38878059
WARNING: Reached a gap of 427921bp > 200000bp. Skipping calculation at position 38880953 id: Gm07_38880953
WARNING: Reached a gap of 427921bp > 200000bp. Skipping calculation at position 39142800 id: Gm07_39142800
WARNING: Reached a gap of 427921bp > 200000bp. Skipping calculation at position 38880988 id: Gm07_38880988
WARNING: Reached a gap of 427921bp > 200000bp. Skipping calculation at position 38954920 id: Gm07_38954920
WARNING: Reached a gap of 427921bp > 200000bp. Skipping calculation at position 39142806 id: Gm07_39142806
WARNING: Reached a gap of 427921bp > 200000bp. Skipping calculation at position 38884896 id: Gm07_38884896
WARNING: Reached a gap of 427921bp > 200000bp. Skipping calculation at position 39211857 id: Gm07_39211857
WARNING: Reached a gap of 427921bp > 200000bp. Skipping calculation at position 39143036 id: Gm07_39143036
WARNING: Reached a gap of 427921bp > 200000bp. Skipping calculation at position 39142987 id: Gm07_39142987
WARNING: Reached a gap of 427921bp > 200000bp. Skipping calculation at position 39217608 id: Gm07_39217608
WARNING: Reached a gap of 427921bp > 200000bp. Skipping calculation at position 39240818 id: Gm07_39240818
WARNING: Reached a gap of 427921bp > 200000bp. Skipping calculation at position 39829719 id: Gm07_39829719
WARNING: Reached a gap of 427921bp > 200000bp. Skipping calculation at position 39217495 id: Gm07_39217495
WARNING: Reached a gap of 427921bp > 200000bp. Skipping calculation at position 39871777 id: Gm07_39871777
WARNING: Reached a gap of 427921bp > 200000bp. Skipping calculation at position 39883383 id: Gm07_39883383
WARNING: Reached a gap of 427921bp > 200000bp. Skipping calculation at position 39896506 id: Gm07_39896506
WARNING: Reached a gap of 427921bp > 200000bp. Skipping calculation at position 39959518 id: Gm07_39959518
WARNING: Reached a gap of 427921bp > 200000bp. Skipping calculation at position 39393766 id: Gm07_39393766
WARNING: Reached a gap of 427921bp > 200000bp. Skipping calculation at position 40117694 id: Gm07_40117694
WARNING: Reached a gap of 427921bp > 200000bp. Skipping calculation at position 40143492 id: Gm07_40143492
WARNING: Reached a gap of 427921bp > 200000bp. Skipping calculation at position 39984324 id: Gm07_39984324
WARNING: Reached a gap of 427921bp > 200000bp. Skipping calculation at position 40182608 id: Gm07_40182608
WARNING: Reached a gap of 427921bp > 200000bp. Skipping calculation at position 40182867 id: Gm07_40182867
WARNING: Reached a gap of 427921bp > 200000bp. Skipping calculation at position 40193137 id: Gm07_40193137
WARNING: Reached a gap of 427921bp > 200000bp. Skipping calculation at position 40242227 id: Gm07_40242227
WARNING: Reached a gap of 427921bp > 200000bp. Skipping calculation at position 40242595 id: Gm07_40242595
WARNING: Reached a gap of 427921bp > 200000bp. Skipping calculation at position 40346286 id: Gm07_40346286
WARNING: Reached a gap of 427921bp > 200000bp. Skipping calculation at position 40352594 id: Gm07_40352594
WARNING: Reached a gap of 427921bp > 200000bp. Skipping calculation at position 39401798 id: Gm07_39401798
WARNING: Reached a gap of 427921bp > 200000bp. Skipping calculation at position 40293269 id: Gm07_40293269
WARNING: Reached a gap of 427921bp > 200000bp. Skipping calculation at position 40354380 id: Gm07_40354380
WARNING: Reached a gap of 427921bp > 200000bp. Skipping calculation at position 40354743 id: Gm07_40354743
WARNING: Reached a gap of 427921bp > 200000bp. Skipping calculation at position 40355373 id: Gm07_40355373
WARNING: Reached a gap of 427921bp > 200000bp. Skipping calculation at position 40354786 id: Gm07_40354786
WARNING: Reached a gap of 427921bp > 200000bp. Skipping calculation at position 40379301 id: Gm07_40379301
WARNING: Reached a gap of 427921bp > 200000bp. Skipping calculation at position 40542222 id: Gm07_40542222
WARNING: Reached a gap of 427921bp > 200000bp. Skipping calculation at position 40561122 id: Gm07_40561122
WARNING: Reached a gap of 427921bp > 200000bp. Skipping calculation at position 40379317 id: Gm07_40379317
WARNING: Reached a gap of 427921bp > 200000bp. Skipping calculation at position 40542611 id: Gm07_40542611
WARNING: Reached a gap of 427921bp > 200000bp. Skipping calculation at position 40565005 id: Gm07_40565005
WARNING: Reached a gap of 427921bp > 200000bp. Skipping calculation at position 40565272 id: Gm07_40565272
WARNING: Reached a gap of 427921bp > 200000bp. Skipping calculation at position 40610337 id: Gm07_40610337
WARNING: Reached a gap of 427921bp > 200000bp. Skipping calculation at position 40616333 id: Gm07_40616333
WARNING: Reached a gap of 427921bp > 200000bp. Skipping calculation at position 40575379 id: Gm07_40575379
WARNING: Reached a gap of 427921bp > 200000bp. Skipping calculation at position 40616380 id: Gm07_40616380
WARNING: Reached a gap of 427921bp > 200000bp. Skipping calculation at position 40616399 id: Gm07_40616399
WARNING: Reached a gap of 427921bp > 200000bp. Skipping calculation at position 40616694 id: Gm07_40616694
WARNING: Reached a gap of 427921bp > 200000bp. Skipping calculation at position 40619544 id: Gm07_40619544
WARNING: Reached a gap of 427921bp > 200000bp. Skipping calculation at position 40618314 id: Gm07_40618314
WARNING: Reached a gap of 427921bp > 200000bp. Skipping calculation at position 40636940 id: Gm07_40636940
WARNING: Reached a gap of 427921bp > 200000bp. Skipping calculation at position 40619253 id: Gm07_40619253
WARNING: Reached a gap of 427921bp > 200000bp. Skipping calculation at position 40645216 id: Gm07_40645216
WARNING: Reached a gap of 427921bp > 200000bp. Skipping calculation at position 40647881 id: Gm07_40647881
WARNING: Reached a gap of 427921bp > 200000bp. Skipping calculation at position 40667236 id: Gm07_40667236
WARNING: Reached a gap of 427921bp > 200000bp. Skipping calculation at position 40787494 id: Gm07_40787494
WARNING: Reached a gap of 427921bp > 200000bp. Skipping calculation at position 40653935 id: Gm07_40653935
WARNING: Reached a gap of 330032bp > 200000bp. Skipping calculation at position 41163983 id: Gm07_41163983
WARNING: Reached a gap of 330032bp > 200000bp. Skipping calculation at position 41164246 id: Gm07_41164246
WARNING: Reached a gap of 427921bp > 200000bp. Skipping calculation at position 40653984 id: Gm07_40653984
WARNING: Reached a gap of 392233bp > 200000bp. Skipping calculation at position 41556479 id: Gm07_41556479
WARNING: Reached a gap of 298253bp > 200000bp. Skipping calculation at position 41854732 id: Gm07_41854732
WARNING: Reached a gap of 298253bp > 200000bp. Skipping calculation at position 41887522 id: Gm07_41887522
WARNING: Reached a gap of 395812bp > 200000bp. Skipping calculation at position 42310476 id: Gm07_42310476
WARNING: Reached a gap of 395812bp > 200000bp. Skipping calculation at position 42368529 id: Gm07_42368529
WARNING: Reached a gap of 298253bp > 200000bp. Skipping calculation at position 41914664 id: Gm07_41914664
WARNING: Reached a gap of 330032bp > 200000bp. Skipping calculation at position 40833951 id: Gm07_40833951
WARNING: Reached a gap of 395812bp > 200000bp. Skipping calculation at position 42373113 id: Gm07_42373113
WARNING: Reached a gap of 395812bp > 200000bp. Skipping calculation at position 42373540 id: Gm07_42373540
WARNING: Reached a gap of 395812bp > 200000bp. Skipping calculation at position 42373100 id: Gm07_42373100
WARNING: Reached a gap of 395812bp > 200000bp. Skipping calculation at position 42376268 id: Gm07_42376268
WARNING: Reached a gap of 395812bp > 200000bp. Skipping calculation at position 42475010 id: Gm07_42475010
WARNING: Reached a gap of 395812bp > 200000bp. Skipping calculation at position 42475088 id: Gm07_42475088
WARNING: Reached a gap of 395812bp > 200000bp. Skipping calculation at position 42475121 id: Gm07_42475121
WARNING: Reached a gap of 395812bp > 200000bp. Skipping calculation at position 42499533 id: Gm07_42499533
WARNING: Reached a gap of 395812bp > 200000bp. Skipping calculation at position 42503594 id: Gm07_42503594
WARNING: Reached a gap of 395812bp > 200000bp. Skipping calculation at position 42505323 id: Gm07_42505323
WARNING: Reached a gap of 395812bp > 200000bp. Skipping calculation at position 42511658 id: Gm07_42511658
WARNING: Reached a gap of 395812bp > 200000bp. Skipping calculation at position 42531938 id: Gm07_42531938
WARNING: Reached a gap of 395812bp > 200000bp. Skipping calculation at position 42531760 id: Gm07_42531760
WARNING: Reached a gap of 395812bp > 200000bp. Skipping calculation at position 42531963 id: Gm07_42531963
WARNING: Reached a gap of 395812bp > 200000bp. Skipping calculation at position 42531944 id: Gm07_42531944
WARNING: Reached a gap of 395812bp > 200000bp. Skipping calculation at position 42559314 id: Gm07_42559314
WARNING: Reached a gap of 395812bp > 200000bp. Skipping calculation at position 42554989 id: Gm07_42554989
WARNING: Reached a gap of 395812bp > 200000bp. Skipping calculation at position 42582597 id: Gm07_42582597
WARNING: Reached a gap of 395812bp > 200000bp. Skipping calculation at position 42678239 id: Gm07_42678239
WARNING: Reached a gap of 395812bp > 200000bp. Skipping calculation at position 42678249 id: Gm07_42678249
WARNING: Reached a gap of 395812bp > 200000bp. Skipping calculation at position 42582379 id: Gm07_42582379
WARNING: Reached a gap of 395812bp > 200000bp. Skipping calculation at position 42699342 id: Gm07_42699342
WARNING: Reached a gap of 395812bp > 200000bp. Skipping calculation at position 42712773 id: Gm07_42712773
WARNING: Reached a gap of 395812bp > 200000bp. Skipping calculation at position 42712989 id: Gm07_42712989
WARNING: Reached a gap of 395812bp > 200000bp. Skipping calculation at position 42750297 id: Gm07_42750297
WARNING: Reached a gap of 395812bp > 200000bp. Skipping calculation at position 42750255 id: Gm07_42750255
WARNING: Reached a gap of 395812bp > 200000bp. Skipping calculation at position 42759377 id: Gm07_42759377
WARNING: Reached a gap of 395812bp > 200000bp. Skipping calculation at position 42800331 id: Gm07_42800331
WARNING: Reached a gap of 395812bp > 200000bp. Skipping calculation at position 42750591 id: Gm07_42750591
WARNING: Reached a gap of 395812bp > 200000bp. Skipping calculation at position 42902020 id: Gm07_42902020
WARNING: Reached a gap of 395812bp > 200000bp. Skipping calculation at position 42964200 id: Gm07_42964200
WARNING: Reached a gap of 395812bp > 200000bp. Skipping calculation at position 42915300 id: Gm07_42915300
WARNING: Reached a gap of 395812bp > 200000bp. Skipping calculation at position 42964453 id: Gm07_42964453
WARNING: Reached a gap of 395812bp > 200000bp. Skipping calculation at position 43030892 id: Gm07_43030892
WARNING: Reached a gap of 395812bp > 200000bp. Skipping calculation at position 43030931 id: Gm07_43030931
WARNING: Reached a gap of 395812bp > 200000bp. Skipping calculation at position 43031224 id: Gm07_43031224
WARNING: Reached a gap of 491374bp > 200000bp. Skipping calculation at position 43695323 id: Gm07_43695323
WARNING: Reached a gap of 597005bp > 200000bp. Skipping calculation at position 44292328 id: Gm07_44292328
WARNING: Reached a gap of 597005bp > 200000bp. Skipping calculation at position 44303601 id: Gm07_44303601
WARNING: Reached a gap of 597005bp > 200000bp. Skipping calculation at position 44303623 id: Gm07_44303623
WARNING: Reached a gap of 597005bp > 200000bp. Skipping calculation at position 44303800 id: Gm07_44303800
WARNING: Reached a gap of 597005bp > 200000bp. Skipping calculation at position 44340353 id: Gm07_44340353
WARNING: Reached a gap of 395812bp > 200000bp. Skipping calculation at position 43203782 id: Gm07_43203782
WARNING: Reached a gap of 597005bp > 200000bp. Skipping calculation at position 44434754 id: Gm07_44434754
WARNING: Reached a gap of 597005bp > 200000bp. Skipping calculation at position 44448237 id: Gm07_44448237
WARNING: Reached a gap of 597005bp > 200000bp. Skipping calculation at position 44541413 id: Gm07_44541413
WARNING: Reached a gap of 597005bp > 200000bp. Skipping calculation at position 44632700 id: Gm07_44632700
WARNING: Reached a gap of 597005bp > 200000bp. Skipping calculation at position 44648564 id: Gm07_44648564
WARNING: Reached a gap of 597005bp > 200000bp. Skipping calculation at position 44658386 id: Gm07_44658386
WARNING: Reached a gap of 597005bp > 200000bp. Skipping calculation at position 44648314 id: Gm07_44648314
WARNING: Reached a gap of 597005bp > 200000bp. Skipping calculation at position 44661697 id: Gm07_44661697
WARNING: Reached a gap of 395812bp > 200000bp. Skipping calculation at position 43203949 id: Gm07_43203949
WARNING: Reached a gap of 597005bp > 200000bp. Skipping calculation at position 44662233 id: Gm07_44662233
WARNING: Reached a gap of 597005bp > 200000bp. Skipping calculation at position 44676992 id: Gm07_44676992
WARNING: Reached a gap of 597005bp > 200000bp. Skipping calculation at position 44679593 id: Gm07_44679593
Program took 0.11987 seconds to complete. Total CPU time: 0.310546 s. 
