chr	id	pos	gpos	p1	sL1	p2	sL2	xpnsl
7	Gm07_7191406	7191406	7.19141	0.0769231	31.2431	0.131579	57.4956	-0.264881
7	Gm07_7191687	7191687	7.19169	0.230769	30.7079	0.105263	57.5867	-0.273072
7	Gm07_7315872	7315872	7.31587	0.2	31.1083	0.289474	55.8115	-0.253847
7	Gm07_7315881	7315881	7.31588	0.646154	30.8464	0.157895	54.1421	-0.24433
7	Gm07_7315897	7315897	7.3159	0.646154	30.854	0.157895	54.1532	-0.244312
7	Gm07_7316094	7316094	7.31609	0.646154	30.9333	0.157895	54.3185	-0.244522
7	Gm07_7333771	7333771	7.33377	0.676923	30.9775	0.342105	52.7836	-0.231453
7	Gm07_7333790	7333790	7.33379	0.0307692	31.3316	0.0657895	52.7502	-0.226241
7	Gm07_7333992	7333992	7.33399	0.661538	30.9734	0.302632	52.686	-0.230706
7	Gm07_7388440	7388440	7.38844	0.0769231	38.1487	0.131579	54.0982	-0.151703
7	Gm07_7388624	7388624	7.38862	0.0923077	38.1584	0.171053	54.0376	-0.151106
7	Gm07_7422181	7422181	7.42218	0.215385	38.0259	0.592105	53.6637	-0.149601
7	Gm07_7427047	7427047	7.42705	0.169231	38.0186	0.592105	53.6487	-0.149563
7	Gm07_7454146	7454146	7.45415	0.184615	38.3051	0.565789	53.9646	-0.148852
7	Gm07_7471165	7471165	7.47117	0.230769	38.1206	0.592105	53.6442	-0.148364
7	Gm07_7584426	7584426	7.58443	0.107692	36.4527	0.131579	53.6047	-0.167473
7	Gm07_7600185	7600185	7.60018	0.369231	34.0539	0.710526	53.5862	-0.196886
7	Gm07_7649493	7649493	7.64949	0.2	34.9346	0.565789	53.6764	-0.186527
7	Gm07_7649500	7649500	7.6495	0.2	34.8685	0.565789	53.5006	-0.185925
7	Gm07_7649544	7649544	7.64954	0.0615385	34.9668	0.0921053	53.7497	-0.186721
7	Gm07_7651301	7651301	7.6513	0.2	34.8728	0.565789	53.467	-0.185599
7	Gm07_7651355	7651355	7.65135	0.123077	35.2996	0.171053	54.0459	-0.184993
7	Gm07_7651531	7651531	7.65153	0.0615385	35.5625	0.0921053	54.3969	-0.184582
7	Gm07_7651587	7651587	7.65159	0.0615385	35.5983	0.0921053	54.4019	-0.184186
7	Gm07_7651700	7651700	7.6517	0.123077	35.4568	0.171053	54.0876	-0.183398
7	Gm07_7651753	7651753	7.65175	0.261538	36.7644	0.565789	54.0756	-0.167575
7	Gm07_7675645	7675645	7.67565	0.2	37.0674	0.565789	54.2721	-0.165584
7	Gm07_7692494	7692494	7.69249	0.292308	37.3048	0.657895	55.8624	-0.175355
7	Gm07_7692514	7692514	7.69251	0.0769231	36.846	0.0789474	55.9047	-0.181058
7	Gm07_7692716	7692716	7.69272	0.292308	36.7082	0.657895	55.6413	-0.180634
7	Gm07_7726335	7726335	7.72633	0.107692	37.1348	0.0526316	56.419	-0.181644
7	Gm07_7727164	7727164	7.72716	0.107692	37.1825	0.0526316	56.4033	-0.180966
7	Gm07_7727345	7727345	7.72734	0.353846	36.5637	0.710526	55.4419	-0.180788
7	Gm07_7734627	7734627	7.73463	0.338462	36.6644	0.697368	55.5006	-0.180053
7	Gm07_7735885	7735885	7.73588	0.4	36.7856	0.697368	55.4849	-0.178497
7	Gm07_7740624	7740624	7.74062	0.553846	36.8562	0.289474	55.5121	-0.177877
7	Gm07_7740682	7740682	7.74068	0.553846	36.9011	0.289474	55.4964	-0.177226
7	Gm07_7740834	7740834	7.74083	0.553846	36.9459	0.289474	55.4807	-0.176576
7	Gm07_7749582	7749582	7.74958	0.230769	36.7243	0.697368	55.1915	-0.176919
7	Gm07_7759960	7759960	7.75996	0.0769231	36.8655	0.105263	55.0998	-0.174529
7	Gm07_7761857	7761857	7.76186	0.169231	36.8695	0.592105	53.9137	-0.165032
7	Gm07_7761866	7761866	7.76187	0.123077	36.8462	0.0526316	55.0597	-0.17444
7	Gm07_7761883	7761883	7.76188	0.307692	36.3768	0.697368	54.6665	-0.176896
7	Gm07_7762097	7762097	7.7621	0.553846	36.3133	0.25	54.6982	-0.177908
7	Gm07_7762111	7762111	7.76211	0.123077	36.6348	0.0526316	54.9596	-0.17615
7	Gm07_7762226	7762226	7.76223	0.323077	36.4217	0.697368	54.6567	-0.176283
7	Gm07_7838619	7838619	7.83862	0.107692	37.5534	0.0263158	56.0938	-0.174265
7	Gm07_7853479	7853479	7.85348	0.369231	36.8265	0.723684	55.1846	-0.175657
7	Gm07_7854217	7854217	7.85422	0.246154	36.9515	0.671053	54.9892	-0.172645
7	Gm07_7895362	7895362	7.89536	0.6	37.1612	0.263158	54.9045	-0.169518
7	Gm07_7951363	7951363	7.95136	0.276923	37.4553	0.657895	53.7947	-0.157226
7	Gm07_7951411	7951411	7.95141	0.323077	37.4667	0.723684	53.851	-0.157549
7	Gm07_7951423	7951423	7.95142	0.276923	37.7417	0.657895	53.9103	-0.15485
7	Gm07_7989635	7989635	7.98963	0.0615385	35.3542	0.171053	53.8523	-0.182764
7	Gm07_8012108	8012108	8.01211	0.307692	35.2074	0.710526	53.8174	-0.184289
7	Gm07_8012178	8012178	8.01218	0.307692	35.1772	0.723684	53.8839	-0.185197
7	Gm07_8014540	8014540	8.01454	0.323077	35.1087	0.723684	53.8689	-0.185924
7	Gm07_8046322	8046322	8.04632	0.184615	33.1528	0.236842	53.9175	-0.211209
7	Gm07_8092545	8092545	8.09254	0.507692	32.9348	0.144737	53.7716	-0.212898
7	Gm07_8128979	8128979	8.12898	0.646154	33.82	0.0921053	54.3797	-0.206263
7	Gm07_8129014	8129014	8.12901	0.646154	33.7938	0.0921053	54.3647	-0.20648
7	Gm07_8144462	8144462	8.14446	0.215385	33.7549	0.618421	52.9339	-0.195397
7	Gm07_8169186	8169186	8.16919	0.107692	34.1423	0.0131579	54.1057	-0.19995
7	Gm07_8187677	8187677	8.18768	0.169231	34.0238	0.657895	54.5447	-0.20497
7	Gm07_8187865	8187865	8.18787	0.692308	33.8002	0.263158	54.3017	-0.205893
7	Gm07_8199857	8199857	8.19986	0.107692	34.3579	0.0789474	55.786	-0.210499
7	Gm07_8203918	8203918	8.20392	0.138462	33.7996	0.131579	57.9975	-0.234497
7	Gm07_8246205	8246205	8.2462	0.123077	34.0298	0.0131579	59.3372	-0.241468
7	Gm07_8271611	8271611	8.27161	0.0923077	34.4128	0.0526316	59.5039	-0.237826
7	Gm07_8382283	8382283	8.38228	0.523077	32.9392	0	59.3489	-0.255699
7	Gm07_8427190	8427190	8.42719	0.0769231	39.799	0.0657895	57.9655	-0.163297
7	Gm07_13214302	13214302	13.2143	0.507692	71.9309	0.0657895	122.008	-0.229473
7	Gm07_13216118	13216118	13.2161	0.507692	72.0912	0.0657895	122.028	-0.228577
7	Gm07_13223480	13223480	13.2235	0.507692	72.4204	0.0657895	122.282	-0.227502
7	Gm07_13223526	13223526	13.2235	0.507692	72.5559	0.0657895	122.274	-0.226662
7	Gm07_13243764	13243764	13.2438	0.507692	72.6844	0.0657895	122.266	-0.225864
7	Gm07_13249731	13249731	13.2497	0.507692	72.9226	0.0657895	122.386	-0.22487
7	Gm07_13269245	13269245	13.2692	0.507692	72.8392	0.0657895	122.045	-0.224155
7	Gm07_13269254	13269254	13.2693	0.507692	72.9996	0.0657895	121.993	-0.223014
7	Gm07_13274234	13274234	13.2742	0.507692	73.0812	0.0657895	121.791	-0.22181
7	Gm07_13280183	13280183	13.2802	0.507692	73.1628	0.0657895	121.589	-0.220606
7	Gm07_13281467	13281467	13.2815	0.507692	73.2444	0.0657895	121.388	-0.2194
7	Gm07_13297188	13297188	13.2972	0.507692	73.3107	0.0657895	121.177	-0.218253
7	Gm07_13297488	13297488	13.2975	0.507692	73.3617	0.0657895	120.958	-0.217165
7	Gm07_13297820	13297820	13.2978	0.507692	73.4128	0.0657895	120.739	-0.216075
7	Gm07_13297834	13297834	13.2978	0.507692	73.2386	0.0657895	120.323	-0.21561
7	Gm07_13322597	13322597	13.3226	0.523077	72.7527	0.0657895	120.081	-0.217626
7	Gm07_13330004	13330004	13.33	0.507692	72.9034	0.0657895	120.029	-0.216538
7	Gm07_13334873	13334873	13.3349	0.507692	72.9508	0.0657895	119.808	-0.215455
7	Gm07_13337615	13337615	13.3376	0.507692	73.2215	0.0657895	120.006	-0.214566
7	Gm07_13346826	13346826	13.3468	0.507692	73.2654	0.0657895	119.785	-0.213502
7	Gm07_13350426	13350426	13.3504	0.523077	73.4104	0.0657895	119.893	-0.213036
7	Gm07_13352427	13352427	13.3524	0.523077	73.5973	0.0657895	119.938	-0.212095
7	Gm07_13352864	13352864	13.3529	0.507692	73.6178	0.0657895	119.698	-0.211106
7	Gm07_13353014	13353014	13.353	0.507692	73.8017	0.0657895	119.738	-0.210165
7	Gm07_13361658	13361658	13.3617	0.523077	73.6574	0.0657895	119.369	-0.209676
7	Gm07_13408653	13408653	13.4087	0.507692	73.8729	0.0657895	119.148	-0.2076
7	Gm07_13428919	13428919	13.4289	0.507692	73.7561	0.0657895	118.79	-0.206982
7	Gm07_13429100	13429100	13.4291	0.507692	73.7852	0.0657895	118.568	-0.206
7	Gm07_13446274	13446274	13.4463	0.507692	73.8138	0.0657895	118.347	-0.205018
7	Gm07_13446479	13446479	13.4465	0.507692	73.8424	0.0657895	118.125	-0.204036
7	Gm07_13451784	13451784	13.4518	0.507692	74.0117	0.0657895	118.164	-0.203184
7	Gm07_13461775	13461775	13.4618	0.507692	74.0403	0.0657895	117.942	-0.202201
7	Gm07_13485523	13485523	13.4855	0.507692	73.9525	0.0657895	117.614	-0.201507
7	Gm07_13485528	13485528	13.4855	0.507692	73.9811	0.0657895	117.393	-0.20052
7	Gm07_13485565	13485565	13.4856	0.507692	74.0097	0.0657895	117.171	-0.199531
7	Gm07_13485573	13485573	13.4856	0.507692	74.0383	0.0657895	116.949	-0.198541
7	Gm07_13503637	13503637	13.5036	0.507692	74.067	0.0657895	116.728	-0.197549
7	Gm07_13526191	13526191	13.5262	0.507692	74.0952	0.0657895	116.505	-0.196556
7	Gm07_13537466	13537466	13.5375	0.523077	73.9558	0.0657895	116.284	-0.196547
7	Gm07_13543275	13543275	13.5433	0.507692	74.0121	0.0657895	116.062	-0.195388
7	Gm07_13549214	13549214	13.5492	0.507692	74.0407	0.0657895	115.84	-0.194389
7	Gm07_13570492	13570492	13.5705	0.507692	74.2184	0.0657895	115.924	-0.193662
7	Gm07_13572109	13572109	13.5721	0.523077	74.2193	0.0657895	115.697	-0.192807
7	Gm07_13572726	13572726	13.5727	0.507692	74.3437	0.0657895	115.598	-0.191705
7	Gm07_13572855	13572855	13.5729	0.507692	74.3723	0.0657895	115.366	-0.190666
7	Gm07_13599508	13599508	13.5995	0.507692	74.401	0.0657895	115.125	-0.189592
7	Gm07_13620964	13620964	13.621	0.523077	74.2846	0.0657895	114.888	-0.189377
7	Gm07_13625974	13625974	13.626	0.507692	74.3128	0.0657895	114.638	-0.188263
7	Gm07_13626213	13626213	13.6262	0.523077	74.3738	0.0657895	114.386	-0.186954
7	Gm07_13641763	13641763	13.6418	0.523077	74.396	0.0657895	114.135	-0.185869
7	Gm07_13641772	13641772	13.6418	0.523077	74.4303	0.0657895	114.007	-0.18518
7	Gm07_13642631	13642631	13.6426	0.507692	74.4354	0.0657895	113.755	-0.184192
7	Gm07_13649240	13649240	13.6492	0.0769231	68.9091	0.0394737	107.524	-0.19323
7	Gm07_13649568	13649568	13.6496	0.0153846	73.148	0.0526316	101.28	-0.141323
7	Gm07_13751837	13751837	13.7518	0.523077	73.3221	0.0789474	106.013	-0.160125
7	Gm07_13751853	13751853	13.7519	0.507692	73.4454	0.0789474	105.884	-0.158864
7	Gm07_13761887	13761887	13.7619	0.507692	73.523	0.0657895	106.458	-0.160753
7	Gm07_13766832	13766832	13.7668	0.507692	73.4808	0.0657895	106.334	-0.160499
7	Gm07_13766879	13766879	13.7669	0.507692	73.4431	0.0657895	106.172	-0.160059
7	Gm07_13766902	13766902	13.7669	0.507692	73.3839	0.0657895	105.992	-0.159673
7	Gm07_13767503	13767503	13.7675	0.507692	73.3081	0.0657895	105.804	-0.15935
7	Gm07_13776050	13776050	13.776	0.507692	73.205	0.0657895	105.607	-0.159151
7	Gm07_13808232	13808232	13.8082	0.507692	73.1501	0.0657895	105.52	-0.159119
7	Gm07_13808398	13808398	13.8084	0.523077	72.9267	0.0657895	105.323	-0.159636
7	Gm07_13814219	13814219	13.8142	0.507692	72.8733	0.0657895	105.118	-0.159107
7	Gm07_13818340	13818340	13.8183	0.507692	72.7469	0.0657895	104.904	-0.158977
7	Gm07_13818385	13818385	13.8184	0.507692	72.6996	0.0657895	104.775	-0.158727
7	Gm07_13818408	13818408	13.8184	0.507692	72.7143	0.0657895	104.767	-0.158603
7	Gm07_13819040	13819040	13.819	0.507692	72.5726	0.0657895	104.401	-0.157932
7	Gm07_13819337	13819337	13.8193	0.507692	72.431	0.0657895	104.035	-0.157257
7	Gm07_13819690	13819690	13.8197	0.523077	72.232	0.0657895	103.67	-0.156922
7	Gm07_13822991	13822991	13.823	0.523077	72.0899	0.0657895	103.304	-0.156243
7	Gm07_13823109	13823109	13.8231	0.507692	71.9302	0.0789474	100.757	-0.146364
7	Gm07_13825796	13825796	13.8258	0.507692	71.7661	0.0657895	101.522	-0.150642
7	Gm07_13826001	13826001	13.826	0.507692	71.6225	0.0789474	99.097	-0.141011
7	Gm07_13834146	13834146	13.8341	0.507692	71.4789	0.0657895	99.6062	-0.144108
7	Gm07_13835244	13835244	13.8352	0.507692	71.2924	0.0657895	99.2089	-0.143507
7	Gm07_13836690	13836690	13.8367	0.523077	71.0048	0.0657895	98.7362	-0.143189
7	Gm07_13842791	13842791	13.8428	0.507692	70.7701	0.0657895	98.2581	-0.142519
7	Gm07_13843083	13843083	13.8431	0.523077	70.5573	0.0657895	97.7855	-0.141732
7	Gm07_13846598	13846598	13.8466	0	70.8455	0.5	63.6037	0.0468298
7	Gm07_13846612	13846612	13.8466	0.507692	70.0965	0.0657895	74.4916	-0.0264108
7	Gm07_13848240	13848240	13.8482	0.523077	69.8413	0.0657895	74.3271	-0.027035
7	Gm07_13848426	13848426	13.8484	0.523077	69.598	0.0657895	74.1894	-0.0277453
7	Gm07_13850411	13850411	13.8504	0.507692	69.3528	0.0657895	74.0517	-0.0284713
7	Gm07_13857043	13857043	13.857	0.507692	69.3294	0.0657895	74.1003	-0.0289027
7	Gm07_13857274	13857274	13.8573	0.523077	69.0723	0.0657895	73.9627	-0.0297087
7	Gm07_13857649	13857649	13.8576	0.507692	68.8541	0.0657895	73.8345	-0.0303297
7	Gm07_13857657	13857657	13.8577	0.507692	68.878	0.0657895	73.9232	-0.0307001
7	Gm07_13864585	13864585	13.8646	0.523077	68.618	0.0657895	73.7855	-0.0315329
7	Gm07_13896079	13896079	13.8961	0.507692	68.3874	0.131579	67.9937	0.00250729
7	Gm07_13896451	13896451	13.8965	0.507692	68.1441	0.0657895	74.3771	-0.0380109
7	Gm07_13896459	13896459	13.8965	0.507692	68.0656	0.0657895	74.4398	-0.0388775
7	Gm07_13932091	13932091	13.9321	0.507692	67.8173	0.0657895	74.3805	-0.0401188
7	Gm07_13934800	13934800	13.9348	0.507692	67.5503	0.0657895	74.299	-0.0413555
7	Gm07_13940792	13940792	13.9408	0.507692	67.297	0.0657895	74.2397	-0.0426407
7	Gm07_13953278	13953278	13.9533	0.507692	66.9991	0.0657895	74.1078	-0.0437951
7	Gm07_13995213	13995213	13.9952	0.569231	64.9438	0.0789474	73.0001	-0.0507853
7	Gm07_13995362	13995362	13.9954	0.584615	64.8953	0.0789474	73.1382	-0.0519312
7	Gm07_14023583	14023583	14.0236	0.569231	64.7798	0.0789474	72.9692	-0.0516999
7	Gm07_14023588	14023588	14.0236	0.569231	64.5723	0.0789474	72.9193	-0.0527966
7	Gm07_14023614	14023614	14.0236	0.569231	64.3183	0.0789474	72.7951	-0.0537677
7	Gm07_14025384	14025384	14.0254	0.569231	63.9865	0.0789474	72.5446	-0.0545164
7	Gm07_14030088	14030088	14.0301	0.569231	63.6881	0.0789474	72.3547	-0.0554088
7	Gm07_14034587	14034587	14.0346	0.553846	62.039	0.0789474	72.2059	-0.0659073
7	Gm07_14034931	14034931	14.0349	0.553846	61.833	0.0789474	72.155	-0.0670461
7	Gm07_14073995	14073995	14.074	0.569231	62.4168	0.0789474	72.103	-0.0626522
7	Gm07_14074154	14074154	14.0742	0.569231	62.1825	0.0789474	72.006	-0.0637007
7	Gm07_14082871	14082871	14.0829	0.569231	61.9697	0.0789474	71.9541	-0.0648759
7	Gm07_14084618	14084618	14.0846	0.569231	61.757	0.0789474	71.9022	-0.066056
7	Gm07_14084661	14084661	14.0847	0.569231	61.5442	0.0789474	71.8502	-0.0672409
7	Gm07_14085011	14085011	14.085	0.646154	57.3045	0.605263	59.626	-0.0172467
7	Gm07_14085289	14085289	14.0853	0.569231	58.4049	0.0789474	65.4672	-0.0495744
7	Gm07_14103401	14103401	14.1034	0.569231	58.2227	0.0789474	65.433	-0.0507049
7	Gm07_14178238	14178238	14.1782	0.569231	57.9964	0.0657895	65.8068	-0.0548698
7	Gm07_14200032	14200032	14.2	0.584615	57.729	0.0657895	65.8249	-0.0569961
7	Gm07_14225103	14225103	14.2251	0.569231	57.5552	0.0657895	65.7918	-0.0580876
7	Gm07_14234459	14234459	14.2345	0.569231	57.372	0.0657895	65.7587	-0.0592534
7	Gm07_14237233	14237233	14.2372	0.584615	57.21	0.0657895	65.7256	-0.0602626
7	Gm07_14237245	14237245	14.2372	0.584615	57.0268	0.0657895	65.6925	-0.0614365
7	Gm07_14265802	14265802	14.2658	0.553846	56.5699	0.0657895	65.6594	-0.0647112
7	Gm07_14265878	14265878	14.2659	0.553846	56.3882	0.0657895	65.6263	-0.0658898
7	Gm07_14287316	14287316	14.2873	0.553846	56.2064	0.0657895	65.5931	-0.0670727
7	Gm07_14298958	14298958	14.299	0.553846	56.0247	0.0657895	65.5599	-0.0682589
7	Gm07_14343512	14343512	14.3435	0.553846	55.8429	0.0657895	65.5264	-0.0694484
7	Gm07_14343575	14343575	14.3436	0.553846	55.8371	0.0657895	65.6459	-0.0702845
7	Gm07_14384466	14384466	14.3845	0.538462	54.3465	0.0657895	65.6159	-0.0818375
7	Gm07_14384510	14384510	14.3845	0.0615385	53.9729	0.5	59.4359	-0.0418738
7	Gm07_14384723	14384723	14.3847	0.6	53.4381	0.565789	59.4112	-0.0460174
7	Gm07_14396506	14396506	14.3965	0.538462	53.2535	0.0657895	59.7486	-0.0499798
7	Gm07_14396612	14396612	14.3966	0.6	53.1032	0.565789	59.3443	-0.0482581
7	Gm07_14416566	14416566	14.4166	0.538462	52.9087	0.0657895	59.5945	-0.0516794
7	Gm07_14449828	14449828	14.4498	0.6	52.9559	0.565789	59.4198	-0.0500166
7	Gm07_14465408	14465408	14.4654	0.6	52.7885	0.565789	59.3863	-0.0511473
7	Gm07_14473235	14473235	14.4732	0.6	52.6211	0.565789	59.3529	-0.0522823
7	Gm07_14474162	14474162	14.4742	0.6	52.4536	0.565789	59.3194	-0.0534215
7	Gm07_14474202	14474202	14.4742	0.0615385	57.6232	0.5	59.9327	-0.0170667
7	Gm07_14494229	14494229	14.4942	0.0615385	57.4888	0.5	59.9294	-0.0180566
7	Gm07_14495767	14495767	14.4958	0.0615385	57.3145	0.5	59.8831	-0.0190399
7	Gm07_14495931	14495931	14.4959	0.0615385	57.1471	0.5	59.8497	-0.0200678
7	Gm07_14495949	14495949	14.4959	0.0615385	56.9796	0.5	59.8103	-0.0210562
7	Gm07_14518334	14518334	14.5183	0.0615385	56.8297	0.5	59.781	-0.0219873
7	Gm07_14519500	14519500	14.5195	0.0615385	56.6528	0.486842	58.631	-0.0149059
7	Gm07_14527205	14527205	14.5272	0.0615385	56.4662	0.5	59.7007	-0.0241905
7	Gm07_14536141	14536141	14.5361	0.0615385	56.2797	0.5	59.6648	-0.0253662
7	Gm07_14548091	14548091	14.5481	0.0615385	56.1661	0.5	59.6928	-0.026448
7	Gm07_14647496	14647496	14.6475	0.0615385	55.9578	0.5	59.5876	-0.0272949
7	Gm07_14647686	14647686	14.6477	0.0615385	55.7713	0.5	59.5517	-0.0284832
7	Gm07_14650530	14650530	14.6505	0.0615385	55.5848	0.5	59.5158	-0.0296762
7	Gm07_14667550	14667550	14.6676	0.461538	47.2299	0.0526316	61.3753	-0.113776
7	Gm07_14696530	14696530	14.6965	0.492308	47.4789	0.0526316	61.3394	-0.111239
7	Gm07_14698859	14698859	14.6989	0.492308	47.3143	0.0526316	61.3035	-0.112493
7	Gm07_14701694	14701694	14.7017	0.492308	47.1497	0.0526316	61.2676	-0.113751
7	Gm07_14701703	14701703	14.7017	0.492308	46.967	0.0526316	61.2268	-0.115148
7	Gm07_14713469	14713469	14.7135	0.476923	46.9727	0.0526316	61.3912	-0.116261
7	Gm07_14738441	14738441	14.7384	0.538462	45.3459	0.552632	58.8363	-0.113107
7	Gm07_14747738	14747738	14.7477	0.569231	45.2916	0.157895	60.0759	-0.122683
7	Gm07_14815234	14815234	14.8152	0.0307692	47.725	0.0131579	66.478	-0.143932
7	Gm07_14823881	14823881	14.8239	0.230769	43.1075	0.118421	61.6816	-0.155602
7	Gm07_14841610	14841610	14.8416	0.230769	43.0269	0.118421	61.7541	-0.156925
7	Gm07_14841794	14841794	14.8418	0.292308	39.699	0.171053	61.5428	-0.190398
7	Gm07_14851275	14851275	14.8513	0.169231	38.4276	0.105263	62.6444	-0.212239
7	Gm07_14917776	14917776	14.9178	0.415385	35.6643	0.0263158	62.5096	-0.243713
7	Gm07_14918038	14918038	14.918	0.646154	35.7019	0.144737	62.4383	-0.242759
7	Gm07_14918051	14918051	14.9181	0.230769	36.0683	0.118421	62.5927	-0.239398
7	Gm07_14918344	14918344	14.9183	0.230769	36.0558	0.105263	63.2303	-0.243949
7	Gm07_14941564	14941564	14.9416	0.415385	36.2297	0.0263158	64.1703	-0.24827
7	Gm07_14992121	14992121	14.9921	0.0307692	37.308	0.144737	59.4687	-0.202487
7	Gm07_14992456	14992456	14.9925	0.0923077	37.0954	0.144737	59.5719	-0.205722
7	Gm07_14992463	14992463	14.9925	0.0307692	37.1798	0.144737	59.6751	-0.205486
7	Gm07_14992707	14992707	14.9927	0.0923077	37.0681	0.144737	59.7782	-0.207543
7	Gm07_14995469	14995469	14.9955	0.538462	35.4071	0.197368	59.4077	-0.224752
7	Gm07_15027859	15027859	15.0279	0.615385	40.2552	0.25	58.1294	-0.159574
7	Gm07_15050959	15050959	15.051	0.723077	41.8563	0.236842	67.802	-0.209481
7	Gm07_15060167	15060167	15.0602	0.0153846	42.6182	0.0263158	68.1051	-0.203584
7	Gm07_15060509	15060509	15.0605	0.738462	42.2353	0.223684	67.9938	-0.206794
7	Gm07_15064590	15064590	15.0646	0.753846	42.2617	0.263158	68.158	-0.20757
7	Gm07_15064598	15064598	15.0646	0.753846	42.2502	0.263158	68.3532	-0.20893
7	Gm07_15085164	15085164	15.0852	0.738462	42.2232	0.236842	68.6758	-0.211252
7	Gm07_15085179	15085179	15.0852	0.738462	42.1978	0.236842	68.8325	-0.212503
7	Gm07_15087944	15087944	15.0879	0.738462	42.1864	0.223684	69.0449	-0.213959
7	Gm07_20255859	20255859	20.2559	0.215385	63.4934	0.0789474	71.7852	-0.0533063
7	Gm07_20255870	20255870	20.2559	0.0153846	65.0237	0.671053	70.8955	-0.0375471
7	Gm07_20258696	20258696	20.2587	0.0153846	65.1148	0.671053	70.8244	-0.0365032
7	Gm07_20267375	20267375	20.2674	0.0153846	65.054	0.671053	70.6212	-0.035661
7	Gm07_20272649	20272649	20.2726	0.0153846	65.1451	0.671053	70.5501	-0.0346157
7	Gm07_20325108	20325108	20.3251	0.0153846	65.275	0.684211	70.5507	-0.0337545
7	Gm07_20325129	20325129	20.3251	0.230769	63.8455	0.789474	70.3166	-0.0419273
7	Gm07_20339107	20339107	20.3391	0.0153846	64.1628	0.684211	70.0729	-0.0382666
7	Gm07_20362185	20362185	20.3622	0.230769	63.9485	0.776316	70.0612	-0.0396472
7	Gm07_20375300	20375300	20.3753	0.0153846	65.0877	0.671053	70.0544	-0.0319367
7	Gm07_20394595	20394595	20.3946	0.0153846	64.988	0.671053	69.8388	-0.0312635
7	Gm07_20404459	20404459	20.4045	0.0153846	64.9657	0.684211	69.7461	-0.0308359
7	Gm07_20404749	20404749	20.4047	0.2	63.968	0.0657895	69.8973	-0.0384979
7	Gm07_20404881	20404881	20.4049	0.246154	62.6772	0.789474	69.4467	-0.0445419
7	Gm07_20406191	20406191	20.4062	0.0153846	64.6979	0.684211	69.4978	-0.0310807
7	Gm07_20449712	20449712	20.4497	0.0153846	64.7518	0.671053	69.3428	-0.0297493
7	Gm07_20451277	20451277	20.4513	0.0153846	64.6471	0.684211	69.1177	-0.0290401
7	Gm07_20482646	20482646	20.4826	0.0153846	64.701	0.684211	69.0166	-0.0280425
7	Gm07_20482698	20482698	20.4827	0.0153846	64.6998	0.671053	68.9205	-0.027445
7	Gm07_20488723	20488723	20.4887	0.230769	63.2735	0.776316	68.7684	-0.0361668
7	Gm07_20490215	20490215	20.4902	0.0153846	63.8784	0.684211	68.527	-0.0305079
7	Gm07_20501058	20501058	20.5011	0.0153846	63.8221	0.0657895	62.5139	0.00899409
7	Gm07_20502211	20502211	20.5022	0.230769	63.2133	0.776316	67.9874	-0.0316203
7	Gm07_20502231	20502231	20.5022	0.0153846	63.9558	0.671053	67.6459	-0.0243618
7	Gm07_20531327	20531327	20.5313	0.0153846	63.8995	0.697368	67.7344	-0.0253118
7	Gm07_20552486	20552486	20.5525	0.0153846	63.8432	0.697368	67.6807	-0.0253503
7	Gm07_20607302	20607302	20.6073	0.184615	62.8484	0.0657895	67.6464	-0.0319504
7	Gm07_20623711	20623711	20.6237	0.0307692	62.7548	0.697368	67.2831	-0.030259
7	Gm07_20656837	20656837	20.6568	0.0153846	63.026	0.684211	67.3167	-0.0286032
7	Gm07_20673386	20673386	20.6734	0.230769	61.5542	0.0921053	67.3667	-0.0391875
7	Gm07_20742478	20742478	20.7425	0.230769	61.4473	0.0789474	67.216	-0.0389701
7	Gm07_20811290	20811290	20.8113	0.246154	61.5594	0.802632	67.2756	-0.0385631
7	Gm07_20831921	20831921	20.8319	0.0153846	61.9318	0.697368	67.245	-0.0357466
7	Gm07_20832307	20832307	20.8323	0.215385	61.497	0.0921053	67.5692	-0.040895
7	Gm07_20868445	20868445	20.8684	0.2	61.3979	0.0789474	67.5384	-0.0413971
7	Gm07_20868822	20868822	20.8688	0.246154	61.2215	0.776316	67.0128	-0.0392536
7	Gm07_20881209	20881209	20.8812	0.246154	61.1123	0.789474	67.0413	-0.0402144
7	Gm07_20881427	20881427	20.8814	0.0153846	61.2602	0.684211	66.4911	-0.035585
7	Gm07_20956988	20956988	20.957	0.2	59.4502	0.0657895	66.7304	-0.05017
7	Gm07_20988276	20988276	20.9883	0.0769231	55.7341	0.0263158	66.1744	-0.0745692
7	Gm07_20988613	20988613	20.9886	0.0307692	55.8844	0.697368	65.5909	-0.0695533
7	Gm07_21093034	21093034	21.093	0.184615	55.3778	0.0657895	65.5832	-0.0734571
7	Gm07_21103406	21103406	21.1034	0.215385	55.2823	0.789474	65.4703	-0.0734578
7	Gm07_21132098	21132098	21.1321	0.246154	55.0959	0.776316	65.2932	-0.0737486
7	Gm07_21150407	21150407	21.1504	0.0769231	55.619	0.0263158	65.5014	-0.0710278
7	Gm07_21150448	21150448	21.1504	0.0307692	60.9502	0.697368	65.2726	-0.0297558
7	Gm07_21151074	21151074	21.1511	0.0153846	60.9199	0.684211	65.0168	-0.0282665
7	Gm07_21153467	21153467	21.1535	0.246154	59.8742	0.776316	64.8752	-0.0348389
7	Gm07_21166075	21166075	21.1661	0.0153846	60.1019	0.671053	64.5704	-0.0311454
7	Gm07_21195355	21195355	21.1954	0.230769	59.7188	0.763158	64.6221	-0.0342698
7	Gm07_21195371	21195371	21.1954	0.230769	59.6377	0.763158	64.4691	-0.0338304
7	Gm07_21196376	21196376	21.1964	0.0307692	59.9014	0.710526	64.3159	-0.0308816
7	Gm07_21290784	21290784	21.2908	0.107692	52.2824	0.0789474	64.1452	-0.0888093
7	Gm07_21292194	21292194	21.2922	0.2	60.1251	0.0789474	65.6493	-0.0381739
7	Gm07_21303256	21303256	21.3033	0.184615	60.1649	0.0657895	65.549	-0.0372231
7	Gm07_21390681	21390681	21.3907	0.215385	59.9749	0.0657895	65.381	-0.0374817
7	Gm07_21391586	21391586	21.3916	0.2	59.9949	0.0921053	65.1565	-0.0358441
7	Gm07_21442527	21442527	21.4425	0.215385	60.1885	0.0657895	65.3794	-0.0359274
7	Gm07_21479194	21479194	21.4792	0.0153846	60.8038	0.697368	64.2399	-0.0238744
7	Gm07_21515277	21515277	21.5153	0.215385	60.7043	0.776316	64.2304	-0.0245215
7	Gm07_21591020	21591020	21.591	0.184615	60.7497	0.0657895	64.441	-0.0256186
7	Gm07_21637922	21637922	21.6379	0.2	60.845	0.0789474	64.3259	-0.0241614
7	Gm07_21638839	21638839	21.6388	0.0153846	61.3265	0.644737	61.1121	0.00152114
7	Gm07_21655750	21655750	21.6558	0.0153846	61.2484	0.671053	63.298	-0.0142951
7	Gm07_21708431	21708431	21.7084	0.215385	60.6103	0.0921053	63.3142	-0.0189546
7	Gm07_21789755	21789755	21.7898	0.0153846	60.7805	0.684211	63.0676	-0.0160422
7	Gm07_21843434	21843434	21.8434	0.2	60.6803	0.0789474	63.5467	-0.0200459
7	Gm07_21850951	21850951	21.851	0.2	60.6492	0.0921053	63.4472	-0.019587
7	Gm07_21850969	21850969	21.851	0.0153846	61.2098	0.697368	62.9285	-0.0120267
7	Gm07_21869539	21869539	21.8695	0.0153846	61.1295	0.697368	62.7666	-0.0114773
7	Gm07_21882912	21882912	21.8829	0.2	60.4833	0.0789474	62.8742	-0.016837
7	Gm07_21930009	21930009	21.93	0.0153846	60.6602	0.671053	62.4344	-0.0125198
7	Gm07_21939587	21939587	21.9396	0.215385	60.4101	0.763158	62.4381	-0.0143395
7	Gm07_21944444	21944444	21.9444	0.215385	60.2744	0.0921053	62.7772	-0.017669
7	Gm07_21985027	21985027	21.985	0.2	58.2146	0.131579	59.9112	-0.0124766
7	Gm07_22023747	22023747	22.0237	0.2	59.8087	0.0921053	62.5218	-0.0192675
7	Gm07_22023765	22023765	22.0238	0.0153846	60.83	0.684211	62.0437	-0.00858001
7	Gm07_22035026	22035026	22.035	0.0153846	60.8026	0.697368	61.9816	-0.0083408
7	Gm07_22035086	22035086	22.0351	0.0153846	60.9422	0.697368	62.198	-0.00885836
7	Gm07_22098849	22098849	22.0988	0.0153846	60.8594	0.671053	61.9973	-0.00804548
7	Gm07_22101687	22101687	22.1017	0.215385	59.6585	0.0789474	61.9175	-0.0161408
7	Gm07_22183086	22183086	22.1831	0.0153846	59.7627	0.671053	61.6945	-0.0138162
7	Gm07_22226737	22226737	22.2267	0.230769	59.6429	0.776316	61.7748	-0.0152527
7	Gm07_22235499	22235499	22.2355	0.230769	59.2799	0.0921053	61.9248	-0.0189574
7	Gm07_22237292	22237292	22.2373	0.0153846	59.6	0.684211	61.6067	-0.0143817
7	Gm07_22243598	22243598	22.2436	0.230769	59.1596	0.0789474	61.8009	-0.0189696
7	Gm07_22273636	22273636	22.2736	0.230769	59.4616	0.776316	61.4801	-0.0144979
7	Gm07_22276111	22276111	22.2761	0.107692	58.9409	0.0526316	62.3618	-0.0245019
7	Gm07_22276117	22276117	22.2761	0.0769231	58.9037	0.0263158	62.3356	-0.0245938
7	Gm07_22276137	22276137	22.2761	0.107692	59.3456	0.0526316	62.5241	-0.0226593
7	Gm07_22276345	22276345	22.2763	0.0153846	60.6284	0.697368	61.6967	-0.00758542
7	Gm07_22305539	22305539	22.3055	0.184615	60.3541	0.118421	59.2225	0.00821973
7	Gm07_22305556	22305556	22.3056	0.2	58.894	0.0921053	61.8503	-0.0212712
7	Gm07_22305576	22305576	22.3056	0.2	58.881	0.0657895	61.8915	-0.0216558
7	Gm07_22305588	22305588	22.3056	0.215385	57.4585	0.0921053	61.8969	-0.0323142
7	Gm07_22357636	22357636	22.3576	0.230769	59.215	0.776316	62.1435	-0.0209644
7	Gm07_22547806	22547806	22.5478	0.2	59.3929	0.0789474	63.9623	-0.0321893
7	Gm07_22575109	22575109	22.5751	0.215385	59.3187	0.0921053	63.7838	-0.0315186
7	Gm07_22582053	22582053	22.5821	0.2	59.4435	0.0789474	63.9437	-0.0316935
7	Gm07_22588209	22588209	22.5882	0.2	59.4196	0.105263	62.8147	-0.0241309
7	Gm07_22617655	22617655	22.6177	0.215385	59.1566	0.0921053	64.0467	-0.0344933
7	Gm07_22619585	22619585	22.6196	0.215385	59.0698	0.0921053	64.1359	-0.0357358
7	Gm07_22639175	22639175	22.6392	0.2	58.9523	0.105263	63.9474	-0.0353224
7	Gm07_22680351	22680351	22.6804	0.0153846	59.6432	0.684211	62.5475	-0.020649
7	Gm07_22700344	22700344	22.7003	0.0153846	59.5564	0.684211	62.6221	-0.0217992
7	Gm07_22700559	22700559	22.7006	0.0153846	59.6524	0.684211	62.8557	-0.0227166
7	Gm07_22726118	22726118	22.7261	0.2	58.6041	0.0657895	62.9355	-0.0309672
7	Gm07_22753396	22753396	22.7534	0.0153846	58.7792	0.684211	62.7778	-0.0285825
7	Gm07_22761530	22761530	22.7615	0.215385	57.9717	0.0657895	63.2542	-0.0378738
7	Gm07_22763845	22763845	22.7638	0.230769	56.7093	0.0789474	63.2515	-0.0474168
7	Gm07_22832682	22832682	22.8327	0.215385	57.4616	0.776316	62.6802	-0.0377528
7	Gm07_22869954	22869954	22.87	0.0153846	57.4831	0.684211	62.2277	-0.0344434
7	Gm07_22882046	22882046	22.882	0.169231	56.8781	0.0657895	62.6238	-0.0417948
7	Gm07_22933029	22933029	22.933	0.261538	54.3477	0.815789	62.5947	-0.0613564
7	Gm07_22942921	22942921	22.9429	0.246154	55.4359	0.802632	62.8529	-0.0545339
7	Gm07_22943356	22943356	22.9434	0.0153846	55.7861	0.684211	61.6033	-0.0430782
7	Gm07_22993879	22993879	22.9939	0.215385	55.3435	0.0789474	62.9958	-0.0562448
7	Gm07_22999108	22999108	22.9991	0.0153846	56.0657	0.684211	62.8291	-0.0494639
7	Gm07_22999423	22999423	22.9994	0.323077	40.736	0	63.3788	-0.191966
7	Gm07_23001576	23001576	23.0016	0.0153846	44.2822	0.671053	62.9535	-0.152791
7	Gm07_23008106	23008106	23.0081	0.246154	43.5856	0.802632	63.0955	-0.160655
7	Gm07_23019975	23019975	23.02	0.0153846	44.0881	0.684211	63.1217	-0.155857
7	Gm07_23032753	23032753	23.0328	0.215385	43.6922	0.0789474	63.2588	-0.160718
7	Gm07_23074558	23074558	23.0746	0.0153846	44.032	0.684211	63.0414	-0.155858
7	Gm07_23091998	23091998	23.092	0.2	43.8622	0.0789474	63.4818	-0.160559
7	Gm07_23094036	23094036	23.094	0.0153846	44.1972	0.671053	63.2017	-0.155334
7	Gm07_23122022	23122022	23.122	0.215385	43.8985	0.0789474	63.5689	-0.160795
7	Gm07_23158871	23158871	23.1589	0.246154	43.8024	0.789474	63.4307	-0.160802
7	Gm07_23161913	23161913	23.1619	0.246154	43.929	0.776316	63.5587	-0.160423
7	Gm07_23197976	23197976	23.198	0.2	44.0392	0.0789474	63.6172	-0.159735
7	Gm07_23227863	23227863	23.2279	0.0153846	44.39	0.684211	63.5301	-0.155694
7	Gm07_23240703	23240703	23.2407	0.230769	44.315	0.0921053	64.9044	-0.165724
7	Gm07_23272647	23272647	23.2726	0.2	44.5242	0.0789474	64.9866	-0.164228
7	Gm07_23328557	23328557	23.3286	0.2	44.5188	0.0921053	64.8762	-0.163542
7	Gm07_23329464	23329464	23.3295	0.323077	41.3801	0	65.0776	-0.19664
7	Gm07_23351449	23351449	23.3514	0.215385	60.0551	0.105263	64.8946	-0.0336588
7	Gm07_23356521	23356521	23.3565	0.0153846	61.5539	0.697368	64.0053	-0.01696
7	Gm07_23418994	23418994	23.419	0	61.543	0.631579	58.2333	0.0240072
7	Gm07_23446093	23446093	23.4461	0.0153846	61.8955	0.657895	57.2907	0.0335748
7	Gm07_23449858	23449858	23.4499	0	62.1273	0.618421	58.7606	0.0241965
7	Gm07_23469985	23469985	23.47	0.2	61.1692	0.0789474	59.9644	0.00863936
7	Gm07_23499211	23499211	23.4992	0.184615	61.458	0.0657895	60.2527	0.00860158
7	Gm07_23499543	23499543	23.4995	0.215385	61.6007	0.0789474	60.3651	0.00879976
7	Gm07_23502883	23502883	23.5029	0.0153846	62.3919	0.671053	59.5544	0.0202141
7	Gm07_23504791	23504791	23.5048	0.0153846	62.6471	0.684211	59.7036	0.0209003
7	Gm07_23504802	23504802	23.5048	0.2	62.277	0.0789474	60.1441	0.0151346
7	Gm07_23511512	23511512	23.5115	0.215385	62.2244	0.789474	59.7695	0.017481
7	Gm07_23511610	23511610	23.5116	0.215385	62.4271	0.0921053	60.0268	0.0170279
7	Gm07_23548823	23548823	23.5488	0	62.7609	0.605263	59.0868	0.0261986
7	Gm07_23560045	23560045	23.56	0.2	62.7978	0.0789474	64.2033	-0.00961267
7	Gm07_23560109	23560109	23.5601	0.0153846	63.2939	0.671053	63.9662	-0.00458863
7	Gm07_23571505	23571505	23.5715	0.230769	63.1604	0.802632	64.2883	-0.00768707
7	Gm07_23592741	23592741	23.5927	0.169231	63.3813	0.0657895	64.9615	-0.0106953
7	Gm07_23603936	23603936	23.6039	0.215385	63.6258	0.0789474	65.1271	-0.0101285
7	Gm07_23614409	23614409	23.6144	0.0153846	64.0474	0.671053	64.3998	-0.00238358
7	Gm07_23638172	23638172	23.6382	0.184615	64.0162	0.0789474	65.4289	-0.00947918
7	Gm07_23645605	23645605	23.6456	0.215385	64.1116	0.0921053	65.5059	-0.00934384
7	Gm07_23646910	23646910	23.6469	0.0153846	65.3769	0.684211	65.2823	0.000629018
7	Gm07_23672706	23672706	23.6727	0.0153846	65.668	0.684211	65.4931	0.00115847
7	Gm07_23694724	23694724	23.6947	0.0153846	65.6386	0.697368	65.558	0.000533571
7	Gm07_23694734	23694734	23.6947	0.184615	65.0305	0.0657895	66.5779	-0.0102127
7	Gm07_23696981	23696981	23.697	0.107692	58.8779	0.0394737	65.9031	-0.0489537
7	Gm07_23702112	23702112	23.7021	0.230769	68.965	0.0921053	66.6601	0.0147624
7	Gm07_23729490	23729490	23.7295	0.215385	68.9569	0.0789474	66.528	0.0155735
7	Gm07_23729755	23729755	23.7298	0.0153846	69.6509	0.697368	65.8145	0.0246054
7	Gm07_23755763	23755763	23.7558	0.276923	68.1262	0.815789	65.8948	0.0144631
7	Gm07_23762139	23762139	23.7621	0.215385	72.328	0.0921053	67.2242	0.0317807
7	Gm07_23762227	23762227	23.7622	0.215385	72.7254	0.0789474	67.361	0.0332778
7	Gm07_23767819	23767819	23.7678	0.230769	73.0879	0.0789474	67.4422	0.0349141
7	Gm07_23795668	23795668	23.7957	0.0153846	73.6988	0.684211	66.4781	0.0447818
7	Gm07_23810586	23810586	23.8106	0.2	73.6632	0.0789474	66.8804	0.0419521
7	Gm07_23814394	23814394	23.8144	0.246154	73.9345	0.776316	66.8602	0.0436792
7	Gm07_23819552	23819552	23.8196	0.2	74.6579	0.0921053	67.4454	0.0441238
7	Gm07_23829811	23829811	23.8298	0.2	74.9203	0.0789474	67.5773	0.0447989
7	Gm07_23853498	23853498	23.8535	0.215385	75.2283	0.75	66.9147	0.0508599
7	Gm07_23863055	23863055	23.8631	0.2	75.3849	0.0789474	67.1784	0.050055
7	Gm07_23869970	23869970	23.87	0.215385	75.6201	0.75	66.9669	0.0527775
7	Gm07_23893488	23893488	23.8935	0.0153846	76.1608	0.671053	66.9325	0.0560946
7	Gm07_23912187	23912187	23.9122	0.2	76.1734	0.0789474	67.8564	0.0502129
7	Gm07_23946261	23946261	23.9463	0.184615	76.3298	0.0657895	67.9552	0.0504712
7	Gm07_23983054	23983054	23.9831	0.215385	76.3482	0.0921053	66.506	0.0599379
7	Gm07_23995013	23995013	23.995	0.0153846	77.0939	0.684211	67.3631	0.0585979
7	Gm07_23998870	23998870	23.9989	0.2	77.2489	0.0789474	69.2018	0.0477747
7	Gm07_23999147	23999147	23.9991	0.2	77.1811	0.0921053	68.9037	0.0492682
7	Gm07_24000444	24000444	24.0004	0.2	77.4251	0.0789474	69.0502	0.0497167
7	Gm07_24045533	24045533	24.0455	0.230769	77.307	0.0921053	68.9772	0.0495135
7	Gm07_24073334	24073334	24.0733	0.2	77.7308	0.0789474	69.1526	0.0507846
7	Gm07_24079104	24079104	24.0791	0.184615	77.5807	0.0789474	69.1867	0.0497309
7	Gm07_24088428	24088428	24.0884	0.215385	77.787	0.789474	67.5816	0.0610783
7	Gm07_24099114	24099114	24.0991	0.230769	77.9457	0.0921053	67.7817	0.0606796
7	Gm07_24099259	24099259	24.0993	0.0153846	78.1474	0.697368	67.2215	0.0654061
7	Gm07_24099514	24099514	24.0995	0.246154	77.9962	0.802632	67.4398	0.0631572
7	Gm07_24102116	24102116	24.1021	0.2	78.6395	0.0789474	68.1425	0.0622228
7	Gm07_24125888	24125888	24.1259	0.2	78.8642	0.0789474	68.1362	0.0635019
7	Gm07_24127308	24127308	24.1273	0.2	78.9302	0.105263	67.905	0.0653412
7	Gm07_24150475	24150475	24.1505	0.0153846	79.7322	0.671053	66.9542	0.0758558
7	Gm07_24156638	24156638	24.1566	0.0153846	80.1278	0.684211	67.248	0.0761035
7	Gm07_24197571	24197571	24.1976	0.2	79.881	0.0921053	67.4907	0.0731998
7	Gm07_24197913	24197913	24.1979	0.230769	79.964	0.789474	67.3758	0.074391
7	Gm07_24202460	24202460	24.2025	0.0153846	80.5189	0.684211	67.1193	0.0790507
7	Gm07_24265917	24265917	24.2659	0.0153846	80.7948	0.697368	67.2373	0.0797732
7	Gm07_24269498	24269498	24.2695	0.2	80.6185	0.0789474	67.6831	0.0759546
7	Gm07_24307983	24307983	24.308	0.2	80.552	0.0789474	67.4428	0.0771409
7	Gm07_24308372	24308372	24.3084	0.0153846	81.1475	0.657895	65.6878	0.0917906
7	Gm07_24320630	24320630	24.3206	0.2	81.1024	0.0921053	67.703	0.0784262
7	Gm07_24327330	24327330	24.3273	0.2	81.3114	0.0789474	67.7519	0.0792299
7	Gm07_24364049	24364049	24.364	0.215385	81.2358	0.0789474	67.8097	0.078456
7	Gm07_24369245	24369245	24.3692	0.246154	81.1861	0.802632	67.2633	0.0817031
7	Gm07_24409598	24409598	24.4096	0.246154	81.2576	0.776316	67.135	0.0829152
7	Gm07_24431730	24431730	24.4317	0.230769	81.146	0.105263	66.8804	0.0839682
7	Gm07_24469137	24469137	24.4691	0.2	81.4612	0.0921053	67.4826	0.0817589
7	Gm07_24598437	24598437	24.5984	0.0153846	81.7674	0.697368	67.23	0.0850173
7	Gm07_24605791	24605791	24.6058	0.2	81.6821	0.0921053	67.7373	0.0812985
7	Gm07_24617190	24617190	24.6172	0.215385	80.7425	0.0789474	67.8887	0.0753048
7	Gm07_24619352	24619352	24.6194	0.246154	82.2995	0.763158	67.1808	0.0881519
7	Gm07_24644701	24644701	24.6447	0.230769	82.4255	0.0921053	67.5303	0.086563
7	Gm07_24718356	24718356	24.7184	0.230769	82.4658	0.0789474	67.5143	0.0868781
7	Gm07_24768954	24768954	24.769	0	82.5731	0.631579	62.3545	0.121971
7	Gm07_24787865	24787865	24.7879	0.2	82.3774	0.0921053	68.8562	0.0778649
7	Gm07_24788476	24788476	24.7885	0.215385	82.2374	0.0789474	68.7374	0.0778762
7	Gm07_24788954	24788954	24.789	0.0153846	82.5837	0.684211	67.9984	0.0843955
7	Gm07_24789922	24789922	24.7899	0.215385	82.2884	0.776316	67.975	0.0829895
7	Gm07_24826471	24826471	24.8265	0.230769	82.2263	0.0921053	68.2644	0.0808164
7	Gm07_24834343	24834343	24.8343	0.184615	82.5015	0.0657895	68.4006	0.0814022
7	Gm07_24856917	24856917	24.8569	0.0153846	82.833	0.697368	67.7613	0.0872218
7	Gm07_24865326	24865326	24.8653	0.230769	82.515	0.0921053	66.8039	0.091731
7	Gm07_24929036	24929036	24.929	0.230769	82.6285	0.0921053	68.1494	0.0836678
7	Gm07_24955720	24955720	24.9557	0.246154	82.7601	0.776316	67.9274	0.0857756
7	Gm07_24961755	24961755	24.9618	0.2	82.9554	0.0789474	68.8733	0.0807939
7	Gm07_24974684	24974684	24.9747	0.184615	83.0871	0.0789474	68.9192	0.0811934
7	Gm07_25006493	25006493	25.0065	0.215385	83.2041	0.0789474	69.0186	0.0811788
7	Gm07_25011629	25011629	25.0116	0.230769	83.0666	0.0789474	68.7883	0.0819119
7	Gm07_25018571	25018571	25.0186	0.0153846	83.6025	0.671053	67.4711	0.0931017
7	Gm07_25048335	25048335	25.0483	0.0153846	83.6354	0.684211	67.5997	0.0924452
7	Gm07_25081809	25081809	25.0818	0.230769	83.072	0.0789474	68.113	0.0862252
7	Gm07_25082105	25082105	25.0821	0.230769	83.0009	0.0789474	68.023	0.086427
7	Gm07_25086879	25086879	25.0869	0.2	82.8096	0.0921053	67.8337	0.0866351
7	Gm07_25152186	25152186	25.1522	0.0153846	83.0789	0.684211	67.2273	0.0919447
7	Gm07_25159486	25159486	25.1595	0.215385	82.6523	0.0789474	67.3925	0.0886438
7	Gm07_25194369	25194369	25.1944	0.0153846	82.555	0.697368	66.9641	0.0909009
7	Gm07_25239849	25239849	25.2398	0.246154	82.0716	0.776316	66.9385	0.0885168
7	Gm07_25256319	25256319	25.2563	0.230769	81.9456	0.0921053	67.1245	0.0866444
7	Gm07_25256511	25256511	25.2565	0.246154	81.6566	0.789474	66.837	0.0869743
7	Gm07_25286752	25286752	25.2868	0.2	81.4596	0.0921053	66.9716	0.0850517
7	Gm07_25297621	25297621	25.2976	0.2	81.1841	0.0789474	66.8741	0.0842131
7	Gm07_25298259	25298259	25.2983	0.0153846	80.9964	0.671053	65.8842	0.0896844
7	Gm07_25356571	25356571	25.3566	0.2	80.4956	0.0921053	65.9467	0.086579
7	Gm07_25358428	25358428	25.3584	0.0153846	80.4799	0.684211	65.5707	0.088978
7	Gm07_25399620	25399620	25.3996	0.230769	80.0678	0.0921053	66.6509	0.0796517
7	Gm07_25399756	25399756	25.3998	0.230769	79.7902	0.0921053	66.4655	0.0793531
7	Gm07_25400075	25400075	25.4001	0.215385	79.4841	0.0789474	66.289	0.0788391
7	Gm07_25404912	25404912	25.4049	0.230769	79.2622	0.0921053	65.9529	0.079832
7	Gm07_25429904	25429904	25.4299	0.215385	78.9198	0.789474	64.8442	0.085315
7	Gm07_25433801	25433801	25.4338	0.230769	78.6285	0.105263	64.7701	0.0842059
7	Gm07_25473823	25473823	25.4738	0.0153846	79.2165	0.671053	64.2683	0.0908187
7	Gm07_25505090	25505090	25.5051	0.0153846	78.9844	0.684211	64.1762	0.0901671
7	Gm07_25505206	25505206	25.5052	0.2	78.2866	0.0789474	64.5926	0.0835045
7	Gm07_25505579	25505579	25.5056	0.2	77.9889	0.0789474	64.4058	0.083108
7	Gm07_25506108	25506108	25.5061	0.0153846	77.8805	0.671053	63.5857	0.088069
7	Gm07_25593004	25593004	25.593	0.215385	77.3342	0.776316	63.501	0.0855909
7	Gm07_25638822	25638822	25.6388	0.2	77.052	0.0921053	63.5268	0.0838267
7	Gm07_25646750	25646750	25.6468	0.215385	76.6706	0.802632	63.2051	0.0838771
7	Gm07_25646756	25646756	25.6468	0.215385	76.2689	0.776316	62.9093	0.0836323
7	Gm07_25722986	25722986	25.723	0.0153846	76.3309	0.697368	62.6077	0.0860726
7	Gm07_25739668	25739668	25.7397	0.0153846	75.902	0.697368	62.4048	0.0850352
7	Gm07_25793162	25793162	25.7932	0.230769	74.9912	0.776316	61.0033	0.0896574
7	Gm07_25803902	25803902	25.8039	0.0153846	75.2899	0.697368	61.8613	0.085318
7	Gm07_25807753	25807753	25.8078	0.2	74.4315	0.105263	61.8023	0.0807525
7	Gm07_25809089	25809089	25.8091	0.215385	73.9529	0.776316	61.8962	0.0772913
7	Gm07_25815366	25815366	25.8154	0.153846	63.0437	0.0263158	60.5713	0.0173745
7	Gm07_25815380	25815380	25.8154	0.153846	62.3194	0.0263158	60.3706	0.0137972
7	Gm07_25815397	25815397	25.8154	0.153846	62.2345	0.0263158	60.2155	0.0143228
7	Gm07_25819815	25819815	25.8198	0.2	69.0051	0.0789474	61.2823	0.051546
7	Gm07_25826910	25826910	25.8269	0.215385	68.6224	0.776316	60.1153	0.0574809
7	Gm07_25827650	25827650	25.8276	0.215385	68.3847	0.776316	60.0197	0.0566647
7	Gm07_25865585	25865585	25.8656	0.0153846	68.2908	0.684211	59.5182	0.0597123
7	Gm07_25877384	25877384	25.8774	0.2	67.8675	0.0789474	61.3162	0.0440864
7	Gm07_25877419	25877419	25.8774	0.2	67.6271	0.0921053	61.1899	0.0434411
7	Gm07_25880953	25880953	25.881	0.2	67.3213	0.0921053	59.7796	0.0515992
7	Gm07_25910623	25910623	25.9106	0.215385	66.945	0.0921053	60.8163	0.0416983
7	Gm07_25953272	25953272	25.9533	0.2	66.8528	0.0789474	60.8779	0.0406597
7	Gm07_25954721	25954721	25.9547	0.215385	66.5388	0.0394737	60.6386	0.0403254
7	Gm07_25961495	25961495	25.9615	0.0153846	66.4602	0.697368	59.0656	0.0512275
7	Gm07_26037182	26037182	26.0372	0.2	65.9647	0.0921053	59.131	0.0474958
7	Gm07_26037207	26037207	26.0372	0.230769	63.9989	0.802632	58.6034	0.0382497
7	Gm07_26053011	26053011	26.053	0.2	64.9073	0.0789474	59.3407	0.0389403
7	Gm07_26060721	26060721	26.0607	0.2	64.7377	0.0921053	59.2083	0.0387751
7	Gm07_26064892	26064892	26.0649	0.215385	64.4055	0.789474	58.398	0.0425251
7	Gm07_26136330	26136330	26.1363	0.0153846	64.3156	0.684211	58.1934	0.0434424
7	Gm07_26141573	26141573	26.1416	0.2	63.8694	0.0789474	58.6633	0.0369266
7	Gm07_26275773	26275773	26.2758	0.169231	63.1706	0.0657895	58.5182	0.033224
7	Gm07_26301724	26301724	26.3017	0.215385	63.2521	0.0789474	58.4448	0.0343289
7	Gm07_26307931	26307931	26.3079	0.0153846	63.3633	0.684211	57.7301	0.0404357
7	Gm07_26311445	26311445	26.3114	0.2	62.8976	0.0921053	59.5608	0.0236736
7	Gm07_26343680	26343680	26.3437	0.215385	62.0336	0.0789474	59.4057	0.0187983
7	Gm07_26362633	26362633	26.3626	0.2	61.9334	0.0921053	59.2639	0.0191349
7	Gm07_26371322	26371322	26.3713	0.2	61.6481	0.0921053	59.2642	0.0171277
7	Gm07_26374940	26374940	26.3749	0.2	61.5764	0.0921053	59.2953	0.0163942
7	Gm07_26377076	26377076	26.3771	0.215385	61.0822	0.0789474	59.2114	0.0135088
7	Gm07_26416674	26416674	26.4167	0.2	60.9735	0.0789474	59.0783	0.0137134
7	Gm07_26419651	26419651	26.4197	0.2	60.9742	0.0789474	59.1528	0.0131705
7	Gm07_26420118	26420118	26.4201	0.230769	60.3645	0.776316	57.0468	0.0245505
7	Gm07_26478902	26478902	26.4789	0.215385	60.3288	0.776316	56.9604	0.0249514
7	Gm07_26479114	26479114	26.4791	0.215385	60.0435	0.776316	56.8098	0.0240425
7	Gm07_26495954	26495954	26.496	0.2	59.8436	0.0921053	57.2805	0.0190105
7	Gm07_26499365	26499365	26.4994	0.2	59.4618	0.0789474	57.3308	0.0158499
7	Gm07_26507501	26507501	26.5075	0.153846	46.3746	0.0394737	56.464	-0.085492
7	Gm07_26508809	26508809	26.5088	0.2	52.4524	0.0921053	56.4066	-0.0315644
7	Gm07_26509011	26509011	26.509	0.230769	52.0937	0.0789474	56.3007	-0.0337286
7	Gm07_26575981	26575981	26.576	0.0153846	52.1984	0.684211	54.4699	-0.0184989
7	Gm07_26576009	26576009	26.576	0.230769	50.6829	0.0789474	54.8338	-0.0341872
7	Gm07_26576054	26576054	26.5761	0.0153846	51.8052	0.578947	46.9891	0.0423761
7	Gm07_26576078	26576078	26.5761	0.230769	51.3164	0.776316	50.5059	0.00691409
7	Gm07_26576098	26576098	26.5761	0.2	51.4637	0.0789474	50.7314	0.00622384
7	Gm07_26596318	26596318	26.5963	0.0153846	51.6517	0.631579	46.9734	0.0412325
7	Gm07_26609024	26609024	26.609	0.2	51.2564	0.0789474	49.945	0.0112559
7	Gm07_26651537	26651537	26.6515	0.2	51.3488	0.0657895	50.0253	0.0113404
7	Gm07_26840031	26840031	26.84	0.215385	51.3864	0.776316	49.906	0.012696
7	Gm07_26840665	26840665	26.8407	0.215385	51.2949	0.0921053	51.3418	-0.000396476
7	Gm07_26853232	26853232	26.8532	0.215385	51.1304	0.131579	49.7935	0.0115073
7	Gm07_26865349	26865349	26.8653	0.2	51.0799	0.0789474	51.4444	-0.00308774
7	Gm07_26877816	26877816	26.8778	0.2	50.9759	0.0789474	51.406	-0.00364904
7	Gm07_26906090	26906090	26.9061	0.2	50.994	0.0789474	51.4801	-0.00411984
7	Gm07_26906145	26906145	26.9061	0.215385	50.8428	0.0921053	51.3901	-0.00465014
7	Gm07_26906357	26906357	26.9064	0.230769	50.6472	0.802632	50.0425	0.00521676
7	Gm07_26911487	26911487	26.9115	0.246154	50.3098	0.789474	49.8967	0.00358094
7	Gm07_26916471	26916471	26.9165	0.2	50.5158	0.0921053	50.697	-0.00155506
7	Gm07_26916499	26916499	26.9165	0.215385	50.4598	0.105263	50.5843	-0.00106964
7	Gm07_26916748	26916748	26.9167	0.2	50.3755	0.0921053	50.5847	-0.00179942
7	Gm07_26938044	26938044	26.938	0.246154	50.0388	0.802632	49.7533	0.00248502
7	Gm07_26948998	26948998	26.949	0.2	50.1744	0.0789474	50.2631	-0.000767672
7	Gm07_27000381	27000381	27.0004	0.215385	50.1061	0.0921053	50.1651	-0.000511565
7	Gm07_27017646	27017646	27.0176	0.323077	42.6401	0.197368	44.6933	-0.0204247
7	Gm07_27056227	27056227	27.0562	0.0153846	48.3433	0.684211	51.7149	-0.0292791
7	Gm07_27093959	27093959	27.094	0.0153846	48.4339	0.684211	51.8635	-0.0297119
7	Gm07_27096217	27096217	27.0962	0.215385	48.0461	0.0921053	52.7962	-0.0409439
7	Gm07_27099819	27099819	27.0998	0.230769	47.9702	0.0921053	52.8519	-0.0420891
7	Gm07_27105202	27105202	27.1052	0.446154	37.7104	0.144737	52.3474	-0.142434
7	Gm07_27108682	27108682	27.1087	0.0923077	41.8145	0.0657895	53.0225	-0.103133
7	Gm07_27132947	27132947	27.1329	0.215385	42.6891	0.0921053	53.0018	-0.0939734
7	Gm07_27153946	27153946	27.1539	0.0153846	43.1116	0.671053	52.2704	-0.0836617
7	Gm07_27172390	27172390	27.1724	0.215385	42.7363	0.0789474	52.483	-0.0892217
7	Gm07_27180953	27180953	27.181	0.0153846	43.0281	0.684211	52.2133	-0.0840287
7	Gm07_27240435	27240435	27.2404	0.215385	42.954	0.0921053	51.6471	-0.0800428
7	Gm07_27258016	27258016	27.258	0.246154	42.3641	0.0921053	52.9359	-0.0967527
7	Gm07_27306486	27306486	27.3065	0	43.4201	0.605263	48.1543	-0.0449441
7	Gm07_27331674	27331674	27.3317	0.2	43.3549	0.0789474	50.3314	-0.0648014
7	Gm07_27331688	27331688	27.3317	0.230769	43.4166	0.0789474	50.4513	-0.0652173
7	Gm07_27347110	27347110	27.3471	0.230769	43.5262	0.763158	49.9108	-0.0594435
7	Gm07_27347115	27347115	27.3471	0.215385	43.6479	0.0789474	50.2482	-0.0611574
7	Gm07_27347245	27347245	27.3472	0.0153846	43.9976	0.684211	50.084	-0.0562692
7	Gm07_27421379	27421379	27.4214	0.2	43.6072	0.0789474	51.1066	-0.0689186
7	Gm07_27422116	27422116	27.4221	0.184615	43.7474	0.0657895	51.333	-0.0694446
7	Gm07_27432078	27432078	27.4321	0.0923077	41.2393	0.0131579	50.998	-0.0922423
7	Gm07_27433714	27433714	27.4337	0.215385	44.9599	0.0921053	52.1527	-0.0644508
7	Gm07_27438076	27438076	27.4381	0.0153846	45.3887	0.697368	51.2764	-0.05297
7	Gm07_27438306	27438306	27.4383	0.230769	44.929	0.105263	51.6879	-0.0608623
7	Gm07_27441813	27441813	27.4418	0.215385	45.0457	0.0789474	51.8783	-0.0613327
7	Gm07_27476735	27476735	27.4767	0.230769	45.1839	0.763158	51.2841	-0.0549993
7	Gm07_27582118	27582118	27.5821	0.230769	45.4021	0.0789474	51.8835	-0.0579527
7	Gm07_27591771	27591771	27.5918	0.230769	45.6383	0.789474	51.9932	-0.0566172
7	Gm07_27650142	27650142	27.6501	0.215385	45.5776	0.0921053	52.0107	-0.057341
7	Gm07_27681260	27681260	27.6813	0.0461538	42.7728	0.0526316	51.3834	-0.0796548
7	Gm07_27746142	27746142	27.7461	0.230769	43.476	0.789474	51.5812	-0.0742416
7	Gm07_27746205	27746205	27.7462	0.446154	39.0705	0.144737	51.3844	-0.118983
7	Gm07_27748627	27748627	27.7486	0.246154	60.138	0.802632	52.4243	0.0596162
7	Gm07_27792292	27792292	27.7923	0	60.6144	0.631579	50.9342	0.0755663
7	Gm07_27902201	27902201	27.9022	0.230769	60.8253	0.776316	53.0085	0.0597386
7	Gm07_27922333	27922333	27.9223	0.0153846	61.7949	0.697368	53.1445	0.0654938
7	Gm07_27931217	27931217	27.9312	0.0153846	62.0859	0.697368	53.2564	0.0666207
7	Gm07_27959020	27959020	27.959	0.230769	61.459	0.0789474	53.4264	0.0608296
7	Gm07_27977107	27977107	27.9771	0.230769	61.7465	0.776316	53.2099	0.06462
7	Gm07_27977406	27977406	27.9774	0.0153846	62.3481	0.684211	53.2651	0.0683801
7	Gm07_27977913	27977913	27.9779	0.230769	62.2799	0.776316	53.6435	0.0648302
7	Gm07_27984125	27984125	27.9841	0.0153846	62.849	0.684211	53.6545	0.0686921
7	Gm07_28007450	28007450	28.0074	0.246154	62.6079	0.776316	53.8489	0.0654524
7	Gm07_28014984	28014984	28.015	0.2	62.902	0.0657895	54.4727	0.0624855
7	Gm07_28021880	28021880	28.0219	0.215385	63.2976	0.0789474	54.5749	0.0643942
7	Gm07_28022968	28022968	28.023	0.0153846	63.7494	0.684211	54.0366	0.0717881
7	Gm07_28074618	28074618	28.0746	0.230769	63.8009	0.0921053	54.6723	0.0670593
7	Gm07_28078427	28078427	28.0784	0.184615	64.0924	0.0657895	54.697	0.0688426
7	Gm07_28080378	28080378	28.0804	0.0153846	65.8804	0.684211	54.465	0.0826383
7	Gm07_28087602	28087602	28.0876	0.0153846	66.1399	0.697368	54.5459	0.0837015
7	Gm07_28096879	28096879	28.0969	0.0461538	65.3885	0.0526316	54.8466	0.0763516
7	Gm07_28117779	28117779	28.1178	0.0153846	71.0907	0.671053	55.6906	0.106031
7	Gm07_28120418	28120418	28.1204	0.215385	69.8754	0.0789474	55.9498	0.096526
7	Gm07_28120644	28120644	28.1206	0.0153846	70.5297	0.697368	55.7568	0.102075
7	Gm07_28121779	28121779	28.1218	0.230769	70.2201	0.0921053	56.0561	0.0978384
7	Gm07_28125470	28125470	28.1255	0.246154	70.6149	0.789474	56.0516	0.100308
7	Gm07_28129810	28129810	28.1298	0.230769	70.9478	0.0789474	56.4318	0.0994151
7	Gm07_28134757	28134757	28.1348	0.0153846	71.5383	0.671053	56.0662	0.105838
7	Gm07_28138744	28138744	28.1387	0.2	71.3817	0.0789474	56.4454	0.101958
7	Gm07_28138797	28138797	28.1388	0.0153846	71.5265	0.657895	55.1284	0.113092
7	Gm07_28207396	28207396	28.2074	0.215385	71.2826	0.0789474	56.3644	0.101979
7	Gm07_28238812	28238812	28.2388	0	71.9068	0.605263	54.5067	0.12032
7	Gm07_28242874	28242874	28.2429	0.215385	71.6039	0.0789474	56.0691	0.106213
7	Gm07_28245033	28245033	28.245	0.0153846	72.1833	0.697368	55.801	0.111795
7	Gm07_28245583	28245583	28.2456	0.246154	71.7896	0.802632	55.7871	0.109528
7	Gm07_28294880	28294880	28.2949	0.215385	71.8195	0.0789474	55.8423	0.109279
7	Gm07_28311260	28311260	28.3113	0.0153846	72.5831	0.657895	54.5293	0.124205
7	Gm07_28315620	28315620	28.3156	0.2	72.5295	0.0789474	56.113	0.111451
7	Gm07_28346352	28346352	28.3464	0.0153846	73.1472	0.644737	53.7781	0.133592
7	Gm07_28388975	28388975	28.389	0.0153846	73.1616	0.697368	56.5355	0.111962
7	Gm07_28401516	28401516	28.4015	0.215385	72.7709	0.0921053	56.975	0.106274
7	Gm07_28414966	28414966	28.415	0.230769	72.8333	0.763158	56.8857	0.107327
7	Gm07_28489066	28489066	28.4891	0.230769	72.911	0.776316	57.0497	0.10654
7	Gm07_28507794	28507794	28.5078	0.0153846	73.2092	0.684211	57.1673	0.107418
7	Gm07_28561735	28561735	28.5617	0.215385	73.1191	0.0789474	58.5636	0.0964034
7	Gm07_28716992	28716992	28.717	0.230769	72.9847	0.0789474	58.6189	0.0951945
7	Gm07_28727391	28727391	28.7274	0.230769	73.0949	0.0789474	58.8695	0.0939972
7	Gm07_28749522	28749522	28.7495	0.230769	73.0859	0.0789474	59.0054	0.0929417
7	Gm07_28750829	28750829	28.7508	0.230769	72.9813	0.0789474	58.9581	0.0926676
7	Gm07_28751165	28751165	28.7512	0.0153846	73.2238	0.671053	56.8209	0.110144
7	Gm07_28769014	28769014	28.769	0.2	72.7236	0.0789474	58.6339	0.0935266
7	Gm07_28776198	28776198	28.7762	0.230769	72.6725	0.105263	58.6254	0.0932841
7	Gm07_28807143	28807143	28.8071	0.230769	72.604	0.776316	58.3126	0.0951978
7	Gm07_28812248	28812248	28.8122	0.246154	72.6834	0.802632	58.594	0.0935818
7	Gm07_28813880	28813880	28.8139	0.0153846	73.0906	0.684211	57.3514	0.105318
7	Gm07_28814750	28814750	28.8148	0.230769	72.8744	0.105263	59.3721	0.0889927
7	Gm07_28846257	28846257	28.8463	0.230769	72.8538	0.0789474	59.5402	0.0876424
7	Gm07_28846480	28846480	28.8465	0	73.2145	0.605263	57.6386	0.103884
7	Gm07_28854881	28854881	28.8549	0.215385	72.7868	0.0789474	59.2954	0.0890313
7	Gm07_28872520	28872520	28.8725	0.215385	72.7706	0.0921053	59.354	0.0885061
7	Gm07_28884585	28884585	28.8846	0.184615	72.7756	0.0789474	59.3967	0.0882232
7	Gm07_28897462	28897462	28.8975	0.215385	72.7152	0.0789474	59.4864	0.0872075
7	Gm07_28917843	28917843	28.9178	0.246154	72.5184	0.776316	58.3035	0.0947536
7	Gm07_28931985	28931985	28.932	0.230769	72.5932	0.0921053	58.87	0.0910023
7	Gm07_28935625	28935625	28.9356	0.184615	72.6501	0.0789474	58.9284	0.0909114
7	Gm07_28944519	28944519	28.9445	0	72.9004	0.605263	57.7788	0.100962
7	Gm07_28987861	28987861	28.9879	0.230769	72.4316	0.0921053	60.7148	0.0766335
7	Gm07_28987892	28987892	28.9879	0.230769	72.4102	0.0921053	60.7148	0.0765048
7	Gm07_28993347	28993347	28.9933	0.230769	72.0091	0.789474	60.3954	0.0763832
7	Gm07_28996629	28996629	28.9966	0.230769	72.1648	0.0789474	60.4421	0.0769858
7	Gm07_28998487	28998487	28.9985	0.246154	72.109	0.789474	60.2519	0.0780188
7	Gm07_29000956	29000956	29.001	0.2	72.1349	0.0657895	60.5229	0.0762255
7	Gm07_29014564	29014564	29.0146	0.246154	72.0681	0.789474	60.272	0.0776279
7	Gm07_29014836	29014836	29.0148	0.0153846	72.4122	0.684211	59.9051	0.0823477
7	Gm07_29018503	29018503	29.0185	0.215385	71.9184	0.0921053	60.7487	0.0733026
7	Gm07_29019851	29019851	29.0199	0.215385	71.8449	0.0921053	60.6979	0.0732223
7	Gm07_29052415	29052415	29.0524	0.2	71.7148	0.0789474	60.598	0.0731504
7	Gm07_29055199	29055199	29.0552	0.230769	71.4702	0.789474	59.6244	0.0787005
7	Gm07_29128265	29128265	29.1283	0.230769	71.3247	0.105263	59.867	0.0760522
7	Gm07_29146640	29146640	29.1466	0.2	71.4711	0.0789474	59.7823	0.0775575
7	Gm07_29177204	29177204	29.1772	0.0153846	71.877	0.697368	59.3608	0.08309
7	Gm07_29177485	29177485	29.1775	0.0153846	71.789	0.697368	59.2853	0.0831103
7	Gm07_29242557	29242557	29.2426	0.184615	71.407	0.0657895	60.0543	0.0751966
7	Gm07_29260463	29260463	29.2605	0.2	71.3084	0.0789474	59.9961	0.0750174
7	Gm07_29260499	29260499	29.2605	0.184615	71.2622	0.0657895	59.9293	0.0752203
7	Gm07_29307556	29307556	29.3076	0.0153846	71.5618	0.697368	59.0352	0.0835704
7	Gm07_29309727	29309727	29.3097	0.0153846	71.4444	0.697368	58.9374	0.0835775
7	Gm07_29311913	29311913	29.3119	0.230769	68.8417	0.0921053	59.1896	0.0656061
7	Gm07_29403250	29403250	29.4032	0.215385	68.2532	0.0657895	59.2195	0.0616584
7	Gm07_29420592	29420592	29.4206	0.276923	65.0459	0.802632	58.5949	0.0453602
7	Gm07_29445121	29445121	29.4451	0.2	65.7581	0.789474	58.4754	0.0509761
7	Gm07_29457259	29457259	29.4573	0.230769	65.8145	0.0921053	58.9964	0.0474961
7	Gm07_29459534	29459534	29.4595	0.215385	65.6274	0.0789474	58.8042	0.0476764
7	Gm07_29506548	29506548	29.5065	0.215385	65.4335	0.0789474	58.5761	0.0480797
7	Gm07_29513001	29513001	29.513	0.215385	65.3448	0.0789474	58.4405	0.0484967
7	Gm07_29521857	29521857	29.5219	0.230769	65.255	0.776316	57.2943	0.0565022
7	Gm07_29531849	29531849	29.5318	0.246154	65.0921	0.815789	57.3122	0.0552814
7	Gm07_29532734	29532734	29.5327	0.246154	65.0497	0.802632	57.2834	0.0552163
7	Gm07_29660052	29660052	29.6601	0.230769	65.0855	0.776316	57.3164	0.0552054
7	Gm07_29759170	29759170	29.7592	0.2	65.2247	0.0789474	57.4157	0.0553812
7	Gm07_29760750	29760750	29.7608	0	65.3709	0.605263	54.5111	0.0788998
7	Gm07_29881140	29881140	29.8811	0.215385	65.0147	0.0921053	59.0647	0.0416835
7	Gm07_29881162	29881162	29.8812	0.215385	64.7766	0.0921053	58.9212	0.0411464
7	Gm07_29903076	29903076	29.9031	0.230769	64.6278	0.0921053	58.9372	0.0400301
7	Gm07_29908741	29908741	29.9087	0.215385	64.7244	0.0921053	59.0376	0.0399396
7	Gm07_29921767	29921767	29.9218	0.123077	59.8746	0.0263158	56.5492	0.024816
7	Gm07_29929865	29929865	29.9299	0.2	62.3624	0.0789474	57.719	0.033604
7	Gm07_29992548	29992548	29.9925	0.0153846	62.2802	0.684211	56.1029	0.0453647
7	Gm07_29995592	29995592	29.9956	0.184615	61.8072	0.0657895	56.5755	0.0384109
7	Gm07_30013125	30013125	30.0131	0.215385	61.4042	0.0789474	56.3481	0.0373186
7	Gm07_30013551	30013551	30.0136	0.215385	61.1086	0.763158	55.6459	0.0406696
7	Gm07_30017569	30017569	30.0176	0.215385	60.7135	0.0789474	55.956	0.0354392
7	Gm07_30053740	30053740	30.0537	0.215385	60.4865	0.789474	55.6362	0.0363013
7	Gm07_30066370	30066370	30.0664	0.230769	60.246	0.0789474	56.2842	0.0295418
7	Gm07_30067123	30067123	30.0671	0.230769	59.9262	0.0921053	56.0721	0.0288695
7	Gm07_30071225	30071225	30.0712	0.230769	59.6129	0.105263	55.8596	0.0282428
7	Gm07_30084212	30084212	30.0842	0.0153846	59.7155	0.684211	54.8513	0.0369
7	Gm07_30128897	30128897	30.1289	0.246154	59.1005	0.802632	54.702	0.033588
7	Gm07_30129096	30129096	30.1291	0.0307692	58.9097	0.697368	54.5108	0.0337044
7	Gm07_30131339	30131339	30.1313	0.215385	58.4846	0.776316	54.4848	0.030766
7	Gm07_30135248	30135248	30.1352	0.215385	58.1906	0.0921053	54.9945	0.0245336
7	Gm07_30153790	30153790	30.1538	0.2	57.8907	0.0921053	54.4757	0.0264059
7	Gm07_30198671	30198671	30.1987	0.230769	57.6064	0.0921053	54.6331	0.0230145
7	Gm07_30203571	30203571	30.2036	0.230769	57.6691	0.789474	54.1235	0.0275575
7	Gm07_30235313	30235313	30.2353	0.230769	57.3108	0.789474	53.9868	0.0259489
7	Gm07_30250113	30250113	30.2501	0.230769	56.9526	0.789474	53.8502	0.024326
7	Gm07_30252601	30252601	30.2526	0.230769	56.5943	0.802632	53.7187	0.0226478
7	Gm07_30320392	30320392	30.3204	0.0461538	55.3917	0.723684	53.5129	0.0149865
7	Gm07_30346888	30346888	30.3469	0.0307692	55.6993	0.710526	53.2794	0.0192905
7	Gm07_30484968	30484968	30.485	0.0153846	55.3676	0.671053	52.6827	0.0215873
7	Gm07_30571195	30571195	30.5712	0.0307692	55.2665	0.697368	52.6822	0.0207984
7	Gm07_30574390	30574390	30.5744	0.0307692	55.0837	0.697368	52.6404	0.0197039
7	Gm07_30653564	30653564	30.6536	0.0153846	54.7686	0.684211	52.4728	0.0185974
7	Gm07_30654198	30654198	30.6542	0.246154	52.9546	0.802632	52.1626	0.00654504
7	Gm07_30697164	30697164	30.6972	0.0307692	57.2494	0.710526	52.6317	0.0365236
7	Gm07_30812511	30812511	30.8125	0.0461538	55.4786	0.684211	52.601	0.0231314
7	Gm07_30833541	30833541	30.8335	0.0307692	55.7886	0.697368	52.4673	0.0266565
7	Gm07_30836347	30836347	30.8363	0.0153846	55.5364	0.657895	51.0297	0.0367543
7	Gm07_30845481	30845481	30.8455	0.323077	37.779	0	51.5867	-0.135287
7	Gm07_30916197	30916197	30.9162	0	52.229	0.671053	50.0307	0.0186747
7	Gm07_30928408	30928408	30.9284	0.0153846	52.154	0.710526	50.6531	0.0126812
7	Gm07_30928459	30928459	30.9285	0	52.0468	0.684211	50.364	0.0142736
7	Gm07_30932095	30932095	30.9321	0	52.1734	0.697368	50.4949	0.0142013
7	Gm07_30940552	30940552	30.9406	0.0153846	51.9306	0.710526	50.1934	0.0147774
7	Gm07_30961603	30961603	30.9616	0	52.079	0.671053	48.9765	0.026675
7	Gm07_30988974	30988974	30.989	0.169231	46.0084	0	50.8798	-0.0437083
7	Gm07_30989289	30989289	30.9893	0.184615	45.1036	0	50.7376	-0.0511186
7	Gm07_30993784	30993784	30.9938	0.0153846	53.3739	0.697368	49.7586	0.0304608
7	Gm07_31045308	31045308	31.0453	0.0153846	53.3502	0.710526	49.4633	0.0328527
7	Gm07_31076875	31076875	31.0769	0.0153846	53.3964	0.697368	49.3713	0.0340377
7	Gm07_31094685	31094685	31.0947	0.0153846	53.3073	0.697368	49.1062	0.0356504
7	Gm07_31120195	31120195	31.1202	0.0769231	51.6909	0.0657895	46.1027	0.0496876
7	Gm07_31120225	31120225	31.1202	0.0769231	51.831	0.0657895	46.0676	0.0511943
7	Gm07_31120315	31120315	31.1203	0	56.3792	0.684211	47.2396	0.0768133
7	Gm07_31153748	31153748	31.1537	0	56.4913	0.631579	44.6629	0.102035
7	Gm07_31154012	31154012	31.154	0.0153846	56.327	0.697368	44.4454	0.10289
7	Gm07_31159721	31159721	31.1597	0	56.3323	0.605263	44.2741	0.104607
7	Gm07_31171772	31171772	31.1718	0.0461538	54.6855	0.131579	41.3819	0.121062
7	Gm07_31199807	31199807	31.1998	0.0153846	56.9346	0.723684	46.551	0.087447
7	Gm07_31203542	31203542	31.2035	0	57.1097	0.671053	46.4613	0.0896186
7	Gm07_31211934	31211934	31.2119	0	57.001	0.671053	46.2472	0.0907973
7	Gm07_31212309	31212309	31.2123	0.0153846	57.0537	0.723684	46.1745	0.0918819
7	Gm07_31217335	31217335	31.2173	0.0153846	56.9941	0.723684	46.0606	0.0925001
7	Gm07_31229693	31229693	31.2297	0.0153846	57.0055	0.697368	45.8958	0.0941441
7	Gm07_31235248	31235248	31.2352	0	57.1451	0.671053	45.7901	0.0962069
7	Gm07_31263627	31263627	31.2636	0.0153846	57.2326	0.723684	45.8278	0.0965141
7	Gm07_31409530	31409530	31.4095	0	57.2967	0.657895	42.9305	0.125364
7	Gm07_31409818	31409818	31.4098	0	57.4103	0.657895	42.9329	0.126199
7	Gm07_31417012	31417012	31.417	0	57.5238	0.697368	44.9095	0.107509
7	Gm07_31473866	31473866	31.4739	0.0153846	57.5684	0.684211	44.8713	0.108215
7	Gm07_31524402	31524402	31.5244	0.2	50.6973	0.0657895	44.7489	0.0542017
7	Gm07_31525172	31525172	31.5252	0.261538	48.7707	0.815789	44.3543	0.0412238
7	Gm07_31525409	31525409	31.5254	0	52.8476	0.671053	44.7013	0.0727057
7	Gm07_31527682	31527682	31.5277	0.0153846	52.9067	0.697368	44.7148	0.0730595
7	Gm07_31603407	31603407	31.6034	0	53.0243	0.671053	44.7209	0.0739643
7	Gm07_31603603	31603603	31.6036	0.0153846	53.1033	0.723684	44.9546	0.0723468
7	Gm07_31649601	31649601	31.6496	0	53.2884	0.697368	45.079	0.0726583
7	Gm07_31717957	31717957	31.718	0	53.3209	0.697368	45.035	0.073347
7	Gm07_31735201	31735201	31.7352	0.0153846	53.3266	0.710526	45.0581	0.0731711
7	Gm07_31785776	31785776	31.7858	0.2	52.063	0.0657895	45.0728	0.0626147
7	Gm07_31872847	31872847	31.8728	0	59.4498	0.697368	45.6866	0.114362
7	Gm07_31883072	31883072	31.8831	0.0615385	57.1942	0.0526316	44.7989	0.106085
7	Gm07_31883107	31883107	31.8831	0.0615385	57.3961	0.0657895	44.6452	0.109108
7	Gm07_31883120	31883120	31.8831	0.0615385	57.5044	0.0526316	44.7079	0.109316
7	Gm07_31883138	31883138	31.8831	0.0615385	57.6126	0.0657895	44.7599	0.109629
7	Gm07_31926218	31926218	31.9262	0	61.739	0.671053	47.0998	0.11754
7	Gm07_31930167	31930167	31.9302	0.107692	56.2261	0.0394737	46.6609	0.0809846
7	Gm07_31970254	31970254	31.9703	0.0153846	59.7262	0.697368	46.6807	0.107027
7	Gm07_32057013	32057013	32.057	0.0153846	59.9824	0.710526	46.8918	0.106927
7	Gm07_32057269	32057269	32.0573	0.0153846	60.1531	0.710526	46.9768	0.107375
7	Gm07_32077270	32077270	32.0773	0.0153846	60.3439	0.684211	47.0531	0.108045
7	Gm07_32131959	32131959	32.132	0.0153846	60.5142	0.0657895	44.8667	0.129934
7	Gm07_32214734	32214734	32.2147	0	60.6701	0.671053	48.9278	0.0934191
7	Gm07_32263042	32263042	32.263	0.0153846	60.8927	0.684211	49.2149	0.0924688
7	Gm07_32268378	32268378	32.2684	0.0153846	61.0625	0.697368	49.4406	0.0916908
7	Gm07_32269982	32269982	32.27	0.0153846	61.2324	0.723684	49.5322	0.0920937
7	Gm07_32330129	32330129	32.3301	0.0153846	61.4022	0.697368	49.2104	0.0961272
7	Gm07_32343285	32343285	32.3433	0	61.6025	0.697368	49.9325	0.0912153
7	Gm07_32343345	32343345	32.3433	0.0153846	61.834	0.697368	50.2386	0.09019
7	Gm07_32356453	32356453	32.3565	0.0769231	59.7648	0.0263158	50.6026	0.0722732
7	Gm07_32479118	32479118	32.4791	0.0153846	63.8293	0.723684	50.5799	0.101043
7	Gm07_32488999	32488999	32.489	0	64.174	0.684211	51.1236	0.0987374
7	Gm07_32489018	32489018	32.489	0	64.3744	0.671053	51.2767	0.0987932
7	Gm07_32492684	32492684	32.4927	0.0153846	64.5224	0.723684	51.5371	0.0975906
7	Gm07_32495137	32495137	32.4951	0.0153846	64.5182	0.671053	50.592	0.1056
7	Gm07_32495735	32495735	32.4957	0.0153846	64.7185	0.684211	52.0045	0.0949873
7	Gm07_32495771	32495771	32.4958	0.0153846	64.6972	0.684211	51.9477	0.0953196
7	Gm07_32497029	32497029	32.497	0.0153846	64.964	0.697368	52.2198	0.0948378
7	Gm07_32520700	32520700	32.5207	0	65.1947	0.671053	52.3375	0.0953995
7	Gm07_32581309	32581309	32.5813	0	65.3903	0.684211	52.4923	0.0954178
7	Gm07_32606469	32606469	32.6065	0.0153846	65.4772	0.684211	52.6371	0.0947977
7	Gm07_32627175	32627175	32.6272	0.0153846	65.6728	0.684211	52.817	0.0946116
7	Gm07_32634218	32634218	32.6342	0	65.9007	0.684211	52.9524	0.0950043
7	Gm07_32636734	32636734	32.6367	0.0923077	60.5133	0.697368	53.0018	0.0575599
