chr	id	pos	gpos	p1	ihh1	p2	ihh2	xpehh
7	Gm07_1936828	1936828	1.93683	0.0615385	0.414562	0.0526316	0.579381	-0.145375
7	Gm07_2036207	2036207	2.03621	0.0615385	0.412087	0.0526316	0.579667	-0.14819
7	Gm07_2093466	2093466	2.09347	0.0615385	0.415028	0.0526316	0.584547	-0.148742
7	Gm07_2100018	2100018	2.10002	0.0615385	0.410837	0.0526316	0.578384	-0.148547
7	Gm07_2114196	2114196	2.1142	0.0615385	0.4085	0.0394737	0.575148	-0.148587
7	Gm07_2126636	2126636	2.12664	0.0615385	0.411441	0.0526316	0.580129	-0.149217
7	Gm07_2134925	2134925	2.13492	0.0615385	0.411441	0.0526316	0.580129	-0.149217
7	Gm07_2191676	2191676	2.19168	0.0461538	0.409332	0.0921053	0.544545	-0.123958
7	Gm07_2220229	2220229	2.22023	0.0461538	0.404761	0.0526316	0.539176	-0.124532
7	Gm07_2271965	2271965	2.27196	0.138462	0.34125	0.105263	0.502266	-0.16786
7	Gm07_2282923	2282923	2.28292	0.123077	0.314911	0.0789474	0.483636	-0.186331
7	Gm07_2290993	2290993	2.29099	0.107692	0.323864	0.0394737	0.486784	-0.176975
7	Gm07_4567782	4567782	4.56778	0.230769	0.233795	0.815789	0.370596	-0.200066
7	Gm07_4567950	4567950	4.56795	0.230769	0.233795	0.815789	0.370596	-0.200066
7	Gm07_4573799	4573799	4.5738	0.707692	0.234625	0.144737	0.375982	-0.204793
7	Gm07_4622116	4622116	4.62212	0.0923077	0.283616	0.0789474	0.408097	-0.158033
7	Gm07_4622296	4622296	4.6223	0.0923077	0.283616	0.0789474	0.408097	-0.158033
7	Gm07_6953902	6953902	6.9539	0.0923077	0.254757	0.157895	0.370721	-0.162921
7	Gm07_6986309	6986309	6.98631	0.553846	0.220052	0.697368	0.354035	-0.20652
7	Gm07_7018224	7018224	7.01822	0.0307692	0.224246	0.552632	0.356119	-0.200871
7	Gm07_7018418	7018418	7.01842	0.476923	0.220692	0.0394737	0.367874	-0.221913
7	Gm07_7020968	7020968	7.02097	0.0923077	0.220611	0.710526	0.365216	-0.218922
7	Gm07_7025049	7025049	7.02505	0.569231	0.223366	0.697368	0.366418	-0.214959
7	Gm07_7127436	7127436	7.12744	0.230769	0.216328	0.118421	0.367886	-0.230601
7	Gm07_7127463	7127463	7.12746	0.215385	0.217178	0.118421	0.367886	-0.228897
7	Gm07_7150443	7150443	7.15044	0.0769231	0.220584	0.131579	0.36649	-0.220489
7	Gm07_7150807	7150807	7.15081	0.0769231	0.220584	0.131579	0.36649	-0.220489
7	Gm07_7151298	7151298	7.1513	0.0769231	0.220584	0.131579	0.36649	-0.220489
7	Gm07_7162007	7162007	7.16201	0.215385	0.212788	0.105263	0.36125	-0.229861
7	Gm07_7162034	7162034	7.16203	0.230769	0.205259	0.789474	0.35368	-0.236308
7	Gm07_7162810	7162810	7.16281	0.215385	0.20717	0.105263	0.355237	-0.234192
7	Gm07_7172588	7172588	7.17259	0.184615	0.206572	0.710526	0.353642	-0.233493
7	Gm07_7172614	7172614	7.17261	0.0769231	0.205639	0.144737	0.353325	-0.235068
7	Gm07_7172828	7172828	7.17283	0.0153846	0.205139	0	0.35577	-0.239122
7	Gm07_7172893	7172893	7.17289	0.261538	0.205528	0.842105	0.355672	-0.238179
7	Gm07_7180117	7180117	7.18012	0.276923	0.208313	0.157895	0.357651	-0.234742
7	Gm07_7191406	7191406	7.19141	0.0769231	0.212804	0.131579	0.361411	-0.230022
7	Gm07_7191687	7191687	7.19169	0.230769	0.21103	0.105263	0.36424	-0.237044
7	Gm07_7315872	7315872	7.31587	0.2	0.210909	0.289474	0.343241	-0.211505
7	Gm07_7315881	7315881	7.31588	0.646154	0.206117	0.157895	0.330416	-0.204947
7	Gm07_7315897	7315897	7.3159	0.646154	0.206117	0.157895	0.330416	-0.204947
7	Gm07_7316094	7316094	7.31609	0.646154	0.206117	0.157895	0.330416	-0.204947
7	Gm07_7333771	7333771	7.33377	0.676923	0.208722	0.342105	0.323244	-0.189961
7	Gm07_7333790	7333790	7.33379	0.0307692	0.208183	0.0657895	0.320601	-0.18752
7	Gm07_7333992	7333992	7.33399	0.661538	0.209084	0.302632	0.323274	-0.189249
7	Gm07_7388440	7388440	7.38844	0.0769231	0.263955	0.131579	0.32833	-0.0947807
7	Gm07_7388624	7388624	7.38862	0.0923077	0.263593	0.171053	0.327242	-0.0939346
7	Gm07_7422181	7422181	7.42218	0.215385	0.261313	0.592105	0.319457	-0.0872513
7	Gm07_7427047	7427047	7.42705	0.169231	0.262026	0.592105	0.319457	-0.0860675
7	Gm07_7454146	7454146	7.45415	0.184615	0.266183	0.565789	0.321258	-0.0816738
7	Gm07_7471165	7471165	7.47117	0.230769	0.263179	0.592105	0.320987	-0.0862356
7	Gm07_7584426	7584426	7.58443	0.107692	0.248405	0.131579	0.324459	-0.116
7	Gm07_7600185	7600185	7.60018	0.369231	0.221653	0.710526	0.319433	-0.158705
7	Gm07_7649493	7649493	7.64949	0.2	0.218879	0.565789	0.308853	-0.149547
7	Gm07_7649500	7649500	7.6495	0.2	0.218879	0.565789	0.308853	-0.149547
7	Gm07_7649544	7649544	7.64954	0.0615385	0.217184	0.0921053	0.307771	-0.151399
7	Gm07_7651301	7651301	7.6513	0.2	0.217008	0.565789	0.307481	-0.151342
7	Gm07_7651355	7651355	7.65135	0.123077	0.213796	0.171053	0.305338	-0.154782
7	Gm07_7651531	7651531	7.65153	0.0615385	0.213755	0.0921053	0.305344	-0.154873
7	Gm07_7651587	7651587	7.65159	0.0615385	0.213755	0.0921053	0.305344	-0.154873
7	Gm07_7651700	7651700	7.6517	0.123077	0.215678	0.171053	0.306207	-0.152211
7	Gm07_7651753	7651753	7.65175	0.261538	0.234673	0.565789	0.312829	-0.124844
7	Gm07_7675645	7675645	7.67565	0.2	0.23919	0.565789	0.314096	-0.11832
7	Gm07_7692494	7692494	7.69249	0.292308	0.235993	0.657895	0.316737	-0.127799
7	Gm07_7692514	7692514	7.69251	0.0769231	0.227726	0.0789474	0.314304	-0.139937
7	Gm07_7692716	7692716	7.69272	0.292308	0.229249	0.657895	0.315	-0.138004
7	Gm07_7726335	7726335	7.72633	0.107692	0.233897	0.0526316	0.325064	-0.142945
7	Gm07_7727164	7727164	7.72716	0.107692	0.233897	0.0526316	0.325064	-0.142945
7	Gm07_7727345	7727345	7.72734	0.353846	0.229652	0.710526	0.319141	-0.142913
7	Gm07_7734627	7734627	7.73463	0.338462	0.229424	0.697368	0.319297	-0.143556
7	Gm07_7735885	7735885	7.73588	0.4	0.233453	0.697368	0.325124	-0.143849
7	Gm07_7740624	7740624	7.74062	0.553846	0.233502	0.289474	0.325218	-0.143884
7	Gm07_7740682	7740682	7.74068	0.553846	0.233502	0.289474	0.325218	-0.143884
7	Gm07_7740834	7740834	7.74083	0.553846	0.233502	0.289474	0.325218	-0.143884
7	Gm07_7749582	7749582	7.74958	0.230769	0.232906	0.697368	0.325087	-0.144818
7	Gm07_7759960	7759960	7.75996	0.0769231	0.233881	0.105263	0.325778	-0.143928
7	Gm07_7761857	7761857	7.76186	0.169231	0.233032	0.592105	0.319522	-0.137085
7	Gm07_7761866	7761866	7.76187	0.123077	0.232311	0.0526316	0.326318	-0.147572
7	Gm07_7761883	7761883	7.76188	0.307692	0.231044	0.697368	0.326266	-0.149877
7	Gm07_7762097	7762097	7.7621	0.553846	0.231065	0.25	0.326272	-0.149845
7	Gm07_7762111	7762111	7.76211	0.123077	0.231079	0.0526316	0.326286	-0.149839
7	Gm07_7762226	7762226	7.76223	0.323077	0.232812	0.697368	0.327433	-0.148117
7	Gm07_7838619	7838619	7.83862	0.107692	0.238116	0.0263158	0.337644	-0.15167
7	Gm07_7853479	7853479	7.85348	0.369231	0.234615	0.723684	0.334925	-0.154591
7	Gm07_7854217	7854217	7.85422	0.246154	0.23576	0.671053	0.333489	-0.150611
7	Gm07_7895362	7895362	7.89536	0.6	0.240633	0.263158	0.335848	-0.144788
7	Gm07_7951363	7951363	7.95136	0.276923	0.251797	0.657895	0.341642	-0.132521
7	Gm07_7951411	7951411	7.95141	0.323077	0.250916	0.723684	0.34118	-0.133454
7	Gm07_7951423	7951423	7.95142	0.276923	0.253952	0.657895	0.34185	-0.129084
7	Gm07_7989635	7989635	7.98963	0.0615385	0.239951	0.171053	0.342591	-0.154654
7	Gm07_8012108	8012108	8.01211	0.307692	0.234122	0.710526	0.340628	-0.162838
7	Gm07_8012178	8012178	8.01218	0.307692	0.234122	0.723684	0.342038	-0.164631
7	Gm07_8014540	8014540	8.01454	0.323077	0.233788	0.723684	0.342038	-0.165252
7	Gm07_8046322	8046322	8.04632	0.184615	0.21655	0.236842	0.336389	-0.191283
7	Gm07_8092545	8092545	8.09254	0.507692	0.220812	0.144737	0.350779	-0.201011
7	Gm07_8128979	8128979	8.12898	0.646154	0.236183	0.0921053	0.359972	-0.18302
7	Gm07_8129014	8129014	8.12901	0.646154	0.236183	0.0921053	0.359972	-0.18302
7	Gm07_8144462	8144462	8.14446	0.215385	0.238542	0.618421	0.342171	-0.156678
7	Gm07_8169186	8169186	8.16919	0.107692	0.238969	0.0131579	0.349006	-0.164491
7	Gm07_8187677	8187677	8.18768	0.169231	0.231524	0.657895	0.336471	-0.162352
7	Gm07_8187865	8187865	8.18787	0.692308	0.228893	0.263158	0.333711	-0.163738
7	Gm07_8199857	8199857	8.19986	0.107692	0.244053	0.0789474	0.356554	-0.164642
7	Gm07_8203918	8203918	8.20392	0.138462	0.241182	0.131579	0.369277	-0.185008
7	Gm07_8246205	8246205	8.2462	0.123077	0.243934	0.0131579	0.387635	-0.20115
7	Gm07_8271611	8271611	8.27161	0.0923077	0.249566	0.0526316	0.393334	-0.197575
7	Gm07_8382283	8382283	8.38228	0.523077	0.229993	0	0.40694	-0.247816
7	Gm07_8427190	8427190	8.42719	0.0769231	0.277291	0.0657895	0.395205	-0.153887
7	Gm07_8427370	8427370	8.42737	0.738462	0.270938	0.236842	0.388196	-0.15618
7	Gm07_8427723	8427723	8.42772	0.738462	0.270938	0.236842	0.388196	-0.15618
7	Gm07_8427736	8427736	8.42774	0.738462	0.270938	0.236842	0.388196	-0.15618
7	Gm07_8427769	8427769	8.42777	0.261538	0.270938	0.736842	0.38676	-0.154571
7	Gm07_8427788	8427788	8.42779	0.261538	0.270938	0.736842	0.38676	-0.154571
7	Gm07_8427812	8427812	8.42781	0.0769231	0.272332	0	0.390668	-0.15671
7	Gm07_8479925	8479925	8.47992	0.584615	0.255652	0.263158	0.375779	-0.167284
7	Gm07_8480088	8480088	8.48009	0.584615	0.255652	0.263158	0.375779	-0.167284
7	Gm07_8481116	8481116	8.48112	0.584615	0.250654	0.263158	0.375779	-0.175858
7	Gm07_8496364	8496364	8.49636	0.184615	0.271759	0.0657895	0.419048	-0.18808
7	Gm07_8559591	8559591	8.55959	0.107692	0.305789	0.0131579	0.433126	-0.151191
7	Gm07_8657174	8657174	8.65717	0.0461538	0.307092	0.697368	0.399596	-0.114352
7	Gm07_8699663	8699663	8.69966	0.107692	0.301982	0.0131579	0.402662	-0.124959
7	Gm07_8734875	8734875	8.73488	0.0923077	0.297811	0.0394737	0.392766	-0.120192
7	Gm07_8734897	8734897	8.7349	0.0923077	0.297811	0.0394737	0.392766	-0.120192
7	Gm07_8841114	8841114	8.84111	0.138462	0.332154	0.697368	0.391233	-0.0710964
7	Gm07_8841603	8841603	8.8416	0.184615	0.330034	0.697368	0.391233	-0.0738775
7	Gm07_8841661	8841661	8.84166	0.138462	0.331722	0.697368	0.391233	-0.0716619
7	Gm07_8841942	8841942	8.84194	0.138462	0.331722	0.697368	0.391233	-0.0716619
7	Gm07_8845556	8845556	8.84556	0.138462	0.332507	0.697368	0.393024	-0.0726189
7	Gm07_8863929	8863929	8.86393	0.123077	0.332377	0.684211	0.392753	-0.0724882
7	Gm07_8863938	8863938	8.86394	0.184615	0.330474	0.697368	0.392772	-0.0750034
7	Gm07_8864176	8864176	8.86418	0.138462	0.331487	0.697368	0.392772	-0.073675
7	Gm07_8873983	8873983	8.87398	0.123077	0.332804	0.684211	0.395481	-0.0749376
7	Gm07_8874035	8874035	8.87403	0.123077	0.332171	0.697368	0.396005	-0.0763387
7	Gm07_8874821	8874821	8.87482	0.123077	0.332817	0.697368	0.396005	-0.0754945
7	Gm07_8875084	8875084	8.87508	0.215385	0.324963	0.736842	0.394812	-0.0845563
7	Gm07_8914752	8914752	8.91475	0.123077	0.339577	0.710526	0.398099	-0.0690534
7	Gm07_8950055	8950055	8.95006	0.123077	0.342255	0.684211	0.404444	-0.0725078
7	Gm07_8986243	8986243	8.98624	0.123077	0.338353	0.697368	0.399067	-0.071676
7	Gm07_9046880	9046880	9.04688	0.676923	0.288574	0.210526	0.388961	-0.129649
7	Gm07_9058577	9058577	9.05858	0.138462	0.288574	0.697368	0.386659	-0.127071
7	Gm07_9058583	9058583	9.05858	0.169231	0.287192	0.0789474	0.386491	-0.128967
7	Gm07_9058641	9058641	9.05864	0.676923	0.287439	0.210526	0.387263	-0.12946
7	Gm07_9058739	9058739	9.05874	0.676923	0.287439	0.210526	0.387263	-0.12946
7	Gm07_9065584	9065584	9.06558	0.676923	0.290121	0.197368	0.393226	-0.132063
7	Gm07_9065613	9065613	9.06561	0.676923	0.290121	0.197368	0.393226	-0.132063
7	Gm07_9065948	9065948	9.06595	0.153846	0.290207	0.697368	0.392341	-0.130957
7	Gm07_9069612	9069612	9.06961	0.169231	0.290271	0.0789474	0.394191	-0.132904
7	Gm07_9070960	9070960	9.07096	0.676923	0.291928	0.197368	0.395217	-0.13156
7	Gm07_9093791	9093791	9.09379	0.169231	0.302977	0.723684	0.390643	-0.110371
7	Gm07_9115826	9115826	9.11583	0.138462	0.304753	0.710526	0.39036	-0.107518
7	Gm07_9116079	9116079	9.11608	0.138462	0.304753	0.710526	0.39036	-0.107518
7	Gm07_12526723	12526723	12.5267	0.138462	0.480983	0.0657895	0.680365	-0.150613
7	Gm07_12559976	12559976	12.56	0.123077	0.487048	0.0657895	0.692331	-0.152742
7	Gm07_12574544	12574544	12.5745	0.123077	0.492939	0.0657895	0.70368	-0.154582
7	Gm07_12574607	12574607	12.5746	0.123077	0.492939	0.0657895	0.70368	-0.154582
7	Gm07_12575128	12575128	12.5751	0.123077	0.492939	0.0657895	0.70368	-0.154582
7	Gm07_12575283	12575283	12.5753	0.384615	0.375058	0	0.704927	-0.274046
7	Gm07_12596874	12596874	12.5969	0.123077	0.383055	0.0657895	0.70368	-0.264114
7	Gm07_12601437	12601437	12.6014	0.138462	0.387521	0.0657895	0.71383	-0.2653
7	Gm07_12641716	12641716	12.6417	0.507692	0.445876	0.0657895	0.724386	-0.210756
7	Gm07_12642271	12642271	12.6423	0.507692	0.44618	0.0789474	0.714344	-0.204397
7	Gm07_12642587	12642587	12.6426	0.507692	0.44618	0.0789474	0.714344	-0.204397
7	Gm07_12642668	12642668	12.6427	0.507692	0.448309	0.0657895	0.73081	-0.212227
7	Gm07_12642891	12642891	12.6429	0.523077	0.448545	0.0657895	0.73081	-0.211998
7	Gm07_12697402	12697402	12.6974	0.523077	0.454329	0.0657895	0.739366	-0.211489
7	Gm07_12707963	12707963	12.708	0.507692	0.454142	0.0789474	0.728249	-0.205088
7	Gm07_12726201	12726201	12.7262	0.523077	0.448966	0.0657895	0.734746	-0.213924
7	Gm07_12726550	12726550	12.7265	0	0.454378	0.118421	0.696401	-0.185442
7	Gm07_12757561	12757561	12.7576	0.507692	0.44585	0.0657895	0.80443	-0.2563
7	Gm07_12880484	12880484	12.8805	0.507692	0.451377	0.0657895	0.795237	-0.245957
7	Gm07_12894355	12894355	12.8944	0.507692	0.451377	0.0657895	0.795237	-0.245957
7	Gm07_12894676	12894676	12.8947	0.507692	0.451377	0.0657895	0.795237	-0.245957
7	Gm07_12896545	12896545	12.8965	0.507692	0.457446	0.0657895	0.800188	-0.242852
7	Gm07_12901397	12901397	12.9014	0.523077	0.457065	0.0657895	0.800188	-0.243214
7	Gm07_12901706	12901706	12.9017	0.507692	0.457312	0.0657895	0.800188	-0.242979
7	Gm07_12920686	12920686	12.9207	0.507692	0.457312	0.0657895	0.800188	-0.242979
7	Gm07_12920693	12920693	12.9207	0.507692	0.457312	0.0657895	0.800188	-0.242979
7	Gm07_12921034	12921034	12.921	0.153846	0.406519	0.105263	0.73138	-0.255062
7	Gm07_12921043	12921043	12.921	0.523077	0.476269	0.0657895	0.84884	-0.250973
7	Gm07_12921065	12921065	12.9211	0.507692	0.480217	0.0657895	0.84884	-0.247388
7	Gm07_12923826	12923826	12.9238	0.507692	0.480217	0.0657895	0.84884	-0.247388
7	Gm07_12937228	12937228	12.9372	0.507692	0.483555	0.0657895	0.851399	-0.245688
7	Gm07_12944882	12944882	12.9449	0.507692	0.488345	0.0657895	0.855073	-0.243276
7	Gm07_12947218	12947218	12.9472	0.492308	0.481894	0.0657895	0.855073	-0.249052
7	Gm07_12951893	12951893	12.9519	0.507692	0.492486	0.0657895	0.855073	-0.239609
7	Gm07_12952067	12952067	12.9521	0.507692	0.492486	0.0657895	0.855073	-0.239609
7	Gm07_12952123	12952123	12.9521	0.507692	0.492486	0.0657895	0.855073	-0.239609
7	Gm07_12996891	12996891	12.9969	0.507692	0.507064	0.0657895	0.8666	-0.232755
7	Gm07_12997952	12997952	12.998	0.507692	0.507064	0.0657895	0.8666	-0.232755
7	Gm07_13018536	13018536	13.0185	0.507692	0.501795	0.0657895	0.85684	-0.232373
7	Gm07_13079559	13079559	13.0796	0.507692	0.510752	0.0657895	0.859487	-0.22603
7	Gm07_13091901	13091901	13.0919	0.507692	0.517122	0.0657895	0.86501	-0.223429
7	Gm07_13103209	13103209	13.1032	0.507692	0.517122	0.0657895	0.86501	-0.223429
7	Gm07_13107333	13107333	13.1073	0.507692	0.523268	0.0657895	0.870347	-0.220968
7	Gm07_13141497	13141497	13.1415	0.507692	0.523268	0.0657895	0.870347	-0.220968
7	Gm07_13141530	13141530	13.1415	0.507692	0.523268	0.0657895	0.870347	-0.220968
7	Gm07_13144643	13144643	13.1446	0.507692	0.523268	0.0657895	0.870347	-0.220968
7	Gm07_13145438	13145438	13.1454	0.507692	0.523268	0.0657895	0.870347	-0.220968
7	Gm07_13148744	13148744	13.1487	0.507692	0.523268	0.0657895	0.870347	-0.220968
7	Gm07_13149667	13149667	13.1497	0.507692	0.523268	0.0657895	0.870347	-0.220968
7	Gm07_13208527	13208527	13.2085	0.507692	0.525014	0.0657895	0.861462	-0.215065
7	Gm07_13209017	13209017	13.209	0.507692	0.525014	0.0657895	0.861462	-0.215065
7	Gm07_13214302	13214302	13.2143	0.507692	0.525014	0.0657895	0.861462	-0.215065
7	Gm07_13216118	13216118	13.2161	0.507692	0.525014	0.0657895	0.861462	-0.215065
7	Gm07_13223480	13223480	13.2235	0.507692	0.525014	0.0657895	0.861462	-0.215065
7	Gm07_13223526	13223526	13.2235	0.507692	0.525014	0.0657895	0.861462	-0.215065
7	Gm07_13243764	13243764	13.2438	0.507692	0.529614	0.0657895	0.860262	-0.210671
7	Gm07_13249731	13249731	13.2497	0.507692	0.527183	0.0657895	0.855758	-0.21039
7	Gm07_13269245	13269245	13.2692	0.507692	0.528541	0.0657895	0.852227	-0.207477
7	Gm07_13269254	13269254	13.2693	0.507692	0.528541	0.0657895	0.852227	-0.207477
7	Gm07_13274234	13274234	13.2742	0.507692	0.527189	0.0657895	0.849723	-0.207311
7	Gm07_13280183	13280183	13.2802	0.507692	0.527189	0.0657895	0.849723	-0.207311
7	Gm07_13281467	13281467	13.2815	0.507692	0.527189	0.0657895	0.849723	-0.207311
7	Gm07_13297188	13297188	13.2972	0.507692	0.528225	0.0657895	0.848136	-0.205646
7	Gm07_13297488	13297488	13.2975	0.507692	0.528225	0.0657895	0.848136	-0.205646
7	Gm07_13297820	13297820	13.2978	0.507692	0.528225	0.0657895	0.848136	-0.205646
7	Gm07_13297834	13297834	13.2978	0.507692	0.528225	0.0657895	0.848136	-0.205646
7	Gm07_13322597	13322597	13.3226	0.523077	0.530618	0.0657895	0.853462	-0.206402
7	Gm07_13330004	13330004	13.33	0.507692	0.525464	0.0657895	0.843702	-0.205646
7	Gm07_13334873	13334873	13.3349	0.507692	0.522922	0.0657895	0.838995	-0.205322
7	Gm07_13337615	13337615	13.3376	0.507692	0.522922	0.0657895	0.838995	-0.205322
7	Gm07_13346826	13346826	13.3468	0.507692	0.528936	0.0657895	0.844337	-0.203113
7	Gm07_13350426	13350426	13.3504	0.523077	0.524973	0.0657895	0.837492	-0.202844
7	Gm07_13352427	13352427	13.3524	0.523077	0.524973	0.0657895	0.837492	-0.202844
7	Gm07_13352864	13352864	13.3529	0.507692	0.524979	0.0657895	0.837492	-0.202839
7	Gm07_13353014	13353014	13.353	0.507692	0.524979	0.0657895	0.837492	-0.202839
7	Gm07_13361658	13361658	13.3617	0.523077	0.525135	0.0657895	0.837492	-0.20271
7	Gm07_13408653	13408653	13.4087	0.507692	0.526213	0.0657895	0.82762	-0.196669
7	Gm07_13428919	13428919	13.4289	0.507692	0.532054	0.0657895	0.832946	-0.194661
7	Gm07_13429100	13429100	13.4291	0.507692	0.532054	0.0657895	0.832946	-0.194661
7	Gm07_13446274	13446274	13.4463	0.507692	0.532054	0.0657895	0.832946	-0.194661
7	Gm07_13446479	13446479	13.4465	0.507692	0.532054	0.0657895	0.832946	-0.194661
7	Gm07_13451784	13451784	13.4518	0.507692	0.531334	0.0657895	0.827331	-0.192312
7	Gm07_13461775	13461775	13.4618	0.507692	0.531334	0.0657895	0.827331	-0.192312
7	Gm07_13485523	13485523	13.4855	0.507692	0.534414	0.0657895	0.825125	-0.188642
7	Gm07_13485528	13485528	13.4855	0.507692	0.534414	0.0657895	0.825125	-0.188642
7	Gm07_13485565	13485565	13.4856	0.507692	0.534414	0.0657895	0.825125	-0.188642
7	Gm07_13485573	13485573	13.4856	0.507692	0.534414	0.0657895	0.825125	-0.188642
7	Gm07_13503637	13503637	13.5036	0.507692	0.540757	0.0657895	0.830908	-0.186551
7	Gm07_13526191	13526191	13.5262	0.507692	0.537818	0.0657895	0.822563	-0.184533
7	Gm07_13537466	13537466	13.5375	0.523077	0.538693	0.0657895	0.821195	-0.183105
7	Gm07_13543275	13543275	13.5433	0.507692	0.538997	0.0657895	0.821195	-0.18286
7	Gm07_13549214	13549214	13.5492	0.507692	0.544838	0.0657895	0.826318	-0.18088
7	Gm07_13570492	13570492	13.5705	0.507692	0.53957	0.0657895	0.816168	-0.179732
7	Gm07_13572109	13572109	13.5721	0.523077	0.539149	0.0657895	0.816168	-0.180071
7	Gm07_13572726	13572726	13.5727	0.507692	0.539581	0.0657895	0.816168	-0.179723
7	Gm07_13572855	13572855	13.5729	0.507692	0.539581	0.0657895	0.816168	-0.179723
7	Gm07_13599508	13599508	13.5995	0.507692	0.53028	0.0657895	0.79825	-0.177634
7	Gm07_13620964	13620964	13.621	0.523077	0.528824	0.0657895	0.795935	-0.177566
7	Gm07_13625974	13625974	13.626	0.507692	0.528666	0.0657895	0.795935	-0.177696
7	Gm07_13626213	13626213	13.6262	0.523077	0.528881	0.0657895	0.795935	-0.177519
7	Gm07_13641763	13641763	13.6418	0.523077	0.522734	0.0657895	0.785785	-0.177023
7	Gm07_13641772	13641772	13.6418	0.523077	0.522734	0.0657895	0.785785	-0.177023
7	Gm07_13642631	13642631	13.6426	0.507692	0.522414	0.0657895	0.785343	-0.177045
7	Gm07_13649240	13649240	13.6492	0.0769231	0.482135	0.0394737	0.741133	-0.186727
7	Gm07_13649568	13649568	13.6496	0.0153846	0.507203	0.0526316	0.691853	-0.134831
7	Gm07_13751837	13751837	13.7518	0.523077	0.522565	0.0789474	0.728658	-0.144383
7	Gm07_13751853	13751853	13.7519	0.507692	0.522853	0.0789474	0.728658	-0.144144
7	Gm07_13761887	13761887	13.7619	0.507692	0.517164	0.0657895	0.721015	-0.144316
7	Gm07_13766832	13766832	13.7668	0.507692	0.517164	0.0657895	0.721015	-0.144316
7	Gm07_13766879	13766879	13.7669	0.507692	0.517164	0.0657895	0.721015	-0.144316
7	Gm07_13766902	13766902	13.7669	0.507692	0.517164	0.0657895	0.721015	-0.144316
7	Gm07_13767503	13767503	13.7675	0.507692	0.517164	0.0657895	0.721015	-0.144316
7	Gm07_13776050	13776050	13.776	0.507692	0.517164	0.0657895	0.721015	-0.144316
7	Gm07_13808232	13808232	13.8082	0.507692	0.517164	0.0657895	0.721015	-0.144316
7	Gm07_13808398	13808398	13.8084	0.523077	0.516556	0.0657895	0.721015	-0.144827
7	Gm07_13814219	13814219	13.8142	0.507692	0.516631	0.0657895	0.721015	-0.144764
7	Gm07_13818340	13818340	13.8183	0.507692	0.518764	0.0657895	0.723107	-0.144232
7	Gm07_13818385	13818385	13.8184	0.507692	0.518764	0.0657895	0.723107	-0.144232
7	Gm07_13818408	13818408	13.8184	0.507692	0.518764	0.0657895	0.723107	-0.144232
7	Gm07_13819040	13819040	13.819	0.507692	0.518764	0.0657895	0.723107	-0.144232
7	Gm07_13819337	13819337	13.8193	0.507692	0.518764	0.0657895	0.723107	-0.144232
7	Gm07_13819690	13819690	13.8197	0.523077	0.518699	0.0657895	0.723107	-0.144287
7	Gm07_13822991	13822991	13.823	0.523077	0.518699	0.0657895	0.723107	-0.144287
7	Gm07_13823109	13823109	13.8231	0.507692	0.518834	0.0789474	0.70772	-0.134833
7	Gm07_13825796	13825796	13.8258	0.507692	0.522828	0.0657895	0.719599	-0.138732
7	Gm07_13826001	13826001	13.826	0.507692	0.522828	0.0789474	0.704392	-0.129455
7	Gm07_13834146	13834146	13.8341	0.507692	0.522828	0.0657895	0.710612	-0.133274
7	Gm07_13835244	13835244	13.8352	0.507692	0.522828	0.0657895	0.710612	-0.133274
7	Gm07_13836690	13836690	13.8367	0.523077	0.522696	0.0657895	0.710612	-0.133383
7	Gm07_13842791	13842791	13.8428	0.507692	0.524442	0.0657895	0.712896	-0.133328
7	Gm07_13843083	13843083	13.8431	0.523077	0.524453	0.0657895	0.712896	-0.13332
7	Gm07_13846598	13846598	13.8466	0	0.525352	0.5	0.469034	0.049246
7	Gm07_13846612	13846612	13.8466	0.507692	0.524433	0.0657895	0.534198	-0.00801177
7	Gm07_13848240	13848240	13.8482	0.523077	0.524427	0.0657895	0.534198	-0.00801745
7	Gm07_13848426	13848426	13.8484	0.523077	0.524427	0.0657895	0.534198	-0.00801745
7	Gm07_13850411	13850411	13.8504	0.507692	0.52451	0.0657895	0.534198	-0.00794865
7	Gm07_13857043	13857043	13.857	0.507692	0.527799	0.0657895	0.538924	-0.00905926
7	Gm07_13857274	13857274	13.8573	0.523077	0.527689	0.0657895	0.538924	-0.00914953
7	Gm07_13857649	13857649	13.8576	0.507692	0.527738	0.0657895	0.538924	-0.00910892
7	Gm07_13857657	13857657	13.8577	0.507692	0.527738	0.0657895	0.538924	-0.00910892
7	Gm07_13864585	13864585	13.8646	0.523077	0.527896	0.0657895	0.538924	-0.00897905
7	Gm07_13896079	13896079	13.8961	0.507692	0.518676	0.131579	0.494351	0.0208612
7	Gm07_13896451	13896451	13.8965	0.507692	0.518676	0.0657895	0.544512	-0.021111
7	Gm07_13896459	13896459	13.8965	0.507692	0.518676	0.0657895	0.544512	-0.021111
7	Gm07_13932091	13932091	13.9321	0.507692	0.513006	0.0657895	0.542972	-0.024655
7	Gm07_13934800	13934800	13.9348	0.507692	0.513006	0.0657895	0.542972	-0.024655
7	Gm07_13940792	13940792	13.9408	0.507692	0.507864	0.0657895	0.53903	-0.0258649
7	Gm07_13953278	13953278	13.9533	0.507692	0.505255	0.0657895	0.539831	-0.0287466
7	Gm07_13995213	13995213	13.9952	0.569231	0.497272	0.0789474	0.533147	-0.0302529
7	Gm07_13995362	13995362	13.9954	0.584615	0.496527	0.0789474	0.533147	-0.030904
7	Gm07_14023583	14023583	14.0236	0.569231	0.486189	0.0789474	0.526258	-0.0343934
7	Gm07_14023588	14023588	14.0236	0.569231	0.486189	0.0789474	0.526258	-0.0343934
7	Gm07_14023614	14023614	14.0236	0.569231	0.486189	0.0789474	0.526258	-0.0343934
7	Gm07_14025384	14025384	14.0254	0.569231	0.486189	0.0789474	0.526258	-0.0343934
7	Gm07_14030088	14030088	14.0301	0.569231	0.489278	0.0789474	0.531022	-0.0355574
7	Gm07_14034587	14034587	14.0346	0.553846	0.479079	0.0789474	0.531022	-0.0447055
7	Gm07_14034931	14034931	14.0349	0.553846	0.479079	0.0789474	0.531022	-0.0447055
7	Gm07_14073995	14073995	14.074	0.569231	0.492344	0.0789474	0.538936	-0.0392688
7	Gm07_14074154	14074154	14.0742	0.569231	0.492344	0.0789474	0.538936	-0.0392688
7	Gm07_14082871	14082871	14.0829	0.569231	0.485587	0.0789474	0.533241	-0.0406567
7	Gm07_14084618	14084618	14.0846	0.569231	0.485587	0.0789474	0.533241	-0.0406567
7	Gm07_14084661	14084661	14.0847	0.569231	0.485587	0.0789474	0.533241	-0.0406567
7	Gm07_14085011	14085011	14.085	0.646154	0.457395	0.605263	0.457894	-0.000473971
7	Gm07_14085289	14085289	14.0853	0.569231	0.47394	0.0789474	0.541052	-0.0575156
7	Gm07_14103401	14103401	14.1034	0.569231	0.46985	0.0789474	0.539534	-0.0600591
7	Gm07_14178238	14178238	14.1782	0.569231	0.470308	0.0657895	0.553103	-0.0704232
7	Gm07_14200032	14200032	14.2	0.584615	0.472423	0.0657895	0.557841	-0.0721791
7	Gm07_14225103	14225103	14.2251	0.569231	0.461581	0.0657895	0.548521	-0.0749452
7	Gm07_14234459	14234459	14.2345	0.569231	0.46305	0.0657895	0.550892	-0.0754392
7	Gm07_14237233	14237233	14.2372	0.584615	0.463117	0.0657895	0.550892	-0.0753759
7	Gm07_14237245	14237245	14.2372	0.584615	0.463117	0.0657895	0.550892	-0.0753759
7	Gm07_14265802	14265802	14.2658	0.553846	0.461905	0.0657895	0.55245	-0.0777401
7	Gm07_14265878	14265878	14.2659	0.553846	0.461905	0.0657895	0.55245	-0.0777401
7	Gm07_14287316	14287316	14.2873	0.553846	0.452182	0.0657895	0.543999	-0.0802848
7	Gm07_14298958	14298958	14.299	0.553846	0.448261	0.0657895	0.5414	-0.0819877
7	Gm07_14343512	14343512	14.3435	0.553846	0.443213	0.0657895	0.541542	-0.087019
7	Gm07_14343575	14343575	14.3436	0.553846	0.443213	0.0657895	0.541542	-0.087019
7	Gm07_14384466	14384466	14.3845	0.538462	0.426359	0.0657895	0.535139	-0.0986912
7	Gm07_14384510	14384510	14.3845	0.0615385	0.418816	0.5	0.451695	-0.0328218
7	Gm07_14384723	14384723	14.3847	0.6	0.419161	0.565789	0.452085	-0.032839
7	Gm07_14396506	14396506	14.3965	0.538462	0.419055	0.0657895	0.454286	-0.0350578
7	Gm07_14396612	14396612	14.3966	0.6	0.41943	0.565789	0.452352	-0.0328166
7	Gm07_14416566	14416566	14.4166	0.538462	0.41391	0.0657895	0.455093	-0.0411944
7	Gm07_14449828	14449828	14.4498	0.6	0.404243	0.565789	0.438635	-0.0354602
7	Gm07_14465408	14465408	14.4654	0.6	0.399776	0.565789	0.434562	-0.0362347
7	Gm07_14473235	14473235	14.4732	0.6	0.402426	0.565789	0.439295	-0.0380703
7	Gm07_14474162	14474162	14.4742	0.6	0.402426	0.565789	0.439295	-0.0380703
7	Gm07_14474202	14474202	14.4742	0.0615385	0.448694	0.5	0.445051	0.00353972
7	Gm07_14494229	14494229	14.4942	0.0615385	0.442838	0.5	0.439712	0.00307602
7	Gm07_14495767	14495767	14.4958	0.0615385	0.442838	0.5	0.439712	0.00307602
7	Gm07_14495931	14495931	14.4959	0.0615385	0.442838	0.5	0.439712	0.00307602
7	Gm07_14495949	14495949	14.4959	0.0615385	0.442838	0.5	0.439712	0.00307602
7	Gm07_14518334	14518334	14.5183	0.0615385	0.437562	0.5	0.434902	0.00264805
7	Gm07_14519500	14519500	14.5195	0.0615385	0.440207	0.486842	0.431299	0.00887818
7	Gm07_14527205	14527205	14.5272	0.0615385	0.434365	0.5	0.433191	0.0011761
7	Gm07_14536141	14536141	14.5361	0.0615385	0.434365	0.5	0.433191	0.0011761
7	Gm07_14548091	14548091	14.5481	0.0615385	0.429376	0.5	0.428814	0.000568498
7	Gm07_14647496	14647496	14.6475	0.0615385	0.413312	0.5	0.425569	-0.0126926
7	Gm07_14647686	14647686	14.6477	0.0615385	0.413312	0.5	0.425569	-0.0126926
7	Gm07_14650530	14650530	14.6505	0.0615385	0.413488	0.5	0.428136	-0.0151189
7	Gm07_14667550	14667550	14.6676	0.461538	0.344673	0.0526316	0.44776	-0.113639
7	Gm07_14696530	14696530	14.6965	0.492308	0.350047	0.0526316	0.456137	-0.114969
7	Gm07_14698859	14698859	14.6989	0.492308	0.350047	0.0526316	0.456137	-0.114969
7	Gm07_14701694	14701694	14.7017	0.492308	0.350047	0.0526316	0.456137	-0.114969
7	Gm07_14701703	14701703	14.7017	0.492308	0.350047	0.0526316	0.456137	-0.114969
7	Gm07_14713469	14713469	14.7135	0.476923	0.352747	0.0526316	0.461218	-0.116442
7	Gm07_14738441	14738441	14.7384	0.538462	0.343545	0.552632	0.438882	-0.106364
7	Gm07_14747738	14747738	14.7477	0.569231	0.347961	0.157895	0.461867	-0.122986
7	Gm07_14815234	14815234	14.8152	0.0307692	0.362903	0.0131579	0.511867	-0.149366
7	Gm07_14823881	14823881	14.8239	0.230769	0.325752	0.118421	0.473372	-0.162315
7	Gm07_14841610	14841610	14.8416	0.230769	0.326171	0.118421	0.476749	-0.164845
7	Gm07_14841794	14841794	14.8418	0.292308	0.30204	0.171053	0.473274	-0.195048
7	Gm07_14851275	14851275	14.8513	0.169231	0.293562	0.105263	0.479877	-0.21343
7	Gm07_14917776	14917776	14.9178	0.415385	0.268131	0.0263158	0.48516	-0.257538
7	Gm07_14918038	14918038	14.918	0.646154	0.265806	0.144737	0.482731	-0.25914
7	Gm07_14918051	14918051	14.9181	0.230769	0.268831	0.118421	0.483197	-0.254645
7	Gm07_14918344	14918344	14.9183	0.230769	0.268831	0.105263	0.48828	-0.25919
7	Gm07_14941564	14941564	14.9416	0.415385	0.273384	0.0263158	0.497226	-0.25978
7	Gm07_14992121	14992121	14.9921	0.0307692	0.281601	0.144737	0.469249	-0.22177
7	Gm07_14992456	14992456	14.9925	0.0923077	0.278804	0.144737	0.469249	-0.226105
7	Gm07_14992463	14992463	14.9925	0.0307692	0.278817	0.144737	0.469249	-0.226084
7	Gm07_14992707	14992707	14.9927	0.0923077	0.278999	0.144737	0.469249	-0.225801
7	Gm07_14995469	14995469	14.9955	0.538462	0.270224	0.197368	0.461665	-0.232602
7	Gm07_15027859	15027859	15.0279	0.615385	0.313922	0.25	0.452111	-0.158424
7	Gm07_15050959	15050959	15.051	0.723077	0.321586	0.236842	0.522821	-0.211056
7	Gm07_15060167	15060167	15.0602	0.0153846	0.328121	0.0263158	0.528918	-0.207355
7	Gm07_15060509	15060509	15.0605	0.738462	0.326124	0.223684	0.527246	-0.20863
7	Gm07_15064590	15064590	15.0646	0.753846	0.326383	0.263158	0.527305	-0.208334
7	Gm07_15064598	15064598	15.0646	0.753846	0.326383	0.263158	0.527305	-0.208334
7	Gm07_15085164	15085164	15.0852	0.738462	0.324855	0.236842	0.530058	-0.212634
7	Gm07_15085179	15085179	15.0852	0.738462	0.324855	0.236842	0.530058	-0.212634
7	Gm07_15087944	15087944	15.0879	0.738462	0.324812	0.223684	0.530101	-0.212726
7	Gm07_15088243	15088243	15.0882	0.738462	0.324812	0.223684	0.530101	-0.212726
7	Gm07_15111357	15111357	15.1114	0.738462	0.321713	0.263158	0.525003	-0.212693
7	Gm07_15111894	15111894	15.1119	0.0615385	0.321026	0.105263	0.525722	-0.214216
7	Gm07_15122154	15122154	15.1222	0.0461538	0.323312	0.105263	0.531875	-0.216188
7	Gm07_15122402	15122402	15.1224	0.0615385	0.32343	0.105263	0.531875	-0.21603
7	Gm07_15122495	15122495	15.1225	0.738462	0.319588	0.25	0.529514	-0.219287
7	Gm07_15122890	15122890	15.1229	0.676923	0.320495	0.144737	0.534359	-0.222013
7	Gm07_15135087	15135087	15.1351	0.676923	0.320495	0.131579	0.534505	-0.222131
7	Gm07_15136372	15136372	15.1364	0.692308	0.321964	0.171053	0.537672	-0.22271
7	Gm07_15175057	15175057	15.1751	0.615385	0.320187	0.144737	0.553638	-0.237823
7	Gm07_15175203	15175203	15.1752	0.723077	0.320441	0.236842	0.548979	-0.233808
7	Gm07_15175230	15175230	15.1752	0.0461538	0.321333	0.0921053	0.549486	-0.233001
7	Gm07_15177708	15177708	15.1777	0.6	0.31298	0.131579	0.550884	-0.245544
7	Gm07_19738894	19738894	19.7389	0.215385	0.539422	0.105263	0.588638	-0.0379201
7	Gm07_19751374	19751374	19.7514	0.215385	0.540661	0.0921053	0.592796	-0.0399803
7	Gm07_19763061	19763061	19.7631	0.2	0.541692	0.0657895	0.592492	-0.0389299
7	Gm07_19765147	19765147	19.7651	0.2	0.541692	0.0921053	0.592609	-0.0390161
7	Gm07_19773899	19773899	19.7739	0.2	0.541692	0.105263	0.589292	-0.0365783
7	Gm07_19774772	19774772	19.7748	0.2	0.534038	0.105263	0.588858	-0.042439
7	Gm07_19781322	19781322	19.7813	0.2	0.534038	0.0921053	0.590935	-0.0439677
7	Gm07_19788833	19788833	19.7888	0.2	0.534038	0.0921053	0.590935	-0.0439677
7	Gm07_19788883	19788883	19.7889	0.2	0.534038	0.0789474	0.590883	-0.0439299
7	Gm07_19789061	19789061	19.7891	0.2	0.534038	0.0921053	0.591049	-0.0440518
7	Gm07_19797641	19797641	19.7976	0.2	0.526154	0.0921053	0.584399	-0.045596
7	Gm07_19816003	19816003	19.816	0.215385	0.531016	0.0921053	0.592409	-0.0475135
7	Gm07_19824766	19824766	19.8248	0.2	0.523552	0.0921053	0.585651	-0.0486797
7	Gm07_19824805	19824805	19.8248	0.2	0.523552	0.0921053	0.585651	-0.0486797
7	Gm07_19824819	19824819	19.8248	0.2	0.523552	0.0921053	0.585651	-0.0486797
7	Gm07_19825012	19825012	19.825	0.2	0.523552	0.0921053	0.585651	-0.0486797
7	Gm07_19825039	19825039	19.825	0.2	0.523552	0.0921053	0.585651	-0.0486797
7	Gm07_19825049	19825049	19.825	0.2	0.523552	0.0921053	0.585651	-0.0486797
7	Gm07_19845827	19845827	19.8458	0.2	0.529652	0.0921053	0.593816	-0.0496614
7	Gm07_19933143	19933143	19.9331	0.230769	0.506792	0.0921053	0.584662	-0.0620749
7	Gm07_19933175	19933175	19.9332	0.230769	0.506792	0.0921053	0.584662	-0.0620749
7	Gm07_19935085	19935085	19.9351	0.184615	0.502275	0.0789474	0.578242	-0.0611681
7	Gm07_19956040	19956040	19.956	0.2	0.503687	0.0789474	0.578729	-0.0603143
7	Gm07_19956215	19956215	19.9562	0.215385	0.503191	0.0789474	0.578448	-0.0605307
7	Gm07_19956264	19956264	19.9563	0.215385	0.503191	0.0921053	0.578738	-0.0607486
7	Gm07_19968304	19968304	19.9683	0.2	0.500471	0.0789474	0.579261	-0.0634954
7	Gm07_19969081	19969081	19.9691	0.2	0.500471	0.0921053	0.580068	-0.0641001
7	Gm07_19969101	19969101	19.9691	0.2	0.500471	0.0921053	0.580068	-0.0641001
7	Gm07_19981057	19981057	19.9811	0.230769	0.499592	0.0921053	0.580068	-0.0648635
7	Gm07_19985728	19985728	19.9857	0.230769	0.499592	0.105263	0.579213	-0.0642227
7	Gm07_20077652	20077652	20.0777	0.215385	0.511099	0.0921053	0.588599	-0.0613143
7	Gm07_20125688	20125688	20.1257	0.2	0.519103	0.0921053	0.600572	-0.0633113
7	Gm07_20165233	20165233	20.1652	0.215385	0.520253	0.0921053	0.606573	-0.0666687
7	Gm07_20177487	20177487	20.1775	0.0153846	0.522608	0.684211	0.53044	-0.00646026
7	Gm07_20190001	20190001	20.19	0.215385	0.518901	0.105263	0.534788	-0.0130968
7	Gm07_20193032	20193032	20.193	0.215385	0.518901	0.105263	0.534788	-0.0130968
7	Gm07_20210411	20210411	20.2104	0.0153846	0.534721	0.684211	0.539797	-0.00410322
7	Gm07_20214598	20214598	20.2146	0.0153846	0.524978	0.697368	0.529738	-0.00392022
7	Gm07_20216986	20216986	20.217	0.0153846	0.524978	0.697368	0.529738	-0.00392022
7	Gm07_20244492	20244492	20.2445	0.338462	0.355992	0.0263158	0.520227	-0.164753
7	Gm07_20244523	20244523	20.2445	0.0153846	0.506982	0.684211	0.521021	-0.0118631
7	Gm07_20255859	20255859	20.2559	0.215385	0.497231	0.0789474	0.518863	-0.0184941
7	Gm07_20255870	20255870	20.2559	0.0153846	0.509383	0.671053	0.512338	-0.00251208
7	Gm07_20258696	20258696	20.2587	0.0153846	0.509383	0.671053	0.512338	-0.00251208
7	Gm07_20267375	20267375	20.2674	0.0153846	0.503975	0.671053	0.502925	0.000906093
7	Gm07_20272649	20272649	20.2726	0.0153846	0.502598	0.671053	0.500824	0.00153566
7	Gm07_20325108	20325108	20.3251	0.0153846	0.506814	0.684211	0.502185	0.0039849
7	Gm07_20325129	20325129	20.3251	0.230769	0.494574	0.789474	0.501105	-0.00569753
7	Gm07_20339107	20339107	20.3391	0.0153846	0.494608	0.684211	0.492317	0.00201686
7	Gm07_20362185	20362185	20.3622	0.230769	0.489046	0.776316	0.493573	-0.0040019
7	Gm07_20375300	20375300	20.3753	0.0153846	0.500937	0.671053	0.492908	0.00701784
7	Gm07_20394595	20394595	20.3946	0.0153846	0.501832	0.671053	0.490876	0.00958621
7	Gm07_20404459	20404459	20.4045	0.0153846	0.497882	0.684211	0.484896	0.0114776
7	Gm07_20404749	20404749	20.4047	0.2	0.484975	0.0657895	0.483106	0.0016773
7	Gm07_20404881	20404881	20.4049	0.246154	0.476576	0.789474	0.483094	-0.00590001
7	Gm07_20406191	20406191	20.4062	0.0153846	0.498557	0.684211	0.484999	0.0119742
7	Gm07_20449712	20449712	20.4497	0.0153846	0.500077	0.671053	0.483525	0.0146177
7	Gm07_20451277	20451277	20.4513	0.0153846	0.500077	0.684211	0.483805	0.0143666
7	Gm07_20482646	20482646	20.4826	0.0153846	0.507368	0.684211	0.49155	0.0137561
7	Gm07_20482698	20482698	20.4827	0.0153846	0.507368	0.671053	0.491345	0.0139368
7	Gm07_20488723	20488723	20.4887	0.230769	0.48616	0.776316	0.480342	0.00522863
7	Gm07_20490215	20490215	20.4902	0.0153846	0.490197	0.684211	0.479596	0.00949553
7	Gm07_20501058	20501058	20.5011	0.0153846	0.490197	0.0657895	0.434399	0.0524823
7	Gm07_20502211	20502211	20.5022	0.230769	0.486139	0.776316	0.469472	0.0151504
7	Gm07_20502231	20502231	20.5022	0.0153846	0.505514	0.671053	0.471825	0.029952
7	Gm07_20531327	20531327	20.5313	0.0153846	0.499159	0.697368	0.467782	0.0281957
7	Gm07_20552486	20552486	20.5525	0.0153846	0.499159	0.697368	0.467782	0.0281957
7	Gm07_20607302	20607302	20.6073	0.184615	0.490118	0.0657895	0.481288	0.00789545
7	Gm07_20623711	20623711	20.6237	0.0307692	0.497707	0.697368	0.476548	0.018867
7	Gm07_20656837	20656837	20.6568	0.0153846	0.514463	0.684211	0.491929	0.0194522
7	Gm07_20673386	20673386	20.6734	0.230769	0.486397	0.0921053	0.494719	-0.00736813
7	Gm07_20742478	20742478	20.7425	0.230769	0.481824	0.0789474	0.488235	-0.00574046
7	Gm07_20811290	20811290	20.8113	0.246154	0.470891	0.802632	0.464416	0.00601307
7	Gm07_20831921	20831921	20.8319	0.0153846	0.466597	0.697368	0.449934	0.0157934
7	Gm07_20832307	20832307	20.8323	0.215385	0.462966	0.0921053	0.456148	0.00644384
7	Gm07_20868445	20868445	20.8684	0.2	0.466177	0.0789474	0.459722	0.0060557
7	Gm07_20868822	20868822	20.8688	0.246154	0.465183	0.776316	0.450689	0.0137469
7	Gm07_20881209	20881209	20.8812	0.246154	0.470129	0.789474	0.45838	0.0109915
7	Gm07_20881427	20881427	20.8814	0.0153846	0.477399	0.684211	0.457408	0.0185776
7	Gm07_20956988	20956988	20.957	0.2	0.470396	0.0657895	0.474542	-0.00381093
7	Gm07_20988276	20988276	20.9883	0.0769231	0.43768	0.0263158	0.466511	-0.0277055
7	Gm07_20988613	20988613	20.9886	0.0307692	0.44275	0.697368	0.457239	-0.0139852
7	Gm07_21093034	21093034	21.093	0.184615	0.443539	0.0657895	0.467372	-0.0227312
7	Gm07_21103406	21103406	21.1034	0.215385	0.451178	0.789474	0.475374	-0.022688
7	Gm07_21132098	21132098	21.1321	0.246154	0.443329	0.776316	0.467026	-0.0226148
7	Gm07_21150407	21150407	21.1504	0.0769231	0.440687	0.0263158	0.469372	-0.0273871
7	Gm07_21150448	21150448	21.1504	0.0307692	0.478864	0.697368	0.462062	0.0155122
7	Gm07_21151074	21151074	21.1511	0.0153846	0.479087	0.684211	0.460293	0.0173801
7	Gm07_21153467	21153467	21.1535	0.246154	0.475806	0.776316	0.460733	0.0139802
7	Gm07_21166075	21166075	21.1661	0.0153846	0.477494	0.671053	0.45359	0.0223043
7	Gm07_21195355	21195355	21.1954	0.230769	0.473354	0.763158	0.451611	0.0204215
7	Gm07_21195371	21195371	21.1954	0.230769	0.473354	0.763158	0.451611	0.0204215
7	Gm07_21196376	21196376	21.1964	0.0307692	0.479691	0.710526	0.455328	0.0226373
7	Gm07_21290784	21290784	21.2908	0.107692	0.416259	0.0789474	0.457549	-0.0410743
7	Gm07_21292194	21292194	21.2922	0.2	0.474312	0.0789474	0.47128	0.00278509
7	Gm07_21303256	21303256	21.3033	0.184615	0.474849	0.0657895	0.471916	0.00269139
7	Gm07_21390681	21390681	21.3907	0.215385	0.468575	0.0657895	0.460221	0.00781324
7	Gm07_21391586	21391586	21.3916	0.2	0.468394	0.0921053	0.458585	0.00919115
7	Gm07_21442527	21442527	21.4425	0.215385	0.458019	0.0657895	0.447772	0.00982696
7	Gm07_21479194	21479194	21.4792	0.0153846	0.464516	0.697368	0.418877	0.0449135
7	Gm07_21515277	21515277	21.5153	0.215385	0.443195	0.776316	0.404615	0.0395528
7	Gm07_21591020	21591020	21.591	0.184615	0.456581	0.0657895	0.413023	0.0435437
7	Gm07_21637922	21637922	21.6379	0.2	0.455457	0.0789474	0.403038	0.0531015
7	Gm07_21638839	21638839	21.6388	0.0153846	0.463621	0.644737	0.377236	0.0895499
7	Gm07_21655750	21655750	21.6558	0.0153846	0.473822	0.671053	0.397963	0.0757729
7	Gm07_21708431	21708431	21.7084	0.215385	0.470484	0.0921053	0.40348	0.0667232
7	Gm07_21789755	21789755	21.7898	0.0153846	0.496512	0.684211	0.407854	0.0854246
7	Gm07_21843434	21843434	21.8434	0.2	0.485155	0.0789474	0.403368	0.0801788
7	Gm07_21850951	21850951	21.851	0.2	0.485155	0.0921053	0.40298	0.0805975
7	Gm07_21850969	21850969	21.851	0.0153846	0.492719	0.697368	0.398416	0.0922634
7	Gm07_21869539	21869539	21.8695	0.0153846	0.485184	0.697368	0.389587	0.0953014
7	Gm07_21882912	21882912	21.8829	0.2	0.488145	0.0789474	0.401063	0.085336
7	Gm07_21930009	21930009	21.93	0.0153846	0.492416	0.671053	0.393798	0.0970594
7	Gm07_21939587	21939587	21.9396	0.215385	0.492188	0.763158	0.397701	0.0925744
7	Gm07_21944444	21944444	21.9444	0.215385	0.5	0.0921053	0.414949	0.0809747
7	Gm07_21985027	21985027	21.985	0.2	0.479802	0.131579	0.39035	0.089607
7	Gm07_22023747	22023747	22.0237	0.2	0.495614	0.0921053	0.413784	0.0783698
7	Gm07_22023765	22023765	22.0238	0.0153846	0.505393	0.684211	0.403102	0.098215
7	Gm07_22035026	22035026	22.035	0.0153846	0.510137	0.697368	0.410656	0.0942093
7	Gm07_22035086	22035086	22.0351	0.0153846	0.510137	0.697368	0.410656	0.0942093
7	Gm07_22098849	22098849	22.0988	0.0153846	0.512602	0.671053	0.417343	0.0892872
7	Gm07_22101687	22101687	22.1017	0.215385	0.50169	0.0789474	0.419925	0.077264
7	Gm07_22183086	22183086	22.1831	0.0153846	0.494761	0.671053	0.407814	0.0839335
7	Gm07_22226737	22226737	22.2267	0.230769	0.483865	0.776316	0.408256	0.0737909
7	Gm07_22235499	22235499	22.2355	0.230769	0.479331	0.0921053	0.412623	0.0650823
7	Gm07_22237292	22237292	22.2373	0.0153846	0.480628	0.684211	0.410975	0.0679932
7	Gm07_22243598	22243598	22.2436	0.230769	0.48426	0.0789474	0.423382	0.0583461
7	Gm07_22273636	22273636	22.2736	0.230769	0.493364	0.776316	0.427757	0.0619704
7	Gm07_22276111	22276111	22.2761	0.107692	0.487415	0.0526316	0.427528	0.0569336
7	Gm07_22276117	22276117	22.2761	0.0769231	0.48629	0.0263158	0.427054	0.0564127
7	Gm07_22276137	22276137	22.2761	0.107692	0.489058	0.0526316	0.4273	0.0586275
7	Gm07_22276345	22276345	22.2763	0.0153846	0.498528	0.697368	0.426326	0.0679481
7	Gm07_22305539	22305539	22.3055	0.184615	0.480297	0.118421	0.400295	0.079129
7	Gm07_22305556	22305556	22.3056	0.2	0.470237	0.0921053	0.418381	0.0507444
7	Gm07_22305576	22305576	22.3056	0.2	0.470237	0.0657895	0.418347	0.0507801
7	Gm07_22305588	22305588	22.3056	0.215385	0.460637	0.0921053	0.41845	0.0417151
7	Gm07_22357636	22357636	22.3576	0.230769	0.4905	0.776316	0.444313	0.0429505
7	Gm07_22547806	22547806	22.5478	0.2	0.477992	0.0789474	0.478236	-0.000221719
7	Gm07_22575109	22575109	22.5751	0.215385	0.489237	0.0921053	0.49238	-0.00278081
7	Gm07_22582053	22582053	22.5821	0.2	0.489631	0.0789474	0.492514	-0.00254931
7	Gm07_22588209	22588209	22.5882	0.2	0.489631	0.105263	0.485451	0.00372361
7	Gm07_22617655	22617655	22.6177	0.215385	0.490461	0.0921053	0.504807	-0.0125207
7	Gm07_22619585	22619585	22.6196	0.215385	0.490461	0.0921053	0.504807	-0.0125207
7	Gm07_22639175	22639175	22.6392	0.2	0.483127	0.105263	0.498488	-0.0135933
7	Gm07_22680351	22680351	22.6804	0.0153846	0.497456	0.684211	0.483324	0.012517
7	Gm07_22700344	22700344	22.7003	0.0153846	0.499097	0.684211	0.486004	0.011545
7	Gm07_22700559	22700559	22.7006	0.0153846	0.499097	0.684211	0.486004	0.011545
7	Gm07_22726118	22726118	22.7261	0.2	0.479795	0.0657895	0.491022	-0.0100455
7	Gm07_22753396	22753396	22.7534	0.0153846	0.488104	0.684211	0.491918	-0.00338071
7	Gm07_22761530	22761530	22.7615	0.215385	0.48007	0.0657895	0.499575	-0.0172961
7	Gm07_22763845	22763845	22.7638	0.230769	0.47049	0.0789474	0.501153	-0.0274197
7	Gm07_22832682	22832682	22.8327	0.215385	0.486307	0.776316	0.517216	-0.0267618
7	Gm07_22869954	22869954	22.87	0.0153846	0.473257	0.684211	0.500671	-0.0244551
7	Gm07_22882046	22882046	22.882	0.169231	0.47043	0.0657895	0.514459	-0.0388558
7	Gm07_22933029	22933029	22.933	0.261538	0.446051	0.815789	0.511842	-0.0597516
7	Gm07_22942921	22942921	22.9429	0.246154	0.454575	0.802632	0.51026	-0.0501852
7	Gm07_22943356	22943356	22.9434	0.0153846	0.458432	0.684211	0.499414	-0.0371858
7	Gm07_22993879	22993879	22.9939	0.215385	0.451056	0.0789474	0.517049	-0.0593006
7	Gm07_22999108	22999108	22.9991	0.0153846	0.455468	0.684211	0.514222	-0.0526929
7	Gm07_22999423	22999423	22.9994	0.323077	0.339999	0	0.515294	-0.180577
7	Gm07_23001576	23001576	23.0016	0.0153846	0.403514	0.671053	0.520907	-0.110902
7	Gm07_23008106	23008106	23.0081	0.246154	0.40095	0.802632	0.522326	-0.114852
7	Gm07_23019975	23019975	23.02	0.0153846	0.406978	0.684211	0.522267	-0.108321
7	Gm07_23032753	23032753	23.0328	0.215385	0.398223	0.0789474	0.520394	-0.116207
7	Gm07_23074558	23074558	23.0746	0.0153846	0.407709	0.684211	0.520248	-0.10586
7	Gm07_23091998	23091998	23.092	0.2	0.406009	0.0789474	0.530838	-0.116426
7	Gm07_23094036	23094036	23.094	0.0153846	0.409525	0.671053	0.527363	-0.109829
7	Gm07_23122022	23122022	23.122	0.215385	0.405341	0.0789474	0.537037	-0.122185
7	Gm07_23158871	23158871	23.1589	0.246154	0.413712	0.789474	0.549798	-0.123505
7	Gm07_23161913	23161913	23.1619	0.246154	0.413712	0.776316	0.549409	-0.123198
7	Gm07_23197976	23197976	23.198	0.2	0.411599	0.0789474	0.547497	-0.123907
7	Gm07_23227863	23227863	23.2279	0.0153846	0.416163	0.684211	0.540358	-0.113418
7	Gm07_23240703	23240703	23.2407	0.230769	0.40837	0.0921053	0.556909	-0.13473
7	Gm07_23272647	23272647	23.2726	0.2	0.41476	0.0789474	0.563925	-0.133425
7	Gm07_23328557	23328557	23.3286	0.2	0.413052	0.0921053	0.560196	-0.132335
7	Gm07_23329464	23329464	23.3295	0.323077	0.356046	0	0.562137	-0.198336
7	Gm07_23351449	23351449	23.3514	0.215385	0.519147	0.105263	0.559434	-0.0324582
7	Gm07_23356521	23356521	23.3565	0.0153846	0.539465	0.697368	0.54233	-0.00230092
7	Gm07_23418994	23418994	23.419	0	0.553438	0.631579	0.507022	0.0380422
7	Gm07_23446093	23446093	23.4461	0.0153846	0.561063	0.657895	0.501577	0.0486743
7	Gm07_23449858	23449858	23.4499	0	0.562204	0.618421	0.514073	0.0388684
7	Gm07_23469985	23469985	23.47	0.2	0.552417	0.0789474	0.532795	0.0157065
7	Gm07_23499211	23499211	23.4992	0.184615	0.550889	0.0657895	0.5325	0.0147441
7	Gm07_23499543	23499543	23.4995	0.215385	0.548142	0.0789474	0.53238	0.0126714
7	Gm07_23502883	23502883	23.5029	0.0153846	0.548453	0.671053	0.521081	0.0222345
7	Gm07_23504791	23504791	23.5048	0.0153846	0.548453	0.684211	0.52107	0.0222433
7	Gm07_23504802	23504802	23.5048	0.2	0.547386	0.0789474	0.522665	0.0200699
7	Gm07_23511512	23511512	23.5115	0.215385	0.547325	0.789474	0.521319	0.021142
7	Gm07_23511610	23511610	23.5116	0.215385	0.547963	0.0921053	0.524288	0.0191811
7	Gm07_23548823	23548823	23.5488	0	0.548085	0.605263	0.510647	0.030727
7	Gm07_23560045	23560045	23.56	0.2	0.542988	0.0789474	0.565533	-0.017668
7	Gm07_23560109	23560109	23.5601	0.0153846	0.544156	0.671053	0.563172	-0.0149175
7	Gm07_23571505	23571505	23.5715	0.230769	0.541868	0.802632	0.567025	-0.0197086
7	Gm07_23592741	23592741	23.5927	0.169231	0.532638	0.0657895	0.561258	-0.022731
7	Gm07_23603936	23603936	23.6039	0.215385	0.534497	0.0789474	0.564372	-0.0236201
7	Gm07_23614409	23614409	23.6144	0.0153846	0.545549	0.671053	0.560688	-0.0118878
7	Gm07_23638172	23638172	23.6382	0.184615	0.54447	0.0789474	0.570643	-0.0203899
7	Gm07_23645605	23645605	23.6456	0.215385	0.545888	0.0921053	0.571804	-0.0201441
7	Gm07_23646910	23646910	23.6469	0.0153846	0.55925	0.684211	0.567798	-0.00658739
7	Gm07_23672706	23672706	23.6727	0.0153846	0.55925	0.684211	0.567798	-0.00658739
7	Gm07_23694724	23694724	23.6947	0.0153846	0.55379	0.697368	0.561178	-0.00575526
7	Gm07_23694734	23694734	23.6947	0.184615	0.5422	0.0657895	0.566685	-0.0191828
7	Gm07_23696981	23696981	23.697	0.107692	0.480393	0.0394737	0.559054	-0.0658571
7	Gm07_23702112	23702112	23.7021	0.230769	0.552887	0.0921053	0.55843	-0.00433236
7	Gm07_23729490	23729490	23.7295	0.215385	0.559542	0.0789474	0.559713	-0.000133128
7	Gm07_23729755	23729755	23.7298	0.0153846	0.562558	0.697368	0.55211	0.00814139
7	Gm07_23755763	23755763	23.7558	0.276923	0.538508	0.815789	0.544914	-0.00513562
7	Gm07_23762139	23762139	23.7621	0.215385	0.562987	0.0921053	0.548901	0.011004
7	Gm07_23762227	23762227	23.7622	0.215385	0.562987	0.0789474	0.549406	0.0106051
7	Gm07_23767819	23767819	23.7678	0.230769	0.562576	0.0789474	0.54857	0.0109493
7	Gm07_23795668	23795668	23.7957	0.0153846	0.592119	0.684211	0.556914	0.026621
7	Gm07_23810586	23810586	23.8106	0.2	0.586311	0.0789474	0.559845	0.0200597
7	Gm07_23814394	23814394	23.8144	0.246154	0.584921	0.776316	0.557179	0.0211031
7	Gm07_23819552	23819552	23.8196	0.2	0.591763	0.0921053	0.564753	0.0202891
7	Gm07_23829811	23829811	23.8298	0.2	0.596266	0.0789474	0.568873	0.0204247
7	Gm07_23853498	23853498	23.8535	0.215385	0.602887	0.75	0.560066	0.0319971
7	Gm07_23863055	23863055	23.8631	0.2	0.607807	0.0789474	0.564362	0.0322078
7	Gm07_23869970	23869970	23.87	0.215385	0.614702	0.75	0.562995	0.0381606
7	Gm07_23893488	23893488	23.8935	0.0153846	0.618061	0.671053	0.557962	0.0444267
7	Gm07_23912187	23912187	23.9122	0.2	0.613279	0.0789474	0.57772	0.0259414
7	Gm07_23946261	23946261	23.9463	0.184615	0.617283	0.0657895	0.574097	0.0314988
7	Gm07_23983054	23983054	23.9831	0.215385	0.638695	0.0921053	0.576252	0.044681
7	Gm07_23995013	23995013	23.995	0.0153846	0.635874	0.684211	0.560535	0.0547685
7	Gm07_23998870	23998870	23.9989	0.2	0.634538	0.0789474	0.577067	0.0412315
7	Gm07_23999147	23999147	23.9991	0.2	0.633355	0.0921053	0.574013	0.0427255
7	Gm07_24000444	24000444	24.0004	0.2	0.633284	0.0789474	0.575396	0.0416311
7	Gm07_24045533	24045533	24.0455	0.230769	0.640197	0.0921053	0.574326	0.0471548
7	Gm07_24073334	24073334	24.0733	0.2	0.652833	0.0789474	0.582329	0.0496337
7	Gm07_24079104	24079104	24.0791	0.184615	0.644854	0.0789474	0.575086	0.0497286
7	Gm07_24088428	24088428	24.0884	0.215385	0.660969	0.789474	0.56928	0.0648556
7	Gm07_24099114	24099114	24.0991	0.230769	0.655381	0.0921053	0.562482	0.0663856
7	Gm07_24099259	24099259	24.0993	0.0153846	0.655325	0.697368	0.559784	0.0684358
7	Gm07_24099514	24099514	24.0995	0.246154	0.655296	0.802632	0.560772	0.0676512
7	Gm07_24102116	24102116	24.1021	0.2	0.661008	0.0789474	0.570164	0.064207
7	Gm07_24125888	24125888	24.1259	0.2	0.656578	0.0789474	0.562921	0.0668393
7	Gm07_24127308	24127308	24.1273	0.2	0.656578	0.105263	0.562056	0.0675074
7	Gm07_24150475	24150475	24.1505	0.0153846	0.664056	0.671053	0.549799	0.0820003
7	Gm07_24156638	24156638	24.1566	0.0153846	0.66827	0.684211	0.552677	0.0824806
7	Gm07_24197571	24197571	24.1976	0.2	0.678235	0.0921053	0.561397	0.0821097
7	Gm07_24197913	24197913	24.1979	0.230769	0.676487	0.789474	0.55866	0.083112
7	Gm07_24202460	24202460	24.2025	0.0153846	0.681586	0.684211	0.552447	0.09123
7	Gm07_24265917	24265917	24.2659	0.0153846	0.69548	0.697368	0.554905	0.0980659
7	Gm07_24269498	24269498	24.2695	0.2	0.688389	0.0789474	0.561584	0.0884186
7	Gm07_24307983	24307983	24.308	0.2	0.70215	0.0789474	0.566158	0.093492
7	Gm07_24308372	24308372	24.3084	0.0153846	0.703615	0.657895	0.546381	0.109839
7	Gm07_24320630	24320630	24.3206	0.2	0.702486	0.0921053	0.56745	0.0927102
7	Gm07_24327330	24327330	24.3273	0.2	0.702486	0.0789474	0.568641	0.0917999
7	Gm07_24364049	24364049	24.364	0.215385	0.698982	0.0789474	0.561211	0.0953397
7	Gm07_24369245	24369245	24.3692	0.246154	0.696793	0.802632	0.554153	0.0994739
7	Gm07_24409598	24409598	24.4096	0.246154	0.711395	0.776316	0.562754	0.101792
7	Gm07_24431730	24431730	24.4317	0.230769	0.706094	0.105263	0.563319	0.0981078
7	Gm07_24469137	24469137	24.4691	0.2	0.709466	0.0921053	0.565818	0.0982549
7	Gm07_24598437	24598437	24.5984	0.0153846	0.700675	0.697368	0.533163	0.118656
7	Gm07_24605791	24605791	24.6058	0.2	0.692112	0.0921053	0.533062	0.113399
7	Gm07_24617190	24617190	24.6172	0.215385	0.674664	0.0789474	0.528619	0.105945
7	Gm07_24619352	24619352	24.6194	0.246154	0.685324	0.763158	0.522745	0.117606
7	Gm07_24644701	24644701	24.6447	0.230769	0.683344	0.0921053	0.532448	0.108363
7	Gm07_24718356	24718356	24.7184	0.230769	0.671839	0.0789474	0.516293	0.114369
7	Gm07_24768954	24768954	24.769	0	0.673258	0.631579	0.452145	0.172904
7	Gm07_24787865	24787865	24.7879	0.2	0.66635	0.0921053	0.495822	0.128377
7	Gm07_24788476	24788476	24.7885	0.215385	0.662537	0.0789474	0.494539	0.127009
7	Gm07_24788954	24788954	24.789	0.0153846	0.661777	0.684211	0.489083	0.131329
7	Gm07_24789922	24789922	24.7899	0.215385	0.661595	0.776316	0.490882	0.129615
7	Gm07_24826471	24826471	24.8265	0.230769	0.655005	0.0921053	0.497511	0.119442
7	Gm07_24834343	24834343	24.8343	0.184615	0.660376	0.0657895	0.503294	0.11797
7	Gm07_24856917	24856917	24.8569	0.0153846	0.653356	0.697368	0.487282	0.12737
7	Gm07_24865326	24865326	24.8653	0.230769	0.642731	0.0921053	0.486172	0.121239
7	Gm07_24929036	24929036	24.929	0.230769	0.64213	0.0921053	0.502012	0.106909
7	Gm07_24955720	24955720	24.9557	0.246154	0.633799	0.776316	0.488808	0.112813
7	Gm07_24961755	24961755	24.9618	0.2	0.644688	0.0789474	0.509477	0.102225
7	Gm07_24974684	24974684	24.9747	0.184615	0.644721	0.0789474	0.509477	0.102247
7	Gm07_25006493	25006493	25.0065	0.215385	0.623048	0.0789474	0.496448	0.0986473
7	Gm07_25011629	25011629	25.0116	0.230769	0.622626	0.0789474	0.496448	0.0983534
7	Gm07_25018571	25018571	25.0186	0.0153846	0.63332	0.671053	0.47944	0.120889
7	Gm07_25048335	25048335	25.0483	0.0153846	0.62885	0.684211	0.480808	0.116575
7	Gm07_25081809	25081809	25.0818	0.230769	0.616999	0.0789474	0.491128	0.0990895
7	Gm07_25082105	25082105	25.0821	0.230769	0.616999	0.0789474	0.491128	0.0990895
7	Gm07_25086879	25086879	25.0869	0.2	0.617495	0.0921053	0.490443	0.100045
7	Gm07_25152186	25152186	25.1522	0.0153846	0.596716	0.684211	0.470062	0.103612
7	Gm07_25159486	25159486	25.1595	0.215385	0.587904	0.0789474	0.471467	0.0958555
7	Gm07_25194369	25194369	25.1944	0.0153846	0.594866	0.697368	0.467326	0.104799
7	Gm07_25239849	25239849	25.2398	0.246154	0.572977	0.776316	0.459525	0.0958281
7	Gm07_25256319	25256319	25.2563	0.230769	0.573041	0.0921053	0.459743	0.095671
7	Gm07_25256511	25256511	25.2565	0.246154	0.572939	0.789474	0.459006	0.0962902
7	Gm07_25286752	25286752	25.2868	0.2	0.569978	0.0921053	0.463133	0.0901524
7	Gm07_25297621	25297621	25.2976	0.2	0.569978	0.0789474	0.463481	0.0898269
7	Gm07_25298259	25298259	25.2983	0.0153846	0.572717	0.671053	0.454607	0.100304
7	Gm07_25356571	25356571	25.3566	0.2	0.568277	0.0921053	0.463926	0.0881121
7	Gm07_25358428	25358428	25.3584	0.0153846	0.571767	0.684211	0.46083	0.0936784
7	Gm07_25399620	25399620	25.3996	0.230769	0.567051	0.0921053	0.472907	0.0788461
7	Gm07_25399756	25399756	25.3998	0.230769	0.567051	0.0921053	0.472907	0.0788461
7	Gm07_25400075	25400075	25.4001	0.215385	0.566403	0.0789474	0.472768	0.0784779
7	Gm07_25404912	25404912	25.4049	0.230769	0.568196	0.0921053	0.47314	0.0795086
7	Gm07_25429904	25429904	25.4299	0.215385	0.566522	0.789474	0.468942	0.082098
7	Gm07_25433801	25433801	25.4338	0.230769	0.555143	0.105263	0.463198	0.0786383
7	Gm07_25473823	25473823	25.4738	0.0153846	0.559068	0.671053	0.451722	0.0925937
7	Gm07_25505090	25505090	25.5051	0.0153846	0.570961	0.684211	0.463455	0.0905989
7	Gm07_25505206	25505206	25.5052	0.2	0.561323	0.0789474	0.462707	0.0839066
7	Gm07_25505579	25505579	25.5056	0.2	0.561323	0.0789474	0.462707	0.0839066
7	Gm07_25506108	25506108	25.5061	0.0153846	0.564553	0.671053	0.462992	0.0861307
7	Gm07_25593004	25593004	25.593	0.215385	0.572993	0.776316	0.481624	0.0754408
7	Gm07_25638822	25638822	25.6388	0.2	0.558397	0.0921053	0.476347	0.0690192
7	Gm07_25646750	25646750	25.6468	0.215385	0.546139	0.802632	0.465811	0.0690938
7	Gm07_25646756	25646756	25.6468	0.215385	0.546139	0.776316	0.465556	0.0693311
7	Gm07_25722986	25722986	25.723	0.0153846	0.551192	0.697368	0.463859	0.0749175
7	Gm07_25739668	25739668	25.7397	0.0153846	0.551192	0.697368	0.463859	0.0749175
7	Gm07_25793162	25793162	25.7932	0.230769	0.512214	0.776316	0.43838	0.0676004
7	Gm07_25803902	25803902	25.8039	0.0153846	0.5194	0.697368	0.443923	0.0681949
7	Gm07_25807753	25807753	25.8078	0.2	0.516833	0.105263	0.444164	0.0658065
7	Gm07_25809089	25809089	25.8091	0.215385	0.516817	0.776316	0.444575	0.0653914
7	Gm07_25815366	25815366	25.8154	0.153846	0.442079	0.0263158	0.42988	0.0121523
7	Gm07_25815380	25815380	25.8154	0.153846	0.438027	0.0263158	0.42988	0.00815339
7	Gm07_25815397	25815397	25.8154	0.153846	0.439883	0.0263158	0.42988	0.00998979
7	Gm07_25819815	25819815	25.8198	0.2	0.495811	0.0789474	0.441893	0.0499985
7	Gm07_25826910	25826910	25.8269	0.215385	0.486436	0.776316	0.431634	0.0519107
7	Gm07_25827650	25827650	25.8276	0.215385	0.486436	0.776316	0.431634	0.0519107
7	Gm07_25865585	25865585	25.8656	0.0153846	0.488788	0.684211	0.425832	0.0598824
7	Gm07_25877384	25877384	25.8774	0.2	0.485064	0.0789474	0.446338	0.0361353
7	Gm07_25877419	25877419	25.8774	0.2	0.485064	0.0921053	0.446095	0.0363718
7	Gm07_25880953	25880953	25.881	0.2	0.492537	0.0921053	0.443278	0.045763
7	Gm07_25910623	25910623	25.9106	0.215385	0.4933	0.0921053	0.452153	0.0378255
7	Gm07_25953272	25953272	25.9533	0.2	0.505232	0.0789474	0.461214	0.039588
7	Gm07_25954721	25954721	25.9547	0.215385	0.50508	0.0394737	0.460308	0.0403114
7	Gm07_25961495	25961495	25.9615	0.0153846	0.501223	0.697368	0.436556	0.0599913
7	Gm07_26037182	26037182	26.0372	0.2	0.485099	0.0921053	0.427638	0.0547543
7	Gm07_26037207	26037207	26.0372	0.230769	0.474234	0.802632	0.423901	0.0487284
7	Gm07_26053011	26053011	26.053	0.2	0.475216	0.0789474	0.422444	0.0511222
7	Gm07_26060721	26060721	26.0607	0.2	0.481211	0.0921053	0.426655	0.0522578
7	Gm07_26064892	26064892	26.0649	0.215385	0.480846	0.789474	0.420883	0.0578447
7	Gm07_26136330	26136330	26.1363	0.0153846	0.484856	0.684211	0.423223	0.0590431
7	Gm07_26141573	26141573	26.1416	0.2	0.48197	0.0789474	0.437602	0.04194
7	Gm07_26275773	26275773	26.2758	0.169231	0.458043	0.0657895	0.422855	0.0347141
7	Gm07_26301724	26301724	26.3017	0.215385	0.445962	0.0789474	0.409904	0.036615
7	Gm07_26307931	26307931	26.3079	0.0153846	0.451459	0.684211	0.399063	0.0535762
7	Gm07_26311445	26311445	26.3114	0.2	0.451684	0.0921053	0.421803	0.0297253
7	Gm07_26343680	26343680	26.3437	0.215385	0.449029	0.0789474	0.42555	0.0233234
7	Gm07_26362633	26362633	26.3626	0.2	0.444186	0.0921053	0.419263	0.0250777
7	Gm07_26371322	26371322	26.3713	0.2	0.444186	0.0921053	0.419882	0.0244378
7	Gm07_26374940	26374940	26.3749	0.2	0.444186	0.0921053	0.419882	0.0244378
7	Gm07_26377076	26377076	26.3771	0.215385	0.44284	0.0789474	0.421343	0.0216103
7	Gm07_26416674	26416674	26.4167	0.2	0.433185	0.0789474	0.4108	0.0230427
7	Gm07_26419651	26419651	26.4197	0.2	0.433185	0.0789474	0.4108	0.0230427
7	Gm07_26420118	26420118	26.4201	0.230769	0.430481	0.776316	0.390527	0.0423034
7	Gm07_26478902	26478902	26.4789	0.215385	0.421911	0.776316	0.38388	0.0410251
7	Gm07_26479114	26479114	26.4791	0.215385	0.421911	0.776316	0.38388	0.0410251
7	Gm07_26495954	26495954	26.496	0.2	0.422414	0.0921053	0.387015	0.0380106
7	Gm07_26499365	26499365	26.4994	0.2	0.422414	0.0789474	0.389407	0.0353341
7	Gm07_26507501	26507501	26.5075	0.153846	0.331984	0.0394737	0.375103	-0.053033
7	Gm07_26508809	26508809	26.5088	0.2	0.389388	0.0921053	0.377485	0.0134827
7	Gm07_26509011	26509011	26.509	0.230769	0.387685	0.0789474	0.377798	0.0112196
7	Gm07_26575981	26575981	26.576	0.0153846	0.390596	0.684211	0.363728	0.030951
7	Gm07_26576009	26576009	26.576	0.230769	0.378693	0.0789474	0.363763	0.0174681
7	Gm07_26576054	26576054	26.5761	0.0153846	0.385726	0.578947	0.3131	0.0905963
7	Gm07_26576078	26576078	26.5761	0.230769	0.385302	0.776316	0.344724	0.0483305
7	Gm07_26576098	26576098	26.5761	0.2	0.388692	0.0789474	0.349948	0.0456025
7	Gm07_26596318	26596318	26.5963	0.0153846	0.393951	0.631579	0.32744	0.0803104
7	Gm07_26609024	26609024	26.609	0.2	0.389663	0.0789474	0.358817	0.0358164
7	Gm07_26651537	26651537	26.6515	0.2	0.385712	0.0657895	0.356017	0.0347922
7	Gm07_26840031	26840031	26.84	0.215385	0.369602	0.776316	0.334738	0.0430291
7	Gm07_26840665	26840665	26.8407	0.215385	0.369282	0.0921053	0.348653	0.0249644
7	Gm07_26853232	26853232	26.8532	0.215385	0.369282	0.131579	0.339357	0.0367018
7	Gm07_26865349	26865349	26.8653	0.2	0.370102	0.0789474	0.351964	0.0218238
7	Gm07_26877816	26877816	26.8778	0.2	0.358208	0.0789474	0.342776	0.0191241
7	Gm07_26906090	26906090	26.9061	0.2	0.36021	0.0789474	0.346845	0.0164197
7	Gm07_26906145	26906145	26.9061	0.215385	0.359321	0.0921053	0.345981	0.0164303
7	Gm07_26906357	26906357	26.9064	0.230769	0.357999	0.802632	0.330632	0.0345374
7	Gm07_26911487	26911487	26.9115	0.246154	0.347468	0.789474	0.323716	0.03075
7	Gm07_26916471	26916471	26.9165	0.2	0.347995	0.0921053	0.327918	0.0258079
7	Gm07_26916499	26916499	26.9165	0.215385	0.347929	0.105263	0.326972	0.02698
7	Gm07_26916748	26916748	26.9167	0.2	0.348222	0.0921053	0.327783	0.0262688
7	Gm07_26938044	26938044	26.938	0.246154	0.352475	0.802632	0.334489	0.0227459
7	Gm07_26948998	26948998	26.949	0.2	0.355572	0.0789474	0.347125	0.0104415
7	Gm07_27000381	27000381	27.0004	0.215385	0.353068	0.0921053	0.349361	0.00458458
7	Gm07_27017646	27017646	27.0176	0.323077	0.304183	0.197368	0.314684	-0.0147402
7	Gm07_27056227	27056227	27.0562	0.0153846	0.342278	0.684211	0.352388	-0.0126415
7	Gm07_27093959	27093959	27.094	0.0153846	0.343638	0.684211	0.356442	-0.0158876
7	Gm07_27096217	27096217	27.0962	0.215385	0.332892	0.0921053	0.361364	-0.0356413
7	Gm07_27099819	27099819	27.0998	0.230769	0.335562	0.0921053	0.368432	-0.0405852
7	Gm07_27105202	27105202	27.1052	0.446154	0.256254	0.144737	0.362854	-0.151062
7	Gm07_27108682	27108682	27.1087	0.0923077	0.326172	0.0657895	0.374319	-0.0597948
7	Gm07_27132947	27132947	27.1329	0.215385	0.335157	0.0921053	0.379923	-0.0544478
7	Gm07_27153946	27153946	27.1539	0.0153846	0.34164	0.671053	0.371107	-0.0359307
7	Gm07_27172390	27172390	27.1724	0.215385	0.335543	0.0789474	0.375919	-0.0493462
7	Gm07_27180953	27180953	27.181	0.0153846	0.33999	0.684211	0.371698	-0.0387246
7	Gm07_27240435	27240435	27.2404	0.215385	0.342556	0.0921053	0.384683	-0.0503712
7	Gm07_27258016	27258016	27.258	0.246154	0.340633	0.0921053	0.399767	-0.0695199
7	Gm07_27306486	27306486	27.3065	0	0.351323	0.605263	0.35277	-0.00178509
7	Gm07_27331674	27331674	27.3317	0.2	0.347737	0.0789474	0.378961	-0.0373438
7	Gm07_27331688	27331688	27.3317	0.230769	0.346505	0.0789474	0.378961	-0.0388856
7	Gm07_27347110	27347110	27.3471	0.230769	0.346868	0.763158	0.374229	-0.0329723
7	Gm07_27347115	27347115	27.3471	0.215385	0.346819	0.0789474	0.373412	-0.0320859
7	Gm07_27347245	27347245	27.3472	0.0153846	0.35068	0.684211	0.373928	-0.0278768
7	Gm07_27421379	27421379	27.4214	0.2	0.346764	0.0789474	0.384375	-0.044721
7	Gm07_27422116	27422116	27.4221	0.184615	0.346827	0.0657895	0.384691	-0.0449992
7	Gm07_27432078	27432078	27.4321	0.0923077	0.321607	0.0131579	0.378896	-0.0711945
7	Gm07_27433714	27433714	27.4337	0.215385	0.348305	0.0921053	0.384499	-0.0429356
7	Gm07_27438076	27438076	27.4381	0.0153846	0.348613	0.697368	0.37676	-0.0337209
7	Gm07_27438306	27438306	27.4383	0.230769	0.347212	0.105263	0.380729	-0.0400216
7	Gm07_27441813	27441813	27.4418	0.215385	0.347422	0.0789474	0.382476	-0.0417469
7	Gm07_27476735	27476735	27.4767	0.230769	0.348791	0.763158	0.379222	-0.0363284
7	Gm07_27582118	27582118	27.5821	0.230769	0.353256	0.0789474	0.391433	-0.0445679
7	Gm07_27591771	27591771	27.5918	0.230769	0.354395	0.789474	0.388552	-0.0399619
7	Gm07_27650142	27650142	27.6501	0.215385	0.348898	0.0921053	0.388686	-0.0469001
7	Gm07_27681260	27681260	27.6813	0.0461538	0.328423	0.0526316	0.382344	-0.0660218
7	Gm07_27746142	27746142	27.7461	0.230769	0.337522	0.789474	0.384721	-0.0568443
7	Gm07_27746205	27746205	27.7462	0.446154	0.269302	0.144737	0.381811	-0.151608
7	Gm07_27748627	27748627	27.7486	0.246154	0.397079	0.802632	0.387464	0.0106456
7	Gm07_27792292	27792292	27.7923	0	0.4304	0.631579	0.383564	0.0500344
7	Gm07_27902201	27902201	27.9022	0.230769	0.465843	0.776316	0.417484	0.0475998
7	Gm07_27922333	27922333	27.9223	0.0153846	0.477923	0.697368	0.412684	0.0637399
7	Gm07_27931217	27931217	27.9312	0.0153846	0.477923	0.697368	0.412684	0.0637399
7	Gm07_27959020	27959020	27.959	0.230769	0.479379	0.0789474	0.419841	0.0575937
7	Gm07_27977107	27977107	27.9771	0.230769	0.478205	0.776316	0.411255	0.065502
7	Gm07_27977406	27977406	27.9774	0.0153846	0.478278	0.684211	0.40967	0.067246
7	Gm07_27977913	27977913	27.9779	0.230769	0.478166	0.776316	0.411949	0.0647345
7	Gm07_27984125	27984125	27.9841	0.0153846	0.482615	0.684211	0.412066	0.0686343
7	Gm07_28007450	28007450	28.0074	0.246154	0.488517	0.776316	0.416639	0.06912
7	Gm07_28014984	28014984	28.015	0.2	0.489855	0.0657895	0.419727	0.0671002
7	Gm07_28021880	28021880	28.0219	0.215385	0.499906	0.0789474	0.421903	0.0736753
7	Gm07_28022968	28022968	28.023	0.0153846	0.503272	0.684211	0.418434	0.0801761
7	Gm07_28074618	28074618	28.0746	0.230769	0.507731	0.0921053	0.423326	0.0789586
7	Gm07_28078427	28078427	28.0784	0.184615	0.508159	0.0657895	0.423065	0.0795923
7	Gm07_28080378	28080378	28.0804	0.0153846	0.522	0.684211	0.420317	0.0940938
7	Gm07_28087602	28087602	28.0876	0.0153846	0.522	0.697368	0.420326	0.0940843
7	Gm07_28096879	28096879	28.0969	0.0461538	0.504401	0.0526316	0.414517	0.0852337
7	Gm07_28117779	28117779	28.1178	0.0153846	0.538371	0.671053	0.411854	0.116339
7	Gm07_28120418	28120418	28.1204	0.215385	0.52585	0.0789474	0.411323	0.106679
7	Gm07_28120644	28120644	28.1206	0.0153846	0.526153	0.697368	0.410644	0.107647
7	Gm07_28121779	28121779	28.1218	0.230769	0.525006	0.0921053	0.411622	0.105666
7	Gm07_28125470	28125470	28.1255	0.246154	0.524979	0.789474	0.411098	0.106196
7	Gm07_28129810	28129810	28.1298	0.230769	0.535991	0.0789474	0.418832	0.107118
7	Gm07_28134757	28134757	28.1348	0.0153846	0.534331	0.671053	0.410035	0.11499
7	Gm07_28138744	28138744	28.1387	0.2	0.532513	0.0789474	0.410738	0.112765
7	Gm07_28138797	28138797	28.1388	0.0153846	0.536102	0.657895	0.401979	0.125044
7	Gm07_28207396	28207396	28.2074	0.215385	0.546472	0.0789474	0.414185	0.120374
7	Gm07_28238812	28238812	28.2388	0	0.55057	0.605263	0.390325	0.149387
7	Gm07_28242874	28242874	28.2429	0.215385	0.552478	0.0789474	0.409689	0.12986
7	Gm07_28245033	28245033	28.245	0.0153846	0.55216	0.697368	0.407187	0.132272
7	Gm07_28245583	28245583	28.2456	0.246154	0.55056	0.802632	0.408793	0.129301
7	Gm07_28294880	28294880	28.2949	0.215385	0.560474	0.0789474	0.414607	0.130919
7	Gm07_28311260	28311260	28.3113	0.0153846	0.564563	0.657895	0.394763	0.155377
7	Gm07_28315620	28315620	28.3156	0.2	0.572332	0.0789474	0.414858	0.139748
7	Gm07_28346352	28346352	28.3464	0.0153846	0.579606	0.644737	0.389095	0.173078
7	Gm07_28388975	28388975	28.389	0.0153846	0.575871	0.697368	0.404267	0.153657
7	Gm07_28401516	28401516	28.4015	0.215385	0.563107	0.0921053	0.407884	0.140054
7	Gm07_28414966	28414966	28.415	0.230769	0.572198	0.763158	0.412819	0.141787
7	Gm07_28489066	28489066	28.4891	0.230769	0.583864	0.776316	0.414535	0.148751
7	Gm07_28507794	28507794	28.5078	0.0153846	0.593329	0.684211	0.414781	0.155477
7	Gm07_28561735	28561735	28.5617	0.215385	0.608251	0.0789474	0.450092	0.130781
7	Gm07_28716992	28716992	28.717	0.230769	0.595739	0.0789474	0.435112	0.136455
7	Gm07_28727391	28727391	28.7274	0.230769	0.595739	0.0789474	0.435112	0.136455
7	Gm07_28749522	28749522	28.7495	0.230769	0.589118	0.0789474	0.427843	0.138918
7	Gm07_28750829	28750829	28.7508	0.230769	0.589118	0.0789474	0.427843	0.138918
7	Gm07_28751165	28751165	28.7512	0.0153846	0.591445	0.671053	0.400148	0.169694
7	Gm07_28769014	28769014	28.769	0.2	0.597019	0.0789474	0.423133	0.149511
7	Gm07_28776198	28776198	28.7762	0.230769	0.596881	0.105263	0.42222	0.150349
7	Gm07_28807143	28807143	28.8071	0.230769	0.585633	0.776316	0.408594	0.156334
7	Gm07_28812248	28812248	28.8122	0.246154	0.585538	0.802632	0.40893	0.155906
7	Gm07_28813880	28813880	28.8139	0.0153846	0.585869	0.684211	0.398705	0.167149
7	Gm07_28814750	28814750	28.8148	0.230769	0.587339	0.105263	0.415104	0.150731
7	Gm07_28846257	28846257	28.8463	0.230769	0.587339	0.0789474	0.415997	0.149798
7	Gm07_28846480	28846480	28.8465	0	0.589192	0.605263	0.388746	0.180591
7	Gm07_28854881	28854881	28.8549	0.215385	0.587555	0.0789474	0.412535	0.153588
7	Gm07_28872520	28872520	28.8725	0.215385	0.587376	0.0921053	0.412145	0.153867
7	Gm07_28884585	28884585	28.8846	0.184615	0.597916	0.0789474	0.420424	0.152952
7	Gm07_28897462	28897462	28.8975	0.215385	0.597433	0.0789474	0.42115	0.151853
7	Gm07_28917843	28917843	28.9178	0.246154	0.593635	0.776316	0.40597	0.165026
7	Gm07_28931985	28931985	28.932	0.230769	0.591862	0.0921053	0.410565	0.158838
7	Gm07_28935625	28935625	28.9356	0.184615	0.59271	0.0789474	0.410755	0.15926
7	Gm07_28944519	28944519	28.9445	0	0.597544	0.605263	0.399548	0.174801
7	Gm07_28987861	28987861	28.9879	0.230769	0.568059	0.0921053	0.420835	0.130282
7	Gm07_28987892	28987892	28.9879	0.230769	0.568059	0.0921053	0.420835	0.130282
7	Gm07_28993347	28993347	28.9933	0.230769	0.565537	0.789474	0.417499	0.131805
7	Gm07_28996629	28996629	28.9966	0.230769	0.57548	0.0789474	0.424303	0.132354
7	Gm07_28998487	28998487	28.9985	0.246154	0.57545	0.789474	0.424057	0.132583
7	Gm07_29000956	29000956	29.001	0.2	0.575549	0.0657895	0.426256	0.130412
7	Gm07_29014564	29014564	29.0146	0.246154	0.567285	0.789474	0.420218	0.130327
7	Gm07_29014836	29014836	29.0148	0.0153846	0.568757	0.684211	0.418246	0.133495
7	Gm07_29018503	29018503	29.0185	0.215385	0.573525	0.0921053	0.435735	0.11933
7	Gm07_29019851	29019851	29.0199	0.215385	0.573525	0.0921053	0.436242	0.118825
7	Gm07_29052415	29052415	29.0524	0.2	0.569433	0.0789474	0.434274	0.117679
7	Gm07_29055199	29055199	29.0552	0.230769	0.574567	0.789474	0.432188	0.123668
7	Gm07_29128265	29128265	29.1283	0.230769	0.553777	0.105263	0.433627	0.106219
7	Gm07_29146640	29146640	29.1466	0.2	0.561721	0.0789474	0.440367	0.105706
7	Gm07_29177204	29177204	29.1772	0.0153846	0.57669	0.697368	0.437275	0.120188
7	Gm07_29177485	29177485	29.1775	0.0153846	0.57669	0.697368	0.437275	0.120188
7	Gm07_29242557	29242557	29.2426	0.184615	0.565192	0.0657895	0.450223	0.0987678
7	Gm07_29260463	29260463	29.2605	0.2	0.57018	0.0789474	0.455728	0.0973061
7	Gm07_29260499	29260499	29.2605	0.184615	0.57072	0.0657895	0.456046	0.097414
7	Gm07_29307556	29307556	29.3076	0.0153846	0.562267	0.697368	0.437701	0.108765
7	Gm07_29309727	29309727	29.3097	0.0153846	0.562267	0.697368	0.437701	0.108765
7	Gm07_29311913	29311913	29.3119	0.230769	0.534289	0.0921053	0.442819	0.0815503
7	Gm07_29403250	29403250	29.4032	0.215385	0.517958	0.0657895	0.438764	0.0720639
7	Gm07_29420592	29420592	29.4206	0.276923	0.490963	0.802632	0.426117	0.0615205
7	Gm07_29445121	29445121	29.4451	0.2	0.499595	0.789474	0.425449	0.0697697
7	Gm07_29457259	29457259	29.4573	0.230769	0.501067	0.0921053	0.432049	0.0643628
7	Gm07_29459534	29459534	29.4595	0.215385	0.501567	0.0789474	0.432879	0.0639629
7	Gm07_29506548	29506548	29.5065	0.215385	0.501033	0.0789474	0.432795	0.063584
7	Gm07_29513001	29513001	29.513	0.215385	0.49155	0.0789474	0.425771	0.0623912
7	Gm07_29521857	29521857	29.5219	0.230769	0.490922	0.776316	0.414031	0.0739796
7	Gm07_29531849	29531849	29.5318	0.246154	0.489239	0.815789	0.414041	0.0724783
7	Gm07_29532734	29532734	29.5327	0.246154	0.491496	0.802632	0.415751	0.0726866
7	Gm07_29660052	29660052	29.6601	0.230769	0.50308	0.776316	0.424742	0.0735119
7	Gm07_29759170	29759170	29.7592	0.2	0.488824	0.0789474	0.414248	0.0718924
7	Gm07_29760750	29760750	29.7608	0	0.492507	0.605263	0.376839	0.116256
7	Gm07_29881140	29881140	29.8811	0.215385	0.456825	0.0921053	0.410105	0.0468554
7	Gm07_29881162	29881162	29.8812	0.215385	0.456825	0.0921053	0.410105	0.0468554
7	Gm07_29903076	29903076	29.9031	0.230769	0.443499	0.0921053	0.399976	0.0448583
7	Gm07_29908741	29908741	29.9087	0.215385	0.444453	0.0921053	0.39983	0.0459509
7	Gm07_29921767	29921767	29.9218	0.123077	0.410667	0.0263158	0.38513	0.027882
7	Gm07_29929865	29929865	29.9299	0.2	0.446425	0.0789474	0.399615	0.048106
7	Gm07_29992548	29992548	29.9925	0.0153846	0.441254	0.684211	0.384651	0.0596213
7	Gm07_29995592	29995592	29.9956	0.184615	0.439431	0.0657895	0.396942	0.0441637
7	Gm07_30013125	30013125	30.0131	0.215385	0.435206	0.0789474	0.394077	0.0431133
7	Gm07_30013551	30013551	30.0136	0.215385	0.435409	0.763158	0.388033	0.0500289
7	Gm07_30017569	30017569	30.0176	0.215385	0.42813	0.0789474	0.390483	0.039973
7	Gm07_30053740	30053740	30.0537	0.215385	0.420883	0.789474	0.386948	0.0365083
7	Gm07_30066370	30066370	30.0664	0.230769	0.419399	0.0789474	0.389215	0.0324374
7	Gm07_30067123	30067123	30.0671	0.230769	0.419399	0.0921053	0.388637	0.0330828
7	Gm07_30071225	30071225	30.0712	0.230769	0.419399	0.105263	0.387973	0.0338258
7	Gm07_30084212	30084212	30.0842	0.0153846	0.428289	0.684211	0.388993	0.0417953
7	Gm07_30128897	30128897	30.1289	0.246154	0.421073	0.802632	0.397434	0.0250924
7	Gm07_30129096	30129096	30.1291	0.0307692	0.420397	0.697368	0.395963	0.0260051
7	Gm07_30131339	30131339	30.1313	0.215385	0.421775	0.776316	0.398652	0.0244875
7	Gm07_30135248	30135248	30.1352	0.215385	0.422708	0.0921053	0.411631	0.011532
7	Gm07_30153790	30153790	30.1538	0.2	0.414886	0.0921053	0.403002	0.0126216
7	Gm07_30198671	30198671	30.1987	0.230769	0.413668	0.0921053	0.407502	0.00652138
7	Gm07_30203571	30203571	30.2036	0.230769	0.422676	0.789474	0.405546	0.017968
7	Gm07_30235313	30235313	30.2353	0.230769	0.430843	0.789474	0.416385	0.0148235
7	Gm07_30250113	30250113	30.2501	0.230769	0.421834	0.789474	0.408968	0.0134521
7	Gm07_30252601	30252601	30.2526	0.230769	0.421834	0.802632	0.409165	0.0132431
7	Gm07_30320392	30320392	30.3204	0.0461538	0.425197	0.723684	0.39814	0.0285544
7	Gm07_30346888	30346888	30.3469	0.0307692	0.431149	0.710526	0.396593	0.0362824
7	Gm07_30484968	30484968	30.485	0.0153846	0.408184	0.671053	0.373396	0.0386864
7	Gm07_30571195	30571195	30.5712	0.0307692	0.389637	0.697368	0.361739	0.032264
7	Gm07_30574390	30574390	30.5744	0.0307692	0.389637	0.697368	0.361739	0.032264
7	Gm07_30653564	30653564	30.6536	0.0153846	0.396893	0.684211	0.369894	0.0305961
7	Gm07_30654198	30654198	30.6542	0.246154	0.361252	0.802632	0.368472	-0.00859408
7	Gm07_30697164	30697164	30.6972	0.0307692	0.412805	0.710526	0.369419	0.0482254
7	Gm07_30812511	30812511	30.8125	0.0461538	0.404119	0.684211	0.373226	0.0345375
7	Gm07_30833541	30833541	30.8335	0.0307692	0.408228	0.697368	0.373303	0.0388412
7	Gm07_30836347	30836347	30.8363	0.0153846	0.408993	0.657895	0.365266	0.0491057
7	Gm07_30845481	30845481	30.8455	0.323077	0.296958	0	0.375954	-0.10244
7	Gm07_30916197	30916197	30.9162	0	0.417743	0.671053	0.349447	0.0775274
7	Gm07_30928408	30928408	30.9284	0.0153846	0.414907	0.710526	0.3497	0.0742557
7	Gm07_30928459	30928459	30.9285	0	0.415148	0.684211	0.349547	0.0746971
7	Gm07_30932095	30932095	30.9321	0	0.418294	0.697368	0.350798	0.0764241
7	Gm07_30940552	30940552	30.9406	0.0153846	0.418053	0.710526	0.351423	0.0754005
7	Gm07_30961603	30961603	30.9616	0	0.41898	0.671053	0.34439	0.0851428
7	Gm07_30988974	30988974	30.989	0.169231	0.370578	0	0.361439	0.0108447
7	Gm07_30989289	30989289	30.9893	0.184615	0.364627	0	0.361439	0.00381435
7	Gm07_30993784	30993784	30.9938	0.0153846	0.434941	0.697368	0.34633	0.098941
7	Gm07_31045308	31045308	31.0453	0.0153846	0.429997	0.710526	0.335321	0.108004
7	Gm07_31076875	31076875	31.0769	0.0153846	0.429327	0.697368	0.323947	0.122314
7	Gm07_31094685	31094685	31.0947	0.0153846	0.433413	0.697368	0.322222	0.128747
7	Gm07_31120195	31120195	31.1202	0.0769231	0.415154	0.0657895	0.302649	0.13727
7	Gm07_31120225	31120225	31.1202	0.0769231	0.415154	0.0657895	0.302649	0.13727
7	Gm07_31120315	31120315	31.1203	0	0.453523	0.684211	0.309582	0.165823
7	Gm07_31153748	31153748	31.1537	0	0.456172	0.631579	0.278428	0.214416
7	Gm07_31154012	31154012	31.154	0.0153846	0.451768	0.697368	0.27194	0.220441
7	Gm07_31159721	31159721	31.1597	0	0.452505	0.605263	0.272903	0.219616
7	Gm07_31171772	31171772	31.1718	0.0461538	0.434507	0.131579	0.262794	0.21838
7	Gm07_31199807	31199807	31.1998	0.0153846	0.450931	0.723684	0.290275	0.1913
7	Gm07_31203542	31203542	31.2035	0	0.45125	0.671053	0.288686	0.193992
7	Gm07_31211934	31211934	31.2119	0	0.450351	0.671053	0.287459	0.194975
7	Gm07_31212309	31212309	31.2123	0.0153846	0.450032	0.723684	0.286212	0.196556
7	Gm07_31217335	31217335	31.2173	0.0153846	0.458068	0.723684	0.29361	0.19316
7	Gm07_31229693	31229693	31.2297	0.0153846	0.458068	0.697368	0.293475	0.193359
7	Gm07_31235248	31235248	31.2352	0	0.458458	0.671053	0.293032	0.194385
7	Gm07_31263627	31263627	31.2636	0.0153846	0.453181	0.723684	0.287268	0.197986
7	Gm07_31409530	31409530	31.4095	0	0.47308	0.657895	0.282046	0.224615
7	Gm07_31409818	31409818	31.4098	0	0.47308	0.657895	0.282046	0.224615
7	Gm07_31417012	31417012	31.417	0	0.47308	0.697368	0.296842	0.20241
7	Gm07_31473866	31473866	31.4739	0.0153846	0.472241	0.684211	0.296009	0.20286
7	Gm07_31524402	31524402	31.5244	0.2	0.40058	0.0657895	0.307375	0.115021
7	Gm07_31525172	31525172	31.5252	0.261538	0.380327	0.815789	0.301912	0.100277
7	Gm07_31525409	31525409	31.5254	0	0.43145	0.671053	0.306154	0.148991
7	Gm07_31527682	31527682	31.5277	0.0153846	0.431393	0.697368	0.30645	0.148513
7	Gm07_31603407	31603407	31.6034	0	0.436401	0.671053	0.307629	0.151859
7	Gm07_31603603	31603603	31.6036	0.0153846	0.436093	0.723684	0.311599	0.145983
7	Gm07_31649601	31649601	31.6496	0	0.457195	0.697368	0.328242	0.143908
7	Gm07_31717957	31717957	31.718	0	0.471514	0.697368	0.338714	0.143662
7	Gm07_31735201	31735201	31.7352	0.0153846	0.470335	0.710526	0.339116	0.142059
7	Gm07_31785776	31785776	31.7858	0.2	0.448444	0.0657895	0.347566	0.11067
7	Gm07_31872847	31872847	31.8728	0	0.550283	0.697368	0.357182	0.187697
7	Gm07_31883072	31883072	31.8831	0.0615385	0.523233	0.0526316	0.343173	0.183182
7	Gm07_31883107	31883107	31.8831	0.0615385	0.523233	0.0657895	0.338513	0.18912
7	Gm07_31883120	31883120	31.8831	0.0615385	0.523233	0.0526316	0.338514	0.189119
7	Gm07_31883138	31883138	31.8831	0.0615385	0.523233	0.0657895	0.339048	0.188434
7	Gm07_31926218	31926218	31.9262	0	0.550219	0.671053	0.355288	0.189956
7	Gm07_31930167	31930167	31.9302	0.107692	0.494078	0.0394737	0.353312	0.145637
7	Gm07_31970254	31970254	31.9703	0.0153846	0.546963	0.697368	0.356247	0.186206
7	Gm07_32057013	32057013	32.057	0.0153846	0.552117	0.710526	0.363006	0.182117
7	Gm07_32057269	32057269	32.0573	0.0153846	0.552117	0.710526	0.363006	0.182117
7	Gm07_32077270	32077270	32.0773	0.0153846	0.552149	0.684211	0.365666	0.178971
7	Gm07_32131959	32131959	32.132	0.0153846	0.546212	0.0657895	0.351895	0.190948
7	Gm07_32214734	32214734	32.2147	0	0.543612	0.671053	0.380866	0.154516
7	Gm07_32263042	32263042	32.263	0.0153846	0.533785	0.684211	0.374152	0.154318
7	Gm07_32268378	32268378	32.2684	0.0153846	0.525749	0.697368	0.368516	0.154322
7	Gm07_32269982	32269982	32.27	0.0153846	0.525749	0.723684	0.367571	0.155437
7	Gm07_32330129	32330129	32.3301	0.0153846	0.536472	0.697368	0.373475	0.157286
7	Gm07_32343285	32343285	32.3433	0	0.536674	0.697368	0.379488	0.150513
7	Gm07_32343345	32343345	32.3433	0.0153846	0.536472	0.697368	0.380165	0.149575
7	Gm07_32356453	32356453	32.3565	0.0769231	0.509023	0.0263158	0.384907	0.121382
7	Gm07_32479118	32479118	32.4791	0.0153846	0.545679	0.723684	0.383425	0.153257
7	Gm07_32488999	32488999	32.489	0	0.545886	0.684211	0.38296	0.153948
7	Gm07_32489018	32489018	32.489	0	0.545886	0.671053	0.382893	0.154025
7	Gm07_32492684	32492684	32.4927	0.0153846	0.545679	0.723684	0.383143	0.153576
7	Gm07_32495137	32495137	32.4951	0.0153846	0.545679	0.671053	0.377884	0.159578
7	Gm07_32495735	32495735	32.4957	0.0153846	0.545679	0.684211	0.386371	0.149932
7	Gm07_32495771	32495771	32.4958	0.0153846	0.545679	0.684211	0.386371	0.149932
7	Gm07_32497029	32497029	32.497	0.0153846	0.547239	0.697368	0.388151	0.149177
7	Gm07_32520700	32520700	32.5207	0	0.555275	0.671053	0.39542	0.14745
7	Gm07_32581309	32581309	32.5813	0	0.559942	0.684211	0.401807	0.144126
7	Gm07_32606469	32606469	32.6065	0.0153846	0.549961	0.684211	0.395655	0.143015
7	Gm07_32627175	32627175	32.6272	0.0153846	0.549961	0.684211	0.395655	0.143015
7	Gm07_32634218	32634218	32.6342	0	0.556948	0.684211	0.401223	0.142429
7	Gm07_32636734	32636734	32.6367	0.0923077	0.510403	0.697368	0.402513	0.103133
7	Gm07_32661401	32661401	32.6614	0.2	0.457777	0.789474	0.390548	0.0689795
7	Gm07_32683952	32683952	32.684	0.184615	0.45907	0.0657895	0.396275	0.063882
7	Gm07_32708769	32708769	32.7088	0	0.491985	0.671053	0.397412	0.0927108
7	Gm07_32784360	32784360	32.7844	0	0.493793	0.671053	0.397488	0.0942202
7	Gm07_32797846	32797846	32.7978	0.0153846	0.493157	0.684211	0.397431	0.0937236
7	Gm07_32844909	32844909	32.8449	0	0.493466	0.671053	0.397263	0.0941794
7	Gm07_32845112	32845112	32.8451	0.0153846	0.493157	0.710526	0.396175	0.0950981
7	Gm07_32853023	32853023	32.853	0	0.494957	0.671053	0.397314	0.0954338
7	Gm07_32866469	32866469	32.8665	0.184615	0.471581	0.0657895	0.405638	0.0654177
7	Gm07_32947419	32947419	32.9474	0	0.464645	0.0131579	0.388113	0.0781632
7	Gm07_32954704	32954704	32.9547	0	0.464645	0.671053	0.383242	0.0836479
7	Gm07_32957548	32957548	32.9575	0.184615	0.458969	0.0657895	0.384027	0.0774213
7	Gm07_32961560	32961560	32.9616	0	0.478578	0.684211	0.384546	0.0950045
7	Gm07_32974791	32974791	32.9748	0	0.46965	0.671053	0.368957	0.104799
7	Gm07_32985427	32985427	32.9854	0.0153846	0.467793	0.697368	0.378868	0.091566
7	Gm07_32992184	32992184	32.9922	0.138462	0.397948	0.0263158	0.380101	0.0199275
7	Gm07_33054552	33054552	33.0546	0.0153846	0.480764	0.697368	0.388253	0.0928172
7	Gm07_33062500	33062500	33.0625	0.246154	0.444201	0.802632	0.385156	0.0619431
7	Gm07_33062539	33062539	33.0625	0.0153846	0.487665	0.710526	0.388632	0.0985829
7	Gm07_33131055	33131055	33.1311	0	0.482429	0.684211	0.381167	0.102318
7	Gm07_33131084	33131084	33.1311	0	0.482429	0.684211	0.381167	0.102318
7	Gm07_33160053	33160053	33.1601	0	0.475758	0.618421	0.339279	0.146829
7	Gm07_33169381	33169381	33.1694	0	0.475758	0.697368	0.355223	0.126885
7	Gm07_33184712	33184712	33.1847	0.0153846	0.474322	0.710526	0.355065	0.125766
7	Gm07_33186738	33186738	33.1867	0	0.474433	0.684211	0.354557	0.126489
7	Gm07_33191944	33191944	33.1919	0.0153846	0.474322	0.710526	0.357593	0.122685
7	Gm07_33212127	33212127	33.2121	0.0153846	0.484173	0.723684	0.363877	0.124046
7	Gm07_33302857	33302857	33.3029	0.0153846	0.489891	0.710526	0.362547	0.130736
7	Gm07_33316303	33316303	33.3163	0.261538	0.443445	0.802632	0.363817	0.0859561
7	Gm07_33441307	33441307	33.4413	0.0153846	0.511085	0.684211	0.35798	0.154634
7	Gm07_33464330	33464330	33.4643	0	0.512062	0.684211	0.36323	0.149141
7	Gm07_33476429	33476429	33.4764	0	0.521198	0.684211	0.369272	0.149656
7	Gm07_33496226	33496226	33.4962	0.0153846	0.516602	0.710526	0.362376	0.153996
7	Gm07_33500806	33500806	33.5008	0	0.529912	0.671053	0.362372	0.165049
7	Gm07_33536648	33536648	33.5366	0	0.534644	0.671053	0.370021	0.159838
7	Gm07_33559982	33559982	33.56	0.2	0.500371	0.0657895	0.374682	0.125629
7	Gm07_33631795	33631795	33.6318	0	0.544749	0.605263	0.35634	0.184332
7	Gm07_33692444	33692444	33.6924	0.0153846	0.545958	0.684211	0.347819	0.195805
7	Gm07_33703494	33703494	33.7035	0.0153846	0.545958	0.684211	0.354092	0.188043
7	Gm07_33715272	33715272	33.7153	0	0.547132	0.605263	0.352037	0.191504
7	Gm07_33732114	33732114	33.7321	0.0153846	0.558709	0.697368	0.372161	0.176455
7	Gm07_33793723	33793723	33.7937	0.184615	0.538869	0.0657895	0.379148	0.152674
7	Gm07_33914256	33914256	33.9143	0	0.563871	0.671053	0.377306	0.174486
7	Gm07_37251203	37251203	37.2512	0.138462	0.264807	0.105263	0.353841	-0.125878
7	Gm07_37251452	37251452	37.2515	0.338462	0.244793	0.342105	0.328543	-0.127794
7	Gm07_37259950	37259950	37.26	0.507692	0.245339	0.592105	0.342709	-0.145159
7	Gm07_37272330	37272330	37.2723	0.338462	0.24752	0.302632	0.340156	-0.138069
7	Gm07_37272363	37272363	37.2724	0.338462	0.24752	0.302632	0.341876	-0.140259
7	Gm07_37272391	37272391	37.2724	0.523077	0.246566	0.592105	0.341459	-0.141405
7	Gm07_37272438	37272438	37.2724	0.123077	0.247688	0.0657895	0.34338	-0.14187
7	Gm07_37272576	37272576	37.2726	0.0923077	0.24774	0	0.344327	-0.142976
7	Gm07_37274647	37274647	37.2746	0.323077	0.249586	0.302632	0.343297	-0.13845
7	Gm07_37291963	37291963	37.292	0.153846	0.254321	0.0657895	0.35517	-0.145054
7	Gm07_37328730	37328730	37.3287	0.323077	0.256682	0.302632	0.363774	-0.151436
7	Gm07_37328800	37328800	37.3288	0.323077	0.256682	0.302632	0.363774	-0.151436
7	Gm07_37328831	37328831	37.3288	0.323077	0.256682	0.315789	0.36489	-0.152767
7	Gm07_37330819	37330819	37.3308	0.353846	0.259191	0.342105	0.367129	-0.151199
7	Gm07_37396714	37396714	37.3967	0.123077	0.279438	0.0263158	0.417544	-0.174416
7	Gm07_37403027	37403027	37.403	0.138462	0.274652	0.0263158	0.417544	-0.18192
7	Gm07_37403175	37403175	37.4032	0.123077	0.277101	0.0263158	0.417544	-0.178065
7	Gm07_37502305	37502305	37.5023	0.507692	0.24676	0.0263158	0.423125	-0.234193
7	Gm07_37529493	37529493	37.5295	0.230769	0.243735	0.157895	0.403755	-0.2192
7	Gm07_37529765	37529765	37.5298	0.523077	0.250497	0.0263158	0.433004	-0.237688
7	Gm07_37536630	37536630	37.5366	0.523077	0.246419	0.0263158	0.432871	-0.244684
7	Gm07_37553038	37553038	37.553	0.507692	0.251302	0.0263158	0.436417	-0.239705
7	Gm07_37553056	37553056	37.5531	0.507692	0.251302	0.0263158	0.436417	-0.239705
7	Gm07_37553074	37553074	37.5531	0.507692	0.251302	0.0263158	0.436417	-0.239705
7	Gm07_37553398	37553398	37.5534	0.507692	0.251302	0.0263158	0.436417	-0.239705
7	Gm07_37553405	37553405	37.5534	0.507692	0.251302	0.0263158	0.436417	-0.239705
7	Gm07_37573720	37573720	37.5737	0.507692	0.242417	0.0263158	0.432415	-0.251337
7	Gm07_37573873	37573873	37.5739	0.507692	0.242417	0.0263158	0.432415	-0.251337
7	Gm07_37583973	37583973	37.584	0.523077	0.242278	0.0263158	0.435334	-0.254508
7	Gm07_37584232	37584232	37.5842	0.523077	0.242278	0.0263158	0.435334	-0.254508
7	Gm07_37638540	37638540	37.6385	0.492308	0.241498	0.0263158	0.439411	-0.259957
7	Gm07_37638677	37638677	37.6387	0.492308	0.241498	0.0263158	0.439411	-0.259957
7	Gm07_37638697	37638697	37.6387	0.492308	0.241498	0.0263158	0.439411	-0.259957
7	Gm07_37638843	37638843	37.6388	0.492308	0.241498	0.0263158	0.439411	-0.259957
7	Gm07_37662848	37662848	37.6628	0.507692	0.241334	0.0263158	0.439411	-0.260252
7	Gm07_37662873	37662873	37.6629	0.492308	0.24143	0.0263158	0.439411	-0.260079
7	Gm07_37710838	37710838	37.7108	0.230769	0.227438	0.210526	0.391021	-0.235337
7	Gm07_37711081	37711081	37.7111	0.476923	0.224239	0.447368	0.337322	-0.177333
7	Gm07_37711992	37711992	37.712	0.0307692	0.224138	0.526316	0.337035	-0.17716
7	Gm07_37712032	37712032	37.712	0.492308	0.223956	0.0263158	0.349869	-0.193744
7	Gm07_37713815	37713815	37.7138	0.246154	0.224335	0.131579	0.343855	-0.185478
7	Gm07_37714260	37714260	37.7143	0.246154	0.226913	0.236842	0.37197	-0.214647
7	Gm07_37714307	37714307	37.7143	0.246154	0.226913	0.236842	0.37197	-0.214647
7	Gm07_37715678	37715678	37.7157	0.276923	0.229158	0.736842	0.372031	-0.210443
7	Gm07_37775931	37775931	37.7759	0.507692	0.236834	0.0263158	0.400173	-0.227805
7	Gm07_37793139	37793139	37.7931	0.353846	0.212376	0	0.400618	-0.275625
7	Gm07_37793159	37793159	37.7932	0.138462	0.225268	0.0263158	0.400173	-0.249549
7	Gm07_37793180	37793180	37.7932	0.138462	0.225268	0.0263158	0.400173	-0.249549
7	Gm07_37818300	37818300	37.8183	0.153846	0.221085	0.0263158	0.393785	-0.250701
7	Gm07_37852330	37852330	37.8523	0.430769	0.201444	0.131579	0.370002	-0.264051
7	Gm07_37901156	37901156	37.9012	0.584615	0.23764	0.157895	0.375366	-0.198535
7	Gm07_37901180	37901180	37.9012	0.584615	0.23764	0.157895	0.375366	-0.198535
7	Gm07_37930156	37930156	37.9302	0.584615	0.233925	0.157895	0.370228	-0.199393
7	Gm07_37930382	37930382	37.9304	0.584615	0.233925	0.157895	0.370228	-0.199393
7	Gm07_37943807	37943807	37.9438	0.584615	0.230186	0.171053	0.356381	-0.189836
7	Gm07_37943837	37943837	37.9438	0.584615	0.230186	0.171053	0.356381	-0.189836
7	Gm07_37945421	37945421	37.9454	0.492308	0.226823	0.0263158	0.367489	-0.209557
7	Gm07_37945433	37945433	37.9454	0.492308	0.226823	0.0263158	0.367489	-0.209557
7	Gm07_37952289	37952289	37.9523	0.0153846	0.23484	0.5	0.31779	-0.131368
7	Gm07_37960372	37960372	37.9604	0.276923	0.22336	0.723684	0.332046	-0.172193
7	Gm07_37960534	37960534	37.9605	0.276923	0.22336	0.723684	0.332046	-0.172193
7	Gm07_37960576	37960576	37.9606	0.276923	0.22336	0.723684	0.332046	-0.172193
7	Gm07_37962379	37962379	37.9624	0.276923	0.22336	0.723684	0.332046	-0.172193
7	Gm07_37973220	37973220	37.9732	0.292308	0.217917	0.723684	0.327669	-0.177145
7	Gm07_37973269	37973269	37.9733	0.276923	0.223818	0.723684	0.327669	-0.165541
7	Gm07_37996114	37996114	37.9961	0.507692	0.224242	0.0394737	0.358588	-0.203879
7	Gm07_37996126	37996126	37.9961	0.507692	0.224242	0.0394737	0.358588	-0.203879
7	Gm07_37996482	37996482	37.9965	0.507692	0.224242	0.0394737	0.358588	-0.203879
7	Gm07_38010995	38010995	38.011	0.507692	0.221486	0.0394737	0.35403	-0.203694
7	Gm07_38011003	38011003	38.011	0.507692	0.221486	0.0394737	0.35403	-0.203694
7	Gm07_38011164	38011164	38.0112	0.476923	0.209139	0.0394737	0.35403	-0.228606
7	Gm07_38011187	38011187	38.0112	0.507692	0.220433	0.0394737	0.35403	-0.205763
7	Gm07_38032815	38032815	38.0328	0.507692	0.218093	0.0394737	0.349624	-0.204959
7	Gm07_38039747	38039747	38.0397	0.507692	0.216371	0.0526316	0.338343	-0.194158
7	Gm07_38065760	38065760	38.0658	0.246154	0.214241	0.144737	0.31795	-0.171457
7	Gm07_38067376	38067376	38.0674	0.246154	0.214201	0.144737	0.31788	-0.171441
7	Gm07_38067672	38067672	38.0677	0.523077	0.198456	0.131579	0.291994	-0.16771
7	Gm07_38101185	38101185	38.1012	0.307692	0.174752	0.723684	0.287368	-0.216015
7	Gm07_38111391	38111391	38.1114	0.384615	0.17474	0.25	0.274317	-0.195859
7	Gm07_38124535	38124535	38.1245	0.107692	0.189978	0.223684	0.264767	-0.144162
7	Gm07_38124577	38124577	38.1246	0.138462	0.194121	0.105263	0.283684	-0.164761
7	Gm07_38149551	38149551	38.1496	0.138462	0.195755	0.0921053	0.293383	-0.175721
7	Gm07_38183212	38183212	38.1832	0.661538	0.188524	0.197368	0.282237	-0.175247
7	Gm07_38184012	38184012	38.184	0.661538	0.188524	0.184211	0.283386	-0.177011
7	Gm07_38203820	38203820	38.2038	0.446154	0.174767	0.0131579	0.292798	-0.224109
7	Gm07_38246306	38246306	38.2463	0.338462	0.184086	0.355263	0.284586	-0.189192
7	Gm07_38253498	38253498	38.2535	0.123077	0.212315	0.144737	0.287246	-0.131274
7	Gm07_38253511	38253511	38.2535	0.123077	0.212315	0.144737	0.287246	-0.131274
7	Gm07_38254005	38254005	38.254	0.123077	0.212315	0.144737	0.287246	-0.131274
7	Gm07_38254017	38254017	38.254	0.123077	0.212315	0.144737	0.287246	-0.131274
7	Gm07_38254678	38254678	38.2547	0.123077	0.212315	0.144737	0.287246	-0.131274
7	Gm07_38254761	38254761	38.2548	0.0769231	0.209803	0.473684	0.274468	-0.116679
7	Gm07_38254963	38254963	38.255	0.123077	0.211026	0.144737	0.278374	-0.120293
7	Gm07_38274940	38274940	38.2749	0.0769231	0.222303	0.5	0.276272	-0.0943903
7	Gm07_38297684	38297684	38.2977	0.0769231	0.221112	0.473684	0.275545	-0.0955803
7	Gm07_38325289	38325289	38.3253	0.230769	0.214495	0.236842	0.337624	-0.197017
