chr	id	pos	freq	ihh1	ihh0	ihs
7	Gm07_4567782	4567782	0.440789	0.126799	-0.126799	0.126799
7	Gm07_4567950	4567950	0.440789	0.126799	-0.126799	0.126799
7	Gm07_4573799	4573799	0.496711	0.061772	-0.061772	0.061772
7	Gm07_4622116	4622116	0.0723684	-0.0496209	0.0496209	-0.0496209
7	Gm07_4622296	4622296	0.0723684	-0.0496209	0.0496209	-0.0496209
7	Gm07_6953902	6953902	0.0921053	0.223587	-0.223587	0.223587
7	Gm07_6986309	6986309	0.391447	0.253431	-0.253431	0.253431
7	Gm07_7018224	7018224	0.190789	0.773743	-0.773743	0.773743
7	Gm07_7018418	7018418	0.151316	0.446349	-0.446349	0.446349
7	Gm07_7020968	7020968	0.296053	0.359572	-0.359572	0.359572
7	Gm07_7025049	7025049	0.404605	0.141415	-0.141415	0.141415
7	Gm07_7127436	7127436	0.289474	0.421445	-0.421445	0.421445
7	Gm07_7127463	7127463	0.286184	0.43462	-0.43462	0.43462
7	Gm07_7150443	7150443	0.121711	0.218429	-0.218429	0.218429
7	Gm07_7150807	7150807	0.118421	0.243016	-0.243016	0.243016
7	Gm07_7151298	7151298	0.118421	0.243016	-0.243016	0.243016
7	Gm07_7162007	7162007	0.273026	0.493497	-0.493497	0.493497
7	Gm07_7162034	7162034	0.473684	0.180721	-0.180721	0.180721
7	Gm07_7162810	7162810	0.276316	0.516452	-0.516452	0.516452
7	Gm07_7172588	7172588	0.371711	0.476754	-0.476754	0.476754
7	Gm07_7172614	7172614	0.125	0.241804	-0.241804	0.241804
7	Gm07_7172893	7172893	0.490132	0.124907	-0.124907	0.124907
7	Gm07_7180117	7180117	0.315789	0.346548	-0.346548	0.346548
7	Gm07_7191406	7191406	0.121711	0.243767	-0.243767	0.243767
7	Gm07_7191687	7191687	0.276316	0.475469	-0.475469	0.475469
7	Gm07_7315872	7315872	0.240132	-0.220485	0.182256	-0.182256
7	Gm07_7315881	7315881	0.467105	0.0352417	-0.0352417	0.0352417
7	Gm07_7315897	7315897	0.463816	0.0463929	-0.0463929	0.0463929
7	Gm07_7316094	7316094	0.460526	0.057255	-0.057255	0.057255
7	Gm07_7333771	7333771	0.463816	-0.475094	0.433868	-0.433868
7	Gm07_7333790	7333790	0.0526316	-0.396618	0.249462	-0.249462
7	Gm07_7333992	7333992	0.453947	-0.426965	0.392979	-0.392979
7	Gm07_7388440	7388440	0.0953947	0.283666	-0.283666	0.283666
7	Gm07_7388624	7388624	0.111842	0.142717	-0.142717	0.142717
7	Gm07_7422181	7422181	0.361842	0.326613	-0.326613	0.326613
7	Gm07_7427047	7427047	0.3125	0.479357	-0.479357	0.479357
7	Gm07_7454146	7454146	0.309211	0.489798	-0.489798	0.489798
7	Gm07_7471165	7471165	0.335526	0.408766	-0.408766	0.408766
7	Gm07_7584426	7584426	0.154605	0.170949	-0.170949	0.170949
7	Gm07_7600185	7600185	0.4375	0.159636	-0.159636	0.159636
7	Gm07_7649493	7649493	0.335526	0.477776	-0.477776	0.477776
7	Gm07_7649500	7649500	0.335526	0.477776	-0.477776	0.477776
7	Gm07_7651301	7651301	0.332237	0.49048	-0.49048	0.49048
7	Gm07_7651355	7651355	0.200658	0.0161343	-0.0161343	0.0161343
7	Gm07_7651700	7651700	0.200658	0.0262409	-0.0262409	0.0262409
7	Gm07_7651753	7651753	0.355263	0.35289	-0.35289	0.35289
7	Gm07_7675645	7675645	0.315789	0.487486	-0.487486	0.487486
7	Gm07_7692494	7692494	0.391447	0.252586	-0.252586	0.252586
7	Gm07_7692514	7692514	0.0855263	0.137462	-0.137462	0.137462
7	Gm07_7692716	7692716	0.394737	0.272873	-0.272873	0.272873
7	Gm07_7726335	7726335	0.111842	0.0167117	-0.0167117	0.0167117
7	Gm07_7727164	7727164	0.111842	0.0167117	-0.0167117	0.0167117
7	Gm07_7727345	7727345	0.463816	0.0666245	-0.0666245	0.0666245
7	Gm07_7734627	7734627	0.427632	0.180269	-0.180269	0.180269
7	Gm07_7735885	7735885	0.447368	0.116859	-0.116859	0.116859
7	Gm07_7740624	7740624	0.467105	0.144506	-0.144506	0.144506
7	Gm07_7740682	7740682	0.467105	0.144506	-0.144506	0.144506
7	Gm07_7740834	7740834	0.467105	0.144506	-0.144506	0.144506
7	Gm07_7749582	7749582	0.430921	0.168691	-0.168691	0.168691
7	Gm07_7759960	7759960	0.131579	-0.0470166	0.0470166	-0.0470166
7	Gm07_7761857	7761857	0.319079	0.538081	-0.538081	0.538081
7	Gm07_7761866	7761866	0.0690789	0.134388	-0.134388	0.134388
7	Gm07_7761883	7761883	0.470395	0.0587866	-0.0587866	0.0587866
7	Gm07_7762097	7762097	0.453947	0.191403	-0.191403	0.191403
7	Gm07_7762111	7762111	0.0690789	0.13531	-0.13531	0.13531
7	Gm07_7762226	7762226	0.476974	0.0307266	-0.0307266	0.0307266
7	Gm07_7838619	7838619	0.0625	0.0409048	-0.0409048	0.0409048
7	Gm07_7853479	7853479	0.450658	0.121151	-0.121151	0.121151
7	Gm07_7854217	7854217	0.375	0.36741	-0.36741	0.36741
7	Gm07_7895362	7895362	0.460526	0.0853954	-0.0853954	0.0853954
7	Gm07_7951363	7951363	0.375	0.389528	-0.389528	0.389528
7	Gm07_7951411	7951411	0.4375	0.189457	-0.189457	0.189457
7	Gm07_7951423	7951423	0.375	0.395674	-0.395674	0.395674
7	Gm07_7989635	7989635	0.230263	0.336279	-0.336279	0.336279
7	Gm07_8012108	8012108	0.444079	0.339778	-0.339778	0.339778
7	Gm07_8012178	8012178	0.447368	0.330275	-0.330275	0.330275
7	Gm07_8014540	8014540	0.447368	0.329382	-0.329382	0.329382
7	Gm07_8046322	8046322	0.240132	0.065861	-0.065861	0.065861
7	Gm07_8092545	8092545	0.184211	0.236892	-0.236892	0.236892
7	Gm07_8128979	8128979	0.282895	0.12241	-0.12241	0.12241
7	Gm07_8129014	8129014	0.286184	0.112877	-0.112877	0.112877
7	Gm07_8144462	8144462	0.355263	0.561587	-0.561587	0.561587
7	Gm07_8169186	8169186	0.161184	0.543467	-0.543467	0.543467
7	Gm07_8187677	8187677	0.368421	0.572668	-0.572668	0.572668
7	Gm07_8187865	8187865	0.427632	-0.134945	0.134945	-0.134945
7	Gm07_8199857	8199857	0.190789	0.350641	-0.350641	0.350641
7	Gm07_8203918	8203918	0.0888158	0.116638	-0.116638	0.116638
7	Gm07_8271611	8271611	0.167763	0.448241	-0.448241	0.448241
7	Gm07_8382283	8382283	0.141447	0.441279	-0.441279	0.441279
7	Gm07_8427190	8427190	0.0526316	0.0748246	-0.0748246	0.0748246
7	Gm07_8427370	8427370	0.496711	-0.137452	0.137452	-0.137452
7	Gm07_8427723	8427723	0.493421	-0.13128	0.13128	-0.13128
7	Gm07_8427736	8427736	0.493421	-0.13128	0.13128	-0.13128
7	Gm07_8427769	8427769	0.440789	0.265811	-0.265811	0.265811
7	Gm07_8427788	8427788	0.440789	0.265811	-0.265811	0.265811
7	Gm07_8479925	8479925	0.338816	0.170232	-0.170232	0.170232
7	Gm07_8480088	8480088	0.338816	0.170232	-0.170232	0.170232
7	Gm07_8481116	8481116	0.338816	0.168667	-0.168667	0.168667
7	Gm07_8496364	8496364	0.157895	0.421079	-0.421079	0.421079
7	Gm07_8559591	8559591	0.0625	0.203241	-0.203241	0.203241
7	Gm07_8657174	8657174	0.305921	0.426297	-0.426297	0.426297
7	Gm07_8699663	8699663	0.180921	0.439217	-0.439217	0.439217
7	Gm07_8734875	8734875	0.197368	0.40265	-0.40265	0.40265
7	Gm07_8734897	8734897	0.197368	0.40265	-0.40265	0.40265
7	Gm07_8841114	8841114	0.358553	0.168672	-0.168672	0.168672
7	Gm07_8841603	8841603	0.378289	0.0990256	-0.0990256	0.0990256
7	Gm07_8841661	8841661	0.361842	0.157311	-0.157311	0.157311
7	Gm07_8841942	8841942	0.361842	0.157311	-0.157311	0.157311
7	Gm07_8845556	8845556	0.351974	0.192383	-0.192383	0.192383
7	Gm07_8863929	8863929	0.348684	0.199872	-0.199872	0.199872
7	Gm07_8863938	8863938	0.378289	0.0927242	-0.0927242	0.0927242
7	Gm07_8864176	8864176	0.358553	0.163781	-0.163781	0.163781
7	Gm07_8873983	8873983	0.348684	0.200857	-0.200857	0.200857
7	Gm07_8874035	8874035	0.355263	0.175593	-0.175593	0.175593
7	Gm07_8874821	8874821	0.348684	0.203994	-0.203994	0.203994
7	Gm07_8875084	8875084	0.411184	-0.00520394	0.00520394	-0.00520394
7	Gm07_8914752	8914752	0.355263	0.175564	-0.175564	0.175564
7	Gm07_8950055	8950055	0.358553	0.163187	-0.163187	0.163187
7	Gm07_8986243	8986243	0.351974	0.185035	-0.185035	0.185035
7	Gm07_9046880	9046880	0.476974	0.206403	-0.206403	0.206403
7	Gm07_9058577	9058577	0.358553	0.228714	-0.228714	0.228714
7	Gm07_9058583	9058583	0.148026	0.423542	-0.423542	0.423542
7	Gm07_9058641	9058641	0.480263	0.20301	-0.20301	0.20301
7	Gm07_9058739	9058739	0.470395	0.234598	-0.234598	0.234598
7	Gm07_9065584	9065584	0.463816	0.252816	-0.252816	0.252816
7	Gm07_9065613	9065613	0.470395	0.236594	-0.236594	0.236594
7	Gm07_9065948	9065948	0.365132	0.207907	-0.207907	0.207907
7	Gm07_9069612	9069612	0.151316	0.406885	-0.406885	0.406885
7	Gm07_9070960	9070960	0.463816	0.248961	-0.248961	0.248961
7	Gm07_9093791	9093791	0.381579	0.101825	-0.101825	0.101825
7	Gm07_9115826	9115826	0.375	0.124423	-0.124423	0.124423
7	Gm07_9116079	9116079	0.375	0.124423	-0.124423	0.124423
7	Gm07_12526723	12526723	0.105263	0.033787	-0.033787	0.033787
7	Gm07_12559976	12559976	0.0953947	0.131829	-0.131829	0.131829
7	Gm07_12574544	12574544	0.0986842	0.101543	-0.101543	0.101543
7	Gm07_12574607	12574607	0.101974	0.0697305	-0.0697305	0.0697305
7	Gm07_12575128	12575128	0.0953947	0.134356	-0.134356	0.134356
7	Gm07_12575283	12575283	0.0888158	0.205451	-0.205451	0.205451
7	Gm07_12596874	12596874	0.0953947	0.164932	-0.164932	0.164932
7	Gm07_12601437	12601437	0.105263	0.0722693	-0.0722693	0.0722693
7	Gm07_12641716	12641716	0.184211	-0.00115692	0.00115692	-0.00115692
7	Gm07_12642271	12642271	0.1875	-0.0181924	0.0181924	-0.0181924
7	Gm07_12642587	12642587	0.1875	-0.0181924	0.0181924	-0.0181924
7	Gm07_12642668	12642668	0.184211	-0.000800677	0.000800677	-0.000800677
7	Gm07_12642891	12642891	0.194079	-0.0553899	0.0553899	-0.0553899
7	Gm07_12697402	12697402	0.190789	-0.0396468	0.0396468	-0.0396468
7	Gm07_12707963	12707963	0.190789	-0.0246354	0.0246354	-0.0246354
7	Gm07_12726201	12726201	0.194079	-0.044105	0.044105	-0.044105
7	Gm07_12726550	12726550	0.0723684	0.215905	-0.215905	0.215905
7	Gm07_12757561	12757561	0.190789	-0.0582623	0.0582623	-0.0582623
7	Gm07_12880484	12880484	0.190789	-0.0182036	0.0182036	-0.0182036
7	Gm07_12894355	12894355	0.190789	-0.0182036	0.0182036	-0.0182036
7	Gm07_12894676	12894676	0.180921	0.0317133	-0.0317133	0.0317133
7	Gm07_12896545	12896545	0.184211	0.0270033	-0.0270033	0.0270033
7	Gm07_12901397	12901397	0.194079	-0.0289618	0.0289618	-0.0289618
7	Gm07_12901706	12901706	0.184211	0.0269208	-0.0269208	0.0269208
7	Gm07_12920686	12920686	0.184211	0.0269208	-0.0269208	0.0269208
7	Gm07_12920693	12920693	0.184211	0.0269208	-0.0269208	0.0269208
7	Gm07_12921034	12921034	0.131579	0.230874	-0.230874	0.230874
7	Gm07_12921043	12921043	0.194079	-0.0582064	0.0582064	-0.0582064
7	Gm07_12921065	12921065	0.184211	-0.00295895	0.00295895	-0.00295895
7	Gm07_12923826	12923826	0.194079	-0.0569059	0.0569059	-0.0569059
7	Gm07_12937228	12937228	0.190789	-0.0380088	0.0380088	-0.0380088
7	Gm07_12944882	12944882	0.1875	-0.0186142	0.0186142	-0.0186142
7	Gm07_12947218	12947218	0.1875	-0.0238914	0.0238914	-0.0238914
7	Gm07_12951893	12951893	0.184211	0.00505491	-0.00505491	0.00505491
7	Gm07_12952067	12952067	0.184211	0.00505491	-0.00505491	0.00505491
7	Gm07_12952123	12952123	0.184211	0.00505491	-0.00505491	0.00505491
7	Gm07_12996891	12996891	0.184211	0.00918752	-0.00918752	0.00918752
7	Gm07_12997952	12997952	0.184211	0.00918752	-0.00918752	0.00918752
7	Gm07_13018536	13018536	0.190789	-0.0248084	0.0248084	-0.0248084
7	Gm07_13079559	13079559	0.184211	0.0172434	-0.0172434	0.0172434
7	Gm07_13091901	13091901	0.190789	-0.0177221	0.0177221	-0.0177221
7	Gm07_13103209	13103209	0.1875	-0.00142396	0.00142396	-0.00142396
7	Gm07_13107333	13107333	0.184211	0.0195489	-0.0195489	0.0195489
7	Gm07_13141497	13141497	0.1875	0.000801958	-0.000801958	0.000801958
7	Gm07_13141530	13141530	0.190789	-0.0175214	0.0175214	-0.0175214
7	Gm07_13144643	13144643	0.190789	-0.0175214	0.0175214	-0.0175214
7	Gm07_13145438	13145438	0.1875	0.00106762	-0.00106762	0.00106762
7	Gm07_13148744	13148744	0.184211	0.0197663	-0.0197663	0.0197663
7	Gm07_13149667	13149667	0.1875	0.0010317	-0.0010317	0.0010317
7	Gm07_13208527	13208527	0.184211	0.0264357	-0.0264357	0.0264357
7	Gm07_13209017	13209017	0.184211	0.0264357	-0.0264357	0.0264357
7	Gm07_13214302	13214302	0.1875	0.0075529	-0.0075529	0.0075529
7	Gm07_13216118	13216118	0.1875	0.00761128	-0.00761128	0.00761128
7	Gm07_13223480	13223480	0.190789	-0.0107044	0.0107044	-0.0107044
7	Gm07_13223526	13223526	0.190789	-0.0107044	0.0107044	-0.0107044
7	Gm07_13243764	13243764	0.1875	0.0120761	-0.0120761	0.0120761
7	Gm07_13249731	13249731	0.184211	0.0313538	-0.0313538	0.0313538
7	Gm07_13269245	13269245	0.1875	0.015791	-0.015791	0.015791
7	Gm07_13269254	13269254	0.190789	-0.00273247	0.00273247	-0.00273247
7	Gm07_13274234	13274234	0.1875	0.0161995	-0.0161995	0.0161995
7	Gm07_13280183	13280183	0.184211	0.0350948	-0.0350948	0.0350948
7	Gm07_13281467	13281467	0.190789	-0.00239073	0.00239073	-0.00239073
7	Gm07_13297188	13297188	0.184211	0.0368631	-0.0368631	0.0368631
7	Gm07_13297488	13297488	0.190789	9.71515e-05	-9.71515e-05	9.71515e-05
7	Gm07_13297820	13297820	0.190789	9.71515e-05	-9.71515e-05	9.71515e-05
7	Gm07_13297834	13297834	0.190789	9.71515e-05	-9.71515e-05	9.71515e-05
7	Gm07_13322597	13322597	0.197368	-0.033209	0.033209	-0.033209
7	Gm07_13330004	13330004	0.190789	0.00435509	-0.00435509	0.00435509
7	Gm07_13334873	13334873	0.1875	0.0234804	-0.0234804	0.0234804
7	Gm07_13337615	13337615	0.1875	0.0234804	-0.0234804	0.0234804
7	Gm07_13346826	13346826	0.184211	0.0435433	-0.0435433	0.0435433
7	Gm07_13350426	13350426	0.194079	-0.0107186	0.0107186	-0.0107186
7	Gm07_13352427	13352427	0.194079	-0.0107186	0.0107186	-0.0107186
7	Gm07_13352864	13352864	0.194079	-0.00881867	0.00881867	-0.00881867
7	Gm07_13353014	13353014	0.190789	0.00766741	-0.00766741	0.00766741
7	Gm07_13361658	13361658	0.197368	-0.0284738	0.0284738	-0.0284738
7	Gm07_13408653	13408653	0.184211	0.0483386	-0.0483386	0.0483386
7	Gm07_13428919	13428919	0.184211	0.049411	-0.049411	0.049411
7	Gm07_13429100	13429100	0.184211	0.049411	-0.049411	0.049411
7	Gm07_13446274	13446274	0.184211	0.049411	-0.049411	0.049411
7	Gm07_13446479	13446479	0.1875	0.0305972	-0.0305972	0.0305972
7	Gm07_13451784	13451784	0.184211	0.0518581	-0.0518581	0.0518581
7	Gm07_13461775	13461775	0.184211	0.0518581	-0.0518581	0.0518581
7	Gm07_13485523	13485523	0.184211	0.0549545	-0.0549545	0.0549545
7	Gm07_13485528	13485528	0.184211	0.0549545	-0.0549545	0.0549545
7	Gm07_13485565	13485565	0.1875	0.0360462	-0.0360462	0.0360462
7	Gm07_13485573	13485573	0.184211	0.0549121	-0.0549121	0.0549121
7	Gm07_13503637	13503637	0.1875	0.0375908	-0.0375908	0.0375908
7	Gm07_13526191	13526191	0.184211	0.0585098	-0.0585098	0.0585098
7	Gm07_13537466	13537466	0.194079	0.00616089	-0.00616089	0.00616089
7	Gm07_13543275	13543275	0.190789	0.0244843	-0.0244843	0.0244843
7	Gm07_13549214	13549214	0.190789	0.0255098	-0.0255098	0.0255098
7	Gm07_13570492	13570492	0.184211	0.0640359	-0.0640359	0.0640359
7	Gm07_13572109	13572109	0.194079	0.00808329	-0.00808329	0.00808329
7	Gm07_13572726	13572726	0.1875	0.0450626	-0.0450626	0.0450626
7	Gm07_13572855	13572855	0.184211	0.0639577	-0.0639577	0.0639577
7	Gm07_13599508	13599508	0.184211	0.0669335	-0.0669335	0.0669335
7	Gm07_13620964	13620964	0.194079	0.0120672	-0.0120672	0.0120672
7	Gm07_13625974	13625974	0.171053	0.105939	-0.105939	0.105939
7	Gm07_13626213	13626213	0.197368	-0.0120728	0.0120728	-0.0120728
7	Gm07_13641763	13641763	0.194079	0.00664855	-0.00664855	0.00664855
7	Gm07_13641772	13641772	0.194079	0.00664855	-0.00664855	0.00664855
7	Gm07_13642631	13642631	0.1875	0.0431774	-0.0431774	0.0431774
7	Gm07_13649240	13649240	0.0559211	-0.0253768	0.0253768	-0.0253768
7	Gm07_13751837	13751837	0.200658	-0.00919066	0.00919066	-0.00919066
7	Gm07_13751853	13751853	0.190789	0.0440174	-0.0440174	0.0440174
7	Gm07_13761887	13761887	0.1875	0.061836	-0.061836	0.061836
7	Gm07_13766832	13766832	0.1875	0.061836	-0.061836	0.061836
7	Gm07_13766879	13766879	0.180921	0.0913885	-0.0913885	0.0913885
7	Gm07_13766902	13766902	0.180921	0.0913885	-0.0913885	0.0913885
7	Gm07_13767503	13767503	0.1875	0.0622655	-0.0622655	0.0622655
7	Gm07_13776050	13776050	0.1875	0.0623943	-0.0623943	0.0623943
7	Gm07_13808232	13808232	0.184211	0.0811696	-0.0811696	0.0811696
7	Gm07_13808398	13808398	0.197368	0.0072277	-0.0072277	0.0072277
7	Gm07_13814219	13814219	0.184211	0.0814776	-0.0814776	0.0814776
7	Gm07_13818340	13818340	0.1875	0.062506	-0.062506	0.062506
7	Gm07_13818385	13818385	0.1875	0.062506	-0.062506	0.062506
7	Gm07_13818408	13818408	0.1875	0.062506	-0.062506	0.062506
7	Gm07_13819040	13819040	0.184211	0.0814952	-0.0814952	0.0814952
7	Gm07_13819337	13819337	0.1875	0.0648671	-0.0648671	0.0648671
7	Gm07_13819690	13819690	0.197368	0.00797445	-0.00797445	0.00797445
7	Gm07_13822991	13822991	0.194079	0.0259913	-0.0259913	0.0259913
7	Gm07_13823109	13823109	0.1875	0.0655913	-0.0655913	0.0655913
7	Gm07_13825796	13825796	0.1875	0.0702974	-0.0702974	0.0702974
7	Gm07_13826001	13826001	0.197368	0.0202556	-0.0202556	0.0202556
7	Gm07_13834146	13834146	0.184211	0.0909223	-0.0909223	0.0909223
7	Gm07_13835244	13835244	0.184211	0.0909223	-0.0909223	0.0909223
7	Gm07_13836690	13836690	0.194079	0.0349395	-0.0349395	0.0349395
7	Gm07_13842791	13842791	0.1875	0.0728739	-0.0728739	0.0728739
7	Gm07_13843083	13843083	0.197368	0.0175742	-0.0175742	0.0175742
7	Gm07_13846598	13846598	0.1875	0.246955	-0.246955	0.246955
7	Gm07_13846612	13846612	0.184211	0.17922	-0.17922	0.17922
7	Gm07_13848240	13848240	0.194079	0.123093	-0.123093	0.123093
7	Gm07_13848426	13848426	0.194079	0.123093	-0.123093	0.123093
7	Gm07_13850411	13850411	0.184211	0.179139	-0.179139	0.179139
7	Gm07_13857043	13857043	0.184211	0.179351	-0.179351	0.179351
7	Gm07_13857274	13857274	0.194079	0.123481	-0.123481	0.123481
7	Gm07_13857649	13857649	0.1875	0.160657	-0.160657	0.160657
7	Gm07_13857657	13857657	0.1875	0.160657	-0.160657	0.160657
7	Gm07_13864585	13864585	0.194079	0.123906	-0.123906	0.123906
7	Gm07_13896079	13896079	0.223684	-0.0138771	0.0138771	-0.0138771
7	Gm07_13896451	13896451	0.184211	0.164729	-0.164729	0.164729
7	Gm07_13896459	13896459	0.180921	0.181904	-0.181904	0.181904
7	Gm07_13932091	13932091	0.1875	0.150854	-0.150854	0.150854
7	Gm07_13934800	13934800	0.184211	0.169376	-0.169376	0.169376
7	Gm07_13940792	13940792	0.184211	0.169646	-0.169646	0.169646
7	Gm07_13953278	13953278	0.184211	0.170431	-0.170431	0.170431
7	Gm07_13995213	13995213	0.213816	0.0928616	-0.0928616	0.0928616
7	Gm07_13995362	13995362	0.226974	0.030431	-0.030431	0.030431
7	Gm07_14023583	14023583	0.213816	0.0966296	-0.0966296	0.0966296
7	Gm07_14023588	14023588	0.213816	0.0966296	-0.0966296	0.0966296
7	Gm07_14023614	14023614	0.213816	0.0966296	-0.0966296	0.0966296
7	Gm07_14025384	14025384	0.217105	0.0825838	-0.0825838	0.0825838
7	Gm07_14030088	14030088	0.217105	0.08263	-0.08263	0.08263
7	Gm07_14034587	14034587	0.220395	0.0580299	-0.0580299	0.0580299
7	Gm07_14034931	14034931	0.217105	0.0746837	-0.0746837	0.0746837
7	Gm07_14073995	14073995	0.213816	0.0983551	-0.0983551	0.0983551
7	Gm07_14074154	14074154	0.213816	0.0983551	-0.0983551	0.0983551
7	Gm07_14082871	14082871	0.223684	0.0526071	-0.0526071	0.0526071
7	Gm07_14084618	14084618	0.220395	0.0691097	-0.0691097	0.0691097
7	Gm07_14084661	14084661	0.220395	0.0691097	-0.0691097	0.0691097
7	Gm07_14085011	14085011	0.460526	-0.412534	0.412534	-0.412534
7	Gm07_14085289	14085289	0.220395	0.0763938	-0.0763938	0.0763938
7	Gm07_14103401	14103401	0.220395	0.0765922	-0.0765922	0.0765922
7	Gm07_14178238	14178238	0.223684	0.0509602	-0.0509602	0.0509602
7	Gm07_14200032	14200032	0.223684	0.0487374	-0.0487374	0.0487374
7	Gm07_14225103	14225103	0.217105	0.0813332	-0.0813332	0.0813332
7	Gm07_14234459	14234459	0.217105	0.0812192	-0.0812192	0.0812192
7	Gm07_14237233	14237233	0.223684	0.0497329	-0.0497329	0.0497329
7	Gm07_14237245	14237245	0.223684	0.0497329	-0.0497329	0.0497329
7	Gm07_14265802	14265802	0.213816	0.0901299	-0.0901299	0.0901299
7	Gm07_14265878	14265878	0.217105	0.0759977	-0.0759977	0.0759977
7	Gm07_14287316	14287316	0.213816	0.0911385	-0.0911385	0.0911385
7	Gm07_14298958	14298958	0.213816	0.0911768	-0.0911768	0.0911768
7	Gm07_14343512	14343512	0.213816	0.0911987	-0.0911987	0.0911987
7	Gm07_14343575	14343575	0.213816	0.0911987	-0.0911987	0.0911987
7	Gm07_14384466	14384466	0.210526	0.0975458	-0.0975458	0.0975458
7	Gm07_14384510	14384510	0.203947	0.309652	-0.309652	0.309652
7	Gm07_14384723	14384723	0.414474	-0.278621	0.278621	-0.278621
7	Gm07_14396506	14396506	0.220395	0.100648	-0.100648	0.100648
7	Gm07_14396612	14396612	0.407895	-0.264396	0.264396	-0.264396
7	Gm07_14416566	14416566	0.213816	0.120184	-0.120184	0.120184
7	Gm07_14449828	14449828	0.407895	-0.246537	0.246537	-0.246537
7	Gm07_14465408	14465408	0.414474	-0.268234	0.268234	-0.268234
7	Gm07_14473235	14473235	0.407895	-0.244558	0.244558	-0.244558
7	Gm07_14474162	14474162	0.407895	-0.244558	0.244558	-0.244558
7	Gm07_14474202	14474202	0.200658	0.28977	-0.28977	0.28977
7	Gm07_14494229	14494229	0.200658	0.290544	-0.290544	0.290544
7	Gm07_14495767	14495767	0.200658	0.290544	-0.290544	0.290544
7	Gm07_14495931	14495931	0.200658	0.290544	-0.290544	0.290544
7	Gm07_14495949	14495949	0.200658	0.290544	-0.290544	0.290544
7	Gm07_14518334	14518334	0.197368	0.300377	-0.300377	0.300377
7	Gm07_14519500	14519500	0.203947	0.268885	-0.268885	0.268885
7	Gm07_14527205	14527205	0.207237	0.25971	-0.25971	0.25971
7	Gm07_14536141	14536141	0.213816	0.229548	-0.229548	0.229548
7	Gm07_14548091	14548091	0.210526	0.246521	-0.246521	0.246521
7	Gm07_14647496	14647496	0.207237	0.289741	-0.289741	0.289741
7	Gm07_14647686	14647686	0.207237	0.289741	-0.289741	0.289741
7	Gm07_14650530	14650530	0.207237	0.29414	-0.29414	0.29414
7	Gm07_14667550	14667550	0.177632	0.212625	-0.212625	0.212625
7	Gm07_14696530	14696530	0.1875	0.166557	-0.166557	0.166557
7	Gm07_14698859	14698859	0.184211	0.184869	-0.184869	0.184869
7	Gm07_14701694	14701694	0.1875	0.166095	-0.166095	0.166095
7	Gm07_14701703	14701703	0.1875	0.166095	-0.166095	0.166095
7	Gm07_14713469	14713469	0.177632	0.22269	-0.22269	0.22269
7	Gm07_14738441	14738441	0.391447	-0.191657	0.191657	-0.191657
7	Gm07_14747738	14747738	0.246711	-0.0606536	0.0606536	-0.0606536
7	Gm07_14823881	14823881	0.213816	0.341397	-0.341397	0.341397
7	Gm07_14841610	14841610	0.217105	0.324136	-0.324136	0.324136
7	Gm07_14841794	14841794	0.299342	0.0306731	-0.0306731	0.0306731
7	Gm07_14851275	14851275	0.167763	0.461439	-0.461439	0.461439
7	Gm07_14917776	14917776	0.108553	0.465841	-0.465841	0.465841
7	Gm07_14918038	14918038	0.302632	-0.0582089	0.0582089	-0.0582089
7	Gm07_14918051	14918051	0.194079	0.279113	-0.279113	0.279113
7	Gm07_14918344	14918344	0.184211	0.330612	-0.330612	0.330612
7	Gm07_14941564	14941564	0.105263	0.487009	-0.487009	0.487009
7	Gm07_14992121	14992121	0.115132	0.376821	-0.376821	0.376821
7	Gm07_14992456	14992456	0.157895	0.128856	-0.128856	0.128856
7	Gm07_14992463	14992463	0.115132	0.382428	-0.382428	0.382428
7	Gm07_14992707	14992707	0.157895	0.139784	-0.139784	0.139784
7	Gm07_14995469	14995469	0.299342	-0.195316	0.195316	-0.195316
7	Gm07_15027859	15027859	0.351974	0.00836466	-0.00836466	0.00836466
7	Gm07_15050959	15050959	0.404605	-0.1538	0.1538	-0.1538
7	Gm07_15060167	15060167	0.0822368	0.498064	-0.498064	0.498064
7	Gm07_15060509	15060509	0.404605	-0.142147	0.142147	-0.142147
7	Gm07_15064590	15064590	0.490132	-0.381195	0.381195	-0.381195
7	Gm07_15064598	15064598	0.490132	-0.381195	0.381195	-0.381195
7	Gm07_15085164	15085164	0.407895	-0.156956	0.156956	-0.156956
7	Gm07_15085179	15085179	0.414474	-0.176944	0.176944	-0.176944
7	Gm07_15087944	15087944	0.404605	-0.145482	0.145482	-0.145482
7	Gm07_15088243	15088243	0.407895	-0.154033	0.154033	-0.154033
7	Gm07_15111357	15111357	0.486842	-0.367377	0.367377	-0.367377
7	Gm07_15111894	15111894	0.174342	0.0215918	-0.0215918	0.0215918
7	Gm07_15122154	15122154	0.171053	0.0339244	-0.0339244	0.0339244
7	Gm07_15122402	15122402	0.174342	0.021871	-0.021871	0.021871
7	Gm07_15122495	15122495	0.490132	-0.418312	0.418312	-0.418312
7	Gm07_15122890	15122890	0.309211	0.123792	-0.123792	0.123792
7	Gm07_15135087	15135087	0.305921	0.133895	-0.133895	0.133895
7	Gm07_15136372	15136372	0.394737	-0.137516	0.137516	-0.137516
7	Gm07_15175057	15175057	0.266447	0.242102	-0.242102	0.242102
7	Gm07_15175203	15175203	0.404605	-0.22964	0.22964	-0.22964
7	Gm07_15175230	15175230	0.0986842	0.198261	-0.198261	0.198261
7	Gm07_15177708	15177708	0.256579	0.287407	-0.287407	0.287407
7	Gm07_19738894	19738894	0.200658	-0.0820947	0.0820947	-0.0820947
7	Gm07_19751374	19751374	0.174342	0.0499996	-0.0499996	0.0499996
7	Gm07_19763061	19763061	0.164474	0.094934	-0.094934	0.094934
7	Gm07_19765147	19765147	0.190789	-0.0317929	0.0317929	-0.0317929
7	Gm07_19773899	19773899	0.200658	-0.0811598	0.0811598	-0.0811598
7	Gm07_19774772	19774772	0.194079	-0.0539536	0.0539536	-0.0539536
7	Gm07_19781322	19781322	0.197368	-0.0715441	0.0715441	-0.0715441
7	Gm07_19788833	19788833	0.194079	-0.0524304	0.0524304	-0.0524304
7	Gm07_19788883	19788883	0.164474	0.104488	-0.104488	0.104488
7	Gm07_19789061	19789061	0.190789	-0.0235925	0.0235925	-0.0235925
7	Gm07_19797641	19797641	0.190789	-0.0260346	0.0260346	-0.0260346
7	Gm07_19816003	19816003	0.197368	-0.0607577	0.0607577	-0.0607577
7	Gm07_19824766	19824766	0.190789	-0.0277411	0.0277411	-0.0277411
7	Gm07_19824805	19824805	0.190789	-0.0277411	0.0277411	-0.0277411
7	Gm07_19824819	19824819	0.190789	-0.0277411	0.0277411	-0.0277411
7	Gm07_19825012	19825012	0.190789	-0.0277411	0.0277411	-0.0277411
7	Gm07_19825039	19825039	0.197368	-0.0617615	0.0617615	-0.0617615
7	Gm07_19825049	19825049	0.197368	-0.0617615	0.0617615	-0.0617615
7	Gm07_19845827	19845827	0.197368	-0.0608012	0.0608012	-0.0608012
7	Gm07_19933143	19933143	0.207237	-0.117828	0.117828	-0.117828
7	Gm07_19933175	19933175	0.207237	-0.117828	0.117828	-0.117828
7	Gm07_19935085	19935085	0.131579	0.234338	-0.234338	0.234338
7	Gm07_19956040	19956040	0.184211	-0.00704801	0.00704801	-0.00704801
7	Gm07_19956215	19956215	0.167763	0.0735672	-0.0735672	0.0735672
7	Gm07_19956264	19956264	0.190789	-0.0226243	0.0226243	-0.0226243
7	Gm07_19968304	19968304	0.184211	0.0146306	-0.0146306	0.0146306
7	Gm07_19969081	19969081	0.190789	0.000507126	-0.000507126	0.000507126
7	Gm07_19969101	19969101	0.190789	0.000507126	-0.000507126	0.000507126
7	Gm07_19981057	19981057	0.200658	-0.0521372	0.0521372	-0.0521372
7	Gm07_19985728	19985728	0.203947	-0.0654263	0.0654263	-0.0654263
7	Gm07_20077652	20077652	0.197368	-0.0296991	0.0296991	-0.0296991
7	Gm07_20125688	20125688	0.1875	0.0184779	-0.0184779	0.0184779
7	Gm07_20165233	20165233	0.197368	-0.00985798	0.00985798	-0.00985798
7	Gm07_20177487	20177487	0.269737	0.266956	-0.266956	0.266956
7	Gm07_20190001	20190001	0.200658	0.072469	-0.072469	0.072469
7	Gm07_20193032	20193032	0.200658	0.072469	-0.072469	0.072469
7	Gm07_20210411	20210411	0.269737	0.259058	-0.259058	0.259058
7	Gm07_20214598	20214598	0.273026	0.24794	-0.24794	0.24794
7	Gm07_20216986	20216986	0.273026	0.24794	-0.24794	0.24794
7	Gm07_20244492	20244492	0.0986842	0.488934	-0.488934	0.488934
7	Gm07_20244523	20244523	0.269737	0.262984	-0.262984	0.262984
7	Gm07_20255859	20255859	0.174342	0.192557	-0.192557	0.192557
7	Gm07_20255870	20255870	0.266447	0.27228	-0.27228	0.27228
7	Gm07_20258696	20258696	0.266447	0.27228	-0.27228	0.27228
7	Gm07_20267375	20267375	0.269737	0.258061	-0.258061	0.258061
7	Gm07_20272649	20272649	0.266447	0.272283	-0.272283	0.272283
7	Gm07_20325108	20325108	0.273026	0.245444	-0.245444	0.245444
7	Gm07_20325129	20325129	0.473684	-0.32481	0.32481	-0.32481
7	Gm07_20339107	20339107	0.273026	0.253549	-0.253549	0.253549
7	Gm07_20362185	20362185	0.470395	-0.308439	0.308439	-0.308439
7	Gm07_20375300	20375300	0.266447	0.274734	-0.274734	0.274734
7	Gm07_20394595	20394595	0.269737	0.261091	-0.261091	0.261091
7	Gm07_20404459	20404459	0.273026	0.246489	-0.246489	0.246489
7	Gm07_20404749	20404749	0.138158	0.356484	-0.356484	0.356484
7	Gm07_20404881	20404881	0.480263	-0.35521	0.35521	-0.35521
7	Gm07_20406191	20406191	0.269737	0.260789	-0.260789	0.260789
7	Gm07_20449712	20449712	0.269737	0.261017	-0.261017	0.261017
7	Gm07_20451277	20451277	0.269737	0.261138	-0.261138	0.261138
7	Gm07_20482646	20482646	0.273026	0.248502	-0.248502	0.248502
7	Gm07_20482698	20482698	0.269737	0.2626	-0.2626	0.2626
7	Gm07_20488723	20488723	0.470395	-0.322108	0.322108	-0.322108
7	Gm07_20490215	20490215	0.273026	0.259796	-0.259796	0.259796
7	Gm07_20501058	20501058	0.0559211	0.43885	-0.43885	0.43885
7	Gm07_20502211	20502211	0.463816	-0.31132	0.31132	-0.31132
7	Gm07_20502231	20502231	0.266447	0.25007	-0.25007	0.25007
7	Gm07_20531327	20531327	0.273026	0.229279	-0.229279	0.229279
7	Gm07_20552486	20552486	0.276316	0.218002	-0.218002	0.218002
7	Gm07_20607302	20607302	0.131579	0.388998	-0.388998	0.388998
7	Gm07_20623711	20623711	0.276316	0.225019	-0.225019	0.225019
7	Gm07_20656837	20656837	0.273026	0.248026	-0.248026	0.248026
7	Gm07_20673386	20673386	0.180921	0.131948	-0.131948	0.131948
7	Gm07_20742478	20742478	0.177632	0.152038	-0.152038	0.152038
7	Gm07_20811290	20811290	0.483553	-0.334885	0.334885	-0.334885
7	Gm07_20831921	20831921	0.282895	0.246208	-0.246208	0.246208
7	Gm07_20832307	20832307	0.174342	0.188835	-0.188835	0.188835
7	Gm07_20868445	20868445	0.148026	0.320686	-0.320686	0.320686
7	Gm07_20868822	20868822	0.476974	-0.314042	0.314042	-0.314042
7	Gm07_20881209	20881209	0.480263	-0.322106	0.322106	-0.322106
7	Gm07_20881427	20881427	0.273026	0.287589	-0.287589	0.287589
7	Gm07_20956988	20956988	0.141447	0.359129	-0.359129	0.359129
7	Gm07_20988276	20988276	0.0592105	0.427145	-0.427145	0.427145
7	Gm07_20988613	20988613	0.302632	0.238027	-0.238027	0.238027
7	Gm07_21093034	21093034	0.138158	0.421078	-0.421078	0.421078
7	Gm07_21103406	21103406	0.470395	-0.201246	0.201246	-0.201246
7	Gm07_21132098	21132098	0.476974	-0.220737	0.220737	-0.220737
7	Gm07_21150407	21150407	0.0592105	0.413943	-0.413943	0.413943
7	Gm07_21150448	21150448	0.292763	0.250225	-0.250225	0.250225
7	Gm07_21151074	21151074	0.279605	0.302871	-0.302871	0.302871
7	Gm07_21153467	21153467	0.480263	-0.287383	0.287383	-0.287383
7	Gm07_21166075	21166075	0.269737	0.334515	-0.334515	0.334515
7	Gm07_21195355	21195355	0.463816	-0.238667	0.238667	-0.238667
7	Gm07_21195371	21195371	0.463816	-0.238667	0.238667	-0.238667
7	Gm07_21196376	21196376	0.305921	0.193463	-0.193463	0.193463
7	Gm07_21290784	21290784	0.115132	0.491374	-0.491374	0.491374
7	Gm07_21292194	21292194	0.167763	0.170204	-0.170204	0.170204
7	Gm07_21303256	21303256	0.134868	0.371404	-0.371404	0.371404
7	Gm07_21390681	21390681	0.144737	0.276881	-0.276881	0.276881
7	Gm07_21391586	21391586	0.184211	0.0554682	-0.0554682	0.0554682
7	Gm07_21442527	21442527	0.144737	0.270953	-0.270953	0.270953
7	Gm07_21479194	21479194	0.273026	0.312432	-0.312432	0.312432
7	Gm07_21515277	21515277	0.463816	-0.252966	0.252966	-0.252966
7	Gm07_21591020	21591020	0.131579	0.332523	-0.332523	0.332523
7	Gm07_21637922	21637922	0.167763	0.178309	-0.178309	0.178309
7	Gm07_21638839	21638839	0.263158	0.310006	-0.310006	0.310006
7	Gm07_21655750	21655750	0.266447	0.305094	-0.305094	0.305094
7	Gm07_21708431	21708431	0.197368	0.0229276	-0.0229276	0.0229276
7	Gm07_21789755	21789755	0.273026	0.269752	-0.269752	0.269752
7	Gm07_21843434	21843434	0.167763	0.133539	-0.133539	0.133539
7	Gm07_21850951	21850951	0.190789	0.0168243	-0.0168243	0.0168243
7	Gm07_21850969	21850969	0.276316	0.245555	-0.245555	0.245555
7	Gm07_21869539	21869539	0.276316	0.24132	-0.24132	0.24132
7	Gm07_21882912	21882912	0.164474	0.134578	-0.134578	0.134578
7	Gm07_21930009	21930009	0.269737	0.267816	-0.267816	0.267816
7	Gm07_21939587	21939587	0.460526	-0.319403	0.319403	-0.319403
7	Gm07_21944444	21944444	0.167763	0.0887398	-0.0887398	0.0887398
7	Gm07_21985027	21985027	0.200658	-0.0887822	0.0887822	-0.0887822
7	Gm07_22023747	22023747	0.190789	-0.0350184	0.0350184	-0.0350184
7	Gm07_22023765	22023765	0.269737	0.258641	-0.258641	0.258641
7	Gm07_22035026	22035026	0.276316	0.233537	-0.233537	0.233537
7	Gm07_22035086	22035086	0.276316	0.233537	-0.233537	0.233537
7	Gm07_22098849	22098849	0.266447	0.27579	-0.27579	0.27579
7	Gm07_22101687	22101687	0.171053	0.0538089	-0.0538089	0.0538089
7	Gm07_22183086	22183086	0.269737	0.262982	-0.262982	0.262982
7	Gm07_22226737	22226737	0.473684	-0.375716	0.375716	-0.375716
7	Gm07_22235499	22235499	0.174342	0.0182117	-0.0182117	0.0182117
7	Gm07_22237292	22237292	0.269737	0.274327	-0.274327	0.274327
7	Gm07_22243598	22243598	0.174342	0.0119839	-0.0119839	0.0119839
7	Gm07_22273636	22273636	0.463816	-0.342342	0.342342	-0.342342
7	Gm07_22276111	22276111	0.0756579	0.382982	-0.382982	0.382982
7	Gm07_22276117	22276117	0.0756579	0.154467	-0.154467	0.154467
7	Gm07_22276137	22276137	0.0756579	0.384016	-0.384016	0.384016
7	Gm07_22276345	22276345	0.279605	0.237004	-0.237004	0.237004
7	Gm07_22305539	22305539	0.174342	-0.0388355	0.0388355	-0.0388355
7	Gm07_22305556	22305556	0.174342	-0.0370112	0.0370112	-0.0370112
7	Gm07_22305576	22305576	0.138158	0.169729	-0.169729	0.169729
7	Gm07_22305588	22305588	0.177632	-0.0448374	0.0448374	-0.0448374
7	Gm07_22357636	22357636	0.467105	-0.340197	0.340197	-0.340197
7	Gm07_22547806	22547806	0.161184	0.0733227	-0.0733227	0.0733227
7	Gm07_22575109	22575109	0.174342	0.00364684	-0.00364684	0.00364684
7	Gm07_22582053	22582053	0.164474	0.0632176	-0.0632176	0.0632176
7	Gm07_22588209	22588209	0.177632	-0.00552674	0.00552674	-0.00552674
7	Gm07_22617655	22617655	0.177632	-0.00200722	0.00200722	-0.00200722
7	Gm07_22619585	22619585	0.174342	0.0167383	-0.0167383	0.0167383
7	Gm07_22639175	22639175	0.197368	-0.0737635	0.0737635	-0.0737635
7	Gm07_22680351	22680351	0.273026	0.235903	-0.235903	0.235903
7	Gm07_22700344	22700344	0.273026	0.235791	-0.235791	0.235791
7	Gm07_22700559	22700559	0.273026	0.235791	-0.235791	0.235791
7	Gm07_22726118	22726118	0.141447	0.218837	-0.218837	0.218837
7	Gm07_22753396	22753396	0.273026	0.244354	-0.244354	0.244354
7	Gm07_22761530	22761530	0.144737	0.201609	-0.201609	0.201609
7	Gm07_22763845	22763845	0.174342	0.0545302	-0.0545302	0.0545302
7	Gm07_22832682	22832682	0.463816	-0.333395	0.333395	-0.333395
7	Gm07_22869954	22869954	0.273026	0.24908	-0.24908	0.24908
7	Gm07_22882046	22882046	0.154605	0.164743	-0.164743	0.164743
7	Gm07_22933029	22933029	0.490132	-0.39364	0.39364	-0.39364
7	Gm07_22942921	22942921	0.480263	-0.371684	0.371684	-0.371684
7	Gm07_22943356	22943356	0.276316	0.23274	-0.23274	0.23274
7	Gm07_22993879	22993879	0.148026	0.262901	-0.262901	0.262901
7	Gm07_22999108	22999108	0.273026	0.247464	-0.247464	0.247464
7	Gm07_22999423	22999423	0.0723684	0.522633	-0.522633	0.522633
7	Gm07_23001576	23001576	0.269737	0.283181	-0.283181	0.283181
7	Gm07_23008106	23008106	0.480263	-0.343311	0.343311	-0.343311
7	Gm07_23019975	23019975	0.273026	0.264835	-0.264835	0.264835
7	Gm07_23032753	23032753	0.167763	0.225183	-0.225183	0.225183
7	Gm07_23074558	23074558	0.276316	0.245683	-0.245683	0.245683
7	Gm07_23091998	23091998	0.164474	0.255513	-0.255513	0.255513
7	Gm07_23094036	23094036	0.269737	0.273561	-0.273561	0.273561
7	Gm07_23122022	23122022	0.171053	0.216624	-0.216624	0.216624
7	Gm07_23158871	23158871	0.480263	-0.334821	0.334821	-0.334821
7	Gm07_23161913	23161913	0.473684	-0.313559	0.313559	-0.313559
7	Gm07_23197976	23197976	0.161184	0.272982	-0.272982	0.272982
7	Gm07_23227863	23227863	0.269737	0.259579	-0.259579	0.259579
7	Gm07_23240703	23240703	0.174342	0.193224	-0.193224	0.193224
7	Gm07_23272647	23272647	0.164474	0.252835	-0.252835	0.252835
7	Gm07_23328557	23328557	0.194079	0.116568	-0.116568	0.116568
7	Gm07_23329464	23329464	0.0690789	0.531253	-0.531253	0.531253
7	Gm07_23351449	23351449	0.200658	0.0531691	-0.0531691	0.0531691
7	Gm07_23356521	23356521	0.279605	0.164813	-0.164813	0.164813
7	Gm07_23418994	23418994	0.1875	0.358952	-0.358952	0.358952
7	Gm07_23446093	23446093	0.266447	0.0750359	-0.0750359	0.0750359
7	Gm07_23449858	23449858	0.180921	0.392097	-0.392097	0.392097
7	Gm07_23469985	23469985	0.164474	0.251338	-0.251338	0.251338
7	Gm07_23499211	23499211	0.131579	0.402036	-0.402036	0.402036
7	Gm07_23499543	23499543	0.167763	0.195418	-0.195418	0.195418
7	Gm07_23502883	23502883	0.266447	0.10969	-0.10969	0.10969
7	Gm07_23504791	23504791	0.273026	0.0819696	-0.0819696	0.0819696
7	Gm07_23504802	23504802	0.164474	0.228965	-0.228965	0.228965
7	Gm07_23511512	23511512	0.473684	-0.477291	0.477291	-0.477291
7	Gm07_23511610	23511610	0.167763	0.204589	-0.204589	0.204589
7	Gm07_23548823	23548823	0.177632	0.429772	-0.429772	0.429772
7	Gm07_23560045	23560045	0.164474	0.20415	-0.20415	0.20415
7	Gm07_23560109	23560109	0.263158	0.262172	-0.262172	0.262172
7	Gm07_23571505	23571505	0.480263	-0.386122	0.386122	-0.386122
7	Gm07_23592741	23592741	0.138158	0.326447	-0.326447	0.326447
7	Gm07_23603936	23603936	0.167763	0.172716	-0.172716	0.172716
7	Gm07_23614409	23614409	0.266447	0.253029	-0.253029	0.253029
7	Gm07_23638172	23638172	0.138158	0.353101	-0.353101	0.353101
7	Gm07_23645605	23645605	0.171053	0.161284	-0.161284	0.161284
7	Gm07_23646910	23646910	0.273026	0.227761	-0.227761	0.227761
7	Gm07_23672706	23672706	0.273026	0.227761	-0.227761	0.227761
7	Gm07_23694724	23694724	0.276316	0.21616	-0.21616	0.21616
7	Gm07_23694734	23694734	0.134868	0.375002	-0.375002	0.375002
7	Gm07_23696981	23696981	0.0657895	0.528086	-0.528086	0.528086
7	Gm07_23702112	23702112	0.197368	0.0540238	-0.0540238	0.0540238
7	Gm07_23729490	23729490	0.171053	0.186376	-0.186376	0.186376
7	Gm07_23729755	23729755	0.276316	0.226737	-0.226737	0.226737
7	Gm07_23755763	23755763	0.496711	-0.413086	0.413086	-0.413086
7	Gm07_23762139	23762139	0.171053	0.180546	-0.180546	0.180546
7	Gm07_23762227	23762227	0.177632	0.143476	-0.143476	0.143476
7	Gm07_23767819	23767819	0.174342	0.162128	-0.162128	0.162128
7	Gm07_23795668	23795668	0.273026	0.223204	-0.223204	0.223204
7	Gm07_23810586	23810586	0.164474	0.220953	-0.220953	0.220953
7	Gm07_23814394	23814394	0.457237	-0.318499	0.318499	-0.318499
7	Gm07_23819552	23819552	0.167763	0.192529	-0.192529	0.192529
7	Gm07_23829811	23829811	0.164474	0.21202	-0.21202	0.21202
7	Gm07_23853498	23853498	0.430921	-0.237554	0.237554	-0.237554
7	Gm07_23863055	23863055	0.164474	0.215929	-0.215929	0.215929
7	Gm07_23869970	23869970	0.440789	-0.272267	0.272267	-0.272267
7	Gm07_23893488	23893488	0.266447	0.233194	-0.233194	0.233194
7	Gm07_23912187	23912187	0.171053	0.162468	-0.162468	0.162468
7	Gm07_23946261	23946261	0.144737	0.28424	-0.28424	0.28424
7	Gm07_23983054	23983054	0.177632	0.138382	-0.138382	0.138382
7	Gm07_23995013	23995013	0.269737	0.212461	-0.212461	0.212461
7	Gm07_23998870	23998870	0.171053	0.176231	-0.176231	0.176231
7	Gm07_23999147	23999147	0.197368	0.0412344	-0.0412344	0.0412344
7	Gm07_24000444	24000444	0.164474	0.207981	-0.207981	0.207981
7	Gm07_24045533	24045533	0.177632	0.131306	-0.131306	0.131306
7	Gm07_24073334	24073334	0.164474	0.194989	-0.194989	0.194989
7	Gm07_24079104	24079104	0.161184	0.208583	-0.208583	0.208583
7	Gm07_24088428	24088428	0.467105	-0.367298	0.367298	-0.367298
7	Gm07_24099114	24099114	0.180921	0.129655	-0.129655	0.129655
7	Gm07_24099259	24099259	0.276316	0.185327	-0.185327	0.185327
7	Gm07_24099514	24099514	0.480263	-0.417473	0.417473	-0.417473
7	Gm07_24102116	24102116	0.171053	0.178958	-0.178958	0.178958
7	Gm07_24125888	24125888	0.167763	0.198254	-0.198254	0.198254
7	Gm07_24127308	24127308	0.197368	0.0458502	-0.0458502	0.0458502
7	Gm07_24150475	24150475	0.266447	0.214817	-0.214817	0.214817
7	Gm07_24156638	24156638	0.273026	0.186887	-0.186887	0.186887
7	Gm07_24197571	24197571	0.174342	0.166097	-0.166097	0.166097
7	Gm07_24197913	24197913	0.476974	-0.414744	0.414744	-0.414744
7	Gm07_24202460	24202460	0.269737	0.19184	-0.19184	0.19184
7	Gm07_24265917	24265917	0.273026	0.172224	-0.172224	0.172224
7	Gm07_24269498	24269498	0.177632	0.142144	-0.142144	0.142144
7	Gm07_24307983	24307983	0.164474	0.208441	-0.208441	0.208441
7	Gm07_24308372	24308372	0.263158	0.208864	-0.208864	0.208864
7	Gm07_24320630	24320630	0.174342	0.145863	-0.145863	0.145863
7	Gm07_24327330	24327330	0.167763	0.185286	-0.185286	0.185286
7	Gm07_24364049	24364049	0.171053	0.164525	-0.164525	0.164525
7	Gm07_24369245	24369245	0.480263	-0.419059	0.419059	-0.419059
7	Gm07_24409598	24409598	0.473684	-0.401235	0.401235	-0.401235
7	Gm07_24431730	24431730	0.1875	0.072524	-0.072524	0.072524
7	Gm07_24469137	24469137	0.174342	0.14136	-0.14136	0.14136
7	Gm07_24598437	24598437	0.273026	0.14711	-0.14711	0.14711
7	Gm07_24605791	24605791	0.174342	0.146221	-0.146221	0.146221
7	Gm07_24617190	24617190	0.167763	0.182021	-0.182021	0.182021
7	Gm07_24619352	24619352	0.434211	-0.335951	0.335951	-0.335951
7	Gm07_24644701	24644701	0.180921	0.0978919	-0.0978919	0.0978919
7	Gm07_24718356	24718356	0.180921	0.0971217	-0.0971217	0.0971217
7	Gm07_24768954	24768954	0.1875	0.273624	-0.273624	0.273624
7	Gm07_24787865	24787865	0.184211	0.0747868	-0.0747868	0.0747868
7	Gm07_24788476	24788476	0.151316	0.196116	-0.196116	0.196116
7	Gm07_24788954	24788954	0.269737	0.136787	-0.136787	0.136787
7	Gm07_24789922	24789922	0.463816	-0.444881	0.444881	-0.444881
7	Gm07_24826471	24826471	0.174342	0.0560642	-0.0560642	0.0560642
7	Gm07_24834343	24834343	0.138158	0.278355	-0.278355	0.278355
7	Gm07_24856917	24856917	0.276316	0.118336	-0.118336	0.118336
7	Gm07_24865326	24865326	0.177632	0.053531	-0.053531	0.053531
7	Gm07_24929036	24929036	0.180921	0.0251241	-0.0251241	0.0251241
7	Gm07_24955720	24955720	0.470395	-0.436212	0.436212	-0.436212
7	Gm07_24961755	24961755	0.164474	0.10823	-0.10823	0.10823
7	Gm07_24974684	24974684	0.134868	0.268065	-0.268065	0.268065
7	Gm07_25006493	25006493	0.171053	0.074195	-0.074195	0.074195
7	Gm07_25011629	25011629	0.174342	0.0559562	-0.0559562	0.0559562
7	Gm07_25018571	25018571	0.269737	0.160894	-0.160894	0.160894
7	Gm07_25048335	25048335	0.269737	0.166322	-0.166322	0.166322
7	Gm07_25081809	25081809	0.174342	0.0567366	-0.0567366	0.0567366
7	Gm07_25082105	25082105	0.174342	0.0567366	-0.0567366	0.0567366
7	Gm07_25086879	25086879	0.190789	-0.0218182	0.0218182	-0.0218182
7	Gm07_25152186	25152186	0.273026	0.175801	-0.175801	0.175801
7	Gm07_25159486	25159486	0.148026	0.18837	-0.18837	0.18837
7	Gm07_25194369	25194369	0.273026	0.175877	-0.175877	0.175877
7	Gm07_25239849	25239849	0.470395	-0.411179	0.411179	-0.411179
7	Gm07_25256319	25256319	0.177632	0.0450607	-0.0450607	0.0450607
7	Gm07_25256511	25256511	0.473684	-0.426627	0.426627	-0.426627
7	Gm07_25286752	25286752	0.194079	-0.0467239	0.0467239	-0.0467239
7	Gm07_25297621	25297621	0.164474	0.107929	-0.107929	0.107929
7	Gm07_25298259	25298259	0.266447	0.215295	-0.215295	0.215295
7	Gm07_25356571	25356571	0.167763	0.0814513	-0.0814513	0.0814513
7	Gm07_25358428	25358428	0.273026	0.198395	-0.198395	0.198395
7	Gm07_25399620	25399620	0.180921	-0.00581297	0.00581297	-0.00581297
7	Gm07_25399756	25399756	0.180921	-0.00581297	0.00581297	-0.00581297
7	Gm07_25400075	25400075	0.151316	0.136643	-0.136643	0.136643
7	Gm07_25404912	25404912	0.203947	-0.0895588	0.0895588	-0.0895588
7	Gm07_25429904	25429904	0.463816	-0.376717	0.376717	-0.376717
7	Gm07_25433801	25433801	0.203947	-0.0884816	0.0884816	-0.0884816
7	Gm07_25473823	25473823	0.266447	0.235108	-0.235108	0.235108
7	Gm07_25505090	25505090	0.269737	0.222465	-0.222465	0.222465
7	Gm07_25505206	25505206	0.157895	0.136615	-0.136615	0.136615
7	Gm07_25505579	25505579	0.161184	0.12225	-0.12225	0.12225
7	Gm07_25506108	25506108	0.269737	0.228332	-0.228332	0.228332
7	Gm07_25593004	25593004	0.463816	-0.364568	0.364568	-0.364568
7	Gm07_25638822	25638822	0.167763	0.0485485	-0.0485485	0.0485485
7	Gm07_25646750	25646750	0.473684	-0.391704	0.391704	-0.391704
7	Gm07_25646756	25646756	0.460526	-0.34828	0.34828	-0.34828
7	Gm07_25722986	25722986	0.276316	0.21422	-0.21422	0.21422
7	Gm07_25739668	25739668	0.276316	0.21422	-0.21422	0.21422
7	Gm07_25793162	25793162	0.467105	-0.365105	0.365105	-0.365105
7	Gm07_25803902	25803902	0.273026	0.241526	-0.241526	0.241526
7	Gm07_25807753	25807753	0.194079	-0.0525331	0.0525331	-0.0525331
7	Gm07_25809089	25809089	0.460526	-0.344712	0.344712	-0.344712
7	Gm07_25815366	25815366	0.0756579	-0.173507	0.173507	-0.173507
7	Gm07_25815380	25815380	0.0625	-0.227231	0.227231	-0.227231
7	Gm07_25815397	25815397	0.0756579	-0.220185	0.220185	-0.220185
7	Gm07_25819815	25819815	0.161184	0.0721339	-0.0721339	0.0721339
7	Gm07_25826910	25826910	0.463816	-0.357365	0.357365	-0.357365
7	Gm07_25827650	25827650	0.467105	-0.367583	0.367583	-0.367583
7	Gm07_25865585	25865585	0.273026	0.239966	-0.239966	0.239966
7	Gm07_25877384	25877384	0.171053	0.00895819	-0.00895819	0.00895819
7	Gm07_25877419	25877419	0.190789	-0.095952	0.095952	-0.095952
7	Gm07_25880953	25880953	0.167763	0.0220025	-0.0220025	0.0220025
7	Gm07_25910623	25910623	0.197368	-0.129226	0.129226	-0.129226
7	Gm07_25953272	25953272	0.171053	0.00703278	-0.00703278	0.00703278
7	Gm07_25954721	25954721	0.141447	0.124844	-0.124844	0.124844
7	Gm07_25961495	25961495	0.276316	0.224694	-0.224694	0.224694
7	Gm07_26037182	26037182	0.184211	-0.0244446	0.0244446	-0.0244446
7	Gm07_26037207	26037207	0.473684	-0.380234	0.380234	-0.380234
7	Gm07_26053011	26053011	0.164474	0.0971484	-0.0971484	0.0971484
7	Gm07_26060721	26060721	0.171053	0.0622871	-0.0622871	0.0622871
7	Gm07_26064892	26064892	0.470395	-0.375247	0.375247	-0.375247
7	Gm07_26136330	26136330	0.273026	0.234366	-0.234366	0.234366
7	Gm07_26141573	26141573	0.164474	0.0982492	-0.0982492	0.0982492
7	Gm07_26275773	26275773	0.131579	0.278647	-0.278647	0.278647
7	Gm07_26301724	26301724	0.164474	0.161437	-0.161437	0.161437
7	Gm07_26307931	26307931	0.273026	0.235576	-0.235576	0.235576
7	Gm07_26311445	26311445	0.194079	0.00777561	-0.00777561	0.00777561
7	Gm07_26343680	26343680	0.167763	0.146024	-0.146024	0.146024
7	Gm07_26362633	26362633	0.167763	0.153509	-0.153509	0.153509
7	Gm07_26371322	26371322	0.190789	0.0328949	-0.0328949	0.0328949
7	Gm07_26374940	26374940	0.190789	0.0328949	-0.0328949	0.0328949
7	Gm07_26377076	26377076	0.167763	0.152487	-0.152487	0.152487
7	Gm07_26416674	26416674	0.164474	0.179106	-0.179106	0.179106
7	Gm07_26419651	26419651	0.164474	0.179106	-0.179106	0.179106
7	Gm07_26420118	26420118	0.467105	-0.326381	0.326381	-0.326381
7	Gm07_26478902	26478902	0.463816	-0.311336	0.311336	-0.311336
7	Gm07_26479114	26479114	0.463816	-0.311336	0.311336	-0.311336
7	Gm07_26495954	26495954	0.167763	0.201622	-0.201622	0.201622
7	Gm07_26499365	26499365	0.157895	0.247684	-0.247684	0.247684
7	Gm07_26507501	26507501	0.0789474	0.514848	-0.514848	0.514848
7	Gm07_26508809	26508809	0.190789	0.102111	-0.102111	0.102111
7	Gm07_26509011	26509011	0.177632	0.167319	-0.167319	0.167319
7	Gm07_26575981	26575981	0.269737	0.24647	-0.24647	0.24647
7	Gm07_26576009	26576009	0.174342	0.204984	-0.204984	0.204984
7	Gm07_26576054	26576054	0.230263	0.355591	-0.355591	0.355591
7	Gm07_26576078	26576078	0.470395	-0.354435	0.354435	-0.354435
7	Gm07_26576098	26576098	0.167763	0.235467	-0.235467	0.235467
7	Gm07_26596318	26596318	0.240132	0.293114	-0.293114	0.293114
7	Gm07_26609024	26609024	0.164474	0.244278	-0.244278	0.244278
7	Gm07_26651537	26651537	0.151316	0.299583	-0.299583	0.299583
7	Gm07_26840031	26840031	0.463816	-0.307537	0.307537	-0.307537
7	Gm07_26840665	26840665	0.174342	0.208669	-0.208669	0.208669
7	Gm07_26853232	26853232	0.210526	0.0290375	-0.0290375	0.0290375
7	Gm07_26865349	26865349	0.164474	0.264948	-0.264948	0.264948
7	Gm07_26877816	26877816	0.164474	0.269126	-0.269126	0.269126
7	Gm07_26906090	26906090	0.164474	0.270859	-0.270859	0.270859
7	Gm07_26906145	26906145	0.174342	0.213105	-0.213105	0.213105
7	Gm07_26906357	26906357	0.480263	-0.355382	0.355382	-0.355382
7	Gm07_26911487	26911487	0.476974	-0.342502	0.342502	-0.342502
7	Gm07_26916471	26916471	0.171053	0.263929	-0.263929	0.263929
7	Gm07_26916499	26916499	0.200658	0.108864	-0.108864	0.108864
7	Gm07_26916748	26916748	0.171053	0.263428	-0.263428	0.263428
7	Gm07_26938044	26938044	0.483553	-0.355872	0.355872	-0.355872
7	Gm07_26948998	26948998	0.167763	0.263874	-0.263874	0.263874
7	Gm07_27000381	27000381	0.197368	0.132296	-0.132296	0.132296
7	Gm07_27017646	27017646	0.263158	-0.0979571	0.0979571	-0.0979571
7	Gm07_27056227	27056227	0.273026	0.233438	-0.233438	0.233438
7	Gm07_27093959	27093959	0.269737	0.247892	-0.247892	0.247892
7	Gm07_27096217	27096217	0.177632	0.234757	-0.234757	0.234757
7	Gm07_27099819	27099819	0.180921	0.215587	-0.215587	0.215587
7	Gm07_27105202	27105202	0.240132	0.505366	-0.505366	0.505366
7	Gm07_27108682	27108682	0.0953947	0.545131	-0.545131	0.545131
7	Gm07_27132947	27132947	0.177632	0.223065	-0.223065	0.223065
7	Gm07_27153946	27153946	0.266447	0.282151	-0.282151	0.282151
7	Gm07_27172390	27172390	0.167763	0.293324	-0.293324	0.293324
7	Gm07_27180953	27180953	0.273026	0.2607	-0.2607	0.2607
7	Gm07_27240435	27240435	0.171053	0.260438	-0.260438	0.260438
7	Gm07_27258016	27258016	0.180921	0.211441	-0.211441	0.211441
7	Gm07_27306486	27306486	0.210526	0.403295	-0.403295	0.403295
7	Gm07_27331674	27331674	0.171053	0.28199	-0.28199	0.28199
7	Gm07_27331688	27331688	0.177632	0.243683	-0.243683	0.243683
7	Gm07_27347110	27347110	0.444079	-0.230047	0.230047	-0.230047
7	Gm07_27347115	27347115	0.171053	0.301486	-0.301486	0.301486
7	Gm07_27347245	27347245	0.269737	0.239972	-0.239972	0.239972
7	Gm07_27421379	27421379	0.144737	0.382668	-0.382668	0.382668
7	Gm07_27422116	27422116	0.131579	0.474798	-0.474798	0.474798
7	Gm07_27433714	27433714	0.194079	0.149574	-0.149574	0.149574
7	Gm07_27438076	27438076	0.276316	0.239998	-0.239998	0.239998
7	Gm07_27438306	27438306	0.207237	0.0884355	-0.0884355	0.0884355
7	Gm07_27441813	27441813	0.154605	0.351498	-0.351498	0.351498
7	Gm07_27476735	27476735	0.463816	-0.258206	0.258206	-0.258206
7	Gm07_27582118	27582118	0.174342	0.300158	-0.300158	0.300158
7	Gm07_27591771	27591771	0.470395	-0.267088	0.267088	-0.267088
7	Gm07_27650142	27650142	0.197368	0.201442	-0.201442	0.201442
7	Gm07_27681260	27681260	0.0756579	0.605127	-0.605127	0.605127
7	Gm07_27746142	27746142	0.470395	-0.187373	0.187373	-0.187373
7	Gm07_27746205	27746205	0.243421	0.383918	-0.383918	0.383918
7	Gm07_27748627	27748627	0.483553	-0.297511	0.297511	-0.297511
7	Gm07_27792292	27792292	0.184211	0.460158	-0.460158	0.460158
7	Gm07_27902201	27902201	0.467105	-0.295064	0.295064	-0.295064
7	Gm07_27922333	27922333	0.273026	0.180246	-0.180246	0.180246
7	Gm07_27931217	27931217	0.276316	0.166972	-0.166972	0.166972
7	Gm07_27959020	27959020	0.174342	0.287767	-0.287767	0.287767
7	Gm07_27977107	27977107	0.473684	-0.349538	0.349538	-0.349538
7	Gm07_27977406	27977406	0.273026	0.18642	-0.18642	0.18642
7	Gm07_27977913	27977913	0.470395	-0.347149	0.347149	-0.347149
7	Gm07_27984125	27984125	0.269737	0.195384	-0.195384	0.195384
7	Gm07_28007450	28007450	0.470395	-0.343452	0.343452	-0.343452
7	Gm07_28014984	28014984	0.144737	0.421663	-0.421663	0.421663
7	Gm07_28021880	28021880	0.171053	0.309399	-0.309399	0.309399
7	Gm07_28022968	28022968	0.269737	0.186516	-0.186516	0.186516
7	Gm07_28074618	28074618	0.197368	0.170506	-0.170506	0.170506
7	Gm07_28078427	28078427	0.151316	0.40169	-0.40169	0.40169
7	Gm07_28080378	28080378	0.269737	0.172537	-0.172537	0.172537
7	Gm07_28087602	28087602	0.273026	0.15888	-0.15888	0.15888
7	Gm07_28096879	28096879	0.0756579	0.554282	-0.554282	0.554282
7	Gm07_28117779	28117779	0.269737	0.124715	-0.124715	0.124715
7	Gm07_28120418	28120418	0.167763	0.29065	-0.29065	0.29065
7	Gm07_28120644	28120644	0.279605	0.095192	-0.095192	0.095192
7	Gm07_28121779	28121779	0.197368	0.132864	-0.132864	0.132864
7	Gm07_28125470	28125470	0.476974	-0.435269	0.435269	-0.435269
7	Gm07_28129810	28129810	0.167763	0.285228	-0.285228	0.285228
7	Gm07_28134757	28134757	0.269737	0.126385	-0.126385	0.126385
7	Gm07_28138744	28138744	0.164474	0.304694	-0.304694	0.304694
7	Gm07_28138797	28138797	0.266447	0.129202	-0.129202	0.129202
7	Gm07_28207396	28207396	0.167763	0.26504	-0.26504	0.26504
7	Gm07_28238812	28238812	0.177632	0.381807	-0.381807	0.381807
7	Gm07_28242874	28242874	0.171053	0.244277	-0.244277	0.244277
7	Gm07_28245033	28245033	0.273026	0.103609	-0.103609	0.103609
7	Gm07_28245583	28245583	0.476974	-0.448328	0.448328	-0.448328
7	Gm07_28294880	28294880	0.167763	0.255663	-0.255663	0.255663
7	Gm07_28311260	28311260	0.263158	0.124108	-0.124108	0.124108
7	Gm07_28315620	28315620	0.157895	0.309112	-0.309112	0.309112
7	Gm07_28346352	28346352	0.259868	0.118055	-0.118055	0.118055
7	Gm07_28388975	28388975	0.273026	0.0780729	-0.0780729	0.0780729
7	Gm07_28401516	28401516	0.174342	0.217607	-0.217607	0.217607
7	Gm07_28414966	28414966	0.460526	-0.391355	0.391355	-0.391355
7	Gm07_28489066	28489066	0.467105	-0.427192	0.427192	-0.427192
7	Gm07_28507794	28507794	0.273026	0.0686755	-0.0686755	0.0686755
7	Gm07_28561735	28561735	0.167763	0.219197	-0.219197	0.219197
7	Gm07_28716992	28716992	0.171053	0.189781	-0.189781	0.189781
7	Gm07_28727391	28727391	0.171053	0.189781	-0.189781	0.189781
7	Gm07_28749522	28749522	0.174342	0.167719	-0.167719	0.167719
7	Gm07_28750829	28750829	0.174342	0.167719	-0.167719	0.167719
7	Gm07_28751165	28751165	0.266447	0.0757525	-0.0757525	0.0757525
7	Gm07_28769014	28769014	0.148026	0.278059	-0.278059	0.278059
7	Gm07_28776198	28776198	0.203947	-0.000980302	0.000980302	-0.000980302
7	Gm07_28807143	28807143	0.467105	-0.472861	0.472861	-0.472861
7	Gm07_28812248	28812248	0.476974	-0.505242	0.505242	-0.505242
7	Gm07_28813880	28813880	0.269737	0.0661441	-0.0661441	0.0661441
7	Gm07_28814750	28814750	0.203947	-0.00936742	0.00936742	-0.00936742
7	Gm07_28846257	28846257	0.174342	0.132449	-0.132449	0.132449
7	Gm07_28846480	28846480	0.174342	0.331103	-0.331103	0.331103
7	Gm07_28854881	28854881	0.167763	0.168759	-0.168759	0.168759
7	Gm07_28872520	28872520	0.174342	0.128412	-0.128412	0.128412
7	Gm07_28884585	28884585	0.141447	0.311624	-0.311624	0.311624
7	Gm07_28897462	28897462	0.171053	0.141019	-0.141019	0.141019
7	Gm07_28917843	28917843	0.470395	-0.52287	0.52287	-0.52287
7	Gm07_28931985	28931985	0.197368	0.0206972	-0.0206972	0.0206972
7	Gm07_28935625	28935625	0.161184	0.207916	-0.207916	0.207916
7	Gm07_28944519	28944519	0.174342	0.335731	-0.335731	0.335731
7	Gm07_28987861	28987861	0.180921	0.0815437	-0.0815437	0.0815437
7	Gm07_28987892	28987892	0.180921	0.0815437	-0.0815437	0.0815437
7	Gm07_28993347	28993347	0.470395	-0.48701	0.48701	-0.48701
7	Gm07_28996629	28996629	0.174342	0.12267	-0.12267	0.12267
7	Gm07_28998487	28998487	0.473684	-0.497058	0.497058	-0.497058
7	Gm07_29000956	29000956	0.138158	0.333237	-0.333237	0.333237
7	Gm07_29014564	29014564	0.476974	-0.499638	0.499638	-0.499638
7	Gm07_29014836	29014836	0.273026	0.0859836	-0.0859836	0.0859836
7	Gm07_29018503	29018503	0.171053	0.138507	-0.138507	0.138507
7	Gm07_29019851	29019851	0.194079	0.0225168	-0.0225168	0.0225168
7	Gm07_29052415	29052415	0.164474	0.180257	-0.180257	0.180257
7	Gm07_29055199	29055199	0.476974	-0.494608	0.494608	-0.494608
7	Gm07_29128265	29128265	0.207237	-0.05248	0.05248	-0.05248
7	Gm07_29146640	29146640	0.164474	0.160135	-0.160135	0.160135
7	Gm07_29177204	29177204	0.273026	0.0814266	-0.0814266	0.0814266
7	Gm07_29177485	29177485	0.273026	0.0814266	-0.0814266	0.0814266
7	Gm07_29242557	29242557	0.131579	0.331758	-0.331758	0.331758
7	Gm07_29260463	29260463	0.167763	0.10729	-0.10729	0.10729
7	Gm07_29260499	29260499	0.138158	0.285029	-0.285029	0.285029
7	Gm07_29307556	29307556	0.273026	0.0936734	-0.0936734	0.0936734
7	Gm07_29309727	29309727	0.276316	0.0828023	-0.0828023	0.0828023
7	Gm07_29311913	29311913	0.177632	0.0595062	-0.0595062	0.0595062
7	Gm07_29403250	29403250	0.141447	0.260971	-0.260971	0.260971
7	Gm07_29420592	29420592	0.486842	-0.46233	0.46233	-0.46233
7	Gm07_29445121	29445121	0.460526	-0.38387	0.38387	-0.38387
7	Gm07_29457259	29457259	0.177632	0.0982211	-0.0982211	0.0982211
7	Gm07_29459534	29459534	0.167763	0.15716	-0.15716	0.15716
7	Gm07_29506548	29506548	0.171053	0.136605	-0.136605	0.136605
7	Gm07_29513001	29513001	0.167763	0.156557	-0.156557	0.156557
7	Gm07_29521857	29521857	0.473684	-0.415712	0.415712	-0.415712
7	Gm07_29531849	29531849	0.480263	-0.438077	0.438077	-0.438077
7	Gm07_29532734	29532734	0.480263	-0.442065	0.442065	-0.442065
7	Gm07_29660052	29660052	0.470395	-0.412505	0.412505	-0.412505
7	Gm07_29759170	29759170	0.164474	0.17207	-0.17207	0.17207
7	Gm07_29760750	29760750	0.174342	0.357717	-0.357717	0.357717
7	Gm07_29881140	29881140	0.171053	0.116978	-0.116978	0.116978
7	Gm07_29881162	29881162	0.171053	0.116978	-0.116978	0.116978
7	Gm07_29903076	29903076	0.174342	0.0870821	-0.0870821	0.0870821
7	Gm07_29908741	29908741	0.197368	-0.0156269	0.0156269	-0.0156269
7	Gm07_29921767	29921767	0.0559211	-0.198592	0.198592	-0.198592
7	Gm07_29929865	29929865	0.164474	0.144704	-0.144704	0.144704
7	Gm07_29992548	29992548	0.273026	0.16997	-0.16997	0.16997
7	Gm07_29995592	29995592	0.131579	0.336086	-0.336086	0.336086
7	Gm07_30013125	30013125	0.167763	0.159414	-0.159414	0.159414
7	Gm07_30013551	30013551	0.4375	-0.304437	0.304437	-0.304437
7	Gm07_30017569	30017569	0.167763	0.162966	-0.162966	0.162966
7	Gm07_30053740	30053740	0.470395	-0.385404	0.385404	-0.385404
7	Gm07_30066370	30066370	0.174342	0.131687	-0.131687	0.131687
7	Gm07_30067123	30067123	0.180921	0.0948719	-0.0948719	0.0948719
7	Gm07_30071225	30071225	0.203947	-0.0101508	0.0101508	-0.0101508
7	Gm07_30084212	30084212	0.273026	0.183948	-0.183948	0.183948
7	Gm07_30128897	30128897	0.483553	-0.430063	0.430063	-0.430063
7	Gm07_30129096	30129096	0.279605	0.165164	-0.165164	0.165164
7	Gm07_30131339	30131339	0.463816	-0.360168	0.360168	-0.360168
7	Gm07_30135248	30135248	0.174342	0.116519	-0.116519	0.116519
7	Gm07_30153790	30153790	0.167763	0.159587	-0.159587	0.159587
7	Gm07_30198671	30198671	0.180921	0.0966419	-0.0966419	0.0966419
7	Gm07_30203571	30203571	0.470395	-0.34878	0.34878	-0.34878
7	Gm07_30235313	30235313	0.470395	-0.350777	0.350777	-0.350777
7	Gm07_30250113	30250113	0.470395	-0.345776	0.345776	-0.345776
7	Gm07_30252601	30252601	0.476974	-0.367222	0.367222	-0.367222
7	Gm07_30320392	30320392	0.335526	-0.0422219	0.0422219	-0.0422219
7	Gm07_30346888	30346888	0.332237	-0.0302611	0.0302611	-0.0302611
7	Gm07_30484968	30484968	0.269737	0.178673	-0.178673	0.178673
7	Gm07_30571195	30571195	0.325658	-0.0224375	0.0224375	-0.0224375
7	Gm07_30574390	30574390	0.325658	-0.0224375	0.0224375	-0.0224375
7	Gm07_30653564	30653564	0.279605	0.145244	-0.145244	0.145244
7	Gm07_30654198	30654198	0.483553	-0.401546	0.401546	-0.401546
7	Gm07_30697164	30697164	0.332237	-0.0930922	0.0930922	-0.0930922
7	Gm07_30812511	30812511	0.299342	0.0190394	-0.0190394	0.0190394
7	Gm07_30833541	30833541	0.328947	-0.0879019	0.0879019	-0.0879019
7	Gm07_30836347	30836347	0.266447	0.133087	-0.133087	0.133087
7	Gm07_30845481	30845481	0.0723684	0.402734	-0.402734	0.402734
7	Gm07_30916197	30916197	0.230263	0.16983	-0.16983	0.16983
7	Gm07_30928408	30928408	0.296053	-0.0972227	0.0972227	-0.0972227
7	Gm07_30928459	30928459	0.236842	0.146069	-0.146069	0.146069
7	Gm07_30932095	30932095	0.236842	0.141977	-0.141977	0.141977
7	Gm07_30940552	30940552	0.292763	-0.0855979	0.0855979	-0.0855979
7	Gm07_30961603	30961603	0.230263	0.163472	-0.163472	0.163472
7	Gm07_30993784	30993784	0.289474	-0.0672846	0.0672846	-0.0672846
7	Gm07_31045308	31045308	0.266447	0.0126661	-0.0126661	0.0126661
7	Gm07_31076875	31076875	0.289474	-0.0801939	0.0801939	-0.0801939
7	Gm07_31094685	31094685	0.289474	-0.0836648	0.0836648	-0.0836648
7	Gm07_31120195	31120195	0.0855263	0.035693	-0.035693	0.035693
7	Gm07_31120225	31120225	0.0855263	0.035693	-0.035693	0.035693
7	Gm07_31120315	31120315	0.233553	0.117503	-0.117503	0.117503
7	Gm07_31153748	31153748	0.184211	0.204542	-0.204542	0.204542
7	Gm07_31154012	31154012	0.266447	-0.147697	0.147697	-0.147697
7	Gm07_31159721	31159721	0.177632	0.236221	-0.236221	0.236221
7	Gm07_31171772	31171772	0.105263	0.0185224	-0.0185224	0.0185224
7	Gm07_31199807	31199807	0.296053	-0.14035	0.14035	-0.14035
7	Gm07_31203542	31203542	0.230263	0.122249	-0.122249	0.122249
7	Gm07_31211934	31211934	0.230263	0.121876	-0.121876	0.121876
7	Gm07_31212309	31212309	0.273026	-0.0570982	0.0570982	-0.0570982
7	Gm07_31217335	31217335	0.296053	-0.138275	0.138275	-0.138275
7	Gm07_31229693	31229693	0.289474	-0.111991	0.111991	-0.111991
7	Gm07_31235248	31235248	0.230263	0.128438	-0.128438	0.128438
7	Gm07_31263627	31263627	0.296053	-0.137329	0.137329	-0.137329
7	Gm07_31409530	31409530	0.226974	0.133012	-0.133012	0.133012
7	Gm07_31409818	31409818	0.226974	0.133012	-0.133012	0.133012
7	Gm07_31417012	31417012	0.236842	0.105416	-0.105416	0.105416
7	Gm07_31473866	31473866	0.263158	-0.000242843	0.000242843	-0.000242843
7	Gm07_31524402	31524402	0.134868	0.344314	-0.344314	0.344314
7	Gm07_31525172	31525172	0.486842	-0.487744	0.487744	-0.487744
7	Gm07_31525409	31525409	0.230263	0.213055	-0.213055	0.213055
7	Gm07_31527682	31527682	0.289474	-0.0328007	0.0328007	-0.0328007
7	Gm07_31603407	31603407	0.230263	0.214692	-0.214692	0.214692
7	Gm07_31603603	31603603	0.296053	-0.0506959	0.0506959	-0.0506959
7	Gm07_31649601	31649601	0.240132	0.171453	-0.171453	0.171453
7	Gm07_31717957	31717957	0.240132	0.180606	-0.180606	0.180606
7	Gm07_31735201	31735201	0.269737	0.0626161	-0.0626161	0.0626161
7	Gm07_31785776	31785776	0.134868	0.342324	-0.342324	0.342324
7	Gm07_31872847	31872847	0.240132	0.148461	-0.148461	0.148461
7	Gm07_31883072	31883072	0.0690789	-0.0280404	0.0280404	-0.0280404
7	Gm07_31883107	31883107	0.0953947	-0.265073	0.265073	-0.265073
7	Gm07_31883120	31883120	0.0690789	-0.0174555	0.0174555	-0.0174555
7	Gm07_31883138	31883138	0.0953947	-0.117058	0.117058	-0.117058
7	Gm07_31926218	31926218	0.230263	0.196624	-0.196624	0.196624
7	Gm07_31930167	31930167	0.0690789	0.327217	-0.327217	0.327217
7	Gm07_31970254	31970254	0.289474	-0.0397986	0.0397986	-0.0397986
7	Gm07_32057013	32057013	0.296053	-0.0597753	0.0597753	-0.0597753
7	Gm07_32057269	32057269	0.296053	-0.0597753	0.0597753	-0.0597753
7	Gm07_32077270	32077270	0.263158	0.0654313	-0.0654313	0.0654313
7	Gm07_32214734	32214734	0.233553	0.184357	-0.184357	0.184357
7	Gm07_32263042	32263042	0.263158	0.0565421	-0.0565421	0.0565421
7	Gm07_32268378	32268378	0.266447	0.0400608	-0.0400608	0.0400608
7	Gm07_32269982	32269982	0.296053	-0.0731066	0.0731066	-0.0731066
7	Gm07_32330129	32330129	0.289474	-0.0504045	0.0504045	-0.0504045
7	Gm07_32343285	32343285	0.240132	0.152688	-0.152688	0.152688
7	Gm07_32343345	32343345	0.266447	0.0419547	-0.0419547	0.0419547
7	Gm07_32479118	32479118	0.276316	-0.00330342	0.00330342	-0.00330342
7	Gm07_32488999	32488999	0.266447	0.0337716	-0.0337716	0.0337716
7	Gm07_32489018	32489018	0.233553	0.178536	-0.178536	0.178536
7	Gm07_32492684	32492684	0.296053	-0.0856444	0.0856444	-0.0856444
7	Gm07_32495137	32495137	0.259868	0.0584678	-0.0584678	0.0584678
7	Gm07_32495735	32495735	0.263158	0.0512369	-0.0512369	0.0512369
7	Gm07_32495771	32495771	0.263158	0.0512369	-0.0512369	0.0512369
7	Gm07_32497029	32497029	0.289474	-0.0550246	0.0550246	-0.0550246
7	Gm07_32520700	32520700	0.233553	0.17376	-0.17376	0.17376
7	Gm07_32581309	32581309	0.236842	0.154931	-0.154931	0.154931
7	Gm07_32606469	32606469	0.263158	0.0444364	-0.0444364	0.0444364
7	Gm07_32627175	32627175	0.263158	0.0444364	-0.0444364	0.0444364
7	Gm07_32634218	32634218	0.233553	0.166408	-0.166408	0.166408
7	Gm07_32636734	32636734	0.305921	-0.101031	0.101031	-0.101031
7	Gm07_32661401	32661401	0.4375	-0.349604	0.349604	-0.349604
7	Gm07_32683952	32683952	0.134868	0.350808	-0.350808	0.350808
7	Gm07_32708769	32708769	0.233553	0.213971	-0.213971	0.213971
7	Gm07_32784360	32784360	0.233553	0.207492	-0.207492	0.207492
7	Gm07_32797846	32797846	0.263158	0.0799144	-0.0799144	0.0799144
7	Gm07_32844909	32844909	0.233553	0.20715	-0.20715	0.20715
7	Gm07_32845112	32845112	0.269737	0.0503696	-0.0503696	0.0503696
7	Gm07_32853023	32853023	0.236842	0.191461	-0.191461	0.191461
7	Gm07_32866469	32866469	0.131579	0.381135	-0.381135	0.381135
7	Gm07_32954704	32954704	0.233553	0.214168	-0.214168	0.214168
7	Gm07_32957548	32957548	0.131579	0.385773	-0.385773	0.385773
7	Gm07_32961560	32961560	0.233553	0.191027	-0.191027	0.191027
7	Gm07_32974791	32974791	0.259868	0.0830396	-0.0830396	0.0830396
7	Gm07_32985427	32985427	0.266447	0.0677109	-0.0677109	0.0677109
7	Gm07_32992184	32992184	0.0657895	0.4273	-0.4273	0.4273
7	Gm07_33054552	33054552	0.269737	0.0575096	-0.0575096	0.0575096
7	Gm07_33062500	33062500	0.480263	-0.445776	0.445776	-0.445776
7	Gm07_33062539	33062539	0.269737	0.0556721	-0.0556721	0.0556721
7	Gm07_33131055	33131055	0.236842	0.182462	-0.182462	0.182462
7	Gm07_33131084	33131084	0.236842	0.182462	-0.182462	0.182462
7	Gm07_33160053	33160053	0.180921	0.314885	-0.314885	0.314885
7	Gm07_33169381	33169381	0.243421	0.0971603	-0.0971603	0.0971603
7	Gm07_33184712	33184712	0.269737	-0.0106607	0.0106607	-0.0106607
7	Gm07_33186738	33186738	0.236842	0.128658	-0.128658	0.128658
7	Gm07_33191944	33191944	0.269737	0.00495998	-0.00495998	0.00495998
7	Gm07_33212127	33212127	0.296053	-0.092849	0.092849	-0.092849
7	Gm07_33302857	33302857	0.273026	-0.0122403	0.0122403	-0.0122403
7	Gm07_33316303	33316303	0.483553	-0.484931	0.484931	-0.484931
7	Gm07_33441307	33441307	0.263158	-0.0100813	0.0100813	-0.0100813
7	Gm07_33464330	33464330	0.236842	0.088353	-0.088353	0.088353
7	Gm07_33476429	33476429	0.236842	0.0862413	-0.0862413	0.0862413
7	Gm07_33496226	33496226	0.292763	-0.138892	0.138892	-0.138892
7	Gm07_33500806	33500806	0.233553	0.0834053	-0.0834053	0.0834053
7	Gm07_33536648	33536648	0.230263	0.0901473	-0.0901473	0.0901473
7	Gm07_33559982	33559982	0.134868	0.34702	-0.34702	0.34702
7	Gm07_33631795	33631795	0.177632	0.262334	-0.262334	0.262334
7	Gm07_33692444	33692444	0.286184	-0.187269	0.187269	-0.187269
7	Gm07_33703494	33703494	0.263158	-0.0969598	0.0969598	-0.0969598
7	Gm07_33715272	33715272	0.174342	0.278317	-0.278317	0.278317
7	Gm07_33732114	33732114	0.289474	-0.157546	0.157546	-0.157546
7	Gm07_33793723	33793723	0.134868	0.31648	-0.31648	0.31648
7	Gm07_33914256	33914256	0.230263	0.0597779	-0.0597779	0.0597779
7	Gm07_37251203	37251203	0.263158	0.405331	-0.405331	0.405331
7	Gm07_37251452	37251452	0.355263	0.236162	-0.236162	0.236162
7	Gm07_37259950	37259950	0.384868	0.208264	-0.208264	0.208264
7	Gm07_37272330	37272330	0.358553	0.221645	-0.221645	0.221645
7	Gm07_37272363	37272363	0.361842	0.213826	-0.213826	0.213826
7	Gm07_37272391	37272391	0.378289	0.235093	-0.235093	0.235093
7	Gm07_37272438	37272438	0.236842	0.549086	-0.549086	0.549086
7	Gm07_37272576	37272576	0.200658	0.706396	-0.706396	0.706396
7	Gm07_37274647	37274647	0.345395	0.254594	-0.254594	0.254594
7	Gm07_37291963	37291963	0.246711	0.503851	-0.503851	0.503851
7	Gm07_37328730	37328730	0.358553	0.184742	-0.184742	0.184742
7	Gm07_37328800	37328800	0.358553	0.184742	-0.184742	0.184742
7	Gm07_37328831	37328831	0.365132	0.168474	-0.168474	0.168474
7	Gm07_37330819	37330819	0.391447	0.0967675	-0.0967675	0.0967675
7	Gm07_37396714	37396714	0.220395	0.509748	-0.509748	0.509748
7	Gm07_37403027	37403027	0.223684	0.495616	-0.495616	0.495616
7	Gm07_37403175	37403175	0.220395	0.509679	-0.509679	0.509679
7	Gm07_37502305	37502305	0.289474	0.337288	-0.337288	0.337288
7	Gm07_37529493	37529493	0.177632	0.384306	-0.384306	0.384306
7	Gm07_37529765	37529765	0.292763	0.332542	-0.332542	0.332542
7	Gm07_37536630	37536630	0.289474	0.345631	-0.345631	0.345631
7	Gm07_37553038	37553038	0.286184	0.359857	-0.359857	0.359857
7	Gm07_37553056	37553056	0.286184	0.359857	-0.359857	0.359857
7	Gm07_37553074	37553074	0.286184	0.359857	-0.359857	0.359857
7	Gm07_37553398	37553398	0.286184	0.359857	-0.359857	0.359857
7	Gm07_37553405	37553405	0.286184	0.359857	-0.359857	0.359857
7	Gm07_37573720	37573720	0.292763	0.327201	-0.327201	0.327201
7	Gm07_37573873	37573873	0.289474	0.338364	-0.338364	0.338364
7	Gm07_37583973	37583973	0.296053	0.317192	-0.317192	0.317192
7	Gm07_37584232	37584232	0.292763	0.328604	-0.328604	0.328604
7	Gm07_37638540	37638540	0.279605	0.377919	-0.377919	0.377919
7	Gm07_37638677	37638677	0.279605	0.377919	-0.377919	0.377919
7	Gm07_37638697	37638697	0.279605	0.377919	-0.377919	0.377919
7	Gm07_37638843	37638843	0.279605	0.377919	-0.377919	0.377919
7	Gm07_37662848	37662848	0.296053	0.32727	-0.32727	0.32727
7	Gm07_37662873	37662873	0.289474	0.353896	-0.353896	0.353896
7	Gm07_37710838	37710838	0.171053	0.400291	-0.400291	0.400291
7	Gm07_37711081	37711081	0.496711	-0.106663	0.106663	-0.106663
7	Gm07_37711992	37711992	0.203947	0.576291	-0.576291	0.576291
7	Gm07_37712032	37712032	0.299342	0.492247	-0.492247	0.492247
7	Gm07_37713815	37713815	0.144737	0.523545	-0.523545	0.523545
7	Gm07_37714260	37714260	0.325658	0.26559	-0.26559	0.26559
7	Gm07_37714307	37714307	0.325658	0.26559	-0.26559	0.26559
7	Gm07_37715678	37715678	0.381579	0.15452	-0.15452	0.15452
7	Gm07_37775931	37775931	0.3125	0.329224	-0.329224	0.329224
7	Gm07_37793139	37793139	0.0756579	0.599426	-0.599426	0.599426
7	Gm07_37793159	37793159	0.230263	0.57504	-0.57504	0.57504
7	Gm07_37793180	37793180	0.230263	0.57504	-0.57504	0.57504
7	Gm07_37818300	37818300	0.236842	0.540619	-0.540619	0.540619
7	Gm07_37852330	37852330	0.220395	0.303099	-0.303099	0.303099
7	Gm07_37901156	37901156	0.460526	0.0940936	-0.0940936	0.0940936
7	Gm07_37901180	37901180	0.460526	0.0940936	-0.0940936	0.0940936
7	Gm07_37930156	37930156	0.457237	0.102134	-0.102134	0.102134
7	Gm07_37930382	37930382	0.457237	0.102134	-0.102134	0.102134
7	Gm07_37943807	37943807	0.463816	0.081712	-0.081712	0.081712
7	Gm07_37943837	37943837	0.463816	0.081712	-0.081712	0.081712
7	Gm07_37945421	37945421	0.305921	0.435958	-0.435958	0.435958
7	Gm07_37945433	37945433	0.305921	0.435958	-0.435958	0.435958
7	Gm07_37952289	37952289	0.171053	0.627001	-0.627001	0.627001
7	Gm07_37960372	37960372	0.371711	0.135544	-0.135544	0.135544
7	Gm07_37960534	37960534	0.371711	0.135544	-0.135544	0.135544
7	Gm07_37960576	37960576	0.371711	0.135544	-0.135544	0.135544
7	Gm07_37962379	37962379	0.368421	0.144525	-0.144525	0.144525
7	Gm07_37973220	37973220	0.378289	0.114327	-0.114327	0.114327
7	Gm07_37973269	37973269	0.371711	0.134106	-0.134106	0.134106
7	Gm07_37996114	37996114	0.305921	0.443581	-0.443581	0.443581
7	Gm07_37996126	37996126	0.305921	0.443581	-0.443581	0.443581
7	Gm07_37996482	37996482	0.305921	0.443581	-0.443581	0.443581
7	Gm07_38010995	38010995	0.305921	0.442267	-0.442267	0.442267
7	Gm07_38011003	38011003	0.305921	0.442267	-0.442267	0.442267
7	Gm07_38011164	38011164	0.296053	0.470591	-0.470591	0.470591
7	Gm07_38011187	38011187	0.3125	0.425782	-0.425782	0.425782
7	Gm07_38032815	38032815	0.309211	0.435342	-0.435342	0.435342
7	Gm07_38039747	38039747	0.309211	0.437179	-0.437179	0.437179
7	Gm07_38065760	38065760	0.144737	0.467396	-0.467396	0.467396
7	Gm07_38067376	38067376	0.144737	0.467366	-0.467366	0.467366
7	Gm07_38067672	38067672	0.407895	0.324059	-0.324059	0.324059
7	Gm07_38101185	38101185	0.460526	-0.00571813	0.00571813	-0.00571813
7	Gm07_38111391	38111391	0.322368	0.12087	-0.12087	0.12087
7	Gm07_38124535	38124535	0.207237	0.308153	-0.308153	0.308153
7	Gm07_38124577	38124577	0.157895	0.596028	-0.596028	0.596028
7	Gm07_38149551	38149551	0.157895	0.581518	-0.581518	0.581518
7	Gm07_38183212	38183212	0.444079	0.195412	-0.195412	0.195412
7	Gm07_38184012	38184012	0.440789	0.204199	-0.204199	0.204199
7	Gm07_38203820	38203820	0.273026	0.618573	-0.618573	0.618573
7	Gm07_38246306	38246306	0.391447	-0.125713	0.125713	-0.125713
7	Gm07_38253498	38253498	0.134868	0.340792	-0.340792	0.340792
7	Gm07_38253511	38253511	0.134868	0.340792	-0.340792	0.340792
7	Gm07_38254005	38254005	0.131579	0.346233	-0.346233	0.346233
7	Gm07_38254017	38254017	0.131579	0.346233	-0.346233	0.346233
7	Gm07_38254678	38254678	0.134868	0.330288	-0.330288	0.330288
7	Gm07_38254761	38254761	0.177632	0.513354	-0.513354	0.513354
7	Gm07_38254963	38254963	0.134868	0.340539	-0.340539	0.340539
7	Gm07_38274940	38274940	0.184211	0.445303	-0.445303	0.445303
7	Gm07_38297684	38297684	0.180921	0.454713	-0.454713	0.454713
7	Gm07_38325289	38325289	0.279605	0.0358302	-0.0358302	0.0358302
