selscan v3.0.1
/home/ww/biosoft/selscan --ihs --unphased --pmap --vcf work/chr/chr8.vcf.gz --map work/chr/chr8.map --out work/results/chr8 --threads 4 
Opening work/chr/chr8.vcf.gz to count number of haplotypes and loci...
--skip-low-freq set. Removing all variants < 0.05.

Loading 304 haplotypes and 2226 loci. Skipped 45 loci 

Removed 45 low frequency variants from haplotype data.
====
Input file loaded in 0.024201 s.
=====

v3.0.1
Calculating iHS.
=====
Input (VCF) filename: work/chr/chr8.vcf.gz
Map filename: work/chr/chr8.map
Output file: work/results/chr8
Threads: 4
Scale parameter: 20000
Max gap parameter: 200000
EHH cutoff value: 0.05
Minimum MAF cutoff: 0.05
Phased: no
Alt flag set: no
WARNING: Reached chromosome edge before EHH decayed below 0.05. position: 456667 id: Gm08_456667Skipping calculation.
WARNING: Reached a gap of 263281bp > 200000bp. Skipping calculation at position 746391 id: Gm08_746391
WARNING: Reached a gap of 263281bp > 200000bp. Skipping calculation at position 885467 id: Gm08_885467
WARNING: Reached a gap of 263281bp > 200000bp. Skipping calculation at position 890228 id: Gm08_890228
WARNING: Reached a gap of 263281bp > 200000bp. Skipping calculation at position 903652 id: Gm08_903652
WARNING: Reached a gap of 287465bp > 200000bp. Skipping calculation at position 1191117 id: Gm08_1191117
WARNING: Reached a gap of 287465bp > 200000bp. Skipping calculation at position 1191217 id: Gm08_1191217
WARNING: Reached chromosome edge before EHH decayed below 0.05. position: 475311 id: Gm08_475311Skipping calculation.
WARNING: Reached a gap of 287465bp > 200000bp. Skipping calculation at position 1290456 id: Gm08_1290456
WARNING: Reached a gap of 287465bp > 200000bp. Skipping calculation at position 1311015 id: Gm08_1311015
WARNING: Reached a gap of 287465bp > 200000bp. Skipping calculation at position 1319338 id: Gm08_1319338
WARNING: Reached a gap of 287465bp > 200000bp. Skipping calculation at position 1319817 id: Gm08_1319817
WARNING: Reached a gap of 287465bp > 200000bp. Skipping calculation at position 1452232 id: Gm08_1452232
WARNING: Reached a gap of 287465bp > 200000bp. Skipping calculation at position 1461875 id: Gm08_1461875
WARNING: Reached a gap of 263281bp > 200000bp. Skipping calculation at position 746458 id: Gm08_746458
WARNING: Reached a gap of 287465bp > 200000bp. Skipping calculation at position 1472805 id: Gm08_1472805
WARNING: Reached a gap of 287465bp > 200000bp. Skipping calculation at position 1461944 id: Gm08_1461944
WARNING: Reached a gap of 287465bp > 200000bp. Skipping calculation at position 1473026 id: Gm08_1473026
WARNING: Reached a gap of 287465bp > 200000bp. Skipping calculation at position 1500716 id: Gm08_1500716
WARNING: Reached a gap of 287465bp > 200000bp. Skipping calculation at position 1536378 id: Gm08_1536378
WARNING: Reached a gap of 287465bp > 200000bp. Skipping calculation at position 1591930 id: Gm08_1591930
WARNING: Reached a gap of 287465bp > 200000bp. Skipping calculation at position 1560361 id: Gm08_1560361
WARNING: Reached a gap of 263281bp > 200000bp. Skipping calculation at position 738592 id: Gm08_738592
WARNING: Reached a gap of 287465bp > 200000bp. Skipping calculation at position 1634382 id: Gm08_1634382
WARNING: Reached a gap of 287465bp > 200000bp. Skipping calculation at position 1634418 id: Gm08_1634418
WARNING: Reached a gap of 287465bp > 200000bp. Skipping calculation at position 1634587 id: Gm08_1634587
WARNING: Reached a gap of 287465bp > 200000bp. Skipping calculation at position 1643962 id: Gm08_1643962
WARNING: Reached a gap of 287465bp > 200000bp. Skipping calculation at position 1639388 id: Gm08_1639388
WARNING: Reached a gap of 287465bp > 200000bp. Skipping calculation at position 1719150 id: Gm08_1719150
WARNING: Reached a gap of 287465bp > 200000bp. Skipping calculation at position 1784599 id: Gm08_1784599
WARNING: Reached a gap of 287465bp > 200000bp. Skipping calculation at position 1784793 id: Gm08_1784793
WARNING: Reached a gap of 287465bp > 200000bp. Skipping calculation at position 1806110 id: Gm08_1806110
WARNING: Reached a gap of 287465bp > 200000bp. Skipping calculation at position 1825873 id: Gm08_1825873
WARNING: Reached a gap of 287465bp > 200000bp. Skipping calculation at position 1827489 id: Gm08_1827489
WARNING: Reached a gap of 287465bp > 200000bp. Skipping calculation at position 1855892 id: Gm08_1855892
WARNING: Reached a gap of 287465bp > 200000bp. Skipping calculation at position 1888682 id: Gm08_1888682
WARNING: Reached a gap of 287465bp > 200000bp. Skipping calculation at position 1881126 id: Gm08_1881126
WARNING: Reached a gap of 287465bp > 200000bp. Skipping calculation at position 1889142 id: Gm08_1889142
WARNING: Reached a gap of 287465bp > 200000bp. Skipping calculation at position 1891362 id: Gm08_1891362
WARNING: Reached a gap of 287465bp > 200000bp. Skipping calculation at position 2009304 id: Gm08_2009304
WARNING: Reached a gap of 287465bp > 200000bp. Skipping calculation at position 2024463 id: Gm08_2024463
WARNING: Reached a gap of 287465bp > 200000bp. Skipping calculation at position 2024660 id: Gm08_2024660
WARNING: Reached a gap of 287465bp > 200000bp. Skipping calculation at position 2024869 id: Gm08_2024869
WARNING: Reached a gap of 287465bp > 200000bp. Skipping calculation at position 2024836 id: Gm08_2024836
WARNING: Reached a gap of 287465bp > 200000bp. Skipping calculation at position 2031326 id: Gm08_2031326
WARNING: Reached a gap of 287465bp > 200000bp. Skipping calculation at position 2130658 id: Gm08_2130658
WARNING: Reached a gap of 287465bp > 200000bp. Skipping calculation at position 2137742 id: Gm08_2137742
WARNING: Reached a gap of 287465bp > 200000bp. Skipping calculation at position 2138055 id: Gm08_2138055
WARNING: Reached a gap of 287465bp > 200000bp. Skipping calculation at position 2143293 id: Gm08_2143293
WARNING: Reached a gap of 287465bp > 200000bp. Skipping calculation at position 2169559 id: Gm08_2169559
WARNING: Reached a gap of 484675bp > 200000bp. Skipping calculation at position 3215629 id: Gm08_3215629
WARNING: Reached a gap of 484675bp > 200000bp. Skipping calculation at position 3191162 id: Gm08_3191162
WARNING: Reached a gap of 484675bp > 200000bp. Skipping calculation at position 3177726 id: Gm08_3177726
WARNING: Reached a gap of 484675bp > 200000bp. Skipping calculation at position 3247600 id: Gm08_3247600
WARNING: Reached a gap of 484675bp > 200000bp. Skipping calculation at position 3259459 id: Gm08_3259459
WARNING: Reached a gap of 484675bp > 200000bp. Skipping calculation at position 3262849 id: Gm08_3262849
WARNING: Reached a gap of 484675bp > 200000bp. Skipping calculation at position 3284925 id: Gm08_3284925
WARNING: Reached a gap of 484675bp > 200000bp. Skipping calculation at position 3291693 id: Gm08_3291693
WARNING: Reached a gap of 484675bp > 200000bp. Skipping calculation at position 3362667 id: Gm08_3362667
WARNING: Reached a gap of 484675bp > 200000bp. Skipping calculation at position 3344553 id: Gm08_3344553
WARNING: Reached a gap of 484675bp > 200000bp. Skipping calculation at position 3371296 id: Gm08_3371296
WARNING: Reached a gap of 484675bp > 200000bp. Skipping calculation at position 3384546 id: Gm08_3384546
WARNING: Reached a gap of 484675bp > 200000bp. Skipping calculation at position 3384702 id: Gm08_3384702
WARNING: Reached a gap of 484675bp > 200000bp. Skipping calculation at position 3384758 id: Gm08_3384758
WARNING: Reached a gap of 484675bp > 200000bp. Skipping calculation at position 3591139 id: Gm08_3591139
WARNING: Reached a gap of 484675bp > 200000bp. Skipping calculation at position 3478269 id: Gm08_3478269
WARNING: Reached a gap of 484675bp > 200000bp. Skipping calculation at position 3693279 id: Gm08_3693279
WARNING: Reached a gap of 484675bp > 200000bp. Skipping calculation at position 3627818 id: Gm08_3627818
WARNING: Reached a gap of 484675bp > 200000bp. Skipping calculation at position 3705075 id: Gm08_3705075
WARNING: Reached a gap of 484675bp > 200000bp. Skipping calculation at position 3814158 id: Gm08_3814158
WARNING: Reached a gap of 484675bp > 200000bp. Skipping calculation at position 3743702 id: Gm08_3743702
WARNING: Reached a gap of 484675bp > 200000bp. Skipping calculation at position 3855240 id: Gm08_3855240
WARNING: Reached a gap of 484675bp > 200000bp. Skipping calculation at position 3951399 id: Gm08_3951399
WARNING: Reached a gap of 484675bp > 200000bp. Skipping calculation at position 3991956 id: Gm08_3991956
WARNING: Reached a gap of 484675bp > 200000bp. Skipping calculation at position 3992005 id: Gm08_3992005
WARNING: Reached a gap of 484675bp > 200000bp. Skipping calculation at position 3992115 id: Gm08_3992115
WARNING: Reached a gap of 484675bp > 200000bp. Skipping calculation at position 4084937 id: Gm08_4084937
WARNING: Reached a gap of 484675bp > 200000bp. Skipping calculation at position 4094761 id: Gm08_4094761
WARNING: Reached a gap of 484675bp > 200000bp. Skipping calculation at position 4094785 id: Gm08_4094785
WARNING: Reached a gap of 484675bp > 200000bp. Skipping calculation at position 4107229 id: Gm08_4107229
WARNING: Reached a gap of 484675bp > 200000bp. Skipping calculation at position 4094821 id: Gm08_4094821
WARNING: Reached a gap of 484675bp > 200000bp. Skipping calculation at position 4605089 id: Gm08_4605089
WARNING: Reached a gap of 484675bp > 200000bp. Skipping calculation at position 4612365 id: Gm08_4612365
WARNING: Reached a gap of 484675bp > 200000bp. Skipping calculation at position 4651111 id: Gm08_4651111
WARNING: Reached a gap of 484675bp > 200000bp. Skipping calculation at position 4692303 id: Gm08_4692303
WARNING: Reached a gap of 484675bp > 200000bp. Skipping calculation at position 4665203 id: Gm08_4665203
WARNING: Reached a gap of 484675bp > 200000bp. Skipping calculation at position 4120395 id: Gm08_4120395
WARNING: Reached a gap of 484675bp > 200000bp. Skipping calculation at position 4743130 id: Gm08_4743130
WARNING: Reached a gap of 484675bp > 200000bp. Skipping calculation at position 4920120 id: Gm08_4920120
WARNING: Reached a gap of 484675bp > 200000bp. Skipping calculation at position 4919887 id: Gm08_4919887
WARNING: Reached a gap of 484675bp > 200000bp. Skipping calculation at position 4920152 id: Gm08_4920152
WARNING: Reached a gap of 484675bp > 200000bp. Skipping calculation at position 4970053 id: Gm08_4970053
WARNING: Reached a gap of 484675bp > 200000bp. Skipping calculation at position 4978658 id: Gm08_4978658
WARNING: Reached a gap of 484675bp > 200000bp. Skipping calculation at position 5096428 id: Gm08_5096428
WARNING: Reached a gap of 484675bp > 200000bp. Skipping calculation at position 4120414 id: Gm08_4120414
WARNING: Reached a gap of 484675bp > 200000bp. Skipping calculation at position 5128219 id: Gm08_5128219
WARNING: Reached a gap of 484675bp > 200000bp. Skipping calculation at position 5128242 id: Gm08_5128242
WARNING: Reached a gap of 484675bp > 200000bp. Skipping calculation at position 5099852 id: Gm08_5099852
WARNING: Reached a gap of 484675bp > 200000bp. Skipping calculation at position 5223834 id: Gm08_5223834
WARNING: Reached a gap of 484675bp > 200000bp. Skipping calculation at position 5258168 id: Gm08_5258168
WARNING: Reached a gap of 484675bp > 200000bp. Skipping calculation at position 5260208 id: Gm08_5260208
WARNING: Reached a gap of 484675bp > 200000bp. Skipping calculation at position 5308407 id: Gm08_5308407
WARNING: Reached a gap of 484675bp > 200000bp. Skipping calculation at position 5347191 id: Gm08_5347191
WARNING: Reached a gap of 484675bp > 200000bp. Skipping calculation at position 5457829 id: Gm08_5457829
WARNING: Reached a gap of 484675bp > 200000bp. Skipping calculation at position 5474185 id: Gm08_5474185
WARNING: Reached a gap of 484675bp > 200000bp. Skipping calculation at position 5474535 id: Gm08_5474535
WARNING: Reached a gap of 484675bp > 200000bp. Skipping calculation at position 5515707 id: Gm08_5515707
WARNING: Reached a gap of 484675bp > 200000bp. Skipping calculation at position 5474571 id: Gm08_5474571
WARNING: Reached a gap of 1287338bp > 200000bp. Skipping calculation at position 5609096 id: Gm08_5609096
WARNING: Reached a gap of 1287338bp > 200000bp. Skipping calculation at position 5646958 id: Gm08_5646958
WARNING: Reached a gap of 1287338bp > 200000bp. Skipping calculation at position 5637621 id: Gm08_5637621
WARNING: Reached a gap of 1287338bp > 200000bp. Skipping calculation at position 5721828 id: Gm08_5721828
WARNING: Reached a gap of 1287338bp > 200000bp. Skipping calculation at position 7075530 id: Gm08_7075530
WARNING: Reached a gap of 1287338bp > 200000bp. Skipping calculation at position 7075442 id: Gm08_7075442
WARNING: Reached a gap of 1287338bp > 200000bp. Skipping calculation at position 7075839 id: Gm08_7075839
WARNING: Reached a gap of 1287338bp > 200000bp. Skipping calculation at position 7075853 id: Gm08_7075853
WARNING: Reached a gap of 1287338bp > 200000bp. Skipping calculation at position 7075872 id: Gm08_7075872
WARNING: Reached a gap of 1287338bp > 200000bp. Skipping calculation at position 5763236 id: Gm08_5763236
WARNING: Reached a gap of 1287338bp > 200000bp. Skipping calculation at position 7075885 id: Gm08_7075885
WARNING: Reached a gap of 418610bp > 200000bp. Skipping calculation at position 7494495 id: Gm08_7494495
WARNING: Reached a gap of 418610bp > 200000bp. Skipping calculation at position 7675322 id: Gm08_7675322
WARNING: Reached a gap of 418610bp > 200000bp. Skipping calculation at position 7676897 id: Gm08_7676897
WARNING: Reached a gap of 418610bp > 200000bp. Skipping calculation at position 7675466 id: Gm08_7675466
WARNING: Reached a gap of 418610bp > 200000bp. Skipping calculation at position 7676917 id: Gm08_7676917
WARNING: Reached a gap of 418610bp > 200000bp. Skipping calculation at position 7677111 id: Gm08_7677111
WARNING: Reached a gap of 418610bp > 200000bp. Skipping calculation at position 7753224 id: Gm08_7753224
WARNING: Reached a gap of 418610bp > 200000bp. Skipping calculation at position 7757237 id: Gm08_7757237
WARNING: Reached a gap of 418610bp > 200000bp. Skipping calculation at position 7757264 id: Gm08_7757264
WARNING: Reached a gap of 418610bp > 200000bp. Skipping calculation at position 7771755 id: Gm08_7771755
WARNING: Reached a gap of 418610bp > 200000bp. Skipping calculation at position 7816497 id: Gm08_7816497
WARNING: Reached a gap of 418610bp > 200000bp. Skipping calculation at position 7807307 id: Gm08_7807307
WARNING: Reached a gap of 418610bp > 200000bp. Skipping calculation at position 7823401 id: Gm08_7823401
WARNING: Reached a gap of 418610bp > 200000bp. Skipping calculation at position 7867482 id: Gm08_7867482
WARNING: Reached a gap of 418610bp > 200000bp. Skipping calculation at position 7878605 id: Gm08_7878605
WARNING: Reached a gap of 418610bp > 200000bp. Skipping calculation at position 7912643 id: Gm08_7912643
WARNING: Reached a gap of 418610bp > 200000bp. Skipping calculation at position 7943857 id: Gm08_7943857
WARNING: Reached a gap of 418610bp > 200000bp. Skipping calculation at position 7883760 id: Gm08_7883760
WARNING: Reached a gap of 418610bp > 200000bp. Skipping calculation at position 7943893 id: Gm08_7943893
WARNING: Reached a gap of 418610bp > 200000bp. Skipping calculation at position 8000698 id: Gm08_8000698
WARNING: Reached a gap of 418610bp > 200000bp. Skipping calculation at position 7996561 id: Gm08_7996561
WARNING: Reached a gap of 1287338bp > 200000bp. Skipping calculation at position 5788104 id: Gm08_5788104
WARNING: Reached a gap of 418610bp > 200000bp. Skipping calculation at position 8000705 id: Gm08_8000705
WARNING: Reached a gap of 418610bp > 200000bp. Skipping calculation at position 8009444 id: Gm08_8009444
WARNING: Reached a gap of 418610bp > 200000bp. Skipping calculation at position 8012527 id: Gm08_8012527
WARNING: Reached a gap of 445295bp > 200000bp. Skipping calculation at position 8500850 id: Gm08_8500850
WARNING: Reached a gap of 445295bp > 200000bp. Skipping calculation at position 8540484 id: Gm08_8540484
WARNING: Reached a gap of 445295bp > 200000bp. Skipping calculation at position 8582753 id: Gm08_8582753
WARNING: Reached a gap of 418610bp > 200000bp. Skipping calculation at position 8043395 id: Gm08_8043395
WARNING: Reached a gap of 445295bp > 200000bp. Skipping calculation at position 8589667 id: Gm08_8589667
WARNING: Reached a gap of 445295bp > 200000bp. Skipping calculation at position 8643359 id: Gm08_8643359
WARNING: Reached a gap of 445295bp > 200000bp. Skipping calculation at position 8681565 id: Gm08_8681565
WARNING: Reached a gap of 445295bp > 200000bp. Skipping calculation at position 8682820 id: Gm08_8682820
WARNING: Reached a gap of 445295bp > 200000bp. Skipping calculation at position 8707993 id: Gm08_8707993
WARNING: Reached a gap of 418610bp > 200000bp. Skipping calculation at position 8055555 id: Gm08_8055555
WARNING: Reached a gap of 445295bp > 200000bp. Skipping calculation at position 8709276 id: Gm08_8709276
WARNING: Reached a gap of 445295bp > 200000bp. Skipping calculation at position 8711216 id: Gm08_8711216
WARNING: Reached a gap of 445295bp > 200000bp. Skipping calculation at position 8714620 id: Gm08_8714620
WARNING: Reached a gap of 445295bp > 200000bp. Skipping calculation at position 8726663 id: Gm08_8726663
WARNING: Reached a gap of 445295bp > 200000bp. Skipping calculation at position 8856923 id: Gm08_8856923
WARNING: Reached a gap of 445295bp > 200000bp. Skipping calculation at position 8859557 id: Gm08_8859557
WARNING: Reached a gap of 445295bp > 200000bp. Skipping calculation at position 9010495 id: Gm08_9010495
WARNING: Reached a gap of 445295bp > 200000bp. Skipping calculation at position 8859582 id: Gm08_8859582
WARNING: Reached a gap of 445295bp > 200000bp. Skipping calculation at position 8969474 id: Gm08_8969474
WARNING: Reached a gap of 445295bp > 200000bp. Skipping calculation at position 9026593 id: Gm08_9026593
WARNING: Reached a gap of 445295bp > 200000bp. Skipping calculation at position 9035218 id: Gm08_9035218
WARNING: Reached a gap of 445295bp > 200000bp. Skipping calculation at position 9166358 id: Gm08_9166358
WARNING: Reached a gap of 445295bp > 200000bp. Skipping calculation at position 9166649 id: Gm08_9166649
WARNING: Reached a gap of 445295bp > 200000bp. Skipping calculation at position 9303841 id: Gm08_9303841
WARNING: Reached a gap of 445295bp > 200000bp. Skipping calculation at position 9345855 id: Gm08_9345855
WARNING: Reached a gap of 445295bp > 200000bp. Skipping calculation at position 9347030 id: Gm08_9347030
WARNING: Reached a gap of 445295bp > 200000bp. Skipping calculation at position 9370630 id: Gm08_9370630
WARNING: Reached a gap of 445295bp > 200000bp. Skipping calculation at position 9370743 id: Gm08_9370743
WARNING: Reached a gap of 445295bp > 200000bp. Skipping calculation at position 9370659 id: Gm08_9370659
WARNING: Reached a gap of 445295bp > 200000bp. Skipping calculation at position 9417624 id: Gm08_9417624
WARNING: Reached a gap of 311881bp > 200000bp. Skipping calculation at position 9739275 id: Gm08_9739275
WARNING: Reached a gap of 311881bp > 200000bp. Skipping calculation at position 9745713 id: Gm08_9745713
WARNING: Reached a gap of 311881bp > 200000bp. Skipping calculation at position 9752351 id: Gm08_9752351
WARNING: Reached a gap of 311881bp > 200000bp. Skipping calculation at position 9752396 id: Gm08_9752396
WARNING: Reached a gap of 311881bp > 200000bp. Skipping calculation at position 9896483 id: Gm08_9896483
WARNING: Reached a gap of 311881bp > 200000bp. Skipping calculation at position 9896495 id: Gm08_9896495
WARNING: Reached a gap of 311881bp > 200000bp. Skipping calculation at position 9932242 id: Gm08_9932242
WARNING: Reached a gap of 445295bp > 200000bp. Skipping calculation at position 9417672 id: Gm08_9417672
WARNING: Reached a gap of 311881bp > 200000bp. Skipping calculation at position 10014583 id: Gm08_10014583
WARNING: Reached a gap of 445295bp > 200000bp. Skipping calculation at position 9427394 id: Gm08_9427394
WARNING: Reached a gap of 311881bp > 200000bp. Skipping calculation at position 10023705 id: Gm08_10023705
WARNING: Reached a gap of 311881bp > 200000bp. Skipping calculation at position 10034510 id: Gm08_10034510
WARNING: Reached a gap of 311881bp > 200000bp. Skipping calculation at position 10044264 id: Gm08_10044264
WARNING: Reached a gap of 311881bp > 200000bp. Skipping calculation at position 10044319 id: Gm08_10044319
WARNING: Reached a gap of 311881bp > 200000bp. Skipping calculation at position 10080332 id: Gm08_10080332
WARNING: Reached a gap of 311881bp > 200000bp. Skipping calculation at position 10070472 id: Gm08_10070472
WARNING: Reached a gap of 311881bp > 200000bp. Skipping calculation at position 10084382 id: Gm08_10084382
WARNING: Reached a gap of 311881bp > 200000bp. Skipping calculation at position 10110529 id: Gm08_10110529
WARNING: Reached a gap of 311881bp > 200000bp. Skipping calculation at position 10165578 id: Gm08_10165578
WARNING: Reached a gap of 311881bp > 200000bp. Skipping calculation at position 10200612 id: Gm08_10200612
WARNING: Reached a gap of 311881bp > 200000bp. Skipping calculation at position 10269315 id: Gm08_10269315
WARNING: Reached a gap of 311881bp > 200000bp. Skipping calculation at position 10274746 id: Gm08_10274746
WARNING: Reached a gap of 311881bp > 200000bp. Skipping calculation at position 10275062 id: Gm08_10275062
WARNING: Reached a gap of 311881bp > 200000bp. Skipping calculation at position 10298330 id: Gm08_10298330
WARNING: Reached a gap of 311881bp > 200000bp. Skipping calculation at position 10298347 id: Gm08_10298347
WARNING: Reached a gap of 311881bp > 200000bp. Skipping calculation at position 10298361 id: Gm08_10298361
WARNING: Reached a gap of 311881bp > 200000bp. Skipping calculation at position 10302869 id: Gm08_10302869
WARNING: Reached a gap of 311881bp > 200000bp. Skipping calculation at position 10303031 id: Gm08_10303031
WARNING: Reached a gap of 311881bp > 200000bp. Skipping calculation at position 10330725 id: Gm08_10330725
WARNING: Reached a gap of 311881bp > 200000bp. Skipping calculation at position 10412475 id: Gm08_10412475
WARNING: Reached a gap of 311881bp > 200000bp. Skipping calculation at position 10419051 id: Gm08_10419051
WARNING: Reached a gap of 311881bp > 200000bp. Skipping calculation at position 10419306 id: Gm08_10419306
WARNING: Reached a gap of 311881bp > 200000bp. Skipping calculation at position 10446812 id: Gm08_10446812
WARNING: Reached a gap of 311881bp > 200000bp. Skipping calculation at position 10446853 id: Gm08_10446853
WARNING: Reached a gap of 311881bp > 200000bp. Skipping calculation at position 10584228 id: Gm08_10584228
WARNING: Reached a gap of 311881bp > 200000bp. Skipping calculation at position 10728922 id: Gm08_10728922
WARNING: Reached a gap of 311881bp > 200000bp. Skipping calculation at position 10729850 id: Gm08_10729850
WARNING: Reached a gap of 240744bp > 200000bp. Skipping calculation at position 13561712 id: Gm08_13561712
WARNING: Reached a gap of 240744bp > 200000bp. Skipping calculation at position 13561967 id: Gm08_13561967
WARNING: Reached a gap of 240744bp > 200000bp. Skipping calculation at position 13630822 id: Gm08_13630822
WARNING: Reached a gap of 240744bp > 200000bp. Skipping calculation at position 13602337 id: Gm08_13602337
WARNING: Reached a gap of 240744bp > 200000bp. Skipping calculation at position 13630881 id: Gm08_13630881
WARNING: Reached a gap of 240744bp > 200000bp. Skipping calculation at position 13647677 id: Gm08_13647677
WARNING: Reached a gap of 240744bp > 200000bp. Skipping calculation at position 13662875 id: Gm08_13662875
WARNING: Reached a gap of 240744bp > 200000bp. Skipping calculation at position 13744409 id: Gm08_13744409
WARNING: Reached a gap of 240744bp > 200000bp. Skipping calculation at position 13744471 id: Gm08_13744471
WARNING: Reached a gap of 240744bp > 200000bp. Skipping calculation at position 13749216 id: Gm08_13749216
WARNING: Reached a gap of 240744bp > 200000bp. Skipping calculation at position 13755830 id: Gm08_13755830
WARNING: Reached a gap of 240744bp > 200000bp. Skipping calculation at position 13760886 id: Gm08_13760886
WARNING: Reached a gap of 240744bp > 200000bp. Skipping calculation at position 13769666 id: Gm08_13769666
WARNING: Reached a gap of 240744bp > 200000bp. Skipping calculation at position 13803223 id: Gm08_13803223
WARNING: Reached a gap of 240744bp > 200000bp. Skipping calculation at position 13781832 id: Gm08_13781832
WARNING: Reached a gap of 240744bp > 200000bp. Skipping calculation at position 13793281 id: Gm08_13793281
WARNING: Reached a gap of 240744bp > 200000bp. Skipping calculation at position 13819478 id: Gm08_13819478
WARNING: Reached a gap of 240744bp > 200000bp. Skipping calculation at position 13833577 id: Gm08_13833577
WARNING: Reached a gap of 240744bp > 200000bp. Skipping calculation at position 13819487 id: Gm08_13819487
WARNING: Reached a gap of 240744bp > 200000bp. Skipping calculation at position 13856680 id: Gm08_13856680
WARNING: Reached a gap of 240744bp > 200000bp. Skipping calculation at position 13906426 id: Gm08_13906426
WARNING: Reached a gap of 240744bp > 200000bp. Skipping calculation at position 13943396 id: Gm08_13943396
WARNING: Reached a gap of 240744bp > 200000bp. Skipping calculation at position 13947982 id: Gm08_13947982
WARNING: Reached a gap of 240744bp > 200000bp. Skipping calculation at position 13920818 id: Gm08_13920818
WARNING: Reached a gap of 240744bp > 200000bp. Skipping calculation at position 13948041 id: Gm08_13948041
WARNING: Reached a gap of 240744bp > 200000bp. Skipping calculation at position 13953020 id: Gm08_13953020
WARNING: Reached a gap of 240744bp > 200000bp. Skipping calculation at position 13966025 id: Gm08_13966025
WARNING: Reached a gap of 240744bp > 200000bp. Skipping calculation at position 13952993 id: Gm08_13952993
WARNING: Reached a gap of 240744bp > 200000bp. Skipping calculation at position 13966062 id: Gm08_13966062
WARNING: Reached a gap of 240744bp > 200000bp. Skipping calculation at position 13974721 id: Gm08_13974721
WARNING: Reached a gap of 240744bp > 200000bp. Skipping calculation at position 13989379 id: Gm08_13989379
WARNING: Reached a gap of 240744bp > 200000bp. Skipping calculation at position 13997258 id: Gm08_13997258
WARNING: Reached a gap of 240744bp > 200000bp. Skipping calculation at position 14000931 id: Gm08_14000931
WARNING: Reached a gap of 240744bp > 200000bp. Skipping calculation at position 14004914 id: Gm08_14004914
WARNING: Reached a gap of 240744bp > 200000bp. Skipping calculation at position 14036044 id: Gm08_14036044
WARNING: Reached a gap of 240744bp > 200000bp. Skipping calculation at position 14021683 id: Gm08_14021683
WARNING: Reached a gap of 240744bp > 200000bp. Skipping calculation at position 14086452 id: Gm08_14086452
WARNING: Reached a gap of 240744bp > 200000bp. Skipping calculation at position 14170414 id: Gm08_14170414
WARNING: Reached a gap of 240744bp > 200000bp. Skipping calculation at position 14213826 id: Gm08_14213826
WARNING: Reached a gap of 240744bp > 200000bp. Skipping calculation at position 14217472 id: Gm08_14217472
WARNING: Reached a gap of 240744bp > 200000bp. Skipping calculation at position 14217510 id: Gm08_14217510
WARNING: Reached a gap of 240744bp > 200000bp. Skipping calculation at position 14233622 id: Gm08_14233622
WARNING: Reached a gap of 240744bp > 200000bp. Skipping calculation at position 14242705 id: Gm08_14242705
WARNING: Reached a gap of 240744bp > 200000bp. Skipping calculation at position 14242918 id: Gm08_14242918
WARNING: Reached a gap of 240744bp > 200000bp. Skipping calculation at position 14242933 id: Gm08_14242933
WARNING: Reached a gap of 240744bp > 200000bp. Skipping calculation at position 14270955 id: Gm08_14270955
WARNING: Reached a gap of 240744bp > 200000bp. Skipping calculation at position 14270969 id: Gm08_14270969
WARNING: Reached a gap of 240744bp > 200000bp. Skipping calculation at position 14271000 id: Gm08_14271000
WARNING: Reached a gap of 240744bp > 200000bp. Skipping calculation at position 14368080 id: Gm08_14368080
WARNING: Reached a gap of 240744bp > 200000bp. Skipping calculation at position 14306849 id: Gm08_14306849
WARNING: Reached a gap of 240744bp > 200000bp. Skipping calculation at position 14401511 id: Gm08_14401511
WARNING: Reached a gap of 240744bp > 200000bp. Skipping calculation at position 14401563 id: Gm08_14401563
WARNING: Reached a gap of 240744bp > 200000bp. Skipping calculation at position 14519345 id: Gm08_14519345
WARNING: Reached a gap of 240744bp > 200000bp. Skipping calculation at position 14795671 id: Gm08_14795671
WARNING: Reached a gap of 240744bp > 200000bp. Skipping calculation at position 14795700 id: Gm08_14795700
WARNING: Reached a gap of 240744bp > 200000bp. Skipping calculation at position 14822821 id: Gm08_14822821
WARNING: Reached a gap of 240744bp > 200000bp. Skipping calculation at position 14810794 id: Gm08_14810794
WARNING: Reached a gap of 240744bp > 200000bp. Skipping calculation at position 14545190 id: Gm08_14545190
WARNING: Reached a gap of 250825bp > 200000bp. Skipping calculation at position 15202313 id: Gm08_15202313
WARNING: Reached a gap of 250825bp > 200000bp. Skipping calculation at position 15202536 id: Gm08_15202536
WARNING: Reached a gap of 250825bp > 200000bp. Skipping calculation at position 15202564 id: Gm08_15202564
WARNING: Reached a gap of 250825bp > 200000bp. Skipping calculation at position 15202874 id: Gm08_15202874
WARNING: Reached a gap of 240744bp > 200000bp. Skipping calculation at position 14554927 id: Gm08_14554927
WARNING: Reached a gap of 250825bp > 200000bp. Skipping calculation at position 15073646 id: Gm08_15073646
WARNING: Reached a gap of 250825bp > 200000bp. Skipping calculation at position 15202890 id: Gm08_15202890
WARNING: Reached a gap of 250825bp > 200000bp. Skipping calculation at position 15203097 id: Gm08_15203097
WARNING: Reached a gap of 250825bp > 200000bp. Skipping calculation at position 15225073 id: Gm08_15225073
WARNING: Reached a gap of 250825bp > 200000bp. Skipping calculation at position 15341150 id: Gm08_15341150
WARNING: Reached a gap of 250825bp > 200000bp. Skipping calculation at position 15225083 id: Gm08_15225083
WARNING: Reached a gap of 250825bp > 200000bp. Skipping calculation at position 15212978 id: Gm08_15212978
WARNING: Reached a gap of 250825bp > 200000bp. Skipping calculation at position 15353669 id: Gm08_15353669
WARNING: Reached a gap of 315674bp > 200000bp. Skipping calculation at position 15803242 id: Gm08_15803242
WARNING: Reached a gap of 315674bp > 200000bp. Skipping calculation at position 15940044 id: Gm08_15940044
WARNING: Reached a gap of 315674bp > 200000bp. Skipping calculation at position 15970937 id: Gm08_15970937
WARNING: Reached a gap of 250825bp > 200000bp. Skipping calculation at position 15487568 id: Gm08_15487568
WARNING: Reached a gap of 315674bp > 200000bp. Skipping calculation at position 16083760 id: Gm08_16083760
WARNING: Reached a gap of 315674bp > 200000bp. Skipping calculation at position 16134146 id: Gm08_16134146
WARNING: Reached a gap of 315674bp > 200000bp. Skipping calculation at position 16134465 id: Gm08_16134465
WARNING: Reached a gap of 315674bp > 200000bp. Skipping calculation at position 16134174 id: Gm08_16134174
WARNING: Reached a gap of 315674bp > 200000bp. Skipping calculation at position 16134497 id: Gm08_16134497
WARNING: Reached a gap of 315674bp > 200000bp. Skipping calculation at position 16134153 id: Gm08_16134153
WARNING: Reached a gap of 315674bp > 200000bp. Skipping calculation at position 16237107 id: Gm08_16237107
WARNING: Reached a gap of 315674bp > 200000bp. Skipping calculation at position 16245564 id: Gm08_16245564
WARNING: Reached a gap of 315674bp > 200000bp. Skipping calculation at position 16245607 id: Gm08_16245607
WARNING: Reached a gap of 315674bp > 200000bp. Skipping calculation at position 16245616 id: Gm08_16245616
WARNING: Reached a gap of 315674bp > 200000bp. Skipping calculation at position 16257244 id: Gm08_16257244
WARNING: Reached a gap of 315674bp > 200000bp. Skipping calculation at position 16278233 id: Gm08_16278233
WARNING: Reached a gap of 315674bp > 200000bp. Skipping calculation at position 16278243 id: Gm08_16278243
WARNING: Reached a gap of 315674bp > 200000bp. Skipping calculation at position 16293467 id: Gm08_16293467
WARNING: Reached a gap of 315674bp > 200000bp. Skipping calculation at position 16293717 id: Gm08_16293717
WARNING: Reached a gap of 315674bp > 200000bp. Skipping calculation at position 16306913 id: Gm08_16306913
WARNING: Reached a gap of 315674bp > 200000bp. Skipping calculation at position 16362965 id: Gm08_16362965
WARNING: Reached a gap of 315674bp > 200000bp. Skipping calculation at position 16372151 id: Gm08_16372151
WARNING: Reached a gap of 315674bp > 200000bp. Skipping calculation at position 16389945 id: Gm08_16389945
WARNING: Reached a gap of 315674bp > 200000bp. Skipping calculation at position 16395886 id: Gm08_16395886
WARNING: Reached a gap of 315674bp > 200000bp. Skipping calculation at position 16415920 id: Gm08_16415920
WARNING: Reached a gap of 315674bp > 200000bp. Skipping calculation at position 16418485 id: Gm08_16418485
WARNING: Reached a gap of 315674bp > 200000bp. Skipping calculation at position 16420844 id: Gm08_16420844
WARNING: Reached a gap of 315674bp > 200000bp. Skipping calculation at position 16420876 id: Gm08_16420876
WARNING: Reached a gap of 315674bp > 200000bp. Skipping calculation at position 16498156 id: Gm08_16498156
WARNING: Reached a gap of 315674bp > 200000bp. Skipping calculation at position 16590168 id: Gm08_16590168
WARNING: Reached a gap of 315674bp > 200000bp. Skipping calculation at position 16590223 id: Gm08_16590223
WARNING: Reached a gap of 315674bp > 200000bp. Skipping calculation at position 16593862 id: Gm08_16593862
WARNING: Reached a gap of 315674bp > 200000bp. Skipping calculation at position 16605471 id: Gm08_16605471
WARNING: Reached a gap of 315674bp > 200000bp. Skipping calculation at position 16631749 id: Gm08_16631749
WARNING: Reached a gap of 315674bp > 200000bp. Skipping calculation at position 16644161 id: Gm08_16644161
WARNING: Reached a gap of 315674bp > 200000bp. Skipping calculation at position 16711632 id: Gm08_16711632
WARNING: Reached a gap of 315674bp > 200000bp. Skipping calculation at position 16711873 id: Gm08_16711873
WARNING: Reached a gap of 315674bp > 200000bp. Skipping calculation at position 16712059 id: Gm08_16712059
WARNING: Reached a gap of 315674bp > 200000bp. Skipping calculation at position 16713877 id: Gm08_16713877
WARNING: Reached a gap of 315674bp > 200000bp. Skipping calculation at position 16718793 id: Gm08_16718793
WARNING: Reached a gap of 315674bp > 200000bp. Skipping calculation at position 16719082 id: Gm08_16719082
WARNING: Reached a gap of 315674bp > 200000bp. Skipping calculation at position 16752166 id: Gm08_16752166
WARNING: Reached a gap of 315674bp > 200000bp. Skipping calculation at position 16752220 id: Gm08_16752220
WARNING: Reached a gap of 315674bp > 200000bp. Skipping calculation at position 16771025 id: Gm08_16771025
WARNING: Reached a gap of 315674bp > 200000bp. Skipping calculation at position 16789403 id: Gm08_16789403
WARNING: Reached a gap of 315674bp > 200000bp. Skipping calculation at position 16796542 id: Gm08_16796542
WARNING: Reached a gap of 527069bp > 200000bp. Skipping calculation at position 19317809 id: Gm08_19317809
WARNING: Reached a gap of 527069bp > 200000bp. Skipping calculation at position 19334004 id: Gm08_19334004
WARNING: Reached a gap of 527069bp > 200000bp. Skipping calculation at position 19328315 id: Gm08_19328315
WARNING: Reached a gap of 527069bp > 200000bp. Skipping calculation at position 19355760 id: Gm08_19355760
WARNING: Reached a gap of 527069bp > 200000bp. Skipping calculation at position 19400834 id: Gm08_19400834
WARNING: Reached a gap of 527069bp > 200000bp. Skipping calculation at position 19412193 id: Gm08_19412193
WARNING: Reached a gap of 527069bp > 200000bp. Skipping calculation at position 19415802 id: Gm08_19415802
WARNING: Reached a gap of 527069bp > 200000bp. Skipping calculation at position 19439653 id: Gm08_19439653
WARNING: Reached a gap of 527069bp > 200000bp. Skipping calculation at position 19451737 id: Gm08_19451737
WARNING: Reached a gap of 527069bp > 200000bp. Skipping calculation at position 19448283 id: Gm08_19448283
WARNING: Reached a gap of 527069bp > 200000bp. Skipping calculation at position 19453653 id: Gm08_19453653
WARNING: Reached a gap of 527069bp > 200000bp. Skipping calculation at position 19489361 id: Gm08_19489361
WARNING: Reached a gap of 527069bp > 200000bp. Skipping calculation at position 19502354 id: Gm08_19502354
WARNING: Reached a gap of 527069bp > 200000bp. Skipping calculation at position 19513941 id: Gm08_19513941
WARNING: Reached a gap of 527069bp > 200000bp. Skipping calculation at position 19526456 id: Gm08_19526456
WARNING: Reached a gap of 527069bp > 200000bp. Skipping calculation at position 19541318 id: Gm08_19541318
WARNING: Reached a gap of 527069bp > 200000bp. Skipping calculation at position 19546580 id: Gm08_19546580
WARNING: Reached a gap of 527069bp > 200000bp. Skipping calculation at position 19569288 id: Gm08_19569288
WARNING: Reached a gap of 527069bp > 200000bp. Skipping calculation at position 19558805 id: Gm08_19558805
WARNING: Reached a gap of 527069bp > 200000bp. Skipping calculation at position 19578209 id: Gm08_19578209
WARNING: Reached a gap of 527069bp > 200000bp. Skipping calculation at position 19578721 id: Gm08_19578721
WARNING: Reached a gap of 527069bp > 200000bp. Skipping calculation at position 19585530 id: Gm08_19585530
WARNING: Reached a gap of 527069bp > 200000bp. Skipping calculation at position 19598829 id: Gm08_19598829
WARNING: Reached a gap of 527069bp > 200000bp. Skipping calculation at position 19592406 id: Gm08_19592406
WARNING: Reached a gap of 527069bp > 200000bp. Skipping calculation at position 19677492 id: Gm08_19677492
WARNING: Reached a gap of 527069bp > 200000bp. Skipping calculation at position 19702268 id: Gm08_19702268
WARNING: Reached a gap of 527069bp > 200000bp. Skipping calculation at position 19702864 id: Gm08_19702864
WARNING: Reached a gap of 527069bp > 200000bp. Skipping calculation at position 19702898 id: Gm08_19702898
WARNING: Reached a gap of 527069bp > 200000bp. Skipping calculation at position 19703109 id: Gm08_19703109
WARNING: Reached a gap of 527069bp > 200000bp. Skipping calculation at position 19703135 id: Gm08_19703135
WARNING: Reached a gap of 527069bp > 200000bp. Skipping calculation at position 19703140 id: Gm08_19703140
WARNING: Reached a gap of 527069bp > 200000bp. Skipping calculation at position 19706474 id: Gm08_19706474
WARNING: Reached a gap of 527069bp > 200000bp. Skipping calculation at position 19706771 id: Gm08_19706771
WARNING: Reached a gap of 527069bp > 200000bp. Skipping calculation at position 19708593 id: Gm08_19708593
WARNING: Reached a gap of 527069bp > 200000bp. Skipping calculation at position 19708281 id: Gm08_19708281
WARNING: Reached a gap of 527069bp > 200000bp. Skipping calculation at position 19708538 id: Gm08_19708538
WARNING: Reached a gap of 527069bp > 200000bp. Skipping calculation at position 19708624 id: Gm08_19708624
WARNING: Reached a gap of 527069bp > 200000bp. Skipping calculation at position 19708922 id: Gm08_19708922
WARNING: Reached a gap of 527069bp > 200000bp. Skipping calculation at position 19709740 id: Gm08_19709740
WARNING: Reached a gap of 527069bp > 200000bp. Skipping calculation at position 19709753 id: Gm08_19709753
WARNING: Reached a gap of 527069bp > 200000bp. Skipping calculation at position 19709980 id: Gm08_19709980
WARNING: Reached a gap of 527069bp > 200000bp. Skipping calculation at position 19735131 id: Gm08_19735131
WARNING: Reached a gap of 527069bp > 200000bp. Skipping calculation at position 19735479 id: Gm08_19735479
WARNING: Reached a gap of 527069bp > 200000bp. Skipping calculation at position 19762590 id: Gm08_19762590
WARNING: Reached a gap of 527069bp > 200000bp. Skipping calculation at position 19785152 id: Gm08_19785152
WARNING: Reached a gap of 527069bp > 200000bp. Skipping calculation at position 19785383 id: Gm08_19785383
WARNING: Reached a gap of 527069bp > 200000bp. Skipping calculation at position 19875619 id: Gm08_19875619
WARNING: Reached a gap of 527069bp > 200000bp. Skipping calculation at position 19875872 id: Gm08_19875872
WARNING: Reached a gap of 527069bp > 200000bp. Skipping calculation at position 19878829 id: Gm08_19878829
WARNING: Reached a gap of 527069bp > 200000bp. Skipping calculation at position 19878840 id: Gm08_19878840
WARNING: Reached a gap of 527069bp > 200000bp. Skipping calculation at position 19878881 id: Gm08_19878881
WARNING: Reached a gap of 527069bp > 200000bp. Skipping calculation at position 19888736 id: Gm08_19888736
WARNING: Reached a gap of 527069bp > 200000bp. Skipping calculation at position 19890569 id: Gm08_19890569
WARNING: Reached a gap of 527069bp > 200000bp. Skipping calculation at position 19939412 id: Gm08_19939412
WARNING: Reached a gap of 527069bp > 200000bp. Skipping calculation at position 19939378 id: Gm08_19939378
WARNING: Reached a gap of 527069bp > 200000bp. Skipping calculation at position 19939804 id: Gm08_19939804
WARNING: Reached a gap of 527069bp > 200000bp. Skipping calculation at position 19967646 id: Gm08_19967646
WARNING: Reached a gap of 527069bp > 200000bp. Skipping calculation at position 19974369 id: Gm08_19974369
WARNING: Reached a gap of 527069bp > 200000bp. Skipping calculation at position 20020674 id: Gm08_20020674
WARNING: Reached a gap of 527069bp > 200000bp. Skipping calculation at position 20039887 id: Gm08_20039887
WARNING: Reached a gap of 527069bp > 200000bp. Skipping calculation at position 20036158 id: Gm08_20036158
WARNING: Reached a gap of 527069bp > 200000bp. Skipping calculation at position 20040132 id: Gm08_20040132
WARNING: Reached a gap of 527069bp > 200000bp. Skipping calculation at position 20086893 id: Gm08_20086893
WARNING: Reached a gap of 527069bp > 200000bp. Skipping calculation at position 20175867 id: Gm08_20175867
WARNING: Reached a gap of 527069bp > 200000bp. Skipping calculation at position 20175898 id: Gm08_20175898
WARNING: Reached a gap of 527069bp > 200000bp. Skipping calculation at position 20842818 id: Gm08_20842818
WARNING: Reached a gap of 527069bp > 200000bp. Skipping calculation at position 20302789 id: Gm08_20302789
WARNING: Reached a gap of 527069bp > 200000bp. Skipping calculation at position 20315749 id: Gm08_20315749
WARNING: Reached a gap of 527069bp > 200000bp. Skipping calculation at position 20844249 id: Gm08_20844249
WARNING: Reached a gap of 527069bp > 200000bp. Skipping calculation at position 20231218 id: Gm08_20231218
WARNING: Reached a gap of 527069bp > 200000bp. Skipping calculation at position 20847889 id: Gm08_20847889
WARNING: Reached a gap of 527069bp > 200000bp. Skipping calculation at position 20847782 id: Gm08_20847782
WARNING: Reached a gap of 527069bp > 200000bp. Skipping calculation at position 20853395 id: Gm08_20853395
WARNING: Reached a gap of 527069bp > 200000bp. Skipping calculation at position 20871875 id: Gm08_20871875
WARNING: Reached a gap of 527069bp > 200000bp. Skipping calculation at position 20943990 id: Gm08_20943990
WARNING: Reached a gap of 527069bp > 200000bp. Skipping calculation at position 20955744 id: Gm08_20955744
WARNING: Reached a gap of 527069bp > 200000bp. Skipping calculation at position 20967245 id: Gm08_20967245
WARNING: Reached a gap of 527069bp > 200000bp. Skipping calculation at position 20842846 id: Gm08_20842846
WARNING: Reached a gap of 527069bp > 200000bp. Skipping calculation at position 20977840 id: Gm08_20977840
WARNING: Reached a gap of 527069bp > 200000bp. Skipping calculation at position 21054598 id: Gm08_21054598
WARNING: Reached a gap of 527069bp > 200000bp. Skipping calculation at position 21063918 id: Gm08_21063918
WARNING: Reached a gap of 527069bp > 200000bp. Skipping calculation at position 21126617 id: Gm08_21126617
WARNING: Reached a gap of 527069bp > 200000bp. Skipping calculation at position 21067293 id: Gm08_21067293
WARNING: Reached a gap of 527069bp > 200000bp. Skipping calculation at position 21155723 id: Gm08_21155723
WARNING: Reached a gap of 527069bp > 200000bp. Skipping calculation at position 21172458 id: Gm08_21172458
WARNING: Reached a gap of 527069bp > 200000bp. Skipping calculation at position 21172905 id: Gm08_21172905
WARNING: Reached a gap of 527069bp > 200000bp. Skipping calculation at position 21172870 id: Gm08_21172870
WARNING: Reached a gap of 527069bp > 200000bp. Skipping calculation at position 21173828 id: Gm08_21173828
WARNING: Reached a gap of 527069bp > 200000bp. Skipping calculation at position 21174139 id: Gm08_21174139
WARNING: Reached a gap of 527069bp > 200000bp. Skipping calculation at position 21204173 id: Gm08_21204173
WARNING: Reached a gap of 527069bp > 200000bp. Skipping calculation at position 21201089 id: Gm08_21201089
WARNING: Reached a gap of 527069bp > 200000bp. Skipping calculation at position 21311169 id: Gm08_21311169
WARNING: Reached a gap of 206226bp > 200000bp. Skipping calculation at position 21795063 id: Gm08_21795063
WARNING: Reached a gap of 206226bp > 200000bp. Skipping calculation at position 21808919 id: Gm08_21808919
WARNING: Reached a gap of 206226bp > 200000bp. Skipping calculation at position 21795402 id: Gm08_21795402
WARNING: Reached a gap of 206226bp > 200000bp. Skipping calculation at position 21818064 id: Gm08_21818064
WARNING: Reached a gap of 527069bp > 200000bp. Skipping calculation at position 21389308 id: Gm08_21389308
WARNING: Reached a gap of 527069bp > 200000bp. Skipping calculation at position 21588837 id: Gm08_21588837
WARNING: Reached a gap of 206226bp > 200000bp. Skipping calculation at position 21818265 id: Gm08_21818265
WARNING: Reached a gap of 206226bp > 200000bp. Skipping calculation at position 21825873 id: Gm08_21825873
WARNING: Reached a gap of 206226bp > 200000bp. Skipping calculation at position 21871199 id: Gm08_21871199
WARNING: Reached a gap of 206226bp > 200000bp. Skipping calculation at position 21871255 id: Gm08_21871255
WARNING: Reached a gap of 206226bp > 200000bp. Skipping calculation at position 21871245 id: Gm08_21871245
WARNING: Reached a gap of 206226bp > 200000bp. Skipping calculation at position 21903556 id: Gm08_21903556
WARNING: Reached a gap of 206226bp > 200000bp. Skipping calculation at position 21892679 id: Gm08_21892679
WARNING: Reached a gap of 206226bp > 200000bp. Skipping calculation at position 21903873 id: Gm08_21903873
WARNING: Reached a gap of 206226bp > 200000bp. Skipping calculation at position 21903603 id: Gm08_21903603
WARNING: Reached a gap of 206226bp > 200000bp. Skipping calculation at position 21933283 id: Gm08_21933283
WARNING: Reached a gap of 206226bp > 200000bp. Skipping calculation at position 21938279 id: Gm08_21938279
WARNING: Reached a gap of 206226bp > 200000bp. Skipping calculation at position 21944706 id: Gm08_21944706
WARNING: Reached a gap of 206226bp > 200000bp. Skipping calculation at position 21944744 id: Gm08_21944744
WARNING: Reached a gap of 206226bp > 200000bp. Skipping calculation at position 21947635 id: Gm08_21947635
WARNING: Reached a gap of 206226bp > 200000bp. Skipping calculation at position 21958704 id: Gm08_21958704
WARNING: Reached a gap of 278388bp > 200000bp. Skipping calculation at position 22367130 id: Gm08_22367130
WARNING: Reached a gap of 206226bp > 200000bp. Skipping calculation at position 21958719 id: Gm08_21958719
WARNING: Reached a gap of 206226bp > 200000bp. Skipping calculation at position 22024560 id: Gm08_22024560
WARNING: Reached a gap of 278388bp > 200000bp. Skipping calculation at position 22367692 id: Gm08_22367692
WARNING: Reached a gap of 206226bp > 200000bp. Skipping calculation at position 22088742 id: Gm08_22088742
WARNING: Reached a gap of 278388bp > 200000bp. Skipping calculation at position 22367916 id: Gm08_22367916
WARNING: Reached a gap of 278388bp > 200000bp. Skipping calculation at position 22368748 id: Gm08_22368748
WARNING: Reached a gap of 278388bp > 200000bp. Skipping calculation at position 22368768 id: Gm08_22368768
WARNING: Reached a gap of 278388bp > 200000bp. Skipping calculation at position 22376096 id: Gm08_22376096
WARNING: Reached a gap of 278388bp > 200000bp. Skipping calculation at position 22381540 id: Gm08_22381540
WARNING: Reached a gap of 278388bp > 200000bp. Skipping calculation at position 22390587 id: Gm08_22390587
WARNING: Reached a gap of 278388bp > 200000bp. Skipping calculation at position 22394812 id: Gm08_22394812
WARNING: Reached a gap of 278388bp > 200000bp. Skipping calculation at position 22381788 id: Gm08_22381788
WARNING: Reached a gap of 278388bp > 200000bp. Skipping calculation at position 22394779 id: Gm08_22394779
WARNING: Reached a gap of 278388bp > 200000bp. Skipping calculation at position 22395036 id: Gm08_22395036
WARNING: Reached a gap of 278388bp > 200000bp. Skipping calculation at position 22454162 id: Gm08_22454162
WARNING: Reached a gap of 278388bp > 200000bp. Skipping calculation at position 22456790 id: Gm08_22456790
WARNING: Reached a gap of 278388bp > 200000bp. Skipping calculation at position 22456785 id: Gm08_22456785
WARNING: Reached a gap of 278388bp > 200000bp. Skipping calculation at position 22545673 id: Gm08_22545673
WARNING: Reached a gap of 278388bp > 200000bp. Skipping calculation at position 22561382 id: Gm08_22561382
WARNING: Reached a gap of 278388bp > 200000bp. Skipping calculation at position 22561422 id: Gm08_22561422
WARNING: Reached a gap of 278388bp > 200000bp. Skipping calculation at position 22561606 id: Gm08_22561606
WARNING: Reached a gap of 278388bp > 200000bp. Skipping calculation at position 22562536 id: Gm08_22562536
WARNING: Reached a gap of 278388bp > 200000bp. Skipping calculation at position 22562948 id: Gm08_22562948
WARNING: Reached a gap of 278388bp > 200000bp. Skipping calculation at position 22564029 id: Gm08_22564029
WARNING: Reached a gap of 278388bp > 200000bp. Skipping calculation at position 22562977 id: Gm08_22562977
WARNING: Reached a gap of 278388bp > 200000bp. Skipping calculation at position 22564746 id: Gm08_22564746
WARNING: Reached a gap of 278388bp > 200000bp. Skipping calculation at position 22627142 id: Gm08_22627142
WARNING: Reached a gap of 278388bp > 200000bp. Skipping calculation at position 22627004 id: Gm08_22627004
WARNING: Reached a gap of 278388bp > 200000bp. Skipping calculation at position 22627176 id: Gm08_22627176
WARNING: Reached a gap of 278388bp > 200000bp. Skipping calculation at position 22744227 id: Gm08_22744227
WARNING: Reached a gap of 221967bp > 200000bp. Skipping calculation at position 22970877 id: Gm08_22970877
WARNING: Reached a gap of 278388bp > 200000bp. Skipping calculation at position 22627183 id: Gm08_22627183
WARNING: Reached a gap of 221967bp > 200000bp. Skipping calculation at position 22971080 id: Gm08_22971080
WARNING: Reached a gap of 221967bp > 200000bp. Skipping calculation at position 22982302 id: Gm08_22982302
WARNING: Reached a gap of 221967bp > 200000bp. Skipping calculation at position 22982772 id: Gm08_22982772
WARNING: Reached a gap of 221967bp > 200000bp. Skipping calculation at position 22982805 id: Gm08_22982805
WARNING: Reached a gap of 221967bp > 200000bp. Skipping calculation at position 23007153 id: Gm08_23007153
WARNING: Reached a gap of 221967bp > 200000bp. Skipping calculation at position 23007476 id: Gm08_23007476
WARNING: Reached a gap of 221967bp > 200000bp. Skipping calculation at position 23015008 id: Gm08_23015008
WARNING: Reached a gap of 221967bp > 200000bp. Skipping calculation at position 22966194 id: Gm08_22966194
WARNING: Reached a gap of 221967bp > 200000bp. Skipping calculation at position 23015287 id: Gm08_23015287
WARNING: Reached a gap of 221967bp > 200000bp. Skipping calculation at position 23018510 id: Gm08_23018510
WARNING: Reached a gap of 221967bp > 200000bp. Skipping calculation at position 23089874 id: Gm08_23089874
WARNING: Reached a gap of 221967bp > 200000bp. Skipping calculation at position 23019134 id: Gm08_23019134
WARNING: Reached a gap of 221967bp > 200000bp. Skipping calculation at position 23090548 id: Gm08_23090548
WARNING: Reached a gap of 221967bp > 200000bp. Skipping calculation at position 23105424 id: Gm08_23105424
WARNING: Reached a gap of 221967bp > 200000bp. Skipping calculation at position 23105409 id: Gm08_23105409
WARNING: Reached a gap of 221967bp > 200000bp. Skipping calculation at position 23101973 id: Gm08_23101973
WARNING: Reached a gap of 221967bp > 200000bp. Skipping calculation at position 23105734 id: Gm08_23105734
WARNING: Reached a gap of 221967bp > 200000bp. Skipping calculation at position 23105745 id: Gm08_23105745
WARNING: Reached a gap of 221967bp > 200000bp. Skipping calculation at position 23102016 id: Gm08_23102016
WARNING: Reached a gap of 221967bp > 200000bp. Skipping calculation at position 23274927 id: Gm08_23274927
WARNING: Reached a gap of 221967bp > 200000bp. Skipping calculation at position 23109424 id: Gm08_23109424
WARNING: Reached a gap of 221967bp > 200000bp. Skipping calculation at position 23143299 id: Gm08_23143299
WARNING: Reached a gap of 221967bp > 200000bp. Skipping calculation at position 23298578 id: Gm08_23298578
WARNING: Reached a gap of 221967bp > 200000bp. Skipping calculation at position 23303969 id: Gm08_23303969
WARNING: Reached a gap of 221967bp > 200000bp. Skipping calculation at position 23306061 id: Gm08_23306061
WARNING: Reached a gap of 221967bp > 200000bp. Skipping calculation at position 23355703 id: Gm08_23355703
WARNING: Reached a gap of 221967bp > 200000bp. Skipping calculation at position 23306102 id: Gm08_23306102
WARNING: Reached a gap of 221967bp > 200000bp. Skipping calculation at position 23355710 id: Gm08_23355710
WARNING: Reached a gap of 221967bp > 200000bp. Skipping calculation at position 23355747 id: Gm08_23355747
WARNING: Reached a gap of 221967bp > 200000bp. Skipping calculation at position 23356041 id: Gm08_23356041
WARNING: Reached a gap of 221967bp > 200000bp. Skipping calculation at position 23356071 id: Gm08_23356071
WARNING: Reached a gap of 221967bp > 200000bp. Skipping calculation at position 23389062 id: Gm08_23389062
WARNING: Reached a gap of 221967bp > 200000bp. Skipping calculation at position 23383404 id: Gm08_23383404
WARNING: Reached a gap of 221967bp > 200000bp. Skipping calculation at position 23389358 id: Gm08_23389358
WARNING: Reached a gap of 221967bp > 200000bp. Skipping calculation at position 23426804 id: Gm08_23426804
WARNING: Reached a gap of 221967bp > 200000bp. Skipping calculation at position 23450190 id: Gm08_23450190
WARNING: Reached a gap of 221967bp > 200000bp. Skipping calculation at position 23450547 id: Gm08_23450547
WARNING: Reached a gap of 221967bp > 200000bp. Skipping calculation at position 23450205 id: Gm08_23450205
WARNING: Reached a gap of 221967bp > 200000bp. Skipping calculation at position 23452068 id: Gm08_23452068
WARNING: Reached a gap of 221967bp > 200000bp. Skipping calculation at position 23455563 id: Gm08_23455563
WARNING: Reached a gap of 221967bp > 200000bp. Skipping calculation at position 23456862 id: Gm08_23456862
WARNING: Reached a gap of 221967bp > 200000bp. Skipping calculation at position 23457009 id: Gm08_23457009
WARNING: Reached a gap of 221967bp > 200000bp. Skipping calculation at position 23489965 id: Gm08_23489965
WARNING: Reached a gap of 221967bp > 200000bp. Skipping calculation at position 23557442 id: Gm08_23557442
WARNING: Reached a gap of 221967bp > 200000bp. Skipping calculation at position 23530339 id: Gm08_23530339
WARNING: Reached a gap of 221967bp > 200000bp. Skipping calculation at position 23558193 id: Gm08_23558193
WARNING: Reached a gap of 221967bp > 200000bp. Skipping calculation at position 23559375 id: Gm08_23559375
WARNING: Reached a gap of 221967bp > 200000bp. Skipping calculation at position 23559408 id: Gm08_23559408
WARNING: Reached a gap of 221967bp > 200000bp. Skipping calculation at position 23586237 id: Gm08_23586237
WARNING: Reached a gap of 221967bp > 200000bp. Skipping calculation at position 23602052 id: Gm08_23602052
WARNING: Reached a gap of 221967bp > 200000bp. Skipping calculation at position 23609723 id: Gm08_23609723
WARNING: Reached a gap of 221967bp > 200000bp. Skipping calculation at position 23607999 id: Gm08_23607999
WARNING: Reached a gap of 221967bp > 200000bp. Skipping calculation at position 23609908 id: Gm08_23609908
WARNING: Reached a gap of 221967bp > 200000bp. Skipping calculation at position 23609795 id: Gm08_23609795
WARNING: Reached a gap of 221967bp > 200000bp. Skipping calculation at position 23610634 id: Gm08_23610634
WARNING: Reached a gap of 221967bp > 200000bp. Skipping calculation at position 23614093 id: Gm08_23614093
WARNING: Reached a gap of 221967bp > 200000bp. Skipping calculation at position 23643212 id: Gm08_23643212
WARNING: Reached a gap of 221967bp > 200000bp. Skipping calculation at position 23623646 id: Gm08_23623646
WARNING: Reached a gap of 221967bp > 200000bp. Skipping calculation at position 23643246 id: Gm08_23643246
WARNING: Reached a gap of 221967bp > 200000bp. Skipping calculation at position 23672336 id: Gm08_23672336
WARNING: Reached a gap of 221967bp > 200000bp. Skipping calculation at position 23724345 id: Gm08_23724345
WARNING: Reached a gap of 221967bp > 200000bp. Skipping calculation at position 23733764 id: Gm08_23733764
WARNING: Reached a gap of 221967bp > 200000bp. Skipping calculation at position 23724414 id: Gm08_23724414
WARNING: Reached a gap of 221967bp > 200000bp. Skipping calculation at position 23756456 id: Gm08_23756456
WARNING: Reached a gap of 221967bp > 200000bp. Skipping calculation at position 23772630 id: Gm08_23772630
WARNING: Reached a gap of 221967bp > 200000bp. Skipping calculation at position 23823615 id: Gm08_23823615
WARNING: Reached a gap of 221967bp > 200000bp. Skipping calculation at position 23807504 id: Gm08_23807504
WARNING: Reached a gap of 221967bp > 200000bp. Skipping calculation at position 23833772 id: Gm08_23833772
WARNING: Reached a gap of 221967bp > 200000bp. Skipping calculation at position 23847601 id: Gm08_23847601
WARNING: Reached a gap of 221967bp > 200000bp. Skipping calculation at position 23850983 id: Gm08_23850983
WARNING: Reached a gap of 221967bp > 200000bp. Skipping calculation at position 23853591 id: Gm08_23853591
WARNING: Reached a gap of 221967bp > 200000bp. Skipping calculation at position 23857102 id: Gm08_23857102
WARNING: Reached a gap of 221967bp > 200000bp. Skipping calculation at position 23857194 id: Gm08_23857194
WARNING: Reached a gap of 221967bp > 200000bp. Skipping calculation at position 23876981 id: Gm08_23876981
WARNING: Reached a gap of 221967bp > 200000bp. Skipping calculation at position 23914564 id: Gm08_23914564
WARNING: Reached a gap of 221967bp > 200000bp. Skipping calculation at position 23934681 id: Gm08_23934681
WARNING: Reached a gap of 221967bp > 200000bp. Skipping calculation at position 23862295 id: Gm08_23862295
WARNING: Reached a gap of 921397bp > 200000bp. Skipping calculation at position 35425143 id: Gm08_35425143
WARNING: Reached a gap of 921397bp > 200000bp. Skipping calculation at position 35475982 id: Gm08_35475982
WARNING: Reached a gap of 921397bp > 200000bp. Skipping calculation at position 35509697 id: Gm08_35509697
WARNING: Reached a gap of 921397bp > 200000bp. Skipping calculation at position 35664723 id: Gm08_35664723
WARNING: Reached a gap of 921397bp > 200000bp. Skipping calculation at position 35824962 id: Gm08_35824962
WARNING: Reached a gap of 921397bp > 200000bp. Skipping calculation at position 35482342 id: Gm08_35482342
WARNING: Reached a gap of 921397bp > 200000bp. Skipping calculation at position 35826589 id: Gm08_35826589
WARNING: Reached a gap of 921397bp > 200000bp. Skipping calculation at position 35826650 id: Gm08_35826650
WARNING: Reached a gap of 921397bp > 200000bp. Skipping calculation at position 35840306 id: Gm08_35840306
WARNING: Reached a gap of 921397bp > 200000bp. Skipping calculation at position 35840527 id: Gm08_35840527
WARNING: Reached a gap of 921397bp > 200000bp. Skipping calculation at position 35840542 id: Gm08_35840542
WARNING: Reached a gap of 921397bp > 200000bp. Skipping calculation at position 35840575 id: Gm08_35840575
WARNING: Reached a gap of 921397bp > 200000bp. Skipping calculation at position 35840406 id: Gm08_35840406
WARNING: Reached a gap of 921397bp > 200000bp. Skipping calculation at position 35892183 id: Gm08_35892183
WARNING: Reached a gap of 921397bp > 200000bp. Skipping calculation at position 35895487 id: Gm08_35895487
WARNING: Reached a gap of 921397bp > 200000bp. Skipping calculation at position 35895499 id: Gm08_35895499
WARNING: Reached a gap of 921397bp > 200000bp. Skipping calculation at position 35895527 id: Gm08_35895527
WARNING: Reached a gap of 921397bp > 200000bp. Skipping calculation at position 35905176 id: Gm08_35905176
WARNING: Reached a gap of 921397bp > 200000bp. Skipping calculation at position 35908914 id: Gm08_35908914
WARNING: Reached a gap of 921397bp > 200000bp. Skipping calculation at position 35904897 id: Gm08_35904897
WARNING: Reached a gap of 921397bp > 200000bp. Skipping calculation at position 35909124 id: Gm08_35909124
WARNING: Reached a gap of 921397bp > 200000bp. Skipping calculation at position 35913572 id: Gm08_35913572
WARNING: Reached a gap of 921397bp > 200000bp. Skipping calculation at position 35920757 id: Gm08_35920757
WARNING: Reached a gap of 921397bp > 200000bp. Skipping calculation at position 35920780 id: Gm08_35920780
WARNING: Reached a gap of 921397bp > 200000bp. Skipping calculation at position 35941379 id: Gm08_35941379
WARNING: Reached a gap of 921397bp > 200000bp. Skipping calculation at position 35940806 id: Gm08_35940806
WARNING: Reached a gap of 921397bp > 200000bp. Skipping calculation at position 35960068 id: Gm08_35960068
WARNING: Reached a gap of 921397bp > 200000bp. Skipping calculation at position 35959925 id: Gm08_35959925
WARNING: Reached a gap of 921397bp > 200000bp. Skipping calculation at position 36055877 id: Gm08_36055877
WARNING: Reached a gap of 921397bp > 200000bp. Skipping calculation at position 36066447 id: Gm08_36066447
WARNING: Reached a gap of 921397bp > 200000bp. Skipping calculation at position 36082869 id: Gm08_36082869
WARNING: Reached a gap of 921397bp > 200000bp. Skipping calculation at position 36083747 id: Gm08_36083747
WARNING: Reached a gap of 921397bp > 200000bp. Skipping calculation at position 36095895 id: Gm08_36095895
WARNING: Reached a gap of 921397bp > 200000bp. Skipping calculation at position 36096150 id: Gm08_36096150
WARNING: Reached a gap of 921397bp > 200000bp. Skipping calculation at position 36095923 id: Gm08_36095923
WARNING: Reached a gap of 921397bp > 200000bp. Skipping calculation at position 36096175 id: Gm08_36096175
WARNING: Reached a gap of 921397bp > 200000bp. Skipping calculation at position 36105734 id: Gm08_36105734
WARNING: Reached a gap of 921397bp > 200000bp. Skipping calculation at position 36106092 id: Gm08_36106092
WARNING: Reached a gap of 921397bp > 200000bp. Skipping calculation at position 36108630 id: Gm08_36108630
WARNING: Reached a gap of 921397bp > 200000bp. Skipping calculation at position 36106126 id: Gm08_36106126
WARNING: Reached a gap of 921397bp > 200000bp. Skipping calculation at position 36109659 id: Gm08_36109659
WARNING: Reached a gap of 921397bp > 200000bp. Skipping calculation at position 36109873 id: Gm08_36109873
WARNING: Reached a gap of 921397bp > 200000bp. Skipping calculation at position 36110199 id: Gm08_36110199
WARNING: Reached a gap of 921397bp > 200000bp. Skipping calculation at position 36110379 id: Gm08_36110379
WARNING: Reached a gap of 921397bp > 200000bp. Skipping calculation at position 36109903 id: Gm08_36109903
WARNING: Reached a gap of 921397bp > 200000bp. Skipping calculation at position 36111001 id: Gm08_36111001
WARNING: Reached a gap of 921397bp > 200000bp. Skipping calculation at position 36113596 id: Gm08_36113596
WARNING: Reached a gap of 921397bp > 200000bp. Skipping calculation at position 36113630 id: Gm08_36113630
WARNING: Reached a gap of 921397bp > 200000bp. Skipping calculation at position 36117502 id: Gm08_36117502
WARNING: Reached a gap of 921397bp > 200000bp. Skipping calculation at position 36149116 id: Gm08_36149116
WARNING: Reached a gap of 921397bp > 200000bp. Skipping calculation at position 36122410 id: Gm08_36122410
WARNING: Reached a gap of 921397bp > 200000bp. Skipping calculation at position 36117668 id: Gm08_36117668
WARNING: Reached a gap of 921397bp > 200000bp. Skipping calculation at position 36122394 id: Gm08_36122394
WARNING: Reached a gap of 921397bp > 200000bp. Skipping calculation at position 36149140 id: Gm08_36149140
WARNING: Reached a gap of 921397bp > 200000bp. Skipping calculation at position 36149187 id: Gm08_36149187
WARNING: Reached a gap of 921397bp > 200000bp. Skipping calculation at position 36151622 id: Gm08_36151622
WARNING: Reached a gap of 921397bp > 200000bp. Skipping calculation at position 36159693 id: Gm08_36159693
WARNING: Reached a gap of 921397bp > 200000bp. Skipping calculation at position 36159940 id: Gm08_36159940
WARNING: Reached a gap of 921397bp > 200000bp. Skipping calculation at position 36151657 id: Gm08_36151657
WARNING: Reached a gap of 921397bp > 200000bp. Skipping calculation at position 36202874 id: Gm08_36202874
WARNING: Reached a gap of 921397bp > 200000bp. Skipping calculation at position 36209873 id: Gm08_36209873
WARNING: Reached a gap of 921397bp > 200000bp. Skipping calculation at position 36209887 id: Gm08_36209887
WARNING: Reached a gap of 921397bp > 200000bp. Skipping calculation at position 36226104 id: Gm08_36226104
WARNING: Reached a gap of 921397bp > 200000bp. Skipping calculation at position 36226319 id: Gm08_36226319
WARNING: Reached a gap of 921397bp > 200000bp. Skipping calculation at position 36254042 id: Gm08_36254042
WARNING: Reached a gap of 921397bp > 200000bp. Skipping calculation at position 36226115 id: Gm08_36226115
WARNING: Reached a gap of 921397bp > 200000bp. Skipping calculation at position 36271566 id: Gm08_36271566
WARNING: Reached a gap of 921397bp > 200000bp. Skipping calculation at position 36272269 id: Gm08_36272269
WARNING: Reached a gap of 921397bp > 200000bp. Skipping calculation at position 36272286 id: Gm08_36272286
WARNING: Reached a gap of 921397bp > 200000bp. Skipping calculation at position 36273038 id: Gm08_36273038
WARNING: Reached a gap of 921397bp > 200000bp. Skipping calculation at position 36286934 id: Gm08_36286934
WARNING: Reached a gap of 921397bp > 200000bp. Skipping calculation at position 36286911 id: Gm08_36286911
WARNING: Reached a gap of 921397bp > 200000bp. Skipping calculation at position 36288295 id: Gm08_36288295
WARNING: Reached a gap of 921397bp > 200000bp. Skipping calculation at position 36288242 id: Gm08_36288242
WARNING: Reached a gap of 921397bp > 200000bp. Skipping calculation at position 36291542 id: Gm08_36291542
WARNING: Reached a gap of 921397bp > 200000bp. Skipping calculation at position 36291567 id: Gm08_36291567
WARNING: Reached a gap of 921397bp > 200000bp. Skipping calculation at position 36294998 id: Gm08_36294998
WARNING: Reached a gap of 921397bp > 200000bp. Skipping calculation at position 36304832 id: Gm08_36304832
WARNING: Reached a gap of 921397bp > 200000bp. Skipping calculation at position 36304115 id: Gm08_36304115
WARNING: Reached a gap of 921397bp > 200000bp. Skipping calculation at position 36294988 id: Gm08_36294988
WARNING: Reached a gap of 921397bp > 200000bp. Skipping calculation at position 36305085 id: Gm08_36305085
WARNING: Reached a gap of 921397bp > 200000bp. Skipping calculation at position 36310153 id: Gm08_36310153
WARNING: Reached a gap of 921397bp > 200000bp. Skipping calculation at position 36305094 id: Gm08_36305094
WARNING: Reached a gap of 921397bp > 200000bp. Skipping calculation at position 36315718 id: Gm08_36315718
WARNING: Reached a gap of 921397bp > 200000bp. Skipping calculation at position 36354729 id: Gm08_36354729
WARNING: Reached a gap of 921397bp > 200000bp. Skipping calculation at position 36326037 id: Gm08_36326037
WARNING: Reached a gap of 921397bp > 200000bp. Skipping calculation at position 36331441 id: Gm08_36331441
WARNING: Reached a gap of 921397bp > 200000bp. Skipping calculation at position 36360438 id: Gm08_36360438
WARNING: Reached a gap of 921397bp > 200000bp. Skipping calculation at position 36371052 id: Gm08_36371052
WARNING: Reached a gap of 921397bp > 200000bp. Skipping calculation at position 36373269 id: Gm08_36373269
WARNING: Reached a gap of 921397bp > 200000bp. Skipping calculation at position 36373306 id: Gm08_36373306
WARNING: Reached a gap of 921397bp > 200000bp. Skipping calculation at position 36373291 id: Gm08_36373291
WARNING: Reached a gap of 921397bp > 200000bp. Skipping calculation at position 36373644 id: Gm08_36373644
WARNING: Reached a gap of 921397bp > 200000bp. Skipping calculation at position 36377465 id: Gm08_36377465
WARNING: Reached a gap of 921397bp > 200000bp. Skipping calculation at position 37324789 id: Gm08_37324789
WARNING: Reached a gap of 326131bp > 200000bp. Skipping calculation at position 37650920 id: Gm08_37650920
WARNING: Reached a gap of 1190171bp > 200000bp. Skipping calculation at position 38875467 id: Gm08_38875467
WARNING: Reached a gap of 326131bp > 200000bp. Skipping calculation at position 37685296 id: Gm08_37685296
WARNING: Reached a gap of 445111bp > 200000bp. Skipping calculation at position 39320578 id: Gm08_39320578
WARNING: Reached a gap of 445111bp > 200000bp. Skipping calculation at position 39646028 id: Gm08_39646028
WARNING: Reached a gap of 445111bp > 200000bp. Skipping calculation at position 39468043 id: Gm08_39468043
WARNING: Reached a gap of 445111bp > 200000bp. Skipping calculation at position 39646297 id: Gm08_39646297
WARNING: Reached a gap of 445111bp > 200000bp. Skipping calculation at position 39656074 id: Gm08_39656074
WARNING: Reached a gap of 445111bp > 200000bp. Skipping calculation at position 39655769 id: Gm08_39655769
WARNING: Reached a gap of 921397bp > 200000bp. Skipping calculation at position 36394312 id: Gm08_36394312
WARNING: Reached a gap of 445111bp > 200000bp. Skipping calculation at position 39656084 id: Gm08_39656084
WARNING: Reached a gap of 445111bp > 200000bp. Skipping calculation at position 39657524 id: Gm08_39657524
WARNING: Reached a gap of 445111bp > 200000bp. Skipping calculation at position 39659127 id: Gm08_39659127
WARNING: Reached a gap of 921397bp > 200000bp. Skipping calculation at position 36403392 id: Gm08_36403392
WARNING: Reached a gap of 445111bp > 200000bp. Skipping calculation at position 39659862 id: Gm08_39659862
WARNING: Reached a gap of 445111bp > 200000bp. Skipping calculation at position 39659843 id: Gm08_39659843
WARNING: Reached a gap of 445111bp > 200000bp. Skipping calculation at position 39719708 id: Gm08_39719708
WARNING: Reached a gap of 445111bp > 200000bp. Skipping calculation at position 39729486 id: Gm08_39729486
WARNING: Reached a gap of 445111bp > 200000bp. Skipping calculation at position 39729545 id: Gm08_39729545
WARNING: Reached a gap of 445111bp > 200000bp. Skipping calculation at position 39735179 id: Gm08_39735179
WARNING: Reached a gap of 445111bp > 200000bp. Skipping calculation at position 39784252 id: Gm08_39784252
WARNING: Reached a gap of 445111bp > 200000bp. Skipping calculation at position 39734879 id: Gm08_39734879
WARNING: Reached a gap of 445111bp > 200000bp. Skipping calculation at position 39798858 id: Gm08_39798858
WARNING: Reached a gap of 445111bp > 200000bp. Skipping calculation at position 39806143 id: Gm08_39806143
WARNING: Reached a gap of 445111bp > 200000bp. Skipping calculation at position 39801895 id: Gm08_39801895
WARNING: Reached a gap of 445111bp > 200000bp. Skipping calculation at position 39823752 id: Gm08_39823752
WARNING: Reached a gap of 445111bp > 200000bp. Skipping calculation at position 39928067 id: Gm08_39928067
WARNING: Reached a gap of 445111bp > 200000bp. Skipping calculation at position 39928051 id: Gm08_39928051
WARNING: Reached a gap of 445111bp > 200000bp. Skipping calculation at position 40005829 id: Gm08_40005829
WARNING: Reached a gap of 445111bp > 200000bp. Skipping calculation at position 39928073 id: Gm08_39928073
WARNING: Reached a gap of 445111bp > 200000bp. Skipping calculation at position 40018947 id: Gm08_40018947
WARNING: Reached a gap of 445111bp > 200000bp. Skipping calculation at position 40020575 id: Gm08_40020575
WARNING: Reached a gap of 445111bp > 200000bp. Skipping calculation at position 40073659 id: Gm08_40073659
WARNING: Reached a gap of 445111bp > 200000bp. Skipping calculation at position 40073693 id: Gm08_40073693
WARNING: Reached a gap of 445111bp > 200000bp. Skipping calculation at position 40094304 id: Gm08_40094304
WARNING: Reached a gap of 445111bp > 200000bp. Skipping calculation at position 40094315 id: Gm08_40094315
WARNING: Reached a gap of 445111bp > 200000bp. Skipping calculation at position 40094481 id: Gm08_40094481
WARNING: Reached a gap of 445111bp > 200000bp. Skipping calculation at position 40094494 id: Gm08_40094494
WARNING: Reached a gap of 445111bp > 200000bp. Skipping calculation at position 40094446 id: Gm08_40094446
WARNING: Reached a gap of 445111bp > 200000bp. Skipping calculation at position 40094510 id: Gm08_40094510
WARNING: Reached a gap of 445111bp > 200000bp. Skipping calculation at position 40095160 id: Gm08_40095160
WARNING: Reached a gap of 445111bp > 200000bp. Skipping calculation at position 40095152 id: Gm08_40095152
WARNING: Reached a gap of 445111bp > 200000bp. Skipping calculation at position 40095183 id: Gm08_40095183
WARNING: Reached a gap of 445111bp > 200000bp. Skipping calculation at position 40099836 id: Gm08_40099836
WARNING: Reached a gap of 445111bp > 200000bp. Skipping calculation at position 40100302 id: Gm08_40100302
WARNING: Reached a gap of 445111bp > 200000bp. Skipping calculation at position 40100320 id: Gm08_40100320
WARNING: Reached a gap of 445111bp > 200000bp. Skipping calculation at position 40210365 id: Gm08_40210365
WARNING: Reached a gap of 445111bp > 200000bp. Skipping calculation at position 40210410 id: Gm08_40210410
WARNING: Reached a gap of 445111bp > 200000bp. Skipping calculation at position 40210489 id: Gm08_40210489
WARNING: Reached a gap of 445111bp > 200000bp. Skipping calculation at position 40251509 id: Gm08_40251509
WARNING: Reached a gap of 445111bp > 200000bp. Skipping calculation at position 40221222 id: Gm08_40221222
WARNING: Reached a gap of 445111bp > 200000bp. Skipping calculation at position 40289024 id: Gm08_40289024
WARNING: Reached a gap of 445111bp > 200000bp. Skipping calculation at position 40289000 id: Gm08_40289000
WARNING: Reached a gap of 445111bp > 200000bp. Skipping calculation at position 40289030 id: Gm08_40289030
WARNING: Reached a gap of 445111bp > 200000bp. Skipping calculation at position 40289036 id: Gm08_40289036
WARNING: Reached a gap of 256297bp > 200000bp. Skipping calculation at position 43004274 id: Gm08_43004274
WARNING: Reached a gap of 256297bp > 200000bp. Skipping calculation at position 43052875 id: Gm08_43052875
WARNING: Reached a gap of 256297bp > 200000bp. Skipping calculation at position 43055917 id: Gm08_43055917
WARNING: Reached a gap of 256297bp > 200000bp. Skipping calculation at position 42987095 id: Gm08_42987095
WARNING: Reached a gap of 256297bp > 200000bp. Skipping calculation at position 43077528 id: Gm08_43077528
WARNING: Reached a gap of 256297bp > 200000bp. Skipping calculation at position 43077543 id: Gm08_43077543
WARNING: Reached a gap of 256297bp > 200000bp. Skipping calculation at position 43158766 id: Gm08_43158766
WARNING: Reached a gap of 256297bp > 200000bp. Skipping calculation at position 43211650 id: Gm08_43211650
WARNING: Reached a gap of 256297bp > 200000bp. Skipping calculation at position 43202691 id: Gm08_43202691
WARNING: Reached a gap of 256297bp > 200000bp. Skipping calculation at position 43211865 id: Gm08_43211865
WARNING: Reached a gap of 256297bp > 200000bp. Skipping calculation at position 43217501 id: Gm08_43217501
WARNING: Reached a gap of 256297bp > 200000bp. Skipping calculation at position 43220897 id: Gm08_43220897
WARNING: Reached a gap of 256297bp > 200000bp. Skipping calculation at position 43229536 id: Gm08_43229536
WARNING: Reached a gap of 256297bp > 200000bp. Skipping calculation at position 43229673 id: Gm08_43229673
WARNING: Reached a gap of 256297bp > 200000bp. Skipping calculation at position 43286952 id: Gm08_43286952
WARNING: Reached a gap of 256297bp > 200000bp. Skipping calculation at position 43229667 id: Gm08_43229667
WARNING: Reached a gap of 256297bp > 200000bp. Skipping calculation at position 43286968 id: Gm08_43286968
WARNING: Reached a gap of 256297bp > 200000bp. Skipping calculation at position 43385733 id: Gm08_43385733
WARNING: Reached a gap of 256297bp > 200000bp. Skipping calculation at position 43287028 id: Gm08_43287028
WARNING: Reached a gap of 256297bp > 200000bp. Skipping calculation at position 43509450 id: Gm08_43509450
WARNING: Reached a gap of 256297bp > 200000bp. Skipping calculation at position 43385743 id: Gm08_43385743
WARNING: Reached a gap of 256297bp > 200000bp. Skipping calculation at position 43525687 id: Gm08_43525687
WARNING: Reached a gap of 256297bp > 200000bp. Skipping calculation at position 43385751 id: Gm08_43385751
WARNING: Reached a gap of 256297bp > 200000bp. Skipping calculation at position 43525741 id: Gm08_43525741
WARNING: Reached a gap of 256297bp > 200000bp. Skipping calculation at position 43525983 id: Gm08_43525983
WARNING: Reached a gap of 256297bp > 200000bp. Skipping calculation at position 43578928 id: Gm08_43578928
WARNING: Reached a gap of 256297bp > 200000bp. Skipping calculation at position 43622700 id: Gm08_43622700
WARNING: Reached a gap of 256297bp > 200000bp. Skipping calculation at position 43646810 id: Gm08_43646810
WARNING: Reached a gap of 256297bp > 200000bp. Skipping calculation at position 43646826 id: Gm08_43646826
WARNING: Reached a gap of 256297bp > 200000bp. Skipping calculation at position 43651511 id: Gm08_43651511
WARNING: Reached a gap of 256297bp > 200000bp. Skipping calculation at position 43651524 id: Gm08_43651524
WARNING: Reached a gap of 256297bp > 200000bp. Skipping calculation at position 43654932 id: Gm08_43654932
WARNING: Reached a gap of 256297bp > 200000bp. Skipping calculation at position 43654548 id: Gm08_43654548
WARNING: Reached a gap of 256297bp > 200000bp. Skipping calculation at position 43654951 id: Gm08_43654951
WARNING: Reached a gap of 256297bp > 200000bp. Skipping calculation at position 43883437 id: Gm08_43883437
WARNING: Reached a gap of 256297bp > 200000bp. Skipping calculation at position 43702130 id: Gm08_43702130
WARNING: Reached a gap of 256297bp > 200000bp. Skipping calculation at position 43702421 id: Gm08_43702421
WARNING: Reached a gap of 256297bp > 200000bp. Skipping calculation at position 44240141 id: Gm08_44240141
WARNING: Reached a gap of 256297bp > 200000bp. Skipping calculation at position 44389874 id: Gm08_44389874
WARNING: Reached a gap of 256297bp > 200000bp. Skipping calculation at position 43884310 id: Gm08_43884310
WARNING: Reached a gap of 256297bp > 200000bp. Skipping calculation at position 44390137 id: Gm08_44390137
WARNING: Reached a gap of 256297bp > 200000bp. Skipping calculation at position 43919876 id: Gm08_43919876
WARNING: Reached a gap of 256297bp > 200000bp. Skipping calculation at position 44424223 id: Gm08_44424223
WARNING: Reached a gap of 256297bp > 200000bp. Skipping calculation at position 44407013 id: Gm08_44407013
WARNING: Reached a gap of 256297bp > 200000bp. Skipping calculation at position 43983844 id: Gm08_43983844
WARNING: Reached a gap of 256297bp > 200000bp. Skipping calculation at position 44424230 id: Gm08_44424230
WARNING: Reached a gap of 256297bp > 200000bp. Skipping calculation at position 44544645 id: Gm08_44544645
WARNING: Reached a gap of 256297bp > 200000bp. Skipping calculation at position 44544800 id: Gm08_44544800
WARNING: Reached a gap of 256297bp > 200000bp. Skipping calculation at position 44456259 id: Gm08_44456259
WARNING: Reached a gap of 256297bp > 200000bp. Skipping calculation at position 44546475 id: Gm08_44546475
WARNING: Reached a gap of 256297bp > 200000bp. Skipping calculation at position 44559854 id: Gm08_44559854
WARNING: Reached a gap of 256297bp > 200000bp. Skipping calculation at position 44560129 id: Gm08_44560129
WARNING: Reached a gap of 256297bp > 200000bp. Skipping calculation at position 44584160 id: Gm08_44584160
WARNING: Reached a gap of 256297bp > 200000bp. Skipping calculation at position 44584454 id: Gm08_44584454
WARNING: Reached a gap of 256297bp > 200000bp. Skipping calculation at position 44619264 id: Gm08_44619264
WARNING: Reached a gap of 256297bp > 200000bp. Skipping calculation at position 44622804 id: Gm08_44622804
WARNING: Reached a gap of 256297bp > 200000bp. Skipping calculation at position 44667229 id: Gm08_44667229
WARNING: Reached a gap of 256297bp > 200000bp. Skipping calculation at position 44667459 id: Gm08_44667459
WARNING: Reached a gap of 256297bp > 200000bp. Skipping calculation at position 44688033 id: Gm08_44688033
WARNING: Reached a gap of 256297bp > 200000bp. Skipping calculation at position 44723375 id: Gm08_44723375
WARNING: Reached a gap of 256297bp > 200000bp. Skipping calculation at position 44687818 id: Gm08_44687818
WARNING: Reached a gap of 256297bp > 200000bp. Skipping calculation at position 44738851 id: Gm08_44738851
WARNING: Reached a gap of 256297bp > 200000bp. Skipping calculation at position 44782519 id: Gm08_44782519
WARNING: Reached a gap of 256297bp > 200000bp. Skipping calculation at position 44810051 id: Gm08_44810051
WARNING: Reached a gap of 256297bp > 200000bp. Skipping calculation at position 44817319 id: Gm08_44817319
WARNING: Reached a gap of 256297bp > 200000bp. Skipping calculation at position 44994065 id: Gm08_44994065
WARNING: Reached a gap of 256297bp > 200000bp. Skipping calculation at position 45028336 id: Gm08_45028336
WARNING: Reached a gap of 256297bp > 200000bp. Skipping calculation at position 45018823 id: Gm08_45018823
WARNING: Reached a gap of 256297bp > 200000bp. Skipping calculation at position 45217877 id: Gm08_45217877
WARNING: Reached a gap of 256297bp > 200000bp. Skipping calculation at position 45229899 id: Gm08_45229899
WARNING: Reached chromosome edge before EHH decayed below 0.05. position: 45978029 id: Gm08_45978029Skipping calculation.
WARNING: Reached chromosome edge before EHH decayed below 0.05. position: 46127559 id: Gm08_46127559Skipping calculation.
WARNING: Reached chromosome edge before EHH decayed below 0.05. position: 46128010 id: Gm08_46128010Skipping calculation.
WARNING: Reached chromosome edge before EHH decayed below 0.05. position: 46097919 id: Gm08_46097919Skipping calculation.
WARNING: Reached chromosome edge before EHH decayed below 0.05. position: 46136251 id: Gm08_46136251Skipping calculation.
WARNING: Reached chromosome edge before EHH decayed below 0.05. position: 46187820 id: Gm08_46187820Skipping calculation.
WARNING: Reached chromosome edge before EHH decayed below 0.05. position: 46135986 id: Gm08_46135986Skipping calculation.
WARNING: Reached chromosome edge before EHH decayed below 0.05. position: 46248386 id: Gm08_46248386Skipping calculation.
WARNING: Reached chromosome edge before EHH decayed below 0.05. position: 46202575 id: Gm08_46202575Skipping calculation.
WARNING: Reached chromosome edge before EHH decayed below 0.05. position: 46400798 id: Gm08_46400798Skipping calculation.
WARNING: Reached chromosome edge before EHH decayed below 0.05. position: 46187854 id: Gm08_46187854Skipping calculation.
WARNING: Reached chromosome edge before EHH decayed below 0.05. position: 46405234 id: Gm08_46405234Skipping calculation.
WARNING: Reached chromosome edge before EHH decayed below 0.05. position: 46591357 id: Gm08_46591357Skipping calculation.
WARNING: Reached chromosome edge before EHH decayed below 0.05. position: 46686487 id: Gm08_46686487Skipping calculation.
WARNING: Reached chromosome edge before EHH decayed below 0.05. position: 46820994 id: Gm08_46820994Skipping calculation.
WARNING: Reached chromosome edge before EHH decayed below 0.05. position: 46782283 id: Gm08_46782283Skipping calculation.
WARNING: Reached chromosome edge before EHH decayed below 0.05. position: 46891030 id: Gm08_46891030Skipping calculation.
WARNING: Reached chromosome edge before EHH decayed below 0.05. position: 46905039 id: Gm08_46905039Skipping calculation.
WARNING: Reached chromosome edge before EHH decayed below 0.05. position: 46905327 id: Gm08_46905327Skipping calculation.
WARNING: Reached chromosome edge before EHH decayed below 0.05. position: 46894882 id: Gm08_46894882Skipping calculation.
WARNING: Reached chromosome edge before EHH decayed below 0.05. position: 46906466 id: Gm08_46906466Skipping calculation.
WARNING: Reached chromosome edge before EHH decayed below 0.05. position: 46906687 id: Gm08_46906687Skipping calculation.
WARNING: Reached chromosome edge before EHH decayed below 0.05. position: 46906727 id: Gm08_46906727Skipping calculation.
WARNING: Reached chromosome edge before EHH decayed below 0.05. position: 46907482 id: Gm08_46907482Skipping calculation.
WARNING: Reached chromosome edge before EHH decayed below 0.05. position: 46941804 id: Gm08_46941804Skipping calculation.
Program took 0.125812 seconds to complete. Total CPU time: 0.276316 s. 
