chr	id	pos	freq	ihh1	ihh0	ihs
8	Gm08_2205232	2205232	0.180921	0.505632	-0.505632	0.505632
8	Gm08_2225026	2225026	0.180921	0.509922	-0.509922	0.509922
8	Gm08_2256657	2256657	0.375	0.0841591	-0.0841591	0.0841591
8	Gm08_2271344	2271344	0.371711	0.0967249	-0.0967249	0.0967249
8	Gm08_2349458	2349458	0.1875	0.190446	-0.190446	0.190446
8	Gm08_2350838	2350838	0.141447	0.389972	-0.389972	0.389972
8	Gm08_2450122	2450122	0.0921053	0.49564	-0.49564	0.49564
8	Gm08_2468904	2468904	0.417763	0.162015	-0.162015	0.162015
8	Gm08_2468912	2468912	0.417763	0.162015	-0.162015	0.162015
8	Gm08_2486930	2486930	0.0953947	0.418696	-0.418696	0.418696
8	Gm08_2486992	2486992	0.0953947	0.418696	-0.418696	0.418696
8	Gm08_2498457	2498457	0.0953947	0.418696	-0.418696	0.418696
8	Gm08_2509766	2509766	0.292763	0.194983	-0.194983	0.194983
8	Gm08_2522987	2522987	0.111842	0.32808	-0.32808	0.32808
8	Gm08_2544995	2544995	0.371711	-0.0397131	0.0397131	-0.0397131
8	Gm08_2545025	2545025	0.388158	-0.097022	0.097022	-0.097022
8	Gm08_2545037	2545037	0.371711	-0.0417976	0.0417976	-0.0417976
8	Gm08_2554792	2554792	0.111842	0.289882	-0.289882	0.289882
8	Gm08_2564179	2564179	0.111842	0.285646	-0.285646	0.285646
8	Gm08_2616585	2616585	0.0723684	0.50184	-0.50184	0.50184
8	Gm08_2678332	2678332	0.134868	0.122288	-0.122288	0.122288
8	Gm08_2678560	2678560	0.134868	0.122288	-0.122288	0.122288
8	Gm08_2745437	2745437	0.194079	0.484424	-0.484424	0.484424
8	Gm08_2748439	2748439	0.0953947	0.438789	-0.438789	0.438789
8	Gm08_2756735	2756735	0.0953947	0.438789	-0.438789	0.438789
8	Gm08_2756958	2756958	0.460526	-0.0855273	0.0855273	-0.0855273
8	Gm08_2793726	2793726	0.358553	0.19223	-0.19223	0.19223
8	Gm08_2798948	2798948	0.355263	0.203803	-0.203803	0.203803
8	Gm08_2837527	2837527	0.414474	0.0114793	-0.0114793	0.0114793
8	Gm08_2840546	2840546	0.424342	-0.0152134	0.0152134	-0.0152134
8	Gm08_2851845	2851845	0.440789	-0.0486333	0.0486333	-0.0486333
8	Gm08_2885117	2885117	0.0921053	0.492178	-0.492178	0.492178
8	Gm08_2924316	2924316	0.217105	0.277896	-0.277896	0.277896
8	Gm08_2924387	2924387	0.447368	-0.141259	0.141259	-0.141259
8	Gm08_2929535	2929535	0.217105	0.291223	-0.291223	0.291223
8	Gm08_2958652	2958652	0.444079	-0.0579625	0.0579625	-0.0579625
8	Gm08_2958838	2958838	0.444079	-0.0579625	0.0579625	-0.0579625
8	Gm08_2982098	2982098	0.282895	0.202762	-0.202762	0.202762
8	Gm08_2982152	2982152	0.282895	0.202762	-0.202762	0.202762
8	Gm08_3015607	3015607	0.167763	0.45912	-0.45912	0.45912
8	Gm08_3015905	3015905	0.167763	0.45912	-0.45912	0.45912
8	Gm08_3060492	3060492	0.332237	0.138585	-0.138585	0.138585
8	Gm08_3115746	3115746	0.328947	0.146703	-0.146703	0.146703
8	Gm08_10869094	10869094	0.0986842	0.593356	-0.593356	0.593356
8	Gm08_10893939	10893939	0.332237	0.360948	-0.360948	0.360948
8	Gm08_10914101	10914101	0.325658	0.300889	-0.300889	0.300889
8	Gm08_10914123	10914123	0.325658	0.300889	-0.300889	0.300889
8	Gm08_10914332	10914332	0.332237	0.302833	-0.302833	0.302833
8	Gm08_10932604	10932604	0.0592105	0.27235	-0.27235	0.27235
8	Gm08_10942816	10942816	0.371711	0.191765	-0.191765	0.191765
8	Gm08_10945445	10945445	0.0986842	0.22863	-0.22863	0.22863
8	Gm08_10945464	10945464	0.0986842	0.22863	-0.22863	0.22863
8	Gm08_10950200	10950200	0.388158	0.152849	-0.152849	0.152849
8	Gm08_10950440	10950440	0.388158	0.152849	-0.152849	0.152849
8	Gm08_10997807	10997807	0.384868	0.161862	-0.161862	0.161862
8	Gm08_11021824	11021824	0.447368	-0.0230229	0.0230229	-0.0230229
8	Gm08_11022010	11022010	0.460526	0.274315	-0.274315	0.274315
8	Gm08_11025352	11025352	0.0592105	0.489849	-0.489849	0.489849
8	Gm08_11026372	11026372	0.430921	0.0626178	-0.0626178	0.0626178
8	Gm08_11029787	11029787	0.404605	0.145909	-0.145909	0.145909
8	Gm08_11050882	11050882	0.151316	-0.0418609	0.0418609	-0.0418609
8	Gm08_11056871	11056871	0.174342	-0.124766	0.124766	-0.124766
8	Gm08_11071251	11071251	0.131579	-0.0699511	0.0699511	-0.0699511
8	Gm08_11122920	11122920	0.0756579	0.227267	-0.227267	0.227267
8	Gm08_11150973	11150973	0.0953947	0.201518	-0.201518	0.201518
8	Gm08_11150981	11150981	0.476974	-0.0670333	0.0670333	-0.0670333
8	Gm08_11151343	11151343	0.476974	-0.0670333	0.0670333	-0.0670333
8	Gm08_11151358	11151358	0.476974	-0.0670333	0.0670333	-0.0670333
8	Gm08_11170731	11170731	0.115132	0.113148	-0.113148	0.113148
8	Gm08_11203326	11203326	0.394737	0.128093	-0.128093	0.128093
8	Gm08_11243056	11243056	0.207237	0.377225	-0.377225	0.377225
8	Gm08_11257183	11257183	0.355263	-0.00409478	0.00409478	-0.00409478
8	Gm08_11267606	11267606	0.335526	0.0620763	-0.0620763	0.0620763
8	Gm08_11267646	11267646	0.335526	0.0620763	-0.0620763	0.0620763
8	Gm08_11328911	11328911	0.210526	0.456233	-0.456233	0.456233
8	Gm08_11352641	11352641	0.210526	0.450558	-0.450558	0.450558
8	Gm08_11363728	11363728	0.0789474	0.592056	-0.592056	0.592056
8	Gm08_11381458	11381458	0.101974	0.39022	-0.39022	0.39022
8	Gm08_11391261	11391261	0.328947	0.110482	-0.110482	0.110482
8	Gm08_11407795	11407795	0.319079	0.153787	-0.153787	0.153787
8	Gm08_11419771	11419771	0.319079	0.154629	-0.154629	0.154629
8	Gm08_11419830	11419830	0.319079	0.154629	-0.154629	0.154629
8	Gm08_11423205	11423205	0.319079	0.154629	-0.154629	0.154629
8	Gm08_11423274	11423274	0.322368	0.143015	-0.143015	0.143015
8	Gm08_11423290	11423290	0.319079	0.155481	-0.155481	0.155481
8	Gm08_11446423	11446423	0.121711	0.483122	-0.483122	0.483122
8	Gm08_11446960	11446960	0.141447	0.374738	-0.374738	0.374738
8	Gm08_11454894	11454894	0.315789	0.150813	-0.150813	0.150813
8	Gm08_11454914	11454914	0.220395	0.691236	-0.691236	0.691236
8	Gm08_11471164	11471164	0.328947	0.0425592	-0.0425592	0.0425592
8	Gm08_11595850	11595850	0.197368	0.184991	-0.184991	0.184991
8	Gm08_11618422	11618422	0.381579	-0.0786752	0.0786752	-0.0786752
8	Gm08_11639362	11639362	0.375	-0.0539654	0.0539654	-0.0539654
8	Gm08_11698109	11698109	0.315789	0.111895	-0.111895	0.111895
8	Gm08_11713056	11713056	0.154605	0.377046	-0.377046	0.377046
8	Gm08_11713061	11713061	0.217105	0.340175	-0.340175	0.340175
8	Gm08_11713212	11713212	0.371711	-0.0999156	0.0999156	-0.0999156
8	Gm08_11713259	11713259	0.220395	0.328157	-0.328157	0.328157
8	Gm08_11730125	11730125	0.154605	0.358596	-0.358596	0.358596
8	Gm08_11763879	11763879	0.101974	0.465496	-0.465496	0.465496
8	Gm08_11778832	11778832	0.371711	-0.0914784	0.0914784	-0.0914784
8	Gm08_11787665	11787665	0.200658	0.332716	-0.332716	0.332716
8	Gm08_11871879	11871879	0.157895	0.551615	-0.551615	0.551615
8	Gm08_11880389	11880389	0.157895	0.551615	-0.551615	0.551615
8	Gm08_11880686	11880686	0.157895	0.551615	-0.551615	0.551615
8	Gm08_11885167	11885167	0.161184	0.531471	-0.531471	0.531471
8	Gm08_11885206	11885206	0.157895	0.552211	-0.552211	0.552211
8	Gm08_11885469	11885469	0.138158	0.272128	-0.272128	0.272128
8	Gm08_11911799	11911799	0.414474	-0.20746	0.20746	-0.20746
8	Gm08_11914126	11914126	0.319079	0.0706063	-0.0706063	0.0706063
8	Gm08_11914156	11914156	0.319079	0.0706063	-0.0706063	0.0706063
8	Gm08_11922121	11922121	0.0953947	0.26076	-0.26076	0.26076
8	Gm08_11948155	11948155	0.171053	0.195207	-0.195207	0.195207
8	Gm08_11970563	11970563	0.101974	0.288614	-0.288614	0.288614
8	Gm08_11993904	11993904	0.276316	-0.140106	0.140106	-0.140106
8	Gm08_12032485	12032485	0.167763	0.198274	-0.198274	0.198274
8	Gm08_12037267	12037267	0.154605	0.589006	-0.589006	0.589006
8	Gm08_12057341	12057341	0.171053	0.144123	-0.144123	0.144123
8	Gm08_12058093	12058093	0.177632	0.105818	-0.105818	0.105818
8	Gm08_12092993	12092993	0.164474	0.179107	-0.179107	0.179107
8	Gm08_12095067	12095067	0.171053	0.142623	-0.142623	0.142623
8	Gm08_12178930	12178930	0.157895	0.13292	-0.13292	0.13292
8	Gm08_12183977	12183977	0.332237	0.201066	-0.201066	0.201066
8	Gm08_12243447	12243447	0.486842	-0.212333	0.212333	-0.212333
8	Gm08_12243481	12243481	0.148026	0.311068	-0.311068	0.311068
8	Gm08_12243725	12243725	0.325658	0.232463	-0.232463	0.232463
8	Gm08_12296733	12296733	0.345395	0.171787	-0.171787	0.171787
8	Gm08_12311646	12311646	0.197368	0.520248	-0.520248	0.520248
8	Gm08_12320013	12320013	0.299342	0.457156	-0.457156	0.457156
8	Gm08_12344522	12344522	0.259868	0.103652	-0.103652	0.103652
8	Gm08_12361189	12361189	0.3125	-0.0895815	0.0895815	-0.0895815
8	Gm08_12361200	12361200	0.315789	-0.0973523	0.0973523	-0.0973523
8	Gm08_12367940	12367940	0.194079	0.315103	-0.315103	0.315103
8	Gm08_12395899	12395899	0.203947	0.257277	-0.257277	0.257277
8	Gm08_12409325	12409325	0.194079	0.306621	-0.306621	0.306621
8	Gm08_12547730	12547730	0.105263	0.156274	-0.156274	0.156274
8	Gm08_12628253	12628253	0.0986842	0.21336	-0.21336	0.21336
8	Gm08_12656321	12656321	0.108553	0.127065	-0.127065	0.127065
8	Gm08_12656378	12656378	0.101974	0.185957	-0.185957	0.185957
8	Gm08_12682697	12682697	0.115132	0.07769	-0.07769	0.07769
8	Gm08_12703104	12703104	0.101974	0.181559	-0.181559	0.181559
8	Gm08_12703117	12703117	0.101974	0.181559	-0.181559	0.181559
8	Gm08_12703305	12703305	0.101974	0.181559	-0.181559	0.181559
8	Gm08_12831025	12831025	0.101974	0.176229	-0.176229	0.176229
8	Gm08_12831080	12831080	0.101974	0.176229	-0.176229	0.176229
8	Gm08_12847441	12847441	0.105263	0.152603	-0.152603	0.152603
8	Gm08_12848218	12848218	0.108553	0.125258	-0.125258	0.125258
8	Gm08_12864974	12864974	0.0723684	0.326988	-0.326988	0.326988
8	Gm08_12868651	12868651	0.111842	-0.0266378	0.0266378	-0.0266378
8	Gm08_12870241	12870241	0.108553	0.00232012	-0.00232012	0.00232012
8	Gm08_12870895	12870895	0.108553	0.00232012	-0.00232012	0.00232012
8	Gm08_12870982	12870982	0.108553	0.00232012	-0.00232012	0.00232012
8	Gm08_12871193	12871193	0.111842	-0.0260611	0.0260611	-0.0260611
8	Gm08_12885720	12885720	0.111842	-0.033907	0.033907	-0.033907
8	Gm08_12885761	12885761	0.0690789	0.361086	-0.361086	0.361086
8	Gm08_13004256	13004256	0.108553	0.0728418	-0.0728418	0.0728418
8	Gm08_13022354	13022354	0.118421	0.0459084	-0.0459084	0.0459084
8	Gm08_13169587	13169587	0.121711	0.0227479	-0.0227479	0.0227479
8	Gm08_13213824	13213824	0.125	0.0193755	-0.0193755	0.0193755
8	Gm08_13297135	13297135	0.236842	0.419109	-0.419109	0.419109
8	Gm08_13297157	13297157	0.118421	0.178903	-0.178903	0.178903
8	Gm08_13317621	13317621	0.157895	0.447441	-0.447441	0.447441
8	Gm08_13317628	13317628	0.154605	0.46177	-0.46177	0.46177
8	Gm08_13317912	13317912	0.154605	0.46177	-0.46177	0.46177
8	Gm08_13317918	13317918	0.154605	0.46177	-0.46177	0.46177
8	Gm08_13345143	13345143	0.171053	0.401719	-0.401719	0.401719
8	Gm08_13389756	13389756	0.322368	0.153119	-0.153119	0.153119
8	Gm08_13397706	13397706	0.105263	0.283822	-0.283822	0.283822
8	Gm08_13401892	13401892	0.111842	0.231995	-0.231995	0.231995
8	Gm08_13405464	13405464	0.111842	0.231995	-0.231995	0.231995
8	Gm08_13405751	13405751	0.111842	0.231995	-0.231995	0.231995
8	Gm08_13432884	13432884	0.115132	0.206231	-0.206231	0.206231
8	Gm08_13497400	13497400	0.108553	0.258844	-0.258844	0.258844
8	Gm08_16821769	16821769	0.259868	0.325667	-0.325667	0.325667
8	Gm08_16839022	16839022	0.0921053	-0.205402	0.200884	-0.200884
8	Gm08_16839374	16839374	0.0888158	-0.179316	0.174702	-0.174702
8	Gm08_16844953	16844953	0.0756579	-0.104454	0.104454	-0.104454
8	Gm08_16845623	16845623	0.0921053	-0.225895	0.225895	-0.225895
8	Gm08_16845922	16845922	0.0921053	-0.225895	0.225895	-0.225895
8	Gm08_16845942	16845942	0.0921053	-0.225895	0.225895	-0.225895
8	Gm08_16845995	16845995	0.0921053	-0.225895	0.225895	-0.225895
8	Gm08_16901812	16901812	0.325658	0.119093	-0.119093	0.119093
8	Gm08_16942244	16942244	0.355263	0.114613	-0.114613	0.114613
8	Gm08_16958599	16958599	0.358553	0.108517	-0.108517	0.108517
8	Gm08_16963894	16963894	0.365132	0.0892922	-0.0892922	0.0892922
8	Gm08_16963992	16963992	0.361842	0.0998049	-0.0998049	0.0998049
8	Gm08_16964379	16964379	0.197368	0.411425	-0.411425	0.411425
8	Gm08_16964689	16964689	0.361842	0.185828	-0.185828	0.185828
8	Gm08_16984544	16984544	0.391447	0.139678	-0.139678	0.139678
8	Gm08_16984563	16984563	0.394737	0.12841	-0.12841	0.12841
8	Gm08_17021110	17021110	0.394737	0.131218	-0.131218	0.131218
8	Gm08_17021431	17021431	0.391447	0.14269	-0.14269	0.14269
8	Gm08_17037137	17037137	0.391447	0.146548	-0.146548	0.146548
8	Gm08_17037422	17037422	0.388158	0.157275	-0.157275	0.157275
8	Gm08_17085581	17085581	0.391447	0.143633	-0.143633	0.143633
8	Gm08_17085891	17085891	0.388158	0.155473	-0.155473	0.155473
8	Gm08_17089071	17089071	0.388158	0.155473	-0.155473	0.155473
8	Gm08_17089351	17089351	0.391447	0.143639	-0.143639	0.143639
8	Gm08_17105279	17105279	0.398026	0.128791	-0.128791	0.128791
8	Gm08_17105794	17105794	0.414474	0.0797373	-0.0797373	0.0797373
8	Gm08_17105952	17105952	0.414474	0.0797373	-0.0797373	0.0797373
8	Gm08_17170643	17170643	0.460526	0.0612623	-0.0612623	0.0612623
8	Gm08_17227737	17227737	0.171053	0.375662	-0.375662	0.375662
8	Gm08_17369540	17369540	0.404605	0.252872	-0.252872	0.252872
8	Gm08_17369556	17369556	0.404605	0.252872	-0.252872	0.252872
8	Gm08_17369783	17369783	0.404605	0.252872	-0.252872	0.252872
8	Gm08_17369852	17369852	0.404605	0.252872	-0.252872	0.252872
8	Gm08_17371258	17371258	0.404605	0.25471	-0.25471	0.25471
8	Gm08_17371542	17371542	0.404605	0.25471	-0.25471	0.25471
8	Gm08_17483422	17483422	0.111842	0.237944	-0.237944	0.237944
8	Gm08_17483614	17483614	0.115132	0.21275	-0.21275	0.21275
8	Gm08_17484189	17484189	0.351974	0.424523	-0.424523	0.424523
8	Gm08_17484311	17484311	0.351974	0.424523	-0.424523	0.424523
8	Gm08_17564303	17564303	0.338816	0.213268	-0.213268	0.213268
8	Gm08_17589673	17589673	0.305921	0.0280467	-0.0280467	0.0280467
8	Gm08_17637432	17637432	0.101974	0.545526	-0.545526	0.545526
8	Gm08_17719102	17719102	0.453947	0.320578	-0.320578	0.320578
8	Gm08_17731575	17731575	0.480263	0.253454	-0.253454	0.253454
8	Gm08_17798673	17798673	0.210526	0.443498	-0.443498	0.443498
8	Gm08_17813173	17813173	0.476974	0.286688	-0.286688	0.286688
8	Gm08_17813546	17813546	0.0822368	0.227626	-0.227626	0.227626
8	Gm08_17814200	17814200	0.0855263	0.196254	-0.196254	0.196254
8	Gm08_17835098	17835098	0.296053	0.191483	-0.191483	0.191483
8	Gm08_17865503	17865503	0.286184	0.216428	-0.216428	0.216428
8	Gm08_17865557	17865557	0.286184	0.216428	-0.216428	0.216428
8	Gm08_17869983	17869983	0.296053	0.17897	-0.17897	0.17897
8	Gm08_17870264	17870264	0.282895	0.232525	-0.232525	0.232525
8	Gm08_17923161	17923161	0.371711	-0.0555066	0.0555066	-0.0555066
8	Gm08_17923191	17923191	0.384868	-0.0984468	0.0984468	-0.0984468
8	Gm08_17923196	17923196	0.384868	-0.0984468	0.0984468	-0.0984468
8	Gm08_17925377	17925377	0.384868	-0.0984468	0.0984468	-0.0984468
8	Gm08_18015046	18015046	0.430921	-0.0906742	0.0906742	-0.0906742
8	Gm08_18015051	18015051	0.430921	-0.0906742	0.0906742	-0.0906742
8	Gm08_18031715	18031715	0.233553	0.245932	-0.245932	0.245932
8	Gm08_18031943	18031943	0.0625	0.391736	-0.391736	0.391736
8	Gm08_18101951	18101951	0.470395	0.272063	-0.272063	0.272063
8	Gm08_18102166	18102166	0.467105	0.28256	-0.28256	0.28256
8	Gm08_18102178	18102178	0.470395	0.272146	-0.272146	0.272146
8	Gm08_18103071	18103071	0.470395	0.272146	-0.272146	0.272146
8	Gm08_18103114	18103114	0.470395	0.272146	-0.272146	0.272146
8	Gm08_18133841	18133841	0.180921	0.523708	-0.523708	0.523708
8	Gm08_18139959	18139959	0.368421	-0.108955	0.108955	-0.108955
8	Gm08_18140014	18140014	0.1875	0.544719	-0.544719	0.544719
8	Gm08_18140968	18140968	0.121711	0.194369	-0.194369	0.194369
8	Gm08_18143488	18143488	0.121711	0.194369	-0.194369	0.194369
8	Gm08_18153217	18153217	0.243421	0.288136	-0.288136	0.288136
8	Gm08_18166829	18166829	0.496711	-0.348068	0.348068	-0.348068
8	Gm08_18167007	18167007	0.0559211	0.373127	-0.373127	0.373127
8	Gm08_18233306	18233306	0.154605	0.0579427	-0.0579427	0.0579427
8	Gm08_18256153	18256153	0.417763	0.389404	-0.389404	0.389404
8	Gm08_18256174	18256174	0.417763	0.389404	-0.389404	0.389404
8	Gm08_18256206	18256206	0.417763	0.389404	-0.389404	0.389404
8	Gm08_18262603	18262603	0.404605	0.432161	-0.432161	0.432161
8	Gm08_18311163	18311163	0.194079	0.211107	-0.211107	0.211107
8	Gm08_18313651	18313651	0.184211	-0.00294034	0.00294034	-0.00294034
8	Gm08_18315747	18315747	0.394737	0.130153	-0.130153	0.130153
8	Gm08_18329798	18329798	0.105263	0.315575	-0.315575	0.315575
8	Gm08_18329816	18329816	0.391447	0.137597	-0.137597	0.137597
8	Gm08_18347364	18347364	0.440789	-0.0185275	0.0185275	-0.0185275
8	Gm08_18354440	18354440	0.440789	-0.0133867	0.0133867	-0.0133867
8	Gm08_18354609	18354609	0.398026	0.127721	-0.127721	0.127721
8	Gm08_18354650	18354650	0.463816	0.273911	-0.273911	0.273911
8	Gm08_18371044	18371044	0.434211	0.0262821	-0.0262821	0.0262821
8	Gm08_18392512	18392512	0.0953947	0.356815	-0.356815	0.356815
8	Gm08_18392658	18392658	0.450658	-0.152163	0.152163	-0.152163
8	Gm08_18392709	18392709	0.0953947	0.376215	-0.376215	0.376215
8	Gm08_18411205	18411205	0.351974	0.150843	-0.150843	0.150843
8	Gm08_18411497	18411497	0.105263	0.290776	-0.290776	0.290776
8	Gm08_18439010	18439010	0.457237	-0.159916	0.159916	-0.159916
8	Gm08_18446380	18446380	0.0986842	0.15579	-0.15579	0.15579
8	Gm08_18446599	18446599	0.0888158	0.247667	-0.247667	0.247667
8	Gm08_18446685	18446685	0.0888158	0.247667	-0.247667	0.247667
8	Gm08_18447024	18447024	0.0888158	0.247667	-0.247667	0.247667
8	Gm08_18447044	18447044	0.194079	-0.131955	0.131955	-0.131955
8	Gm08_18451913	18451913	0.0888158	0.23949	-0.23949	0.23949
8	Gm08_18489533	18489533	0.0888158	0.240475	-0.240475	0.240475
8	Gm08_18493822	18493822	0.184211	-0.0450862	0.0450862	-0.0450862
8	Gm08_18579576	18579576	0.335526	0.45623	-0.45623	0.45623
8	Gm08_18650199	18650199	0.384868	0.157483	-0.157483	0.157483
8	Gm08_18675702	18675702	0.0921053	0.394811	-0.394811	0.394811
8	Gm08_18721697	18721697	0.292763	0.448266	-0.448266	0.448266
8	Gm08_18722002	18722002	0.286184	0.102913	-0.102913	0.102913
8	Gm08_18798930	18798930	0.286184	0.107275	-0.107275	0.107275
8	Gm08_18798945	18798945	0.286184	0.107275	-0.107275	0.107275
8	Gm08_18813684	18813684	0.289474	0.0936549	-0.0936549	0.0936549
8	Gm08_18817407	18817407	0.286184	0.101627	-0.101627	0.101627
8	Gm08_18842684	18842684	0.286184	0.104665	-0.104665	0.104665
8	Gm08_18842707	18842707	0.286184	0.104665	-0.104665	0.104665
8	Gm08_18850084	18850084	0.378289	0.230308	-0.230308	0.230308
8	Gm08_18934009	18934009	0.490132	0.138296	-0.138296	0.138296
8	Gm08_18934184	18934184	0.490132	0.138296	-0.138296	0.138296
8	Gm08_19048923	19048923	0.263158	0.188968	-0.188968	0.188968
8	Gm08_19152075	19152075	0.460526	0.312083	-0.312083	0.312083
8	Gm08_19152100	19152100	0.460526	0.312083	-0.312083	0.312083
8	Gm08_19173156	19173156	0.128289	0.360569	-0.360569	0.360569
8	Gm08_19204156	19204156	0.125	0.380866	-0.380866	0.380866
8	Gm08_19204301	19204301	0.125	0.380866	-0.380866	0.380866
8	Gm08_19204794	19204794	0.128289	0.371691	-0.371691	0.371691
8	Gm08_19221401	19221401	0.128289	0.371691	-0.371691	0.371691
8	Gm08_19221418	19221418	0.128289	0.371691	-0.371691	0.371691
8	Gm08_19221434	19221434	0.305921	0.0205975	-0.0205975	0.0205975
8	Gm08_19221447	19221447	0.128289	0.390407	-0.390407	0.390407
8	Gm08_19254488	19254488	0.473684	0.275682	-0.275682	0.275682
8	Gm08_19254959	19254959	0.476974	0.265017	-0.265017	0.265017
8	Gm08_19264560	19264560	0.490132	0.22385	-0.22385	0.22385
8	Gm08_19277148	19277148	0.210526	0.328361	-0.328361	0.328361
8	Gm08_19277213	19277213	0.496711	-0.194063	0.194063	-0.194063
8	Gm08_19288468	19288468	0.493421	-0.183138	0.183138	-0.183138
8	Gm08_19288633	19288633	0.5	0.202968	-0.202968	0.202968
8	Gm08_19291011	19291011	0.493421	-0.184095	0.184095	-0.184095
8	Gm08_19295034	19295034	0.493421	-0.184095	0.184095	-0.184095
8	Gm08_19295191	19295191	0.493421	-0.184095	0.184095	-0.184095
8	Gm08_19295487	19295487	0.493421	-0.184095	0.184095	-0.184095
8	Gm08_19299209	19299209	0.496711	-0.192731	0.192731	-0.192731
8	Gm08_19299275	19299275	0.496711	-0.192731	0.192731	-0.192731
8	Gm08_19299462	19299462	0.282895	0.320079	-0.320079	0.320079
8	Gm08_19299479	19299479	0.493421	-0.18479	0.18479	-0.18479
8	Gm08_23975407	23975407	0.0657895	0.0322275	-0.0322275	0.0322275
8	Gm08_23978153	23978153	0.0657895	0.032944	-0.032944	0.032944
8	Gm08_23992588	23992588	0.0690789	-0.0120633	0.0120633	-0.0120633
8	Gm08_24043958	24043958	0.0657895	0.0336425	-0.0336425	0.0336425
8	Gm08_24043969	24043969	0.0657895	0.0336425	-0.0336425	0.0336425
8	Gm08_24080443	24080443	0.0690789	-0.0102824	0.0102824	-0.0102824
8	Gm08_24134841	24134841	0.0625	0.0791838	-0.0791838	0.0791838
8	Gm08_24160657	24160657	0.0690789	-0.0109517	0.0109517	-0.0109517
8	Gm08_24188079	24188079	0.0690789	-0.010372	0.010372	-0.010372
8	Gm08_24188425	24188425	0.0690789	-0.010372	0.010372	-0.010372
8	Gm08_24188448	24188448	0.0690789	-0.010372	0.010372	-0.010372
8	Gm08_24272514	24272514	0.0657895	0.0355217	-0.0355217	0.0355217
8	Gm08_24272995	24272995	0.0625	0.0815073	-0.0815073	0.0815073
8	Gm08_24273238	24273238	0.0625	0.0815073	-0.0815073	0.0815073
8	Gm08_24299188	24299188	0.0625	0.0826986	-0.0826986	0.0826986
8	Gm08_24344986	24344986	0.0625	0.0839833	-0.0839833	0.0839833
8	Gm08_24345451	24345451	0.0690789	-0.00800194	0.00800194	-0.00800194
8	Gm08_24371939	24371939	0.0625	0.0861561	-0.0861561	0.0861561
8	Gm08_24372236	24372236	0.0657895	0.0403011	-0.0403011	0.0403011
8	Gm08_24416627	24416627	0.105263	0.129266	-0.129266	0.129266
8	Gm08_24424442	24424442	0.0625	0.0945712	-0.0945712	0.0945712
8	Gm08_24442203	24442203	0.0625	0.0923127	-0.0923127	0.0923127
8	Gm08_24442555	24442555	0.0625	0.0923127	-0.0923127	0.0923127
8	Gm08_24492632	24492632	0.0592105	0.111533	-0.111533	0.111533
8	Gm08_24492688	24492688	0.0625	0.0615728	-0.0615728	0.0615728
8	Gm08_24529395	24529395	0.0625	0.0615889	-0.0615889	0.0615889
8	Gm08_24553520	24553520	0.0625	0.0595327	-0.0595327	0.0595327
8	Gm08_24586638	24586638	0.0657895	0.0066915	-0.0066915	0.0066915
8	Gm08_24587847	24587847	0.0625	0.0540511	-0.0540511	0.0540511
8	Gm08_24595733	24595733	0.0625	0.0540511	-0.0540511	0.0540511
8	Gm08_24599162	24599162	0.0592105	0.104473	-0.104473	0.104473
8	Gm08_24599453	24599453	0.0625	0.0635226	-0.0635226	0.0635226
8	Gm08_24607699	24607699	0.0625	0.0616468	-0.0616468	0.0616468
8	Gm08_24611184	24611184	0.0690789	-0.03011	0.03011	-0.03011
8	Gm08_24642045	24642045	0.0690789	-0.0309514	0.0309514	-0.0309514
8	Gm08_24649735	24649735	0.0526316	0.0128507	-0.0128507	0.0128507
8	Gm08_24649759	24649759	0.0690789	-0.00893078	0.00893078	-0.00893078
8	Gm08_24649775	24649775	0.0690789	-0.0799128	0.0799128	-0.0799128
8	Gm08_24657846	24657846	0.0657895	0.0129509	-0.0129509	0.0129509
8	Gm08_24726303	24726303	0.0625	0.0526869	-0.0526869	0.0526869
8	Gm08_24737142	24737142	0.0723684	-0.0859813	0.0859813	-0.0859813
8	Gm08_24737154	24737154	0.0690789	-0.0437663	0.0437663	-0.0437663
8	Gm08_24753368	24753368	0.0690789	-0.0437663	0.0437663	-0.0437663
8	Gm08_24753725	24753725	0.0625	0.0492161	-0.0492161	0.0492161
8	Gm08_24753756	24753756	0.0625	0.0492161	-0.0492161	0.0492161
8	Gm08_24772760	24772760	0.0625	0.0442285	-0.0442285	0.0442285
8	Gm08_24773025	24773025	0.0690789	-0.0475227	0.0475227	-0.0475227
8	Gm08_24825126	24825126	0.0690789	-0.0530414	0.0530414	-0.0530414
8	Gm08_24843088	24843088	0.0657895	-0.00968631	0.00968631	-0.00968631
8	Gm08_24844329	24844329	0.0625	0.0371507	-0.0371507	0.0371507
8	Gm08_24849825	24849825	0.0657895	-0.0104165	0.0104165	-0.0104165
8	Gm08_24891391	24891391	0.0625	0.0344483	-0.0344483	0.0344483
8	Gm08_24891598	24891598	0.0625	0.0344483	-0.0344483	0.0344483
8	Gm08_24892713	24892713	0.101974	0.108995	-0.108995	0.108995
8	Gm08_24909059	24909059	0.0690789	-0.0447102	0.0447102	-0.0447102
8	Gm08_24919796	24919796	0.0657895	-0.00221943	0.00221943	-0.00221943
8	Gm08_24925526	24925526	0.0690789	-0.0473133	0.0473133	-0.0473133
8	Gm08_24965326	24965326	0.0690789	-0.0506345	0.0506345	-0.0506345
8	Gm08_24965454	24965454	0.0526316	0.135278	-0.135278	0.135278
8	Gm08_24975569	24975569	0.0625	0.0112217	-0.0112217	0.0112217
8	Gm08_25001490	25001490	0.0625	0.0106274	-0.0106274	0.0106274
8	Gm08_25001774	25001774	0.0592105	0.0593358	-0.0593358	0.0593358
8	Gm08_25012713	25012713	0.0625	0.0144925	-0.0144925	0.0144925
8	Gm08_25016531	25016531	0.0625	0.0148034	-0.0148034	0.0148034
8	Gm08_25023594	25023594	0.0723684	-0.12092	0.12092	-0.12092
8	Gm08_25100948	25100948	0.0625	0.0145065	-0.0145065	0.0145065
8	Gm08_25102803	25102803	0.0657895	-0.0336954	0.0336954	-0.0336954
8	Gm08_25103125	25103125	0.0657895	-0.0336954	0.0336954	-0.0336954
8	Gm08_25186069	25186069	0.0625	0.0112545	-0.0112545	0.0112545
8	Gm08_25207362	25207362	0.0625	0.0104354	-0.0104354	0.0104354
8	Gm08_25210343	25210343	0.0657895	-0.0372152	0.0372152	-0.0372152
8	Gm08_25218588	25218588	0.0690789	-0.0826925	0.0826925	-0.0826925
8	Gm08_25218858	25218858	0.0690789	-0.0826925	0.0826925	-0.0826925
8	Gm08_25271914	25271914	0.0625	0.0119255	-0.0119255	0.0119255
8	Gm08_25309416	25309416	0.0592105	0.0484252	-0.0484252	0.0484252
8	Gm08_25324647	25324647	0.0657895	-0.0198781	0.0198781	-0.0198781
8	Gm08_25333367	25333367	0.0625	0.0289712	-0.0289712	0.0289712
8	Gm08_25333389	25333389	0.0625	0.0289712	-0.0289712	0.0289712
8	Gm08_25336702	25336702	0.0657895	-0.0188126	0.0188126	-0.0188126
8	Gm08_25338771	25338771	0.0625	0.0293332	-0.0293332	0.0293332
8	Gm08_25345946	25345946	0.0592105	0.0778009	-0.0778009	0.0778009
8	Gm08_25348634	25348634	0.0657895	-0.0165277	0.0165277	-0.0165277
8	Gm08_25350660	25350660	0.0690789	0.0810002	-0.0810002	0.0810002
8	Gm08_25350666	25350666	0.0986842	-0.0420782	0.0420782	-0.0420782
8	Gm08_25357531	25357531	0.0657895	-0.0125697	0.0125697	-0.0125697
8	Gm08_25360417	25360417	0.0657895	-0.0125697	0.0125697	-0.0125697
8	Gm08_25362111	25362111	0.0625	0.0360002	-0.0360002	0.0360002
8	Gm08_25428530	25428530	0.0625	0.0351395	-0.0351395	0.0351395
8	Gm08_25430786	25430786	0.0690789	-0.0598178	0.0598178	-0.0598178
8	Gm08_25431124	25431124	0.0625	0.0352284	-0.0352284	0.0352284
8	Gm08_25431793	25431793	0.0690789	-0.0535867	0.0535867	-0.0535867
8	Gm08_25437939	25437939	0.0625	0.0346071	-0.0346071	0.0346071
8	Gm08_25437947	25437947	0.0625	0.0346071	-0.0346071	0.0346071
8	Gm08_25439342	25439342	0.0625	0.0346071	-0.0346071	0.0346071
8	Gm08_25443782	25443782	0.0657895	-0.0139382	0.0139382	-0.0139382
8	Gm08_25445534	25445534	0.0625	0.0347058	-0.0347058	0.0347058
8	Gm08_25448129	25448129	0.0625	0.0347058	-0.0347058	0.0347058
8	Gm08_25448187	25448187	0.0625	0.0347058	-0.0347058	0.0347058
8	Gm08_25449209	25449209	0.0657895	-0.0138437	0.0138437	-0.0138437
8	Gm08_25450948	25450948	0.0625	0.0347087	-0.0347087	0.0347087
8	Gm08_25452227	25452227	0.0657895	-0.0137966	0.0137966	-0.0137966
8	Gm08_25452490	25452490	0.0657895	-0.0137966	0.0137966	-0.0137966
8	Gm08_25458625	25458625	0.0625	0.035361	-0.035361	0.035361
8	Gm08_25459202	25459202	0.0625	0.035361	-0.035361	0.035361
8	Gm08_25466529	25466529	0.0657895	-0.0130655	0.0130655	-0.0130655
8	Gm08_25466575	25466575	0.0625	0.035542	-0.035542	0.035542
8	Gm08_25467639	25467639	0.0625	0.035542	-0.035542	0.035542
8	Gm08_25492632	25492632	0.0657895	-0.0120536	0.0120536	-0.0120536
8	Gm08_25515255	25515255	0.0986842	0.122462	-0.122462	0.122462
8	Gm08_25518395	25518395	0.0625	0.0321252	-0.0321252	0.0321252
8	Gm08_25520325	25520325	0.0625	0.0275396	-0.0275396	0.0275396
8	Gm08_25544447	25544447	0.0625	0.0271592	-0.0271592	0.0271592
8	Gm08_25544703	25544703	0.0657895	-0.0214542	0.0214542	-0.0214542
8	Gm08_25551782	25551782	0.0657895	-0.020853	0.020853	-0.020853
8	Gm08_25551807	25551807	0.0657895	-0.020853	0.020853	-0.020853
8	Gm08_25576546	25576546	0.0625	0.0257659	-0.0257659	0.0257659
8	Gm08_25583233	25583233	0.0657895	-0.018954	0.018954	-0.018954
8	Gm08_25606931	25606931	0.0690789	-0.0646986	0.0646986	-0.0646986
8	Gm08_25609277	25609277	0.0657895	-0.0211337	0.0211337	-0.0211337
8	Gm08_25622888	25622888	0.0625	0.0266449	-0.0266449	0.0266449
8	Gm08_25658708	25658708	0.0625	0.0254428	-0.0254428	0.0254428
8	Gm08_25660955	25660955	0.0625	0.0254428	-0.0254428	0.0254428
8	Gm08_25664400	25664400	0.0690789	-0.0692923	0.0692923	-0.0692923
8	Gm08_25667234	25667234	0.0625	0.0256015	-0.0256015	0.0256015
8	Gm08_25676249	25676249	0.0690789	-0.0677901	0.0677901	-0.0677901
8	Gm08_25682075	25682075	0.0657895	-0.0233252	0.0233252	-0.0233252
8	Gm08_25696620	25696620	0.0625	0.0213779	-0.0213779	0.0213779
8	Gm08_25731811	25731811	0.0625	0.0399263	-0.0399263	0.0399263
8	Gm08_25731891	25731891	0.0625	0.0399263	-0.0399263	0.0399263
8	Gm08_25781961	25781961	0.0657895	-0.00695391	0.00695391	-0.00695391
8	Gm08_25798758	25798758	0.0625	0.0408111	-0.0408111	0.0408111
8	Gm08_25825236	25825236	0.0625	0.0420305	-0.0420305	0.0420305
8	Gm08_25825255	25825255	0.0625	0.0420305	-0.0420305	0.0420305
8	Gm08_25833231	25833231	0.0657895	-0.00505867	0.00505867	-0.00505867
8	Gm08_25852335	25852335	0.0625	0.0421556	-0.0421556	0.0421556
8	Gm08_25852496	25852496	0.0657895	-0.0058331	0.0058331	-0.0058331
8	Gm08_25879540	25879540	0.0657895	-0.0054505	0.0054505	-0.0054505
8	Gm08_25891616	25891616	0.0625	0.0435494	-0.0435494	0.0435494
8	Gm08_25892031	25892031	0.0625	0.0435494	-0.0435494	0.0435494
8	Gm08_25892216	25892216	0.0625	0.0435494	-0.0435494	0.0435494
8	Gm08_25956077	25956077	0.0657895	-0.00196329	0.00196329	-0.00196329
8	Gm08_25959353	25959353	0.0625	0.0461888	-0.0461888	0.0461888
8	Gm08_25971048	25971048	0.0657895	0.000155303	-0.000155303	0.000155303
8	Gm08_25971579	25971579	0.0625	0.0201774	-0.0201774	0.0201774
8	Gm08_25979125	25979125	0.0625	0.0471355	-0.0471355	0.0471355
8	Gm08_25979479	25979479	0.0625	0.0471355	-0.0471355	0.0471355
8	Gm08_25980456	25980456	0.0657895	-0.00161439	0.00161439	-0.00161439
8	Gm08_25981638	25981638	0.0625	0.0471479	-0.0471479	0.0471479
8	Gm08_25982069	25982069	0.243421	-0.400138	0.400138	-0.400138
8	Gm08_25982533	25982533	0.0657895	0.0333745	-0.0333745	0.0333745
8	Gm08_25994796	25994796	0.0625	0.0825698	-0.0825698	0.0825698
8	Gm08_26005167	26005167	0.0625	0.0826834	-0.0826834	0.0826834
8	Gm08_26013269	26013269	0.0657895	0.0342224	-0.0342224	0.0342224
8	Gm08_26014462	26014462	0.0625	0.0827691	-0.0827691	0.0827691
8	Gm08_26014497	26014497	0.0625	0.0827691	-0.0827691	0.0827691
8	Gm08_26014663	26014663	0.0625	0.0827691	-0.0827691	0.0827691
8	Gm08_26014784	26014784	0.0625	0.0827691	-0.0827691	0.0827691
8	Gm08_26021747	26021747	0.0625	0.0827912	-0.0827912	0.0827912
8	Gm08_26023788	26023788	0.0625	0.0828322	-0.0828322	0.0828322
8	Gm08_26024257	26024257	0.0625	0.0828322	-0.0828322	0.0828322
8	Gm08_26024513	26024513	0.0625	0.0828322	-0.0828322	0.0828322
8	Gm08_26025721	26025721	0.0625	0.0828322	-0.0828322	0.0828322
8	Gm08_26030160	26030160	0.0657895	0.0352321	-0.0352321	0.0352321
8	Gm08_26066400	26066400	0.118421	-0.272735	0.272735	-0.272735
8	Gm08_26071231	26071231	0.0625	0.0636186	-0.0636186	0.0636186
8	Gm08_26076404	26076404	0.0657895	0.017187	-0.017187	0.017187
8	Gm08_26097552	26097552	0.0625	0.0629637	-0.0629637	0.0629637
8	Gm08_26099875	26099875	0.0625	0.0629637	-0.0629637	0.0629637
8	Gm08_26100210	26100210	0.0625	0.0629637	-0.0629637	0.0629637
8	Gm08_26194890	26194890	0.0625	0.0610515	-0.0610515	0.0610515
8	Gm08_26220122	26220122	0.0690789	-0.0327696	0.0327696	-0.0327696
8	Gm08_26263592	26263592	0.0625	0.059652	-0.059652	0.059652
8	Gm08_26267357	26267357	0.0690789	-0.033191	0.033191	-0.033191
8	Gm08_26279307	26279307	0.0986842	0.134551	-0.134551	0.134551
8	Gm08_26304420	26304420	0.0625	0.0703765	-0.0703765	0.0703765
8	Gm08_26304472	26304472	0.0625	0.0703765	-0.0703765	0.0703765
8	Gm08_26320276	26320276	0.0625	0.0702889	-0.0702889	0.0702889
8	Gm08_26322769	26322769	0.0657895	0.0216672	-0.0216672	0.0216672
8	Gm08_26323015	26323015	0.0625	0.0703457	-0.0703457	0.0703457
8	Gm08_26326348	26326348	0.0986842	0.134149	-0.134149	0.134149
8	Gm08_26327898	26327898	0.0625	0.0218461	-0.0218461	0.0218461
8	Gm08_26361927	26361927	0.0625	0.0161421	-0.0161421	0.0161421
8	Gm08_26365587	26365587	0.0625	-0.000425423	0.000425423	-0.000425423
8	Gm08_26366947	26366947	0.0657895	-0.0472024	0.0472024	-0.0472024
8	Gm08_26383281	26383281	0.0657895	-0.0456664	0.0456664	-0.0456664
8	Gm08_26383482	26383482	0.0625	0.00228877	-0.00228877	0.00228877
8	Gm08_26383910	26383910	0.0690789	-0.0912148	0.0912148	-0.0912148
8	Gm08_26425021	26425021	0.0657895	-0.04923	0.04923	-0.04923
8	Gm08_26425041	26425041	0.0657895	-0.04923	0.04923	-0.04923
8	Gm08_26425241	26425241	0.0657895	-0.04923	0.04923	-0.04923
8	Gm08_26427518	26427518	0.0657895	-0.04923	0.04923	-0.04923
8	Gm08_26427528	26427528	0.0657895	-0.04923	0.04923	-0.04923
8	Gm08_26431465	26431465	0.0625	-0.00324834	0.00324834	-0.00324834
8	Gm08_26440939	26440939	0.0625	-0.00383814	0.00383814	-0.00383814
8	Gm08_26448828	26448828	0.0625	-0.00638842	0.00638842	-0.00638842
8	Gm08_26451768	26451768	0.0625	-0.00658707	0.00658707	-0.00658707
8	Gm08_26451793	26451793	0.0625	-0.00658707	0.00658707	-0.00658707
8	Gm08_26453790	26453790	0.0625	-0.00968178	0.00968178	-0.00968178
8	Gm08_26465443	26465443	0.0657895	-0.058117	0.058117	-0.058117
8	Gm08_26492907	26492907	0.0559211	0.0321393	-0.0321393	0.0321393
8	Gm08_26498288	26498288	0.0625	-0.0159552	0.0159552	-0.0159552
8	Gm08_26513142	26513142	0.0625	-0.0167381	0.0167381	-0.0167381
8	Gm08_26526599	26526599	0.0625	-0.0190483	0.0190483	-0.0190483
8	Gm08_26528315	26528315	0.0625	-0.0190483	0.0190483	-0.0190483
8	Gm08_26538630	26538630	0.0625	-0.0234985	0.0234985	-0.0234985
8	Gm08_26560379	26560379	0.0625	-0.024065	0.024065	-0.024065
8	Gm08_26609392	26609392	0.0625	-0.0250644	0.0250644	-0.0250644
8	Gm08_26631407	26631407	0.0625	-0.0265081	0.0265081	-0.0265081
8	Gm08_26634904	26634904	0.0625	-0.0285023	0.0285023	-0.0285023
8	Gm08_26635162	26635162	0.0625	-0.0280611	0.0280611	-0.0280611
8	Gm08_26635387	26635387	0.0625	-0.0280611	0.0280611	-0.0280611
8	Gm08_26636281	26636281	0.0690789	-0.121866	0.121866	-0.121866
8	Gm08_26670465	26670465	0.0592105	0.0211073	-0.0211073	0.0211073
8	Gm08_26703783	26703783	0.0625	-0.0290313	0.0290313	-0.0290313
8	Gm08_26711305	26711305	0.118421	0.114059	-0.114059	0.114059
8	Gm08_26727756	26727756	0.0625	-0.032564	0.032564	-0.032564
8	Gm08_26728307	26728307	0.0625	-0.032564	0.032564	-0.032564
8	Gm08_26816240	26816240	0.0592105	0.00918935	-0.00918935	0.00918935
8	Gm08_26886595	26886595	0.0657895	-0.0887425	0.0887425	-0.0887425
8	Gm08_26901844	26901844	0.0625	-0.0422795	0.0422795	-0.0422795
8	Gm08_26901957	26901957	0.0625	-0.0422795	0.0422795	-0.0422795
8	Gm08_26901976	26901976	0.0625	-0.0422795	0.0422795	-0.0422795
8	Gm08_26902227	26902227	0.0625	-0.0422795	0.0422795	-0.0422795
8	Gm08_26912637	26912637	0.0625	-0.042965	0.042965	-0.042965
8	Gm08_26913719	26913719	0.0625	-0.042965	0.042965	-0.042965
8	Gm08_26919749	26919749	0.0625	-0.0445193	0.0445193	-0.0445193
8	Gm08_26921186	26921186	0.0625	-0.0445193	0.0445193	-0.0445193
8	Gm08_26929578	26929578	0.0657895	-0.0922338	0.0922338	-0.0922338
8	Gm08_26929607	26929607	0.0657895	-0.0922338	0.0922338	-0.0922338
8	Gm08_26976351	26976351	0.0625	-0.0489234	0.0489234	-0.0489234
8	Gm08_26981902	26981902	0.0756579	-0.207974	0.207974	-0.207974
8	Gm08_26987183	26987183	0.0625	-0.0531837	0.0531837	-0.0531837
8	Gm08_27034896	27034896	0.0625	-0.0618651	0.0618651	-0.0618651
8	Gm08_27046491	27046491	0.0625	-0.0623709	0.0623709	-0.0623709
8	Gm08_27067094	27067094	0.0657895	-0.113746	0.113746	-0.113746
8	Gm08_27067490	27067490	0.0625	-0.065806	0.065806	-0.065806
8	Gm08_27078169	27078169	0.0625	-0.0673306	0.0673306	-0.0673306
8	Gm08_27085441	27085441	0.0592105	-0.0453139	0.0453139	-0.0453139
8	Gm08_27092100	27092100	0.0625	-0.0688272	0.0688272	-0.0688272
8	Gm08_27126076	27126076	0.0625	-0.0764606	0.0764606	-0.0764606
8	Gm08_27157535	27157535	0.0625	-0.0680675	0.0680675	-0.0680675
8	Gm08_27163345	27163345	0.0625	-0.0680366	0.0680366	-0.0680366
8	Gm08_27163352	27163352	0.0625	-0.0680366	0.0680366	-0.0680366
8	Gm08_27174587	27174587	0.0657895	-0.1157	0.1157	-0.1157
8	Gm08_27187837	27187837	0.0625	-0.0673564	0.0673564	-0.0673564
8	Gm08_27202489	27202489	0.0625	-0.0682038	0.0682038	-0.0682038
8	Gm08_27213851	27213851	0.0657895	-0.115348	0.115348	-0.115348
8	Gm08_27235318	27235318	0.0625	-0.0680592	0.0680592	-0.0680592
8	Gm08_27236151	27236151	0.0625	-0.0680592	0.0680592	-0.0680592
8	Gm08_27236721	27236721	0.0625	-0.0680592	0.0680592	-0.0680592
8	Gm08_27236753	27236753	0.0625	-0.0680592	0.0680592	-0.0680592
8	Gm08_27236995	27236995	0.0625	-0.0680592	0.0680592	-0.0680592
8	Gm08_27245638	27245638	0.0657895	-0.116569	0.116569	-0.116569
8	Gm08_27245835	27245835	0.0690789	-0.162821	0.162821	-0.162821
8	Gm08_27246894	27246894	0.0625	-0.0679607	0.0679607	-0.0679607
8	Gm08_27249260	27249260	0.0625	-0.0679607	0.0679607	-0.0679607
8	Gm08_27267922	27267922	0.0625	-0.0687234	0.0687234	-0.0687234
8	Gm08_27268436	27268436	0.0690789	-0.162455	0.162455	-0.162455
8	Gm08_27278592	27278592	0.0657895	-0.115755	0.115755	-0.115755
8	Gm08_27280518	27280518	0.0657895	-0.116399	0.116399	-0.116399
8	Gm08_27280749	27280749	0.0657895	-0.116399	0.116399	-0.116399
8	Gm08_27283404	27283404	0.0690789	-0.162254	0.162254	-0.162254
8	Gm08_27297014	27297014	0.0625	-0.0691736	0.0691736	-0.0691736
8	Gm08_27336864	27336864	0.0625	-0.0709982	0.0709982	-0.0709982
8	Gm08_27345081	27345081	0.0625	-0.0709982	0.0709982	-0.0709982
8	Gm08_27346746	27346746	0.0592105	-0.113351	0.113351	-0.113351
8	Gm08_27377421	27377421	0.0592105	-0.0326515	0.0326515	-0.0326515
8	Gm08_27405734	27405734	0.0625	-0.0645451	0.0645451	-0.0645451
8	Gm08_27407629	27407629	0.0592105	-0.0396802	0.0396802	-0.0396802
8	Gm08_27407797	27407797	0.0657895	-0.107989	0.107989	-0.107989
8	Gm08_27410489	27410489	0.0657895	-0.105847	0.105847	-0.105847
8	Gm08_27440990	27440990	0.0657895	-0.101952	0.101952	-0.101952
8	Gm08_27453717	27453717	0.0625	-0.0520751	0.0520751	-0.0520751
8	Gm08_27505835	27505835	0.0625	-0.0442913	0.0442913	-0.0442913
8	Gm08_27514240	27514240	0.0625	-0.0411355	0.0411355	-0.0411355
8	Gm08_27518251	27518251	0.0657895	-0.0874144	0.0874144	-0.0874144
8	Gm08_27542784	27542784	0.0625	-0.0363801	0.0363801	-0.0363801
8	Gm08_27542795	27542795	0.0657895	-0.0848985	0.0848985	-0.0848985
8	Gm08_27544119	27544119	0.0657895	-0.0843029	0.0843029	-0.0843029
8	Gm08_27606534	27606534	0.0625	-0.0351187	0.0351187	-0.0351187
8	Gm08_27607321	27607321	0.0625	-0.0351187	0.0351187	-0.0351187
8	Gm08_27613770	27613770	0.0625	0.152501	-0.152501	0.152501
8	Gm08_27616742	27616742	0.0657895	-0.0767048	0.0767048	-0.0767048
8	Gm08_27628173	27628173	0.0657895	-0.0766664	0.0766664	-0.0766664
8	Gm08_27643261	27643261	0.0625	-0.0274844	0.0274844	-0.0274844
8	Gm08_27680454	27680454	0.0625	-0.0296967	0.0296967	-0.0296967
8	Gm08_27689016	27689016	0.0690789	-0.119852	0.119852	-0.119852
8	Gm08_27722903	27722903	0.0986842	0.13464	-0.13464	0.13464
8	Gm08_27739803	27739803	0.0690789	-0.082175	0.082175	-0.082175
8	Gm08_27739989	27739989	0.0690789	-0.082175	0.082175	-0.082175
8	Gm08_27740031	27740031	0.0690789	-0.082175	0.082175	-0.082175
8	Gm08_27746001	27746001	0.0625	0.00809751	-0.00809751	0.00809751
8	Gm08_27746890	27746890	0.0690789	-0.0800663	0.0800663	-0.0800663
8	Gm08_27754319	27754319	0.0690789	-0.0872637	0.0872637	-0.0872637
8	Gm08_27754528	27754528	0.0657895	-0.068913	0.068913	-0.068913
8	Gm08_27757144	27757144	0.0657895	-0.0409614	0.0409614	-0.0409614
8	Gm08_27761182	27761182	0.0657895	-0.0409614	0.0409614	-0.0409614
8	Gm08_27820556	27820556	0.0625	0.008852	-0.008852	0.008852
8	Gm08_27909673	27909673	0.0657895	-0.0347918	0.0347918	-0.0347918
8	Gm08_27918363	27918363	0.0625	0.0144977	-0.0144977	0.0144977
8	Gm08_27959672	27959672	0.0592105	0.0508797	-0.0508797	0.0508797
8	Gm08_27977977	27977977	0.0690789	-0.0796043	0.0796043	-0.0796043
8	Gm08_27978690	27978690	0.0657895	-0.035813	0.035813	-0.035813
8	Gm08_27982192	27982192	0.0625	0.0135175	-0.0135175	0.0135175
8	Gm08_28005392	28005392	0.0657895	-0.0343873	0.0343873	-0.0343873
8	Gm08_28006142	28006142	0.0657895	-0.033908	0.033908	-0.033908
8	Gm08_28008034	28008034	0.0657895	-0.033908	0.033908	-0.033908
8	Gm08_28019251	28019251	0.0690789	-0.0804126	0.0804126	-0.0804126
8	Gm08_28020307	28020307	0.0657895	-0.0343963	0.0343963	-0.0343963
8	Gm08_28020573	28020573	0.0657895	-0.0343963	0.0343963	-0.0343963
8	Gm08_28022801	28022801	0.0986842	0.141177	-0.141177	0.141177
8	Gm08_28024520	28024520	0.0625	-0.015328	0.015328	-0.015328
8	Gm08_28042338	28042338	0.0625	-0.0131366	0.0131366	-0.0131366
8	Gm08_28049222	28049222	0.0625	-0.0118421	0.0118421	-0.0118421
8	Gm08_28066359	28066359	0.0855263	0.136304	-0.136304	0.136304
8	Gm08_28069542	28069542	0.0625	-0.00294997	0.00294997	-0.00294997
8	Gm08_28073445	28073445	0.0690789	-0.0974917	0.0974917	-0.0974917
8	Gm08_28074707	28074707	0.0657895	-0.0514609	0.0514609	-0.0514609
8	Gm08_28075003	28075003	0.0625	-0.00286775	0.00286775	-0.00286775
8	Gm08_28094612	28094612	0.0657895	-0.0497098	0.0497098	-0.0497098
8	Gm08_28094617	28094617	0.0657895	-0.0497098	0.0497098	-0.0497098
8	Gm08_28099891	28099891	0.0625	-0.00164234	0.00164234	-0.00164234
8	Gm08_28121642	28121642	0.0657895	-0.0491679	0.0491679	-0.0491679
8	Gm08_28125960	28125960	0.0657895	-0.0491679	0.0491679	-0.0491679
8	Gm08_28133000	28133000	0.0657895	-0.0487496	0.0487496	-0.0487496
8	Gm08_28134383	28134383	0.0625	-0.00129764	0.00129764	-0.00129764
8	Gm08_28135058	28135058	0.0657895	-0.0493112	0.0493112	-0.0493112
8	Gm08_28162797	28162797	0.0625	-0.00311234	0.00311234	-0.00311234
8	Gm08_28164369	28164369	0.0756579	-0.155846	0.155846	-0.155846
8	Gm08_28170302	28170302	0.0657895	-0.0500669	0.0500669	-0.0500669
8	Gm08_28171025	28171025	0.0625	-0.0117554	0.0117554	-0.0117554
8	Gm08_28182971	28182971	0.0756579	-0.171925	0.171925	-0.171925
8	Gm08_28184875	28184875	0.0657895	-0.0489142	0.0489142	-0.0489142
8	Gm08_28186476	28186476	0.0625	-0.0010361	0.0010361	-0.0010361
8	Gm08_28195417	28195417	0.0625	-0.00173031	0.00173031	-0.00173031
8	Gm08_28204248	28204248	0.0625	-0.00304786	0.00304786	-0.00304786
8	Gm08_28234582	28234582	0.0657895	-0.053914	0.053914	-0.053914
8	Gm08_28249582	28249582	0.0625	-0.00797444	0.00797444	-0.00797444
8	Gm08_28252007	28252007	0.0625	-0.00797444	0.00797444	-0.00797444
8	Gm08_28259858	28259858	0.0625	-0.00797444	0.00797444	-0.00797444
8	Gm08_28269200	28269200	0.0657895	-0.0546793	0.0546793	-0.0546793
8	Gm08_28325550	28325550	0.0690789	-0.103253	0.103253	-0.103253
8	Gm08_28391788	28391788	0.0625	-0.0173537	0.0173537	-0.0173537
8	Gm08_28395909	28395909	0.0592105	-0.00125377	0.00125377	-0.00125377
8	Gm08_28404098	28404098	0.0625	-0.0454143	0.0454143	-0.0454143
8	Gm08_28451427	28451427	0.0625	-0.0523049	0.0523049	-0.0523049
8	Gm08_28456315	28456315	0.0625	-0.0542122	0.0542122	-0.0542122
8	Gm08_28506383	28506383	0.0625	-0.0593889	0.0593889	-0.0593889
8	Gm08_28522657	28522657	0.0625	-0.0622549	0.0622549	-0.0622549
8	Gm08_28527628	28527628	0.0657895	-0.110441	0.110441	-0.110441
8	Gm08_28530018	28530018	0.0592105	-0.0482379	0.0482379	-0.0482379
8	Gm08_28581589	28581589	0.0657895	-0.145439	0.145439	-0.145439
8	Gm08_28582842	28582842	0.0625	-0.0974455	0.0974455	-0.0974455
8	Gm08_28583352	28583352	0.0690789	-0.184308	0.184308	-0.184308
8	Gm08_28583520	28583520	0.0526316	-0.0526711	0.0526711	-0.0526711
8	Gm08_28584187	28584187	0.0625	-0.177197	0.177197	-0.177197
8	Gm08_28584879	28584879	0.0625	-0.177197	0.177197	-0.177197
8	Gm08_28585233	28585233	0.0690789	-0.271493	0.271493	-0.271493
8	Gm08_28585260	28585260	0.0690789	-0.271493	0.271493	-0.271493
8	Gm08_28586918	28586918	0.0625	-0.176406	0.176406	-0.176406
8	Gm08_28594559	28594559	0.0625	-0.188905	0.188905	-0.188905
8	Gm08_28594960	28594960	0.0657895	-0.237641	0.237641	-0.237641
8	Gm08_28595040	28595040	0.0657895	-0.237641	0.237641	-0.237641
8	Gm08_28595617	28595617	0.0657895	-0.235728	0.235728	-0.235728
8	Gm08_28596229	28596229	0.0657895	-0.235728	0.235728	-0.235728
8	Gm08_28652235	28652235	0.0625	-0.188745	0.188745	-0.188745
8	Gm08_28652271	28652271	0.0657895	-0.237393	0.237393	-0.237393
8	Gm08_28655219	28655219	0.0625	-0.188893	0.188893	-0.188893
8	Gm08_28655229	28655229	0.0756579	-0.340249	0.340249	-0.340249
8	Gm08_28655575	28655575	0.0592105	-0.139535	0.139535	-0.139535
8	Gm08_28655611	28655611	0.0559211	-0.0940795	0.0940795	-0.0940795
8	Gm08_28658372	28658372	0.0657895	-0.213916	0.213916	-0.213916
8	Gm08_28658377	28658377	0.0657895	-0.213916	0.213916	-0.213916
8	Gm08_28658418	28658418	0.0657895	-0.213916	0.213916	-0.213916
8	Gm08_28662463	28662463	0.0592105	-0.122255	0.122255	-0.122255
8	Gm08_28662496	28662496	0.0559211	-0.103564	0.103564	-0.103564
8	Gm08_28665957	28665957	0.0657895	-0.188372	0.188372	-0.188372
8	Gm08_28721358	28721358	0.0625	-0.135551	0.135551	-0.135551
8	Gm08_28726033	28726033	0.0625	-0.134521	0.134521	-0.134521
8	Gm08_28726052	28726052	0.0592105	-0.0855995	0.0855995	-0.0855995
8	Gm08_28726194	28726194	0.0625	-0.136607	0.136607	-0.136607
8	Gm08_28726248	28726248	0.0625	-0.136607	0.136607	-0.136607
8	Gm08_28735322	28735322	0.0625	-0.135173	0.135173	-0.135173
8	Gm08_28735362	28735362	0.0592105	-0.0857487	0.0857487	-0.0857487
8	Gm08_28737196	28737196	0.0625	-0.118254	0.118254	-0.118254
8	Gm08_28737301	28737301	0.0625	-0.118254	0.118254	-0.118254
8	Gm08_28737336	28737336	0.105263	0.0448746	-0.0448746	0.0448746
8	Gm08_28737357	28737357	0.157895	-0.309646	0.309646	-0.309646
8	Gm08_28746085	28746085	0.0657895	-0.157893	0.157893	-0.157893
8	Gm08_28754080	28754080	0.0690789	-0.204566	0.204566	-0.204566
8	Gm08_28935469	28935469	0.0625	-0.0936339	0.0936339	-0.0936339
8	Gm08_28939919	28939919	0.0723684	-0.228334	0.228334	-0.228334
8	Gm08_28953793	28953793	0.0657895	-0.142374	0.142374	-0.142374
8	Gm08_29000330	29000330	0.0625	-0.0989414	0.0989414	-0.0989414
8	Gm08_29009157	29009157	0.0625	-0.099279	0.099279	-0.099279
8	Gm08_29009338	29009338	0.0625	-0.099279	0.099279	-0.099279
8	Gm08_29050178	29050178	0.0921053	0.0637352	-0.0637352	0.0637352
8	Gm08_29061035	29061035	0.0690789	-0.196998	0.196998	-0.196998
8	Gm08_29138445	29138445	0.0625	-0.124967	0.124967	-0.124967
8	Gm08_29147626	29147626	0.0592105	-0.0874635	0.0874635	-0.0874635
8	Gm08_29172764	29172764	0.0657895	-0.148987	0.148987	-0.148987
8	Gm08_29183576	29183576	0.0625	-0.100901	0.100901	-0.100901
8	Gm08_29183944	29183944	0.0625	-0.100901	0.100901	-0.100901
8	Gm08_29189118	29189118	0.0625	-0.100748	0.100748	-0.100748
8	Gm08_29192829	29192829	0.0592105	-0.0532566	0.0532566	-0.0532566
8	Gm08_29197127	29197127	0.0690789	-0.161647	0.161647	-0.161647
8	Gm08_29211739	29211739	0.0657895	-0.115827	0.115827	-0.115827
8	Gm08_29211972	29211972	0.0657895	-0.115827	0.115827	-0.115827
8	Gm08_29225755	29225755	0.0625	-0.0686889	0.0686889	-0.0686889
8	Gm08_29225972	29225972	0.0657895	-0.115377	0.115377	-0.115377
8	Gm08_29246477	29246477	0.0690789	-0.159842	0.159842	-0.159842
8	Gm08_29246693	29246693	0.0657895	-0.114027	0.114027	-0.114027
8	Gm08_29246966	29246966	0.0690789	-0.159734	0.159734	-0.159734
8	Gm08_29292394	29292394	0.0625	-0.0665165	0.0665165	-0.0665165
8	Gm08_29305647	29305647	0.0625	-0.0666615	0.0666615	-0.0666615
8	Gm08_29305850	29305850	0.0625	-0.0666615	0.0666615	-0.0666615
8	Gm08_29318473	29318473	0.0690789	-0.157171	0.157171	-0.157171
8	Gm08_29318804	29318804	0.0690789	-0.157171	0.157171	-0.157171
8	Gm08_29342847	29342847	0.0559211	-0.00242225	0.00242225	-0.00242225
8	Gm08_29352972	29352972	0.0657895	-0.129262	0.129262	-0.129262
8	Gm08_29353001	29353001	0.0592105	-0.0336067	0.0336067	-0.0336067
8	Gm08_29353117	29353117	0.121711	-0.380484	0.380484	-0.380484
8	Gm08_29353157	29353157	0.0592105	-0.0426604	0.0426604	-0.0426604
8	Gm08_29441153	29441153	0.0592105	-0.0359086	0.0359086	-0.0359086
8	Gm08_29441756	29441756	0.0592105	-0.0359086	0.0359086	-0.0359086
8	Gm08_29441786	29441786	0.0592105	-0.0359086	0.0359086	-0.0359086
8	Gm08_29467545	29467545	0.0625	-0.0675164	0.0675164	-0.0675164
8	Gm08_29467832	29467832	0.0625	-0.0675164	0.0675164	-0.0675164
8	Gm08_29478284	29478284	0.0625	-0.0662917	0.0662917	-0.0662917
8	Gm08_29478553	29478553	0.0625	-0.0662917	0.0662917	-0.0662917
8	Gm08_29516700	29516700	0.0657895	-0.110873	0.110873	-0.110873
8	Gm08_29516717	29516717	0.0657895	-0.110873	0.110873	-0.110873
8	Gm08_29522247	29522247	0.0625	-0.0624023	0.0624023	-0.0624023
8	Gm08_29522530	29522530	0.0625	-0.0624023	0.0624023	-0.0624023
8	Gm08_29533533	29533533	0.0657895	0.0776793	-0.0776793	0.0776793
8	Gm08_29571471	29571471	0.0690789	-0.157732	0.157732	-0.157732
8	Gm08_29571510	29571510	0.0690789	-0.157732	0.157732	-0.157732
8	Gm08_29571517	29571517	0.0723684	-0.198441	0.198441	-0.198441
8	Gm08_29588450	29588450	0.0657895	-0.113121	0.113121	-0.113121
8	Gm08_29589973	29589973	0.0657895	-0.113121	0.113121	-0.113121
8	Gm08_29611666	29611666	0.0723684	-0.198652	0.198652	-0.198652
8	Gm08_29611706	29611706	0.0657895	-0.11552	0.11552	-0.11552
8	Gm08_29625476	29625476	0.0657895	-0.11552	0.11552	-0.11552
8	Gm08_29625599	29625599	0.0690789	-0.161858	0.161858	-0.161858
8	Gm08_29625838	29625838	0.0690789	-0.161858	0.161858	-0.161858
8	Gm08_29625883	29625883	0.0625	-0.0698394	0.0698394	-0.0698394
8	Gm08_29632583	29632583	0.0625	-0.0698394	0.0698394	-0.0698394
8	Gm08_29632619	29632619	0.0625	-0.0698394	0.0698394	-0.0698394
8	Gm08_29633358	29633358	0.0625	-0.0698394	0.0698394	-0.0698394
8	Gm08_29633392	29633392	0.0625	-0.0698394	0.0698394	-0.0698394
8	Gm08_29633689	29633689	0.0625	-0.0698394	0.0698394	-0.0698394
8	Gm08_29633891	29633891	0.0625	-0.0698394	0.0698394	-0.0698394
8	Gm08_29638679	29638679	0.0657895	-0.118465	0.118465	-0.118465
8	Gm08_29639023	29639023	0.0625	-0.0698106	0.0698106	-0.0698106
8	Gm08_29641859	29641859	0.0657895	-0.118535	0.118535	-0.118535
8	Gm08_29641871	29641871	0.0625	-0.0698054	0.0698054	-0.0698054
8	Gm08_29641883	29641883	0.0657895	-0.118555	0.118555	-0.118555
8	Gm08_29644061	29644061	0.0690789	-0.162148	0.162148	-0.162148
8	Gm08_29644412	29644412	0.0657895	-0.117713	0.117713	-0.117713
8	Gm08_29666563	29666563	0.0690789	-0.163471	0.163471	-0.163471
8	Gm08_29666618	29666618	0.0690789	-0.163471	0.163471	-0.163471
8	Gm08_29666892	29666892	0.0657895	-0.118323	0.118323	-0.118323
8	Gm08_29669495	29669495	0.0625	-0.0702542	0.0702542	-0.0702542
8	Gm08_29669534	29669534	0.0625	-0.0702542	0.0702542	-0.0702542
8	Gm08_29676188	29676188	0.0559211	-0.0246144	0.0246144	-0.0246144
8	Gm08_29685090	29685090	0.0690789	-0.167812	0.167812	-0.167812
8	Gm08_29703606	29703606	0.0657895	-0.122397	0.122397	-0.122397
8	Gm08_29722322	29722322	0.0657895	-0.122576	0.122576	-0.122576
8	Gm08_29722659	29722659	0.0526316	-0.0052935	0.0052935	-0.0052935
8	Gm08_29731980	29731980	0.0657895	-0.0826994	0.0826994	-0.0826994
8	Gm08_29732484	29732484	0.0625	-0.0363101	0.0363101	-0.0363101
8	Gm08_29732507	29732507	0.0625	-0.0363101	0.0363101	-0.0363101
8	Gm08_29746756	29746756	0.0690789	-0.126411	0.126411	-0.126411
8	Gm08_29750144	29750144	0.0657895	-0.0804792	0.0804792	-0.0804792
8	Gm08_29764807	29764807	0.0625	-0.029431	0.029431	-0.029431
8	Gm08_29764844	29764844	0.0625	-0.029431	0.029431	-0.029431
8	Gm08_29765029	29765029	0.0625	-0.029431	0.029431	-0.029431
8	Gm08_29769103	29769103	0.0657895	-0.0778361	0.0778361	-0.0778361
8	Gm08_29777659	29777659	0.0625	-0.0286992	0.0286992	-0.0286992
8	Gm08_29791627	29791627	0.0625	-0.0243832	0.0243832	-0.0243832
8	Gm08_29794357	29794357	0.0625	-0.0243832	0.0243832	-0.0243832
8	Gm08_29807727	29807727	0.0657895	-0.0673814	0.0673814	-0.0673814
8	Gm08_29808028	29808028	0.0657895	-0.0673814	0.0673814	-0.0673814
8	Gm08_29824591	29824591	0.0690789	-0.112962	0.112962	-0.112962
8	Gm08_29824810	29824810	0.0690789	-0.112962	0.112962	-0.112962
8	Gm08_29833635	29833635	0.0625	-0.0200194	0.0200194	-0.0200194
8	Gm08_29925391	29925391	0.0657895	-0.0629596	0.0629596	-0.0629596
8	Gm08_29933178	29933178	0.0657895	-0.0628071	0.0628071	-0.0628071
8	Gm08_29933209	29933209	0.0657895	-0.0628071	0.0628071	-0.0628071
8	Gm08_29936162	29936162	0.0657895	-0.0603844	0.0603844	-0.0603844
8	Gm08_29942025	29942025	0.0657895	-0.059895	0.059895	-0.059895
8	Gm08_29951394	29951394	0.0625	-0.0120356	0.0120356	-0.0120356
8	Gm08_29951672	29951672	0.0625	-0.0120356	0.0120356	-0.0120356
8	Gm08_29957197	29957197	0.0625	-0.0104995	0.0104995	-0.0104995
8	Gm08_29957806	29957806	0.0657895	-0.0566116	0.0566116	-0.0566116
8	Gm08_29983984	29983984	0.0690789	-0.0966926	0.0966926	-0.0966926
8	Gm08_30009660	30009660	0.101974	0.127745	-0.127745	0.127745
8	Gm08_30033596	30033596	0.0625	0.0557585	-0.0557585	0.0557585
8	Gm08_30085365	30085365	0.101974	0.132142	-0.132142	0.132142
8	Gm08_30208072	30208072	0.0657895	0.0354775	-0.0354775	0.0354775
8	Gm08_30209729	30209729	0.0657895	0.0342877	-0.0342877	0.0342877
8	Gm08_30249592	30249592	0.0625	0.0922773	-0.0922773	0.0922773
8	Gm08_30249881	30249881	0.0657895	0.0460829	-0.0460829	0.0460829
8	Gm08_30271831	30271831	0.0657895	0.0447475	-0.0447475	0.0447475
8	Gm08_30272556	30272556	0.0625	0.0928463	-0.0928463	0.0928463
8	Gm08_30272832	30272832	0.0625	0.0928463	-0.0928463	0.0928463
8	Gm08_30276098	30276098	0.0625	0.0928463	-0.0928463	0.0928463
8	Gm08_30276173	30276173	0.0657895	0.0462561	-0.0462561	0.0462561
8	Gm08_30276207	30276207	0.0657895	0.0462561	-0.0462561	0.0462561
8	Gm08_30277170	30277170	0.0657895	0.0457433	-0.0457433	0.0457433
8	Gm08_30294380	30294380	0.0625	0.0999876	-0.0999876	0.0999876
8	Gm08_30304262	30304262	0.0625	0.0999876	-0.0999876	0.0999876
8	Gm08_30304282	30304282	0.0657895	0.0534486	-0.0534486	0.0534486
8	Gm08_30304614	30304614	0.0625	0.102124	-0.102124	0.102124
8	Gm08_30307634	30307634	0.154605	-0.0632823	0.0632823	-0.0632823
8	Gm08_30320715	30320715	0.0657895	0.0729276	-0.0729276	0.0729276
8	Gm08_30324053	30324053	0.0592105	0.0260713	-0.0260713	0.0260713
8	Gm08_30324059	30324059	0.141447	-0.314521	0.314521	-0.314521
8	Gm08_30325568	30325568	0.0625	0.13538	-0.13538	0.13538
8	Gm08_30327065	30327065	0.0592105	0.168712	-0.168712	0.168712
8	Gm08_30327368	30327368	0.0592105	0.168712	-0.168712	0.168712
8	Gm08_30329041	30329041	0.0625	0.120922	-0.120922	0.120922
8	Gm08_30329178	30329178	0.0625	0.120922	-0.120922	0.120922
8	Gm08_30335807	30335807	0.0625	0.124364	-0.124364	0.124364
8	Gm08_30335913	30335913	0.0625	0.124364	-0.124364	0.124364
8	Gm08_30344287	30344287	0.0657895	0.0783548	-0.0783548	0.0783548
8	Gm08_30349479	30349479	0.0723684	-0.00941038	0.00941038	-0.00941038
8	Gm08_30349783	30349783	0.0723684	-0.00941038	0.00941038	-0.00941038
8	Gm08_30354039	30354039	0.0690789	0.0364658	-0.0364658	0.0364658
8	Gm08_30354302	30354302	0.0690789	0.0364658	-0.0364658	0.0364658
8	Gm08_30368136	30368136	0.0657895	0.0818978	-0.0818978	0.0818978
8	Gm08_30369268	30369268	0.0657895	0.0818978	-0.0818978	0.0818978
8	Gm08_30369591	30369591	0.0657895	0.0819177	-0.0819177	0.0819177
8	Gm08_30418201	30418201	0.0625	0.13179	-0.13179	0.13179
8	Gm08_30419503	30419503	0.101974	0.206987	-0.206987	0.206987
8	Gm08_30423508	30423508	0.0625	0.124253	-0.124253	0.124253
8	Gm08_30435198	30435198	0.0822368	-0.0678691	0.0678691	-0.0678691
8	Gm08_30456636	30456636	0.0625	0.132809	-0.132809	0.132809
8	Gm08_30468606	30468606	0.0625	0.133737	-0.133737	0.133737
8	Gm08_30487891	30487891	0.0657895	0.0883449	-0.0883449	0.0883449
8	Gm08_30491384	30491384	0.0657895	0.0898505	-0.0898505	0.0898505
8	Gm08_30492402	30492402	0.0625	0.137215	-0.137215	0.137215
8	Gm08_30492458	30492458	0.0625	0.137215	-0.137215	0.137215
8	Gm08_30501181	30501181	0.0625	0.140555	-0.140555	0.140555
8	Gm08_30501683	30501683	0.0657895	0.0925274	-0.0925274	0.0925274
8	Gm08_30518065	30518065	0.0625	0.14178	-0.14178	0.14178
8	Gm08_30518096	30518096	0.0625	0.14178	-0.14178	0.14178
8	Gm08_30520954	30520954	0.0625	0.14178	-0.14178	0.14178
8	Gm08_30526701	30526701	0.0625	0.142059	-0.142059	0.142059
8	Gm08_30539528	30539528	0.0657895	0.0972571	-0.0972571	0.0972571
8	Gm08_30541046	30541046	0.0625	0.145619	-0.145619	0.145619
8	Gm08_30556763	30556763	0.0657895	0.10133	-0.10133	0.10133
8	Gm08_30557965	30557965	0.0625	0.149734	-0.149734	0.149734
8	Gm08_30557980	30557980	0.0625	0.149734	-0.149734	0.149734
8	Gm08_30558190	30558190	0.0625	0.144684	-0.144684	0.144684
8	Gm08_30558221	30558221	0.0657895	0.1021	-0.1021	0.1021
8	Gm08_30561292	30561292	0.0625	0.150817	-0.150817	0.150817
8	Gm08_30566959	30566959	0.0690789	0.0584564	-0.0584564	0.0584564
8	Gm08_30571348	30571348	0.0625	0.153067	-0.153067	0.153067
8	Gm08_30571358	30571358	0.0625	0.153067	-0.153067	0.153067
8	Gm08_30571382	30571382	0.101974	0.21831	-0.21831	0.21831
8	Gm08_30579441	30579441	0.0625	0.173275	-0.173275	0.173275
8	Gm08_30582193	30582193	0.101974	0.2184	-0.2184	0.2184
8	Gm08_30590473	30590473	0.0657895	0.0989597	-0.0989597	0.0989597
8	Gm08_30596579	30596579	0.0625	0.118245	-0.118245	0.118245
8	Gm08_30601356	30601356	0.0625	0.125246	-0.125246	0.125246
8	Gm08_30602722	30602722	0.0690789	0.0317327	-0.0317327	0.0317327
8	Gm08_30646792	30646792	0.0657895	0.0891406	-0.0891406	0.0891406
8	Gm08_30650475	30650475	0.0625	0.136813	-0.136813	0.136813
8	Gm08_30656610	30656610	0.0657895	0.0886696	-0.0886696	0.0886696
8	Gm08_30731904	30731904	0.0625	0.151992	-0.151992	0.151992
8	Gm08_30740972	30740972	0.0690789	0.0603405	-0.0603405	0.0603405
8	Gm08_30756363	30756363	0.0657895	0.109543	-0.109543	0.109543
8	Gm08_30756663	30756663	0.0657895	0.108912	-0.108912	0.108912
8	Gm08_30777259	30777259	0.0625	0.161736	-0.161736	0.161736
8	Gm08_30781818	30781818	0.473684	-0.135915	0.135915	-0.135915
8	Gm08_30803979	30803979	0.0625	0.167496	-0.167496	0.167496
8	Gm08_30910316	30910316	0.0657895	0.118363	-0.118363	0.118363
8	Gm08_30911870	30911870	0.0625	0.166622	-0.166622	0.166622
8	Gm08_30913327	30913327	0.0657895	0.117925	-0.117925	0.117925
8	Gm08_30913352	30913352	0.0657895	0.117925	-0.117925	0.117925
8	Gm08_30915065	30915065	0.0592105	0.216048	-0.216048	0.216048
8	Gm08_30982665	30982665	0.0657895	0.12139	-0.12139	0.12139
8	Gm08_30983911	30983911	0.0592105	0.212759	-0.212759	0.212759
8	Gm08_31002620	31002620	0.0625	0.171092	-0.171092	0.171092
8	Gm08_31064068	31064068	0.0657895	0.12129	-0.12129	0.12129
8	Gm08_31102479	31102479	0.0625	0.171275	-0.171275	0.171275
8	Gm08_31114443	31114443	0.0690789	0.0778302	-0.0778302	0.0778302
8	Gm08_31128031	31128031	0.0592105	0.19529	-0.19529	0.19529
8	Gm08_31139492	31139492	0.0625	0.171802	-0.171802	0.171802
8	Gm08_31146093	31146093	0.0690789	0.082491	-0.082491	0.082491
8	Gm08_31151850	31151850	0.0723684	0.115264	-0.115264	0.115264
8	Gm08_31190656	31190656	0.0789474	0.301784	-0.301784	0.301784
8	Gm08_31244736	31244736	0.0657895	0.165484	-0.165484	0.165484
8	Gm08_31248110	31248110	0.0625	0.212964	-0.212964	0.212964
8	Gm08_31248131	31248131	0.0625	0.212964	-0.212964	0.212964
8	Gm08_31282253	31282253	0.141447	-0.0932909	0.0932909	-0.0932909
8	Gm08_31282906	31282906	0.0690789	0.072775	-0.072775	0.072775
8	Gm08_31283239	31283239	0.0625	0.167352	-0.167352	0.167352
8	Gm08_31311492	31311492	0.0690789	0.0695085	-0.0695085	0.0695085
8	Gm08_31322389	31322389	0.0625	0.160568	-0.160568	0.160568
8	Gm08_31329213	31329213	0.0723684	0.0251946	-0.0251946	0.0251946
8	Gm08_31334192	31334192	0.0592105	0.202743	-0.202743	0.202743
8	Gm08_31350427	31350427	0.0690789	0.0645628	-0.0645628	0.0645628
8	Gm08_31369531	31369531	0.0690789	0.0616519	-0.0616519	0.0616519
8	Gm08_31369658	31369658	0.0690789	0.0616032	-0.0616032	0.0616032
8	Gm08_31369690	31369690	0.0690789	0.0616032	-0.0616032	0.0616032
8	Gm08_31371509	31371509	0.0625	0.152988	-0.152988	0.152988
8	Gm08_31436740	31436740	0.0625	0.149554	-0.149554	0.149554
8	Gm08_31440848	31440848	0.0592105	0.18883	-0.18883	0.18883
8	Gm08_31441425	31441425	0.0723684	0.00462143	-0.00462143	0.00462143
8	Gm08_31446757	31446757	0.0625	0.140332	-0.140332	0.140332
8	Gm08_31478988	31478988	0.0625	0.13879	-0.13879	0.13879
8	Gm08_31493043	31493043	0.0723684	0.0108429	-0.0108429	0.0108429
8	Gm08_31527135	31527135	0.194079	0.222737	-0.222737	0.222737
8	Gm08_31542829	31542829	0.0657895	0.0686948	-0.0686948	0.0686948
8	Gm08_31547357	31547357	0.0657895	0.0686948	-0.0686948	0.0686948
8	Gm08_31551541	31551541	0.0592105	0.162402	-0.162402	0.162402
8	Gm08_31552886	31552886	0.0625	0.12207	-0.12207	0.12207
8	Gm08_31563204	31563204	0.0657895	0.0696249	-0.0696249	0.0696249
8	Gm08_31575704	31575704	0.0625	0.115064	-0.115064	0.115064
8	Gm08_31575898	31575898	0.0625	0.115064	-0.115064	0.115064
8	Gm08_31575940	31575940	0.0625	0.115064	-0.115064	0.115064
8	Gm08_31583514	31583514	0.0592105	0.155089	-0.155089	0.155089
8	Gm08_31588516	31588516	0.0690789	0.0234815	-0.0234815	0.0234815
8	Gm08_31607101	31607101	0.0690789	0.0189886	-0.0189886	0.0189886
8	Gm08_31608004	31608004	0.0690789	0.0189886	-0.0189886	0.0189886
8	Gm08_31623965	31623965	0.0592105	0.132389	-0.132389	0.132389
8	Gm08_31687554	31687554	0.141447	0.206712	-0.206712	0.206712
8	Gm08_31715401	31715401	0.0625	0.0827514	-0.0827514	0.0827514
8	Gm08_31733955	31733955	0.0657895	0.0308672	-0.0308672	0.0308672
8	Gm08_31738242	31738242	0.0625	0.0790463	-0.0790463	0.0790463
8	Gm08_31738517	31738517	0.0690789	-0.0152227	0.0152227	-0.0152227
8	Gm08_31741267	31741267	0.0657895	0.0272869	-0.0272869	0.0272869
8	Gm08_31766515	31766515	0.0625	0.0716495	-0.0716495	0.0716495
8	Gm08_31774225	31774225	0.0625	0.0716495	-0.0716495	0.0716495
8	Gm08_31774287	31774287	0.0625	0.0716495	-0.0716495	0.0716495
8	Gm08_31798618	31798618	0.0657895	0.0206002	-0.0206002	0.0206002
8	Gm08_31817036	31817036	0.0625	0.0637904	-0.0637904	0.0637904
8	Gm08_31828119	31828119	0.0625	0.0622955	-0.0622955	0.0622955
8	Gm08_31891127	31891127	0.0592105	0.0999044	-0.0999044	0.0999044
8	Gm08_31929548	31929548	0.0559211	0.139326	-0.139326	0.139326
8	Gm08_32028176	32028176	0.0625	0.0557808	-0.0557808	0.0557808
8	Gm08_32056176	32056176	0.0625	0.0558362	-0.0558362	0.0558362
8	Gm08_32056193	32056193	0.0625	0.0558362	-0.0558362	0.0558362
8	Gm08_32061285	32061285	0.0625	0.0554803	-0.0554803	0.0554803
8	Gm08_32073726	32073726	0.0690789	-0.0398168	0.0398168	-0.0398168
8	Gm08_32075760	32075760	0.0986842	0.174246	-0.174246	0.174246
8	Gm08_32076794	32076794	0.0592105	0.0993593	-0.0993593	0.0993593
8	Gm08_32086101	32086101	0.0657895	0.0249251	-0.0249251	0.0249251
8	Gm08_32086497	32086497	0.0625	0.0732872	-0.0732872	0.0732872
8	Gm08_32091271	32091271	0.0625	0.0732872	-0.0732872	0.0732872
8	Gm08_32175941	32175941	0.0625	0.0648354	-0.0648354	0.0648354
8	Gm08_32176256	32176256	0.0625	0.0648354	-0.0648354	0.0648354
8	Gm08_32188975	32188975	0.0657895	0.0165055	-0.0165055	0.0165055
8	Gm08_32190477	32190477	0.0625	0.0649344	-0.0649344	0.0649344
8	Gm08_32194000	32194000	0.0625	0.0613478	-0.0613478	0.0613478
8	Gm08_32237238	32237238	0.0690789	-0.0299679	0.0299679	-0.0299679
8	Gm08_32237445	32237445	0.0690789	-0.0299679	0.0299679	-0.0299679
8	Gm08_32237487	32237487	0.0690789	-0.0299679	0.0299679	-0.0299679
8	Gm08_32245115	32245115	0.0625	0.0620751	-0.0620751	0.0620751
8	Gm08_32267473	32267473	0.0625	0.0628442	-0.0628442	0.0628442
8	Gm08_32267502	32267502	0.0625	0.0628442	-0.0628442	0.0628442
8	Gm08_32267643	32267643	0.0625	0.0628442	-0.0628442	0.0628442
8	Gm08_32281066	32281066	0.0625	0.0648792	-0.0648792	0.0648792
8	Gm08_32322663	32322663	0.0657895	0.0127182	-0.0127182	0.0127182
8	Gm08_32423015	32423015	0.0690789	-0.0348336	0.0348336	-0.0348336
8	Gm08_32423613	32423613	0.0657895	0.0111255	-0.0111255	0.0111255
8	Gm08_32425019	32425019	0.115132	-0.272623	0.272623	-0.272623
8	Gm08_32440409	32440409	0.0625	0.0593383	-0.0593383	0.0593383
8	Gm08_32440820	32440820	0.0657895	0.0106925	-0.0106925	0.0106925
8	Gm08_32446145	32446145	0.0592105	0.0857562	-0.0857562	0.0857562
8	Gm08_32447267	32447267	0.0657895	0.0142244	-0.0142244	0.0142244
8	Gm08_32471831	32471831	0.0625	0.0624096	-0.0624096	0.0624096
8	Gm08_32486585	32486585	0.0625	0.0602905	-0.0602905	0.0602905
8	Gm08_32567447	32567447	0.0625	0.0550639	-0.0550639	0.0550639
8	Gm08_32568646	32568646	0.0690789	-0.0386059	0.0386059	-0.0386059
8	Gm08_32581785	32581785	0.0657895	0.00719168	-0.00719168	0.00719168
8	Gm08_32590252	32590252	0.0657895	0.00779267	-0.00779267	0.00779267
8	Gm08_32619452	32619452	0.0657895	0.00761109	-0.00761109	0.00761109
8	Gm08_32619457	32619457	0.0657895	0.00761109	-0.00761109	0.00761109
8	Gm08_32628146	32628146	0.0657895	0.00732284	-0.00732284	0.00732284
8	Gm08_32630900	32630900	0.0657895	0.00564818	-0.00564818	0.00564818
8	Gm08_32631216	32631216	0.0625	0.054287	-0.054287	0.054287
8	Gm08_32634233	32634233	0.0625	0.054287	-0.054287	0.054287
8	Gm08_32652657	32652657	0.0625	0.054287	-0.054287	0.054287
8	Gm08_32668737	32668737	0.0657895	0.00655682	-0.00655682	0.00655682
8	Gm08_32691702	32691702	0.0625	0.053784	-0.053784	0.053784
8	Gm08_32694212	32694212	0.0657895	0.00571862	-0.00571862	0.00571862
8	Gm08_32738775	32738775	0.0625	0.054842	-0.054842	0.054842
8	Gm08_32818867	32818867	0.0690789	-0.0348143	0.0348143	-0.0348143
8	Gm08_32823041	32823041	0.0657895	0.0109834	-0.0109834	0.0109834
8	Gm08_32823335	32823335	0.0657895	0.0109834	-0.0109834	0.0109834
8	Gm08_32823598	32823598	0.0625	0.0590277	-0.0590277	0.0590277
8	Gm08_32871093	32871093	0.0690789	-0.0342506	0.0342506	-0.0342506
8	Gm08_32871151	32871151	0.0690789	-0.0342506	0.0342506	-0.0342506
8	Gm08_32871366	32871366	0.0690789	-0.0342506	0.0342506	-0.0342506
8	Gm08_32873519	32873519	0.0625	0.0597593	-0.0597593	0.0597593
8	Gm08_32879014	32879014	0.0625	0.0597593	-0.0597593	0.0597593
8	Gm08_32890740	32890740	0.0625	0.0597593	-0.0597593	0.0597593
8	Gm08_32890979	32890979	0.0625	0.0597593	-0.0597593	0.0597593
8	Gm08_32929364	32929364	0.0690789	-0.0312552	0.0312552	-0.0312552
8	Gm08_32944887	32944887	0.0657895	0.0148401	-0.0148401	0.0148401
8	Gm08_32965444	32965444	0.0625	0.0612573	-0.0612573	0.0612573
8	Gm08_32973443	32973443	0.0625	0.0612573	-0.0612573	0.0612573
8	Gm08_33015487	33015487	0.0657895	0.0131167	-0.0131167	0.0131167
8	Gm08_33044473	33044473	0.220395	-0.283255	0.283255	-0.283255
8	Gm08_33046172	33046172	0.0625	0.103511	-0.103511	0.103511
8	Gm08_33060420	33060420	0.0657895	0.0567298	-0.0567298	0.0567298
8	Gm08_33080611	33080611	0.0592105	0.129078	-0.129078	0.129078
8	Gm08_33117236	33117236	0.0657895	0.0558864	-0.0558864	0.0558864
8	Gm08_33117281	33117281	0.0657895	0.0558864	-0.0558864	0.0558864
8	Gm08_33146347	33146347	0.0657895	0.0558864	-0.0558864	0.0558864
8	Gm08_33146967	33146967	0.0625	0.102944	-0.102944	0.102944
8	Gm08_33168340	33168340	0.151316	0.217222	-0.217222	0.217222
8	Gm08_33216008	33216008	0.0657895	0.0584212	-0.0584212	0.0584212
8	Gm08_33216021	33216021	0.0657895	0.0584212	-0.0584212	0.0584212
8	Gm08_33220814	33220814	0.0657895	0.0584212	-0.0584212	0.0584212
8	Gm08_33224085	33224085	0.0690789	0.0127154	-0.0127154	0.0127154
8	Gm08_33224348	33224348	0.0690789	0.0127154	-0.0127154	0.0127154
8	Gm08_33233086	33233086	0.0625	0.105183	-0.105183	0.105183
8	Gm08_33237096	33237096	0.0657895	0.056528	-0.056528	0.056528
8	Gm08_33237110	33237110	0.0657895	0.056528	-0.056528	0.056528
8	Gm08_33238201	33238201	0.0625	0.103328	-0.103328	0.103328
8	Gm08_33257151	33257151	0.101974	0.180996	-0.180996	0.180996
8	Gm08_33260878	33260878	0.0625	0.0979603	-0.0979603	0.0979603
8	Gm08_33260998	33260998	0.0625	0.0979603	-0.0979603	0.0979603
8	Gm08_33270151	33270151	0.0657895	0.0481365	-0.0481365	0.0481365
8	Gm08_33299926	33299926	0.0657895	0.0454591	-0.0454591	0.0454591
8	Gm08_33353971	33353971	0.0657895	0.0402991	-0.0402991	0.0402991
8	Gm08_33374843	33374843	0.0657895	0.0402991	-0.0402991	0.0402991
8	Gm08_33404678	33404678	0.0592105	0.102062	-0.102062	0.102062
8	Gm08_33414396	33414396	0.0625	0.0434735	-0.0434735	0.0434735
8	Gm08_33427915	33427915	0.0657895	0.0171803	-0.0171803	0.0171803
8	Gm08_33435707	33435707	0.0657895	0.0171803	-0.0171803	0.0171803
8	Gm08_33436751	33436751	0.0657895	0.0171803	-0.0171803	0.0171803
8	Gm08_33443379	33443379	0.0657895	0.0166852	-0.0166852	0.0166852
8	Gm08_33443483	33443483	0.0625	0.0634519	-0.0634519	0.0634519
8	Gm08_33443786	33443786	0.101974	-0.207898	0.207898	-0.207898
8	Gm08_33445258	33445258	0.0657895	0.0170147	-0.0170147	0.0170147
8	Gm08_33451647	33451647	0.0657895	0.0192816	-0.0192816	0.0192816
8	Gm08_33457309	33457309	0.0625	0.0660808	-0.0660808	0.0660808
8	Gm08_33459659	33459659	0.0657895	0.0179285	-0.0179285	0.0179285
8	Gm08_33462881	33462881	0.0625	0.0664621	-0.0664621	0.0664621
8	Gm08_33484916	33484916	0.223684	-0.361479	0.361479	-0.361479
8	Gm08_33589844	33589844	0.0690789	-0.0549844	0.0549844	-0.0549844
8	Gm08_33604936	33604936	0.0657895	-0.0106552	0.0106552	-0.0106552
8	Gm08_33667223	33667223	0.0625	0.030629	-0.030629	0.030629
8	Gm08_33679461	33679461	0.0625	0.0302113	-0.0302113	0.0302113
8	Gm08_33756313	33756313	0.0625	0.0262874	-0.0262874	0.0262874
8	Gm08_33776765	33776765	0.0625	0.0262874	-0.0262874	0.0262874
8	Gm08_33783246	33783246	0.0756579	-0.146849	0.146849	-0.146849
8	Gm08_33788798	33788798	0.0690789	-0.0657937	0.0657937	-0.0657937
8	Gm08_33789097	33789097	0.0690789	-0.0657937	0.0657937	-0.0657937
8	Gm08_33791617	33791617	0.0657895	-0.0201767	0.0201767	-0.0201767
8	Gm08_33798998	33798998	0.0657895	-0.0201767	0.0201767	-0.0201767
8	Gm08_33806270	33806270	0.0657895	-0.0204337	0.0204337	-0.0204337
8	Gm08_33861041	33861041	0.0690789	-0.0674878	0.0674878	-0.0674878
8	Gm08_33861688	33861688	0.0625	0.0244177	-0.0244177	0.0244177
8	Gm08_33861715	33861715	0.0625	0.0244177	-0.0244177	0.0244177
8	Gm08_33866552	33866552	0.0625	0.0244177	-0.0244177	0.0244177
8	Gm08_33871426	33871426	0.0657895	-0.024339	0.024339	-0.024339
8	Gm08_33910086	33910086	0.0657895	-0.0251588	0.0251588	-0.0251588
8	Gm08_33910308	33910308	0.0986842	0.172813	-0.172813	0.172813
8	Gm08_33920253	33920253	0.0657895	-0.0214396	0.0214396	-0.0214396
8	Gm08_33940182	33940182	0.0690789	-0.0680588	0.0680588	-0.0680588
8	Gm08_33942129	33942129	0.0625	-0.00392518	0.00392518	-0.00392518
8	Gm08_33947735	33947735	0.0625	-0.000589287	0.000589287	-0.000589287
8	Gm08_33947740	33947740	0.0625	-0.000589287	0.000589287	-0.000589287
8	Gm08_33947963	33947963	0.0690789	-0.0945654	0.0945654	-0.0945654
8	Gm08_34008540	34008540	0.0625	-0.00189599	0.00189599	-0.00189599
8	Gm08_34008744	34008744	0.0625	-0.00189599	0.00189599	-0.00189599
8	Gm08_34025114	34025114	0.0657895	-0.0506962	0.0506962	-0.0506962
8	Gm08_34026998	34026998	0.0625	-0.00249206	0.00249206	-0.00249206
8	Gm08_34028378	34028378	0.0657895	-0.0503084	0.0503084	-0.0503084
8	Gm08_34028448	34028448	0.0657895	-0.0503084	0.0503084	-0.0503084
8	Gm08_34039217	34039217	0.0657895	-0.0508833	0.0508833	-0.0508833
8	Gm08_34040728	34040728	0.0690789	-0.0958544	0.0958544	-0.0958544
8	Gm08_34043684	34043684	0.0657895	-0.0503483	0.0503483	-0.0503483
8	Gm08_34104982	34104982	0.0657895	-0.0511883	0.0511883	-0.0511883
8	Gm08_34105164	34105164	0.0657895	-0.0511883	0.0511883	-0.0511883
8	Gm08_34107025	34107025	0.0625	-0.00393101	0.00393101	-0.00393101
8	Gm08_34107229	34107229	0.0625	-0.00396791	0.00396791	-0.00396791
8	Gm08_34111081	34111081	0.0657895	-0.0525673	0.0525673	-0.0525673
8	Gm08_34165406	34165406	0.0625	-0.011476	0.011476	-0.011476
8	Gm08_34165724	34165724	0.0657895	-0.0602414	0.0602414	-0.0602414
8	Gm08_34165732	34165732	0.0625	-0.0114369	0.0114369	-0.0114369
8	Gm08_34166122	34166122	0.0657895	-0.0525442	0.0525442	-0.0525442
8	Gm08_34246905	34246905	0.0690789	-0.0972236	0.0972236	-0.0972236
8	Gm08_34249030	34249030	0.0690789	-0.0925449	0.0925449	-0.0925449
8	Gm08_34249588	34249588	0.0690789	-0.0925449	0.0925449	-0.0925449
8	Gm08_34249609	34249609	0.0625	-0.00155333	0.00155333	-0.00155333
8	Gm08_34249820	34249820	0.0986842	0.184658	-0.184658	0.184658
8	Gm08_34250105	34250105	0.0625	-0.034649	0.034649	-0.034649
8	Gm08_34254558	34254558	0.0789474	-0.246804	0.246804	-0.246804
8	Gm08_34278195	34278195	0.0625	-0.0330204	0.0330204	-0.0330204
8	Gm08_34279515	34279515	0.0690789	-0.122754	0.122754	-0.122754
8	Gm08_34348064	34348064	0.0657895	-0.0803621	0.0803621	-0.0803621
8	Gm08_34378455	34378455	0.0657895	-0.0782872	0.0782872	-0.0782872
8	Gm08_34386917	34386917	0.111842	-0.321007	0.321007	-0.321007
8	Gm08_34386971	34386971	0.111842	-0.321007	0.321007	-0.321007
8	Gm08_34466482	34466482	0.105263	-0.295359	0.295359	-0.295359
8	Gm08_34466527	34466527	0.108553	-0.322949	0.322949	-0.322949
8	Gm08_34466707	34466707	0.0657895	-0.0778496	0.0778496	-0.0778496
8	Gm08_34484572	34484572	0.111842	-0.320948	0.320948	-0.320948
8	Gm08_34491073	34491073	0.115132	-0.345419	0.345419	-0.345419
8	Gm08_34516843	34516843	0.0690789	-0.128169	0.128169	-0.128169
8	Gm08_34516874	34516874	0.0625	-0.0465996	0.0465996	-0.0465996
8	Gm08_34564134	34564134	0.0723684	-0.176736	0.176736	-0.176736
8	Gm08_34571073	34571073	0.0657895	-0.0931048	0.0931048	-0.0931048
8	Gm08_34583451	34583451	0.0625	-0.0446724	0.0446724	-0.0446724
8	Gm08_34583467	34583467	0.0625	-0.0446724	0.0446724	-0.0446724
8	Gm08_34584747	34584747	0.0657895	-0.0926548	0.0926548	-0.0926548
8	Gm08_34584788	34584788	0.0723684	-0.177874	0.177874	-0.177874
8	Gm08_34599028	34599028	0.0657895	-0.0919837	0.0919837	-0.0919837
8	Gm08_34605030	34605030	0.0690789	-0.133862	0.133862	-0.133862
8	Gm08_34605046	34605046	0.0690789	-0.133862	0.133862	-0.133862
8	Gm08_34605253	34605253	0.0625	-0.0436743	0.0436743	-0.0436743
8	Gm08_34639772	34639772	0.0625	-0.0436743	0.0436743	-0.0436743
8	Gm08_34644011	34644011	0.0690789	-0.130687	0.130687	-0.130687
8	Gm08_34644040	34644040	0.0690789	-0.130687	0.130687	-0.130687
8	Gm08_34684867	34684867	0.0690789	-0.130119	0.130119	-0.130119
8	Gm08_34685098	34685098	0.0690789	-0.130119	0.130119	-0.130119
8	Gm08_34686660	34686660	0.0625	-0.0430215	0.0430215	-0.0430215
8	Gm08_34687648	34687648	0.167763	-0.0481633	0.0481633	-0.0481633
8	Gm08_34701147	34701147	0.0625	0.0241647	-0.0241647	0.0241647
8	Gm08_34701152	34701152	0.0625	0.0241647	-0.0241647	0.0241647
8	Gm08_34710203	34710203	0.0625	0.0241647	-0.0241647	0.0241647
8	Gm08_34711012	34711012	0.0723684	-0.109903	0.109903	-0.109903
8	Gm08_34711018	34711018	0.0723684	-0.109903	0.109903	-0.109903
8	Gm08_34713308	34713308	0.0690789	-0.0657211	0.0657211	-0.0657211
8	Gm08_34713454	34713454	0.0690789	-0.0657211	0.0657211	-0.0657211
8	Gm08_34713505	34713505	0.0625	0.0246838	-0.0246838	0.0246838
8	Gm08_34713726	34713726	0.0690789	-0.0659764	0.0659764	-0.0659764
8	Gm08_34715965	34715965	0.0625	0.0167368	-0.0167368	0.0167368
8	Gm08_34716032	34716032	0.0690789	-0.0758019	0.0758019	-0.0758019
8	Gm08_34716048	34716048	0.0625	-0.0340737	0.0340737	-0.0340737
8	Gm08_34717080	34717080	0.0657895	-0.0204461	0.0204461	-0.0204461
8	Gm08_34717099	34717099	0.236842	-0.366472	0.366472	-0.366472
8	Gm08_34721042	34721042	0.0690789	-0.075319	0.075319	-0.075319
8	Gm08_34734068	34734068	0.0592105	0.0379536	-0.0379536	0.0379536
8	Gm08_34741536	34741536	0.0625	0.017149	-0.017149	0.017149
8	Gm08_34741551	34741551	0.0625	0.017149	-0.017149	0.017149
8	Gm08_34741792	34741792	0.0625	0.017149	-0.017149	0.017149
8	Gm08_34745919	34745919	0.0690789	-0.072475	0.072475	-0.072475
8	Gm08_34746217	34746217	0.0690789	-0.072475	0.072475	-0.072475
8	Gm08_34746350	34746350	0.0657895	-0.0268842	0.0268842	-0.0268842
8	Gm08_34751920	34751920	0.108553	0.238353	-0.238353	0.238353
8	Gm08_34787207	34787207	0.0756579	-0.135707	0.135707	-0.135707
8	Gm08_34799521	34799521	0.0592105	0.0780087	-0.0780087	0.0780087
8	Gm08_34804436	34804436	0.0756579	-0.125991	0.125991	-0.125991
8	Gm08_34804474	34804474	0.0690789	-0.0442086	0.0442086	-0.0442086
8	Gm08_34804653	34804653	0.236842	-0.360178	0.360178	-0.360178
8	Gm08_34804660	34804660	0.0690789	-0.0373114	0.0373114	-0.0373114
8	Gm08_34815385	34815385	0.0657895	0.0086175	-0.0086175	0.0086175
8	Gm08_34815429	34815429	0.0657895	0.0086175	-0.0086175	0.0086175
8	Gm08_34829798	34829798	0.0723684	-0.0416244	0.0416244	-0.0416244
8	Gm08_34832682	34832682	0.0723684	-0.0416244	0.0416244	-0.0416244
8	Gm08_34832694	34832694	0.0756579	-0.0811004	0.0811004	-0.0811004
8	Gm08_34836589	34836589	0.0690789	-0.00028574	0.00028574	-0.00028574
8	Gm08_34836594	34836594	0.0690789	-0.00028574	0.00028574	-0.00028574
8	Gm08_34836799	34836799	0.167763	-0.0341728	0.0341728	-0.0341728
8	Gm08_34836830	34836830	0.0690789	0.0087412	-0.0087412	0.0087412
8	Gm08_34837096	34837096	0.0723684	-0.0355769	0.0355769	-0.0355769
8	Gm08_34837127	34837127	0.0756579	-0.0752034	0.0752034	-0.0752034
8	Gm08_34837504	34837504	0.0690789	0.00830033	-0.00830033	0.00830033
8	Gm08_34842559	34842559	0.0690789	0.00553266	-0.00553266	0.00553266
8	Gm08_34842919	34842919	0.0690789	0.00553266	-0.00553266	0.00553266
8	Gm08_34853145	34853145	0.167763	-0.044882	0.044882	-0.044882
8	Gm08_34861529	34861529	0.0526316	0.146623	-0.146623	0.146623
8	Gm08_34867718	34867718	0.171053	-0.145689	0.145689	-0.145689
8	Gm08_34867939	34867939	0.0526316	0.144528	-0.144528	0.144528
8	Gm08_34869577	34869577	0.0526316	0.144528	-0.144528	0.144528
8	Gm08_34869640	34869640	0.0526316	0.144528	-0.144528	0.144528
8	Gm08_34869737	34869737	0.0526316	0.144528	-0.144528	0.144528
8	Gm08_34872198	34872198	0.0526316	0.1442	-0.1442	0.1442
8	Gm08_34877545	34877545	0.0526316	0.1442	-0.1442	0.1442
8	Gm08_34889168	34889168	0.108553	0.194685	-0.194685	0.194685
8	Gm08_34889408	34889408	0.0526316	0.145778	-0.145778	0.145778
8	Gm08_34907081	34907081	0.118421	0.140355	-0.140355	0.140355
8	Gm08_34907382	34907382	0.118421	0.140355	-0.140355	0.140355
8	Gm08_34918389	34918389	0.0657895	0.0343849	-0.0343849	0.0343849
8	Gm08_34918422	34918422	0.118421	0.139521	-0.139521	0.139521
8	Gm08_34918558	34918558	0.0526316	0.140512	-0.140512	0.140512
8	Gm08_34918610	34918610	0.171053	-0.165876	0.165876	-0.165876
8	Gm08_34921514	34921514	0.118421	0.138736	-0.138736	0.138736
8	Gm08_34921606	34921606	0.118421	0.138736	-0.138736	0.138736
8	Gm08_34926692	34926692	0.118421	0.138736	-0.138736	0.138736
8	Gm08_34939024	34939024	0.0526316	0.133811	-0.133811	0.133811
8	Gm08_34939066	34939066	0.171053	-0.168354	0.168354	-0.168354
8	Gm08_34939307	34939307	0.118421	0.139039	-0.139039	0.139039
8	Gm08_34945834	34945834	0.118421	0.136527	-0.136527	0.136527
8	Gm08_34947933	34947933	0.118421	0.135915	-0.135915	0.135915
8	Gm08_34947943	34947943	0.118421	0.135915	-0.135915	0.135915
8	Gm08_34948495	34948495	0.0526316	0.126396	-0.126396	0.126396
8	Gm08_34971194	34971194	0.171053	-0.0878025	0.0878025	-0.0878025
8	Gm08_34971432	34971432	0.0657895	0.0260522	-0.0260522	0.0260522
8	Gm08_34980034	34980034	0.0625	0.0396203	-0.0396203	0.0396203
8	Gm08_34984922	34984922	0.171053	-0.0847688	0.0847688	-0.0847688
8	Gm08_34984931	34984931	0.171053	-0.0847688	0.0847688	-0.0847688
8	Gm08_34990148	34990148	0.167763	-0.0765341	0.0765341	-0.0765341
8	Gm08_34990163	34990163	0.167763	-0.0765341	0.0765341	-0.0765341
8	Gm08_35016031	35016031	0.233553	-0.376004	0.376004	-0.376004
8	Gm08_35016267	35016267	0.167763	-0.0842319	0.0842319	-0.0842319
8	Gm08_35031923	35031923	0.236842	-0.380369	0.380369	-0.380369
8	Gm08_35055361	35055361	0.0723684	-0.0818402	0.0818402	-0.0818402
8	Gm08_35107205	35107205	0.0690789	-0.0434734	0.0434734	-0.0434734
8	Gm08_35108497	35108497	0.0723684	-0.0839589	0.0839589	-0.0839589
8	Gm08_35142991	35142991	0.0657895	-0.0482989	0.0482989	-0.0482989
8	Gm08_35292078	35292078	0.25	-0.408844	0.408844	-0.408844
8	Gm08_35297660	35297660	0.263158	-0.457763	0.457763	-0.457763
8	Gm08_40375262	40375262	0.138158	-0.142389	0.142389	-0.142389
8	Gm08_40402983	40402983	0.138158	-0.142119	0.142119	-0.142119
8	Gm08_40416213	40416213	0.151316	-0.222166	0.222166	-0.222166
8	Gm08_40416282	40416282	0.144737	-0.190329	0.190329	-0.190329
8	Gm08_40416449	40416449	0.0559211	-0.12458	0.12458	-0.12458
8	Gm08_40420203	40420203	0.174342	-0.290009	0.290009	-0.290009
8	Gm08_40435255	40435255	0.131579	-0.0476228	0.0476228	-0.0476228
8	Gm08_40436923	40436923	0.131579	-0.0476228	0.0476228	-0.0476228
8	Gm08_40444339	40444339	0.131579	-0.0476228	0.0476228	-0.0476228
8	Gm08_40497600	40497600	0.121711	0.157166	-0.157166	0.157166
8	Gm08_40520266	40520266	0.131579	0.0822208	-0.0822208	0.0822208
8	Gm08_40566482	40566482	0.121711	0.152569	-0.152569	0.152569
8	Gm08_40588795	40588795	0.138158	-0.0411289	0.0411289	-0.0411289
8	Gm08_40588945	40588945	0.138158	-0.0411289	0.0411289	-0.0411289
8	Gm08_40590015	40590015	0.121711	0.16549	-0.16549	0.16549
8	Gm08_40590547	40590547	0.138158	-0.0410532	0.0410532	-0.0410532
8	Gm08_40590569	40590569	0.138158	-0.0410532	0.0410532	-0.0410532
8	Gm08_40612604	40612604	0.121711	0.163451	-0.163451	0.163451
8	Gm08_40612933	40612933	0.259868	-0.372022	0.372022	-0.372022
8	Gm08_40615812	40615812	0.121711	0.164506	-0.164506	0.164506
8	Gm08_40615860	40615860	0.121711	0.164506	-0.164506	0.164506
8	Gm08_40622965	40622965	0.256579	-0.350205	0.350205	-0.350205
8	Gm08_40638434	40638434	0.167763	-0.126221	0.126221	-0.126221
8	Gm08_40670589	40670589	0.0888158	-0.262941	0.262941	-0.262941
8	Gm08_40729831	40729831	0.0855263	-0.232891	0.232891	-0.232891
8	Gm08_40735506	40735506	0.0888158	-0.266725	0.266725	-0.266725
8	Gm08_40735550	40735550	0.0888158	-0.266725	0.266725	-0.266725
8	Gm08_40758124	40758124	0.0888158	-0.26489	0.26489	-0.26489
8	Gm08_40758319	40758319	0.0888158	-0.26489	0.26489	-0.26489
8	Gm08_40767860	40767860	0.184211	-0.331323	0.331323	-0.331323
8	Gm08_40767883	40767883	0.184211	-0.331323	0.331323	-0.331323
8	Gm08_40776942	40776942	0.0953947	0.215031	-0.215031	0.215031
8	Gm08_40776990	40776990	0.0855263	-0.221904	0.221904	-0.221904
8	Gm08_40880931	40880931	0.259868	-0.356858	0.356858	-0.356858
8	Gm08_40880982	40880982	0.259868	-0.356858	0.356858	-0.356858
8	Gm08_40883090	40883090	0.25	-0.322948	0.322948	-0.322948
8	Gm08_40883102	40883102	0.25	-0.322948	0.322948	-0.322948
8	Gm08_40904677	40904677	0.118421	0.184368	-0.184368	0.184368
8	Gm08_40917341	40917341	0.220395	-0.206657	0.206657	-0.206657
8	Gm08_40917500	40917500	0.220395	-0.206657	0.206657	-0.206657
8	Gm08_40917516	40917516	0.220395	-0.206657	0.206657	-0.206657
8	Gm08_40919705	40919705	0.259868	-0.367804	0.367804	-0.367804
8	Gm08_40919882	40919882	0.266447	-0.393272	0.393272	-0.393272
8	Gm08_40957336	40957336	0.322368	-0.23213	0.23213	-0.23213
8	Gm08_40957686	40957686	0.332237	-0.268713	0.268713	-0.268713
8	Gm08_40958813	40958813	0.289474	-0.11241	0.11241	-0.11241
8	Gm08_40958857	40958857	0.286184	-0.0986128	0.0986128	-0.0986128
8	Gm08_40958964	40958964	0.286184	-0.0986128	0.0986128	-0.0986128
8	Gm08_40959000	40959000	0.286184	-0.0986128	0.0986128	-0.0986128
8	Gm08_40959030	40959030	0.286184	-0.0986128	0.0986128	-0.0986128
8	Gm08_40976599	40976599	0.138158	0.196886	-0.196886	0.196886
8	Gm08_40994805	40994805	0.332237	-0.284584	0.284584	-0.284584
8	Gm08_40998852	40998852	0.332237	-0.284584	0.284584	-0.284584
8	Gm08_40998905	40998905	0.0953947	0.364088	-0.364088	0.364088
8	Gm08_40999198	40999198	0.230263	-0.000963069	0.000963069	-0.000963069
8	Gm08_40999228	40999228	0.332237	-0.300566	0.300566	-0.300566
8	Gm08_41008837	41008837	0.328947	-0.294435	0.294435	-0.294435
8	Gm08_41071602	41071602	0.259868	-0.0656616	0.0656616	-0.0656616
8	Gm08_41072741	41072741	0.259868	-0.0656616	0.0656616	-0.0656616
8	Gm08_41072968	41072968	0.263158	-0.0799079	0.0799079	-0.0799079
8	Gm08_41082493	41082493	0.161184	0.293053	-0.293053	0.293053
8	Gm08_41113298	41113298	0.125	0.165536	-0.165536	0.165536
8	Gm08_41151993	41151993	0.450658	-0.529056	0.529056	-0.529056
8	Gm08_41152035	41152035	0.450658	-0.529056	0.529056	-0.529056
8	Gm08_41152185	41152185	0.450658	-0.529056	0.529056	-0.529056
8	Gm08_41170350	41170350	0.230263	-0.0548046	0.0548046	-0.0548046
8	Gm08_41181757	41181757	0.167763	0.283824	-0.283824	0.283824
8	Gm08_41182073	41182073	0.230263	-0.0506332	0.0506332	-0.0506332
8	Gm08_41182088	41182088	0.167763	0.283697	-0.283697	0.283697
8	Gm08_41186715	41186715	0.230263	-0.0526571	0.0526571	-0.0526571
8	Gm08_41192814	41192814	0.171053	0.194584	-0.194584	0.194584
8	Gm08_41300382	41300382	0.171053	0.187774	-0.187774	0.187774
8	Gm08_41300403	41300403	0.167763	0.207119	-0.207119	0.207119
8	Gm08_41306462	41306462	0.223684	-0.0691371	0.0691371	-0.0691371
8	Gm08_41389933	41389933	0.141447	0.256348	-0.256348	0.256348
8	Gm08_41391445	41391445	0.174342	0.0752205	-0.0752205	0.0752205
8	Gm08_41391652	41391652	0.174342	0.0752205	-0.0752205	0.0752205
8	Gm08_41421060	41421060	0.220395	-0.141583	0.141583	-0.141583
8	Gm08_41449080	41449080	0.1875	0.0106014	-0.0106014	0.0106014
8	Gm08_41449449	41449449	0.1875	0.0106014	-0.0106014	0.0106014
8	Gm08_41449869	41449869	0.157895	0.169244	-0.169244	0.169244
8	Gm08_41481256	41481256	0.1875	0.00400461	-0.00400461	0.00400461
8	Gm08_41501325	41501325	0.1875	0.0145871	-0.0145871	0.0145871
8	Gm08_41501612	41501612	0.1875	0.0145871	-0.0145871	0.0145871
8	Gm08_41503899	41503899	0.1875	0.0145871	-0.0145871	0.0145871
8	Gm08_41511905	41511905	0.174342	0.0766646	-0.0766646	0.0766646
8	Gm08_41517834	41517834	0.0625	0.0573727	-0.0573727	0.0573727
8	Gm08_41518073	41518073	0.154605	0.175571	-0.175571	0.175571
8	Gm08_41521944	41521944	0.151316	0.196294	-0.196294	0.196294
8	Gm08_41539931	41539931	0.144737	0.245019	-0.245019	0.245019
8	Gm08_41554478	41554478	0.0986842	0.238532	-0.238532	0.238532
8	Gm08_41554499	41554499	0.151316	0.235767	-0.235767	0.235767
8	Gm08_41554535	41554535	0.25	-0.157344	0.157344	-0.157344
8	Gm08_41561327	41561327	0.164474	0.151215	-0.151215	0.151215
8	Gm08_41561338	41561338	0.164474	0.151215	-0.151215	0.151215
8	Gm08_41566091	41566091	0.144737	0.278041	-0.278041	0.278041
8	Gm08_41567703	41567703	0.144737	0.277123	-0.277123	0.277123
8	Gm08_41568151	41568151	0.148026	0.254069	-0.254069	0.254069
8	Gm08_41568329	41568329	0.144737	0.277152	-0.277152	0.277152
8	Gm08_41568340	41568340	0.144737	0.277152	-0.277152	0.277152
8	Gm08_41568481	41568481	0.144737	0.277152	-0.277152	0.277152
8	Gm08_41569555	41569555	0.157895	0.189369	-0.189369	0.189369
8	Gm08_41569580	41569580	0.144737	0.27724	-0.27724	0.27724
8	Gm08_41569627	41569627	0.164474	0.149588	-0.149588	0.149588
8	Gm08_41582869	41582869	0.105263	0.178428	-0.178428	0.178428
8	Gm08_41623949	41623949	0.141447	0.285011	-0.285011	0.285011
8	Gm08_41682767	41682767	0.0921053	0.276928	-0.276928	0.276928
8	Gm08_41718110	41718110	0.0921053	0.276928	-0.276928	0.276928
8	Gm08_41719184	41719184	0.348684	0.0870452	-0.0870452	0.0870452
8	Gm08_41758019	41758019	0.338816	0.118097	-0.118097	0.118097
8	Gm08_41758456	41758456	0.345395	0.103738	-0.103738	0.103738
8	Gm08_41758486	41758486	0.4375	-0.158873	0.158873	-0.158873
8	Gm08_41787555	41787555	0.4375	-0.156885	0.156885	-0.156885
8	Gm08_41791228	41791228	0.447368	-0.178705	0.178705	-0.178705
8	Gm08_41806820	41806820	0.0921053	0.42772	-0.42772	0.42772
8	Gm08_41818221	41818221	0.417763	-0.0946866	0.0946866	-0.0946866
8	Gm08_41872042	41872042	0.0723684	0.256465	-0.256465	0.256465
8	Gm08_41872054	41872054	0.273026	0.284229	-0.284229	0.284229
8	Gm08_41900946	41900946	0.345395	0.0265952	-0.0265952	0.0265952
8	Gm08_41928841	41928841	0.276316	0.266793	-0.266793	0.266793
8	Gm08_41929078	41929078	0.273026	0.280519	-0.280519	0.280519
8	Gm08_41977104	41977104	0.473684	0.144277	-0.144277	0.144277
8	Gm08_41977134	41977134	0.378289	0.415362	-0.415362	0.415362
8	Gm08_41977144	41977144	0.378289	0.415362	-0.415362	0.415362
8	Gm08_41980187	41980187	0.470395	0.137492	-0.137492	0.137492
8	Gm08_41980192	41980192	0.0888158	0.442266	-0.442266	0.442266
8	Gm08_41999277	41999277	0.0986842	0.354472	-0.354472	0.354472
8	Gm08_42026048	42026048	0.0921053	0.419201	-0.419201	0.419201
8	Gm08_42030098	42030098	0.414474	0.270222	-0.270222	0.270222
8	Gm08_42130886	42130886	0.378289	0.356789	-0.356789	0.356789
8	Gm08_42189208	42189208	0.299342	0.405377	-0.405377	0.405377
8	Gm08_42189479	42189479	0.299342	0.405377	-0.405377	0.405377
8	Gm08_42189519	42189519	0.299342	0.405377	-0.405377	0.405377
8	Gm08_42200505	42200505	0.299342	0.403936	-0.403936	0.403936
8	Gm08_42218397	42218397	0.180921	-0.0468544	0.0468544	-0.0468544
8	Gm08_42220455	42220455	0.164474	0.0319687	-0.0319687	0.0319687
8	Gm08_42220475	42220475	0.161184	0.0509798	-0.0509798	0.0509798
8	Gm08_42226571	42226571	0.157895	0.0737488	-0.0737488	0.0737488
8	Gm08_42226825	42226825	0.157895	0.0737488	-0.0737488	0.0737488
8	Gm08_42226848	42226848	0.157895	0.0737488	-0.0737488	0.0737488
8	Gm08_42226871	42226871	0.157895	0.0737488	-0.0737488	0.0737488
8	Gm08_42315406	42315406	0.1875	-0.0705916	0.0705916	-0.0705916
8	Gm08_42366347	42366347	0.0723684	0.145282	-0.145282	0.145282
8	Gm08_42366640	42366640	0.144737	0.528318	-0.528318	0.528318
8	Gm08_42366647	42366647	0.332237	-0.182447	0.182447	-0.182447
8	Gm08_42387451	42387451	0.105263	0.393766	-0.393766	0.393766
8	Gm08_42390361	42390361	0.328947	-0.173304	0.173304	-0.173304
8	Gm08_42390911	42390911	0.111842	0.314204	-0.314204	0.314204
8	Gm08_42391142	42391142	0.111842	0.314204	-0.314204	0.314204
8	Gm08_42399244	42399244	0.115132	0.294327	-0.294327	0.294327
8	Gm08_42428465	42428465	0.0855263	0.0348876	-0.0348876	0.0348876
8	Gm08_42489097	42489097	0.309211	0.289926	-0.289926	0.289926
8	Gm08_42490104	42490104	0.335526	0.202287	-0.202287	0.202287
8	Gm08_42493581	42493581	0.309211	0.296071	-0.296071	0.296071
8	Gm08_42530693	42530693	0.292763	0.345079	-0.345079	0.345079
8	Gm08_42530930	42530930	0.473684	-0.0457196	0.0457196	-0.0457196
8	Gm08_42531410	42531410	0.292763	0.377977	-0.377977	0.377977
8	Gm08_42538076	42538076	0.292763	0.372359	-0.372359	0.372359
8	Gm08_42587137	42587137	0.490132	-0.0763003	0.0763003	-0.0763003
8	Gm08_42611613	42611613	0.292763	0.359047	-0.359047	0.359047
8	Gm08_42737575	42737575	0.233553	0.24103	-0.24103	0.24103
8	Gm08_42752500	42752500	0.493421	-0.0799208	0.0799208	-0.0799208
8	Gm08_42776261	42776261	0.414474	0.199044	-0.199044	0.199044
8	Gm08_42786851	42786851	0.25	0.22441	-0.22441	0.22441
8	Gm08_42822131	42822131	0.325658	0.401769	-0.401769	0.401769
8	Gm08_42822169	42822169	0.404605	0.244821	-0.244821	0.244821
8	Gm08_42833347	42833347	0.164474	0.476666	-0.476666	0.476666
8	Gm08_42975928	42975928	0.230263	0.199586	-0.199586	0.199586
8	Gm08_45241690	45241690	0.167763	0.362614	-0.362614	0.362614
8	Gm08_45255932	45255932	0.332237	0.245189	-0.245189	0.245189
8	Gm08_45256202	45256202	0.398026	0.379461	-0.379461	0.379461
8	Gm08_45265412	45265412	0.361842	0.311436	-0.311436	0.311436
8	Gm08_45265439	45265439	0.361842	0.311436	-0.311436	0.311436
8	Gm08_45265737	45265737	0.361842	0.311436	-0.311436	0.311436
8	Gm08_45265758	45265758	0.0690789	0.411514	-0.411514	0.411514
8	Gm08_45266141	45266141	0.361842	0.34173	-0.34173	0.34173
8	Gm08_45266178	45266178	0.361842	0.34173	-0.34173	0.34173
8	Gm08_45266276	45266276	0.174342	0.439868	-0.439868	0.439868
8	Gm08_45266281	45266281	0.361842	0.349168	-0.349168	0.349168
8	Gm08_45266324	45266324	0.361842	0.349168	-0.349168	0.349168
8	Gm08_45266349	45266349	0.361842	0.349168	-0.349168	0.349168
8	Gm08_45272104	45272104	0.171053	0.418951	-0.418951	0.418951
8	Gm08_45304233	45304233	0.394737	0.210065	-0.210065	0.210065
8	Gm08_45318076	45318076	0.355263	0.0601435	-0.0601435	0.0601435
8	Gm08_45332720	45332720	0.398026	-0.050153	0.050153	-0.050153
8	Gm08_45376083	45376083	0.184211	0.421266	-0.421266	0.421266
8	Gm08_45388333	45388333	0.1875	0.405674	-0.405674	0.405674
8	Gm08_45388368	45388368	0.1875	0.405674	-0.405674	0.405674
8	Gm08_45388393	45388393	0.1875	0.405674	-0.405674	0.405674
8	Gm08_45388952	45388952	0.184211	0.422426	-0.422426	0.422426
8	Gm08_45388965	45388965	0.184211	0.422426	-0.422426	0.422426
8	Gm08_45530255	45530255	0.361842	0.0158291	-0.0158291	0.0158291
8	Gm08_45639998	45639998	0.319079	-0.274447	0.274447	-0.274447
8	Gm08_45641342	45641342	0.315789	-0.263989	0.263989	-0.263989
8	Gm08_45641420	45641420	0.315789	-0.263989	0.263989	-0.263989
8	Gm08_45715912	45715912	0.0625	0.187811	-0.187811	0.187811
8	Gm08_45738287	45738287	0.180921	0.104201	-0.104201	0.104201
8	Gm08_45738345	45738345	0.180921	0.104201	-0.104201	0.104201
8	Gm08_45783660	45783660	0.177632	0.11445	-0.11445	0.11445
8	Gm08_45783693	45783693	0.177632	0.11445	-0.11445	0.11445
8	Gm08_45783699	45783699	0.177632	0.11445	-0.11445	0.11445
8	Gm08_45802199	45802199	0.167763	0.147467	-0.147467	0.147467
