****                   ADMIXTURE Version 1.4.0                  ****
****                    Copyright 2008-2025                     ****
****           David Alexander, Suyash Shringarpure,            ****
****                John Novembre, Ken Lange                    ****
****                                                            ****
****                 Please cite our paper!                     ****
****   Information at https://dalexander.github.io/admixture/   ****

Cross-validation will be performed.  Folds=5.
Random seed: 43
Point estimation method: Block relaxation algorithm
Convergence acceleration algorithm: QuasiNewton, 3 secant conditions
Point estimation will terminate when objective function delta < 0.0001
Estimation of standard errors disabled; will compute point estimates only.
Size of G: 304x3682
Performing five EM steps to prime main algorithm
1 (EM) 	Elapsed: 0.014	Loglikelihood: -1.09072e+06	(delta): 593974
2 (EM) 	Elapsed: 0.014	Loglikelihood: -1.05433e+06	(delta): 36384.3
3 (EM) 	Elapsed: 0.014	Loglikelihood: -1.04449e+06	(delta): 9841.17
4 (EM) 	Elapsed: 0.014	Loglikelihood: -1.03788e+06	(delta): 6612.26
5 (EM) 	Elapsed: 0.014	Loglikelihood: -1.0323e+06	(delta): 5574.72
Initial loglikelihood: -1.0323e+06
Starting main algorithm
1 (QN/Block) 	Elapsed: 0.078	Loglikelihood: -875361	(delta): 156944
2 (QN/Block) 	Elapsed: 0.079	Loglikelihood: -829989	(delta): 45372
3 (QN/Block) 	Elapsed: 0.094	Loglikelihood: -816063	(delta): 13925.8
4 (QN/Block) 	Elapsed: 0.114	Loglikelihood: -809795	(delta): 6268.02
5 (QN/Block) 	Elapsed: 0.102	Loglikelihood: -808148	(delta): 1646.5
6 (QN/Block) 	Elapsed: 0.1	Loglikelihood: -807678	(delta): 470.422
7 (QN/Block) 	Elapsed: 0.105	Loglikelihood: -807220	(delta): 457.588
8 (QN/Block) 	Elapsed: 0.1	Loglikelihood: -806643	(delta): 577.517
9 (QN/Block) 	Elapsed: 0.1	Loglikelihood: -805869	(delta): 774.056
10 (QN/Block) 	Elapsed: 0.107	Loglikelihood: -804861	(delta): 1007.4
11 (QN/Block) 	Elapsed: 0.092	Loglikelihood: -804130	(delta): 731.78
12 (QN/Block) 	Elapsed: 0.094	Loglikelihood: -803607	(delta): 522.591
13 (QN/Block) 	Elapsed: 0.093	Loglikelihood: -802951	(delta): 655.717
14 (QN/Block) 	Elapsed: 0.093	Loglikelihood: -801269	(delta): 1682.39
15 (QN/Block) 	Elapsed: 0.092	Loglikelihood: -799846	(delta): 1423.26
16 (QN/Block) 	Elapsed: 0.092	Loglikelihood: -799494	(delta): 351.168
17 (QN/Block) 	Elapsed: 0.094	Loglikelihood: -799432	(delta): 62.4973
18 (QN/Block) 	Elapsed: 0.093	Loglikelihood: -799418	(delta): 14.3805
19 (QN/Block) 	Elapsed: 0.099	Loglikelihood: -799414	(delta): 3.60224
20 (QN/Block) 	Elapsed: 0.108	Loglikelihood: -799413	(delta): 0.648265
21 (QN/Block) 	Elapsed: 0.093	Loglikelihood: -799413	(delta): 0.0920049
22 (QN/Block) 	Elapsed: 0.093	Loglikelihood: -799413	(delta): 0.0331869
23 (QN/Block) 	Elapsed: 0.094	Loglikelihood: -799413	(delta): 0.00333887
24 (QN/Block) 	Elapsed: 0.093	Loglikelihood: -799413	(delta): 0.000244348
25 (QN/Block) 	Elapsed: 0.093	Loglikelihood: -799413	(delta): 2.44426e-05
Summary: 
Converged in 25 iterations (2.709 sec)
Loglikelihood: -799413.194204
Fst divergences between estimated populations: 
	Pop0	Pop1	Pop2	Pop3	Pop4	
Pop0	
Pop1	0.430	
Pop2	0.523	0.379	
Pop3	0.545	0.357	0.525	
Pop4	0.372	0.286	0.375	0.415	
Pop5	0.532	0.467	0.567	0.595	0.408	
CV error (K=6): 0.75995
Writing output files.
