****                   ADMIXTURE Version 1.4.0                  ****
****                    Copyright 2008-2025                     ****
****           David Alexander, Suyash Shringarpure,            ****
****                John Novembre, Ken Lange                    ****
****                                                            ****
****                 Please cite our paper!                     ****
****   Information at https://dalexander.github.io/admixture/   ****

Cross-validation will be performed.  Folds=5.
Random seed: 43
Point estimation method: Block relaxation algorithm
Convergence acceleration algorithm: QuasiNewton, 3 secant conditions
Point estimation will terminate when objective function delta < 0.0001
Estimation of standard errors disabled; will compute point estimates only.
Size of G: 304x3682
Performing five EM steps to prime main algorithm
1 (EM) 	Elapsed: 0.016	Loglikelihood: -1.08975e+06	(delta): 582510
2 (EM) 	Elapsed: 0.015	Loglikelihood: -1.05353e+06	(delta): 36215.4
3 (EM) 	Elapsed: 0.015	Loglikelihood: -1.04392e+06	(delta): 9616.85
4 (EM) 	Elapsed: 0.015	Loglikelihood: -1.03744e+06	(delta): 6471.24
5 (EM) 	Elapsed: 0.015	Loglikelihood: -1.03195e+06	(delta): 5490.27
Initial loglikelihood: -1.03195e+06
Starting main algorithm
1 (QN/Block) 	Elapsed: 0.097	Loglikelihood: -858944	(delta): 173010
2 (QN/Block) 	Elapsed: 0.098	Loglikelihood: -820914	(delta): 38029.4
3 (QN/Block) 	Elapsed: 0.114	Loglikelihood: -807606	(delta): 13308.1
4 (QN/Block) 	Elapsed: 0.12	Loglikelihood: -794099	(delta): 13507.4
5 (QN/Block) 	Elapsed: 0.112	Loglikelihood: -787596	(delta): 6503.45
6 (QN/Block) 	Elapsed: 0.121	Loglikelihood: -785675	(delta): 1920.37
7 (QN/Block) 	Elapsed: 0.119	Loglikelihood: -784986	(delta): 689.175
8 (QN/Block) 	Elapsed: 0.127	Loglikelihood: -784397	(delta): 589.181
9 (QN/Block) 	Elapsed: 0.136	Loglikelihood: -783972	(delta): 424.927
10 (QN/Block) 	Elapsed: 0.113	Loglikelihood: -783426	(delta): 545.979
11 (QN/Block) 	Elapsed: 0.113	Loglikelihood: -783083	(delta): 342.819
12 (QN/Block) 	Elapsed: 0.113	Loglikelihood: -782877	(delta): 205.596
13 (QN/Block) 	Elapsed: 0.113	Loglikelihood: -782674	(delta): 203.121
14 (QN/Block) 	Elapsed: 0.112	Loglikelihood: -782494	(delta): 180.518
15 (QN/Block) 	Elapsed: 0.119	Loglikelihood: -782298	(delta): 195.968
16 (QN/Block) 	Elapsed: 0.113	Loglikelihood: -782134	(delta): 164.006
17 (QN/Block) 	Elapsed: 0.113	Loglikelihood: -781843	(delta): 291.156
18 (QN/Block) 	Elapsed: 0.114	Loglikelihood: -781768	(delta): 75.0761
19 (QN/Block) 	Elapsed: 0.112	Loglikelihood: -781750	(delta): 17.4947
20 (QN/Block) 	Elapsed: 0.113	Loglikelihood: -781746	(delta): 4.15595
21 (QN/Block) 	Elapsed: 0.112	Loglikelihood: -781746	(delta): 0.299648
22 (QN/Block) 	Elapsed: 0.112	Loglikelihood: -781746	(delta): 0.108943
23 (QN/Block) 	Elapsed: 0.112	Loglikelihood: -781746	(delta): 0.0161155
24 (QN/Block) 	Elapsed: 0.113	Loglikelihood: -781746	(delta): 0.00906858
25 (QN/Block) 	Elapsed: 0.112	Loglikelihood: -781746	(delta): 0.000538895
26 (QN/Block) 	Elapsed: 0.112	Loglikelihood: -781746	(delta): 0.000178958
27 (QN/Block) 	Elapsed: 0.112	Loglikelihood: -781746	(delta): 1.85998e-05
Summary: 
Converged in 27 iterations (3.423 sec)
Loglikelihood: -781745.545160
Fst divergences between estimated populations: 
	Pop0	Pop1	Pop2	Pop3	Pop4	Pop5	
Pop0	
Pop1	0.390	
Pop2	0.560	0.423	
Pop3	0.477	0.414	0.536	
Pop4	0.550	0.411	0.601	0.581	
Pop5	0.443	0.282	0.359	0.396	0.464	
Pop6	0.533	0.379	0.528	0.541	0.568	0.369	
CV error (K=7): 0.75312
Writing output files.
